[2022-11-16T14:34:06.015+0000] {taskinstance.py:1165} INFO - Dependencies all met for <TaskInstance: example_bash_operator.also_run_this scheduled__2022-11-15T00:00:00+00:00 [queued]>
[2022-11-16T14:34:06.051+0000] {taskinstance.py:1165} INFO - Dependencies all met for <TaskInstance: example_bash_operator.also_run_this scheduled__2022-11-15T00:00:00+00:00 [queued]>
[2022-11-16T14:34:06.052+0000] {taskinstance.py:1362} INFO - 
--------------------------------------------------------------------------------
[2022-11-16T14:34:06.052+0000] {taskinstance.py:1363} INFO - Starting attempt 1 of 1
[2022-11-16T14:34:06.052+0000] {taskinstance.py:1364} INFO - 
--------------------------------------------------------------------------------
[2022-11-16T14:34:06.138+0000] {taskinstance.py:1383} INFO - Executing <Task(BashOperator): also_run_this> on 2022-11-15 00:00:00+00:00
[2022-11-16T14:34:06.163+0000] {standard_task_runner.py:55} INFO - Started process 2533 to run task
[2022-11-16T14:34:06.182+0000] {standard_task_runner.py:82} INFO - Running: ['***', 'tasks', 'run', 'example_bash_operator', 'also_run_this', 'scheduled__2022-11-15T00:00:00+00:00', '--job-id', '7', '--raw', '--subdir', '/home/***/.local/lib/python3.7/site-packages/***/example_dags/example_bash_operator.py', '--cfg-path', '/tmp/tmpobu4amkc']
[2022-11-16T14:34:06.186+0000] {standard_task_runner.py:83} INFO - Job 7: Subtask also_run_this
[2022-11-16T14:34:06.460+0000] {task_command.py:376} INFO - Running <TaskInstance: example_bash_operator.also_run_this scheduled__2022-11-15T00:00:00+00:00 [running]> on host a63a6c6a0ad2
[2022-11-16T14:34:06.743+0000] {taskinstance.py:1592} INFO - Exporting the following env vars:
AIRFLOW_CTX_DAG_OWNER=***
AIRFLOW_CTX_DAG_ID=example_bash_operator
AIRFLOW_CTX_TASK_ID=also_run_this
AIRFLOW_CTX_EXECUTION_DATE=2022-11-15T00:00:00+00:00
AIRFLOW_CTX_TRY_NUMBER=1
AIRFLOW_CTX_DAG_RUN_ID=scheduled__2022-11-15T00:00:00+00:00
[2022-11-16T14:34:06.744+0000] {subprocess.py:63} INFO - Tmp dir root location: 
 /tmp
[2022-11-16T14:34:06.749+0000] {subprocess.py:75} INFO - Running command: ['/bin/bash', '-c', 'echo "ti_key=example_bash_operator__also_run_this__20221115"']
[2022-11-16T14:34:06.792+0000] {subprocess.py:86} INFO - Output:
[2022-11-16T14:34:06.796+0000] {subprocess.py:93} INFO - ti_key=example_bash_operator__also_run_this__20221115
[2022-11-16T14:34:06.797+0000] {subprocess.py:97} INFO - Command exited with return code 0
[2022-11-16T14:34:06.849+0000] {taskinstance.py:1406} INFO - Marking task as SUCCESS. dag_id=example_bash_operator, task_id=also_run_this, execution_date=20221115T000000, start_date=20221116T143406, end_date=20221116T143406
[2022-11-16T14:34:06.915+0000] {local_task_job.py:159} INFO - Task exited with return code 0
[2022-11-16T14:34:06.959+0000] {taskinstance.py:2623} INFO - 0 downstream tasks scheduled from follow-on schedule check
