[2022-11-17T12:03:51.658+0000] {taskinstance.py:1165} INFO - Dependencies all met for <TaskInstance: first_python_dag_v6.greet manual__2022-11-17T12:03:48.451773+00:00 [queued]>
[2022-11-17T12:03:51.671+0000] {taskinstance.py:1165} INFO - Dependencies all met for <TaskInstance: first_python_dag_v6.greet manual__2022-11-17T12:03:48.451773+00:00 [queued]>
[2022-11-17T12:03:51.671+0000] {taskinstance.py:1362} INFO - 
--------------------------------------------------------------------------------
[2022-11-17T12:03:51.671+0000] {taskinstance.py:1363} INFO - Starting attempt 1 of 6
[2022-11-17T12:03:51.672+0000] {taskinstance.py:1364} INFO - 
--------------------------------------------------------------------------------
[2022-11-17T12:03:51.691+0000] {taskinstance.py:1383} INFO - Executing <Task(PythonOperator): greet> on 2022-11-17 12:03:48.451773+00:00
[2022-11-17T12:03:51.696+0000] {standard_task_runner.py:55} INFO - Started process 12103 to run task
[2022-11-17T12:03:51.699+0000] {standard_task_runner.py:82} INFO - Running: ['***', 'tasks', 'run', 'first_python_dag_v6', 'greet', 'manual__2022-11-17T12:03:48.451773+00:00', '--job-id', '20', '--raw', '--subdir', 'DAGS_FOLDER/python_dag.py', '--cfg-path', '/tmp/tmplf2lnzuz']
[2022-11-17T12:03:51.702+0000] {standard_task_runner.py:83} INFO - Job 20: Subtask greet
[2022-11-17T12:03:51.774+0000] {task_command.py:376} INFO - Running <TaskInstance: first_python_dag_v6.greet manual__2022-11-17T12:03:48.451773+00:00 [running]> on host 40055b85ab48
[2022-11-17T12:03:51.864+0000] {taskinstance.py:1592} INFO - Exporting the following env vars:
AIRFLOW_CTX_DAG_OWNER=coder2j
AIRFLOW_CTX_DAG_ID=first_python_dag_v6
AIRFLOW_CTX_TASK_ID=greet
AIRFLOW_CTX_EXECUTION_DATE=2022-11-17T12:03:48.451773+00:00
AIRFLOW_CTX_TRY_NUMBER=1
AIRFLOW_CTX_DAG_RUN_ID=manual__2022-11-17T12:03:48.451773+00:00
[2022-11-17T12:03:51.899+0000] {logging_mixin.py:137} INFO - Hello World! My name is Jonny Griffiths, and i am 28 years old!
[2022-11-17T12:03:51.899+0000] {python.py:177} INFO - Done. Returned value was: None
[2022-11-17T12:03:51.911+0000] {taskinstance.py:1406} INFO - Marking task as SUCCESS. dag_id=first_python_dag_v6, task_id=greet, execution_date=20221117T120348, start_date=20221117T120351, end_date=20221117T120351
[2022-11-17T12:03:51.951+0000] {local_task_job.py:159} INFO - Task exited with return code 0
[2022-11-17T12:03:51.975+0000] {taskinstance.py:2623} INFO - 0 downstream tasks scheduled from follow-on schedule check
