[2022-11-17T15:27:04.246+0000] {taskinstance.py:1165} INFO - Dependencies all met for <TaskInstance: dag_cron_expression_v1.Task1 manual__2022-11-17T15:27:02.657335+00:00 [queued]>
[2022-11-17T15:27:04.268+0000] {taskinstance.py:1165} INFO - Dependencies all met for <TaskInstance: dag_cron_expression_v1.Task1 manual__2022-11-17T15:27:02.657335+00:00 [queued]>
[2022-11-17T15:27:04.269+0000] {taskinstance.py:1362} INFO - 
--------------------------------------------------------------------------------
[2022-11-17T15:27:04.269+0000] {taskinstance.py:1363} INFO - Starting attempt 1 of 6
[2022-11-17T15:27:04.269+0000] {taskinstance.py:1364} INFO - 
--------------------------------------------------------------------------------
[2022-11-17T15:27:04.298+0000] {taskinstance.py:1383} INFO - Executing <Task(BashOperator): Task1> on 2022-11-17 15:27:02.657335+00:00
[2022-11-17T15:27:04.305+0000] {standard_task_runner.py:55} INFO - Started process 6161 to run task
[2022-11-17T15:27:04.308+0000] {standard_task_runner.py:82} INFO - Running: ['***', 'tasks', 'run', 'dag_cron_expression_v1', 'Task1', 'manual__2022-11-17T15:27:02.657335+00:00', '--job-id', '32', '--raw', '--subdir', 'DAGS_FOLDER/dag_cron_expression.py', '--cfg-path', '/tmp/tmpmc0nxou0']
[2022-11-17T15:27:04.310+0000] {standard_task_runner.py:83} INFO - Job 32: Subtask Task1
[2022-11-17T15:27:04.398+0000] {task_command.py:376} INFO - Running <TaskInstance: dag_cron_expression_v1.Task1 manual__2022-11-17T15:27:02.657335+00:00 [running]> on host e3cce3a63158
[2022-11-17T15:27:04.515+0000] {taskinstance.py:1592} INFO - Exporting the following env vars:
AIRFLOW_CTX_DAG_OWNER=JonnyG
AIRFLOW_CTX_DAG_ID=dag_cron_expression_v1
AIRFLOW_CTX_TASK_ID=Task1
AIRFLOW_CTX_EXECUTION_DATE=2022-11-17T15:27:02.657335+00:00
AIRFLOW_CTX_TRY_NUMBER=1
AIRFLOW_CTX_DAG_RUN_ID=manual__2022-11-17T15:27:02.657335+00:00
[2022-11-17T15:27:04.516+0000] {subprocess.py:63} INFO - Tmp dir root location: 
 /tmp
[2022-11-17T15:27:04.517+0000] {subprocess.py:75} INFO - Running command: ['/bin/bash', '-c', 'echo Dag with cron expression!']
[2022-11-17T15:27:04.529+0000] {subprocess.py:86} INFO - Output:
[2022-11-17T15:27:04.532+0000] {subprocess.py:93} INFO - Dag with cron expression!
[2022-11-17T15:27:04.533+0000] {subprocess.py:97} INFO - Command exited with return code 0
[2022-11-17T15:27:04.571+0000] {taskinstance.py:1406} INFO - Marking task as SUCCESS. dag_id=dag_cron_expression_v1, task_id=Task1, execution_date=20221117T152702, start_date=20221117T152704, end_date=20221117T152704
[2022-11-17T15:27:04.602+0000] {local_task_job.py:159} INFO - Task exited with return code 0
[2022-11-17T15:27:04.627+0000] {taskinstance.py:2623} INFO - 0 downstream tasks scheduled from follow-on schedule check
