[2022-11-17T15:14:25.583+0000] {taskinstance.py:1165} INFO - Dependencies all met for <TaskInstance: dag_catchup_backfill_v2.task1 backfill__2022-11-10T00:00:00+00:00 [queued]>
[2022-11-17T15:14:25.768+0000] {taskinstance.py:1165} INFO - Dependencies all met for <TaskInstance: dag_catchup_backfill_v2.task1 backfill__2022-11-10T00:00:00+00:00 [queued]>
[2022-11-17T15:14:25.769+0000] {taskinstance.py:1362} INFO - 
--------------------------------------------------------------------------------
[2022-11-17T15:14:25.769+0000] {taskinstance.py:1363} INFO - Starting attempt 1 of 6
[2022-11-17T15:14:25.769+0000] {taskinstance.py:1364} INFO - 
--------------------------------------------------------------------------------
[2022-11-17T15:14:26.047+0000] {taskinstance.py:1383} INFO - Executing <Task(BashOperator): task1> on 2022-11-10 00:00:00+00:00
[2022-11-17T15:14:26.127+0000] {standard_task_runner.py:55} INFO - Started process 5012 to run task
[2022-11-17T15:14:26.171+0000] {standard_task_runner.py:82} INFO - Running: ['***', 'tasks', 'run', 'dag_catchup_backfill_v2', 'task1', 'backfill__2022-11-10T00:00:00+00:00', '--job-id', '16', '--pool', 'default_pool', '--raw', '--subdir', 'DAGS_FOLDER/dag_catchup_backfill.py', '--cfg-path', '/tmp/tmpfm29ash1']
[2022-11-17T15:14:26.230+0000] {standard_task_runner.py:83} INFO - Job 16: Subtask task1
[2022-11-17T15:14:27.243+0000] {task_command.py:376} INFO - Running <TaskInstance: dag_catchup_backfill_v2.task1 backfill__2022-11-10T00:00:00+00:00 [running]> on host e3cce3a63158
[2022-11-17T15:14:29.507+0000] {taskinstance.py:1592} INFO - Exporting the following env vars:
AIRFLOW_CTX_DAG_OWNER=JonnyG
AIRFLOW_CTX_DAG_ID=dag_catchup_backfill_v2
AIRFLOW_CTX_TASK_ID=task1
AIRFLOW_CTX_EXECUTION_DATE=2022-11-10T00:00:00+00:00
AIRFLOW_CTX_TRY_NUMBER=1
AIRFLOW_CTX_DAG_RUN_ID=backfill__2022-11-10T00:00:00+00:00
[2022-11-17T15:14:29.509+0000] {subprocess.py:63} INFO - Tmp dir root location: 
 /tmp
[2022-11-17T15:14:29.510+0000] {subprocess.py:75} INFO - Running command: ['/bin/bash', '-c', 'echo This is a simple bash command!']
[2022-11-17T15:14:29.636+0000] {subprocess.py:86} INFO - Output:
[2022-11-17T15:14:29.650+0000] {subprocess.py:93} INFO - This is a simple bash command!
[2022-11-17T15:14:29.651+0000] {subprocess.py:97} INFO - Command exited with return code 0
[2022-11-17T15:14:29.958+0000] {taskinstance.py:1406} INFO - Marking task as SUCCESS. dag_id=dag_catchup_backfill_v2, task_id=task1, execution_date=20221110T000000, start_date=20221117T151425, end_date=20221117T151429
[2022-11-17T15:14:30.181+0000] {local_task_job.py:159} INFO - Task exited with return code 0
[2022-11-17T15:14:30.416+0000] {taskinstance.py:2623} INFO - 0 downstream tasks scheduled from follow-on schedule check
