[2022-11-17T15:05:17.599+0000] {taskinstance.py:1165} INFO - Dependencies all met for <TaskInstance: dag_catchup_backfill_v1.task1 scheduled__2022-11-13T00:00:00+00:00 [queued]>
[2022-11-17T15:05:17.652+0000] {taskinstance.py:1165} INFO - Dependencies all met for <TaskInstance: dag_catchup_backfill_v1.task1 scheduled__2022-11-13T00:00:00+00:00 [queued]>
[2022-11-17T15:05:17.653+0000] {taskinstance.py:1362} INFO - 
--------------------------------------------------------------------------------
[2022-11-17T15:05:17.656+0000] {taskinstance.py:1363} INFO - Starting attempt 1 of 6
[2022-11-17T15:05:17.661+0000] {taskinstance.py:1364} INFO - 
--------------------------------------------------------------------------------
[2022-11-17T15:05:17.739+0000] {taskinstance.py:1383} INFO - Executing <Task(BashOperator): task1> on 2022-11-13 00:00:00+00:00
[2022-11-17T15:05:17.759+0000] {standard_task_runner.py:55} INFO - Started process 4076 to run task
[2022-11-17T15:05:17.776+0000] {standard_task_runner.py:82} INFO - Running: ['***', 'tasks', 'run', 'dag_catchup_backfill_v1', 'task1', 'scheduled__2022-11-13T00:00:00+00:00', '--job-id', '10', '--raw', '--subdir', 'DAGS_FOLDER/dag_catchup_backfill.py', '--cfg-path', '/tmp/tmpxz1_6sbe']
[2022-11-17T15:05:17.779+0000] {standard_task_runner.py:83} INFO - Job 10: Subtask task1
[2022-11-17T15:05:18.079+0000] {task_command.py:376} INFO - Running <TaskInstance: dag_catchup_backfill_v1.task1 scheduled__2022-11-13T00:00:00+00:00 [running]> on host e3cce3a63158
[2022-11-17T15:05:18.525+0000] {taskinstance.py:1592} INFO - Exporting the following env vars:
AIRFLOW_CTX_DAG_OWNER=JonnyG
AIRFLOW_CTX_DAG_ID=dag_catchup_backfill_v1
AIRFLOW_CTX_TASK_ID=task1
AIRFLOW_CTX_EXECUTION_DATE=2022-11-13T00:00:00+00:00
AIRFLOW_CTX_TRY_NUMBER=1
AIRFLOW_CTX_DAG_RUN_ID=scheduled__2022-11-13T00:00:00+00:00
[2022-11-17T15:05:18.527+0000] {subprocess.py:63} INFO - Tmp dir root location: 
 /tmp
[2022-11-17T15:05:18.528+0000] {subprocess.py:75} INFO - Running command: ['/bin/bash', '-c', 'echo This is a simple bash command!']
[2022-11-17T15:05:18.557+0000] {subprocess.py:86} INFO - Output:
[2022-11-17T15:05:18.561+0000] {subprocess.py:93} INFO - This is a simple bash command!
[2022-11-17T15:05:18.569+0000] {subprocess.py:97} INFO - Command exited with return code 0
[2022-11-17T15:05:18.724+0000] {taskinstance.py:1406} INFO - Marking task as SUCCESS. dag_id=dag_catchup_backfill_v1, task_id=task1, execution_date=20221113T000000, start_date=20221117T150517, end_date=20221117T150518
[2022-11-17T15:05:18.861+0000] {local_task_job.py:159} INFO - Task exited with return code 0
[2022-11-17T15:05:19.047+0000] {taskinstance.py:2623} INFO - 0 downstream tasks scheduled from follow-on schedule check
