[2022-11-17T12:23:20.788+0000] {taskinstance.py:1165} INFO - Dependencies all met for <TaskInstance: dag_taskflow_api_v1.get_name manual__2022-11-17T12:23:18.413220+00:00 [queued]>
[2022-11-17T12:23:20.843+0000] {taskinstance.py:1165} INFO - Dependencies all met for <TaskInstance: dag_taskflow_api_v1.get_name manual__2022-11-17T12:23:18.413220+00:00 [queued]>
[2022-11-17T12:23:20.843+0000] {taskinstance.py:1362} INFO - 
--------------------------------------------------------------------------------
[2022-11-17T12:23:20.844+0000] {taskinstance.py:1363} INFO - Starting attempt 1 of 6
[2022-11-17T12:23:20.844+0000] {taskinstance.py:1364} INFO - 
--------------------------------------------------------------------------------
[2022-11-17T12:23:20.920+0000] {taskinstance.py:1383} INFO - Executing <Task(_PythonDecoratedOperator): get_name> on 2022-11-17 12:23:18.413220+00:00
[2022-11-17T12:23:20.928+0000] {standard_task_runner.py:55} INFO - Started process 13511 to run task
[2022-11-17T12:23:20.936+0000] {standard_task_runner.py:82} INFO - Running: ['***', 'tasks', 'run', 'dag_taskflow_api_v1', 'get_name', 'manual__2022-11-17T12:23:18.413220+00:00', '--job-id', '21', '--raw', '--subdir', 'DAGS_FOLDER/dag_taskflow_api.py', '--cfg-path', '/tmp/tmpiydtao96']
[2022-11-17T12:23:20.939+0000] {standard_task_runner.py:83} INFO - Job 21: Subtask get_name
[2022-11-17T12:23:21.113+0000] {task_command.py:376} INFO - Running <TaskInstance: dag_taskflow_api_v1.get_name manual__2022-11-17T12:23:18.413220+00:00 [running]> on host 40055b85ab48
[2022-11-17T12:23:21.284+0000] {taskinstance.py:1592} INFO - Exporting the following env vars:
AIRFLOW_CTX_DAG_OWNER=coder2j
AIRFLOW_CTX_DAG_ID=dag_taskflow_api_v1
AIRFLOW_CTX_TASK_ID=get_name
AIRFLOW_CTX_EXECUTION_DATE=2022-11-17T12:23:18.413220+00:00
AIRFLOW_CTX_TRY_NUMBER=1
AIRFLOW_CTX_DAG_RUN_ID=manual__2022-11-17T12:23:18.413220+00:00
[2022-11-17T12:23:21.286+0000] {python.py:177} INFO - Done. Returned value was: Jonny
[2022-11-17T12:23:21.352+0000] {taskinstance.py:1406} INFO - Marking task as SUCCESS. dag_id=dag_taskflow_api_v1, task_id=get_name, execution_date=20221117T122318, start_date=20221117T122320, end_date=20221117T122321
[2022-11-17T12:23:21.428+0000] {local_task_job.py:159} INFO - Task exited with return code 0
[2022-11-17T12:23:21.476+0000] {taskinstance.py:2623} INFO - 0 downstream tasks scheduled from follow-on schedule check
