[2022-11-17T12:23:22.736+0000] {taskinstance.py:1165} INFO - Dependencies all met for <TaskInstance: dag_taskflow_api_v1.greet manual__2022-11-17T12:23:18.413220+00:00 [queued]>
[2022-11-17T12:23:22.757+0000] {taskinstance.py:1165} INFO - Dependencies all met for <TaskInstance: dag_taskflow_api_v1.greet manual__2022-11-17T12:23:18.413220+00:00 [queued]>
[2022-11-17T12:23:22.757+0000] {taskinstance.py:1362} INFO - 
--------------------------------------------------------------------------------
[2022-11-17T12:23:22.757+0000] {taskinstance.py:1363} INFO - Starting attempt 1 of 6
[2022-11-17T12:23:22.757+0000] {taskinstance.py:1364} INFO - 
--------------------------------------------------------------------------------
[2022-11-17T12:23:22.785+0000] {taskinstance.py:1383} INFO - Executing <Task(_PythonDecoratedOperator): greet> on 2022-11-17 12:23:18.413220+00:00
[2022-11-17T12:23:22.792+0000] {standard_task_runner.py:55} INFO - Started process 13516 to run task
[2022-11-17T12:23:22.795+0000] {standard_task_runner.py:82} INFO - Running: ['***', 'tasks', 'run', 'dag_taskflow_api_v1', 'greet', 'manual__2022-11-17T12:23:18.413220+00:00', '--job-id', '23', '--raw', '--subdir', 'DAGS_FOLDER/dag_taskflow_api.py', '--cfg-path', '/tmp/tmpryblpuym']
[2022-11-17T12:23:22.796+0000] {standard_task_runner.py:83} INFO - Job 23: Subtask greet
[2022-11-17T12:23:22.875+0000] {task_command.py:376} INFO - Running <TaskInstance: dag_taskflow_api_v1.greet manual__2022-11-17T12:23:18.413220+00:00 [running]> on host 40055b85ab48
[2022-11-17T12:23:22.989+0000] {taskinstance.py:1592} INFO - Exporting the following env vars:
AIRFLOW_CTX_DAG_OWNER=coder2j
AIRFLOW_CTX_DAG_ID=dag_taskflow_api_v1
AIRFLOW_CTX_TASK_ID=greet
AIRFLOW_CTX_EXECUTION_DATE=2022-11-17T12:23:18.413220+00:00
AIRFLOW_CTX_TRY_NUMBER=1
AIRFLOW_CTX_DAG_RUN_ID=manual__2022-11-17T12:23:18.413220+00:00
[2022-11-17T12:23:22.991+0000] {logging_mixin.py:137} INFO - Hello World! My name is Jonny and I  am 28 years old!
[2022-11-17T12:23:22.991+0000] {python.py:177} INFO - Done. Returned value was: None
[2022-11-17T12:23:23.004+0000] {taskinstance.py:1406} INFO - Marking task as SUCCESS. dag_id=dag_taskflow_api_v1, task_id=greet, execution_date=20221117T122318, start_date=20221117T122322, end_date=20221117T122323
[2022-11-17T12:23:23.046+0000] {local_task_job.py:159} INFO - Task exited with return code 0
[2022-11-17T12:23:23.075+0000] {taskinstance.py:2623} INFO - 0 downstream tasks scheduled from follow-on schedule check
