[2022-11-17T15:05:19.196+0000] {taskinstance.py:1165} INFO - Dependencies all met for <TaskInstance: dag_catchup_backfill_v1.task1 scheduled__2022-11-15T00:00:00+00:00 [queued]>
[2022-11-17T15:05:19.278+0000] {taskinstance.py:1165} INFO - Dependencies all met for <TaskInstance: dag_catchup_backfill_v1.task1 scheduled__2022-11-15T00:00:00+00:00 [queued]>
[2022-11-17T15:05:19.278+0000] {taskinstance.py:1362} INFO - 
--------------------------------------------------------------------------------
[2022-11-17T15:05:19.278+0000] {taskinstance.py:1363} INFO - Starting attempt 1 of 6
[2022-11-17T15:05:19.279+0000] {taskinstance.py:1364} INFO - 
--------------------------------------------------------------------------------
[2022-11-17T15:05:19.352+0000] {taskinstance.py:1383} INFO - Executing <Task(BashOperator): task1> on 2022-11-15 00:00:00+00:00
[2022-11-17T15:05:19.359+0000] {standard_task_runner.py:55} INFO - Started process 4081 to run task
[2022-11-17T15:05:19.367+0000] {standard_task_runner.py:82} INFO - Running: ['***', 'tasks', 'run', 'dag_catchup_backfill_v1', 'task1', 'scheduled__2022-11-15T00:00:00+00:00', '--job-id', '12', '--raw', '--subdir', 'DAGS_FOLDER/dag_catchup_backfill.py', '--cfg-path', '/tmp/tmpmlxqjbjx']
[2022-11-17T15:05:19.370+0000] {standard_task_runner.py:83} INFO - Job 12: Subtask task1
[2022-11-17T15:05:19.783+0000] {task_command.py:376} INFO - Running <TaskInstance: dag_catchup_backfill_v1.task1 scheduled__2022-11-15T00:00:00+00:00 [running]> on host e3cce3a63158
[2022-11-17T15:05:20.323+0000] {taskinstance.py:1592} INFO - Exporting the following env vars:
AIRFLOW_CTX_DAG_OWNER=JonnyG
AIRFLOW_CTX_DAG_ID=dag_catchup_backfill_v1
AIRFLOW_CTX_TASK_ID=task1
AIRFLOW_CTX_EXECUTION_DATE=2022-11-15T00:00:00+00:00
AIRFLOW_CTX_TRY_NUMBER=1
AIRFLOW_CTX_DAG_RUN_ID=scheduled__2022-11-15T00:00:00+00:00
[2022-11-17T15:05:20.324+0000] {subprocess.py:63} INFO - Tmp dir root location: 
 /tmp
[2022-11-17T15:05:20.325+0000] {subprocess.py:75} INFO - Running command: ['/bin/bash', '-c', 'echo This is a simple bash command!']
[2022-11-17T15:05:20.358+0000] {subprocess.py:86} INFO - Output:
[2022-11-17T15:05:20.360+0000] {subprocess.py:93} INFO - This is a simple bash command!
[2022-11-17T15:05:20.361+0000] {subprocess.py:97} INFO - Command exited with return code 0
[2022-11-17T15:05:20.465+0000] {taskinstance.py:1406} INFO - Marking task as SUCCESS. dag_id=dag_catchup_backfill_v1, task_id=task1, execution_date=20221115T000000, start_date=20221117T150519, end_date=20221117T150520
[2022-11-17T15:05:20.550+0000] {local_task_job.py:159} INFO - Task exited with return code 0
[2022-11-17T15:05:21.561+0000] {taskinstance.py:2623} INFO - 0 downstream tasks scheduled from follow-on schedule check
