[2022-11-17T14:57:19.939+0000] {processor.py:154} INFO - Started process (PID=3367) to work on /opt/airflow/dags/dag_catchup_backfill.py
[2022-11-17T14:57:19.939+0000] {processor.py:756} INFO - Processing file /opt/airflow/dags/dag_catchup_backfill.py for tasks to queue
[2022-11-17T14:57:19.940+0000] {logging_mixin.py:137} INFO - [2022-11-17T14:57:19.940+0000] {dagbag.py:537} INFO - Filling up the DagBag from /opt/airflow/dags/dag_catchup_backfill.py
[2022-11-17T14:57:19.949+0000] {logging_mixin.py:137} INFO - [2022-11-17T14:57:19.946+0000] {dagbag.py:342} ERROR - Failed to import: /opt/airflow/dags/dag_catchup_backfill.py
Traceback (most recent call last):
  File "/home/airflow/.local/lib/python3.7/site-packages/airflow/models/dagbag.py", line 338, in parse
    loader.exec_module(new_module)
  File "<frozen importlib._bootstrap_external>", line 728, in exec_module
  File "<frozen importlib._bootstrap>", line 219, in _call_with_frames_removed
  File "/opt/airflow/dags/dag_catchup_backfill.py", line 12, in <module>
    with DAG() as dag:
TypeError: __init__() missing 1 required positional argument: 'dag_id'
[2022-11-17T14:57:19.950+0000] {processor.py:768} WARNING - No viable dags retrieved from /opt/airflow/dags/dag_catchup_backfill.py
[2022-11-17T14:57:19.975+0000] {processor.py:176} INFO - Processing /opt/airflow/dags/dag_catchup_backfill.py took 0.039 seconds
[2022-11-17T14:57:47.453+0000] {processor.py:154} INFO - Started process (PID=3413) to work on /opt/airflow/dags/dag_catchup_backfill.py
[2022-11-17T14:57:47.454+0000] {processor.py:756} INFO - Processing file /opt/airflow/dags/dag_catchup_backfill.py for tasks to queue
[2022-11-17T14:57:47.455+0000] {logging_mixin.py:137} INFO - [2022-11-17T14:57:47.455+0000] {dagbag.py:537} INFO - Filling up the DagBag from /opt/airflow/dags/dag_catchup_backfill.py
[2022-11-17T14:57:47.458+0000] {logging_mixin.py:137} INFO - [2022-11-17T14:57:47.457+0000] {dagbag.py:342} ERROR - Failed to import: /opt/airflow/dags/dag_catchup_backfill.py
Traceback (most recent call last):
  File "/home/airflow/.local/lib/python3.7/site-packages/airflow/models/dagbag.py", line 338, in parse
    loader.exec_module(new_module)
  File "<frozen importlib._bootstrap_external>", line 724, in exec_module
  File "<frozen importlib._bootstrap_external>", line 860, in get_code
  File "<frozen importlib._bootstrap_external>", line 791, in source_to_code
  File "<frozen importlib._bootstrap>", line 219, in _call_with_frames_removed
  File "/opt/airflow/dags/dag_catchup_backfill.py", line 16
    start_date=datetime(2022, 11, 17, 13)
             ^
SyntaxError: invalid syntax
[2022-11-17T14:57:47.459+0000] {processor.py:768} WARNING - No viable dags retrieved from /opt/airflow/dags/dag_catchup_backfill.py
[2022-11-17T14:57:47.490+0000] {processor.py:176} INFO - Processing /opt/airflow/dags/dag_catchup_backfill.py took 0.042 seconds
[2022-11-17T14:58:17.878+0000] {processor.py:154} INFO - Started process (PID=3451) to work on /opt/airflow/dags/dag_catchup_backfill.py
[2022-11-17T14:58:17.879+0000] {processor.py:756} INFO - Processing file /opt/airflow/dags/dag_catchup_backfill.py for tasks to queue
[2022-11-17T14:58:17.880+0000] {logging_mixin.py:137} INFO - [2022-11-17T14:58:17.880+0000] {dagbag.py:537} INFO - Filling up the DagBag from /opt/airflow/dags/dag_catchup_backfill.py
[2022-11-17T14:58:17.885+0000] {logging_mixin.py:137} INFO - [2022-11-17T14:58:17.882+0000] {dagbag.py:342} ERROR - Failed to import: /opt/airflow/dags/dag_catchup_backfill.py
Traceback (most recent call last):
  File "/home/airflow/.local/lib/python3.7/site-packages/airflow/models/dagbag.py", line 338, in parse
    loader.exec_module(new_module)
  File "<frozen importlib._bootstrap_external>", line 724, in exec_module
  File "<frozen importlib._bootstrap_external>", line 860, in get_code
  File "<frozen importlib._bootstrap_external>", line 791, in source_to_code
  File "<frozen importlib._bootstrap>", line 219, in _call_with_frames_removed
  File "/opt/airflow/dags/dag_catchup_backfill.py", line 16
    start_date=datetime(2022, 11, 17, 13)
             ^
SyntaxError: invalid syntax
[2022-11-17T14:58:17.885+0000] {processor.py:768} WARNING - No viable dags retrieved from /opt/airflow/dags/dag_catchup_backfill.py
[2022-11-17T14:58:17.917+0000] {processor.py:176} INFO - Processing /opt/airflow/dags/dag_catchup_backfill.py took 0.045 seconds
[2022-11-17T14:58:48.340+0000] {processor.py:154} INFO - Started process (PID=3499) to work on /opt/airflow/dags/dag_catchup_backfill.py
[2022-11-17T14:58:48.341+0000] {processor.py:756} INFO - Processing file /opt/airflow/dags/dag_catchup_backfill.py for tasks to queue
[2022-11-17T14:58:48.342+0000] {logging_mixin.py:137} INFO - [2022-11-17T14:58:48.342+0000] {dagbag.py:537} INFO - Filling up the DagBag from /opt/airflow/dags/dag_catchup_backfill.py
[2022-11-17T14:58:48.344+0000] {logging_mixin.py:137} INFO - [2022-11-17T14:58:48.343+0000] {dagbag.py:342} ERROR - Failed to import: /opt/airflow/dags/dag_catchup_backfill.py
Traceback (most recent call last):
  File "/home/airflow/.local/lib/python3.7/site-packages/airflow/models/dagbag.py", line 338, in parse
    loader.exec_module(new_module)
  File "<frozen importlib._bootstrap_external>", line 724, in exec_module
  File "<frozen importlib._bootstrap_external>", line 860, in get_code
  File "<frozen importlib._bootstrap_external>", line 791, in source_to_code
  File "<frozen importlib._bootstrap>", line 219, in _call_with_frames_removed
  File "/opt/airflow/dags/dag_catchup_backfill.py", line 16
    start_date=datetime(2022, 11, 17, 13)
             ^
SyntaxError: invalid syntax
[2022-11-17T14:58:48.345+0000] {processor.py:768} WARNING - No viable dags retrieved from /opt/airflow/dags/dag_catchup_backfill.py
[2022-11-17T14:58:48.406+0000] {processor.py:176} INFO - Processing /opt/airflow/dags/dag_catchup_backfill.py took 0.070 seconds
[2022-11-17T14:59:18.746+0000] {processor.py:154} INFO - Started process (PID=3538) to work on /opt/airflow/dags/dag_catchup_backfill.py
[2022-11-17T14:59:18.747+0000] {processor.py:756} INFO - Processing file /opt/airflow/dags/dag_catchup_backfill.py for tasks to queue
[2022-11-17T14:59:18.748+0000] {logging_mixin.py:137} INFO - [2022-11-17T14:59:18.747+0000] {dagbag.py:537} INFO - Filling up the DagBag from /opt/airflow/dags/dag_catchup_backfill.py
[2022-11-17T14:59:18.750+0000] {logging_mixin.py:137} INFO - [2022-11-17T14:59:18.749+0000] {dagbag.py:342} ERROR - Failed to import: /opt/airflow/dags/dag_catchup_backfill.py
Traceback (most recent call last):
  File "/home/airflow/.local/lib/python3.7/site-packages/airflow/models/dagbag.py", line 338, in parse
    loader.exec_module(new_module)
  File "<frozen importlib._bootstrap_external>", line 724, in exec_module
  File "<frozen importlib._bootstrap_external>", line 860, in get_code
  File "<frozen importlib._bootstrap_external>", line 791, in source_to_code
  File "<frozen importlib._bootstrap>", line 219, in _call_with_frames_removed
  File "/opt/airflow/dags/dag_catchup_backfill.py", line 16
    start_date=datetime(2022, 11, 17, 13)
             ^
SyntaxError: invalid syntax
[2022-11-17T14:59:18.750+0000] {processor.py:768} WARNING - No viable dags retrieved from /opt/airflow/dags/dag_catchup_backfill.py
[2022-11-17T14:59:18.773+0000] {processor.py:176} INFO - Processing /opt/airflow/dags/dag_catchup_backfill.py took 0.031 seconds
[2022-11-17T14:59:49.282+0000] {processor.py:154} INFO - Started process (PID=3585) to work on /opt/airflow/dags/dag_catchup_backfill.py
[2022-11-17T14:59:49.282+0000] {processor.py:756} INFO - Processing file /opt/airflow/dags/dag_catchup_backfill.py for tasks to queue
[2022-11-17T14:59:49.283+0000] {logging_mixin.py:137} INFO - [2022-11-17T14:59:49.283+0000] {dagbag.py:537} INFO - Filling up the DagBag from /opt/airflow/dags/dag_catchup_backfill.py
[2022-11-17T14:59:49.285+0000] {logging_mixin.py:137} INFO - [2022-11-17T14:59:49.285+0000] {dagbag.py:342} ERROR - Failed to import: /opt/airflow/dags/dag_catchup_backfill.py
Traceback (most recent call last):
  File "/home/airflow/.local/lib/python3.7/site-packages/airflow/models/dagbag.py", line 338, in parse
    loader.exec_module(new_module)
  File "<frozen importlib._bootstrap_external>", line 724, in exec_module
  File "<frozen importlib._bootstrap_external>", line 860, in get_code
  File "<frozen importlib._bootstrap_external>", line 791, in source_to_code
  File "<frozen importlib._bootstrap>", line 219, in _call_with_frames_removed
  File "/opt/airflow/dags/dag_catchup_backfill.py", line 16
    start_date=datetime(2022, 11, 17, 13)
             ^
SyntaxError: invalid syntax
[2022-11-17T14:59:49.286+0000] {processor.py:768} WARNING - No viable dags retrieved from /opt/airflow/dags/dag_catchup_backfill.py
[2022-11-17T14:59:49.312+0000] {processor.py:176} INFO - Processing /opt/airflow/dags/dag_catchup_backfill.py took 0.035 seconds
[2022-11-17T15:00:19.717+0000] {processor.py:154} INFO - Started process (PID=3623) to work on /opt/airflow/dags/dag_catchup_backfill.py
[2022-11-17T15:00:19.718+0000] {processor.py:756} INFO - Processing file /opt/airflow/dags/dag_catchup_backfill.py for tasks to queue
[2022-11-17T15:00:19.719+0000] {logging_mixin.py:137} INFO - [2022-11-17T15:00:19.719+0000] {dagbag.py:537} INFO - Filling up the DagBag from /opt/airflow/dags/dag_catchup_backfill.py
[2022-11-17T15:00:19.722+0000] {logging_mixin.py:137} INFO - [2022-11-17T15:00:19.720+0000] {dagbag.py:342} ERROR - Failed to import: /opt/airflow/dags/dag_catchup_backfill.py
Traceback (most recent call last):
  File "/home/airflow/.local/lib/python3.7/site-packages/airflow/models/dagbag.py", line 338, in parse
    loader.exec_module(new_module)
  File "<frozen importlib._bootstrap_external>", line 724, in exec_module
  File "<frozen importlib._bootstrap_external>", line 860, in get_code
  File "<frozen importlib._bootstrap_external>", line 791, in source_to_code
  File "<frozen importlib._bootstrap>", line 219, in _call_with_frames_removed
  File "/opt/airflow/dags/dag_catchup_backfill.py", line 16
    start_date=datetime(2022, 11, 17, 13)
             ^
SyntaxError: invalid syntax
[2022-11-17T15:00:19.722+0000] {processor.py:768} WARNING - No viable dags retrieved from /opt/airflow/dags/dag_catchup_backfill.py
[2022-11-17T15:00:19.749+0000] {processor.py:176} INFO - Processing /opt/airflow/dags/dag_catchup_backfill.py took 0.038 seconds
[2022-11-17T15:00:50.129+0000] {processor.py:154} INFO - Started process (PID=3669) to work on /opt/airflow/dags/dag_catchup_backfill.py
[2022-11-17T15:00:50.130+0000] {processor.py:756} INFO - Processing file /opt/airflow/dags/dag_catchup_backfill.py for tasks to queue
[2022-11-17T15:00:50.131+0000] {logging_mixin.py:137} INFO - [2022-11-17T15:00:50.131+0000] {dagbag.py:537} INFO - Filling up the DagBag from /opt/airflow/dags/dag_catchup_backfill.py
[2022-11-17T15:00:50.135+0000] {logging_mixin.py:137} INFO - [2022-11-17T15:00:50.133+0000] {dagbag.py:342} ERROR - Failed to import: /opt/airflow/dags/dag_catchup_backfill.py
Traceback (most recent call last):
  File "/home/airflow/.local/lib/python3.7/site-packages/airflow/models/dagbag.py", line 338, in parse
    loader.exec_module(new_module)
  File "<frozen importlib._bootstrap_external>", line 724, in exec_module
  File "<frozen importlib._bootstrap_external>", line 860, in get_code
  File "<frozen importlib._bootstrap_external>", line 791, in source_to_code
  File "<frozen importlib._bootstrap>", line 219, in _call_with_frames_removed
  File "/opt/airflow/dags/dag_catchup_backfill.py", line 16
    start_date=datetime(2022, 11, 17, 13)
             ^
SyntaxError: invalid syntax
[2022-11-17T15:00:50.136+0000] {processor.py:768} WARNING - No viable dags retrieved from /opt/airflow/dags/dag_catchup_backfill.py
[2022-11-17T15:00:50.163+0000] {processor.py:176} INFO - Processing /opt/airflow/dags/dag_catchup_backfill.py took 0.039 seconds
[2022-11-17T15:01:20.551+0000] {processor.py:154} INFO - Started process (PID=3706) to work on /opt/airflow/dags/dag_catchup_backfill.py
[2022-11-17T15:01:20.552+0000] {processor.py:756} INFO - Processing file /opt/airflow/dags/dag_catchup_backfill.py for tasks to queue
[2022-11-17T15:01:20.553+0000] {logging_mixin.py:137} INFO - [2022-11-17T15:01:20.553+0000] {dagbag.py:537} INFO - Filling up the DagBag from /opt/airflow/dags/dag_catchup_backfill.py
[2022-11-17T15:01:20.556+0000] {logging_mixin.py:137} INFO - [2022-11-17T15:01:20.555+0000] {dagbag.py:342} ERROR - Failed to import: /opt/airflow/dags/dag_catchup_backfill.py
Traceback (most recent call last):
  File "/home/airflow/.local/lib/python3.7/site-packages/airflow/models/dagbag.py", line 338, in parse
    loader.exec_module(new_module)
  File "<frozen importlib._bootstrap_external>", line 724, in exec_module
  File "<frozen importlib._bootstrap_external>", line 860, in get_code
  File "<frozen importlib._bootstrap_external>", line 791, in source_to_code
  File "<frozen importlib._bootstrap>", line 219, in _call_with_frames_removed
  File "/opt/airflow/dags/dag_catchup_backfill.py", line 16
    start_date=datetime(2022, 11, 17, 13)
             ^
SyntaxError: invalid syntax
[2022-11-17T15:01:20.556+0000] {processor.py:768} WARNING - No viable dags retrieved from /opt/airflow/dags/dag_catchup_backfill.py
[2022-11-17T15:01:20.580+0000] {processor.py:176} INFO - Processing /opt/airflow/dags/dag_catchup_backfill.py took 0.033 seconds
[2022-11-17T15:01:50.958+0000] {processor.py:154} INFO - Started process (PID=3754) to work on /opt/airflow/dags/dag_catchup_backfill.py
[2022-11-17T15:01:50.959+0000] {processor.py:756} INFO - Processing file /opt/airflow/dags/dag_catchup_backfill.py for tasks to queue
[2022-11-17T15:01:50.960+0000] {logging_mixin.py:137} INFO - [2022-11-17T15:01:50.960+0000] {dagbag.py:537} INFO - Filling up the DagBag from /opt/airflow/dags/dag_catchup_backfill.py
[2022-11-17T15:01:50.962+0000] {logging_mixin.py:137} INFO - [2022-11-17T15:01:50.961+0000] {dagbag.py:342} ERROR - Failed to import: /opt/airflow/dags/dag_catchup_backfill.py
Traceback (most recent call last):
  File "/home/airflow/.local/lib/python3.7/site-packages/airflow/models/dagbag.py", line 338, in parse
    loader.exec_module(new_module)
  File "<frozen importlib._bootstrap_external>", line 724, in exec_module
  File "<frozen importlib._bootstrap_external>", line 860, in get_code
  File "<frozen importlib._bootstrap_external>", line 791, in source_to_code
  File "<frozen importlib._bootstrap>", line 219, in _call_with_frames_removed
  File "/opt/airflow/dags/dag_catchup_backfill.py", line 16
    start_date=datetime(2022, 11, 17, 13)
             ^
SyntaxError: invalid syntax
[2022-11-17T15:01:50.963+0000] {processor.py:768} WARNING - No viable dags retrieved from /opt/airflow/dags/dag_catchup_backfill.py
[2022-11-17T15:01:50.987+0000] {processor.py:176} INFO - Processing /opt/airflow/dags/dag_catchup_backfill.py took 0.034 seconds
[2022-11-17T15:02:21.353+0000] {processor.py:154} INFO - Started process (PID=3800) to work on /opt/airflow/dags/dag_catchup_backfill.py
[2022-11-17T15:02:21.354+0000] {processor.py:756} INFO - Processing file /opt/airflow/dags/dag_catchup_backfill.py for tasks to queue
[2022-11-17T15:02:21.355+0000] {logging_mixin.py:137} INFO - [2022-11-17T15:02:21.354+0000] {dagbag.py:537} INFO - Filling up the DagBag from /opt/airflow/dags/dag_catchup_backfill.py
[2022-11-17T15:02:21.357+0000] {logging_mixin.py:137} INFO - [2022-11-17T15:02:21.356+0000] {dagbag.py:342} ERROR - Failed to import: /opt/airflow/dags/dag_catchup_backfill.py
Traceback (most recent call last):
  File "/home/airflow/.local/lib/python3.7/site-packages/airflow/models/dagbag.py", line 338, in parse
    loader.exec_module(new_module)
  File "<frozen importlib._bootstrap_external>", line 724, in exec_module
  File "<frozen importlib._bootstrap_external>", line 860, in get_code
  File "<frozen importlib._bootstrap_external>", line 791, in source_to_code
  File "<frozen importlib._bootstrap>", line 219, in _call_with_frames_removed
  File "/opt/airflow/dags/dag_catchup_backfill.py", line 16
    start_date=datetime(2022, 11, 17, 13)
             ^
SyntaxError: invalid syntax
[2022-11-17T15:02:21.357+0000] {processor.py:768} WARNING - No viable dags retrieved from /opt/airflow/dags/dag_catchup_backfill.py
[2022-11-17T15:02:21.385+0000] {processor.py:176} INFO - Processing /opt/airflow/dags/dag_catchup_backfill.py took 0.036 seconds
[2022-11-17T15:02:27.405+0000] {processor.py:154} INFO - Started process (PID=3805) to work on /opt/airflow/dags/dag_catchup_backfill.py
[2022-11-17T15:02:27.406+0000] {processor.py:756} INFO - Processing file /opt/airflow/dags/dag_catchup_backfill.py for tasks to queue
[2022-11-17T15:02:27.406+0000] {logging_mixin.py:137} INFO - [2022-11-17T15:02:27.406+0000] {dagbag.py:537} INFO - Filling up the DagBag from /opt/airflow/dags/dag_catchup_backfill.py
[2022-11-17T15:02:27.438+0000] {processor.py:766} INFO - DAG(s) dict_keys(['dag_catchup_backfill']) retrieved from /opt/airflow/dags/dag_catchup_backfill.py
[2022-11-17T15:02:27.772+0000] {logging_mixin.py:137} INFO - [2022-11-17T15:02:27.772+0000] {manager.py:507} INFO - Created Permission View: can edit on DAG:dag_catchup_backfill
[2022-11-17T15:02:27.795+0000] {logging_mixin.py:137} INFO - [2022-11-17T15:02:27.795+0000] {manager.py:507} INFO - Created Permission View: can delete on DAG:dag_catchup_backfill
[2022-11-17T15:02:27.816+0000] {logging_mixin.py:137} INFO - [2022-11-17T15:02:27.816+0000] {manager.py:507} INFO - Created Permission View: can read on DAG:dag_catchup_backfill
[2022-11-17T15:02:27.817+0000] {logging_mixin.py:137} INFO - [2022-11-17T15:02:27.816+0000] {dag.py:2585} INFO - Sync 1 DAGs
[2022-11-17T15:02:27.839+0000] {logging_mixin.py:137} INFO - [2022-11-17T15:02:27.839+0000] {dag.py:2606} INFO - Creating ORM DAG for dag_catchup_backfill
[2022-11-17T15:02:27.862+0000] {logging_mixin.py:137} INFO - [2022-11-17T15:02:27.862+0000] {dag.py:3340} INFO - Setting next_dagrun for dag_catchup_backfill to 2022-11-17T00:00:00+00:00, run_after=2022-11-18T00:00:00+00:00
[2022-11-17T15:02:27.901+0000] {processor.py:176} INFO - Processing /opt/airflow/dags/dag_catchup_backfill.py took 0.500 seconds
[2022-11-17T15:02:40.776+0000] {processor.py:154} INFO - Started process (PID=3835) to work on /opt/airflow/dags/dag_catchup_backfill.py
[2022-11-17T15:02:40.777+0000] {processor.py:756} INFO - Processing file /opt/airflow/dags/dag_catchup_backfill.py for tasks to queue
[2022-11-17T15:02:40.779+0000] {logging_mixin.py:137} INFO - [2022-11-17T15:02:40.779+0000] {dagbag.py:537} INFO - Filling up the DagBag from /opt/airflow/dags/dag_catchup_backfill.py
[2022-11-17T15:02:40.830+0000] {processor.py:766} INFO - DAG(s) dict_keys(['dag_catchup_backfill_v1']) retrieved from /opt/airflow/dags/dag_catchup_backfill.py
[2022-11-17T15:02:41.025+0000] {logging_mixin.py:137} INFO - [2022-11-17T15:02:41.025+0000] {manager.py:507} INFO - Created Permission View: can edit on DAG:dag_catchup_backfill_v1
[2022-11-17T15:02:41.039+0000] {logging_mixin.py:137} INFO - [2022-11-17T15:02:41.039+0000] {manager.py:507} INFO - Created Permission View: can delete on DAG:dag_catchup_backfill_v1
[2022-11-17T15:02:41.050+0000] {logging_mixin.py:137} INFO - [2022-11-17T15:02:41.049+0000] {manager.py:507} INFO - Created Permission View: can read on DAG:dag_catchup_backfill_v1
[2022-11-17T15:02:41.050+0000] {logging_mixin.py:137} INFO - [2022-11-17T15:02:41.050+0000] {dag.py:2585} INFO - Sync 1 DAGs
[2022-11-17T15:02:41.068+0000] {logging_mixin.py:137} INFO - [2022-11-17T15:02:41.068+0000] {dag.py:2606} INFO - Creating ORM DAG for dag_catchup_backfill_v1
[2022-11-17T15:02:41.085+0000] {logging_mixin.py:137} INFO - [2022-11-17T15:02:41.085+0000] {dag.py:3340} INFO - Setting next_dagrun for dag_catchup_backfill_v1 to 2022-11-17T00:00:00+00:00, run_after=2022-11-18T00:00:00+00:00
[2022-11-17T15:02:41.109+0000] {processor.py:176} INFO - Processing /opt/airflow/dags/dag_catchup_backfill.py took 0.341 seconds
[2022-11-17T15:02:58.060+0000] {processor.py:154} INFO - Started process (PID=3857) to work on /opt/airflow/dags/dag_catchup_backfill.py
[2022-11-17T15:02:58.063+0000] {processor.py:756} INFO - Processing file /opt/airflow/dags/dag_catchup_backfill.py for tasks to queue
[2022-11-17T15:02:58.064+0000] {logging_mixin.py:137} INFO - [2022-11-17T15:02:58.064+0000] {dagbag.py:537} INFO - Filling up the DagBag from /opt/airflow/dags/dag_catchup_backfill.py
[2022-11-17T15:02:58.094+0000] {processor.py:766} INFO - DAG(s) dict_keys(['dag_catchup_backfill_v1']) retrieved from /opt/airflow/dags/dag_catchup_backfill.py
[2022-11-17T15:02:58.144+0000] {logging_mixin.py:137} INFO - [2022-11-17T15:02:58.144+0000] {dag.py:2585} INFO - Sync 1 DAGs
[2022-11-17T15:02:58.212+0000] {logging_mixin.py:137} INFO - [2022-11-17T15:02:58.211+0000] {dag.py:3340} INFO - Setting next_dagrun for dag_catchup_backfill_v1 to 2022-11-17T00:00:00+00:00, run_after=2022-11-18T00:00:00+00:00
[2022-11-17T15:02:58.245+0000] {processor.py:176} INFO - Processing /opt/airflow/dags/dag_catchup_backfill.py took 0.192 seconds
[2022-11-17T15:03:28.625+0000] {processor.py:154} INFO - Started process (PID=3898) to work on /opt/airflow/dags/dag_catchup_backfill.py
[2022-11-17T15:03:28.626+0000] {processor.py:756} INFO - Processing file /opt/airflow/dags/dag_catchup_backfill.py for tasks to queue
[2022-11-17T15:03:28.627+0000] {logging_mixin.py:137} INFO - [2022-11-17T15:03:28.626+0000] {dagbag.py:537} INFO - Filling up the DagBag from /opt/airflow/dags/dag_catchup_backfill.py
[2022-11-17T15:03:28.648+0000] {processor.py:766} INFO - DAG(s) dict_keys(['dag_catchup_backfill_v1']) retrieved from /opt/airflow/dags/dag_catchup_backfill.py
[2022-11-17T15:03:28.694+0000] {logging_mixin.py:137} INFO - [2022-11-17T15:03:28.694+0000] {dag.py:2585} INFO - Sync 1 DAGs
[2022-11-17T15:03:28.729+0000] {logging_mixin.py:137} INFO - [2022-11-17T15:03:28.729+0000] {dag.py:3340} INFO - Setting next_dagrun for dag_catchup_backfill_v1 to 2022-11-17T00:00:00+00:00, run_after=2022-11-18T00:00:00+00:00
[2022-11-17T15:03:28.755+0000] {processor.py:176} INFO - Processing /opt/airflow/dags/dag_catchup_backfill.py took 0.136 seconds
[2022-11-17T15:03:59.192+0000] {processor.py:154} INFO - Started process (PID=3937) to work on /opt/airflow/dags/dag_catchup_backfill.py
[2022-11-17T15:03:59.193+0000] {processor.py:756} INFO - Processing file /opt/airflow/dags/dag_catchup_backfill.py for tasks to queue
[2022-11-17T15:03:59.194+0000] {logging_mixin.py:137} INFO - [2022-11-17T15:03:59.194+0000] {dagbag.py:537} INFO - Filling up the DagBag from /opt/airflow/dags/dag_catchup_backfill.py
[2022-11-17T15:03:59.228+0000] {processor.py:766} INFO - DAG(s) dict_keys(['dag_catchup_backfill_v1']) retrieved from /opt/airflow/dags/dag_catchup_backfill.py
[2022-11-17T15:03:59.298+0000] {logging_mixin.py:137} INFO - [2022-11-17T15:03:59.298+0000] {dag.py:2585} INFO - Sync 1 DAGs
[2022-11-17T15:03:59.344+0000] {logging_mixin.py:137} INFO - [2022-11-17T15:03:59.344+0000] {dag.py:3340} INFO - Setting next_dagrun for dag_catchup_backfill_v1 to 2022-11-17T00:00:00+00:00, run_after=2022-11-18T00:00:00+00:00
[2022-11-17T15:03:59.371+0000] {processor.py:176} INFO - Processing /opt/airflow/dags/dag_catchup_backfill.py took 0.184 seconds
[2022-11-17T15:04:29.777+0000] {processor.py:154} INFO - Started process (PID=3984) to work on /opt/airflow/dags/dag_catchup_backfill.py
[2022-11-17T15:04:29.778+0000] {processor.py:756} INFO - Processing file /opt/airflow/dags/dag_catchup_backfill.py for tasks to queue
[2022-11-17T15:04:29.779+0000] {logging_mixin.py:137} INFO - [2022-11-17T15:04:29.779+0000] {dagbag.py:537} INFO - Filling up the DagBag from /opt/airflow/dags/dag_catchup_backfill.py
[2022-11-17T15:04:29.801+0000] {processor.py:766} INFO - DAG(s) dict_keys(['dag_catchup_backfill_v1']) retrieved from /opt/airflow/dags/dag_catchup_backfill.py
[2022-11-17T15:04:29.855+0000] {logging_mixin.py:137} INFO - [2022-11-17T15:04:29.854+0000] {dag.py:2585} INFO - Sync 1 DAGs
[2022-11-17T15:04:29.898+0000] {logging_mixin.py:137} INFO - [2022-11-17T15:04:29.898+0000] {dag.py:3340} INFO - Setting next_dagrun for dag_catchup_backfill_v1 to 2022-11-17T00:00:00+00:00, run_after=2022-11-18T00:00:00+00:00
[2022-11-17T15:04:29.930+0000] {processor.py:176} INFO - Processing /opt/airflow/dags/dag_catchup_backfill.py took 0.158 seconds
[2022-11-17T15:05:00.418+0000] {processor.py:154} INFO - Started process (PID=4021) to work on /opt/airflow/dags/dag_catchup_backfill.py
[2022-11-17T15:05:00.420+0000] {processor.py:756} INFO - Processing file /opt/airflow/dags/dag_catchup_backfill.py for tasks to queue
[2022-11-17T15:05:00.421+0000] {logging_mixin.py:137} INFO - [2022-11-17T15:05:00.421+0000] {dagbag.py:537} INFO - Filling up the DagBag from /opt/airflow/dags/dag_catchup_backfill.py
[2022-11-17T15:05:00.464+0000] {processor.py:766} INFO - DAG(s) dict_keys(['dag_catchup_backfill_v1']) retrieved from /opt/airflow/dags/dag_catchup_backfill.py
[2022-11-17T15:05:00.535+0000] {logging_mixin.py:137} INFO - [2022-11-17T15:05:00.535+0000] {dag.py:2585} INFO - Sync 1 DAGs
[2022-11-17T15:05:00.578+0000] {logging_mixin.py:137} INFO - [2022-11-17T15:05:00.577+0000] {dag.py:3340} INFO - Setting next_dagrun for dag_catchup_backfill_v1 to 2022-11-17T00:00:00+00:00, run_after=2022-11-18T00:00:00+00:00
[2022-11-17T15:05:00.610+0000] {processor.py:176} INFO - Processing /opt/airflow/dags/dag_catchup_backfill.py took 0.200 seconds
[2022-11-17T15:05:12.971+0000] {processor.py:154} INFO - Started process (PID=4050) to work on /opt/airflow/dags/dag_catchup_backfill.py
[2022-11-17T15:05:12.973+0000] {processor.py:756} INFO - Processing file /opt/airflow/dags/dag_catchup_backfill.py for tasks to queue
[2022-11-17T15:05:12.976+0000] {logging_mixin.py:137} INFO - [2022-11-17T15:05:12.976+0000] {dagbag.py:537} INFO - Filling up the DagBag from /opt/airflow/dags/dag_catchup_backfill.py
[2022-11-17T15:05:13.021+0000] {processor.py:766} INFO - DAG(s) dict_keys(['dag_catchup_backfill_v1']) retrieved from /opt/airflow/dags/dag_catchup_backfill.py
[2022-11-17T15:05:13.280+0000] {logging_mixin.py:137} INFO - [2022-11-17T15:05:13.279+0000] {dag.py:2585} INFO - Sync 1 DAGs
[2022-11-17T15:05:13.339+0000] {logging_mixin.py:137} INFO - [2022-11-17T15:05:13.339+0000] {dag.py:3340} INFO - Setting next_dagrun for dag_catchup_backfill_v1 to 2022-11-10T00:00:00+00:00, run_after=2022-11-11T00:00:00+00:00
[2022-11-17T15:05:13.422+0000] {processor.py:176} INFO - Processing /opt/airflow/dags/dag_catchup_backfill.py took 0.472 seconds
[2022-11-17T15:05:43.562+0000] {processor.py:154} INFO - Started process (PID=4119) to work on /opt/airflow/dags/dag_catchup_backfill.py
[2022-11-17T15:05:43.564+0000] {processor.py:756} INFO - Processing file /opt/airflow/dags/dag_catchup_backfill.py for tasks to queue
[2022-11-17T15:05:43.565+0000] {logging_mixin.py:137} INFO - [2022-11-17T15:05:43.565+0000] {dagbag.py:537} INFO - Filling up the DagBag from /opt/airflow/dags/dag_catchup_backfill.py
[2022-11-17T15:05:43.616+0000] {processor.py:766} INFO - DAG(s) dict_keys(['dag_catchup_backfill_v1']) retrieved from /opt/airflow/dags/dag_catchup_backfill.py
[2022-11-17T15:05:43.693+0000] {logging_mixin.py:137} INFO - [2022-11-17T15:05:43.693+0000] {dag.py:2585} INFO - Sync 1 DAGs
[2022-11-17T15:05:43.752+0000] {logging_mixin.py:137} INFO - [2022-11-17T15:05:43.752+0000] {dag.py:3340} INFO - Setting next_dagrun for dag_catchup_backfill_v1 to 2022-11-17T00:00:00+00:00, run_after=2022-11-18T00:00:00+00:00
[2022-11-17T15:05:43.782+0000] {processor.py:176} INFO - Processing /opt/airflow/dags/dag_catchup_backfill.py took 0.225 seconds
[2022-11-17T15:06:14.186+0000] {processor.py:154} INFO - Started process (PID=4161) to work on /opt/airflow/dags/dag_catchup_backfill.py
[2022-11-17T15:06:14.187+0000] {processor.py:756} INFO - Processing file /opt/airflow/dags/dag_catchup_backfill.py for tasks to queue
[2022-11-17T15:06:14.189+0000] {logging_mixin.py:137} INFO - [2022-11-17T15:06:14.188+0000] {dagbag.py:537} INFO - Filling up the DagBag from /opt/airflow/dags/dag_catchup_backfill.py
[2022-11-17T15:06:14.212+0000] {processor.py:766} INFO - DAG(s) dict_keys(['dag_catchup_backfill_v1']) retrieved from /opt/airflow/dags/dag_catchup_backfill.py
[2022-11-17T15:06:14.276+0000] {logging_mixin.py:137} INFO - [2022-11-17T15:06:14.276+0000] {dag.py:2585} INFO - Sync 1 DAGs
[2022-11-17T15:06:14.318+0000] {logging_mixin.py:137} INFO - [2022-11-17T15:06:14.317+0000] {dag.py:3340} INFO - Setting next_dagrun for dag_catchup_backfill_v1 to 2022-11-17T00:00:00+00:00, run_after=2022-11-18T00:00:00+00:00
[2022-11-17T15:06:14.342+0000] {processor.py:176} INFO - Processing /opt/airflow/dags/dag_catchup_backfill.py took 0.160 seconds
[2022-11-17T15:06:44.765+0000] {processor.py:154} INFO - Started process (PID=4199) to work on /opt/airflow/dags/dag_catchup_backfill.py
[2022-11-17T15:06:44.766+0000] {processor.py:756} INFO - Processing file /opt/airflow/dags/dag_catchup_backfill.py for tasks to queue
[2022-11-17T15:06:44.767+0000] {logging_mixin.py:137} INFO - [2022-11-17T15:06:44.767+0000] {dagbag.py:537} INFO - Filling up the DagBag from /opt/airflow/dags/dag_catchup_backfill.py
[2022-11-17T15:06:44.791+0000] {processor.py:766} INFO - DAG(s) dict_keys(['dag_catchup_backfill_v1']) retrieved from /opt/airflow/dags/dag_catchup_backfill.py
[2022-11-17T15:06:44.845+0000] {logging_mixin.py:137} INFO - [2022-11-17T15:06:44.844+0000] {dag.py:2585} INFO - Sync 1 DAGs
[2022-11-17T15:06:44.886+0000] {logging_mixin.py:137} INFO - [2022-11-17T15:06:44.885+0000] {dag.py:3340} INFO - Setting next_dagrun for dag_catchup_backfill_v1 to 2022-11-17T00:00:00+00:00, run_after=2022-11-18T00:00:00+00:00
[2022-11-17T15:06:44.921+0000] {processor.py:176} INFO - Processing /opt/airflow/dags/dag_catchup_backfill.py took 0.159 seconds
[2022-11-17T15:07:15.430+0000] {processor.py:154} INFO - Started process (PID=4244) to work on /opt/airflow/dags/dag_catchup_backfill.py
[2022-11-17T15:07:15.431+0000] {processor.py:756} INFO - Processing file /opt/airflow/dags/dag_catchup_backfill.py for tasks to queue
[2022-11-17T15:07:15.432+0000] {logging_mixin.py:137} INFO - [2022-11-17T15:07:15.431+0000] {dagbag.py:537} INFO - Filling up the DagBag from /opt/airflow/dags/dag_catchup_backfill.py
[2022-11-17T15:07:15.454+0000] {processor.py:766} INFO - DAG(s) dict_keys(['dag_catchup_backfill_v1']) retrieved from /opt/airflow/dags/dag_catchup_backfill.py
[2022-11-17T15:07:15.505+0000] {logging_mixin.py:137} INFO - [2022-11-17T15:07:15.505+0000] {dag.py:2585} INFO - Sync 1 DAGs
[2022-11-17T15:07:15.555+0000] {logging_mixin.py:137} INFO - [2022-11-17T15:07:15.555+0000] {dag.py:3340} INFO - Setting next_dagrun for dag_catchup_backfill_v1 to 2022-11-17T00:00:00+00:00, run_after=2022-11-18T00:00:00+00:00
[2022-11-17T15:07:15.591+0000] {processor.py:176} INFO - Processing /opt/airflow/dags/dag_catchup_backfill.py took 0.164 seconds
[2022-11-17T15:07:45.886+0000] {processor.py:154} INFO - Started process (PID=4282) to work on /opt/airflow/dags/dag_catchup_backfill.py
[2022-11-17T15:07:45.888+0000] {processor.py:756} INFO - Processing file /opt/airflow/dags/dag_catchup_backfill.py for tasks to queue
[2022-11-17T15:07:45.888+0000] {logging_mixin.py:137} INFO - [2022-11-17T15:07:45.888+0000] {dagbag.py:537} INFO - Filling up the DagBag from /opt/airflow/dags/dag_catchup_backfill.py
[2022-11-17T15:07:45.910+0000] {processor.py:766} INFO - DAG(s) dict_keys(['dag_catchup_backfill_v1']) retrieved from /opt/airflow/dags/dag_catchup_backfill.py
[2022-11-17T15:07:45.981+0000] {logging_mixin.py:137} INFO - [2022-11-17T15:07:45.980+0000] {dag.py:2585} INFO - Sync 1 DAGs
[2022-11-17T15:07:46.047+0000] {logging_mixin.py:137} INFO - [2022-11-17T15:07:46.047+0000] {dag.py:3340} INFO - Setting next_dagrun for dag_catchup_backfill_v1 to 2022-11-17T00:00:00+00:00, run_after=2022-11-18T00:00:00+00:00
[2022-11-17T15:07:46.095+0000] {processor.py:176} INFO - Processing /opt/airflow/dags/dag_catchup_backfill.py took 0.217 seconds
[2022-11-17T15:08:04.177+0000] {processor.py:154} INFO - Started process (PID=4305) to work on /opt/airflow/dags/dag_catchup_backfill.py
[2022-11-17T15:08:04.179+0000] {processor.py:756} INFO - Processing file /opt/airflow/dags/dag_catchup_backfill.py for tasks to queue
[2022-11-17T15:08:04.180+0000] {logging_mixin.py:137} INFO - [2022-11-17T15:08:04.180+0000] {dagbag.py:537} INFO - Filling up the DagBag from /opt/airflow/dags/dag_catchup_backfill.py
[2022-11-17T15:08:04.232+0000] {processor.py:766} INFO - DAG(s) dict_keys(['dag_catchup_backfill_v2']) retrieved from /opt/airflow/dags/dag_catchup_backfill.py
[2022-11-17T15:08:04.580+0000] {logging_mixin.py:137} INFO - [2022-11-17T15:08:04.580+0000] {manager.py:507} INFO - Created Permission View: can edit on DAG:dag_catchup_backfill_v2
[2022-11-17T15:08:04.653+0000] {logging_mixin.py:137} INFO - [2022-11-17T15:08:04.653+0000] {manager.py:507} INFO - Created Permission View: can delete on DAG:dag_catchup_backfill_v2
[2022-11-17T15:08:04.687+0000] {logging_mixin.py:137} INFO - [2022-11-17T15:08:04.686+0000] {manager.py:507} INFO - Created Permission View: can read on DAG:dag_catchup_backfill_v2
[2022-11-17T15:08:04.687+0000] {logging_mixin.py:137} INFO - [2022-11-17T15:08:04.687+0000] {dag.py:2585} INFO - Sync 1 DAGs
[2022-11-17T15:08:04.749+0000] {logging_mixin.py:137} INFO - [2022-11-17T15:08:04.749+0000] {dag.py:2606} INFO - Creating ORM DAG for dag_catchup_backfill_v2
[2022-11-17T15:08:04.819+0000] {logging_mixin.py:137} INFO - [2022-11-17T15:08:04.818+0000] {dag.py:3340} INFO - Setting next_dagrun for dag_catchup_backfill_v2 to 2022-11-17T00:00:00+00:00, run_after=2022-11-18T00:00:00+00:00
[2022-11-17T15:08:04.877+0000] {processor.py:176} INFO - Processing /opt/airflow/dags/dag_catchup_backfill.py took 0.705 seconds
[2022-11-17T15:08:35.357+0000] {processor.py:154} INFO - Started process (PID=4344) to work on /opt/airflow/dags/dag_catchup_backfill.py
[2022-11-17T15:08:35.357+0000] {processor.py:756} INFO - Processing file /opt/airflow/dags/dag_catchup_backfill.py for tasks to queue
[2022-11-17T15:08:35.359+0000] {logging_mixin.py:137} INFO - [2022-11-17T15:08:35.358+0000] {dagbag.py:537} INFO - Filling up the DagBag from /opt/airflow/dags/dag_catchup_backfill.py
[2022-11-17T15:08:35.386+0000] {processor.py:766} INFO - DAG(s) dict_keys(['dag_catchup_backfill_v2']) retrieved from /opt/airflow/dags/dag_catchup_backfill.py
[2022-11-17T15:08:35.450+0000] {logging_mixin.py:137} INFO - [2022-11-17T15:08:35.450+0000] {dag.py:2585} INFO - Sync 1 DAGs
[2022-11-17T15:08:35.496+0000] {logging_mixin.py:137} INFO - [2022-11-17T15:08:35.496+0000] {dag.py:3340} INFO - Setting next_dagrun for dag_catchup_backfill_v2 to 2022-11-17T00:00:00+00:00, run_after=2022-11-18T00:00:00+00:00
[2022-11-17T15:08:35.525+0000] {processor.py:176} INFO - Processing /opt/airflow/dags/dag_catchup_backfill.py took 0.172 seconds
[2022-11-17T15:09:06.089+0000] {processor.py:154} INFO - Started process (PID=4382) to work on /opt/airflow/dags/dag_catchup_backfill.py
[2022-11-17T15:09:06.095+0000] {processor.py:756} INFO - Processing file /opt/airflow/dags/dag_catchup_backfill.py for tasks to queue
[2022-11-17T15:09:06.096+0000] {logging_mixin.py:137} INFO - [2022-11-17T15:09:06.096+0000] {dagbag.py:537} INFO - Filling up the DagBag from /opt/airflow/dags/dag_catchup_backfill.py
[2022-11-17T15:09:06.115+0000] {processor.py:766} INFO - DAG(s) dict_keys(['dag_catchup_backfill_v2']) retrieved from /opt/airflow/dags/dag_catchup_backfill.py
[2022-11-17T15:09:06.161+0000] {logging_mixin.py:137} INFO - [2022-11-17T15:09:06.161+0000] {dag.py:2585} INFO - Sync 1 DAGs
[2022-11-17T15:09:06.196+0000] {logging_mixin.py:137} INFO - [2022-11-17T15:09:06.196+0000] {dag.py:3340} INFO - Setting next_dagrun for dag_catchup_backfill_v2 to 2022-11-17T00:00:00+00:00, run_after=2022-11-18T00:00:00+00:00
[2022-11-17T15:09:06.230+0000] {processor.py:176} INFO - Processing /opt/airflow/dags/dag_catchup_backfill.py took 0.144 seconds
[2022-11-17T15:09:36.501+0000] {processor.py:154} INFO - Started process (PID=4428) to work on /opt/airflow/dags/dag_catchup_backfill.py
[2022-11-17T15:09:36.501+0000] {processor.py:756} INFO - Processing file /opt/airflow/dags/dag_catchup_backfill.py for tasks to queue
[2022-11-17T15:09:36.502+0000] {logging_mixin.py:137} INFO - [2022-11-17T15:09:36.502+0000] {dagbag.py:537} INFO - Filling up the DagBag from /opt/airflow/dags/dag_catchup_backfill.py
[2022-11-17T15:09:36.526+0000] {processor.py:766} INFO - DAG(s) dict_keys(['dag_catchup_backfill_v2']) retrieved from /opt/airflow/dags/dag_catchup_backfill.py
[2022-11-17T15:09:36.582+0000] {logging_mixin.py:137} INFO - [2022-11-17T15:09:36.582+0000] {dag.py:2585} INFO - Sync 1 DAGs
[2022-11-17T15:09:36.625+0000] {logging_mixin.py:137} INFO - [2022-11-17T15:09:36.624+0000] {dag.py:3340} INFO - Setting next_dagrun for dag_catchup_backfill_v2 to 2022-11-17T00:00:00+00:00, run_after=2022-11-18T00:00:00+00:00
[2022-11-17T15:09:36.652+0000] {processor.py:176} INFO - Processing /opt/airflow/dags/dag_catchup_backfill.py took 0.155 seconds
[2022-11-17T15:10:06.955+0000] {processor.py:154} INFO - Started process (PID=4465) to work on /opt/airflow/dags/dag_catchup_backfill.py
[2022-11-17T15:10:06.956+0000] {processor.py:756} INFO - Processing file /opt/airflow/dags/dag_catchup_backfill.py for tasks to queue
[2022-11-17T15:10:06.957+0000] {logging_mixin.py:137} INFO - [2022-11-17T15:10:06.957+0000] {dagbag.py:537} INFO - Filling up the DagBag from /opt/airflow/dags/dag_catchup_backfill.py
[2022-11-17T15:10:06.982+0000] {processor.py:766} INFO - DAG(s) dict_keys(['dag_catchup_backfill_v2']) retrieved from /opt/airflow/dags/dag_catchup_backfill.py
[2022-11-17T15:10:07.037+0000] {logging_mixin.py:137} INFO - [2022-11-17T15:10:07.036+0000] {dag.py:2585} INFO - Sync 1 DAGs
[2022-11-17T15:10:07.080+0000] {logging_mixin.py:137} INFO - [2022-11-17T15:10:07.080+0000] {dag.py:3340} INFO - Setting next_dagrun for dag_catchup_backfill_v2 to 2022-11-17T00:00:00+00:00, run_after=2022-11-18T00:00:00+00:00
[2022-11-17T15:10:07.108+0000] {processor.py:176} INFO - Processing /opt/airflow/dags/dag_catchup_backfill.py took 0.156 seconds
[2022-11-17T15:10:37.414+0000] {processor.py:154} INFO - Started process (PID=4511) to work on /opt/airflow/dags/dag_catchup_backfill.py
[2022-11-17T15:10:37.415+0000] {processor.py:756} INFO - Processing file /opt/airflow/dags/dag_catchup_backfill.py for tasks to queue
[2022-11-17T15:10:37.416+0000] {logging_mixin.py:137} INFO - [2022-11-17T15:10:37.416+0000] {dagbag.py:537} INFO - Filling up the DagBag from /opt/airflow/dags/dag_catchup_backfill.py
[2022-11-17T15:10:37.447+0000] {processor.py:766} INFO - DAG(s) dict_keys(['dag_catchup_backfill_v2']) retrieved from /opt/airflow/dags/dag_catchup_backfill.py
[2022-11-17T15:10:37.518+0000] {logging_mixin.py:137} INFO - [2022-11-17T15:10:37.518+0000] {dag.py:2585} INFO - Sync 1 DAGs
[2022-11-17T15:10:37.581+0000] {logging_mixin.py:137} INFO - [2022-11-17T15:10:37.581+0000] {dag.py:3340} INFO - Setting next_dagrun for dag_catchup_backfill_v2 to 2022-11-17T00:00:00+00:00, run_after=2022-11-18T00:00:00+00:00
[2022-11-17T15:10:37.617+0000] {processor.py:176} INFO - Processing /opt/airflow/dags/dag_catchup_backfill.py took 0.208 seconds
[2022-11-17T15:11:07.970+0000] {processor.py:154} INFO - Started process (PID=4548) to work on /opt/airflow/dags/dag_catchup_backfill.py
[2022-11-17T15:11:07.971+0000] {processor.py:756} INFO - Processing file /opt/airflow/dags/dag_catchup_backfill.py for tasks to queue
[2022-11-17T15:11:07.972+0000] {logging_mixin.py:137} INFO - [2022-11-17T15:11:07.972+0000] {dagbag.py:537} INFO - Filling up the DagBag from /opt/airflow/dags/dag_catchup_backfill.py
[2022-11-17T15:11:07.995+0000] {processor.py:766} INFO - DAG(s) dict_keys(['dag_catchup_backfill_v2']) retrieved from /opt/airflow/dags/dag_catchup_backfill.py
[2022-11-17T15:11:08.043+0000] {logging_mixin.py:137} INFO - [2022-11-17T15:11:08.043+0000] {dag.py:2585} INFO - Sync 1 DAGs
[2022-11-17T15:11:08.083+0000] {logging_mixin.py:137} INFO - [2022-11-17T15:11:08.082+0000] {dag.py:3340} INFO - Setting next_dagrun for dag_catchup_backfill_v2 to 2022-11-17T00:00:00+00:00, run_after=2022-11-18T00:00:00+00:00
[2022-11-17T15:11:08.111+0000] {processor.py:176} INFO - Processing /opt/airflow/dags/dag_catchup_backfill.py took 0.144 seconds
[2022-11-17T15:11:38.422+0000] {processor.py:154} INFO - Started process (PID=4601) to work on /opt/airflow/dags/dag_catchup_backfill.py
[2022-11-17T15:11:38.423+0000] {processor.py:756} INFO - Processing file /opt/airflow/dags/dag_catchup_backfill.py for tasks to queue
[2022-11-17T15:11:38.424+0000] {logging_mixin.py:137} INFO - [2022-11-17T15:11:38.423+0000] {dagbag.py:537} INFO - Filling up the DagBag from /opt/airflow/dags/dag_catchup_backfill.py
[2022-11-17T15:11:38.446+0000] {processor.py:766} INFO - DAG(s) dict_keys(['dag_catchup_backfill_v2']) retrieved from /opt/airflow/dags/dag_catchup_backfill.py
[2022-11-17T15:11:38.504+0000] {logging_mixin.py:137} INFO - [2022-11-17T15:11:38.504+0000] {dag.py:2585} INFO - Sync 1 DAGs
[2022-11-17T15:11:38.556+0000] {logging_mixin.py:137} INFO - [2022-11-17T15:11:38.556+0000] {dag.py:3340} INFO - Setting next_dagrun for dag_catchup_backfill_v2 to 2022-11-17T00:00:00+00:00, run_after=2022-11-18T00:00:00+00:00
[2022-11-17T15:11:38.623+0000] {processor.py:176} INFO - Processing /opt/airflow/dags/dag_catchup_backfill.py took 0.205 seconds
[2022-11-17T15:12:09.003+0000] {processor.py:154} INFO - Started process (PID=4653) to work on /opt/airflow/dags/dag_catchup_backfill.py
[2022-11-17T15:12:09.005+0000] {processor.py:756} INFO - Processing file /opt/airflow/dags/dag_catchup_backfill.py for tasks to queue
[2022-11-17T15:12:09.006+0000] {logging_mixin.py:137} INFO - [2022-11-17T15:12:09.006+0000] {dagbag.py:537} INFO - Filling up the DagBag from /opt/airflow/dags/dag_catchup_backfill.py
[2022-11-17T15:12:09.041+0000] {processor.py:766} INFO - DAG(s) dict_keys(['dag_catchup_backfill_v2']) retrieved from /opt/airflow/dags/dag_catchup_backfill.py
[2022-11-17T15:12:09.106+0000] {logging_mixin.py:137} INFO - [2022-11-17T15:12:09.106+0000] {dag.py:2585} INFO - Sync 1 DAGs
[2022-11-17T15:12:09.148+0000] {logging_mixin.py:137} INFO - [2022-11-17T15:12:09.148+0000] {dag.py:3340} INFO - Setting next_dagrun for dag_catchup_backfill_v2 to 2022-11-17T00:00:00+00:00, run_after=2022-11-18T00:00:00+00:00
[2022-11-17T15:12:09.179+0000] {processor.py:176} INFO - Processing /opt/airflow/dags/dag_catchup_backfill.py took 0.197 seconds
[2022-11-17T15:12:39.622+0000] {processor.py:154} INFO - Started process (PID=4690) to work on /opt/airflow/dags/dag_catchup_backfill.py
[2022-11-17T15:12:39.623+0000] {processor.py:756} INFO - Processing file /opt/airflow/dags/dag_catchup_backfill.py for tasks to queue
[2022-11-17T15:12:39.624+0000] {logging_mixin.py:137} INFO - [2022-11-17T15:12:39.624+0000] {dagbag.py:537} INFO - Filling up the DagBag from /opt/airflow/dags/dag_catchup_backfill.py
[2022-11-17T15:12:39.643+0000] {processor.py:766} INFO - DAG(s) dict_keys(['dag_catchup_backfill_v2']) retrieved from /opt/airflow/dags/dag_catchup_backfill.py
[2022-11-17T15:12:39.699+0000] {logging_mixin.py:137} INFO - [2022-11-17T15:12:39.699+0000] {dag.py:2585} INFO - Sync 1 DAGs
[2022-11-17T15:12:39.736+0000] {logging_mixin.py:137} INFO - [2022-11-17T15:12:39.735+0000] {dag.py:3340} INFO - Setting next_dagrun for dag_catchup_backfill_v2 to 2022-11-17T00:00:00+00:00, run_after=2022-11-18T00:00:00+00:00
[2022-11-17T15:12:39.765+0000] {processor.py:176} INFO - Processing /opt/airflow/dags/dag_catchup_backfill.py took 0.146 seconds
[2022-11-17T15:13:10.226+0000] {processor.py:154} INFO - Started process (PID=4737) to work on /opt/airflow/dags/dag_catchup_backfill.py
[2022-11-17T15:13:10.227+0000] {processor.py:756} INFO - Processing file /opt/airflow/dags/dag_catchup_backfill.py for tasks to queue
[2022-11-17T15:13:10.228+0000] {logging_mixin.py:137} INFO - [2022-11-17T15:13:10.228+0000] {dagbag.py:537} INFO - Filling up the DagBag from /opt/airflow/dags/dag_catchup_backfill.py
[2022-11-17T15:13:10.248+0000] {processor.py:766} INFO - DAG(s) dict_keys(['dag_catchup_backfill_v2']) retrieved from /opt/airflow/dags/dag_catchup_backfill.py
[2022-11-17T15:13:10.297+0000] {logging_mixin.py:137} INFO - [2022-11-17T15:13:10.297+0000] {dag.py:2585} INFO - Sync 1 DAGs
[2022-11-17T15:13:10.334+0000] {logging_mixin.py:137} INFO - [2022-11-17T15:13:10.333+0000] {dag.py:3340} INFO - Setting next_dagrun for dag_catchup_backfill_v2 to 2022-11-17T00:00:00+00:00, run_after=2022-11-18T00:00:00+00:00
[2022-11-17T15:13:10.361+0000] {processor.py:176} INFO - Processing /opt/airflow/dags/dag_catchup_backfill.py took 0.138 seconds
[2022-11-17T15:13:40.725+0000] {processor.py:154} INFO - Started process (PID=4777) to work on /opt/airflow/dags/dag_catchup_backfill.py
[2022-11-17T15:13:40.727+0000] {processor.py:756} INFO - Processing file /opt/airflow/dags/dag_catchup_backfill.py for tasks to queue
[2022-11-17T15:13:40.728+0000] {logging_mixin.py:137} INFO - [2022-11-17T15:13:40.728+0000] {dagbag.py:537} INFO - Filling up the DagBag from /opt/airflow/dags/dag_catchup_backfill.py
[2022-11-17T15:13:40.759+0000] {processor.py:766} INFO - DAG(s) dict_keys(['dag_catchup_backfill_v2']) retrieved from /opt/airflow/dags/dag_catchup_backfill.py
[2022-11-17T15:13:40.818+0000] {logging_mixin.py:137} INFO - [2022-11-17T15:13:40.817+0000] {dag.py:2585} INFO - Sync 1 DAGs
[2022-11-17T15:13:40.881+0000] {logging_mixin.py:137} INFO - [2022-11-17T15:13:40.881+0000] {dag.py:3340} INFO - Setting next_dagrun for dag_catchup_backfill_v2 to 2022-11-17T00:00:00+00:00, run_after=2022-11-18T00:00:00+00:00
[2022-11-17T15:13:40.927+0000] {processor.py:176} INFO - Processing /opt/airflow/dags/dag_catchup_backfill.py took 0.210 seconds
[2022-11-17T15:14:11.200+0000] {processor.py:154} INFO - Started process (PID=4824) to work on /opt/airflow/dags/dag_catchup_backfill.py
[2022-11-17T15:14:11.202+0000] {processor.py:756} INFO - Processing file /opt/airflow/dags/dag_catchup_backfill.py for tasks to queue
[2022-11-17T15:14:11.202+0000] {logging_mixin.py:137} INFO - [2022-11-17T15:14:11.202+0000] {dagbag.py:537} INFO - Filling up the DagBag from /opt/airflow/dags/dag_catchup_backfill.py
[2022-11-17T15:14:11.227+0000] {processor.py:766} INFO - DAG(s) dict_keys(['dag_catchup_backfill_v2']) retrieved from /opt/airflow/dags/dag_catchup_backfill.py
[2022-11-17T15:14:11.304+0000] {logging_mixin.py:137} INFO - [2022-11-17T15:14:11.304+0000] {dag.py:2585} INFO - Sync 1 DAGs
[2022-11-17T15:14:11.345+0000] {logging_mixin.py:137} INFO - [2022-11-17T15:14:11.345+0000] {dag.py:3340} INFO - Setting next_dagrun for dag_catchup_backfill_v2 to 2022-11-17T00:00:00+00:00, run_after=2022-11-18T00:00:00+00:00
[2022-11-17T15:14:11.372+0000] {processor.py:176} INFO - Processing /opt/airflow/dags/dag_catchup_backfill.py took 0.178 seconds
[2022-11-17T15:14:41.797+0000] {processor.py:154} INFO - Started process (PID=5091) to work on /opt/airflow/dags/dag_catchup_backfill.py
[2022-11-17T15:14:41.800+0000] {processor.py:756} INFO - Processing file /opt/airflow/dags/dag_catchup_backfill.py for tasks to queue
[2022-11-17T15:14:41.802+0000] {logging_mixin.py:137} INFO - [2022-11-17T15:14:41.801+0000] {dagbag.py:537} INFO - Filling up the DagBag from /opt/airflow/dags/dag_catchup_backfill.py
[2022-11-17T15:14:41.897+0000] {processor.py:766} INFO - DAG(s) dict_keys(['dag_catchup_backfill_v2']) retrieved from /opt/airflow/dags/dag_catchup_backfill.py
[2022-11-17T15:14:42.086+0000] {logging_mixin.py:137} INFO - [2022-11-17T15:14:42.085+0000] {dag.py:2585} INFO - Sync 1 DAGs
[2022-11-17T15:14:42.166+0000] {logging_mixin.py:137} INFO - [2022-11-17T15:14:42.166+0000] {dag.py:3340} INFO - Setting next_dagrun for dag_catchup_backfill_v2 to 2022-11-17T00:00:00+00:00, run_after=2022-11-18T00:00:00+00:00
[2022-11-17T15:14:42.209+0000] {processor.py:176} INFO - Processing /opt/airflow/dags/dag_catchup_backfill.py took 0.444 seconds
[2022-11-17T15:15:12.696+0000] {processor.py:154} INFO - Started process (PID=5137) to work on /opt/airflow/dags/dag_catchup_backfill.py
[2022-11-17T15:15:12.697+0000] {processor.py:756} INFO - Processing file /opt/airflow/dags/dag_catchup_backfill.py for tasks to queue
[2022-11-17T15:15:12.698+0000] {logging_mixin.py:137} INFO - [2022-11-17T15:15:12.698+0000] {dagbag.py:537} INFO - Filling up the DagBag from /opt/airflow/dags/dag_catchup_backfill.py
[2022-11-17T15:15:12.737+0000] {processor.py:766} INFO - DAG(s) dict_keys(['dag_catchup_backfill_v2']) retrieved from /opt/airflow/dags/dag_catchup_backfill.py
[2022-11-17T15:15:12.828+0000] {logging_mixin.py:137} INFO - [2022-11-17T15:15:12.828+0000] {dag.py:2585} INFO - Sync 1 DAGs
[2022-11-17T15:15:12.892+0000] {logging_mixin.py:137} INFO - [2022-11-17T15:15:12.892+0000] {dag.py:3340} INFO - Setting next_dagrun for dag_catchup_backfill_v2 to 2022-11-17T00:00:00+00:00, run_after=2022-11-18T00:00:00+00:00
[2022-11-17T15:15:12.930+0000] {processor.py:176} INFO - Processing /opt/airflow/dags/dag_catchup_backfill.py took 0.244 seconds
[2022-11-17T15:15:43.332+0000] {processor.py:154} INFO - Started process (PID=5175) to work on /opt/airflow/dags/dag_catchup_backfill.py
[2022-11-17T15:15:43.333+0000] {processor.py:756} INFO - Processing file /opt/airflow/dags/dag_catchup_backfill.py for tasks to queue
[2022-11-17T15:15:43.334+0000] {logging_mixin.py:137} INFO - [2022-11-17T15:15:43.333+0000] {dagbag.py:537} INFO - Filling up the DagBag from /opt/airflow/dags/dag_catchup_backfill.py
[2022-11-17T15:15:43.369+0000] {processor.py:766} INFO - DAG(s) dict_keys(['dag_catchup_backfill_v2']) retrieved from /opt/airflow/dags/dag_catchup_backfill.py
[2022-11-17T15:15:43.448+0000] {logging_mixin.py:137} INFO - [2022-11-17T15:15:43.447+0000] {dag.py:2585} INFO - Sync 1 DAGs
[2022-11-17T15:15:43.509+0000] {logging_mixin.py:137} INFO - [2022-11-17T15:15:43.508+0000] {dag.py:3340} INFO - Setting next_dagrun for dag_catchup_backfill_v2 to 2022-11-17T00:00:00+00:00, run_after=2022-11-18T00:00:00+00:00
[2022-11-17T15:15:43.550+0000] {processor.py:176} INFO - Processing /opt/airflow/dags/dag_catchup_backfill.py took 0.222 seconds
[2022-11-17T15:16:14.005+0000] {processor.py:154} INFO - Started process (PID=5214) to work on /opt/airflow/dags/dag_catchup_backfill.py
[2022-11-17T15:16:14.006+0000] {processor.py:756} INFO - Processing file /opt/airflow/dags/dag_catchup_backfill.py for tasks to queue
[2022-11-17T15:16:14.007+0000] {logging_mixin.py:137} INFO - [2022-11-17T15:16:14.007+0000] {dagbag.py:537} INFO - Filling up the DagBag from /opt/airflow/dags/dag_catchup_backfill.py
[2022-11-17T15:16:14.030+0000] {processor.py:766} INFO - DAG(s) dict_keys(['dag_catchup_backfill_v2']) retrieved from /opt/airflow/dags/dag_catchup_backfill.py
[2022-11-17T15:16:14.098+0000] {logging_mixin.py:137} INFO - [2022-11-17T15:16:14.098+0000] {dag.py:2585} INFO - Sync 1 DAGs
[2022-11-17T15:16:14.144+0000] {logging_mixin.py:137} INFO - [2022-11-17T15:16:14.144+0000] {dag.py:3340} INFO - Setting next_dagrun for dag_catchup_backfill_v2 to 2022-11-17T00:00:00+00:00, run_after=2022-11-18T00:00:00+00:00
[2022-11-17T15:16:14.176+0000] {processor.py:176} INFO - Processing /opt/airflow/dags/dag_catchup_backfill.py took 0.177 seconds
[2022-11-17T15:16:44.617+0000] {processor.py:154} INFO - Started process (PID=5261) to work on /opt/airflow/dags/dag_catchup_backfill.py
[2022-11-17T15:16:44.620+0000] {processor.py:756} INFO - Processing file /opt/airflow/dags/dag_catchup_backfill.py for tasks to queue
[2022-11-17T15:16:44.621+0000] {logging_mixin.py:137} INFO - [2022-11-17T15:16:44.621+0000] {dagbag.py:537} INFO - Filling up the DagBag from /opt/airflow/dags/dag_catchup_backfill.py
[2022-11-17T15:16:44.653+0000] {processor.py:766} INFO - DAG(s) dict_keys(['dag_catchup_backfill_v2']) retrieved from /opt/airflow/dags/dag_catchup_backfill.py
[2022-11-17T15:16:44.713+0000] {logging_mixin.py:137} INFO - [2022-11-17T15:16:44.713+0000] {dag.py:2585} INFO - Sync 1 DAGs
[2022-11-17T15:16:44.761+0000] {logging_mixin.py:137} INFO - [2022-11-17T15:16:44.761+0000] {dag.py:3340} INFO - Setting next_dagrun for dag_catchup_backfill_v2 to 2022-11-17T00:00:00+00:00, run_after=2022-11-18T00:00:00+00:00
[2022-11-17T15:16:44.792+0000] {processor.py:176} INFO - Processing /opt/airflow/dags/dag_catchup_backfill.py took 0.178 seconds
[2022-11-17T15:17:15.290+0000] {processor.py:154} INFO - Started process (PID=5297) to work on /opt/airflow/dags/dag_catchup_backfill.py
[2022-11-17T15:17:15.291+0000] {processor.py:756} INFO - Processing file /opt/airflow/dags/dag_catchup_backfill.py for tasks to queue
[2022-11-17T15:17:15.292+0000] {logging_mixin.py:137} INFO - [2022-11-17T15:17:15.292+0000] {dagbag.py:537} INFO - Filling up the DagBag from /opt/airflow/dags/dag_catchup_backfill.py
[2022-11-17T15:17:15.312+0000] {processor.py:766} INFO - DAG(s) dict_keys(['dag_catchup_backfill_v2']) retrieved from /opt/airflow/dags/dag_catchup_backfill.py
[2022-11-17T15:17:15.359+0000] {logging_mixin.py:137} INFO - [2022-11-17T15:17:15.359+0000] {dag.py:2585} INFO - Sync 1 DAGs
[2022-11-17T15:17:15.396+0000] {logging_mixin.py:137} INFO - [2022-11-17T15:17:15.396+0000] {dag.py:3340} INFO - Setting next_dagrun for dag_catchup_backfill_v2 to 2022-11-17T00:00:00+00:00, run_after=2022-11-18T00:00:00+00:00
[2022-11-17T15:17:15.425+0000] {processor.py:176} INFO - Processing /opt/airflow/dags/dag_catchup_backfill.py took 0.139 seconds
[2022-11-17T15:41:22.121+0000] {processor.py:154} INFO - Started process (PID=7477) to work on /opt/airflow/dags/dag_catchup_backfill.py
[2022-11-17T15:41:22.122+0000] {processor.py:756} INFO - Processing file /opt/airflow/dags/dag_catchup_backfill.py for tasks to queue
[2022-11-17T15:41:22.123+0000] {logging_mixin.py:137} INFO - [2022-11-17T15:41:22.122+0000] {dagbag.py:537} INFO - Filling up the DagBag from /opt/airflow/dags/dag_catchup_backfill.py
[2022-11-17T15:41:22.145+0000] {processor.py:766} INFO - DAG(s) dict_keys(['dag_catchup_backfill_v2']) retrieved from /opt/airflow/dags/dag_catchup_backfill.py
[2022-11-17T15:41:22.190+0000] {logging_mixin.py:137} INFO - [2022-11-17T15:41:22.190+0000] {dag.py:2585} INFO - Sync 1 DAGs
[2022-11-17T15:41:22.229+0000] {logging_mixin.py:137} INFO - [2022-11-17T15:41:22.229+0000] {dag.py:3340} INFO - Setting next_dagrun for dag_catchup_backfill_v2 to 2022-11-17T00:00:00+00:00, run_after=2022-11-18T00:00:00+00:00
[2022-11-17T15:41:22.254+0000] {processor.py:176} INFO - Processing /opt/airflow/dags/dag_catchup_backfill.py took 0.136 seconds
[2022-11-17T15:41:52.616+0000] {processor.py:154} INFO - Started process (PID=7516) to work on /opt/airflow/dags/dag_catchup_backfill.py
[2022-11-17T15:41:52.618+0000] {processor.py:756} INFO - Processing file /opt/airflow/dags/dag_catchup_backfill.py for tasks to queue
[2022-11-17T15:41:52.618+0000] {logging_mixin.py:137} INFO - [2022-11-17T15:41:52.618+0000] {dagbag.py:537} INFO - Filling up the DagBag from /opt/airflow/dags/dag_catchup_backfill.py
[2022-11-17T15:41:52.638+0000] {processor.py:766} INFO - DAG(s) dict_keys(['dag_catchup_backfill_v2']) retrieved from /opt/airflow/dags/dag_catchup_backfill.py
[2022-11-17T15:41:52.693+0000] {logging_mixin.py:137} INFO - [2022-11-17T15:41:52.692+0000] {dag.py:2585} INFO - Sync 1 DAGs
[2022-11-17T15:41:52.730+0000] {logging_mixin.py:137} INFO - [2022-11-17T15:41:52.730+0000] {dag.py:3340} INFO - Setting next_dagrun for dag_catchup_backfill_v2 to 2022-11-17T00:00:00+00:00, run_after=2022-11-18T00:00:00+00:00
[2022-11-17T15:41:52.754+0000] {processor.py:176} INFO - Processing /opt/airflow/dags/dag_catchup_backfill.py took 0.141 seconds
[2022-11-17T15:42:23.273+0000] {processor.py:154} INFO - Started process (PID=7562) to work on /opt/airflow/dags/dag_catchup_backfill.py
[2022-11-17T15:42:23.274+0000] {processor.py:756} INFO - Processing file /opt/airflow/dags/dag_catchup_backfill.py for tasks to queue
[2022-11-17T15:42:23.274+0000] {logging_mixin.py:137} INFO - [2022-11-17T15:42:23.274+0000] {dagbag.py:537} INFO - Filling up the DagBag from /opt/airflow/dags/dag_catchup_backfill.py
[2022-11-17T15:42:23.294+0000] {processor.py:766} INFO - DAG(s) dict_keys(['dag_catchup_backfill_v2']) retrieved from /opt/airflow/dags/dag_catchup_backfill.py
[2022-11-17T15:42:23.344+0000] {logging_mixin.py:137} INFO - [2022-11-17T15:42:23.344+0000] {dag.py:2585} INFO - Sync 1 DAGs
[2022-11-17T15:42:23.383+0000] {logging_mixin.py:137} INFO - [2022-11-17T15:42:23.383+0000] {dag.py:3340} INFO - Setting next_dagrun for dag_catchup_backfill_v2 to 2022-11-17T00:00:00+00:00, run_after=2022-11-18T00:00:00+00:00
[2022-11-17T15:42:23.408+0000] {processor.py:176} INFO - Processing /opt/airflow/dags/dag_catchup_backfill.py took 0.140 seconds
