[2022-11-17T15:22:22.415+0000] {processor.py:154} INFO - Started process (PID=5724) to work on /opt/airflow/dags/dag_cron_expression.py
[2022-11-17T15:22:22.416+0000] {processor.py:756} INFO - Processing file /opt/airflow/dags/dag_cron_expression.py for tasks to queue
[2022-11-17T15:22:22.417+0000] {logging_mixin.py:137} INFO - [2022-11-17T15:22:22.417+0000] {dagbag.py:537} INFO - Filling up the DagBag from /opt/airflow/dags/dag_cron_expression.py
[2022-11-17T15:22:22.420+0000] {processor.py:768} WARNING - No viable dags retrieved from /opt/airflow/dags/dag_cron_expression.py
[2022-11-17T15:22:22.439+0000] {processor.py:176} INFO - Processing /opt/airflow/dags/dag_cron_expression.py took 0.028 seconds
[2022-11-17T15:22:53.043+0000] {processor.py:154} INFO - Started process (PID=5777) to work on /opt/airflow/dags/dag_cron_expression.py
[2022-11-17T15:22:53.044+0000] {processor.py:756} INFO - Processing file /opt/airflow/dags/dag_cron_expression.py for tasks to queue
[2022-11-17T15:22:53.045+0000] {logging_mixin.py:137} INFO - [2022-11-17T15:22:53.045+0000] {dagbag.py:537} INFO - Filling up the DagBag from /opt/airflow/dags/dag_cron_expression.py
[2022-11-17T15:22:53.047+0000] {processor.py:768} WARNING - No viable dags retrieved from /opt/airflow/dags/dag_cron_expression.py
[2022-11-17T15:22:53.065+0000] {processor.py:176} INFO - Processing /opt/airflow/dags/dag_cron_expression.py took 0.025 seconds
[2022-11-17T15:23:23.674+0000] {processor.py:154} INFO - Started process (PID=5820) to work on /opt/airflow/dags/dag_cron_expression.py
[2022-11-17T15:23:23.675+0000] {processor.py:756} INFO - Processing file /opt/airflow/dags/dag_cron_expression.py for tasks to queue
[2022-11-17T15:23:23.676+0000] {logging_mixin.py:137} INFO - [2022-11-17T15:23:23.676+0000] {dagbag.py:537} INFO - Filling up the DagBag from /opt/airflow/dags/dag_cron_expression.py
[2022-11-17T15:23:23.677+0000] {processor.py:768} WARNING - No viable dags retrieved from /opt/airflow/dags/dag_cron_expression.py
[2022-11-17T15:23:23.692+0000] {processor.py:176} INFO - Processing /opt/airflow/dags/dag_cron_expression.py took 0.021 seconds
[2022-11-17T15:23:54.346+0000] {processor.py:154} INFO - Started process (PID=5862) to work on /opt/airflow/dags/dag_cron_expression.py
[2022-11-17T15:23:54.347+0000] {processor.py:756} INFO - Processing file /opt/airflow/dags/dag_cron_expression.py for tasks to queue
[2022-11-17T15:23:54.349+0000] {logging_mixin.py:137} INFO - [2022-11-17T15:23:54.348+0000] {dagbag.py:537} INFO - Filling up the DagBag from /opt/airflow/dags/dag_cron_expression.py
[2022-11-17T15:23:54.351+0000] {processor.py:768} WARNING - No viable dags retrieved from /opt/airflow/dags/dag_cron_expression.py
[2022-11-17T15:23:54.377+0000] {processor.py:176} INFO - Processing /opt/airflow/dags/dag_cron_expression.py took 0.036 seconds
[2022-11-17T15:24:24.962+0000] {processor.py:154} INFO - Started process (PID=5914) to work on /opt/airflow/dags/dag_cron_expression.py
[2022-11-17T15:24:24.963+0000] {processor.py:756} INFO - Processing file /opt/airflow/dags/dag_cron_expression.py for tasks to queue
[2022-11-17T15:24:24.964+0000] {logging_mixin.py:137} INFO - [2022-11-17T15:24:24.964+0000] {dagbag.py:537} INFO - Filling up the DagBag from /opt/airflow/dags/dag_cron_expression.py
[2022-11-17T15:24:24.966+0000] {processor.py:768} WARNING - No viable dags retrieved from /opt/airflow/dags/dag_cron_expression.py
[2022-11-17T15:24:24.982+0000] {processor.py:176} INFO - Processing /opt/airflow/dags/dag_cron_expression.py took 0.023 seconds
[2022-11-17T15:24:55.617+0000] {processor.py:154} INFO - Started process (PID=5957) to work on /opt/airflow/dags/dag_cron_expression.py
[2022-11-17T15:24:55.618+0000] {processor.py:756} INFO - Processing file /opt/airflow/dags/dag_cron_expression.py for tasks to queue
[2022-11-17T15:24:55.619+0000] {logging_mixin.py:137} INFO - [2022-11-17T15:24:55.619+0000] {dagbag.py:537} INFO - Filling up the DagBag from /opt/airflow/dags/dag_cron_expression.py
[2022-11-17T15:24:55.621+0000] {processor.py:768} WARNING - No viable dags retrieved from /opt/airflow/dags/dag_cron_expression.py
[2022-11-17T15:24:55.638+0000] {processor.py:176} INFO - Processing /opt/airflow/dags/dag_cron_expression.py took 0.026 seconds
[2022-11-17T15:25:26.326+0000] {processor.py:154} INFO - Started process (PID=6008) to work on /opt/airflow/dags/dag_cron_expression.py
[2022-11-17T15:25:26.328+0000] {processor.py:756} INFO - Processing file /opt/airflow/dags/dag_cron_expression.py for tasks to queue
[2022-11-17T15:25:26.329+0000] {logging_mixin.py:137} INFO - [2022-11-17T15:25:26.329+0000] {dagbag.py:537} INFO - Filling up the DagBag from /opt/airflow/dags/dag_cron_expression.py
[2022-11-17T15:25:26.331+0000] {processor.py:768} WARNING - No viable dags retrieved from /opt/airflow/dags/dag_cron_expression.py
[2022-11-17T15:25:26.349+0000] {processor.py:176} INFO - Processing /opt/airflow/dags/dag_cron_expression.py took 0.028 seconds
[2022-11-17T15:25:57.134+0000] {processor.py:154} INFO - Started process (PID=6051) to work on /opt/airflow/dags/dag_cron_expression.py
[2022-11-17T15:25:57.135+0000] {processor.py:756} INFO - Processing file /opt/airflow/dags/dag_cron_expression.py for tasks to queue
[2022-11-17T15:25:57.136+0000] {logging_mixin.py:137} INFO - [2022-11-17T15:25:57.136+0000] {dagbag.py:537} INFO - Filling up the DagBag from /opt/airflow/dags/dag_cron_expression.py
[2022-11-17T15:25:57.138+0000] {processor.py:768} WARNING - No viable dags retrieved from /opt/airflow/dags/dag_cron_expression.py
[2022-11-17T15:25:57.170+0000] {processor.py:176} INFO - Processing /opt/airflow/dags/dag_cron_expression.py took 0.039 seconds
[2022-11-17T15:26:27.776+0000] {processor.py:154} INFO - Started process (PID=6104) to work on /opt/airflow/dags/dag_cron_expression.py
[2022-11-17T15:26:27.778+0000] {processor.py:756} INFO - Processing file /opt/airflow/dags/dag_cron_expression.py for tasks to queue
[2022-11-17T15:26:27.779+0000] {logging_mixin.py:137} INFO - [2022-11-17T15:26:27.779+0000] {dagbag.py:537} INFO - Filling up the DagBag from /opt/airflow/dags/dag_cron_expression.py
[2022-11-17T15:26:27.817+0000] {processor.py:766} INFO - DAG(s) dict_keys(['dag_cron_expression_v1']) retrieved from /opt/airflow/dags/dag_cron_expression.py
[2022-11-17T15:26:28.231+0000] {logging_mixin.py:137} INFO - [2022-11-17T15:26:28.231+0000] {manager.py:507} INFO - Created Permission View: can edit on DAG:dag_cron_expression_v1
[2022-11-17T15:26:28.259+0000] {logging_mixin.py:137} INFO - [2022-11-17T15:26:28.259+0000] {manager.py:507} INFO - Created Permission View: can delete on DAG:dag_cron_expression_v1
[2022-11-17T15:26:28.280+0000] {logging_mixin.py:137} INFO - [2022-11-17T15:26:28.279+0000] {manager.py:507} INFO - Created Permission View: can read on DAG:dag_cron_expression_v1
[2022-11-17T15:26:28.280+0000] {logging_mixin.py:137} INFO - [2022-11-17T15:26:28.280+0000] {dag.py:2585} INFO - Sync 1 DAGs
[2022-11-17T15:26:28.320+0000] {logging_mixin.py:137} INFO - [2022-11-17T15:26:28.320+0000] {dag.py:2606} INFO - Creating ORM DAG for dag_cron_expression_v1
[2022-11-17T15:26:28.357+0000] {logging_mixin.py:137} INFO - [2022-11-17T15:26:28.357+0000] {dag.py:3340} INFO - Setting next_dagrun for dag_cron_expression_v1 to 2022-11-17T00:00:00+00:00, run_after=2022-11-18T00:00:00+00:00
[2022-11-17T15:26:28.417+0000] {processor.py:176} INFO - Processing /opt/airflow/dags/dag_cron_expression.py took 0.650 seconds
[2022-11-17T15:26:47.013+0000] {processor.py:154} INFO - Started process (PID=6132) to work on /opt/airflow/dags/dag_cron_expression.py
[2022-11-17T15:26:47.014+0000] {processor.py:756} INFO - Processing file /opt/airflow/dags/dag_cron_expression.py for tasks to queue
[2022-11-17T15:26:47.015+0000] {logging_mixin.py:137} INFO - [2022-11-17T15:26:47.015+0000] {dagbag.py:537} INFO - Filling up the DagBag from /opt/airflow/dags/dag_cron_expression.py
[2022-11-17T15:26:47.066+0000] {processor.py:766} INFO - DAG(s) dict_keys(['dag_cron_expression_v1']) retrieved from /opt/airflow/dags/dag_cron_expression.py
[2022-11-17T15:26:47.131+0000] {logging_mixin.py:137} INFO - [2022-11-17T15:26:47.131+0000] {dag.py:2585} INFO - Sync 1 DAGs
[2022-11-17T15:26:47.179+0000] {logging_mixin.py:137} INFO - [2022-11-17T15:26:47.179+0000] {dag.py:3340} INFO - Setting next_dagrun for dag_cron_expression_v1 to 2022-11-17T00:00:00+00:00, run_after=2022-11-18T00:00:00+00:00
[2022-11-17T15:26:47.227+0000] {processor.py:176} INFO - Processing /opt/airflow/dags/dag_cron_expression.py took 0.218 seconds
[2022-11-17T15:27:17.715+0000] {processor.py:154} INFO - Started process (PID=6187) to work on /opt/airflow/dags/dag_cron_expression.py
[2022-11-17T15:27:17.717+0000] {processor.py:756} INFO - Processing file /opt/airflow/dags/dag_cron_expression.py for tasks to queue
[2022-11-17T15:27:17.719+0000] {logging_mixin.py:137} INFO - [2022-11-17T15:27:17.718+0000] {dagbag.py:537} INFO - Filling up the DagBag from /opt/airflow/dags/dag_cron_expression.py
[2022-11-17T15:27:17.742+0000] {processor.py:766} INFO - DAG(s) dict_keys(['dag_cron_expression_v1']) retrieved from /opt/airflow/dags/dag_cron_expression.py
[2022-11-17T15:27:17.852+0000] {logging_mixin.py:137} INFO - [2022-11-17T15:27:17.852+0000] {dag.py:2585} INFO - Sync 1 DAGs
[2022-11-17T15:27:17.885+0000] {logging_mixin.py:137} INFO - [2022-11-17T15:27:17.884+0000] {dag.py:3340} INFO - Setting next_dagrun for dag_cron_expression_v1 to 2022-11-17T00:00:00+00:00, run_after=2022-11-18T00:00:00+00:00
[2022-11-17T15:27:17.913+0000] {processor.py:176} INFO - Processing /opt/airflow/dags/dag_cron_expression.py took 0.202 seconds
[2022-11-17T15:27:48.379+0000] {processor.py:154} INFO - Started process (PID=6231) to work on /opt/airflow/dags/dag_cron_expression.py
[2022-11-17T15:27:48.380+0000] {processor.py:756} INFO - Processing file /opt/airflow/dags/dag_cron_expression.py for tasks to queue
[2022-11-17T15:27:48.381+0000] {logging_mixin.py:137} INFO - [2022-11-17T15:27:48.381+0000] {dagbag.py:537} INFO - Filling up the DagBag from /opt/airflow/dags/dag_cron_expression.py
[2022-11-17T15:27:48.402+0000] {processor.py:766} INFO - DAG(s) dict_keys(['dag_cron_expression_v1']) retrieved from /opt/airflow/dags/dag_cron_expression.py
[2022-11-17T15:27:48.449+0000] {logging_mixin.py:137} INFO - [2022-11-17T15:27:48.449+0000] {dag.py:2585} INFO - Sync 1 DAGs
[2022-11-17T15:27:48.484+0000] {logging_mixin.py:137} INFO - [2022-11-17T15:27:48.484+0000] {dag.py:3340} INFO - Setting next_dagrun for dag_cron_expression_v1 to 2022-11-17T00:00:00+00:00, run_after=2022-11-18T00:00:00+00:00
[2022-11-17T15:27:48.509+0000] {processor.py:176} INFO - Processing /opt/airflow/dags/dag_cron_expression.py took 0.134 seconds
[2022-11-17T15:28:18.973+0000] {processor.py:154} INFO - Started process (PID=6282) to work on /opt/airflow/dags/dag_cron_expression.py
[2022-11-17T15:28:18.974+0000] {processor.py:756} INFO - Processing file /opt/airflow/dags/dag_cron_expression.py for tasks to queue
[2022-11-17T15:28:18.975+0000] {logging_mixin.py:137} INFO - [2022-11-17T15:28:18.975+0000] {dagbag.py:537} INFO - Filling up the DagBag from /opt/airflow/dags/dag_cron_expression.py
[2022-11-17T15:28:18.997+0000] {processor.py:766} INFO - DAG(s) dict_keys(['dag_cron_expression_v1']) retrieved from /opt/airflow/dags/dag_cron_expression.py
[2022-11-17T15:28:19.045+0000] {logging_mixin.py:137} INFO - [2022-11-17T15:28:19.044+0000] {dag.py:2585} INFO - Sync 1 DAGs
[2022-11-17T15:28:19.079+0000] {logging_mixin.py:137} INFO - [2022-11-17T15:28:19.079+0000] {dag.py:3340} INFO - Setting next_dagrun for dag_cron_expression_v1 to 2022-11-17T00:00:00+00:00, run_after=2022-11-18T00:00:00+00:00
[2022-11-17T15:28:19.105+0000] {processor.py:176} INFO - Processing /opt/airflow/dags/dag_cron_expression.py took 0.137 seconds
[2022-11-17T15:28:49.629+0000] {processor.py:154} INFO - Started process (PID=6324) to work on /opt/airflow/dags/dag_cron_expression.py
[2022-11-17T15:28:49.630+0000] {processor.py:756} INFO - Processing file /opt/airflow/dags/dag_cron_expression.py for tasks to queue
[2022-11-17T15:28:49.631+0000] {logging_mixin.py:137} INFO - [2022-11-17T15:28:49.630+0000] {dagbag.py:537} INFO - Filling up the DagBag from /opt/airflow/dags/dag_cron_expression.py
[2022-11-17T15:28:49.651+0000] {processor.py:766} INFO - DAG(s) dict_keys(['dag_cron_expression_v1']) retrieved from /opt/airflow/dags/dag_cron_expression.py
[2022-11-17T15:28:49.702+0000] {logging_mixin.py:137} INFO - [2022-11-17T15:28:49.702+0000] {dag.py:2585} INFO - Sync 1 DAGs
[2022-11-17T15:28:49.740+0000] {logging_mixin.py:137} INFO - [2022-11-17T15:28:49.740+0000] {dag.py:3340} INFO - Setting next_dagrun for dag_cron_expression_v1 to 2022-11-17T00:00:00+00:00, run_after=2022-11-18T00:00:00+00:00
[2022-11-17T15:28:49.767+0000] {processor.py:176} INFO - Processing /opt/airflow/dags/dag_cron_expression.py took 0.142 seconds
[2022-11-17T15:29:20.261+0000] {processor.py:154} INFO - Started process (PID=6375) to work on /opt/airflow/dags/dag_cron_expression.py
[2022-11-17T15:29:20.263+0000] {processor.py:756} INFO - Processing file /opt/airflow/dags/dag_cron_expression.py for tasks to queue
[2022-11-17T15:29:20.263+0000] {logging_mixin.py:137} INFO - [2022-11-17T15:29:20.263+0000] {dagbag.py:537} INFO - Filling up the DagBag from /opt/airflow/dags/dag_cron_expression.py
[2022-11-17T15:29:20.286+0000] {processor.py:766} INFO - DAG(s) dict_keys(['dag_cron_expression_v1']) retrieved from /opt/airflow/dags/dag_cron_expression.py
[2022-11-17T15:29:20.350+0000] {logging_mixin.py:137} INFO - [2022-11-17T15:29:20.350+0000] {dag.py:2585} INFO - Sync 1 DAGs
[2022-11-17T15:29:20.400+0000] {logging_mixin.py:137} INFO - [2022-11-17T15:29:20.400+0000] {dag.py:3340} INFO - Setting next_dagrun for dag_cron_expression_v1 to 2022-11-17T00:00:00+00:00, run_after=2022-11-18T00:00:00+00:00
[2022-11-17T15:29:20.431+0000] {processor.py:176} INFO - Processing /opt/airflow/dags/dag_cron_expression.py took 0.176 seconds
[2022-11-17T15:29:50.923+0000] {processor.py:154} INFO - Started process (PID=6418) to work on /opt/airflow/dags/dag_cron_expression.py
[2022-11-17T15:29:50.923+0000] {processor.py:756} INFO - Processing file /opt/airflow/dags/dag_cron_expression.py for tasks to queue
[2022-11-17T15:29:50.924+0000] {logging_mixin.py:137} INFO - [2022-11-17T15:29:50.924+0000] {dagbag.py:537} INFO - Filling up the DagBag from /opt/airflow/dags/dag_cron_expression.py
[2022-11-17T15:29:50.945+0000] {processor.py:766} INFO - DAG(s) dict_keys(['dag_cron_expression_v1']) retrieved from /opt/airflow/dags/dag_cron_expression.py
[2022-11-17T15:29:50.999+0000] {logging_mixin.py:137} INFO - [2022-11-17T15:29:50.999+0000] {dag.py:2585} INFO - Sync 1 DAGs
[2022-11-17T15:29:51.042+0000] {logging_mixin.py:137} INFO - [2022-11-17T15:29:51.041+0000] {dag.py:3340} INFO - Setting next_dagrun for dag_cron_expression_v1 to 2022-11-17T00:00:00+00:00, run_after=2022-11-18T00:00:00+00:00
[2022-11-17T15:29:51.071+0000] {processor.py:176} INFO - Processing /opt/airflow/dags/dag_cron_expression.py took 0.153 seconds
[2022-11-17T15:30:21.559+0000] {processor.py:154} INFO - Started process (PID=6470) to work on /opt/airflow/dags/dag_cron_expression.py
[2022-11-17T15:30:21.560+0000] {processor.py:756} INFO - Processing file /opt/airflow/dags/dag_cron_expression.py for tasks to queue
[2022-11-17T15:30:21.562+0000] {logging_mixin.py:137} INFO - [2022-11-17T15:30:21.561+0000] {dagbag.py:537} INFO - Filling up the DagBag from /opt/airflow/dags/dag_cron_expression.py
[2022-11-17T15:30:21.662+0000] {processor.py:766} INFO - DAG(s) dict_keys(['dag_cron_expression_v1']) retrieved from /opt/airflow/dags/dag_cron_expression.py
[2022-11-17T15:30:21.839+0000] {logging_mixin.py:137} INFO - [2022-11-17T15:30:21.838+0000] {dag.py:2585} INFO - Sync 1 DAGs
[2022-11-17T15:30:21.939+0000] {logging_mixin.py:137} INFO - [2022-11-17T15:30:21.939+0000] {dag.py:3340} INFO - Setting next_dagrun for dag_cron_expression_v1 to 2022-11-17T00:00:00+00:00, run_after=2022-11-18T00:00:00+00:00
[2022-11-17T15:30:21.987+0000] {processor.py:176} INFO - Processing /opt/airflow/dags/dag_cron_expression.py took 0.439 seconds
[2022-11-17T15:30:52.205+0000] {processor.py:154} INFO - Started process (PID=6512) to work on /opt/airflow/dags/dag_cron_expression.py
[2022-11-17T15:30:52.206+0000] {processor.py:756} INFO - Processing file /opt/airflow/dags/dag_cron_expression.py for tasks to queue
[2022-11-17T15:30:52.206+0000] {logging_mixin.py:137} INFO - [2022-11-17T15:30:52.206+0000] {dagbag.py:537} INFO - Filling up the DagBag from /opt/airflow/dags/dag_cron_expression.py
[2022-11-17T15:30:52.227+0000] {processor.py:766} INFO - DAG(s) dict_keys(['dag_cron_expression_v1']) retrieved from /opt/airflow/dags/dag_cron_expression.py
[2022-11-17T15:30:52.280+0000] {logging_mixin.py:137} INFO - [2022-11-17T15:30:52.280+0000] {dag.py:2585} INFO - Sync 1 DAGs
[2022-11-17T15:30:52.321+0000] {logging_mixin.py:137} INFO - [2022-11-17T15:30:52.321+0000] {dag.py:3340} INFO - Setting next_dagrun for dag_cron_expression_v1 to 2022-11-17T00:00:00+00:00, run_after=2022-11-18T00:00:00+00:00
[2022-11-17T15:30:52.349+0000] {processor.py:176} INFO - Processing /opt/airflow/dags/dag_cron_expression.py took 0.150 seconds
[2022-11-17T15:31:22.558+0000] {processor.py:154} INFO - Started process (PID=6555) to work on /opt/airflow/dags/dag_cron_expression.py
[2022-11-17T15:31:22.559+0000] {processor.py:756} INFO - Processing file /opt/airflow/dags/dag_cron_expression.py for tasks to queue
[2022-11-17T15:31:22.560+0000] {logging_mixin.py:137} INFO - [2022-11-17T15:31:22.560+0000] {dagbag.py:537} INFO - Filling up the DagBag from /opt/airflow/dags/dag_cron_expression.py
[2022-11-17T15:31:22.580+0000] {processor.py:766} INFO - DAG(s) dict_keys(['dag_cron_expression_v1']) retrieved from /opt/airflow/dags/dag_cron_expression.py
[2022-11-17T15:31:22.629+0000] {logging_mixin.py:137} INFO - [2022-11-17T15:31:22.628+0000] {dag.py:2585} INFO - Sync 1 DAGs
[2022-11-17T15:31:22.663+0000] {logging_mixin.py:137} INFO - [2022-11-17T15:31:22.663+0000] {dag.py:3340} INFO - Setting next_dagrun for dag_cron_expression_v1 to 2022-11-17T00:00:00+00:00, run_after=2022-11-18T00:00:00+00:00
[2022-11-17T15:31:22.687+0000] {processor.py:176} INFO - Processing /opt/airflow/dags/dag_cron_expression.py took 0.133 seconds
[2022-11-17T15:31:53.170+0000] {processor.py:154} INFO - Started process (PID=6608) to work on /opt/airflow/dags/dag_cron_expression.py
[2022-11-17T15:31:53.171+0000] {processor.py:756} INFO - Processing file /opt/airflow/dags/dag_cron_expression.py for tasks to queue
[2022-11-17T15:31:53.173+0000] {logging_mixin.py:137} INFO - [2022-11-17T15:31:53.172+0000] {dagbag.py:537} INFO - Filling up the DagBag from /opt/airflow/dags/dag_cron_expression.py
[2022-11-17T15:31:53.197+0000] {processor.py:766} INFO - DAG(s) dict_keys(['dag_cron_expression_v1']) retrieved from /opt/airflow/dags/dag_cron_expression.py
[2022-11-17T15:31:53.247+0000] {logging_mixin.py:137} INFO - [2022-11-17T15:31:53.247+0000] {dag.py:2585} INFO - Sync 1 DAGs
[2022-11-17T15:31:53.289+0000] {logging_mixin.py:137} INFO - [2022-11-17T15:31:53.288+0000] {dag.py:3340} INFO - Setting next_dagrun for dag_cron_expression_v1 to 2022-11-17T00:00:00+00:00, run_after=2022-11-18T00:00:00+00:00
[2022-11-17T15:31:53.319+0000] {processor.py:176} INFO - Processing /opt/airflow/dags/dag_cron_expression.py took 0.153 seconds
[2022-11-17T15:32:21.807+0000] {processor.py:154} INFO - Started process (PID=6651) to work on /opt/airflow/dags/dag_cron_expression.py
[2022-11-17T15:32:21.808+0000] {processor.py:756} INFO - Processing file /opt/airflow/dags/dag_cron_expression.py for tasks to queue
[2022-11-17T15:32:21.810+0000] {logging_mixin.py:137} INFO - [2022-11-17T15:32:21.809+0000] {dagbag.py:537} INFO - Filling up the DagBag from /opt/airflow/dags/dag_cron_expression.py
[2022-11-17T15:32:21.841+0000] {processor.py:766} INFO - DAG(s) dict_keys(['dag_cron_expression_v1']) retrieved from /opt/airflow/dags/dag_cron_expression.py
[2022-11-17T15:32:22.007+0000] {logging_mixin.py:137} INFO - [2022-11-17T15:32:22.007+0000] {dag.py:2585} INFO - Sync 1 DAGs
[2022-11-17T15:32:22.059+0000] {logging_mixin.py:137} INFO - [2022-11-17T15:32:22.059+0000] {dag.py:3340} INFO - Setting next_dagrun for dag_cron_expression_v1 to 2022-11-17T04:40:00+00:00, run_after=2022-11-18T04:40:00+00:00
[2022-11-17T15:32:22.102+0000] {processor.py:176} INFO - Processing /opt/airflow/dags/dag_cron_expression.py took 0.300 seconds
[2022-11-17T15:32:52.652+0000] {processor.py:154} INFO - Started process (PID=6701) to work on /opt/airflow/dags/dag_cron_expression.py
[2022-11-17T15:32:52.653+0000] {processor.py:756} INFO - Processing file /opt/airflow/dags/dag_cron_expression.py for tasks to queue
[2022-11-17T15:32:52.654+0000] {logging_mixin.py:137} INFO - [2022-11-17T15:32:52.653+0000] {dagbag.py:537} INFO - Filling up the DagBag from /opt/airflow/dags/dag_cron_expression.py
[2022-11-17T15:32:52.674+0000] {processor.py:766} INFO - DAG(s) dict_keys(['dag_cron_expression_v1']) retrieved from /opt/airflow/dags/dag_cron_expression.py
[2022-11-17T15:32:52.726+0000] {logging_mixin.py:137} INFO - [2022-11-17T15:32:52.726+0000] {dag.py:2585} INFO - Sync 1 DAGs
[2022-11-17T15:32:52.768+0000] {logging_mixin.py:137} INFO - [2022-11-17T15:32:52.767+0000] {dag.py:3340} INFO - Setting next_dagrun for dag_cron_expression_v1 to 2022-11-17T04:40:00+00:00, run_after=2022-11-18T04:40:00+00:00
[2022-11-17T15:32:52.796+0000] {processor.py:176} INFO - Processing /opt/airflow/dags/dag_cron_expression.py took 0.148 seconds
[2022-11-17T15:33:23.230+0000] {processor.py:154} INFO - Started process (PID=6744) to work on /opt/airflow/dags/dag_cron_expression.py
[2022-11-17T15:33:23.231+0000] {processor.py:756} INFO - Processing file /opt/airflow/dags/dag_cron_expression.py for tasks to queue
[2022-11-17T15:33:23.231+0000] {logging_mixin.py:137} INFO - [2022-11-17T15:33:23.231+0000] {dagbag.py:537} INFO - Filling up the DagBag from /opt/airflow/dags/dag_cron_expression.py
[2022-11-17T15:33:23.253+0000] {processor.py:766} INFO - DAG(s) dict_keys(['dag_cron_expression_v1']) retrieved from /opt/airflow/dags/dag_cron_expression.py
[2022-11-17T15:33:23.306+0000] {logging_mixin.py:137} INFO - [2022-11-17T15:33:23.306+0000] {dag.py:2585} INFO - Sync 1 DAGs
[2022-11-17T15:33:23.341+0000] {logging_mixin.py:137} INFO - [2022-11-17T15:33:23.341+0000] {dag.py:3340} INFO - Setting next_dagrun for dag_cron_expression_v1 to 2022-11-17T04:40:00+00:00, run_after=2022-11-18T04:40:00+00:00
[2022-11-17T15:33:23.367+0000] {processor.py:176} INFO - Processing /opt/airflow/dags/dag_cron_expression.py took 0.141 seconds
[2022-11-17T15:33:53.832+0000] {processor.py:154} INFO - Started process (PID=6796) to work on /opt/airflow/dags/dag_cron_expression.py
[2022-11-17T15:33:53.834+0000] {processor.py:756} INFO - Processing file /opt/airflow/dags/dag_cron_expression.py for tasks to queue
[2022-11-17T15:33:53.835+0000] {logging_mixin.py:137} INFO - [2022-11-17T15:33:53.835+0000] {dagbag.py:537} INFO - Filling up the DagBag from /opt/airflow/dags/dag_cron_expression.py
[2022-11-17T15:33:53.857+0000] {processor.py:766} INFO - DAG(s) dict_keys(['dag_cron_expression_v1']) retrieved from /opt/airflow/dags/dag_cron_expression.py
[2022-11-17T15:33:53.904+0000] {logging_mixin.py:137} INFO - [2022-11-17T15:33:53.904+0000] {dag.py:2585} INFO - Sync 1 DAGs
[2022-11-17T15:33:53.938+0000] {logging_mixin.py:137} INFO - [2022-11-17T15:33:53.938+0000] {dag.py:3340} INFO - Setting next_dagrun for dag_cron_expression_v1 to 2022-11-17T04:40:00+00:00, run_after=2022-11-18T04:40:00+00:00
[2022-11-17T15:33:53.961+0000] {processor.py:176} INFO - Processing /opt/airflow/dags/dag_cron_expression.py took 0.134 seconds
[2022-11-17T15:34:24.511+0000] {processor.py:154} INFO - Started process (PID=6839) to work on /opt/airflow/dags/dag_cron_expression.py
[2022-11-17T15:34:24.511+0000] {processor.py:756} INFO - Processing file /opt/airflow/dags/dag_cron_expression.py for tasks to queue
[2022-11-17T15:34:24.512+0000] {logging_mixin.py:137} INFO - [2022-11-17T15:34:24.512+0000] {dagbag.py:537} INFO - Filling up the DagBag from /opt/airflow/dags/dag_cron_expression.py
[2022-11-17T15:34:24.532+0000] {processor.py:766} INFO - DAG(s) dict_keys(['dag_cron_expression_v1']) retrieved from /opt/airflow/dags/dag_cron_expression.py
[2022-11-17T15:34:24.579+0000] {logging_mixin.py:137} INFO - [2022-11-17T15:34:24.579+0000] {dag.py:2585} INFO - Sync 1 DAGs
[2022-11-17T15:34:24.614+0000] {logging_mixin.py:137} INFO - [2022-11-17T15:34:24.613+0000] {dag.py:3340} INFO - Setting next_dagrun for dag_cron_expression_v1 to 2022-11-17T04:40:00+00:00, run_after=2022-11-18T04:40:00+00:00
[2022-11-17T15:34:24.646+0000] {processor.py:176} INFO - Processing /opt/airflow/dags/dag_cron_expression.py took 0.138 seconds
[2022-11-17T15:34:55.105+0000] {processor.py:154} INFO - Started process (PID=6891) to work on /opt/airflow/dags/dag_cron_expression.py
[2022-11-17T15:34:55.106+0000] {processor.py:756} INFO - Processing file /opt/airflow/dags/dag_cron_expression.py for tasks to queue
[2022-11-17T15:34:55.108+0000] {logging_mixin.py:137} INFO - [2022-11-17T15:34:55.107+0000] {dagbag.py:537} INFO - Filling up the DagBag from /opt/airflow/dags/dag_cron_expression.py
[2022-11-17T15:34:55.157+0000] {processor.py:766} INFO - DAG(s) dict_keys(['dag_cron_expression_v1']) retrieved from /opt/airflow/dags/dag_cron_expression.py
[2022-11-17T15:34:55.213+0000] {logging_mixin.py:137} INFO - [2022-11-17T15:34:55.212+0000] {dag.py:2585} INFO - Sync 1 DAGs
[2022-11-17T15:34:55.277+0000] {logging_mixin.py:137} INFO - [2022-11-17T15:34:55.276+0000] {dag.py:3340} INFO - Setting next_dagrun for dag_cron_expression_v1 to 2022-11-17T04:40:00+00:00, run_after=2022-11-18T04:40:00+00:00
[2022-11-17T15:34:55.323+0000] {processor.py:176} INFO - Processing /opt/airflow/dags/dag_cron_expression.py took 0.226 seconds
[2022-11-17T15:35:25.777+0000] {processor.py:154} INFO - Started process (PID=6934) to work on /opt/airflow/dags/dag_cron_expression.py
[2022-11-17T15:35:25.779+0000] {processor.py:756} INFO - Processing file /opt/airflow/dags/dag_cron_expression.py for tasks to queue
[2022-11-17T15:35:25.780+0000] {logging_mixin.py:137} INFO - [2022-11-17T15:35:25.780+0000] {dagbag.py:537} INFO - Filling up the DagBag from /opt/airflow/dags/dag_cron_expression.py
[2022-11-17T15:35:25.803+0000] {processor.py:766} INFO - DAG(s) dict_keys(['dag_cron_expression_v1']) retrieved from /opt/airflow/dags/dag_cron_expression.py
[2022-11-17T15:35:25.853+0000] {logging_mixin.py:137} INFO - [2022-11-17T15:35:25.852+0000] {dag.py:2585} INFO - Sync 1 DAGs
[2022-11-17T15:35:25.889+0000] {logging_mixin.py:137} INFO - [2022-11-17T15:35:25.889+0000] {dag.py:3340} INFO - Setting next_dagrun for dag_cron_expression_v1 to 2022-11-17T04:40:00+00:00, run_after=2022-11-18T04:40:00+00:00
[2022-11-17T15:35:25.914+0000] {processor.py:176} INFO - Processing /opt/airflow/dags/dag_cron_expression.py took 0.142 seconds
[2022-11-17T15:35:56.365+0000] {processor.py:154} INFO - Started process (PID=6986) to work on /opt/airflow/dags/dag_cron_expression.py
[2022-11-17T15:35:56.366+0000] {processor.py:756} INFO - Processing file /opt/airflow/dags/dag_cron_expression.py for tasks to queue
[2022-11-17T15:35:56.367+0000] {logging_mixin.py:137} INFO - [2022-11-17T15:35:56.366+0000] {dagbag.py:537} INFO - Filling up the DagBag from /opt/airflow/dags/dag_cron_expression.py
[2022-11-17T15:35:56.397+0000] {processor.py:766} INFO - DAG(s) dict_keys(['dag_cron_expression_v1']) retrieved from /opt/airflow/dags/dag_cron_expression.py
[2022-11-17T15:35:56.466+0000] {logging_mixin.py:137} INFO - [2022-11-17T15:35:56.466+0000] {dag.py:2585} INFO - Sync 1 DAGs
[2022-11-17T15:35:56.528+0000] {logging_mixin.py:137} INFO - [2022-11-17T15:35:56.528+0000] {dag.py:3340} INFO - Setting next_dagrun for dag_cron_expression_v1 to 2022-11-17T04:40:00+00:00, run_after=2022-11-18T04:40:00+00:00
[2022-11-17T15:35:56.563+0000] {processor.py:176} INFO - Processing /opt/airflow/dags/dag_cron_expression.py took 0.204 seconds
[2022-11-17T15:36:27.184+0000] {processor.py:154} INFO - Started process (PID=7027) to work on /opt/airflow/dags/dag_cron_expression.py
[2022-11-17T15:36:27.185+0000] {processor.py:756} INFO - Processing file /opt/airflow/dags/dag_cron_expression.py for tasks to queue
[2022-11-17T15:36:27.186+0000] {logging_mixin.py:137} INFO - [2022-11-17T15:36:27.186+0000] {dagbag.py:537} INFO - Filling up the DagBag from /opt/airflow/dags/dag_cron_expression.py
[2022-11-17T15:36:27.214+0000] {processor.py:766} INFO - DAG(s) dict_keys(['dag_cron_expression_v1']) retrieved from /opt/airflow/dags/dag_cron_expression.py
[2022-11-17T15:36:27.270+0000] {logging_mixin.py:137} INFO - [2022-11-17T15:36:27.270+0000] {dag.py:2585} INFO - Sync 1 DAGs
[2022-11-17T15:36:27.304+0000] {logging_mixin.py:137} INFO - [2022-11-17T15:36:27.304+0000] {dag.py:3340} INFO - Setting next_dagrun for dag_cron_expression_v1 to 2022-11-17T04:40:00+00:00, run_after=2022-11-18T04:40:00+00:00
[2022-11-17T15:36:27.328+0000] {processor.py:176} INFO - Processing /opt/airflow/dags/dag_cron_expression.py took 0.148 seconds
[2022-11-17T15:36:57.631+0000] {processor.py:154} INFO - Started process (PID=7071) to work on /opt/airflow/dags/dag_cron_expression.py
[2022-11-17T15:36:57.633+0000] {processor.py:756} INFO - Processing file /opt/airflow/dags/dag_cron_expression.py for tasks to queue
[2022-11-17T15:36:57.634+0000] {logging_mixin.py:137} INFO - [2022-11-17T15:36:57.634+0000] {dagbag.py:537} INFO - Filling up the DagBag from /opt/airflow/dags/dag_cron_expression.py
[2022-11-17T15:36:57.663+0000] {processor.py:766} INFO - DAG(s) dict_keys(['dag_cron_expression_v1']) retrieved from /opt/airflow/dags/dag_cron_expression.py
[2022-11-17T15:36:57.712+0000] {logging_mixin.py:137} INFO - [2022-11-17T15:36:57.712+0000] {dag.py:2585} INFO - Sync 1 DAGs
[2022-11-17T15:36:57.748+0000] {logging_mixin.py:137} INFO - [2022-11-17T15:36:57.748+0000] {dag.py:3340} INFO - Setting next_dagrun for dag_cron_expression_v1 to 2022-11-17T04:40:00+00:00, run_after=2022-11-18T04:40:00+00:00
[2022-11-17T15:36:57.775+0000] {processor.py:176} INFO - Processing /opt/airflow/dags/dag_cron_expression.py took 0.150 seconds
[2022-11-17T15:37:28.247+0000] {processor.py:154} INFO - Started process (PID=7123) to work on /opt/airflow/dags/dag_cron_expression.py
[2022-11-17T15:37:28.248+0000] {processor.py:756} INFO - Processing file /opt/airflow/dags/dag_cron_expression.py for tasks to queue
[2022-11-17T15:37:28.249+0000] {logging_mixin.py:137} INFO - [2022-11-17T15:37:28.249+0000] {dagbag.py:537} INFO - Filling up the DagBag from /opt/airflow/dags/dag_cron_expression.py
[2022-11-17T15:37:28.274+0000] {processor.py:766} INFO - DAG(s) dict_keys(['dag_cron_expression_v1']) retrieved from /opt/airflow/dags/dag_cron_expression.py
[2022-11-17T15:37:28.347+0000] {logging_mixin.py:137} INFO - [2022-11-17T15:37:28.347+0000] {dag.py:2585} INFO - Sync 1 DAGs
[2022-11-17T15:37:28.402+0000] {logging_mixin.py:137} INFO - [2022-11-17T15:37:28.402+0000] {dag.py:3340} INFO - Setting next_dagrun for dag_cron_expression_v1 to 2022-11-17T04:40:00+00:00, run_after=2022-11-18T04:40:00+00:00
[2022-11-17T15:37:28.446+0000] {processor.py:176} INFO - Processing /opt/airflow/dags/dag_cron_expression.py took 0.202 seconds
[2022-11-17T15:37:58.871+0000] {processor.py:154} INFO - Started process (PID=7166) to work on /opt/airflow/dags/dag_cron_expression.py
[2022-11-17T15:37:58.872+0000] {processor.py:756} INFO - Processing file /opt/airflow/dags/dag_cron_expression.py for tasks to queue
[2022-11-17T15:37:58.874+0000] {logging_mixin.py:137} INFO - [2022-11-17T15:37:58.873+0000] {dagbag.py:537} INFO - Filling up the DagBag from /opt/airflow/dags/dag_cron_expression.py
[2022-11-17T15:37:58.901+0000] {processor.py:766} INFO - DAG(s) dict_keys(['dag_cron_expression_v1']) retrieved from /opt/airflow/dags/dag_cron_expression.py
[2022-11-17T15:37:58.967+0000] {logging_mixin.py:137} INFO - [2022-11-17T15:37:58.967+0000] {dag.py:2585} INFO - Sync 1 DAGs
[2022-11-17T15:37:59.023+0000] {logging_mixin.py:137} INFO - [2022-11-17T15:37:59.023+0000] {dag.py:3340} INFO - Setting next_dagrun for dag_cron_expression_v1 to 2022-11-17T04:40:00+00:00, run_after=2022-11-18T04:40:00+00:00
[2022-11-17T15:37:59.057+0000] {processor.py:176} INFO - Processing /opt/airflow/dags/dag_cron_expression.py took 0.190 seconds
[2022-11-17T15:38:29.492+0000] {processor.py:154} INFO - Started process (PID=7219) to work on /opt/airflow/dags/dag_cron_expression.py
[2022-11-17T15:38:29.493+0000] {processor.py:756} INFO - Processing file /opt/airflow/dags/dag_cron_expression.py for tasks to queue
[2022-11-17T15:38:29.494+0000] {logging_mixin.py:137} INFO - [2022-11-17T15:38:29.493+0000] {dagbag.py:537} INFO - Filling up the DagBag from /opt/airflow/dags/dag_cron_expression.py
[2022-11-17T15:38:29.512+0000] {processor.py:766} INFO - DAG(s) dict_keys(['dag_cron_expression_v1']) retrieved from /opt/airflow/dags/dag_cron_expression.py
[2022-11-17T15:38:29.558+0000] {logging_mixin.py:137} INFO - [2022-11-17T15:38:29.558+0000] {dag.py:2585} INFO - Sync 1 DAGs
[2022-11-17T15:38:29.595+0000] {logging_mixin.py:137} INFO - [2022-11-17T15:38:29.594+0000] {dag.py:3340} INFO - Setting next_dagrun for dag_cron_expression_v1 to 2022-11-17T04:40:00+00:00, run_after=2022-11-18T04:40:00+00:00
[2022-11-17T15:38:29.618+0000] {processor.py:176} INFO - Processing /opt/airflow/dags/dag_cron_expression.py took 0.131 seconds
[2022-11-17T15:39:00.069+0000] {processor.py:154} INFO - Started process (PID=7269) to work on /opt/airflow/dags/dag_cron_expression.py
[2022-11-17T15:39:00.070+0000] {processor.py:756} INFO - Processing file /opt/airflow/dags/dag_cron_expression.py for tasks to queue
[2022-11-17T15:39:00.071+0000] {logging_mixin.py:137} INFO - [2022-11-17T15:39:00.071+0000] {dagbag.py:537} INFO - Filling up the DagBag from /opt/airflow/dags/dag_cron_expression.py
[2022-11-17T15:39:00.092+0000] {processor.py:766} INFO - DAG(s) dict_keys(['dag_cron_expression_v1']) retrieved from /opt/airflow/dags/dag_cron_expression.py
[2022-11-17T15:39:00.163+0000] {logging_mixin.py:137} INFO - [2022-11-17T15:39:00.162+0000] {dag.py:2585} INFO - Sync 1 DAGs
[2022-11-17T15:39:00.230+0000] {logging_mixin.py:137} INFO - [2022-11-17T15:39:00.230+0000] {dag.py:3340} INFO - Setting next_dagrun for dag_cron_expression_v1 to 2022-11-17T04:40:00+00:00, run_after=2022-11-18T04:40:00+00:00
[2022-11-17T15:39:00.267+0000] {processor.py:176} INFO - Processing /opt/airflow/dags/dag_cron_expression.py took 0.202 seconds
[2022-11-17T15:39:30.706+0000] {processor.py:154} INFO - Started process (PID=7314) to work on /opt/airflow/dags/dag_cron_expression.py
[2022-11-17T15:39:30.708+0000] {processor.py:756} INFO - Processing file /opt/airflow/dags/dag_cron_expression.py for tasks to queue
[2022-11-17T15:39:30.709+0000] {logging_mixin.py:137} INFO - [2022-11-17T15:39:30.709+0000] {dagbag.py:537} INFO - Filling up the DagBag from /opt/airflow/dags/dag_cron_expression.py
[2022-11-17T15:39:30.761+0000] {processor.py:766} INFO - DAG(s) dict_keys(['dag_cron_expression_v1']) retrieved from /opt/airflow/dags/dag_cron_expression.py
[2022-11-17T15:39:30.830+0000] {logging_mixin.py:137} INFO - [2022-11-17T15:39:30.829+0000] {dag.py:2585} INFO - Sync 1 DAGs
[2022-11-17T15:39:30.888+0000] {logging_mixin.py:137} INFO - [2022-11-17T15:39:30.888+0000] {dag.py:3340} INFO - Setting next_dagrun for dag_cron_expression_v1 to 2022-11-17T04:40:00+00:00, run_after=2022-11-18T04:40:00+00:00
[2022-11-17T15:39:30.920+0000] {processor.py:176} INFO - Processing /opt/airflow/dags/dag_cron_expression.py took 0.218 seconds
[2022-11-17T15:40:01.434+0000] {processor.py:154} INFO - Started process (PID=7364) to work on /opt/airflow/dags/dag_cron_expression.py
[2022-11-17T15:40:01.435+0000] {processor.py:756} INFO - Processing file /opt/airflow/dags/dag_cron_expression.py for tasks to queue
[2022-11-17T15:40:01.437+0000] {logging_mixin.py:137} INFO - [2022-11-17T15:40:01.436+0000] {dagbag.py:537} INFO - Filling up the DagBag from /opt/airflow/dags/dag_cron_expression.py
[2022-11-17T15:40:01.484+0000] {processor.py:766} INFO - DAG(s) dict_keys(['dag_cron_expression_v1']) retrieved from /opt/airflow/dags/dag_cron_expression.py
[2022-11-17T15:40:01.686+0000] {logging_mixin.py:137} INFO - [2022-11-17T15:40:01.686+0000] {dag.py:2585} INFO - Sync 1 DAGs
[2022-11-17T15:40:01.855+0000] {logging_mixin.py:137} INFO - [2022-11-17T15:40:01.854+0000] {dag.py:3340} INFO - Setting next_dagrun for dag_cron_expression_v1 to 2022-11-17T04:40:00+00:00, run_after=2022-11-18T04:40:00+00:00
[2022-11-17T15:40:01.987+0000] {processor.py:176} INFO - Processing /opt/airflow/dags/dag_cron_expression.py took 0.560 seconds
[2022-11-17T15:40:32.893+0000] {processor.py:154} INFO - Started process (PID=7410) to work on /opt/airflow/dags/dag_cron_expression.py
[2022-11-17T15:40:32.894+0000] {processor.py:756} INFO - Processing file /opt/airflow/dags/dag_cron_expression.py for tasks to queue
[2022-11-17T15:40:32.895+0000] {logging_mixin.py:137} INFO - [2022-11-17T15:40:32.895+0000] {dagbag.py:537} INFO - Filling up the DagBag from /opt/airflow/dags/dag_cron_expression.py
[2022-11-17T15:40:32.927+0000] {processor.py:766} INFO - DAG(s) dict_keys(['dag_cron_expression_v1']) retrieved from /opt/airflow/dags/dag_cron_expression.py
[2022-11-17T15:40:33.005+0000] {logging_mixin.py:137} INFO - [2022-11-17T15:40:33.005+0000] {dag.py:2585} INFO - Sync 1 DAGs
[2022-11-17T15:40:33.048+0000] {logging_mixin.py:137} INFO - [2022-11-17T15:40:33.048+0000] {dag.py:3340} INFO - Setting next_dagrun for dag_cron_expression_v1 to 2022-11-17T04:40:00+00:00, run_after=2022-11-18T04:40:00+00:00
[2022-11-17T15:40:33.075+0000] {processor.py:176} INFO - Processing /opt/airflow/dags/dag_cron_expression.py took 0.187 seconds
[2022-11-17T15:41:03.840+0000] {processor.py:154} INFO - Started process (PID=7454) to work on /opt/airflow/dags/dag_cron_expression.py
[2022-11-17T15:41:03.842+0000] {processor.py:756} INFO - Processing file /opt/airflow/dags/dag_cron_expression.py for tasks to queue
[2022-11-17T15:41:03.843+0000] {logging_mixin.py:137} INFO - [2022-11-17T15:41:03.843+0000] {dagbag.py:537} INFO - Filling up the DagBag from /opt/airflow/dags/dag_cron_expression.py
[2022-11-17T15:41:03.865+0000] {processor.py:766} INFO - DAG(s) dict_keys(['dag_cron_expression_v1']) retrieved from /opt/airflow/dags/dag_cron_expression.py
[2022-11-17T15:41:03.919+0000] {logging_mixin.py:137} INFO - [2022-11-17T15:41:03.919+0000] {dag.py:2585} INFO - Sync 1 DAGs
[2022-11-17T15:41:03.957+0000] {logging_mixin.py:137} INFO - [2022-11-17T15:41:03.957+0000] {dag.py:3340} INFO - Setting next_dagrun for dag_cron_expression_v1 to 2022-11-17T04:40:00+00:00, run_after=2022-11-18T04:40:00+00:00
[2022-11-17T15:41:03.984+0000] {processor.py:176} INFO - Processing /opt/airflow/dags/dag_cron_expression.py took 0.149 seconds
