[2022-11-22T18:18:37.752+0000] {taskinstance.py:1165} INFO - Dependencies all met for <TaskInstance: dag_python_module_v1.get_sklearn manual__2022-11-22T18:18:35.491872+00:00 [queued]>
[2022-11-22T18:18:37.777+0000] {taskinstance.py:1165} INFO - Dependencies all met for <TaskInstance: dag_python_module_v1.get_sklearn manual__2022-11-22T18:18:35.491872+00:00 [queued]>
[2022-11-22T18:18:37.777+0000] {taskinstance.py:1362} INFO - 
--------------------------------------------------------------------------------
[2022-11-22T18:18:37.777+0000] {taskinstance.py:1363} INFO - Starting attempt 1 of 6
[2022-11-22T18:18:37.777+0000] {taskinstance.py:1364} INFO - 
--------------------------------------------------------------------------------
[2022-11-22T18:18:37.807+0000] {taskinstance.py:1383} INFO - Executing <Task(PythonOperator): get_sklearn> on 2022-11-22 18:18:35.491872+00:00
[2022-11-22T18:18:37.816+0000] {standard_task_runner.py:55} INFO - Started process 584 to run task
[2022-11-22T18:18:37.821+0000] {standard_task_runner.py:82} INFO - Running: ['***', 'tasks', 'run', 'dag_python_module_v1', 'get_sklearn', 'manual__2022-11-22T18:18:35.491872+00:00', '--job-id', '3', '--raw', '--subdir', 'DAGS_FOLDER/python_module_dag.py', '--cfg-path', '/tmp/tmp5_stmda7']
[2022-11-22T18:18:37.825+0000] {standard_task_runner.py:83} INFO - Job 3: Subtask get_sklearn
[2022-11-22T18:18:37.936+0000] {task_command.py:376} INFO - Running <TaskInstance: dag_python_module_v1.get_sklearn manual__2022-11-22T18:18:35.491872+00:00 [running]> on host 0f99d81e411e
[2022-11-22T18:18:38.095+0000] {taskinstance.py:1592} INFO - Exporting the following env vars:
AIRFLOW_CTX_DAG_OWNER=JG13
AIRFLOW_CTX_DAG_ID=dag_python_module_v1
AIRFLOW_CTX_TASK_ID=get_sklearn
AIRFLOW_CTX_EXECUTION_DATE=2022-11-22T18:18:35.491872+00:00
AIRFLOW_CTX_TRY_NUMBER=1
AIRFLOW_CTX_DAG_RUN_ID=manual__2022-11-22T18:18:35.491872+00:00
[2022-11-22T18:18:39.071+0000] {logging_mixin.py:137} INFO - Get scikit-learn version: 1.0.2
[2022-11-22T18:18:39.071+0000] {python.py:177} INFO - Done. Returned value was: None
[2022-11-22T18:18:39.085+0000] {taskinstance.py:1406} INFO - Marking task as SUCCESS. dag_id=dag_python_module_v1, task_id=get_sklearn, execution_date=20221122T181835, start_date=20221122T181837, end_date=20221122T181839
[2022-11-22T18:18:39.155+0000] {local_task_job.py:159} INFO - Task exited with return code 0
[2022-11-22T18:18:39.178+0000] {taskinstance.py:2623} INFO - 0 downstream tasks scheduled from follow-on schedule check
