[2022-11-17T14:11:14.570+0000] {taskinstance.py:1165} INFO - Dependencies all met for <TaskInstance: dag_taskflow_api_v2.get_name manual__2022-11-17T14:11:12.527032+00:00 [queued]>
[2022-11-17T14:11:14.593+0000] {taskinstance.py:1165} INFO - Dependencies all met for <TaskInstance: dag_taskflow_api_v2.get_name manual__2022-11-17T14:11:12.527032+00:00 [queued]>
[2022-11-17T14:11:14.594+0000] {taskinstance.py:1362} INFO - 
--------------------------------------------------------------------------------
[2022-11-17T14:11:14.594+0000] {taskinstance.py:1363} INFO - Starting attempt 1 of 6
[2022-11-17T14:11:14.594+0000] {taskinstance.py:1364} INFO - 
--------------------------------------------------------------------------------
[2022-11-17T14:11:14.628+0000] {taskinstance.py:1383} INFO - Executing <Task(_PythonDecoratedOperator): get_name> on 2022-11-17 14:11:12.527032+00:00
[2022-11-17T14:11:14.634+0000] {standard_task_runner.py:55} INFO - Started process 244 to run task
[2022-11-17T14:11:14.641+0000] {standard_task_runner.py:82} INFO - Running: ['***', 'tasks', 'run', 'dag_taskflow_api_v2', 'get_name', 'manual__2022-11-17T14:11:12.527032+00:00', '--job-id', '4', '--raw', '--subdir', 'DAGS_FOLDER/dag_taskflow_api.py', '--cfg-path', '/tmp/tmp3eme_id8']
[2022-11-17T14:11:14.644+0000] {standard_task_runner.py:83} INFO - Job 4: Subtask get_name
[2022-11-17T14:11:14.815+0000] {task_command.py:376} INFO - Running <TaskInstance: dag_taskflow_api_v2.get_name manual__2022-11-17T14:11:12.527032+00:00 [running]> on host e3cce3a63158
[2022-11-17T14:11:15.009+0000] {taskinstance.py:1592} INFO - Exporting the following env vars:
AIRFLOW_CTX_DAG_OWNER=coder2j
AIRFLOW_CTX_DAG_ID=dag_taskflow_api_v2
AIRFLOW_CTX_TASK_ID=get_name
AIRFLOW_CTX_EXECUTION_DATE=2022-11-17T14:11:12.527032+00:00
AIRFLOW_CTX_TRY_NUMBER=1
AIRFLOW_CTX_DAG_RUN_ID=manual__2022-11-17T14:11:12.527032+00:00
[2022-11-17T14:11:15.010+0000] {python.py:177} INFO - Done. Returned value was: {'first_name': 'Jonny', 'last_name': 'Griffiths'}
[2022-11-17T14:11:15.096+0000] {taskinstance.py:1406} INFO - Marking task as SUCCESS. dag_id=dag_taskflow_api_v2, task_id=get_name, execution_date=20221117T141112, start_date=20221117T141114, end_date=20221117T141115
[2022-11-17T14:11:15.140+0000] {local_task_job.py:159} INFO - Task exited with return code 0
[2022-11-17T14:11:15.206+0000] {taskinstance.py:2623} INFO - 0 downstream tasks scheduled from follow-on schedule check
