[2022-11-17T15:05:18.295+0000] {taskinstance.py:1165} INFO - Dependencies all met for <TaskInstance: dag_catchup_backfill_v1.task1 scheduled__2022-11-14T00:00:00+00:00 [queued]>
[2022-11-17T15:05:18.345+0000] {taskinstance.py:1165} INFO - Dependencies all met for <TaskInstance: dag_catchup_backfill_v1.task1 scheduled__2022-11-14T00:00:00+00:00 [queued]>
[2022-11-17T15:05:18.347+0000] {taskinstance.py:1362} INFO - 
--------------------------------------------------------------------------------
[2022-11-17T15:05:18.347+0000] {taskinstance.py:1363} INFO - Starting attempt 1 of 6
[2022-11-17T15:05:18.347+0000] {taskinstance.py:1364} INFO - 
--------------------------------------------------------------------------------
[2022-11-17T15:05:18.464+0000] {taskinstance.py:1383} INFO - Executing <Task(BashOperator): task1> on 2022-11-14 00:00:00+00:00
[2022-11-17T15:05:18.474+0000] {standard_task_runner.py:55} INFO - Started process 4077 to run task
[2022-11-17T15:05:18.497+0000] {standard_task_runner.py:82} INFO - Running: ['***', 'tasks', 'run', 'dag_catchup_backfill_v1', 'task1', 'scheduled__2022-11-14T00:00:00+00:00', '--job-id', '11', '--raw', '--subdir', 'DAGS_FOLDER/dag_catchup_backfill.py', '--cfg-path', '/tmp/tmpr5g_rnna']
[2022-11-17T15:05:18.499+0000] {standard_task_runner.py:83} INFO - Job 11: Subtask task1
[2022-11-17T15:05:18.992+0000] {task_command.py:376} INFO - Running <TaskInstance: dag_catchup_backfill_v1.task1 scheduled__2022-11-14T00:00:00+00:00 [running]> on host e3cce3a63158
[2022-11-17T15:05:19.528+0000] {taskinstance.py:1592} INFO - Exporting the following env vars:
AIRFLOW_CTX_DAG_OWNER=JonnyG
AIRFLOW_CTX_DAG_ID=dag_catchup_backfill_v1
AIRFLOW_CTX_TASK_ID=task1
AIRFLOW_CTX_EXECUTION_DATE=2022-11-14T00:00:00+00:00
AIRFLOW_CTX_TRY_NUMBER=1
AIRFLOW_CTX_DAG_RUN_ID=scheduled__2022-11-14T00:00:00+00:00
[2022-11-17T15:05:19.532+0000] {subprocess.py:63} INFO - Tmp dir root location: 
 /tmp
[2022-11-17T15:05:19.533+0000] {subprocess.py:75} INFO - Running command: ['/bin/bash', '-c', 'echo This is a simple bash command!']
[2022-11-17T15:05:19.573+0000] {subprocess.py:86} INFO - Output:
[2022-11-17T15:05:19.577+0000] {subprocess.py:93} INFO - This is a simple bash command!
[2022-11-17T15:05:19.586+0000] {subprocess.py:97} INFO - Command exited with return code 0
[2022-11-17T15:05:19.750+0000] {taskinstance.py:1406} INFO - Marking task as SUCCESS. dag_id=dag_catchup_backfill_v1, task_id=task1, execution_date=20221114T000000, start_date=20221117T150518, end_date=20221117T150519
[2022-11-17T15:05:19.894+0000] {local_task_job.py:159} INFO - Task exited with return code 0
[2022-11-17T15:05:21.548+0000] {taskinstance.py:2623} INFO - 0 downstream tasks scheduled from follow-on schedule check
