[2022-11-17T11:54:40.179+0000] {taskinstance.py:1165} INFO - Dependencies all met for <TaskInstance: first_python_dag_v5.greet manual__2022-11-17T11:54:37.023460+00:00 [queued]>
[2022-11-17T11:54:40.199+0000] {taskinstance.py:1165} INFO - Dependencies all met for <TaskInstance: first_python_dag_v5.greet manual__2022-11-17T11:54:37.023460+00:00 [queued]>
[2022-11-17T11:54:40.199+0000] {taskinstance.py:1362} INFO - 
--------------------------------------------------------------------------------
[2022-11-17T11:54:40.200+0000] {taskinstance.py:1363} INFO - Starting attempt 1 of 6
[2022-11-17T11:54:40.200+0000] {taskinstance.py:1364} INFO - 
--------------------------------------------------------------------------------
[2022-11-17T11:54:40.230+0000] {taskinstance.py:1383} INFO - Executing <Task(PythonOperator): greet> on 2022-11-17 11:54:37.023460+00:00
[2022-11-17T11:54:40.237+0000] {standard_task_runner.py:55} INFO - Started process 11501 to run task
[2022-11-17T11:54:40.241+0000] {standard_task_runner.py:82} INFO - Running: ['***', 'tasks', 'run', 'first_python_dag_v5', 'greet', 'manual__2022-11-17T11:54:37.023460+00:00', '--job-id', '17', '--raw', '--subdir', 'DAGS_FOLDER/python_dag.py', '--cfg-path', '/tmp/tmp2xh_2aq3']
[2022-11-17T11:54:40.244+0000] {standard_task_runner.py:83} INFO - Job 17: Subtask greet
[2022-11-17T11:54:40.356+0000] {task_command.py:376} INFO - Running <TaskInstance: first_python_dag_v5.greet manual__2022-11-17T11:54:37.023460+00:00 [running]> on host 40055b85ab48
[2022-11-17T11:54:40.518+0000] {taskinstance.py:1592} INFO - Exporting the following env vars:
AIRFLOW_CTX_DAG_OWNER=coder2j
AIRFLOW_CTX_DAG_ID=first_python_dag_v5
AIRFLOW_CTX_TASK_ID=greet
AIRFLOW_CTX_EXECUTION_DATE=2022-11-17T11:54:37.023460+00:00
AIRFLOW_CTX_TRY_NUMBER=1
AIRFLOW_CTX_DAG_RUN_ID=manual__2022-11-17T11:54:37.023460+00:00
[2022-11-17T11:54:40.554+0000] {logging_mixin.py:137} INFO - Hello World, my name is Jonny Griffiths, and i am 28 years old!
[2022-11-17T11:54:40.554+0000] {python.py:177} INFO - Done. Returned value was: None
[2022-11-17T11:54:40.575+0000] {taskinstance.py:1406} INFO - Marking task as SUCCESS. dag_id=first_python_dag_v5, task_id=greet, execution_date=20221117T115437, start_date=20221117T115440, end_date=20221117T115440
[2022-11-17T11:54:40.617+0000] {local_task_job.py:159} INFO - Task exited with return code 0
[2022-11-17T11:54:40.658+0000] {taskinstance.py:2623} INFO - 0 downstream tasks scheduled from follow-on schedule check
