[2022-11-23T10:45:02.751+0000] {taskinstance.py:1165} INFO - Dependencies all met for <TaskInstance: dag_python_module_v2.get_matplotlib manual__2022-11-23T10:44:59.432098+00:00 [queued]>
[2022-11-23T10:45:02.770+0000] {taskinstance.py:1165} INFO - Dependencies all met for <TaskInstance: dag_python_module_v2.get_matplotlib manual__2022-11-23T10:44:59.432098+00:00 [queued]>
[2022-11-23T10:45:02.770+0000] {taskinstance.py:1362} INFO - 
--------------------------------------------------------------------------------
[2022-11-23T10:45:02.770+0000] {taskinstance.py:1363} INFO - Starting attempt 1 of 6
[2022-11-23T10:45:02.770+0000] {taskinstance.py:1364} INFO - 
--------------------------------------------------------------------------------
[2022-11-23T10:45:02.806+0000] {taskinstance.py:1383} INFO - Executing <Task(PythonOperator): get_matplotlib> on 2022-11-23 10:44:59.432098+00:00
[2022-11-23T10:45:02.814+0000] {standard_task_runner.py:55} INFO - Started process 270 to run task
[2022-11-23T10:45:02.818+0000] {standard_task_runner.py:82} INFO - Running: ['***', 'tasks', 'run', 'dag_python_module_v2', 'get_matplotlib', 'manual__2022-11-23T10:44:59.432098+00:00', '--job-id', '6', '--raw', '--subdir', 'DAGS_FOLDER/python_module_dag.py', '--cfg-path', '/tmp/tmp7m6nd8nc']
[2022-11-23T10:45:02.820+0000] {standard_task_runner.py:83} INFO - Job 6: Subtask get_matplotlib
[2022-11-23T10:45:02.912+0000] {task_command.py:376} INFO - Running <TaskInstance: dag_python_module_v2.get_matplotlib manual__2022-11-23T10:44:59.432098+00:00 [running]> on host 5e9a7c8d3407
[2022-11-23T10:45:03.108+0000] {taskinstance.py:1592} INFO - Exporting the following env vars:
AIRFLOW_CTX_DAG_OWNER=JG13
AIRFLOW_CTX_DAG_ID=dag_python_module_v2
AIRFLOW_CTX_TASK_ID=get_matplotlib
AIRFLOW_CTX_EXECUTION_DATE=2022-11-23T10:44:59.432098+00:00
AIRFLOW_CTX_TRY_NUMBER=1
AIRFLOW_CTX_DAG_RUN_ID=manual__2022-11-23T10:44:59.432098+00:00
[2022-11-23T10:45:03.284+0000] {logging_mixin.py:137} INFO - Get matplotlib version: 3.5.3
[2022-11-23T10:45:03.285+0000] {python.py:177} INFO - Done. Returned value was: None
[2022-11-23T10:45:03.306+0000] {taskinstance.py:1406} INFO - Marking task as SUCCESS. dag_id=dag_python_module_v2, task_id=get_matplotlib, execution_date=20221123T104459, start_date=20221123T104502, end_date=20221123T104503
[2022-11-23T10:45:03.357+0000] {local_task_job.py:159} INFO - Task exited with return code 0
[2022-11-23T10:45:03.394+0000] {taskinstance.py:2623} INFO - 0 downstream tasks scheduled from follow-on schedule check
