[2022-11-17T11:28:40.636+0000] {taskinstance.py:1165} INFO - Dependencies all met for <TaskInstance: first_python_dag_v4.get_name manual__2022-11-17T11:28:38.765819+00:00 [queued]>
[2022-11-17T11:28:40.684+0000] {taskinstance.py:1165} INFO - Dependencies all met for <TaskInstance: first_python_dag_v4.get_name manual__2022-11-17T11:28:38.765819+00:00 [queued]>
[2022-11-17T11:28:40.685+0000] {taskinstance.py:1362} INFO - 
--------------------------------------------------------------------------------
[2022-11-17T11:28:40.686+0000] {taskinstance.py:1363} INFO - Starting attempt 1 of 6
[2022-11-17T11:28:40.686+0000] {taskinstance.py:1364} INFO - 
--------------------------------------------------------------------------------
[2022-11-17T11:28:40.740+0000] {taskinstance.py:1383} INFO - Executing <Task(PythonOperator): get_name> on 2022-11-17 11:28:38.765819+00:00
[2022-11-17T11:28:40.748+0000] {standard_task_runner.py:55} INFO - Started process 9843 to run task
[2022-11-17T11:28:40.760+0000] {standard_task_runner.py:82} INFO - Running: ['***', 'tasks', 'run', 'first_python_dag_v4', 'get_name', 'manual__2022-11-17T11:28:38.765819+00:00', '--job-id', '11', '--raw', '--subdir', 'DAGS_FOLDER/python_dag.py', '--cfg-path', '/tmp/tmpm3chyz7_']
[2022-11-17T11:28:40.762+0000] {standard_task_runner.py:83} INFO - Job 11: Subtask get_name
[2022-11-17T11:28:40.898+0000] {task_command.py:376} INFO - Running <TaskInstance: first_python_dag_v4.get_name manual__2022-11-17T11:28:38.765819+00:00 [running]> on host 40055b85ab48
[2022-11-17T11:28:41.056+0000] {taskinstance.py:1592} INFO - Exporting the following env vars:
AIRFLOW_CTX_DAG_OWNER=coder2j
AIRFLOW_CTX_DAG_ID=first_python_dag_v4
AIRFLOW_CTX_TASK_ID=get_name
AIRFLOW_CTX_EXECUTION_DATE=2022-11-17T11:28:38.765819+00:00
AIRFLOW_CTX_TRY_NUMBER=1
AIRFLOW_CTX_DAG_RUN_ID=manual__2022-11-17T11:28:38.765819+00:00
[2022-11-17T11:28:41.057+0000] {python.py:177} INFO - Done. Returned value was: Jonny
[2022-11-17T11:28:41.127+0000] {taskinstance.py:1406} INFO - Marking task as SUCCESS. dag_id=first_python_dag_v4, task_id=get_name, execution_date=20221117T112838, start_date=20221117T112840, end_date=20221117T112841
[2022-11-17T11:28:41.177+0000] {local_task_job.py:159} INFO - Task exited with return code 0
[2022-11-17T11:28:41.210+0000] {taskinstance.py:2623} INFO - 1 downstream tasks scheduled from follow-on schedule check
