[2022-11-23T10:44:57.864+0000] {taskinstance.py:1165} INFO - Dependencies all met for <TaskInstance: dag_python_module_v2.get_matplotlib scheduled__2022-11-22T00:00:00+00:00 [queued]>
[2022-11-23T10:44:57.881+0000] {taskinstance.py:1165} INFO - Dependencies all met for <TaskInstance: dag_python_module_v2.get_matplotlib scheduled__2022-11-22T00:00:00+00:00 [queued]>
[2022-11-23T10:44:57.881+0000] {taskinstance.py:1362} INFO - 
--------------------------------------------------------------------------------
[2022-11-23T10:44:57.881+0000] {taskinstance.py:1363} INFO - Starting attempt 1 of 6
[2022-11-23T10:44:57.881+0000] {taskinstance.py:1364} INFO - 
--------------------------------------------------------------------------------
[2022-11-23T10:44:57.906+0000] {taskinstance.py:1383} INFO - Executing <Task(PythonOperator): get_matplotlib> on 2022-11-22 00:00:00+00:00
[2022-11-23T10:44:57.913+0000] {standard_task_runner.py:55} INFO - Started process 266 to run task
[2022-11-23T10:44:57.917+0000] {standard_task_runner.py:82} INFO - Running: ['***', 'tasks', 'run', 'dag_python_module_v2', 'get_matplotlib', 'scheduled__2022-11-22T00:00:00+00:00', '--job-id', '4', '--raw', '--subdir', 'DAGS_FOLDER/python_module_dag.py', '--cfg-path', '/tmp/tmpkraozb1w']
[2022-11-23T10:44:57.919+0000] {standard_task_runner.py:83} INFO - Job 4: Subtask get_matplotlib
[2022-11-23T10:44:58.017+0000] {task_command.py:376} INFO - Running <TaskInstance: dag_python_module_v2.get_matplotlib scheduled__2022-11-22T00:00:00+00:00 [running]> on host 5e9a7c8d3407
[2022-11-23T10:44:58.130+0000] {taskinstance.py:1592} INFO - Exporting the following env vars:
AIRFLOW_CTX_DAG_OWNER=JG13
AIRFLOW_CTX_DAG_ID=dag_python_module_v2
AIRFLOW_CTX_TASK_ID=get_matplotlib
AIRFLOW_CTX_EXECUTION_DATE=2022-11-22T00:00:00+00:00
AIRFLOW_CTX_TRY_NUMBER=1
AIRFLOW_CTX_DAG_RUN_ID=scheduled__2022-11-22T00:00:00+00:00
[2022-11-23T10:44:58.303+0000] {logging_mixin.py:137} INFO - Get matplotlib version: 3.5.3
[2022-11-23T10:44:58.303+0000] {python.py:177} INFO - Done. Returned value was: None
[2022-11-23T10:44:58.316+0000] {taskinstance.py:1406} INFO - Marking task as SUCCESS. dag_id=dag_python_module_v2, task_id=get_matplotlib, execution_date=20221122T000000, start_date=20221123T104457, end_date=20221123T104458
[2022-11-23T10:44:58.369+0000] {local_task_job.py:159} INFO - Task exited with return code 0
[2022-11-23T10:44:58.392+0000] {taskinstance.py:2623} INFO - 0 downstream tasks scheduled from follow-on schedule check
