[2022-11-16T14:34:08.555+0000] {taskinstance.py:1165} INFO - Dependencies all met for <TaskInstance: example_bash_operator.run_after_loop scheduled__2022-11-15T00:00:00+00:00 [queued]>
[2022-11-16T14:34:08.569+0000] {taskinstance.py:1165} INFO - Dependencies all met for <TaskInstance: example_bash_operator.run_after_loop scheduled__2022-11-15T00:00:00+00:00 [queued]>
[2022-11-16T14:34:08.570+0000] {taskinstance.py:1362} INFO - 
--------------------------------------------------------------------------------
[2022-11-16T14:34:08.570+0000] {taskinstance.py:1363} INFO - Starting attempt 1 of 1
[2022-11-16T14:34:08.570+0000] {taskinstance.py:1364} INFO - 
--------------------------------------------------------------------------------
[2022-11-16T14:34:08.589+0000] {taskinstance.py:1383} INFO - Executing <Task(BashOperator): run_after_loop> on 2022-11-15 00:00:00+00:00
[2022-11-16T14:34:08.594+0000] {standard_task_runner.py:55} INFO - Started process 2589 to run task
[2022-11-16T14:34:08.598+0000] {standard_task_runner.py:82} INFO - Running: ['***', 'tasks', 'run', 'example_bash_operator', 'run_after_loop', 'scheduled__2022-11-15T00:00:00+00:00', '--job-id', '8', '--raw', '--subdir', '/home/***/.local/lib/python3.7/site-packages/***/example_dags/example_bash_operator.py', '--cfg-path', '/tmp/tmp_vz27njl']
[2022-11-16T14:34:08.600+0000] {standard_task_runner.py:83} INFO - Job 8: Subtask run_after_loop
[2022-11-16T14:34:08.677+0000] {task_command.py:376} INFO - Running <TaskInstance: example_bash_operator.run_after_loop scheduled__2022-11-15T00:00:00+00:00 [running]> on host a63a6c6a0ad2
[2022-11-16T14:34:08.771+0000] {taskinstance.py:1592} INFO - Exporting the following env vars:
AIRFLOW_CTX_DAG_OWNER=***
AIRFLOW_CTX_DAG_ID=example_bash_operator
AIRFLOW_CTX_TASK_ID=run_after_loop
AIRFLOW_CTX_EXECUTION_DATE=2022-11-15T00:00:00+00:00
AIRFLOW_CTX_TRY_NUMBER=1
AIRFLOW_CTX_DAG_RUN_ID=scheduled__2022-11-15T00:00:00+00:00
[2022-11-16T14:34:08.772+0000] {subprocess.py:63} INFO - Tmp dir root location: 
 /tmp
[2022-11-16T14:34:08.773+0000] {subprocess.py:75} INFO - Running command: ['/bin/bash', '-c', 'echo 1']
[2022-11-16T14:34:08.785+0000] {subprocess.py:86} INFO - Output:
[2022-11-16T14:34:08.787+0000] {subprocess.py:93} INFO - 1
[2022-11-16T14:34:08.787+0000] {subprocess.py:97} INFO - Command exited with return code 0
[2022-11-16T14:34:08.821+0000] {taskinstance.py:1406} INFO - Marking task as SUCCESS. dag_id=example_bash_operator, task_id=run_after_loop, execution_date=20221115T000000, start_date=20221116T143408, end_date=20221116T143408
[2022-11-16T14:34:08.852+0000] {local_task_job.py:159} INFO - Task exited with return code 0
[2022-11-16T14:34:08.893+0000] {taskinstance.py:2623} INFO - 0 downstream tasks scheduled from follow-on schedule check
