[2022-11-17T11:20:13.723+0000] {taskinstance.py:1165} INFO - Dependencies all met for <TaskInstance: my_first_dag_v3.second_task manual__2022-11-17T11:20:10.196694+00:00 [queued]>
[2022-11-17T11:20:13.739+0000] {taskinstance.py:1165} INFO - Dependencies all met for <TaskInstance: my_first_dag_v3.second_task manual__2022-11-17T11:20:10.196694+00:00 [queued]>
[2022-11-17T11:20:13.740+0000] {taskinstance.py:1362} INFO - 
--------------------------------------------------------------------------------
[2022-11-17T11:20:13.740+0000] {taskinstance.py:1363} INFO - Starting attempt 1 of 6
[2022-11-17T11:20:13.740+0000] {taskinstance.py:1364} INFO - 
--------------------------------------------------------------------------------
[2022-11-17T11:20:13.763+0000] {taskinstance.py:1383} INFO - Executing <Task(BashOperator): second_task> on 2022-11-17 11:20:10.196694+00:00
[2022-11-17T11:20:13.769+0000] {standard_task_runner.py:55} INFO - Started process 9297 to run task
[2022-11-17T11:20:13.773+0000] {standard_task_runner.py:82} INFO - Running: ['***', 'tasks', 'run', 'my_first_dag_v3', 'second_task', 'manual__2022-11-17T11:20:10.196694+00:00', '--job-id', '6', '--raw', '--subdir', 'DAGS_FOLDER/first_dag.py', '--cfg-path', '/tmp/tmpqppurk17']
[2022-11-17T11:20:13.775+0000] {standard_task_runner.py:83} INFO - Job 6: Subtask second_task
[2022-11-17T11:20:13.861+0000] {task_command.py:376} INFO - Running <TaskInstance: my_first_dag_v3.second_task manual__2022-11-17T11:20:10.196694+00:00 [running]> on host 40055b85ab48
[2022-11-17T11:20:13.965+0000] {taskinstance.py:1592} INFO - Exporting the following env vars:
AIRFLOW_CTX_DAG_OWNER=coder2j
AIRFLOW_CTX_DAG_ID=my_first_dag_v3
AIRFLOW_CTX_TASK_ID=second_task
AIRFLOW_CTX_EXECUTION_DATE=2022-11-17T11:20:10.196694+00:00
AIRFLOW_CTX_TRY_NUMBER=1
AIRFLOW_CTX_DAG_RUN_ID=manual__2022-11-17T11:20:10.196694+00:00
[2022-11-17T11:20:13.966+0000] {subprocess.py:63} INFO - Tmp dir root location: 
 /tmp
[2022-11-17T11:20:13.967+0000] {subprocess.py:75} INFO - Running command: ['/bin/bash', '-c', 'echo hello world, this is the second task']
[2022-11-17T11:20:13.985+0000] {subprocess.py:86} INFO - Output:
[2022-11-17T11:20:13.987+0000] {subprocess.py:93} INFO - hello world, this is the second task
[2022-11-17T11:20:13.987+0000] {subprocess.py:97} INFO - Command exited with return code 0
[2022-11-17T11:20:14.029+0000] {taskinstance.py:1406} INFO - Marking task as SUCCESS. dag_id=my_first_dag_v3, task_id=second_task, execution_date=20221117T112010, start_date=20221117T112013, end_date=20221117T112014
[2022-11-17T11:20:14.064+0000] {local_task_job.py:159} INFO - Task exited with return code 0
[2022-11-17T11:20:14.094+0000] {taskinstance.py:2623} INFO - 0 downstream tasks scheduled from follow-on schedule check
