[2022-11-17T14:11:14.578+0000] {taskinstance.py:1165} INFO - Dependencies all met for <TaskInstance: dag_taskflow_api_v2.get_age manual__2022-11-17T14:11:12.527032+00:00 [queued]>
[2022-11-17T14:11:14.598+0000] {taskinstance.py:1165} INFO - Dependencies all met for <TaskInstance: dag_taskflow_api_v2.get_age manual__2022-11-17T14:11:12.527032+00:00 [queued]>
[2022-11-17T14:11:14.599+0000] {taskinstance.py:1362} INFO - 
--------------------------------------------------------------------------------
[2022-11-17T14:11:14.599+0000] {taskinstance.py:1363} INFO - Starting attempt 1 of 6
[2022-11-17T14:11:14.599+0000] {taskinstance.py:1364} INFO - 
--------------------------------------------------------------------------------
[2022-11-17T14:11:14.644+0000] {taskinstance.py:1383} INFO - Executing <Task(_PythonDecoratedOperator): get_age> on 2022-11-17 14:11:12.527032+00:00
[2022-11-17T14:11:14.653+0000] {standard_task_runner.py:55} INFO - Started process 245 to run task
[2022-11-17T14:11:14.662+0000] {standard_task_runner.py:82} INFO - Running: ['***', 'tasks', 'run', 'dag_taskflow_api_v2', 'get_age', 'manual__2022-11-17T14:11:12.527032+00:00', '--job-id', '3', '--raw', '--subdir', 'DAGS_FOLDER/dag_taskflow_api.py', '--cfg-path', '/tmp/tmp3q_x0tjp']
[2022-11-17T14:11:14.664+0000] {standard_task_runner.py:83} INFO - Job 3: Subtask get_age
[2022-11-17T14:11:14.844+0000] {task_command.py:376} INFO - Running <TaskInstance: dag_taskflow_api_v2.get_age manual__2022-11-17T14:11:12.527032+00:00 [running]> on host e3cce3a63158
[2022-11-17T14:11:15.011+0000] {taskinstance.py:1592} INFO - Exporting the following env vars:
AIRFLOW_CTX_DAG_OWNER=coder2j
AIRFLOW_CTX_DAG_ID=dag_taskflow_api_v2
AIRFLOW_CTX_TASK_ID=get_age
AIRFLOW_CTX_EXECUTION_DATE=2022-11-17T14:11:12.527032+00:00
AIRFLOW_CTX_TRY_NUMBER=1
AIRFLOW_CTX_DAG_RUN_ID=manual__2022-11-17T14:11:12.527032+00:00
[2022-11-17T14:11:15.012+0000] {python.py:177} INFO - Done. Returned value was: 28
[2022-11-17T14:11:15.058+0000] {taskinstance.py:1406} INFO - Marking task as SUCCESS. dag_id=dag_taskflow_api_v2, task_id=get_age, execution_date=20221117T141112, start_date=20221117T141114, end_date=20221117T141115
[2022-11-17T14:11:15.129+0000] {local_task_job.py:159} INFO - Task exited with return code 0
[2022-11-17T14:11:15.174+0000] {taskinstance.py:2623} INFO - 1 downstream tasks scheduled from follow-on schedule check
