[2022-11-17T15:14:28.404+0000] {taskinstance.py:1165} INFO - Dependencies all met for <TaskInstance: dag_catchup_backfill_v2.task1 backfill__2022-11-05T00:00:00+00:00 [queued]>
[2022-11-17T15:14:28.684+0000] {taskinstance.py:1165} INFO - Dependencies all met for <TaskInstance: dag_catchup_backfill_v2.task1 backfill__2022-11-05T00:00:00+00:00 [queued]>
[2022-11-17T15:14:28.685+0000] {taskinstance.py:1362} INFO - 
--------------------------------------------------------------------------------
[2022-11-17T15:14:28.688+0000] {taskinstance.py:1363} INFO - Starting attempt 1 of 6
[2022-11-17T15:14:28.688+0000] {taskinstance.py:1364} INFO - 
--------------------------------------------------------------------------------
[2022-11-17T15:14:29.118+0000] {taskinstance.py:1383} INFO - Executing <Task(BashOperator): task1> on 2022-11-05 00:00:00+00:00
[2022-11-17T15:14:29.124+0000] {standard_task_runner.py:55} INFO - Started process 5018 to run task
[2022-11-17T15:14:29.149+0000] {standard_task_runner.py:82} INFO - Running: ['***', 'tasks', 'run', 'dag_catchup_backfill_v2', 'task1', 'backfill__2022-11-05T00:00:00+00:00', '--job-id', '24', '--pool', 'default_pool', '--raw', '--subdir', 'DAGS_FOLDER/dag_catchup_backfill.py', '--cfg-path', '/tmp/tmpf3vk1y47']
[2022-11-17T15:14:29.200+0000] {standard_task_runner.py:83} INFO - Job 24: Subtask task1
[2022-11-17T15:14:30.119+0000] {task_command.py:376} INFO - Running <TaskInstance: dag_catchup_backfill_v2.task1 backfill__2022-11-05T00:00:00+00:00 [running]> on host e3cce3a63158
[2022-11-17T15:14:30.837+0000] {taskinstance.py:1592} INFO - Exporting the following env vars:
AIRFLOW_CTX_DAG_OWNER=JonnyG
AIRFLOW_CTX_DAG_ID=dag_catchup_backfill_v2
AIRFLOW_CTX_TASK_ID=task1
AIRFLOW_CTX_EXECUTION_DATE=2022-11-05T00:00:00+00:00
AIRFLOW_CTX_TRY_NUMBER=1
AIRFLOW_CTX_DAG_RUN_ID=backfill__2022-11-05T00:00:00+00:00
[2022-11-17T15:14:30.843+0000] {subprocess.py:63} INFO - Tmp dir root location: 
 /tmp
[2022-11-17T15:14:30.844+0000] {subprocess.py:75} INFO - Running command: ['/bin/bash', '-c', 'echo This is a simple bash command!']
[2022-11-17T15:14:30.878+0000] {subprocess.py:86} INFO - Output:
[2022-11-17T15:14:30.883+0000] {subprocess.py:93} INFO - This is a simple bash command!
[2022-11-17T15:14:30.893+0000] {subprocess.py:97} INFO - Command exited with return code 0
[2022-11-17T15:14:31.077+0000] {taskinstance.py:1406} INFO - Marking task as SUCCESS. dag_id=dag_catchup_backfill_v2, task_id=task1, execution_date=20221105T000000, start_date=20221117T151428, end_date=20221117T151431
[2022-11-17T15:14:31.235+0000] {local_task_job.py:159} INFO - Task exited with return code 0
[2022-11-17T15:14:31.327+0000] {taskinstance.py:2623} INFO - 0 downstream tasks scheduled from follow-on schedule check
