[2022-11-22T15:40:46.238+0000] {processor.py:154} INFO - Started process (PID=18334) to work on /opt/airflow/dags/dag_catchup_backfill.py
[2022-11-22T15:40:46.239+0000] {processor.py:756} INFO - Processing file /opt/airflow/dags/dag_catchup_backfill.py for tasks to queue
[2022-11-22T15:40:46.241+0000] {logging_mixin.py:137} INFO - [2022-11-22T15:40:46.240+0000] {dagbag.py:537} INFO - Filling up the DagBag from /opt/airflow/dags/dag_catchup_backfill.py
[2022-11-22T15:40:46.270+0000] {processor.py:766} INFO - DAG(s) dict_keys(['dag_catchup_backfill_v2']) retrieved from /opt/airflow/dags/dag_catchup_backfill.py
[2022-11-22T15:40:46.350+0000] {logging_mixin.py:137} INFO - [2022-11-22T15:40:46.350+0000] {dag.py:2585} INFO - Sync 1 DAGs
[2022-11-22T15:40:46.396+0000] {logging_mixin.py:137} INFO - [2022-11-22T15:40:46.395+0000] {dag.py:3340} INFO - Setting next_dagrun for dag_catchup_backfill_v2 to 2022-11-21T00:00:00+00:00, run_after=2022-11-22T00:00:00+00:00
[2022-11-22T15:40:46.428+0000] {processor.py:176} INFO - Processing /opt/airflow/dags/dag_catchup_backfill.py took 0.196 seconds
[2022-11-22T15:41:16.728+0000] {processor.py:154} INFO - Started process (PID=18386) to work on /opt/airflow/dags/dag_catchup_backfill.py
[2022-11-22T15:41:16.728+0000] {processor.py:756} INFO - Processing file /opt/airflow/dags/dag_catchup_backfill.py for tasks to queue
[2022-11-22T15:41:16.729+0000] {logging_mixin.py:137} INFO - [2022-11-22T15:41:16.729+0000] {dagbag.py:537} INFO - Filling up the DagBag from /opt/airflow/dags/dag_catchup_backfill.py
[2022-11-22T15:41:16.758+0000] {processor.py:766} INFO - DAG(s) dict_keys(['dag_catchup_backfill_v2']) retrieved from /opt/airflow/dags/dag_catchup_backfill.py
[2022-11-22T15:41:16.819+0000] {logging_mixin.py:137} INFO - [2022-11-22T15:41:16.819+0000] {dag.py:2585} INFO - Sync 1 DAGs
[2022-11-22T15:41:16.878+0000] {logging_mixin.py:137} INFO - [2022-11-22T15:41:16.878+0000] {dag.py:3340} INFO - Setting next_dagrun for dag_catchup_backfill_v2 to 2022-11-21T00:00:00+00:00, run_after=2022-11-22T00:00:00+00:00
[2022-11-22T15:41:16.905+0000] {processor.py:176} INFO - Processing /opt/airflow/dags/dag_catchup_backfill.py took 0.181 seconds
[2022-11-22T15:41:47.425+0000] {processor.py:154} INFO - Started process (PID=18430) to work on /opt/airflow/dags/dag_catchup_backfill.py
[2022-11-22T15:41:47.427+0000] {processor.py:756} INFO - Processing file /opt/airflow/dags/dag_catchup_backfill.py for tasks to queue
[2022-11-22T15:41:47.428+0000] {logging_mixin.py:137} INFO - [2022-11-22T15:41:47.428+0000] {dagbag.py:537} INFO - Filling up the DagBag from /opt/airflow/dags/dag_catchup_backfill.py
[2022-11-22T15:41:47.467+0000] {processor.py:766} INFO - DAG(s) dict_keys(['dag_catchup_backfill_v2']) retrieved from /opt/airflow/dags/dag_catchup_backfill.py
[2022-11-22T15:41:47.579+0000] {logging_mixin.py:137} INFO - [2022-11-22T15:41:47.577+0000] {dag.py:2585} INFO - Sync 1 DAGs
[2022-11-22T15:41:47.650+0000] {logging_mixin.py:137} INFO - [2022-11-22T15:41:47.650+0000] {dag.py:3340} INFO - Setting next_dagrun for dag_catchup_backfill_v2 to 2022-11-21T00:00:00+00:00, run_after=2022-11-22T00:00:00+00:00
[2022-11-22T15:41:47.688+0000] {processor.py:176} INFO - Processing /opt/airflow/dags/dag_catchup_backfill.py took 0.268 seconds
[2022-11-22T15:42:18.053+0000] {processor.py:154} INFO - Started process (PID=18478) to work on /opt/airflow/dags/dag_catchup_backfill.py
[2022-11-22T15:42:18.055+0000] {processor.py:756} INFO - Processing file /opt/airflow/dags/dag_catchup_backfill.py for tasks to queue
[2022-11-22T15:42:18.065+0000] {logging_mixin.py:137} INFO - [2022-11-22T15:42:18.064+0000] {dagbag.py:537} INFO - Filling up the DagBag from /opt/airflow/dags/dag_catchup_backfill.py
[2022-11-22T15:42:18.180+0000] {processor.py:766} INFO - DAG(s) dict_keys(['dag_catchup_backfill_v2']) retrieved from /opt/airflow/dags/dag_catchup_backfill.py
[2022-11-22T15:42:18.321+0000] {logging_mixin.py:137} INFO - [2022-11-22T15:42:18.320+0000] {dag.py:2585} INFO - Sync 1 DAGs
[2022-11-22T15:42:18.399+0000] {logging_mixin.py:137} INFO - [2022-11-22T15:42:18.399+0000] {dag.py:3340} INFO - Setting next_dagrun for dag_catchup_backfill_v2 to 2022-11-21T00:00:00+00:00, run_after=2022-11-22T00:00:00+00:00
[2022-11-22T15:42:18.472+0000] {processor.py:176} INFO - Processing /opt/airflow/dags/dag_catchup_backfill.py took 0.443 seconds
[2022-11-22T15:42:49.066+0000] {processor.py:154} INFO - Started process (PID=18522) to work on /opt/airflow/dags/dag_catchup_backfill.py
[2022-11-22T15:42:49.068+0000] {processor.py:756} INFO - Processing file /opt/airflow/dags/dag_catchup_backfill.py for tasks to queue
[2022-11-22T15:42:49.069+0000] {logging_mixin.py:137} INFO - [2022-11-22T15:42:49.069+0000] {dagbag.py:537} INFO - Filling up the DagBag from /opt/airflow/dags/dag_catchup_backfill.py
[2022-11-22T15:42:49.093+0000] {processor.py:766} INFO - DAG(s) dict_keys(['dag_catchup_backfill_v2']) retrieved from /opt/airflow/dags/dag_catchup_backfill.py
[2022-11-22T15:42:49.151+0000] {logging_mixin.py:137} INFO - [2022-11-22T15:42:49.150+0000] {dag.py:2585} INFO - Sync 1 DAGs
[2022-11-22T15:42:49.198+0000] {logging_mixin.py:137} INFO - [2022-11-22T15:42:49.198+0000] {dag.py:3340} INFO - Setting next_dagrun for dag_catchup_backfill_v2 to 2022-11-21T00:00:00+00:00, run_after=2022-11-22T00:00:00+00:00
[2022-11-22T15:42:49.233+0000] {processor.py:176} INFO - Processing /opt/airflow/dags/dag_catchup_backfill.py took 0.173 seconds
[2022-11-22T15:43:19.702+0000] {processor.py:154} INFO - Started process (PID=18565) to work on /opt/airflow/dags/dag_catchup_backfill.py
[2022-11-22T15:43:19.703+0000] {processor.py:756} INFO - Processing file /opt/airflow/dags/dag_catchup_backfill.py for tasks to queue
[2022-11-22T15:43:19.704+0000] {logging_mixin.py:137} INFO - [2022-11-22T15:43:19.704+0000] {dagbag.py:537} INFO - Filling up the DagBag from /opt/airflow/dags/dag_catchup_backfill.py
[2022-11-22T15:43:19.733+0000] {processor.py:766} INFO - DAG(s) dict_keys(['dag_catchup_backfill_v2']) retrieved from /opt/airflow/dags/dag_catchup_backfill.py
[2022-11-22T15:43:19.793+0000] {logging_mixin.py:137} INFO - [2022-11-22T15:43:19.793+0000] {dag.py:2585} INFO - Sync 1 DAGs
[2022-11-22T15:43:19.837+0000] {logging_mixin.py:137} INFO - [2022-11-22T15:43:19.836+0000] {dag.py:3340} INFO - Setting next_dagrun for dag_catchup_backfill_v2 to 2022-11-21T00:00:00+00:00, run_after=2022-11-22T00:00:00+00:00
[2022-11-22T15:43:19.866+0000] {processor.py:176} INFO - Processing /opt/airflow/dags/dag_catchup_backfill.py took 0.169 seconds
[2022-11-22T18:14:46.678+0000] {processor.py:154} INFO - Started process (PID=185) to work on /opt/airflow/dags/dag_catchup_backfill.py
[2022-11-22T18:14:46.679+0000] {processor.py:756} INFO - Processing file /opt/airflow/dags/dag_catchup_backfill.py for tasks to queue
[2022-11-22T18:14:46.679+0000] {logging_mixin.py:137} INFO - [2022-11-22T18:14:46.679+0000] {dagbag.py:537} INFO - Filling up the DagBag from /opt/airflow/dags/dag_catchup_backfill.py
[2022-11-22T18:14:46.699+0000] {processor.py:766} INFO - DAG(s) dict_keys(['dag_catchup_backfill_v2']) retrieved from /opt/airflow/dags/dag_catchup_backfill.py
[2022-11-22T18:14:46.896+0000] {logging_mixin.py:137} INFO - [2022-11-22T18:14:46.896+0000] {manager.py:507} INFO - Created Permission View: can edit on DAG:dag_catchup_backfill_v2
[2022-11-22T18:14:46.913+0000] {logging_mixin.py:137} INFO - [2022-11-22T18:14:46.912+0000] {manager.py:507} INFO - Created Permission View: can delete on DAG:dag_catchup_backfill_v2
[2022-11-22T18:14:46.927+0000] {logging_mixin.py:137} INFO - [2022-11-22T18:14:46.927+0000] {manager.py:507} INFO - Created Permission View: can read on DAG:dag_catchup_backfill_v2
[2022-11-22T18:14:46.927+0000] {logging_mixin.py:137} INFO - [2022-11-22T18:14:46.927+0000] {dag.py:2585} INFO - Sync 1 DAGs
[2022-11-22T18:14:46.947+0000] {logging_mixin.py:137} INFO - [2022-11-22T18:14:46.946+0000] {dag.py:2606} INFO - Creating ORM DAG for dag_catchup_backfill_v2
[2022-11-22T18:14:46.971+0000] {logging_mixin.py:137} INFO - [2022-11-22T18:14:46.971+0000] {dag.py:3340} INFO - Setting next_dagrun for dag_catchup_backfill_v2 to 2022-11-21T00:00:00+00:00, run_after=2022-11-22T00:00:00+00:00
[2022-11-22T18:14:46.996+0000] {processor.py:176} INFO - Processing /opt/airflow/dags/dag_catchup_backfill.py took 0.322 seconds
[2022-11-22T18:15:17.076+0000] {processor.py:154} INFO - Started process (PID=239) to work on /opt/airflow/dags/dag_catchup_backfill.py
[2022-11-22T18:15:17.077+0000] {processor.py:756} INFO - Processing file /opt/airflow/dags/dag_catchup_backfill.py for tasks to queue
[2022-11-22T18:15:17.078+0000] {logging_mixin.py:137} INFO - [2022-11-22T18:15:17.078+0000] {dagbag.py:537} INFO - Filling up the DagBag from /opt/airflow/dags/dag_catchup_backfill.py
[2022-11-22T18:15:17.097+0000] {processor.py:766} INFO - DAG(s) dict_keys(['dag_catchup_backfill_v2']) retrieved from /opt/airflow/dags/dag_catchup_backfill.py
[2022-11-22T18:15:17.144+0000] {logging_mixin.py:137} INFO - [2022-11-22T18:15:17.144+0000] {dag.py:2585} INFO - Sync 1 DAGs
[2022-11-22T18:15:17.186+0000] {logging_mixin.py:137} INFO - [2022-11-22T18:15:17.185+0000] {dag.py:3340} INFO - Setting next_dagrun for dag_catchup_backfill_v2 to 2022-11-21T00:00:00+00:00, run_after=2022-11-22T00:00:00+00:00
[2022-11-22T18:15:17.212+0000] {processor.py:176} INFO - Processing /opt/airflow/dags/dag_catchup_backfill.py took 0.139 seconds
[2022-11-22T18:15:47.750+0000] {processor.py:154} INFO - Started process (PID=285) to work on /opt/airflow/dags/dag_catchup_backfill.py
[2022-11-22T18:15:47.751+0000] {processor.py:756} INFO - Processing file /opt/airflow/dags/dag_catchup_backfill.py for tasks to queue
[2022-11-22T18:15:47.752+0000] {logging_mixin.py:137} INFO - [2022-11-22T18:15:47.752+0000] {dagbag.py:537} INFO - Filling up the DagBag from /opt/airflow/dags/dag_catchup_backfill.py
[2022-11-22T18:15:47.774+0000] {processor.py:766} INFO - DAG(s) dict_keys(['dag_catchup_backfill_v2']) retrieved from /opt/airflow/dags/dag_catchup_backfill.py
[2022-11-22T18:15:47.828+0000] {logging_mixin.py:137} INFO - [2022-11-22T18:15:47.828+0000] {dag.py:2585} INFO - Sync 1 DAGs
[2022-11-22T18:15:47.875+0000] {logging_mixin.py:137} INFO - [2022-11-22T18:15:47.875+0000] {dag.py:3340} INFO - Setting next_dagrun for dag_catchup_backfill_v2 to 2022-11-21T00:00:00+00:00, run_after=2022-11-22T00:00:00+00:00
[2022-11-22T18:15:47.910+0000] {processor.py:176} INFO - Processing /opt/airflow/dags/dag_catchup_backfill.py took 0.165 seconds
[2022-11-22T18:16:18.531+0000] {processor.py:154} INFO - Started process (PID=342) to work on /opt/airflow/dags/dag_catchup_backfill.py
[2022-11-22T18:16:18.533+0000] {processor.py:756} INFO - Processing file /opt/airflow/dags/dag_catchup_backfill.py for tasks to queue
[2022-11-22T18:16:18.534+0000] {logging_mixin.py:137} INFO - [2022-11-22T18:16:18.533+0000] {dagbag.py:537} INFO - Filling up the DagBag from /opt/airflow/dags/dag_catchup_backfill.py
[2022-11-22T18:16:18.555+0000] {processor.py:766} INFO - DAG(s) dict_keys(['dag_catchup_backfill_v2']) retrieved from /opt/airflow/dags/dag_catchup_backfill.py
[2022-11-22T18:16:18.604+0000] {logging_mixin.py:137} INFO - [2022-11-22T18:16:18.603+0000] {dag.py:2585} INFO - Sync 1 DAGs
[2022-11-22T18:16:18.641+0000] {logging_mixin.py:137} INFO - [2022-11-22T18:16:18.641+0000] {dag.py:3340} INFO - Setting next_dagrun for dag_catchup_backfill_v2 to 2022-11-21T00:00:00+00:00, run_after=2022-11-22T00:00:00+00:00
[2022-11-22T18:16:18.667+0000] {processor.py:176} INFO - Processing /opt/airflow/dags/dag_catchup_backfill.py took 0.139 seconds
[2022-11-22T18:16:49.242+0000] {processor.py:154} INFO - Started process (PID=390) to work on /opt/airflow/dags/dag_catchup_backfill.py
[2022-11-22T18:16:49.243+0000] {processor.py:756} INFO - Processing file /opt/airflow/dags/dag_catchup_backfill.py for tasks to queue
[2022-11-22T18:16:49.244+0000] {logging_mixin.py:137} INFO - [2022-11-22T18:16:49.244+0000] {dagbag.py:537} INFO - Filling up the DagBag from /opt/airflow/dags/dag_catchup_backfill.py
[2022-11-22T18:16:49.263+0000] {processor.py:766} INFO - DAG(s) dict_keys(['dag_catchup_backfill_v2']) retrieved from /opt/airflow/dags/dag_catchup_backfill.py
[2022-11-22T18:16:49.308+0000] {logging_mixin.py:137} INFO - [2022-11-22T18:16:49.308+0000] {dag.py:2585} INFO - Sync 1 DAGs
[2022-11-22T18:16:49.345+0000] {logging_mixin.py:137} INFO - [2022-11-22T18:16:49.345+0000] {dag.py:3340} INFO - Setting next_dagrun for dag_catchup_backfill_v2 to 2022-11-21T00:00:00+00:00, run_after=2022-11-22T00:00:00+00:00
[2022-11-22T18:16:49.371+0000] {processor.py:176} INFO - Processing /opt/airflow/dags/dag_catchup_backfill.py took 0.133 seconds
[2022-11-22T18:17:19.882+0000] {processor.py:154} INFO - Started process (PID=448) to work on /opt/airflow/dags/dag_catchup_backfill.py
[2022-11-22T18:17:19.883+0000] {processor.py:756} INFO - Processing file /opt/airflow/dags/dag_catchup_backfill.py for tasks to queue
[2022-11-22T18:17:19.884+0000] {logging_mixin.py:137} INFO - [2022-11-22T18:17:19.883+0000] {dagbag.py:537} INFO - Filling up the DagBag from /opt/airflow/dags/dag_catchup_backfill.py
[2022-11-22T18:17:19.902+0000] {processor.py:766} INFO - DAG(s) dict_keys(['dag_catchup_backfill_v2']) retrieved from /opt/airflow/dags/dag_catchup_backfill.py
[2022-11-22T18:17:19.951+0000] {logging_mixin.py:137} INFO - [2022-11-22T18:17:19.951+0000] {dag.py:2585} INFO - Sync 1 DAGs
[2022-11-22T18:17:19.987+0000] {logging_mixin.py:137} INFO - [2022-11-22T18:17:19.987+0000] {dag.py:3340} INFO - Setting next_dagrun for dag_catchup_backfill_v2 to 2022-11-21T00:00:00+00:00, run_after=2022-11-22T00:00:00+00:00
[2022-11-22T18:17:20.013+0000] {processor.py:176} INFO - Processing /opt/airflow/dags/dag_catchup_backfill.py took 0.134 seconds
[2022-11-22T18:17:50.610+0000] {processor.py:154} INFO - Started process (PID=496) to work on /opt/airflow/dags/dag_catchup_backfill.py
[2022-11-22T18:17:50.611+0000] {processor.py:756} INFO - Processing file /opt/airflow/dags/dag_catchup_backfill.py for tasks to queue
[2022-11-22T18:17:50.612+0000] {logging_mixin.py:137} INFO - [2022-11-22T18:17:50.612+0000] {dagbag.py:537} INFO - Filling up the DagBag from /opt/airflow/dags/dag_catchup_backfill.py
[2022-11-22T18:17:50.631+0000] {processor.py:766} INFO - DAG(s) dict_keys(['dag_catchup_backfill_v2']) retrieved from /opt/airflow/dags/dag_catchup_backfill.py
[2022-11-22T18:17:50.679+0000] {logging_mixin.py:137} INFO - [2022-11-22T18:17:50.678+0000] {dag.py:2585} INFO - Sync 1 DAGs
[2022-11-22T18:17:50.715+0000] {logging_mixin.py:137} INFO - [2022-11-22T18:17:50.715+0000] {dag.py:3340} INFO - Setting next_dagrun for dag_catchup_backfill_v2 to 2022-11-21T00:00:00+00:00, run_after=2022-11-22T00:00:00+00:00
[2022-11-22T18:17:50.742+0000] {processor.py:176} INFO - Processing /opt/airflow/dags/dag_catchup_backfill.py took 0.135 seconds
[2022-11-22T18:18:21.291+0000] {processor.py:154} INFO - Started process (PID=554) to work on /opt/airflow/dags/dag_catchup_backfill.py
[2022-11-22T18:18:21.292+0000] {processor.py:756} INFO - Processing file /opt/airflow/dags/dag_catchup_backfill.py for tasks to queue
[2022-11-22T18:18:21.293+0000] {logging_mixin.py:137} INFO - [2022-11-22T18:18:21.293+0000] {dagbag.py:537} INFO - Filling up the DagBag from /opt/airflow/dags/dag_catchup_backfill.py
[2022-11-22T18:18:21.312+0000] {processor.py:766} INFO - DAG(s) dict_keys(['dag_catchup_backfill_v2']) retrieved from /opt/airflow/dags/dag_catchup_backfill.py
[2022-11-22T18:18:21.363+0000] {logging_mixin.py:137} INFO - [2022-11-22T18:18:21.362+0000] {dag.py:2585} INFO - Sync 1 DAGs
[2022-11-22T18:18:21.399+0000] {logging_mixin.py:137} INFO - [2022-11-22T18:18:21.399+0000] {dag.py:3340} INFO - Setting next_dagrun for dag_catchup_backfill_v2 to 2022-11-21T00:00:00+00:00, run_after=2022-11-22T00:00:00+00:00
[2022-11-22T18:18:21.426+0000] {processor.py:176} INFO - Processing /opt/airflow/dags/dag_catchup_backfill.py took 0.138 seconds
[2022-11-22T18:18:52.087+0000] {processor.py:154} INFO - Started process (PID=604) to work on /opt/airflow/dags/dag_catchup_backfill.py
[2022-11-22T18:18:52.088+0000] {processor.py:756} INFO - Processing file /opt/airflow/dags/dag_catchup_backfill.py for tasks to queue
[2022-11-22T18:18:52.089+0000] {logging_mixin.py:137} INFO - [2022-11-22T18:18:52.089+0000] {dagbag.py:537} INFO - Filling up the DagBag from /opt/airflow/dags/dag_catchup_backfill.py
[2022-11-22T18:18:52.131+0000] {processor.py:766} INFO - DAG(s) dict_keys(['dag_catchup_backfill_v2']) retrieved from /opt/airflow/dags/dag_catchup_backfill.py
[2022-11-22T18:18:52.237+0000] {logging_mixin.py:137} INFO - [2022-11-22T18:18:52.236+0000] {dag.py:2585} INFO - Sync 1 DAGs
[2022-11-22T18:18:52.306+0000] {logging_mixin.py:137} INFO - [2022-11-22T18:18:52.306+0000] {dag.py:3340} INFO - Setting next_dagrun for dag_catchup_backfill_v2 to 2022-11-21T00:00:00+00:00, run_after=2022-11-22T00:00:00+00:00
[2022-11-22T18:18:52.407+0000] {processor.py:176} INFO - Processing /opt/airflow/dags/dag_catchup_backfill.py took 0.326 seconds
