[2022-11-22T15:40:49.488+0000] {processor.py:154} INFO - Started process (PID=18350) to work on /opt/airflow/dags/dag_taskflow_api.py
[2022-11-22T15:40:49.489+0000] {processor.py:756} INFO - Processing file /opt/airflow/dags/dag_taskflow_api.py for tasks to queue
[2022-11-22T15:40:49.490+0000] {logging_mixin.py:137} INFO - [2022-11-22T15:40:49.489+0000] {dagbag.py:537} INFO - Filling up the DagBag from /opt/airflow/dags/dag_taskflow_api.py
[2022-11-22T15:40:49.515+0000] {logging_mixin.py:137} WARNING - /home/airflow/.local/lib/python3.7/site-packages/airflow/models/dag.py:3437 RemovedInAirflow3Warning: Param `schedule_interval` is deprecated and will be removed in a future release. Please use `schedule` instead.
[2022-11-22T15:40:49.523+0000] {logging_mixin.py:137} INFO - [2022-11-22T15:40:49.523+0000] {taskmixin.py:205} WARNING - Dependency <Task(_PythonDecoratedOperator): get_name>, greet already registered for DAG: dag_taskflow_api_v2
[2022-11-22T15:40:49.523+0000] {logging_mixin.py:137} INFO - [2022-11-22T15:40:49.523+0000] {taskmixin.py:205} WARNING - Dependency <Task(_PythonDecoratedOperator): greet>, get_name already registered for DAG: dag_taskflow_api_v2
[2022-11-22T15:40:49.534+0000] {processor.py:766} INFO - DAG(s) dict_keys(['dag_taskflow_api_v2']) retrieved from /opt/airflow/dags/dag_taskflow_api.py
[2022-11-22T15:40:49.601+0000] {logging_mixin.py:137} INFO - [2022-11-22T15:40:49.601+0000] {dag.py:2585} INFO - Sync 1 DAGs
[2022-11-22T15:40:49.656+0000] {logging_mixin.py:137} INFO - [2022-11-22T15:40:49.656+0000] {dag.py:3340} INFO - Setting next_dagrun for dag_taskflow_api_v2 to 2022-11-17T00:00:00+00:00, run_after=2022-11-18T00:00:00+00:00
[2022-11-22T15:40:49.694+0000] {processor.py:176} INFO - Processing /opt/airflow/dags/dag_taskflow_api.py took 0.209 seconds
[2022-11-22T15:41:19.961+0000] {processor.py:154} INFO - Started process (PID=18393) to work on /opt/airflow/dags/dag_taskflow_api.py
[2022-11-22T15:41:19.961+0000] {processor.py:756} INFO - Processing file /opt/airflow/dags/dag_taskflow_api.py for tasks to queue
[2022-11-22T15:41:19.962+0000] {logging_mixin.py:137} INFO - [2022-11-22T15:41:19.962+0000] {dagbag.py:537} INFO - Filling up the DagBag from /opt/airflow/dags/dag_taskflow_api.py
[2022-11-22T15:41:19.986+0000] {logging_mixin.py:137} WARNING - /home/airflow/.local/lib/python3.7/site-packages/airflow/models/dag.py:3437 RemovedInAirflow3Warning: Param `schedule_interval` is deprecated and will be removed in a future release. Please use `schedule` instead.
[2022-11-22T15:41:19.996+0000] {logging_mixin.py:137} INFO - [2022-11-22T15:41:19.996+0000] {taskmixin.py:205} WARNING - Dependency <Task(_PythonDecoratedOperator): get_name>, greet already registered for DAG: dag_taskflow_api_v2
[2022-11-22T15:41:19.997+0000] {logging_mixin.py:137} INFO - [2022-11-22T15:41:19.996+0000] {taskmixin.py:205} WARNING - Dependency <Task(_PythonDecoratedOperator): greet>, get_name already registered for DAG: dag_taskflow_api_v2
[2022-11-22T15:41:20.010+0000] {processor.py:766} INFO - DAG(s) dict_keys(['dag_taskflow_api_v2']) retrieved from /opt/airflow/dags/dag_taskflow_api.py
[2022-11-22T15:41:20.062+0000] {logging_mixin.py:137} INFO - [2022-11-22T15:41:20.062+0000] {dag.py:2585} INFO - Sync 1 DAGs
[2022-11-22T15:41:20.102+0000] {logging_mixin.py:137} INFO - [2022-11-22T15:41:20.102+0000] {dag.py:3340} INFO - Setting next_dagrun for dag_taskflow_api_v2 to 2022-11-17T00:00:00+00:00, run_after=2022-11-18T00:00:00+00:00
[2022-11-22T15:41:20.131+0000] {processor.py:176} INFO - Processing /opt/airflow/dags/dag_taskflow_api.py took 0.174 seconds
[2022-11-22T15:41:50.769+0000] {processor.py:154} INFO - Started process (PID=18437) to work on /opt/airflow/dags/dag_taskflow_api.py
[2022-11-22T15:41:50.770+0000] {processor.py:756} INFO - Processing file /opt/airflow/dags/dag_taskflow_api.py for tasks to queue
[2022-11-22T15:41:50.772+0000] {logging_mixin.py:137} INFO - [2022-11-22T15:41:50.772+0000] {dagbag.py:537} INFO - Filling up the DagBag from /opt/airflow/dags/dag_taskflow_api.py
[2022-11-22T15:41:50.802+0000] {logging_mixin.py:137} WARNING - /home/airflow/.local/lib/python3.7/site-packages/airflow/models/dag.py:3437 RemovedInAirflow3Warning: Param `schedule_interval` is deprecated and will be removed in a future release. Please use `schedule` instead.
[2022-11-22T15:41:50.810+0000] {logging_mixin.py:137} INFO - [2022-11-22T15:41:50.810+0000] {taskmixin.py:205} WARNING - Dependency <Task(_PythonDecoratedOperator): get_name>, greet already registered for DAG: dag_taskflow_api_v2
[2022-11-22T15:41:50.811+0000] {logging_mixin.py:137} INFO - [2022-11-22T15:41:50.811+0000] {taskmixin.py:205} WARNING - Dependency <Task(_PythonDecoratedOperator): greet>, get_name already registered for DAG: dag_taskflow_api_v2
[2022-11-22T15:41:50.822+0000] {processor.py:766} INFO - DAG(s) dict_keys(['dag_taskflow_api_v2']) retrieved from /opt/airflow/dags/dag_taskflow_api.py
[2022-11-22T15:41:50.876+0000] {logging_mixin.py:137} INFO - [2022-11-22T15:41:50.876+0000] {dag.py:2585} INFO - Sync 1 DAGs
[2022-11-22T15:41:50.922+0000] {logging_mixin.py:137} INFO - [2022-11-22T15:41:50.922+0000] {dag.py:3340} INFO - Setting next_dagrun for dag_taskflow_api_v2 to 2022-11-17T00:00:00+00:00, run_after=2022-11-18T00:00:00+00:00
[2022-11-22T15:41:50.978+0000] {processor.py:176} INFO - Processing /opt/airflow/dags/dag_taskflow_api.py took 0.212 seconds
[2022-11-22T15:42:21.575+0000] {processor.py:154} INFO - Started process (PID=18487) to work on /opt/airflow/dags/dag_taskflow_api.py
[2022-11-22T15:42:21.576+0000] {processor.py:756} INFO - Processing file /opt/airflow/dags/dag_taskflow_api.py for tasks to queue
[2022-11-22T15:42:21.577+0000] {logging_mixin.py:137} INFO - [2022-11-22T15:42:21.577+0000] {dagbag.py:537} INFO - Filling up the DagBag from /opt/airflow/dags/dag_taskflow_api.py
[2022-11-22T15:42:21.609+0000] {logging_mixin.py:137} WARNING - /home/airflow/.local/lib/python3.7/site-packages/airflow/models/dag.py:3437 RemovedInAirflow3Warning: Param `schedule_interval` is deprecated and will be removed in a future release. Please use `schedule` instead.
[2022-11-22T15:42:21.619+0000] {logging_mixin.py:137} INFO - [2022-11-22T15:42:21.619+0000] {taskmixin.py:205} WARNING - Dependency <Task(_PythonDecoratedOperator): get_name>, greet already registered for DAG: dag_taskflow_api_v2
[2022-11-22T15:42:21.620+0000] {logging_mixin.py:137} INFO - [2022-11-22T15:42:21.619+0000] {taskmixin.py:205} WARNING - Dependency <Task(_PythonDecoratedOperator): greet>, get_name already registered for DAG: dag_taskflow_api_v2
[2022-11-22T15:42:21.638+0000] {processor.py:766} INFO - DAG(s) dict_keys(['dag_taskflow_api_v2']) retrieved from /opt/airflow/dags/dag_taskflow_api.py
[2022-11-22T15:42:21.713+0000] {logging_mixin.py:137} INFO - [2022-11-22T15:42:21.712+0000] {dag.py:2585} INFO - Sync 1 DAGs
[2022-11-22T15:42:21.770+0000] {logging_mixin.py:137} INFO - [2022-11-22T15:42:21.769+0000] {dag.py:3340} INFO - Setting next_dagrun for dag_taskflow_api_v2 to 2022-11-17T00:00:00+00:00, run_after=2022-11-18T00:00:00+00:00
[2022-11-22T15:42:21.796+0000] {processor.py:176} INFO - Processing /opt/airflow/dags/dag_taskflow_api.py took 0.225 seconds
[2022-11-22T15:42:52.282+0000] {processor.py:154} INFO - Started process (PID=18529) to work on /opt/airflow/dags/dag_taskflow_api.py
[2022-11-22T15:42:52.283+0000] {processor.py:756} INFO - Processing file /opt/airflow/dags/dag_taskflow_api.py for tasks to queue
[2022-11-22T15:42:52.284+0000] {logging_mixin.py:137} INFO - [2022-11-22T15:42:52.284+0000] {dagbag.py:537} INFO - Filling up the DagBag from /opt/airflow/dags/dag_taskflow_api.py
[2022-11-22T15:42:52.309+0000] {logging_mixin.py:137} WARNING - /home/airflow/.local/lib/python3.7/site-packages/airflow/models/dag.py:3437 RemovedInAirflow3Warning: Param `schedule_interval` is deprecated and will be removed in a future release. Please use `schedule` instead.
[2022-11-22T15:42:52.316+0000] {logging_mixin.py:137} INFO - [2022-11-22T15:42:52.316+0000] {taskmixin.py:205} WARNING - Dependency <Task(_PythonDecoratedOperator): get_name>, greet already registered for DAG: dag_taskflow_api_v2
[2022-11-22T15:42:52.316+0000] {logging_mixin.py:137} INFO - [2022-11-22T15:42:52.316+0000] {taskmixin.py:205} WARNING - Dependency <Task(_PythonDecoratedOperator): greet>, get_name already registered for DAG: dag_taskflow_api_v2
[2022-11-22T15:42:52.325+0000] {processor.py:766} INFO - DAG(s) dict_keys(['dag_taskflow_api_v2']) retrieved from /opt/airflow/dags/dag_taskflow_api.py
[2022-11-22T15:42:52.374+0000] {logging_mixin.py:137} INFO - [2022-11-22T15:42:52.374+0000] {dag.py:2585} INFO - Sync 1 DAGs
[2022-11-22T15:42:52.411+0000] {logging_mixin.py:137} INFO - [2022-11-22T15:42:52.411+0000] {dag.py:3340} INFO - Setting next_dagrun for dag_taskflow_api_v2 to 2022-11-17T00:00:00+00:00, run_after=2022-11-18T00:00:00+00:00
[2022-11-22T15:42:52.450+0000] {processor.py:176} INFO - Processing /opt/airflow/dags/dag_taskflow_api.py took 0.172 seconds
[2022-11-22T15:43:22.720+0000] {processor.py:154} INFO - Started process (PID=18581) to work on /opt/airflow/dags/dag_taskflow_api.py
[2022-11-22T15:43:22.721+0000] {processor.py:756} INFO - Processing file /opt/airflow/dags/dag_taskflow_api.py for tasks to queue
[2022-11-22T15:43:22.722+0000] {logging_mixin.py:137} INFO - [2022-11-22T15:43:22.722+0000] {dagbag.py:537} INFO - Filling up the DagBag from /opt/airflow/dags/dag_taskflow_api.py
[2022-11-22T15:43:22.747+0000] {logging_mixin.py:137} WARNING - /home/airflow/.local/lib/python3.7/site-packages/airflow/models/dag.py:3437 RemovedInAirflow3Warning: Param `schedule_interval` is deprecated and will be removed in a future release. Please use `schedule` instead.
[2022-11-22T15:43:22.755+0000] {logging_mixin.py:137} INFO - [2022-11-22T15:43:22.755+0000] {taskmixin.py:205} WARNING - Dependency <Task(_PythonDecoratedOperator): get_name>, greet already registered for DAG: dag_taskflow_api_v2
[2022-11-22T15:43:22.755+0000] {logging_mixin.py:137} INFO - [2022-11-22T15:43:22.755+0000] {taskmixin.py:205} WARNING - Dependency <Task(_PythonDecoratedOperator): greet>, get_name already registered for DAG: dag_taskflow_api_v2
[2022-11-22T15:43:22.764+0000] {processor.py:766} INFO - DAG(s) dict_keys(['dag_taskflow_api_v2']) retrieved from /opt/airflow/dags/dag_taskflow_api.py
[2022-11-22T15:43:22.819+0000] {logging_mixin.py:137} INFO - [2022-11-22T15:43:22.819+0000] {dag.py:2585} INFO - Sync 1 DAGs
[2022-11-22T15:43:22.858+0000] {logging_mixin.py:137} INFO - [2022-11-22T15:43:22.857+0000] {dag.py:3340} INFO - Setting next_dagrun for dag_taskflow_api_v2 to 2022-11-17T00:00:00+00:00, run_after=2022-11-18T00:00:00+00:00
[2022-11-22T15:43:22.885+0000] {processor.py:176} INFO - Processing /opt/airflow/dags/dag_taskflow_api.py took 0.170 seconds
[2022-11-22T18:14:47.035+0000] {processor.py:154} INFO - Started process (PID=190) to work on /opt/airflow/dags/dag_taskflow_api.py
[2022-11-22T18:14:47.037+0000] {processor.py:756} INFO - Processing file /opt/airflow/dags/dag_taskflow_api.py for tasks to queue
[2022-11-22T18:14:47.038+0000] {logging_mixin.py:137} INFO - [2022-11-22T18:14:47.038+0000] {dagbag.py:537} INFO - Filling up the DagBag from /opt/airflow/dags/dag_taskflow_api.py
[2022-11-22T18:14:47.099+0000] {logging_mixin.py:137} WARNING - /home/airflow/.local/lib/python3.7/site-packages/airflow/models/dag.py:3437 RemovedInAirflow3Warning: Param `schedule_interval` is deprecated and will be removed in a future release. Please use `schedule` instead.
[2022-11-22T18:14:47.110+0000] {logging_mixin.py:137} INFO - [2022-11-22T18:14:47.109+0000] {taskmixin.py:205} WARNING - Dependency <Task(_PythonDecoratedOperator): get_name>, greet already registered for DAG: dag_taskflow_api_v2
[2022-11-22T18:14:47.110+0000] {logging_mixin.py:137} INFO - [2022-11-22T18:14:47.110+0000] {taskmixin.py:205} WARNING - Dependency <Task(_PythonDecoratedOperator): greet>, get_name already registered for DAG: dag_taskflow_api_v2
[2022-11-22T18:14:47.123+0000] {processor.py:766} INFO - DAG(s) dict_keys(['dag_taskflow_api_v2']) retrieved from /opt/airflow/dags/dag_taskflow_api.py
[2022-11-22T18:14:47.411+0000] {logging_mixin.py:137} INFO - [2022-11-22T18:14:47.411+0000] {manager.py:507} INFO - Created Permission View: can edit on DAG:dag_taskflow_api_v2
[2022-11-22T18:14:47.426+0000] {logging_mixin.py:137} INFO - [2022-11-22T18:14:47.426+0000] {manager.py:507} INFO - Created Permission View: can delete on DAG:dag_taskflow_api_v2
[2022-11-22T18:14:47.439+0000] {logging_mixin.py:137} INFO - [2022-11-22T18:14:47.439+0000] {manager.py:507} INFO - Created Permission View: can read on DAG:dag_taskflow_api_v2
[2022-11-22T18:14:47.440+0000] {logging_mixin.py:137} INFO - [2022-11-22T18:14:47.439+0000] {dag.py:2585} INFO - Sync 1 DAGs
[2022-11-22T18:14:47.467+0000] {logging_mixin.py:137} INFO - [2022-11-22T18:14:47.466+0000] {dag.py:2606} INFO - Creating ORM DAG for dag_taskflow_api_v2
[2022-11-22T18:14:47.494+0000] {logging_mixin.py:137} INFO - [2022-11-22T18:14:47.494+0000] {dag.py:3340} INFO - Setting next_dagrun for dag_taskflow_api_v2 to 2022-11-17T00:00:00+00:00, run_after=2022-11-18T00:00:00+00:00
[2022-11-22T18:14:47.536+0000] {processor.py:176} INFO - Processing /opt/airflow/dags/dag_taskflow_api.py took 0.506 seconds
[2022-11-22T18:15:18.103+0000] {processor.py:154} INFO - Started process (PID=244) to work on /opt/airflow/dags/dag_taskflow_api.py
[2022-11-22T18:15:18.104+0000] {processor.py:756} INFO - Processing file /opt/airflow/dags/dag_taskflow_api.py for tasks to queue
[2022-11-22T18:15:18.105+0000] {logging_mixin.py:137} INFO - [2022-11-22T18:15:18.105+0000] {dagbag.py:537} INFO - Filling up the DagBag from /opt/airflow/dags/dag_taskflow_api.py
[2022-11-22T18:15:18.133+0000] {logging_mixin.py:137} WARNING - /home/airflow/.local/lib/python3.7/site-packages/airflow/models/dag.py:3437 RemovedInAirflow3Warning: Param `schedule_interval` is deprecated and will be removed in a future release. Please use `schedule` instead.
[2022-11-22T18:15:18.141+0000] {logging_mixin.py:137} INFO - [2022-11-22T18:15:18.140+0000] {taskmixin.py:205} WARNING - Dependency <Task(_PythonDecoratedOperator): get_name>, greet already registered for DAG: dag_taskflow_api_v2
[2022-11-22T18:15:18.141+0000] {logging_mixin.py:137} INFO - [2022-11-22T18:15:18.141+0000] {taskmixin.py:205} WARNING - Dependency <Task(_PythonDecoratedOperator): greet>, get_name already registered for DAG: dag_taskflow_api_v2
[2022-11-22T18:15:18.152+0000] {processor.py:766} INFO - DAG(s) dict_keys(['dag_taskflow_api_v2']) retrieved from /opt/airflow/dags/dag_taskflow_api.py
[2022-11-22T18:15:18.213+0000] {logging_mixin.py:137} INFO - [2022-11-22T18:15:18.213+0000] {dag.py:2585} INFO - Sync 1 DAGs
[2022-11-22T18:15:18.253+0000] {logging_mixin.py:137} INFO - [2022-11-22T18:15:18.252+0000] {dag.py:3340} INFO - Setting next_dagrun for dag_taskflow_api_v2 to 2022-11-17T00:00:00+00:00, run_after=2022-11-18T00:00:00+00:00
[2022-11-22T18:15:18.281+0000] {processor.py:176} INFO - Processing /opt/airflow/dags/dag_taskflow_api.py took 0.183 seconds
[2022-11-22T18:15:48.830+0000] {processor.py:154} INFO - Started process (PID=292) to work on /opt/airflow/dags/dag_taskflow_api.py
[2022-11-22T18:15:48.831+0000] {processor.py:756} INFO - Processing file /opt/airflow/dags/dag_taskflow_api.py for tasks to queue
[2022-11-22T18:15:48.833+0000] {logging_mixin.py:137} INFO - [2022-11-22T18:15:48.833+0000] {dagbag.py:537} INFO - Filling up the DagBag from /opt/airflow/dags/dag_taskflow_api.py
[2022-11-22T18:15:48.879+0000] {logging_mixin.py:137} WARNING - /home/airflow/.local/lib/python3.7/site-packages/airflow/models/dag.py:3437 RemovedInAirflow3Warning: Param `schedule_interval` is deprecated and will be removed in a future release. Please use `schedule` instead.
[2022-11-22T18:15:48.893+0000] {logging_mixin.py:137} INFO - [2022-11-22T18:15:48.892+0000] {taskmixin.py:205} WARNING - Dependency <Task(_PythonDecoratedOperator): get_name>, greet already registered for DAG: dag_taskflow_api_v2
[2022-11-22T18:15:48.893+0000] {logging_mixin.py:137} INFO - [2022-11-22T18:15:48.893+0000] {taskmixin.py:205} WARNING - Dependency <Task(_PythonDecoratedOperator): greet>, get_name already registered for DAG: dag_taskflow_api_v2
[2022-11-22T18:15:48.912+0000] {processor.py:766} INFO - DAG(s) dict_keys(['dag_taskflow_api_v2']) retrieved from /opt/airflow/dags/dag_taskflow_api.py
[2022-11-22T18:15:49.010+0000] {logging_mixin.py:137} INFO - [2022-11-22T18:15:49.009+0000] {dag.py:2585} INFO - Sync 1 DAGs
[2022-11-22T18:15:49.072+0000] {logging_mixin.py:137} INFO - [2022-11-22T18:15:49.072+0000] {dag.py:3340} INFO - Setting next_dagrun for dag_taskflow_api_v2 to 2022-11-17T00:00:00+00:00, run_after=2022-11-18T00:00:00+00:00
[2022-11-22T18:15:49.108+0000] {processor.py:176} INFO - Processing /opt/airflow/dags/dag_taskflow_api.py took 0.283 seconds
[2022-11-22T18:16:19.558+0000] {processor.py:154} INFO - Started process (PID=347) to work on /opt/airflow/dags/dag_taskflow_api.py
[2022-11-22T18:16:19.560+0000] {processor.py:756} INFO - Processing file /opt/airflow/dags/dag_taskflow_api.py for tasks to queue
[2022-11-22T18:16:19.561+0000] {logging_mixin.py:137} INFO - [2022-11-22T18:16:19.561+0000] {dagbag.py:537} INFO - Filling up the DagBag from /opt/airflow/dags/dag_taskflow_api.py
[2022-11-22T18:16:19.602+0000] {logging_mixin.py:137} WARNING - /home/airflow/.local/lib/python3.7/site-packages/airflow/models/dag.py:3437 RemovedInAirflow3Warning: Param `schedule_interval` is deprecated and will be removed in a future release. Please use `schedule` instead.
[2022-11-22T18:16:19.612+0000] {logging_mixin.py:137} INFO - [2022-11-22T18:16:19.612+0000] {taskmixin.py:205} WARNING - Dependency <Task(_PythonDecoratedOperator): get_name>, greet already registered for DAG: dag_taskflow_api_v2
[2022-11-22T18:16:19.613+0000] {logging_mixin.py:137} INFO - [2022-11-22T18:16:19.613+0000] {taskmixin.py:205} WARNING - Dependency <Task(_PythonDecoratedOperator): greet>, get_name already registered for DAG: dag_taskflow_api_v2
[2022-11-22T18:16:19.625+0000] {processor.py:766} INFO - DAG(s) dict_keys(['dag_taskflow_api_v2']) retrieved from /opt/airflow/dags/dag_taskflow_api.py
[2022-11-22T18:16:19.693+0000] {logging_mixin.py:137} INFO - [2022-11-22T18:16:19.692+0000] {dag.py:2585} INFO - Sync 1 DAGs
[2022-11-22T18:16:19.737+0000] {logging_mixin.py:137} INFO - [2022-11-22T18:16:19.737+0000] {dag.py:3340} INFO - Setting next_dagrun for dag_taskflow_api_v2 to 2022-11-17T00:00:00+00:00, run_after=2022-11-18T00:00:00+00:00
[2022-11-22T18:16:19.767+0000] {processor.py:176} INFO - Processing /opt/airflow/dags/dag_taskflow_api.py took 0.215 seconds
[2022-11-22T18:16:50.272+0000] {processor.py:154} INFO - Started process (PID=395) to work on /opt/airflow/dags/dag_taskflow_api.py
[2022-11-22T18:16:50.273+0000] {processor.py:756} INFO - Processing file /opt/airflow/dags/dag_taskflow_api.py for tasks to queue
[2022-11-22T18:16:50.274+0000] {logging_mixin.py:137} INFO - [2022-11-22T18:16:50.274+0000] {dagbag.py:537} INFO - Filling up the DagBag from /opt/airflow/dags/dag_taskflow_api.py
[2022-11-22T18:16:50.307+0000] {logging_mixin.py:137} WARNING - /home/airflow/.local/lib/python3.7/site-packages/airflow/models/dag.py:3437 RemovedInAirflow3Warning: Param `schedule_interval` is deprecated and will be removed in a future release. Please use `schedule` instead.
[2022-11-22T18:16:50.314+0000] {logging_mixin.py:137} INFO - [2022-11-22T18:16:50.314+0000] {taskmixin.py:205} WARNING - Dependency <Task(_PythonDecoratedOperator): get_name>, greet already registered for DAG: dag_taskflow_api_v2
[2022-11-22T18:16:50.315+0000] {logging_mixin.py:137} INFO - [2022-11-22T18:16:50.315+0000] {taskmixin.py:205} WARNING - Dependency <Task(_PythonDecoratedOperator): greet>, get_name already registered for DAG: dag_taskflow_api_v2
[2022-11-22T18:16:50.325+0000] {processor.py:766} INFO - DAG(s) dict_keys(['dag_taskflow_api_v2']) retrieved from /opt/airflow/dags/dag_taskflow_api.py
[2022-11-22T18:16:50.381+0000] {logging_mixin.py:137} INFO - [2022-11-22T18:16:50.381+0000] {dag.py:2585} INFO - Sync 1 DAGs
[2022-11-22T18:16:50.423+0000] {logging_mixin.py:137} INFO - [2022-11-22T18:16:50.423+0000] {dag.py:3340} INFO - Setting next_dagrun for dag_taskflow_api_v2 to 2022-11-17T00:00:00+00:00, run_after=2022-11-18T00:00:00+00:00
[2022-11-22T18:16:50.452+0000] {processor.py:176} INFO - Processing /opt/airflow/dags/dag_taskflow_api.py took 0.186 seconds
[2022-11-22T18:17:20.898+0000] {processor.py:154} INFO - Started process (PID=453) to work on /opt/airflow/dags/dag_taskflow_api.py
[2022-11-22T18:17:20.899+0000] {processor.py:756} INFO - Processing file /opt/airflow/dags/dag_taskflow_api.py for tasks to queue
[2022-11-22T18:17:20.900+0000] {logging_mixin.py:137} INFO - [2022-11-22T18:17:20.900+0000] {dagbag.py:537} INFO - Filling up the DagBag from /opt/airflow/dags/dag_taskflow_api.py
[2022-11-22T18:17:20.935+0000] {logging_mixin.py:137} WARNING - /home/airflow/.local/lib/python3.7/site-packages/airflow/models/dag.py:3437 RemovedInAirflow3Warning: Param `schedule_interval` is deprecated and will be removed in a future release. Please use `schedule` instead.
[2022-11-22T18:17:20.945+0000] {logging_mixin.py:137} INFO - [2022-11-22T18:17:20.944+0000] {taskmixin.py:205} WARNING - Dependency <Task(_PythonDecoratedOperator): get_name>, greet already registered for DAG: dag_taskflow_api_v2
[2022-11-22T18:17:20.945+0000] {logging_mixin.py:137} INFO - [2022-11-22T18:17:20.945+0000] {taskmixin.py:205} WARNING - Dependency <Task(_PythonDecoratedOperator): greet>, get_name already registered for DAG: dag_taskflow_api_v2
[2022-11-22T18:17:20.957+0000] {processor.py:766} INFO - DAG(s) dict_keys(['dag_taskflow_api_v2']) retrieved from /opt/airflow/dags/dag_taskflow_api.py
[2022-11-22T18:17:21.021+0000] {logging_mixin.py:137} INFO - [2022-11-22T18:17:21.021+0000] {dag.py:2585} INFO - Sync 1 DAGs
[2022-11-22T18:17:21.071+0000] {logging_mixin.py:137} INFO - [2022-11-22T18:17:21.071+0000] {dag.py:3340} INFO - Setting next_dagrun for dag_taskflow_api_v2 to 2022-11-17T00:00:00+00:00, run_after=2022-11-18T00:00:00+00:00
[2022-11-22T18:17:21.106+0000] {processor.py:176} INFO - Processing /opt/airflow/dags/dag_taskflow_api.py took 0.213 seconds
[2022-11-22T18:17:51.628+0000] {processor.py:154} INFO - Started process (PID=508) to work on /opt/airflow/dags/dag_taskflow_api.py
[2022-11-22T18:17:51.630+0000] {processor.py:756} INFO - Processing file /opt/airflow/dags/dag_taskflow_api.py for tasks to queue
[2022-11-22T18:17:51.631+0000] {logging_mixin.py:137} INFO - [2022-11-22T18:17:51.631+0000] {dagbag.py:537} INFO - Filling up the DagBag from /opt/airflow/dags/dag_taskflow_api.py
[2022-11-22T18:17:51.659+0000] {logging_mixin.py:137} WARNING - /home/airflow/.local/lib/python3.7/site-packages/airflow/models/dag.py:3437 RemovedInAirflow3Warning: Param `schedule_interval` is deprecated and will be removed in a future release. Please use `schedule` instead.
[2022-11-22T18:17:51.667+0000] {logging_mixin.py:137} INFO - [2022-11-22T18:17:51.667+0000] {taskmixin.py:205} WARNING - Dependency <Task(_PythonDecoratedOperator): get_name>, greet already registered for DAG: dag_taskflow_api_v2
[2022-11-22T18:17:51.667+0000] {logging_mixin.py:137} INFO - [2022-11-22T18:17:51.667+0000] {taskmixin.py:205} WARNING - Dependency <Task(_PythonDecoratedOperator): greet>, get_name already registered for DAG: dag_taskflow_api_v2
[2022-11-22T18:17:51.677+0000] {processor.py:766} INFO - DAG(s) dict_keys(['dag_taskflow_api_v2']) retrieved from /opt/airflow/dags/dag_taskflow_api.py
[2022-11-22T18:17:51.735+0000] {logging_mixin.py:137} INFO - [2022-11-22T18:17:51.735+0000] {dag.py:2585} INFO - Sync 1 DAGs
[2022-11-22T18:17:51.775+0000] {logging_mixin.py:137} INFO - [2022-11-22T18:17:51.775+0000] {dag.py:3340} INFO - Setting next_dagrun for dag_taskflow_api_v2 to 2022-11-17T00:00:00+00:00, run_after=2022-11-18T00:00:00+00:00
[2022-11-22T18:17:51.808+0000] {processor.py:176} INFO - Processing /opt/airflow/dags/dag_taskflow_api.py took 0.186 seconds
[2022-11-22T18:18:22.306+0000] {processor.py:154} INFO - Started process (PID=559) to work on /opt/airflow/dags/dag_taskflow_api.py
[2022-11-22T18:18:22.309+0000] {processor.py:756} INFO - Processing file /opt/airflow/dags/dag_taskflow_api.py for tasks to queue
[2022-11-22T18:18:22.311+0000] {logging_mixin.py:137} INFO - [2022-11-22T18:18:22.310+0000] {dagbag.py:537} INFO - Filling up the DagBag from /opt/airflow/dags/dag_taskflow_api.py
[2022-11-22T18:18:22.342+0000] {logging_mixin.py:137} WARNING - /home/airflow/.local/lib/python3.7/site-packages/airflow/models/dag.py:3437 RemovedInAirflow3Warning: Param `schedule_interval` is deprecated and will be removed in a future release. Please use `schedule` instead.
[2022-11-22T18:18:22.349+0000] {logging_mixin.py:137} INFO - [2022-11-22T18:18:22.349+0000] {taskmixin.py:205} WARNING - Dependency <Task(_PythonDecoratedOperator): get_name>, greet already registered for DAG: dag_taskflow_api_v2
[2022-11-22T18:18:22.350+0000] {logging_mixin.py:137} INFO - [2022-11-22T18:18:22.350+0000] {taskmixin.py:205} WARNING - Dependency <Task(_PythonDecoratedOperator): greet>, get_name already registered for DAG: dag_taskflow_api_v2
[2022-11-22T18:18:22.359+0000] {processor.py:766} INFO - DAG(s) dict_keys(['dag_taskflow_api_v2']) retrieved from /opt/airflow/dags/dag_taskflow_api.py
[2022-11-22T18:18:22.420+0000] {logging_mixin.py:137} INFO - [2022-11-22T18:18:22.420+0000] {dag.py:2585} INFO - Sync 1 DAGs
[2022-11-22T18:18:22.463+0000] {logging_mixin.py:137} INFO - [2022-11-22T18:18:22.463+0000] {dag.py:3340} INFO - Setting next_dagrun for dag_taskflow_api_v2 to 2022-11-17T00:00:00+00:00, run_after=2022-11-18T00:00:00+00:00
[2022-11-22T18:18:22.494+0000] {processor.py:176} INFO - Processing /opt/airflow/dags/dag_taskflow_api.py took 0.193 seconds
[2022-11-22T18:18:53.116+0000] {processor.py:154} INFO - Started process (PID=609) to work on /opt/airflow/dags/dag_taskflow_api.py
[2022-11-22T18:18:53.117+0000] {processor.py:756} INFO - Processing file /opt/airflow/dags/dag_taskflow_api.py for tasks to queue
[2022-11-22T18:18:53.118+0000] {logging_mixin.py:137} INFO - [2022-11-22T18:18:53.118+0000] {dagbag.py:537} INFO - Filling up the DagBag from /opt/airflow/dags/dag_taskflow_api.py
[2022-11-22T18:18:53.155+0000] {logging_mixin.py:137} WARNING - /home/airflow/.local/lib/python3.7/site-packages/airflow/models/dag.py:3437 RemovedInAirflow3Warning: Param `schedule_interval` is deprecated and will be removed in a future release. Please use `schedule` instead.
[2022-11-22T18:18:53.167+0000] {logging_mixin.py:137} INFO - [2022-11-22T18:18:53.167+0000] {taskmixin.py:205} WARNING - Dependency <Task(_PythonDecoratedOperator): get_name>, greet already registered for DAG: dag_taskflow_api_v2
[2022-11-22T18:18:53.167+0000] {logging_mixin.py:137} INFO - [2022-11-22T18:18:53.167+0000] {taskmixin.py:205} WARNING - Dependency <Task(_PythonDecoratedOperator): greet>, get_name already registered for DAG: dag_taskflow_api_v2
[2022-11-22T18:18:53.179+0000] {processor.py:766} INFO - DAG(s) dict_keys(['dag_taskflow_api_v2']) retrieved from /opt/airflow/dags/dag_taskflow_api.py
[2022-11-22T18:18:53.243+0000] {logging_mixin.py:137} INFO - [2022-11-22T18:18:53.243+0000] {dag.py:2585} INFO - Sync 1 DAGs
[2022-11-22T18:18:53.301+0000] {logging_mixin.py:137} INFO - [2022-11-22T18:18:53.301+0000] {dag.py:3340} INFO - Setting next_dagrun for dag_taskflow_api_v2 to 2022-11-17T00:00:00+00:00, run_after=2022-11-18T00:00:00+00:00
[2022-11-22T18:18:53.346+0000] {processor.py:176} INFO - Processing /opt/airflow/dags/dag_taskflow_api.py took 0.235 seconds
