[2022-11-22T15:40:50.522+0000] {processor.py:154} INFO - Started process (PID=18355) to work on /opt/airflow/dags/python_dag.py
[2022-11-22T15:40:50.523+0000] {processor.py:756} INFO - Processing file /opt/airflow/dags/python_dag.py for tasks to queue
[2022-11-22T15:40:50.524+0000] {logging_mixin.py:137} INFO - [2022-11-22T15:40:50.524+0000] {dagbag.py:537} INFO - Filling up the DagBag from /opt/airflow/dags/python_dag.py
[2022-11-22T15:40:50.543+0000] {processor.py:766} INFO - DAG(s) dict_keys(['first_python_dag_v6']) retrieved from /opt/airflow/dags/python_dag.py
[2022-11-22T15:40:50.619+0000] {logging_mixin.py:137} INFO - [2022-11-22T15:40:50.618+0000] {dag.py:2585} INFO - Sync 1 DAGs
[2022-11-22T15:40:50.657+0000] {logging_mixin.py:137} INFO - [2022-11-22T15:40:50.657+0000] {dag.py:3340} INFO - Setting next_dagrun for first_python_dag_v6 to 2022-11-18T00:00:00+00:00, run_after=2022-11-19T00:00:00+00:00
[2022-11-22T15:40:50.685+0000] {processor.py:176} INFO - Processing /opt/airflow/dags/python_dag.py took 0.167 seconds
[2022-11-22T15:41:20.986+0000] {processor.py:154} INFO - Started process (PID=18398) to work on /opt/airflow/dags/python_dag.py
[2022-11-22T15:41:20.990+0000] {processor.py:756} INFO - Processing file /opt/airflow/dags/python_dag.py for tasks to queue
[2022-11-22T15:41:20.991+0000] {logging_mixin.py:137} INFO - [2022-11-22T15:41:20.991+0000] {dagbag.py:537} INFO - Filling up the DagBag from /opt/airflow/dags/python_dag.py
[2022-11-22T15:41:21.020+0000] {processor.py:766} INFO - DAG(s) dict_keys(['first_python_dag_v6']) retrieved from /opt/airflow/dags/python_dag.py
[2022-11-22T15:41:21.100+0000] {logging_mixin.py:137} INFO - [2022-11-22T15:41:21.100+0000] {dag.py:2585} INFO - Sync 1 DAGs
[2022-11-22T15:41:21.165+0000] {logging_mixin.py:137} INFO - [2022-11-22T15:41:21.164+0000] {dag.py:3340} INFO - Setting next_dagrun for first_python_dag_v6 to 2022-11-18T00:00:00+00:00, run_after=2022-11-19T00:00:00+00:00
[2022-11-22T15:41:21.215+0000] {processor.py:176} INFO - Processing /opt/airflow/dags/python_dag.py took 0.234 seconds
[2022-11-22T15:41:51.789+0000] {processor.py:154} INFO - Started process (PID=18450) to work on /opt/airflow/dags/python_dag.py
[2022-11-22T15:41:51.791+0000] {processor.py:756} INFO - Processing file /opt/airflow/dags/python_dag.py for tasks to queue
[2022-11-22T15:41:51.792+0000] {logging_mixin.py:137} INFO - [2022-11-22T15:41:51.792+0000] {dagbag.py:537} INFO - Filling up the DagBag from /opt/airflow/dags/python_dag.py
[2022-11-22T15:41:51.827+0000] {processor.py:766} INFO - DAG(s) dict_keys(['first_python_dag_v6']) retrieved from /opt/airflow/dags/python_dag.py
[2022-11-22T15:41:51.901+0000] {logging_mixin.py:137} INFO - [2022-11-22T15:41:51.901+0000] {dag.py:2585} INFO - Sync 1 DAGs
[2022-11-22T15:41:51.962+0000] {logging_mixin.py:137} INFO - [2022-11-22T15:41:51.961+0000] {dag.py:3340} INFO - Setting next_dagrun for first_python_dag_v6 to 2022-11-18T00:00:00+00:00, run_after=2022-11-19T00:00:00+00:00
[2022-11-22T15:41:51.999+0000] {processor.py:176} INFO - Processing /opt/airflow/dags/python_dag.py took 0.215 seconds
[2022-11-22T15:42:22.650+0000] {processor.py:154} INFO - Started process (PID=18492) to work on /opt/airflow/dags/python_dag.py
[2022-11-22T15:42:22.653+0000] {processor.py:756} INFO - Processing file /opt/airflow/dags/python_dag.py for tasks to queue
[2022-11-22T15:42:22.655+0000] {logging_mixin.py:137} INFO - [2022-11-22T15:42:22.655+0000] {dagbag.py:537} INFO - Filling up the DagBag from /opt/airflow/dags/python_dag.py
[2022-11-22T15:42:22.681+0000] {processor.py:766} INFO - DAG(s) dict_keys(['first_python_dag_v6']) retrieved from /opt/airflow/dags/python_dag.py
[2022-11-22T15:42:22.760+0000] {logging_mixin.py:137} INFO - [2022-11-22T15:42:22.760+0000] {dag.py:2585} INFO - Sync 1 DAGs
[2022-11-22T15:42:22.812+0000] {logging_mixin.py:137} INFO - [2022-11-22T15:42:22.812+0000] {dag.py:3340} INFO - Setting next_dagrun for first_python_dag_v6 to 2022-11-18T00:00:00+00:00, run_after=2022-11-19T00:00:00+00:00
[2022-11-22T15:42:22.847+0000] {processor.py:176} INFO - Processing /opt/airflow/dags/python_dag.py took 0.202 seconds
[2022-11-22T15:42:53.304+0000] {processor.py:154} INFO - Started process (PID=18534) to work on /opt/airflow/dags/python_dag.py
[2022-11-22T15:42:53.307+0000] {processor.py:756} INFO - Processing file /opt/airflow/dags/python_dag.py for tasks to queue
[2022-11-22T15:42:53.308+0000] {logging_mixin.py:137} INFO - [2022-11-22T15:42:53.308+0000] {dagbag.py:537} INFO - Filling up the DagBag from /opt/airflow/dags/python_dag.py
[2022-11-22T15:42:53.336+0000] {processor.py:766} INFO - DAG(s) dict_keys(['first_python_dag_v6']) retrieved from /opt/airflow/dags/python_dag.py
[2022-11-22T15:42:53.404+0000] {logging_mixin.py:137} INFO - [2022-11-22T15:42:53.403+0000] {dag.py:2585} INFO - Sync 1 DAGs
[2022-11-22T15:42:53.451+0000] {logging_mixin.py:137} INFO - [2022-11-22T15:42:53.451+0000] {dag.py:3340} INFO - Setting next_dagrun for first_python_dag_v6 to 2022-11-18T00:00:00+00:00, run_after=2022-11-19T00:00:00+00:00
[2022-11-22T15:42:53.480+0000] {processor.py:176} INFO - Processing /opt/airflow/dags/python_dag.py took 0.181 seconds
[2022-11-22T15:43:23.915+0000] {processor.py:154} INFO - Started process (PID=18586) to work on /opt/airflow/dags/python_dag.py
[2022-11-22T15:43:23.917+0000] {processor.py:756} INFO - Processing file /opt/airflow/dags/python_dag.py for tasks to queue
[2022-11-22T15:43:23.917+0000] {logging_mixin.py:137} INFO - [2022-11-22T15:43:23.917+0000] {dagbag.py:537} INFO - Filling up the DagBag from /opt/airflow/dags/python_dag.py
[2022-11-22T15:43:23.937+0000] {processor.py:766} INFO - DAG(s) dict_keys(['first_python_dag_v6']) retrieved from /opt/airflow/dags/python_dag.py
[2022-11-22T15:43:23.986+0000] {logging_mixin.py:137} INFO - [2022-11-22T15:43:23.986+0000] {dag.py:2585} INFO - Sync 1 DAGs
[2022-11-22T15:43:24.023+0000] {logging_mixin.py:137} INFO - [2022-11-22T15:43:24.023+0000] {dag.py:3340} INFO - Setting next_dagrun for first_python_dag_v6 to 2022-11-18T00:00:00+00:00, run_after=2022-11-19T00:00:00+00:00
[2022-11-22T15:43:24.049+0000] {processor.py:176} INFO - Processing /opt/airflow/dags/python_dag.py took 0.138 seconds
[2022-11-22T18:14:47.048+0000] {processor.py:154} INFO - Started process (PID=193) to work on /opt/airflow/dags/python_dag.py
[2022-11-22T18:14:47.050+0000] {processor.py:756} INFO - Processing file /opt/airflow/dags/python_dag.py for tasks to queue
[2022-11-22T18:14:47.051+0000] {logging_mixin.py:137} INFO - [2022-11-22T18:14:47.051+0000] {dagbag.py:537} INFO - Filling up the DagBag from /opt/airflow/dags/python_dag.py
[2022-11-22T18:14:47.084+0000] {processor.py:766} INFO - DAG(s) dict_keys(['first_python_dag_v6']) retrieved from /opt/airflow/dags/python_dag.py
[2022-11-22T18:14:47.373+0000] {logging_mixin.py:137} INFO - [2022-11-22T18:14:47.373+0000] {manager.py:507} INFO - Created Permission View: can edit on DAG:first_python_dag_v6
[2022-11-22T18:14:47.393+0000] {logging_mixin.py:137} INFO - [2022-11-22T18:14:47.393+0000] {manager.py:507} INFO - Created Permission View: can delete on DAG:first_python_dag_v6
[2022-11-22T18:14:47.407+0000] {logging_mixin.py:137} INFO - [2022-11-22T18:14:47.407+0000] {manager.py:507} INFO - Created Permission View: can read on DAG:first_python_dag_v6
[2022-11-22T18:14:47.408+0000] {logging_mixin.py:137} INFO - [2022-11-22T18:14:47.408+0000] {dag.py:2585} INFO - Sync 1 DAGs
[2022-11-22T18:14:47.436+0000] {logging_mixin.py:137} INFO - [2022-11-22T18:14:47.436+0000] {dag.py:2606} INFO - Creating ORM DAG for first_python_dag_v6
[2022-11-22T18:14:47.462+0000] {logging_mixin.py:137} INFO - [2022-11-22T18:14:47.462+0000] {dag.py:3340} INFO - Setting next_dagrun for first_python_dag_v6 to 2022-11-18T00:00:00+00:00, run_after=2022-11-19T00:00:00+00:00
[2022-11-22T18:14:47.497+0000] {processor.py:176} INFO - Processing /opt/airflow/dags/python_dag.py took 0.455 seconds
[2022-11-22T18:15:18.111+0000] {processor.py:154} INFO - Started process (PID=247) to work on /opt/airflow/dags/python_dag.py
[2022-11-22T18:15:18.113+0000] {processor.py:756} INFO - Processing file /opt/airflow/dags/python_dag.py for tasks to queue
[2022-11-22T18:15:18.113+0000] {logging_mixin.py:137} INFO - [2022-11-22T18:15:18.113+0000] {dagbag.py:537} INFO - Filling up the DagBag from /opt/airflow/dags/python_dag.py
[2022-11-22T18:15:18.136+0000] {processor.py:766} INFO - DAG(s) dict_keys(['first_python_dag_v6']) retrieved from /opt/airflow/dags/python_dag.py
[2022-11-22T18:15:18.199+0000] {logging_mixin.py:137} INFO - [2022-11-22T18:15:18.198+0000] {dag.py:2585} INFO - Sync 1 DAGs
[2022-11-22T18:15:18.237+0000] {logging_mixin.py:137} INFO - [2022-11-22T18:15:18.237+0000] {dag.py:3340} INFO - Setting next_dagrun for first_python_dag_v6 to 2022-11-18T00:00:00+00:00, run_after=2022-11-19T00:00:00+00:00
[2022-11-22T18:15:18.266+0000] {processor.py:176} INFO - Processing /opt/airflow/dags/python_dag.py took 0.159 seconds
[2022-11-22T18:15:48.843+0000] {processor.py:154} INFO - Started process (PID=295) to work on /opt/airflow/dags/python_dag.py
[2022-11-22T18:15:48.853+0000] {processor.py:756} INFO - Processing file /opt/airflow/dags/python_dag.py for tasks to queue
[2022-11-22T18:15:48.854+0000] {logging_mixin.py:137} INFO - [2022-11-22T18:15:48.854+0000] {dagbag.py:537} INFO - Filling up the DagBag from /opt/airflow/dags/python_dag.py
[2022-11-22T18:15:48.904+0000] {processor.py:766} INFO - DAG(s) dict_keys(['first_python_dag_v6']) retrieved from /opt/airflow/dags/python_dag.py
[2022-11-22T18:15:49.005+0000] {logging_mixin.py:137} INFO - [2022-11-22T18:15:49.005+0000] {dag.py:2585} INFO - Sync 1 DAGs
[2022-11-22T18:15:49.068+0000] {logging_mixin.py:137} INFO - [2022-11-22T18:15:49.068+0000] {dag.py:3340} INFO - Setting next_dagrun for first_python_dag_v6 to 2022-11-18T00:00:00+00:00, run_after=2022-11-19T00:00:00+00:00
[2022-11-22T18:15:49.103+0000] {processor.py:176} INFO - Processing /opt/airflow/dags/python_dag.py took 0.266 seconds
[2022-11-22T18:16:19.570+0000] {processor.py:154} INFO - Started process (PID=350) to work on /opt/airflow/dags/python_dag.py
[2022-11-22T18:16:19.571+0000] {processor.py:756} INFO - Processing file /opt/airflow/dags/python_dag.py for tasks to queue
[2022-11-22T18:16:19.572+0000] {logging_mixin.py:137} INFO - [2022-11-22T18:16:19.572+0000] {dagbag.py:537} INFO - Filling up the DagBag from /opt/airflow/dags/python_dag.py
[2022-11-22T18:16:19.607+0000] {processor.py:766} INFO - DAG(s) dict_keys(['first_python_dag_v6']) retrieved from /opt/airflow/dags/python_dag.py
[2022-11-22T18:16:19.675+0000] {logging_mixin.py:137} INFO - [2022-11-22T18:16:19.675+0000] {dag.py:2585} INFO - Sync 1 DAGs
[2022-11-22T18:16:19.726+0000] {logging_mixin.py:137} INFO - [2022-11-22T18:16:19.725+0000] {dag.py:3340} INFO - Setting next_dagrun for first_python_dag_v6 to 2022-11-18T00:00:00+00:00, run_after=2022-11-19T00:00:00+00:00
[2022-11-22T18:16:19.753+0000] {processor.py:176} INFO - Processing /opt/airflow/dags/python_dag.py took 0.189 seconds
[2022-11-22T18:16:50.280+0000] {processor.py:154} INFO - Started process (PID=398) to work on /opt/airflow/dags/python_dag.py
[2022-11-22T18:16:50.281+0000] {processor.py:756} INFO - Processing file /opt/airflow/dags/python_dag.py for tasks to queue
[2022-11-22T18:16:50.283+0000] {logging_mixin.py:137} INFO - [2022-11-22T18:16:50.282+0000] {dagbag.py:537} INFO - Filling up the DagBag from /opt/airflow/dags/python_dag.py
[2022-11-22T18:16:50.308+0000] {processor.py:766} INFO - DAG(s) dict_keys(['first_python_dag_v6']) retrieved from /opt/airflow/dags/python_dag.py
[2022-11-22T18:16:50.363+0000] {logging_mixin.py:137} INFO - [2022-11-22T18:16:50.362+0000] {dag.py:2585} INFO - Sync 1 DAGs
[2022-11-22T18:16:50.406+0000] {logging_mixin.py:137} INFO - [2022-11-22T18:16:50.405+0000] {dag.py:3340} INFO - Setting next_dagrun for first_python_dag_v6 to 2022-11-18T00:00:00+00:00, run_after=2022-11-19T00:00:00+00:00
[2022-11-22T18:16:50.434+0000] {processor.py:176} INFO - Processing /opt/airflow/dags/python_dag.py took 0.158 seconds
[2022-11-22T18:17:20.907+0000] {processor.py:154} INFO - Started process (PID=456) to work on /opt/airflow/dags/python_dag.py
[2022-11-22T18:17:20.908+0000] {processor.py:756} INFO - Processing file /opt/airflow/dags/python_dag.py for tasks to queue
[2022-11-22T18:17:20.909+0000] {logging_mixin.py:137} INFO - [2022-11-22T18:17:20.909+0000] {dagbag.py:537} INFO - Filling up the DagBag from /opt/airflow/dags/python_dag.py
[2022-11-22T18:17:20.937+0000] {processor.py:766} INFO - DAG(s) dict_keys(['first_python_dag_v6']) retrieved from /opt/airflow/dags/python_dag.py
[2022-11-22T18:17:21.007+0000] {logging_mixin.py:137} INFO - [2022-11-22T18:17:21.007+0000] {dag.py:2585} INFO - Sync 1 DAGs
[2022-11-22T18:17:21.058+0000] {logging_mixin.py:137} INFO - [2022-11-22T18:17:21.058+0000] {dag.py:3340} INFO - Setting next_dagrun for first_python_dag_v6 to 2022-11-18T00:00:00+00:00, run_after=2022-11-19T00:00:00+00:00
[2022-11-22T18:17:21.091+0000] {processor.py:176} INFO - Processing /opt/airflow/dags/python_dag.py took 0.189 seconds
[2022-11-22T18:17:51.640+0000] {processor.py:154} INFO - Started process (PID=511) to work on /opt/airflow/dags/python_dag.py
[2022-11-22T18:17:51.641+0000] {processor.py:756} INFO - Processing file /opt/airflow/dags/python_dag.py for tasks to queue
[2022-11-22T18:17:51.642+0000] {logging_mixin.py:137} INFO - [2022-11-22T18:17:51.642+0000] {dagbag.py:537} INFO - Filling up the DagBag from /opt/airflow/dags/python_dag.py
[2022-11-22T18:17:51.675+0000] {processor.py:766} INFO - DAG(s) dict_keys(['first_python_dag_v6']) retrieved from /opt/airflow/dags/python_dag.py
[2022-11-22T18:17:51.752+0000] {logging_mixin.py:137} INFO - [2022-11-22T18:17:51.752+0000] {dag.py:2585} INFO - Sync 1 DAGs
[2022-11-22T18:17:51.813+0000] {logging_mixin.py:137} INFO - [2022-11-22T18:17:51.813+0000] {dag.py:3340} INFO - Setting next_dagrun for first_python_dag_v6 to 2022-11-18T00:00:00+00:00, run_after=2022-11-19T00:00:00+00:00
[2022-11-22T18:17:51.854+0000] {processor.py:176} INFO - Processing /opt/airflow/dags/python_dag.py took 0.219 seconds
[2022-11-22T18:18:22.318+0000] {processor.py:154} INFO - Started process (PID=562) to work on /opt/airflow/dags/python_dag.py
[2022-11-22T18:18:22.319+0000] {processor.py:756} INFO - Processing file /opt/airflow/dags/python_dag.py for tasks to queue
[2022-11-22T18:18:22.320+0000] {logging_mixin.py:137} INFO - [2022-11-22T18:18:22.319+0000] {dagbag.py:537} INFO - Filling up the DagBag from /opt/airflow/dags/python_dag.py
[2022-11-22T18:18:22.345+0000] {processor.py:766} INFO - DAG(s) dict_keys(['first_python_dag_v6']) retrieved from /opt/airflow/dags/python_dag.py
[2022-11-22T18:18:22.407+0000] {logging_mixin.py:137} INFO - [2022-11-22T18:18:22.406+0000] {dag.py:2585} INFO - Sync 1 DAGs
[2022-11-22T18:18:22.452+0000] {logging_mixin.py:137} INFO - [2022-11-22T18:18:22.452+0000] {dag.py:3340} INFO - Setting next_dagrun for first_python_dag_v6 to 2022-11-18T00:00:00+00:00, run_after=2022-11-19T00:00:00+00:00
[2022-11-22T18:18:22.482+0000] {processor.py:176} INFO - Processing /opt/airflow/dags/python_dag.py took 0.168 seconds
[2022-11-22T18:18:53.156+0000] {processor.py:154} INFO - Started process (PID=612) to work on /opt/airflow/dags/python_dag.py
[2022-11-22T18:18:53.158+0000] {processor.py:756} INFO - Processing file /opt/airflow/dags/python_dag.py for tasks to queue
[2022-11-22T18:18:53.159+0000] {logging_mixin.py:137} INFO - [2022-11-22T18:18:53.159+0000] {dagbag.py:537} INFO - Filling up the DagBag from /opt/airflow/dags/python_dag.py
[2022-11-22T18:18:53.187+0000] {processor.py:766} INFO - DAG(s) dict_keys(['first_python_dag_v6']) retrieved from /opt/airflow/dags/python_dag.py
[2022-11-22T18:18:53.253+0000] {logging_mixin.py:137} INFO - [2022-11-22T18:18:53.252+0000] {dag.py:2585} INFO - Sync 1 DAGs
[2022-11-22T18:18:53.307+0000] {logging_mixin.py:137} INFO - [2022-11-22T18:18:53.306+0000] {dag.py:3340} INFO - Setting next_dagrun for first_python_dag_v6 to 2022-11-18T00:00:00+00:00, run_after=2022-11-19T00:00:00+00:00
[2022-11-22T18:18:53.359+0000] {processor.py:176} INFO - Processing /opt/airflow/dags/python_dag.py took 0.208 seconds
