[2022-11-16T14:34:05.655+0000] {taskinstance.py:1165} INFO - Dependencies all met for <TaskInstance: example_bash_operator.runme_1 scheduled__2022-11-15T00:00:00+00:00 [queued]>
[2022-11-16T14:34:05.691+0000] {taskinstance.py:1165} INFO - Dependencies all met for <TaskInstance: example_bash_operator.runme_1 scheduled__2022-11-15T00:00:00+00:00 [queued]>
[2022-11-16T14:34:05.691+0000] {taskinstance.py:1362} INFO - 
--------------------------------------------------------------------------------
[2022-11-16T14:34:05.692+0000] {taskinstance.py:1363} INFO - Starting attempt 1 of 1
[2022-11-16T14:34:05.692+0000] {taskinstance.py:1364} INFO - 
--------------------------------------------------------------------------------
[2022-11-16T14:34:05.743+0000] {taskinstance.py:1383} INFO - Executing <Task(BashOperator): runme_1> on 2022-11-15 00:00:00+00:00
[2022-11-16T14:34:05.756+0000] {standard_task_runner.py:55} INFO - Started process 2529 to run task
[2022-11-16T14:34:05.771+0000] {standard_task_runner.py:82} INFO - Running: ['***', 'tasks', 'run', 'example_bash_operator', 'runme_1', 'scheduled__2022-11-15T00:00:00+00:00', '--job-id', '3', '--raw', '--subdir', '/home/***/.local/lib/python3.7/site-packages/***/example_dags/example_bash_operator.py', '--cfg-path', '/tmp/tmpgi9h87ik']
[2022-11-16T14:34:05.779+0000] {standard_task_runner.py:83} INFO - Job 3: Subtask runme_1
[2022-11-16T14:34:06.247+0000] {task_command.py:376} INFO - Running <TaskInstance: example_bash_operator.runme_1 scheduled__2022-11-15T00:00:00+00:00 [running]> on host a63a6c6a0ad2
[2022-11-16T14:34:06.614+0000] {taskinstance.py:1592} INFO - Exporting the following env vars:
AIRFLOW_CTX_DAG_OWNER=***
AIRFLOW_CTX_DAG_ID=example_bash_operator
AIRFLOW_CTX_TASK_ID=runme_1
AIRFLOW_CTX_EXECUTION_DATE=2022-11-15T00:00:00+00:00
AIRFLOW_CTX_TRY_NUMBER=1
AIRFLOW_CTX_DAG_RUN_ID=scheduled__2022-11-15T00:00:00+00:00
[2022-11-16T14:34:06.619+0000] {subprocess.py:63} INFO - Tmp dir root location: 
 /tmp
[2022-11-16T14:34:06.620+0000] {subprocess.py:75} INFO - Running command: ['/bin/bash', '-c', 'echo "example_bash_operator__runme_1__20221115" && sleep 1']
[2022-11-16T14:34:06.690+0000] {subprocess.py:86} INFO - Output:
[2022-11-16T14:34:06.711+0000] {subprocess.py:93} INFO - example_bash_operator__runme_1__20221115
[2022-11-16T14:34:07.716+0000] {subprocess.py:97} INFO - Command exited with return code 0
[2022-11-16T14:34:07.748+0000] {taskinstance.py:1406} INFO - Marking task as SUCCESS. dag_id=example_bash_operator, task_id=runme_1, execution_date=20221115T000000, start_date=20221116T143405, end_date=20221116T143407
[2022-11-16T14:34:07.801+0000] {local_task_job.py:159} INFO - Task exited with return code 0
[2022-11-16T14:34:07.866+0000] {taskinstance.py:2623} INFO - 1 downstream tasks scheduled from follow-on schedule check
