[2022-11-16T14:28:18.346+0000] {processor.py:154} INFO - Started process (PID=218) to work on /home/airflow/.local/lib/python3.7/site-packages/airflow/example_dags/example_latest_only.py
[2022-11-16T14:28:18.347+0000] {processor.py:756} INFO - Processing file /home/airflow/.local/lib/python3.7/site-packages/airflow/example_dags/example_latest_only.py for tasks to queue
[2022-11-16T14:28:18.347+0000] {logging_mixin.py:137} INFO - [2022-11-16T14:28:18.347+0000] {dagbag.py:537} INFO - Filling up the DagBag from /home/airflow/.local/lib/python3.7/site-packages/airflow/example_dags/example_latest_only.py
[2022-11-16T14:28:18.368+0000] {processor.py:766} INFO - DAG(s) dict_keys(['latest_only']) retrieved from /home/airflow/.local/lib/python3.7/site-packages/airflow/example_dags/example_latest_only.py
[2022-11-16T14:28:18.432+0000] {logging_mixin.py:137} INFO - [2022-11-16T14:28:18.432+0000] {dag.py:2585} INFO - Sync 1 DAGs
[2022-11-16T14:28:18.485+0000] {logging_mixin.py:137} INFO - [2022-11-16T14:28:18.484+0000] {dag.py:3340} INFO - Setting next_dagrun for latest_only to 2022-11-16T10:28:18.484445+00:00, run_after=2022-11-16T14:28:18.484445+00:00
[2022-11-16T14:28:18.528+0000] {processor.py:176} INFO - Processing /home/airflow/.local/lib/python3.7/site-packages/airflow/example_dags/example_latest_only.py took 0.186 seconds
[2022-11-16T14:28:49.012+0000] {processor.py:154} INFO - Started process (PID=416) to work on /home/airflow/.local/lib/python3.7/site-packages/airflow/example_dags/example_latest_only.py
[2022-11-16T14:28:49.014+0000] {processor.py:756} INFO - Processing file /home/airflow/.local/lib/python3.7/site-packages/airflow/example_dags/example_latest_only.py for tasks to queue
[2022-11-16T14:28:49.015+0000] {logging_mixin.py:137} INFO - [2022-11-16T14:28:49.015+0000] {dagbag.py:537} INFO - Filling up the DagBag from /home/airflow/.local/lib/python3.7/site-packages/airflow/example_dags/example_latest_only.py
[2022-11-16T14:28:49.046+0000] {processor.py:766} INFO - DAG(s) dict_keys(['latest_only']) retrieved from /home/airflow/.local/lib/python3.7/site-packages/airflow/example_dags/example_latest_only.py
[2022-11-16T14:28:49.197+0000] {logging_mixin.py:137} INFO - [2022-11-16T14:28:49.197+0000] {dag.py:2585} INFO - Sync 1 DAGs
[2022-11-16T14:28:49.304+0000] {logging_mixin.py:137} INFO - [2022-11-16T14:28:49.304+0000] {dag.py:3340} INFO - Setting next_dagrun for latest_only to 2022-11-16T10:28:49.303717+00:00, run_after=2022-11-16T14:28:49.303717+00:00
[2022-11-16T14:28:49.462+0000] {processor.py:176} INFO - Processing /home/airflow/.local/lib/python3.7/site-packages/airflow/example_dags/example_latest_only.py took 0.457 seconds
[2022-11-16T14:29:21.179+0000] {processor.py:154} INFO - Started process (PID=624) to work on /home/airflow/.local/lib/python3.7/site-packages/airflow/example_dags/example_latest_only.py
[2022-11-16T14:29:21.182+0000] {processor.py:756} INFO - Processing file /home/airflow/.local/lib/python3.7/site-packages/airflow/example_dags/example_latest_only.py for tasks to queue
[2022-11-16T14:29:21.183+0000] {logging_mixin.py:137} INFO - [2022-11-16T14:29:21.183+0000] {dagbag.py:537} INFO - Filling up the DagBag from /home/airflow/.local/lib/python3.7/site-packages/airflow/example_dags/example_latest_only.py
[2022-11-16T14:29:21.207+0000] {processor.py:766} INFO - DAG(s) dict_keys(['latest_only']) retrieved from /home/airflow/.local/lib/python3.7/site-packages/airflow/example_dags/example_latest_only.py
[2022-11-16T14:29:21.317+0000] {logging_mixin.py:137} INFO - [2022-11-16T14:29:21.317+0000] {dag.py:2585} INFO - Sync 1 DAGs
[2022-11-16T14:29:21.400+0000] {logging_mixin.py:137} INFO - [2022-11-16T14:29:21.396+0000] {dag.py:3340} INFO - Setting next_dagrun for latest_only to 2022-11-16T10:29:21.392299+00:00, run_after=2022-11-16T14:29:21.392299+00:00
[2022-11-16T14:29:21.446+0000] {processor.py:176} INFO - Processing /home/airflow/.local/lib/python3.7/site-packages/airflow/example_dags/example_latest_only.py took 0.271 seconds
[2022-11-16T14:29:51.912+0000] {processor.py:154} INFO - Started process (PID=824) to work on /home/airflow/.local/lib/python3.7/site-packages/airflow/example_dags/example_latest_only.py
[2022-11-16T14:29:51.914+0000] {processor.py:756} INFO - Processing file /home/airflow/.local/lib/python3.7/site-packages/airflow/example_dags/example_latest_only.py for tasks to queue
[2022-11-16T14:29:51.915+0000] {logging_mixin.py:137} INFO - [2022-11-16T14:29:51.915+0000] {dagbag.py:537} INFO - Filling up the DagBag from /home/airflow/.local/lib/python3.7/site-packages/airflow/example_dags/example_latest_only.py
[2022-11-16T14:29:51.930+0000] {processor.py:766} INFO - DAG(s) dict_keys(['latest_only']) retrieved from /home/airflow/.local/lib/python3.7/site-packages/airflow/example_dags/example_latest_only.py
[2022-11-16T14:29:51.977+0000] {logging_mixin.py:137} INFO - [2022-11-16T14:29:51.977+0000] {dag.py:2585} INFO - Sync 1 DAGs
[2022-11-16T14:29:52.010+0000] {logging_mixin.py:137} INFO - [2022-11-16T14:29:52.010+0000] {dag.py:3340} INFO - Setting next_dagrun for latest_only to 2022-11-16T10:29:52.009799+00:00, run_after=2022-11-16T14:29:52.009799+00:00
[2022-11-16T14:29:52.035+0000] {processor.py:176} INFO - Processing /home/airflow/.local/lib/python3.7/site-packages/airflow/example_dags/example_latest_only.py took 0.127 seconds
[2022-11-16T14:30:23.304+0000] {processor.py:154} INFO - Started process (PID=1028) to work on /home/airflow/.local/lib/python3.7/site-packages/airflow/example_dags/example_latest_only.py
[2022-11-16T14:30:23.305+0000] {processor.py:756} INFO - Processing file /home/airflow/.local/lib/python3.7/site-packages/airflow/example_dags/example_latest_only.py for tasks to queue
[2022-11-16T14:30:23.307+0000] {logging_mixin.py:137} INFO - [2022-11-16T14:30:23.306+0000] {dagbag.py:537} INFO - Filling up the DagBag from /home/airflow/.local/lib/python3.7/site-packages/airflow/example_dags/example_latest_only.py
[2022-11-16T14:30:23.346+0000] {processor.py:766} INFO - DAG(s) dict_keys(['latest_only']) retrieved from /home/airflow/.local/lib/python3.7/site-packages/airflow/example_dags/example_latest_only.py
[2022-11-16T14:30:23.426+0000] {logging_mixin.py:137} INFO - [2022-11-16T14:30:23.426+0000] {dag.py:2585} INFO - Sync 1 DAGs
[2022-11-16T14:30:23.484+0000] {logging_mixin.py:137} INFO - [2022-11-16T14:30:23.484+0000] {dag.py:3340} INFO - Setting next_dagrun for latest_only to 2022-11-16T10:30:23.483648+00:00, run_after=2022-11-16T14:30:23.483648+00:00
[2022-11-16T14:30:23.537+0000] {processor.py:176} INFO - Processing /home/airflow/.local/lib/python3.7/site-packages/airflow/example_dags/example_latest_only.py took 0.237 seconds
[2022-11-16T14:30:53.835+0000] {processor.py:154} INFO - Started process (PID=1225) to work on /home/airflow/.local/lib/python3.7/site-packages/airflow/example_dags/example_latest_only.py
[2022-11-16T14:30:53.836+0000] {processor.py:756} INFO - Processing file /home/airflow/.local/lib/python3.7/site-packages/airflow/example_dags/example_latest_only.py for tasks to queue
[2022-11-16T14:30:53.837+0000] {logging_mixin.py:137} INFO - [2022-11-16T14:30:53.837+0000] {dagbag.py:537} INFO - Filling up the DagBag from /home/airflow/.local/lib/python3.7/site-packages/airflow/example_dags/example_latest_only.py
[2022-11-16T14:30:53.855+0000] {processor.py:766} INFO - DAG(s) dict_keys(['latest_only']) retrieved from /home/airflow/.local/lib/python3.7/site-packages/airflow/example_dags/example_latest_only.py
[2022-11-16T14:30:53.911+0000] {logging_mixin.py:137} INFO - [2022-11-16T14:30:53.911+0000] {dag.py:2585} INFO - Sync 1 DAGs
[2022-11-16T14:30:53.948+0000] {logging_mixin.py:137} INFO - [2022-11-16T14:30:53.948+0000] {dag.py:3340} INFO - Setting next_dagrun for latest_only to 2022-11-16T10:30:53.948261+00:00, run_after=2022-11-16T14:30:53.948261+00:00
[2022-11-16T14:30:53.985+0000] {processor.py:176} INFO - Processing /home/airflow/.local/lib/python3.7/site-packages/airflow/example_dags/example_latest_only.py took 0.154 seconds
[2022-11-16T14:31:24.582+0000] {processor.py:154} INFO - Started process (PID=1431) to work on /home/airflow/.local/lib/python3.7/site-packages/airflow/example_dags/example_latest_only.py
[2022-11-16T14:31:24.583+0000] {processor.py:756} INFO - Processing file /home/airflow/.local/lib/python3.7/site-packages/airflow/example_dags/example_latest_only.py for tasks to queue
[2022-11-16T14:31:24.584+0000] {logging_mixin.py:137} INFO - [2022-11-16T14:31:24.584+0000] {dagbag.py:537} INFO - Filling up the DagBag from /home/airflow/.local/lib/python3.7/site-packages/airflow/example_dags/example_latest_only.py
[2022-11-16T14:31:24.610+0000] {processor.py:766} INFO - DAG(s) dict_keys(['latest_only']) retrieved from /home/airflow/.local/lib/python3.7/site-packages/airflow/example_dags/example_latest_only.py
[2022-11-16T14:31:24.684+0000] {logging_mixin.py:137} INFO - [2022-11-16T14:31:24.683+0000] {dag.py:2585} INFO - Sync 1 DAGs
[2022-11-16T14:31:24.738+0000] {logging_mixin.py:137} INFO - [2022-11-16T14:31:24.737+0000] {dag.py:3340} INFO - Setting next_dagrun for latest_only to 2022-11-16T10:31:24.737348+00:00, run_after=2022-11-16T14:31:24.737348+00:00
[2022-11-16T14:31:24.775+0000] {processor.py:176} INFO - Processing /home/airflow/.local/lib/python3.7/site-packages/airflow/example_dags/example_latest_only.py took 0.198 seconds
[2022-11-16T14:31:55.884+0000] {processor.py:154} INFO - Started process (PID=1629) to work on /home/airflow/.local/lib/python3.7/site-packages/airflow/example_dags/example_latest_only.py
[2022-11-16T14:31:55.887+0000] {processor.py:756} INFO - Processing file /home/airflow/.local/lib/python3.7/site-packages/airflow/example_dags/example_latest_only.py for tasks to queue
[2022-11-16T14:31:55.891+0000] {logging_mixin.py:137} INFO - [2022-11-16T14:31:55.890+0000] {dagbag.py:537} INFO - Filling up the DagBag from /home/airflow/.local/lib/python3.7/site-packages/airflow/example_dags/example_latest_only.py
[2022-11-16T14:31:55.929+0000] {processor.py:766} INFO - DAG(s) dict_keys(['latest_only']) retrieved from /home/airflow/.local/lib/python3.7/site-packages/airflow/example_dags/example_latest_only.py
[2022-11-16T14:31:56.034+0000] {logging_mixin.py:137} INFO - [2022-11-16T14:31:56.034+0000] {dag.py:2585} INFO - Sync 1 DAGs
[2022-11-16T14:31:56.113+0000] {logging_mixin.py:137} INFO - [2022-11-16T14:31:56.112+0000] {dag.py:3340} INFO - Setting next_dagrun for latest_only to 2022-11-16T10:31:56.112130+00:00, run_after=2022-11-16T14:31:56.112130+00:00
[2022-11-16T14:31:56.173+0000] {processor.py:176} INFO - Processing /home/airflow/.local/lib/python3.7/site-packages/airflow/example_dags/example_latest_only.py took 0.296 seconds
[2022-11-16T14:32:26.964+0000] {processor.py:154} INFO - Started process (PID=1833) to work on /home/airflow/.local/lib/python3.7/site-packages/airflow/example_dags/example_latest_only.py
[2022-11-16T14:32:26.968+0000] {processor.py:756} INFO - Processing file /home/airflow/.local/lib/python3.7/site-packages/airflow/example_dags/example_latest_only.py for tasks to queue
[2022-11-16T14:32:26.976+0000] {logging_mixin.py:137} INFO - [2022-11-16T14:32:26.969+0000] {dagbag.py:537} INFO - Filling up the DagBag from /home/airflow/.local/lib/python3.7/site-packages/airflow/example_dags/example_latest_only.py
[2022-11-16T14:32:27.023+0000] {processor.py:766} INFO - DAG(s) dict_keys(['latest_only']) retrieved from /home/airflow/.local/lib/python3.7/site-packages/airflow/example_dags/example_latest_only.py
[2022-11-16T14:32:27.200+0000] {logging_mixin.py:137} INFO - [2022-11-16T14:32:27.199+0000] {dag.py:2585} INFO - Sync 1 DAGs
[2022-11-16T14:32:27.282+0000] {logging_mixin.py:137} INFO - [2022-11-16T14:32:27.282+0000] {dag.py:3340} INFO - Setting next_dagrun for latest_only to 2022-11-16T10:32:27.282135+00:00, run_after=2022-11-16T14:32:27.282135+00:00
[2022-11-16T14:32:27.327+0000] {processor.py:176} INFO - Processing /home/airflow/.local/lib/python3.7/site-packages/airflow/example_dags/example_latest_only.py took 0.377 seconds
[2022-11-16T14:32:57.665+0000] {processor.py:154} INFO - Started process (PID=2032) to work on /home/airflow/.local/lib/python3.7/site-packages/airflow/example_dags/example_latest_only.py
[2022-11-16T14:32:57.667+0000] {processor.py:756} INFO - Processing file /home/airflow/.local/lib/python3.7/site-packages/airflow/example_dags/example_latest_only.py for tasks to queue
[2022-11-16T14:32:57.668+0000] {logging_mixin.py:137} INFO - [2022-11-16T14:32:57.668+0000] {dagbag.py:537} INFO - Filling up the DagBag from /home/airflow/.local/lib/python3.7/site-packages/airflow/example_dags/example_latest_only.py
[2022-11-16T14:32:57.697+0000] {processor.py:766} INFO - DAG(s) dict_keys(['latest_only']) retrieved from /home/airflow/.local/lib/python3.7/site-packages/airflow/example_dags/example_latest_only.py
[2022-11-16T14:32:57.769+0000] {logging_mixin.py:137} INFO - [2022-11-16T14:32:57.769+0000] {dag.py:2585} INFO - Sync 1 DAGs
[2022-11-16T14:32:57.812+0000] {logging_mixin.py:137} INFO - [2022-11-16T14:32:57.812+0000] {dag.py:3340} INFO - Setting next_dagrun for latest_only to 2022-11-16T10:32:57.811896+00:00, run_after=2022-11-16T14:32:57.811896+00:00
[2022-11-16T14:32:57.851+0000] {processor.py:176} INFO - Processing /home/airflow/.local/lib/python3.7/site-packages/airflow/example_dags/example_latest_only.py took 0.192 seconds
[2022-11-16T14:33:28.614+0000] {processor.py:154} INFO - Started process (PID=2230) to work on /home/airflow/.local/lib/python3.7/site-packages/airflow/example_dags/example_latest_only.py
[2022-11-16T14:33:28.615+0000] {processor.py:756} INFO - Processing file /home/airflow/.local/lib/python3.7/site-packages/airflow/example_dags/example_latest_only.py for tasks to queue
[2022-11-16T14:33:28.616+0000] {logging_mixin.py:137} INFO - [2022-11-16T14:33:28.616+0000] {dagbag.py:537} INFO - Filling up the DagBag from /home/airflow/.local/lib/python3.7/site-packages/airflow/example_dags/example_latest_only.py
[2022-11-16T14:33:28.633+0000] {processor.py:766} INFO - DAG(s) dict_keys(['latest_only']) retrieved from /home/airflow/.local/lib/python3.7/site-packages/airflow/example_dags/example_latest_only.py
[2022-11-16T14:33:28.686+0000] {logging_mixin.py:137} INFO - [2022-11-16T14:33:28.686+0000] {dag.py:2585} INFO - Sync 1 DAGs
[2022-11-16T14:33:28.727+0000] {logging_mixin.py:137} INFO - [2022-11-16T14:33:28.727+0000] {dag.py:3340} INFO - Setting next_dagrun for latest_only to 2022-11-16T10:33:28.727055+00:00, run_after=2022-11-16T14:33:28.727055+00:00
[2022-11-16T14:33:28.761+0000] {processor.py:176} INFO - Processing /home/airflow/.local/lib/python3.7/site-packages/airflow/example_dags/example_latest_only.py took 0.150 seconds
[2022-11-16T14:33:59.840+0000] {processor.py:154} INFO - Started process (PID=2436) to work on /home/airflow/.local/lib/python3.7/site-packages/airflow/example_dags/example_latest_only.py
[2022-11-16T14:33:59.841+0000] {processor.py:756} INFO - Processing file /home/airflow/.local/lib/python3.7/site-packages/airflow/example_dags/example_latest_only.py for tasks to queue
[2022-11-16T14:33:59.842+0000] {logging_mixin.py:137} INFO - [2022-11-16T14:33:59.842+0000] {dagbag.py:537} INFO - Filling up the DagBag from /home/airflow/.local/lib/python3.7/site-packages/airflow/example_dags/example_latest_only.py
[2022-11-16T14:33:59.866+0000] {processor.py:766} INFO - DAG(s) dict_keys(['latest_only']) retrieved from /home/airflow/.local/lib/python3.7/site-packages/airflow/example_dags/example_latest_only.py
[2022-11-16T14:33:59.928+0000] {logging_mixin.py:137} INFO - [2022-11-16T14:33:59.927+0000] {dag.py:2585} INFO - Sync 1 DAGs
[2022-11-16T14:33:59.977+0000] {logging_mixin.py:137} INFO - [2022-11-16T14:33:59.976+0000] {dag.py:3340} INFO - Setting next_dagrun for latest_only to 2022-11-16T10:33:59.976413+00:00, run_after=2022-11-16T14:33:59.976413+00:00
[2022-11-16T14:34:00.011+0000] {processor.py:176} INFO - Processing /home/airflow/.local/lib/python3.7/site-packages/airflow/example_dags/example_latest_only.py took 0.174 seconds
[2022-11-16T14:34:30.720+0000] {processor.py:154} INFO - Started process (PID=2654) to work on /home/airflow/.local/lib/python3.7/site-packages/airflow/example_dags/example_latest_only.py
[2022-11-16T14:34:30.721+0000] {processor.py:756} INFO - Processing file /home/airflow/.local/lib/python3.7/site-packages/airflow/example_dags/example_latest_only.py for tasks to queue
[2022-11-16T14:34:30.722+0000] {logging_mixin.py:137} INFO - [2022-11-16T14:34:30.722+0000] {dagbag.py:537} INFO - Filling up the DagBag from /home/airflow/.local/lib/python3.7/site-packages/airflow/example_dags/example_latest_only.py
[2022-11-16T14:34:30.745+0000] {processor.py:766} INFO - DAG(s) dict_keys(['latest_only']) retrieved from /home/airflow/.local/lib/python3.7/site-packages/airflow/example_dags/example_latest_only.py
[2022-11-16T14:34:30.796+0000] {logging_mixin.py:137} INFO - [2022-11-16T14:34:30.796+0000] {dag.py:2585} INFO - Sync 1 DAGs
[2022-11-16T14:34:30.838+0000] {logging_mixin.py:137} INFO - [2022-11-16T14:34:30.837+0000] {dag.py:3340} INFO - Setting next_dagrun for latest_only to 2022-11-16T10:34:30.837512+00:00, run_after=2022-11-16T14:34:30.837512+00:00
[2022-11-16T14:34:30.865+0000] {processor.py:176} INFO - Processing /home/airflow/.local/lib/python3.7/site-packages/airflow/example_dags/example_latest_only.py took 0.148 seconds
[2022-11-16T14:35:01.707+0000] {processor.py:154} INFO - Started process (PID=2850) to work on /home/airflow/.local/lib/python3.7/site-packages/airflow/example_dags/example_latest_only.py
[2022-11-16T14:35:01.709+0000] {processor.py:756} INFO - Processing file /home/airflow/.local/lib/python3.7/site-packages/airflow/example_dags/example_latest_only.py for tasks to queue
[2022-11-16T14:35:01.712+0000] {logging_mixin.py:137} INFO - [2022-11-16T14:35:01.710+0000] {dagbag.py:537} INFO - Filling up the DagBag from /home/airflow/.local/lib/python3.7/site-packages/airflow/example_dags/example_latest_only.py
[2022-11-16T14:35:01.739+0000] {processor.py:766} INFO - DAG(s) dict_keys(['latest_only']) retrieved from /home/airflow/.local/lib/python3.7/site-packages/airflow/example_dags/example_latest_only.py
[2022-11-16T14:35:01.846+0000] {logging_mixin.py:137} INFO - [2022-11-16T14:35:01.846+0000] {dag.py:2585} INFO - Sync 1 DAGs
[2022-11-16T14:35:01.945+0000] {logging_mixin.py:137} INFO - [2022-11-16T14:35:01.945+0000] {dag.py:3340} INFO - Setting next_dagrun for latest_only to 2022-11-16T10:35:01.944840+00:00, run_after=2022-11-16T14:35:01.944840+00:00
[2022-11-16T14:35:02.028+0000] {processor.py:176} INFO - Processing /home/airflow/.local/lib/python3.7/site-packages/airflow/example_dags/example_latest_only.py took 0.326 seconds
[2022-11-16T14:35:32.848+0000] {processor.py:154} INFO - Started process (PID=3054) to work on /home/airflow/.local/lib/python3.7/site-packages/airflow/example_dags/example_latest_only.py
[2022-11-16T14:35:32.849+0000] {processor.py:756} INFO - Processing file /home/airflow/.local/lib/python3.7/site-packages/airflow/example_dags/example_latest_only.py for tasks to queue
[2022-11-16T14:35:32.850+0000] {logging_mixin.py:137} INFO - [2022-11-16T14:35:32.850+0000] {dagbag.py:537} INFO - Filling up the DagBag from /home/airflow/.local/lib/python3.7/site-packages/airflow/example_dags/example_latest_only.py
[2022-11-16T14:35:32.875+0000] {processor.py:766} INFO - DAG(s) dict_keys(['latest_only']) retrieved from /home/airflow/.local/lib/python3.7/site-packages/airflow/example_dags/example_latest_only.py
[2022-11-16T14:35:32.948+0000] {logging_mixin.py:137} INFO - [2022-11-16T14:35:32.948+0000] {dag.py:2585} INFO - Sync 1 DAGs
[2022-11-16T14:35:33.005+0000] {logging_mixin.py:137} INFO - [2022-11-16T14:35:33.005+0000] {dag.py:3340} INFO - Setting next_dagrun for latest_only to 2022-11-16T10:35:33.004724+00:00, run_after=2022-11-16T14:35:33.004724+00:00
[2022-11-16T14:35:33.049+0000] {processor.py:176} INFO - Processing /home/airflow/.local/lib/python3.7/site-packages/airflow/example_dags/example_latest_only.py took 0.206 seconds
[2022-11-16T14:36:04.254+0000] {processor.py:154} INFO - Started process (PID=3251) to work on /home/airflow/.local/lib/python3.7/site-packages/airflow/example_dags/example_latest_only.py
[2022-11-16T14:36:04.256+0000] {processor.py:756} INFO - Processing file /home/airflow/.local/lib/python3.7/site-packages/airflow/example_dags/example_latest_only.py for tasks to queue
[2022-11-16T14:36:04.258+0000] {logging_mixin.py:137} INFO - [2022-11-16T14:36:04.257+0000] {dagbag.py:537} INFO - Filling up the DagBag from /home/airflow/.local/lib/python3.7/site-packages/airflow/example_dags/example_latest_only.py
[2022-11-16T14:36:04.283+0000] {processor.py:766} INFO - DAG(s) dict_keys(['latest_only']) retrieved from /home/airflow/.local/lib/python3.7/site-packages/airflow/example_dags/example_latest_only.py
[2022-11-16T14:36:04.358+0000] {logging_mixin.py:137} INFO - [2022-11-16T14:36:04.358+0000] {dag.py:2585} INFO - Sync 1 DAGs
[2022-11-16T14:36:04.412+0000] {logging_mixin.py:137} INFO - [2022-11-16T14:36:04.412+0000] {dag.py:3340} INFO - Setting next_dagrun for latest_only to 2022-11-16T10:36:04.411843+00:00, run_after=2022-11-16T14:36:04.411843+00:00
[2022-11-16T14:36:04.450+0000] {processor.py:176} INFO - Processing /home/airflow/.local/lib/python3.7/site-packages/airflow/example_dags/example_latest_only.py took 0.203 seconds
[2022-11-16T14:36:35.267+0000] {processor.py:154} INFO - Started process (PID=3457) to work on /home/airflow/.local/lib/python3.7/site-packages/airflow/example_dags/example_latest_only.py
[2022-11-16T14:36:35.268+0000] {processor.py:756} INFO - Processing file /home/airflow/.local/lib/python3.7/site-packages/airflow/example_dags/example_latest_only.py for tasks to queue
[2022-11-16T14:36:35.269+0000] {logging_mixin.py:137} INFO - [2022-11-16T14:36:35.269+0000] {dagbag.py:537} INFO - Filling up the DagBag from /home/airflow/.local/lib/python3.7/site-packages/airflow/example_dags/example_latest_only.py
[2022-11-16T14:36:35.288+0000] {processor.py:766} INFO - DAG(s) dict_keys(['latest_only']) retrieved from /home/airflow/.local/lib/python3.7/site-packages/airflow/example_dags/example_latest_only.py
[2022-11-16T14:36:35.351+0000] {logging_mixin.py:137} INFO - [2022-11-16T14:36:35.351+0000] {dag.py:2585} INFO - Sync 1 DAGs
[2022-11-16T14:36:35.389+0000] {logging_mixin.py:137} INFO - [2022-11-16T14:36:35.389+0000] {dag.py:3340} INFO - Setting next_dagrun for latest_only to 2022-11-16T10:36:35.388789+00:00, run_after=2022-11-16T14:36:35.388789+00:00
[2022-11-16T14:36:35.420+0000] {processor.py:176} INFO - Processing /home/airflow/.local/lib/python3.7/site-packages/airflow/example_dags/example_latest_only.py took 0.157 seconds
[2022-11-16T14:37:05.912+0000] {processor.py:154} INFO - Started process (PID=3654) to work on /home/airflow/.local/lib/python3.7/site-packages/airflow/example_dags/example_latest_only.py
[2022-11-16T14:37:05.914+0000] {processor.py:756} INFO - Processing file /home/airflow/.local/lib/python3.7/site-packages/airflow/example_dags/example_latest_only.py for tasks to queue
[2022-11-16T14:37:05.915+0000] {logging_mixin.py:137} INFO - [2022-11-16T14:37:05.914+0000] {dagbag.py:537} INFO - Filling up the DagBag from /home/airflow/.local/lib/python3.7/site-packages/airflow/example_dags/example_latest_only.py
[2022-11-16T14:37:05.941+0000] {processor.py:766} INFO - DAG(s) dict_keys(['latest_only']) retrieved from /home/airflow/.local/lib/python3.7/site-packages/airflow/example_dags/example_latest_only.py
[2022-11-16T14:37:06.015+0000] {logging_mixin.py:137} INFO - [2022-11-16T14:37:06.015+0000] {dag.py:2585} INFO - Sync 1 DAGs
[2022-11-16T14:37:06.070+0000] {logging_mixin.py:137} INFO - [2022-11-16T14:37:06.070+0000] {dag.py:3340} INFO - Setting next_dagrun for latest_only to 2022-11-16T10:37:06.069653+00:00, run_after=2022-11-16T14:37:06.069653+00:00
[2022-11-16T14:37:06.113+0000] {processor.py:176} INFO - Processing /home/airflow/.local/lib/python3.7/site-packages/airflow/example_dags/example_latest_only.py took 0.208 seconds
[2022-11-16T14:37:36.851+0000] {processor.py:154} INFO - Started process (PID=3859) to work on /home/airflow/.local/lib/python3.7/site-packages/airflow/example_dags/example_latest_only.py
[2022-11-16T14:37:36.854+0000] {processor.py:756} INFO - Processing file /home/airflow/.local/lib/python3.7/site-packages/airflow/example_dags/example_latest_only.py for tasks to queue
[2022-11-16T14:37:36.855+0000] {logging_mixin.py:137} INFO - [2022-11-16T14:37:36.855+0000] {dagbag.py:537} INFO - Filling up the DagBag from /home/airflow/.local/lib/python3.7/site-packages/airflow/example_dags/example_latest_only.py
[2022-11-16T14:37:36.925+0000] {processor.py:766} INFO - DAG(s) dict_keys(['latest_only']) retrieved from /home/airflow/.local/lib/python3.7/site-packages/airflow/example_dags/example_latest_only.py
[2022-11-16T14:37:37.052+0000] {logging_mixin.py:137} INFO - [2022-11-16T14:37:37.052+0000] {dag.py:2585} INFO - Sync 1 DAGs
[2022-11-16T14:37:37.147+0000] {logging_mixin.py:137} INFO - [2022-11-16T14:37:37.147+0000] {dag.py:3340} INFO - Setting next_dagrun for latest_only to 2022-11-16T10:37:37.146860+00:00, run_after=2022-11-16T14:37:37.146860+00:00
[2022-11-16T14:37:37.209+0000] {processor.py:176} INFO - Processing /home/airflow/.local/lib/python3.7/site-packages/airflow/example_dags/example_latest_only.py took 0.366 seconds
[2022-11-16T14:38:07.297+0000] {processor.py:154} INFO - Started process (PID=4057) to work on /home/airflow/.local/lib/python3.7/site-packages/airflow/example_dags/example_latest_only.py
[2022-11-16T14:38:07.298+0000] {processor.py:756} INFO - Processing file /home/airflow/.local/lib/python3.7/site-packages/airflow/example_dags/example_latest_only.py for tasks to queue
[2022-11-16T14:38:07.298+0000] {logging_mixin.py:137} INFO - [2022-11-16T14:38:07.298+0000] {dagbag.py:537} INFO - Filling up the DagBag from /home/airflow/.local/lib/python3.7/site-packages/airflow/example_dags/example_latest_only.py
[2022-11-16T14:38:07.320+0000] {processor.py:766} INFO - DAG(s) dict_keys(['latest_only']) retrieved from /home/airflow/.local/lib/python3.7/site-packages/airflow/example_dags/example_latest_only.py
[2022-11-16T14:38:07.385+0000] {logging_mixin.py:137} INFO - [2022-11-16T14:38:07.385+0000] {dag.py:2585} INFO - Sync 1 DAGs
[2022-11-16T14:38:07.428+0000] {logging_mixin.py:137} INFO - [2022-11-16T14:38:07.428+0000] {dag.py:3340} INFO - Setting next_dagrun for latest_only to 2022-11-16T10:38:07.427956+00:00, run_after=2022-11-16T14:38:07.427956+00:00
[2022-11-16T14:38:07.461+0000] {processor.py:176} INFO - Processing /home/airflow/.local/lib/python3.7/site-packages/airflow/example_dags/example_latest_only.py took 0.168 seconds
[2022-11-16T14:38:37.751+0000] {processor.py:154} INFO - Started process (PID=4252) to work on /home/airflow/.local/lib/python3.7/site-packages/airflow/example_dags/example_latest_only.py
[2022-11-16T14:38:37.752+0000] {processor.py:756} INFO - Processing file /home/airflow/.local/lib/python3.7/site-packages/airflow/example_dags/example_latest_only.py for tasks to queue
[2022-11-16T14:38:37.753+0000] {logging_mixin.py:137} INFO - [2022-11-16T14:38:37.752+0000] {dagbag.py:537} INFO - Filling up the DagBag from /home/airflow/.local/lib/python3.7/site-packages/airflow/example_dags/example_latest_only.py
[2022-11-16T14:38:37.783+0000] {processor.py:766} INFO - DAG(s) dict_keys(['latest_only']) retrieved from /home/airflow/.local/lib/python3.7/site-packages/airflow/example_dags/example_latest_only.py
[2022-11-16T14:38:37.853+0000] {logging_mixin.py:137} INFO - [2022-11-16T14:38:37.853+0000] {dag.py:2585} INFO - Sync 1 DAGs
[2022-11-16T14:38:37.893+0000] {logging_mixin.py:137} INFO - [2022-11-16T14:38:37.893+0000] {dag.py:3340} INFO - Setting next_dagrun for latest_only to 2022-11-16T10:38:37.891814+00:00, run_after=2022-11-16T14:38:37.891814+00:00
[2022-11-16T14:38:37.925+0000] {processor.py:176} INFO - Processing /home/airflow/.local/lib/python3.7/site-packages/airflow/example_dags/example_latest_only.py took 0.178 seconds
[2022-11-16T14:39:08.423+0000] {processor.py:154} INFO - Started process (PID=4459) to work on /home/airflow/.local/lib/python3.7/site-packages/airflow/example_dags/example_latest_only.py
[2022-11-16T14:39:08.424+0000] {processor.py:756} INFO - Processing file /home/airflow/.local/lib/python3.7/site-packages/airflow/example_dags/example_latest_only.py for tasks to queue
[2022-11-16T14:39:08.424+0000] {logging_mixin.py:137} INFO - [2022-11-16T14:39:08.424+0000] {dagbag.py:537} INFO - Filling up the DagBag from /home/airflow/.local/lib/python3.7/site-packages/airflow/example_dags/example_latest_only.py
[2022-11-16T14:39:08.447+0000] {processor.py:766} INFO - DAG(s) dict_keys(['latest_only']) retrieved from /home/airflow/.local/lib/python3.7/site-packages/airflow/example_dags/example_latest_only.py
[2022-11-16T14:39:08.541+0000] {logging_mixin.py:137} INFO - [2022-11-16T14:39:08.541+0000] {dag.py:2585} INFO - Sync 1 DAGs
[2022-11-16T14:39:08.594+0000] {logging_mixin.py:137} INFO - [2022-11-16T14:39:08.594+0000] {dag.py:3340} INFO - Setting next_dagrun for latest_only to 2022-11-16T10:39:08.593803+00:00, run_after=2022-11-16T14:39:08.593803+00:00
[2022-11-16T14:39:08.636+0000] {processor.py:176} INFO - Processing /home/airflow/.local/lib/python3.7/site-packages/airflow/example_dags/example_latest_only.py took 0.222 seconds
[2022-11-16T14:39:39.453+0000] {processor.py:154} INFO - Started process (PID=4658) to work on /home/airflow/.local/lib/python3.7/site-packages/airflow/example_dags/example_latest_only.py
[2022-11-16T14:39:39.455+0000] {processor.py:756} INFO - Processing file /home/airflow/.local/lib/python3.7/site-packages/airflow/example_dags/example_latest_only.py for tasks to queue
[2022-11-16T14:39:39.456+0000] {logging_mixin.py:137} INFO - [2022-11-16T14:39:39.455+0000] {dagbag.py:537} INFO - Filling up the DagBag from /home/airflow/.local/lib/python3.7/site-packages/airflow/example_dags/example_latest_only.py
[2022-11-16T14:39:39.484+0000] {processor.py:766} INFO - DAG(s) dict_keys(['latest_only']) retrieved from /home/airflow/.local/lib/python3.7/site-packages/airflow/example_dags/example_latest_only.py
[2022-11-16T14:39:39.559+0000] {logging_mixin.py:137} INFO - [2022-11-16T14:39:39.559+0000] {dag.py:2585} INFO - Sync 1 DAGs
[2022-11-16T14:39:39.606+0000] {logging_mixin.py:137} INFO - [2022-11-16T14:39:39.605+0000] {dag.py:3340} INFO - Setting next_dagrun for latest_only to 2022-11-16T10:39:39.604770+00:00, run_after=2022-11-16T14:39:39.604770+00:00
[2022-11-16T14:39:39.651+0000] {processor.py:176} INFO - Processing /home/airflow/.local/lib/python3.7/site-packages/airflow/example_dags/example_latest_only.py took 0.202 seconds
[2022-11-16T14:40:09.825+0000] {processor.py:154} INFO - Started process (PID=4853) to work on /home/airflow/.local/lib/python3.7/site-packages/airflow/example_dags/example_latest_only.py
[2022-11-16T14:40:09.826+0000] {processor.py:756} INFO - Processing file /home/airflow/.local/lib/python3.7/site-packages/airflow/example_dags/example_latest_only.py for tasks to queue
[2022-11-16T14:40:09.828+0000] {logging_mixin.py:137} INFO - [2022-11-16T14:40:09.827+0000] {dagbag.py:537} INFO - Filling up the DagBag from /home/airflow/.local/lib/python3.7/site-packages/airflow/example_dags/example_latest_only.py
[2022-11-16T14:40:09.856+0000] {processor.py:766} INFO - DAG(s) dict_keys(['latest_only']) retrieved from /home/airflow/.local/lib/python3.7/site-packages/airflow/example_dags/example_latest_only.py
[2022-11-16T14:40:09.928+0000] {logging_mixin.py:137} INFO - [2022-11-16T14:40:09.927+0000] {dag.py:2585} INFO - Sync 1 DAGs
[2022-11-16T14:40:09.977+0000] {logging_mixin.py:137} INFO - [2022-11-16T14:40:09.976+0000] {dag.py:3340} INFO - Setting next_dagrun for latest_only to 2022-11-16T10:40:09.976560+00:00, run_after=2022-11-16T14:40:09.976560+00:00
[2022-11-16T14:40:10.022+0000] {processor.py:176} INFO - Processing /home/airflow/.local/lib/python3.7/site-packages/airflow/example_dags/example_latest_only.py took 0.202 seconds
[2022-11-16T14:40:40.596+0000] {processor.py:154} INFO - Started process (PID=5060) to work on /home/airflow/.local/lib/python3.7/site-packages/airflow/example_dags/example_latest_only.py
[2022-11-16T14:40:40.597+0000] {processor.py:756} INFO - Processing file /home/airflow/.local/lib/python3.7/site-packages/airflow/example_dags/example_latest_only.py for tasks to queue
[2022-11-16T14:40:40.597+0000] {logging_mixin.py:137} INFO - [2022-11-16T14:40:40.597+0000] {dagbag.py:537} INFO - Filling up the DagBag from /home/airflow/.local/lib/python3.7/site-packages/airflow/example_dags/example_latest_only.py
[2022-11-16T14:40:40.618+0000] {processor.py:766} INFO - DAG(s) dict_keys(['latest_only']) retrieved from /home/airflow/.local/lib/python3.7/site-packages/airflow/example_dags/example_latest_only.py
[2022-11-16T14:40:40.674+0000] {logging_mixin.py:137} INFO - [2022-11-16T14:40:40.674+0000] {dag.py:2585} INFO - Sync 1 DAGs
[2022-11-16T14:40:40.713+0000] {logging_mixin.py:137} INFO - [2022-11-16T14:40:40.713+0000] {dag.py:3340} INFO - Setting next_dagrun for latest_only to 2022-11-16T10:40:40.712844+00:00, run_after=2022-11-16T14:40:40.712844+00:00
[2022-11-16T14:40:40.741+0000] {processor.py:176} INFO - Processing /home/airflow/.local/lib/python3.7/site-packages/airflow/example_dags/example_latest_only.py took 0.151 seconds
[2022-11-16T14:41:10.973+0000] {processor.py:154} INFO - Started process (PID=5257) to work on /home/airflow/.local/lib/python3.7/site-packages/airflow/example_dags/example_latest_only.py
[2022-11-16T14:41:10.974+0000] {processor.py:756} INFO - Processing file /home/airflow/.local/lib/python3.7/site-packages/airflow/example_dags/example_latest_only.py for tasks to queue
[2022-11-16T14:41:10.975+0000] {logging_mixin.py:137} INFO - [2022-11-16T14:41:10.975+0000] {dagbag.py:537} INFO - Filling up the DagBag from /home/airflow/.local/lib/python3.7/site-packages/airflow/example_dags/example_latest_only.py
[2022-11-16T14:41:10.997+0000] {processor.py:766} INFO - DAG(s) dict_keys(['latest_only']) retrieved from /home/airflow/.local/lib/python3.7/site-packages/airflow/example_dags/example_latest_only.py
[2022-11-16T14:41:11.053+0000] {logging_mixin.py:137} INFO - [2022-11-16T14:41:11.053+0000] {dag.py:2585} INFO - Sync 1 DAGs
[2022-11-16T14:41:11.090+0000] {logging_mixin.py:137} INFO - [2022-11-16T14:41:11.090+0000] {dag.py:3340} INFO - Setting next_dagrun for latest_only to 2022-11-16T10:41:11.090206+00:00, run_after=2022-11-16T14:41:11.090206+00:00
[2022-11-16T14:41:11.121+0000] {processor.py:176} INFO - Processing /home/airflow/.local/lib/python3.7/site-packages/airflow/example_dags/example_latest_only.py took 0.151 seconds
[2022-11-16T14:41:41.450+0000] {processor.py:154} INFO - Started process (PID=5463) to work on /home/airflow/.local/lib/python3.7/site-packages/airflow/example_dags/example_latest_only.py
[2022-11-16T14:41:41.451+0000] {processor.py:756} INFO - Processing file /home/airflow/.local/lib/python3.7/site-packages/airflow/example_dags/example_latest_only.py for tasks to queue
[2022-11-16T14:41:41.452+0000] {logging_mixin.py:137} INFO - [2022-11-16T14:41:41.452+0000] {dagbag.py:537} INFO - Filling up the DagBag from /home/airflow/.local/lib/python3.7/site-packages/airflow/example_dags/example_latest_only.py
[2022-11-16T14:41:41.472+0000] {processor.py:766} INFO - DAG(s) dict_keys(['latest_only']) retrieved from /home/airflow/.local/lib/python3.7/site-packages/airflow/example_dags/example_latest_only.py
[2022-11-16T14:41:41.536+0000] {logging_mixin.py:137} INFO - [2022-11-16T14:41:41.536+0000] {dag.py:2585} INFO - Sync 1 DAGs
[2022-11-16T14:41:41.580+0000] {logging_mixin.py:137} INFO - [2022-11-16T14:41:41.580+0000] {dag.py:3340} INFO - Setting next_dagrun for latest_only to 2022-11-16T10:41:41.579899+00:00, run_after=2022-11-16T14:41:41.579899+00:00
[2022-11-16T14:41:41.616+0000] {processor.py:176} INFO - Processing /home/airflow/.local/lib/python3.7/site-packages/airflow/example_dags/example_latest_only.py took 0.169 seconds
[2022-11-16T14:42:12.067+0000] {processor.py:154} INFO - Started process (PID=5661) to work on /home/airflow/.local/lib/python3.7/site-packages/airflow/example_dags/example_latest_only.py
[2022-11-16T14:42:12.068+0000] {processor.py:756} INFO - Processing file /home/airflow/.local/lib/python3.7/site-packages/airflow/example_dags/example_latest_only.py for tasks to queue
[2022-11-16T14:42:12.069+0000] {logging_mixin.py:137} INFO - [2022-11-16T14:42:12.069+0000] {dagbag.py:537} INFO - Filling up the DagBag from /home/airflow/.local/lib/python3.7/site-packages/airflow/example_dags/example_latest_only.py
[2022-11-16T14:42:12.093+0000] {processor.py:766} INFO - DAG(s) dict_keys(['latest_only']) retrieved from /home/airflow/.local/lib/python3.7/site-packages/airflow/example_dags/example_latest_only.py
[2022-11-16T14:42:12.150+0000] {logging_mixin.py:137} INFO - [2022-11-16T14:42:12.150+0000] {dag.py:2585} INFO - Sync 1 DAGs
[2022-11-16T14:42:12.189+0000] {logging_mixin.py:137} INFO - [2022-11-16T14:42:12.188+0000] {dag.py:3340} INFO - Setting next_dagrun for latest_only to 2022-11-16T10:42:12.188695+00:00, run_after=2022-11-16T14:42:12.188695+00:00
[2022-11-16T14:42:12.219+0000] {processor.py:176} INFO - Processing /home/airflow/.local/lib/python3.7/site-packages/airflow/example_dags/example_latest_only.py took 0.157 seconds
[2022-11-16T14:42:42.353+0000] {processor.py:154} INFO - Started process (PID=5866) to work on /home/airflow/.local/lib/python3.7/site-packages/airflow/example_dags/example_latest_only.py
[2022-11-16T14:42:42.354+0000] {processor.py:756} INFO - Processing file /home/airflow/.local/lib/python3.7/site-packages/airflow/example_dags/example_latest_only.py for tasks to queue
[2022-11-16T14:42:42.355+0000] {logging_mixin.py:137} INFO - [2022-11-16T14:42:42.355+0000] {dagbag.py:537} INFO - Filling up the DagBag from /home/airflow/.local/lib/python3.7/site-packages/airflow/example_dags/example_latest_only.py
[2022-11-16T14:42:42.403+0000] {processor.py:766} INFO - DAG(s) dict_keys(['latest_only']) retrieved from /home/airflow/.local/lib/python3.7/site-packages/airflow/example_dags/example_latest_only.py
[2022-11-16T14:42:42.492+0000] {logging_mixin.py:137} INFO - [2022-11-16T14:42:42.491+0000] {dag.py:2585} INFO - Sync 1 DAGs
[2022-11-16T14:42:42.551+0000] {logging_mixin.py:137} INFO - [2022-11-16T14:42:42.550+0000] {dag.py:3340} INFO - Setting next_dagrun for latest_only to 2022-11-16T10:42:42.550221+00:00, run_after=2022-11-16T14:42:42.550221+00:00
[2022-11-16T14:42:42.590+0000] {processor.py:176} INFO - Processing /home/airflow/.local/lib/python3.7/site-packages/airflow/example_dags/example_latest_only.py took 0.242 seconds
[2022-11-16T14:43:13.417+0000] {processor.py:154} INFO - Started process (PID=6066) to work on /home/airflow/.local/lib/python3.7/site-packages/airflow/example_dags/example_latest_only.py
[2022-11-16T14:43:13.418+0000] {processor.py:756} INFO - Processing file /home/airflow/.local/lib/python3.7/site-packages/airflow/example_dags/example_latest_only.py for tasks to queue
[2022-11-16T14:43:13.419+0000] {logging_mixin.py:137} INFO - [2022-11-16T14:43:13.419+0000] {dagbag.py:537} INFO - Filling up the DagBag from /home/airflow/.local/lib/python3.7/site-packages/airflow/example_dags/example_latest_only.py
[2022-11-16T14:43:13.439+0000] {processor.py:766} INFO - DAG(s) dict_keys(['latest_only']) retrieved from /home/airflow/.local/lib/python3.7/site-packages/airflow/example_dags/example_latest_only.py
[2022-11-16T14:43:13.497+0000] {logging_mixin.py:137} INFO - [2022-11-16T14:43:13.496+0000] {dag.py:2585} INFO - Sync 1 DAGs
[2022-11-16T14:43:13.534+0000] {logging_mixin.py:137} INFO - [2022-11-16T14:43:13.534+0000] {dag.py:3340} INFO - Setting next_dagrun for latest_only to 2022-11-16T10:43:13.533994+00:00, run_after=2022-11-16T14:43:13.533994+00:00
[2022-11-16T14:43:13.567+0000] {processor.py:176} INFO - Processing /home/airflow/.local/lib/python3.7/site-packages/airflow/example_dags/example_latest_only.py took 0.155 seconds
[2022-11-16T14:43:44.104+0000] {processor.py:154} INFO - Started process (PID=6264) to work on /home/airflow/.local/lib/python3.7/site-packages/airflow/example_dags/example_latest_only.py
[2022-11-16T14:43:44.106+0000] {processor.py:756} INFO - Processing file /home/airflow/.local/lib/python3.7/site-packages/airflow/example_dags/example_latest_only.py for tasks to queue
[2022-11-16T14:43:44.107+0000] {logging_mixin.py:137} INFO - [2022-11-16T14:43:44.107+0000] {dagbag.py:537} INFO - Filling up the DagBag from /home/airflow/.local/lib/python3.7/site-packages/airflow/example_dags/example_latest_only.py
[2022-11-16T14:43:44.144+0000] {processor.py:766} INFO - DAG(s) dict_keys(['latest_only']) retrieved from /home/airflow/.local/lib/python3.7/site-packages/airflow/example_dags/example_latest_only.py
[2022-11-16T14:43:44.217+0000] {logging_mixin.py:137} INFO - [2022-11-16T14:43:44.217+0000] {dag.py:2585} INFO - Sync 1 DAGs
[2022-11-16T14:43:44.276+0000] {logging_mixin.py:137} INFO - [2022-11-16T14:43:44.275+0000] {dag.py:3340} INFO - Setting next_dagrun for latest_only to 2022-11-16T10:43:44.275518+00:00, run_after=2022-11-16T14:43:44.275518+00:00
[2022-11-16T14:43:44.314+0000] {processor.py:176} INFO - Processing /home/airflow/.local/lib/python3.7/site-packages/airflow/example_dags/example_latest_only.py took 0.218 seconds
[2022-11-16T14:44:14.508+0000] {processor.py:154} INFO - Started process (PID=6471) to work on /home/airflow/.local/lib/python3.7/site-packages/airflow/example_dags/example_latest_only.py
[2022-11-16T14:44:14.509+0000] {processor.py:756} INFO - Processing file /home/airflow/.local/lib/python3.7/site-packages/airflow/example_dags/example_latest_only.py for tasks to queue
[2022-11-16T14:44:14.510+0000] {logging_mixin.py:137} INFO - [2022-11-16T14:44:14.510+0000] {dagbag.py:537} INFO - Filling up the DagBag from /home/airflow/.local/lib/python3.7/site-packages/airflow/example_dags/example_latest_only.py
[2022-11-16T14:44:14.534+0000] {processor.py:766} INFO - DAG(s) dict_keys(['latest_only']) retrieved from /home/airflow/.local/lib/python3.7/site-packages/airflow/example_dags/example_latest_only.py
[2022-11-16T14:44:14.608+0000] {logging_mixin.py:137} INFO - [2022-11-16T14:44:14.608+0000] {dag.py:2585} INFO - Sync 1 DAGs
[2022-11-16T14:44:14.653+0000] {logging_mixin.py:137} INFO - [2022-11-16T14:44:14.653+0000] {dag.py:3340} INFO - Setting next_dagrun for latest_only to 2022-11-16T10:44:14.653367+00:00, run_after=2022-11-16T14:44:14.653367+00:00
[2022-11-16T14:44:14.693+0000] {processor.py:176} INFO - Processing /home/airflow/.local/lib/python3.7/site-packages/airflow/example_dags/example_latest_only.py took 0.188 seconds
[2022-11-16T14:44:44.961+0000] {processor.py:154} INFO - Started process (PID=6669) to work on /home/airflow/.local/lib/python3.7/site-packages/airflow/example_dags/example_latest_only.py
[2022-11-16T14:44:44.962+0000] {processor.py:756} INFO - Processing file /home/airflow/.local/lib/python3.7/site-packages/airflow/example_dags/example_latest_only.py for tasks to queue
[2022-11-16T14:44:44.963+0000] {logging_mixin.py:137} INFO - [2022-11-16T14:44:44.963+0000] {dagbag.py:537} INFO - Filling up the DagBag from /home/airflow/.local/lib/python3.7/site-packages/airflow/example_dags/example_latest_only.py
[2022-11-16T14:44:44.981+0000] {processor.py:766} INFO - DAG(s) dict_keys(['latest_only']) retrieved from /home/airflow/.local/lib/python3.7/site-packages/airflow/example_dags/example_latest_only.py
[2022-11-16T14:44:45.038+0000] {logging_mixin.py:137} INFO - [2022-11-16T14:44:45.038+0000] {dag.py:2585} INFO - Sync 1 DAGs
[2022-11-16T14:44:45.079+0000] {logging_mixin.py:137} INFO - [2022-11-16T14:44:45.078+0000] {dag.py:3340} INFO - Setting next_dagrun for latest_only to 2022-11-16T10:44:45.078559+00:00, run_after=2022-11-16T14:44:45.078559+00:00
[2022-11-16T14:44:45.123+0000] {processor.py:176} INFO - Processing /home/airflow/.local/lib/python3.7/site-packages/airflow/example_dags/example_latest_only.py took 0.164 seconds
[2022-11-16T14:45:15.519+0000] {processor.py:154} INFO - Started process (PID=6875) to work on /home/airflow/.local/lib/python3.7/site-packages/airflow/example_dags/example_latest_only.py
[2022-11-16T14:45:15.520+0000] {processor.py:756} INFO - Processing file /home/airflow/.local/lib/python3.7/site-packages/airflow/example_dags/example_latest_only.py for tasks to queue
[2022-11-16T14:45:15.521+0000] {logging_mixin.py:137} INFO - [2022-11-16T14:45:15.521+0000] {dagbag.py:537} INFO - Filling up the DagBag from /home/airflow/.local/lib/python3.7/site-packages/airflow/example_dags/example_latest_only.py
[2022-11-16T14:45:15.543+0000] {processor.py:766} INFO - DAG(s) dict_keys(['latest_only']) retrieved from /home/airflow/.local/lib/python3.7/site-packages/airflow/example_dags/example_latest_only.py
[2022-11-16T14:45:15.607+0000] {logging_mixin.py:137} INFO - [2022-11-16T14:45:15.606+0000] {dag.py:2585} INFO - Sync 1 DAGs
[2022-11-16T14:45:15.645+0000] {logging_mixin.py:137} INFO - [2022-11-16T14:45:15.645+0000] {dag.py:3340} INFO - Setting next_dagrun for latest_only to 2022-11-16T10:45:15.644875+00:00, run_after=2022-11-16T14:45:15.644875+00:00
[2022-11-16T14:45:15.681+0000] {processor.py:176} INFO - Processing /home/airflow/.local/lib/python3.7/site-packages/airflow/example_dags/example_latest_only.py took 0.166 seconds
