[2022-11-16T14:28:18.102+0000] {processor.py:154} INFO - Started process (PID=213) to work on /home/airflow/.local/lib/python3.7/site-packages/airflow/example_dags/example_local_kubernetes_executor.py
[2022-11-16T14:28:18.103+0000] {processor.py:756} INFO - Processing file /home/airflow/.local/lib/python3.7/site-packages/airflow/example_dags/example_local_kubernetes_executor.py for tasks to queue
[2022-11-16T14:28:18.104+0000] {logging_mixin.py:137} INFO - [2022-11-16T14:28:18.104+0000] {dagbag.py:537} INFO - Filling up the DagBag from /home/airflow/.local/lib/python3.7/site-packages/airflow/example_dags/example_local_kubernetes_executor.py
[2022-11-16T14:28:18.154+0000] {processor.py:766} INFO - DAG(s) dict_keys(['example_local_kubernetes_executor']) retrieved from /home/airflow/.local/lib/python3.7/site-packages/airflow/example_dags/example_local_kubernetes_executor.py
[2022-11-16T14:28:18.235+0000] {logging_mixin.py:137} INFO - [2022-11-16T14:28:18.234+0000] {dag.py:2585} INFO - Sync 1 DAGs
[2022-11-16T14:28:18.274+0000] {logging_mixin.py:137} INFO - [2022-11-16T14:28:18.274+0000] {dag.py:3340} INFO - Setting next_dagrun for example_local_kubernetes_executor to None, run_after=None
[2022-11-16T14:28:18.306+0000] {processor.py:176} INFO - Processing /home/airflow/.local/lib/python3.7/site-packages/airflow/example_dags/example_local_kubernetes_executor.py took 0.209 seconds
[2022-11-16T14:28:48.727+0000] {processor.py:154} INFO - Started process (PID=411) to work on /home/airflow/.local/lib/python3.7/site-packages/airflow/example_dags/example_local_kubernetes_executor.py
[2022-11-16T14:28:48.729+0000] {processor.py:756} INFO - Processing file /home/airflow/.local/lib/python3.7/site-packages/airflow/example_dags/example_local_kubernetes_executor.py for tasks to queue
[2022-11-16T14:28:48.730+0000] {logging_mixin.py:137} INFO - [2022-11-16T14:28:48.729+0000] {dagbag.py:537} INFO - Filling up the DagBag from /home/airflow/.local/lib/python3.7/site-packages/airflow/example_dags/example_local_kubernetes_executor.py
[2022-11-16T14:28:48.787+0000] {processor.py:766} INFO - DAG(s) dict_keys(['example_local_kubernetes_executor']) retrieved from /home/airflow/.local/lib/python3.7/site-packages/airflow/example_dags/example_local_kubernetes_executor.py
[2022-11-16T14:28:48.872+0000] {logging_mixin.py:137} INFO - [2022-11-16T14:28:48.872+0000] {dag.py:2585} INFO - Sync 1 DAGs
[2022-11-16T14:28:48.933+0000] {logging_mixin.py:137} INFO - [2022-11-16T14:28:48.933+0000] {dag.py:3340} INFO - Setting next_dagrun for example_local_kubernetes_executor to None, run_after=None
[2022-11-16T14:28:48.971+0000] {processor.py:176} INFO - Processing /home/airflow/.local/lib/python3.7/site-packages/airflow/example_dags/example_local_kubernetes_executor.py took 0.252 seconds
[2022-11-16T14:29:21.090+0000] {processor.py:154} INFO - Started process (PID=619) to work on /home/airflow/.local/lib/python3.7/site-packages/airflow/example_dags/example_local_kubernetes_executor.py
[2022-11-16T14:29:21.092+0000] {processor.py:756} INFO - Processing file /home/airflow/.local/lib/python3.7/site-packages/airflow/example_dags/example_local_kubernetes_executor.py for tasks to queue
[2022-11-16T14:29:21.093+0000] {logging_mixin.py:137} INFO - [2022-11-16T14:29:21.092+0000] {dagbag.py:537} INFO - Filling up the DagBag from /home/airflow/.local/lib/python3.7/site-packages/airflow/example_dags/example_local_kubernetes_executor.py
[2022-11-16T14:29:21.146+0000] {processor.py:766} INFO - DAG(s) dict_keys(['example_local_kubernetes_executor']) retrieved from /home/airflow/.local/lib/python3.7/site-packages/airflow/example_dags/example_local_kubernetes_executor.py
[2022-11-16T14:29:21.226+0000] {logging_mixin.py:137} INFO - [2022-11-16T14:29:21.225+0000] {dag.py:2585} INFO - Sync 1 DAGs
[2022-11-16T14:29:21.303+0000] {logging_mixin.py:137} INFO - [2022-11-16T14:29:21.303+0000] {dag.py:3340} INFO - Setting next_dagrun for example_local_kubernetes_executor to None, run_after=None
[2022-11-16T14:29:21.353+0000] {processor.py:176} INFO - Processing /home/airflow/.local/lib/python3.7/site-packages/airflow/example_dags/example_local_kubernetes_executor.py took 0.268 seconds
[2022-11-16T14:29:51.732+0000] {processor.py:154} INFO - Started process (PID=817) to work on /home/airflow/.local/lib/python3.7/site-packages/airflow/example_dags/example_local_kubernetes_executor.py
[2022-11-16T14:29:51.733+0000] {processor.py:756} INFO - Processing file /home/airflow/.local/lib/python3.7/site-packages/airflow/example_dags/example_local_kubernetes_executor.py for tasks to queue
[2022-11-16T14:29:51.734+0000] {logging_mixin.py:137} INFO - [2022-11-16T14:29:51.734+0000] {dagbag.py:537} INFO - Filling up the DagBag from /home/airflow/.local/lib/python3.7/site-packages/airflow/example_dags/example_local_kubernetes_executor.py
[2022-11-16T14:29:51.765+0000] {processor.py:766} INFO - DAG(s) dict_keys(['example_local_kubernetes_executor']) retrieved from /home/airflow/.local/lib/python3.7/site-packages/airflow/example_dags/example_local_kubernetes_executor.py
[2022-11-16T14:29:51.822+0000] {logging_mixin.py:137} INFO - [2022-11-16T14:29:51.822+0000] {dag.py:2585} INFO - Sync 1 DAGs
[2022-11-16T14:29:51.861+0000] {logging_mixin.py:137} INFO - [2022-11-16T14:29:51.861+0000] {dag.py:3340} INFO - Setting next_dagrun for example_local_kubernetes_executor to None, run_after=None
[2022-11-16T14:29:51.892+0000] {processor.py:176} INFO - Processing /home/airflow/.local/lib/python3.7/site-packages/airflow/example_dags/example_local_kubernetes_executor.py took 0.163 seconds
[2022-11-16T14:30:22.916+0000] {processor.py:154} INFO - Started process (PID=1023) to work on /home/airflow/.local/lib/python3.7/site-packages/airflow/example_dags/example_local_kubernetes_executor.py
[2022-11-16T14:30:22.934+0000] {processor.py:756} INFO - Processing file /home/airflow/.local/lib/python3.7/site-packages/airflow/example_dags/example_local_kubernetes_executor.py for tasks to queue
[2022-11-16T14:30:22.935+0000] {logging_mixin.py:137} INFO - [2022-11-16T14:30:22.935+0000] {dagbag.py:537} INFO - Filling up the DagBag from /home/airflow/.local/lib/python3.7/site-packages/airflow/example_dags/example_local_kubernetes_executor.py
[2022-11-16T14:30:23.048+0000] {processor.py:766} INFO - DAG(s) dict_keys(['example_local_kubernetes_executor']) retrieved from /home/airflow/.local/lib/python3.7/site-packages/airflow/example_dags/example_local_kubernetes_executor.py
[2022-11-16T14:30:23.135+0000] {logging_mixin.py:137} INFO - [2022-11-16T14:30:23.135+0000] {dag.py:2585} INFO - Sync 1 DAGs
[2022-11-16T14:30:23.212+0000] {logging_mixin.py:137} INFO - [2022-11-16T14:30:23.211+0000] {dag.py:3340} INFO - Setting next_dagrun for example_local_kubernetes_executor to None, run_after=None
[2022-11-16T14:30:23.253+0000] {processor.py:176} INFO - Processing /home/airflow/.local/lib/python3.7/site-packages/airflow/example_dags/example_local_kubernetes_executor.py took 0.369 seconds
[2022-11-16T14:30:53.803+0000] {processor.py:154} INFO - Started process (PID=1220) to work on /home/airflow/.local/lib/python3.7/site-packages/airflow/example_dags/example_local_kubernetes_executor.py
[2022-11-16T14:30:53.804+0000] {processor.py:756} INFO - Processing file /home/airflow/.local/lib/python3.7/site-packages/airflow/example_dags/example_local_kubernetes_executor.py for tasks to queue
[2022-11-16T14:30:53.804+0000] {logging_mixin.py:137} INFO - [2022-11-16T14:30:53.804+0000] {dagbag.py:537} INFO - Filling up the DagBag from /home/airflow/.local/lib/python3.7/site-packages/airflow/example_dags/example_local_kubernetes_executor.py
[2022-11-16T14:30:53.839+0000] {processor.py:766} INFO - DAG(s) dict_keys(['example_local_kubernetes_executor']) retrieved from /home/airflow/.local/lib/python3.7/site-packages/airflow/example_dags/example_local_kubernetes_executor.py
[2022-11-16T14:30:53.893+0000] {logging_mixin.py:137} INFO - [2022-11-16T14:30:53.892+0000] {dag.py:2585} INFO - Sync 1 DAGs
[2022-11-16T14:30:53.931+0000] {logging_mixin.py:137} INFO - [2022-11-16T14:30:53.931+0000] {dag.py:3340} INFO - Setting next_dagrun for example_local_kubernetes_executor to None, run_after=None
[2022-11-16T14:30:53.959+0000] {processor.py:176} INFO - Processing /home/airflow/.local/lib/python3.7/site-packages/airflow/example_dags/example_local_kubernetes_executor.py took 0.160 seconds
[2022-11-16T14:31:24.419+0000] {processor.py:154} INFO - Started process (PID=1426) to work on /home/airflow/.local/lib/python3.7/site-packages/airflow/example_dags/example_local_kubernetes_executor.py
[2022-11-16T14:31:24.420+0000] {processor.py:756} INFO - Processing file /home/airflow/.local/lib/python3.7/site-packages/airflow/example_dags/example_local_kubernetes_executor.py for tasks to queue
[2022-11-16T14:31:24.421+0000] {logging_mixin.py:137} INFO - [2022-11-16T14:31:24.421+0000] {dagbag.py:537} INFO - Filling up the DagBag from /home/airflow/.local/lib/python3.7/site-packages/airflow/example_dags/example_local_kubernetes_executor.py
[2022-11-16T14:31:24.463+0000] {processor.py:766} INFO - DAG(s) dict_keys(['example_local_kubernetes_executor']) retrieved from /home/airflow/.local/lib/python3.7/site-packages/airflow/example_dags/example_local_kubernetes_executor.py
[2022-11-16T14:31:24.525+0000] {logging_mixin.py:137} INFO - [2022-11-16T14:31:24.525+0000] {dag.py:2585} INFO - Sync 1 DAGs
[2022-11-16T14:31:24.580+0000] {logging_mixin.py:137} INFO - [2022-11-16T14:31:24.580+0000] {dag.py:3340} INFO - Setting next_dagrun for example_local_kubernetes_executor to None, run_after=None
[2022-11-16T14:31:24.610+0000] {processor.py:176} INFO - Processing /home/airflow/.local/lib/python3.7/site-packages/airflow/example_dags/example_local_kubernetes_executor.py took 0.196 seconds
[2022-11-16T14:31:55.854+0000] {processor.py:154} INFO - Started process (PID=1625) to work on /home/airflow/.local/lib/python3.7/site-packages/airflow/example_dags/example_local_kubernetes_executor.py
[2022-11-16T14:31:55.857+0000] {processor.py:756} INFO - Processing file /home/airflow/.local/lib/python3.7/site-packages/airflow/example_dags/example_local_kubernetes_executor.py for tasks to queue
[2022-11-16T14:31:55.859+0000] {logging_mixin.py:137} INFO - [2022-11-16T14:31:55.858+0000] {dagbag.py:537} INFO - Filling up the DagBag from /home/airflow/.local/lib/python3.7/site-packages/airflow/example_dags/example_local_kubernetes_executor.py
[2022-11-16T14:31:55.913+0000] {processor.py:766} INFO - DAG(s) dict_keys(['example_local_kubernetes_executor']) retrieved from /home/airflow/.local/lib/python3.7/site-packages/airflow/example_dags/example_local_kubernetes_executor.py
[2022-11-16T14:31:56.054+0000] {logging_mixin.py:137} INFO - [2022-11-16T14:31:56.053+0000] {dag.py:2585} INFO - Sync 1 DAGs
[2022-11-16T14:31:56.124+0000] {logging_mixin.py:137} INFO - [2022-11-16T14:31:56.124+0000] {dag.py:3340} INFO - Setting next_dagrun for example_local_kubernetes_executor to None, run_after=None
[2022-11-16T14:31:56.181+0000] {processor.py:176} INFO - Processing /home/airflow/.local/lib/python3.7/site-packages/airflow/example_dags/example_local_kubernetes_executor.py took 0.340 seconds
[2022-11-16T14:32:26.824+0000] {processor.py:154} INFO - Started process (PID=1828) to work on /home/airflow/.local/lib/python3.7/site-packages/airflow/example_dags/example_local_kubernetes_executor.py
[2022-11-16T14:32:26.834+0000] {processor.py:756} INFO - Processing file /home/airflow/.local/lib/python3.7/site-packages/airflow/example_dags/example_local_kubernetes_executor.py for tasks to queue
[2022-11-16T14:32:26.835+0000] {logging_mixin.py:137} INFO - [2022-11-16T14:32:26.835+0000] {dagbag.py:537} INFO - Filling up the DagBag from /home/airflow/.local/lib/python3.7/site-packages/airflow/example_dags/example_local_kubernetes_executor.py
[2022-11-16T14:32:26.896+0000] {processor.py:766} INFO - DAG(s) dict_keys(['example_local_kubernetes_executor']) retrieved from /home/airflow/.local/lib/python3.7/site-packages/airflow/example_dags/example_local_kubernetes_executor.py
[2022-11-16T14:32:26.998+0000] {logging_mixin.py:137} INFO - [2022-11-16T14:32:26.998+0000] {dag.py:2585} INFO - Sync 1 DAGs
[2022-11-16T14:32:27.061+0000] {logging_mixin.py:137} INFO - [2022-11-16T14:32:27.061+0000] {dag.py:3340} INFO - Setting next_dagrun for example_local_kubernetes_executor to None, run_after=None
[2022-11-16T14:32:27.108+0000] {processor.py:176} INFO - Processing /home/airflow/.local/lib/python3.7/site-packages/airflow/example_dags/example_local_kubernetes_executor.py took 0.291 seconds
[2022-11-16T14:32:57.422+0000] {processor.py:154} INFO - Started process (PID=2027) to work on /home/airflow/.local/lib/python3.7/site-packages/airflow/example_dags/example_local_kubernetes_executor.py
[2022-11-16T14:32:57.424+0000] {processor.py:756} INFO - Processing file /home/airflow/.local/lib/python3.7/site-packages/airflow/example_dags/example_local_kubernetes_executor.py for tasks to queue
[2022-11-16T14:32:57.424+0000] {logging_mixin.py:137} INFO - [2022-11-16T14:32:57.424+0000] {dagbag.py:537} INFO - Filling up the DagBag from /home/airflow/.local/lib/python3.7/site-packages/airflow/example_dags/example_local_kubernetes_executor.py
[2022-11-16T14:32:57.460+0000] {processor.py:766} INFO - DAG(s) dict_keys(['example_local_kubernetes_executor']) retrieved from /home/airflow/.local/lib/python3.7/site-packages/airflow/example_dags/example_local_kubernetes_executor.py
[2022-11-16T14:32:57.531+0000] {logging_mixin.py:137} INFO - [2022-11-16T14:32:57.531+0000] {dag.py:2585} INFO - Sync 1 DAGs
[2022-11-16T14:32:57.578+0000] {logging_mixin.py:137} INFO - [2022-11-16T14:32:57.577+0000] {dag.py:3340} INFO - Setting next_dagrun for example_local_kubernetes_executor to None, run_after=None
[2022-11-16T14:32:57.614+0000] {processor.py:176} INFO - Processing /home/airflow/.local/lib/python3.7/site-packages/airflow/example_dags/example_local_kubernetes_executor.py took 0.198 seconds
[2022-11-16T14:33:28.591+0000] {processor.py:154} INFO - Started process (PID=2225) to work on /home/airflow/.local/lib/python3.7/site-packages/airflow/example_dags/example_local_kubernetes_executor.py
[2022-11-16T14:33:28.592+0000] {processor.py:756} INFO - Processing file /home/airflow/.local/lib/python3.7/site-packages/airflow/example_dags/example_local_kubernetes_executor.py for tasks to queue
[2022-11-16T14:33:28.593+0000] {logging_mixin.py:137} INFO - [2022-11-16T14:33:28.593+0000] {dagbag.py:537} INFO - Filling up the DagBag from /home/airflow/.local/lib/python3.7/site-packages/airflow/example_dags/example_local_kubernetes_executor.py
[2022-11-16T14:33:28.623+0000] {processor.py:766} INFO - DAG(s) dict_keys(['example_local_kubernetes_executor']) retrieved from /home/airflow/.local/lib/python3.7/site-packages/airflow/example_dags/example_local_kubernetes_executor.py
[2022-11-16T14:33:28.674+0000] {logging_mixin.py:137} INFO - [2022-11-16T14:33:28.674+0000] {dag.py:2585} INFO - Sync 1 DAGs
[2022-11-16T14:33:28.712+0000] {logging_mixin.py:137} INFO - [2022-11-16T14:33:28.712+0000] {dag.py:3340} INFO - Setting next_dagrun for example_local_kubernetes_executor to None, run_after=None
[2022-11-16T14:33:28.743+0000] {processor.py:176} INFO - Processing /home/airflow/.local/lib/python3.7/site-packages/airflow/example_dags/example_local_kubernetes_executor.py took 0.155 seconds
[2022-11-16T14:33:59.682+0000] {processor.py:154} INFO - Started process (PID=2433) to work on /home/airflow/.local/lib/python3.7/site-packages/airflow/example_dags/example_local_kubernetes_executor.py
[2022-11-16T14:33:59.683+0000] {processor.py:756} INFO - Processing file /home/airflow/.local/lib/python3.7/site-packages/airflow/example_dags/example_local_kubernetes_executor.py for tasks to queue
[2022-11-16T14:33:59.684+0000] {logging_mixin.py:137} INFO - [2022-11-16T14:33:59.683+0000] {dagbag.py:537} INFO - Filling up the DagBag from /home/airflow/.local/lib/python3.7/site-packages/airflow/example_dags/example_local_kubernetes_executor.py
[2022-11-16T14:33:59.720+0000] {processor.py:766} INFO - DAG(s) dict_keys(['example_local_kubernetes_executor']) retrieved from /home/airflow/.local/lib/python3.7/site-packages/airflow/example_dags/example_local_kubernetes_executor.py
[2022-11-16T14:33:59.781+0000] {logging_mixin.py:137} INFO - [2022-11-16T14:33:59.781+0000] {dag.py:2585} INFO - Sync 1 DAGs
[2022-11-16T14:33:59.813+0000] {logging_mixin.py:137} INFO - [2022-11-16T14:33:59.813+0000] {dag.py:3340} INFO - Setting next_dagrun for example_local_kubernetes_executor to None, run_after=None
[2022-11-16T14:33:59.843+0000] {processor.py:176} INFO - Processing /home/airflow/.local/lib/python3.7/site-packages/airflow/example_dags/example_local_kubernetes_executor.py took 0.166 seconds
[2022-11-16T14:34:30.551+0000] {processor.py:154} INFO - Started process (PID=2649) to work on /home/airflow/.local/lib/python3.7/site-packages/airflow/example_dags/example_local_kubernetes_executor.py
[2022-11-16T14:34:30.552+0000] {processor.py:756} INFO - Processing file /home/airflow/.local/lib/python3.7/site-packages/airflow/example_dags/example_local_kubernetes_executor.py for tasks to queue
[2022-11-16T14:34:30.553+0000] {logging_mixin.py:137} INFO - [2022-11-16T14:34:30.553+0000] {dagbag.py:537} INFO - Filling up the DagBag from /home/airflow/.local/lib/python3.7/site-packages/airflow/example_dags/example_local_kubernetes_executor.py
[2022-11-16T14:34:30.582+0000] {processor.py:766} INFO - DAG(s) dict_keys(['example_local_kubernetes_executor']) retrieved from /home/airflow/.local/lib/python3.7/site-packages/airflow/example_dags/example_local_kubernetes_executor.py
[2022-11-16T14:34:30.632+0000] {logging_mixin.py:137} INFO - [2022-11-16T14:34:30.632+0000] {dag.py:2585} INFO - Sync 1 DAGs
[2022-11-16T14:34:30.667+0000] {logging_mixin.py:137} INFO - [2022-11-16T14:34:30.667+0000] {dag.py:3340} INFO - Setting next_dagrun for example_local_kubernetes_executor to None, run_after=None
[2022-11-16T14:34:30.693+0000] {processor.py:176} INFO - Processing /home/airflow/.local/lib/python3.7/site-packages/airflow/example_dags/example_local_kubernetes_executor.py took 0.145 seconds
[2022-11-16T14:35:01.683+0000] {processor.py:154} INFO - Started process (PID=2847) to work on /home/airflow/.local/lib/python3.7/site-packages/airflow/example_dags/example_local_kubernetes_executor.py
[2022-11-16T14:35:01.685+0000] {processor.py:756} INFO - Processing file /home/airflow/.local/lib/python3.7/site-packages/airflow/example_dags/example_local_kubernetes_executor.py for tasks to queue
[2022-11-16T14:35:01.686+0000] {logging_mixin.py:137} INFO - [2022-11-16T14:35:01.685+0000] {dagbag.py:537} INFO - Filling up the DagBag from /home/airflow/.local/lib/python3.7/site-packages/airflow/example_dags/example_local_kubernetes_executor.py
[2022-11-16T14:35:01.735+0000] {processor.py:766} INFO - DAG(s) dict_keys(['example_local_kubernetes_executor']) retrieved from /home/airflow/.local/lib/python3.7/site-packages/airflow/example_dags/example_local_kubernetes_executor.py
[2022-11-16T14:35:01.868+0000] {logging_mixin.py:137} INFO - [2022-11-16T14:35:01.868+0000] {dag.py:2585} INFO - Sync 1 DAGs
[2022-11-16T14:35:01.949+0000] {logging_mixin.py:137} INFO - [2022-11-16T14:35:01.949+0000] {dag.py:3340} INFO - Setting next_dagrun for example_local_kubernetes_executor to None, run_after=None
[2022-11-16T14:35:02.012+0000] {processor.py:176} INFO - Processing /home/airflow/.local/lib/python3.7/site-packages/airflow/example_dags/example_local_kubernetes_executor.py took 0.333 seconds
[2022-11-16T14:35:32.806+0000] {processor.py:154} INFO - Started process (PID=3049) to work on /home/airflow/.local/lib/python3.7/site-packages/airflow/example_dags/example_local_kubernetes_executor.py
[2022-11-16T14:35:32.807+0000] {processor.py:756} INFO - Processing file /home/airflow/.local/lib/python3.7/site-packages/airflow/example_dags/example_local_kubernetes_executor.py for tasks to queue
[2022-11-16T14:35:32.808+0000] {logging_mixin.py:137} INFO - [2022-11-16T14:35:32.808+0000] {dagbag.py:537} INFO - Filling up the DagBag from /home/airflow/.local/lib/python3.7/site-packages/airflow/example_dags/example_local_kubernetes_executor.py
[2022-11-16T14:35:32.847+0000] {processor.py:766} INFO - DAG(s) dict_keys(['example_local_kubernetes_executor']) retrieved from /home/airflow/.local/lib/python3.7/site-packages/airflow/example_dags/example_local_kubernetes_executor.py
[2022-11-16T14:35:32.922+0000] {logging_mixin.py:137} INFO - [2022-11-16T14:35:32.922+0000] {dag.py:2585} INFO - Sync 1 DAGs
[2022-11-16T14:35:32.979+0000] {logging_mixin.py:137} INFO - [2022-11-16T14:35:32.978+0000] {dag.py:3340} INFO - Setting next_dagrun for example_local_kubernetes_executor to None, run_after=None
[2022-11-16T14:35:33.020+0000] {processor.py:176} INFO - Processing /home/airflow/.local/lib/python3.7/site-packages/airflow/example_dags/example_local_kubernetes_executor.py took 0.218 seconds
[2022-11-16T14:36:04.232+0000] {processor.py:154} INFO - Started process (PID=3248) to work on /home/airflow/.local/lib/python3.7/site-packages/airflow/example_dags/example_local_kubernetes_executor.py
[2022-11-16T14:36:04.233+0000] {processor.py:756} INFO - Processing file /home/airflow/.local/lib/python3.7/site-packages/airflow/example_dags/example_local_kubernetes_executor.py for tasks to queue
[2022-11-16T14:36:04.234+0000] {logging_mixin.py:137} INFO - [2022-11-16T14:36:04.233+0000] {dagbag.py:537} INFO - Filling up the DagBag from /home/airflow/.local/lib/python3.7/site-packages/airflow/example_dags/example_local_kubernetes_executor.py
[2022-11-16T14:36:04.278+0000] {processor.py:766} INFO - DAG(s) dict_keys(['example_local_kubernetes_executor']) retrieved from /home/airflow/.local/lib/python3.7/site-packages/airflow/example_dags/example_local_kubernetes_executor.py
[2022-11-16T14:36:04.350+0000] {logging_mixin.py:137} INFO - [2022-11-16T14:36:04.350+0000] {dag.py:2585} INFO - Sync 1 DAGs
[2022-11-16T14:36:04.404+0000] {logging_mixin.py:137} INFO - [2022-11-16T14:36:04.403+0000] {dag.py:3340} INFO - Setting next_dagrun for example_local_kubernetes_executor to None, run_after=None
[2022-11-16T14:36:04.440+0000] {processor.py:176} INFO - Processing /home/airflow/.local/lib/python3.7/site-packages/airflow/example_dags/example_local_kubernetes_executor.py took 0.213 seconds
[2022-11-16T14:36:35.133+0000] {processor.py:154} INFO - Started process (PID=3452) to work on /home/airflow/.local/lib/python3.7/site-packages/airflow/example_dags/example_local_kubernetes_executor.py
[2022-11-16T14:36:35.134+0000] {processor.py:756} INFO - Processing file /home/airflow/.local/lib/python3.7/site-packages/airflow/example_dags/example_local_kubernetes_executor.py for tasks to queue
[2022-11-16T14:36:35.135+0000] {logging_mixin.py:137} INFO - [2022-11-16T14:36:35.135+0000] {dagbag.py:537} INFO - Filling up the DagBag from /home/airflow/.local/lib/python3.7/site-packages/airflow/example_dags/example_local_kubernetes_executor.py
[2022-11-16T14:36:35.166+0000] {processor.py:766} INFO - DAG(s) dict_keys(['example_local_kubernetes_executor']) retrieved from /home/airflow/.local/lib/python3.7/site-packages/airflow/example_dags/example_local_kubernetes_executor.py
[2022-11-16T14:36:35.223+0000] {logging_mixin.py:137} INFO - [2022-11-16T14:36:35.223+0000] {dag.py:2585} INFO - Sync 1 DAGs
[2022-11-16T14:36:35.269+0000] {logging_mixin.py:137} INFO - [2022-11-16T14:36:35.268+0000] {dag.py:3340} INFO - Setting next_dagrun for example_local_kubernetes_executor to None, run_after=None
[2022-11-16T14:36:35.307+0000] {processor.py:176} INFO - Processing /home/airflow/.local/lib/python3.7/site-packages/airflow/example_dags/example_local_kubernetes_executor.py took 0.177 seconds
[2022-11-16T14:37:05.670+0000] {processor.py:154} INFO - Started process (PID=3649) to work on /home/airflow/.local/lib/python3.7/site-packages/airflow/example_dags/example_local_kubernetes_executor.py
[2022-11-16T14:37:05.672+0000] {processor.py:756} INFO - Processing file /home/airflow/.local/lib/python3.7/site-packages/airflow/example_dags/example_local_kubernetes_executor.py for tasks to queue
[2022-11-16T14:37:05.674+0000] {logging_mixin.py:137} INFO - [2022-11-16T14:37:05.673+0000] {dagbag.py:537} INFO - Filling up the DagBag from /home/airflow/.local/lib/python3.7/site-packages/airflow/example_dags/example_local_kubernetes_executor.py
[2022-11-16T14:37:05.710+0000] {processor.py:766} INFO - DAG(s) dict_keys(['example_local_kubernetes_executor']) retrieved from /home/airflow/.local/lib/python3.7/site-packages/airflow/example_dags/example_local_kubernetes_executor.py
[2022-11-16T14:37:05.780+0000] {logging_mixin.py:137} INFO - [2022-11-16T14:37:05.780+0000] {dag.py:2585} INFO - Sync 1 DAGs
[2022-11-16T14:37:05.831+0000] {logging_mixin.py:137} INFO - [2022-11-16T14:37:05.830+0000] {dag.py:3340} INFO - Setting next_dagrun for example_local_kubernetes_executor to None, run_after=None
[2022-11-16T14:37:05.868+0000] {processor.py:176} INFO - Processing /home/airflow/.local/lib/python3.7/site-packages/airflow/example_dags/example_local_kubernetes_executor.py took 0.202 seconds
[2022-11-16T14:37:36.461+0000] {processor.py:154} INFO - Started process (PID=3847) to work on /home/airflow/.local/lib/python3.7/site-packages/airflow/example_dags/example_local_kubernetes_executor.py
[2022-11-16T14:37:36.463+0000] {processor.py:756} INFO - Processing file /home/airflow/.local/lib/python3.7/site-packages/airflow/example_dags/example_local_kubernetes_executor.py for tasks to queue
[2022-11-16T14:37:36.466+0000] {logging_mixin.py:137} INFO - [2022-11-16T14:37:36.466+0000] {dagbag.py:537} INFO - Filling up the DagBag from /home/airflow/.local/lib/python3.7/site-packages/airflow/example_dags/example_local_kubernetes_executor.py
[2022-11-16T14:37:36.505+0000] {processor.py:766} INFO - DAG(s) dict_keys(['example_local_kubernetes_executor']) retrieved from /home/airflow/.local/lib/python3.7/site-packages/airflow/example_dags/example_local_kubernetes_executor.py
[2022-11-16T14:37:36.668+0000] {logging_mixin.py:137} INFO - [2022-11-16T14:37:36.668+0000] {dag.py:2585} INFO - Sync 1 DAGs
[2022-11-16T14:37:36.738+0000] {logging_mixin.py:137} INFO - [2022-11-16T14:37:36.737+0000] {dag.py:3340} INFO - Setting next_dagrun for example_local_kubernetes_executor to None, run_after=None
[2022-11-16T14:37:36.780+0000] {processor.py:176} INFO - Processing /home/airflow/.local/lib/python3.7/site-packages/airflow/example_dags/example_local_kubernetes_executor.py took 0.323 seconds
[2022-11-16T14:38:07.093+0000] {processor.py:154} INFO - Started process (PID=4052) to work on /home/airflow/.local/lib/python3.7/site-packages/airflow/example_dags/example_local_kubernetes_executor.py
[2022-11-16T14:38:07.094+0000] {processor.py:756} INFO - Processing file /home/airflow/.local/lib/python3.7/site-packages/airflow/example_dags/example_local_kubernetes_executor.py for tasks to queue
[2022-11-16T14:38:07.094+0000] {logging_mixin.py:137} INFO - [2022-11-16T14:38:07.094+0000] {dagbag.py:537} INFO - Filling up the DagBag from /home/airflow/.local/lib/python3.7/site-packages/airflow/example_dags/example_local_kubernetes_executor.py
[2022-11-16T14:38:07.127+0000] {processor.py:766} INFO - DAG(s) dict_keys(['example_local_kubernetes_executor']) retrieved from /home/airflow/.local/lib/python3.7/site-packages/airflow/example_dags/example_local_kubernetes_executor.py
[2022-11-16T14:38:07.186+0000] {logging_mixin.py:137} INFO - [2022-11-16T14:38:07.185+0000] {dag.py:2585} INFO - Sync 1 DAGs
[2022-11-16T14:38:07.227+0000] {logging_mixin.py:137} INFO - [2022-11-16T14:38:07.226+0000] {dag.py:3340} INFO - Setting next_dagrun for example_local_kubernetes_executor to None, run_after=None
[2022-11-16T14:38:07.261+0000] {processor.py:176} INFO - Processing /home/airflow/.local/lib/python3.7/site-packages/airflow/example_dags/example_local_kubernetes_executor.py took 0.171 seconds
[2022-11-16T14:38:37.392+0000] {processor.py:154} INFO - Started process (PID=4247) to work on /home/airflow/.local/lib/python3.7/site-packages/airflow/example_dags/example_local_kubernetes_executor.py
[2022-11-16T14:38:37.393+0000] {processor.py:756} INFO - Processing file /home/airflow/.local/lib/python3.7/site-packages/airflow/example_dags/example_local_kubernetes_executor.py for tasks to queue
[2022-11-16T14:38:37.395+0000] {logging_mixin.py:137} INFO - [2022-11-16T14:38:37.394+0000] {dagbag.py:537} INFO - Filling up the DagBag from /home/airflow/.local/lib/python3.7/site-packages/airflow/example_dags/example_local_kubernetes_executor.py
[2022-11-16T14:38:37.441+0000] {processor.py:766} INFO - DAG(s) dict_keys(['example_local_kubernetes_executor']) retrieved from /home/airflow/.local/lib/python3.7/site-packages/airflow/example_dags/example_local_kubernetes_executor.py
[2022-11-16T14:38:37.577+0000] {logging_mixin.py:137} INFO - [2022-11-16T14:38:37.576+0000] {dag.py:2585} INFO - Sync 1 DAGs
[2022-11-16T14:38:37.644+0000] {logging_mixin.py:137} INFO - [2022-11-16T14:38:37.644+0000] {dag.py:3340} INFO - Setting next_dagrun for example_local_kubernetes_executor to None, run_after=None
[2022-11-16T14:38:37.699+0000] {processor.py:176} INFO - Processing /home/airflow/.local/lib/python3.7/site-packages/airflow/example_dags/example_local_kubernetes_executor.py took 0.313 seconds
[2022-11-16T14:39:08.139+0000] {processor.py:154} INFO - Started process (PID=4454) to work on /home/airflow/.local/lib/python3.7/site-packages/airflow/example_dags/example_local_kubernetes_executor.py
[2022-11-16T14:39:08.140+0000] {processor.py:756} INFO - Processing file /home/airflow/.local/lib/python3.7/site-packages/airflow/example_dags/example_local_kubernetes_executor.py for tasks to queue
[2022-11-16T14:39:08.141+0000] {logging_mixin.py:137} INFO - [2022-11-16T14:39:08.141+0000] {dagbag.py:537} INFO - Filling up the DagBag from /home/airflow/.local/lib/python3.7/site-packages/airflow/example_dags/example_local_kubernetes_executor.py
[2022-11-16T14:39:08.182+0000] {processor.py:766} INFO - DAG(s) dict_keys(['example_local_kubernetes_executor']) retrieved from /home/airflow/.local/lib/python3.7/site-packages/airflow/example_dags/example_local_kubernetes_executor.py
[2022-11-16T14:39:08.259+0000] {logging_mixin.py:137} INFO - [2022-11-16T14:39:08.258+0000] {dag.py:2585} INFO - Sync 1 DAGs
[2022-11-16T14:39:08.331+0000] {logging_mixin.py:137} INFO - [2022-11-16T14:39:08.331+0000] {dag.py:3340} INFO - Setting next_dagrun for example_local_kubernetes_executor to None, run_after=None
[2022-11-16T14:39:08.378+0000] {processor.py:176} INFO - Processing /home/airflow/.local/lib/python3.7/site-packages/airflow/example_dags/example_local_kubernetes_executor.py took 0.246 seconds
[2022-11-16T14:39:38.429+0000] {processor.py:154} INFO - Started process (PID=4650) to work on /home/airflow/.local/lib/python3.7/site-packages/airflow/example_dags/example_local_kubernetes_executor.py
[2022-11-16T14:39:38.429+0000] {processor.py:756} INFO - Processing file /home/airflow/.local/lib/python3.7/site-packages/airflow/example_dags/example_local_kubernetes_executor.py for tasks to queue
[2022-11-16T14:39:38.430+0000] {logging_mixin.py:137} INFO - [2022-11-16T14:39:38.430+0000] {dagbag.py:537} INFO - Filling up the DagBag from /home/airflow/.local/lib/python3.7/site-packages/airflow/example_dags/example_local_kubernetes_executor.py
[2022-11-16T14:39:38.462+0000] {processor.py:766} INFO - DAG(s) dict_keys(['example_local_kubernetes_executor']) retrieved from /home/airflow/.local/lib/python3.7/site-packages/airflow/example_dags/example_local_kubernetes_executor.py
[2022-11-16T14:39:38.516+0000] {logging_mixin.py:137} INFO - [2022-11-16T14:39:38.516+0000] {dag.py:2585} INFO - Sync 1 DAGs
[2022-11-16T14:39:38.557+0000] {logging_mixin.py:137} INFO - [2022-11-16T14:39:38.557+0000] {dag.py:3340} INFO - Setting next_dagrun for example_local_kubernetes_executor to None, run_after=None
[2022-11-16T14:39:38.586+0000] {processor.py:176} INFO - Processing /home/airflow/.local/lib/python3.7/site-packages/airflow/example_dags/example_local_kubernetes_executor.py took 0.161 seconds
[2022-11-16T14:40:08.811+0000] {processor.py:154} INFO - Started process (PID=4848) to work on /home/airflow/.local/lib/python3.7/site-packages/airflow/example_dags/example_local_kubernetes_executor.py
[2022-11-16T14:40:08.812+0000] {processor.py:756} INFO - Processing file /home/airflow/.local/lib/python3.7/site-packages/airflow/example_dags/example_local_kubernetes_executor.py for tasks to queue
[2022-11-16T14:40:08.813+0000] {logging_mixin.py:137} INFO - [2022-11-16T14:40:08.813+0000] {dagbag.py:537} INFO - Filling up the DagBag from /home/airflow/.local/lib/python3.7/site-packages/airflow/example_dags/example_local_kubernetes_executor.py
[2022-11-16T14:40:08.845+0000] {processor.py:766} INFO - DAG(s) dict_keys(['example_local_kubernetes_executor']) retrieved from /home/airflow/.local/lib/python3.7/site-packages/airflow/example_dags/example_local_kubernetes_executor.py
[2022-11-16T14:40:08.903+0000] {logging_mixin.py:137} INFO - [2022-11-16T14:40:08.903+0000] {dag.py:2585} INFO - Sync 1 DAGs
[2022-11-16T14:40:08.943+0000] {logging_mixin.py:137} INFO - [2022-11-16T14:40:08.943+0000] {dag.py:3340} INFO - Setting next_dagrun for example_local_kubernetes_executor to None, run_after=None
[2022-11-16T14:40:08.975+0000] {processor.py:176} INFO - Processing /home/airflow/.local/lib/python3.7/site-packages/airflow/example_dags/example_local_kubernetes_executor.py took 0.169 seconds
[2022-11-16T14:40:39.562+0000] {processor.py:154} INFO - Started process (PID=5055) to work on /home/airflow/.local/lib/python3.7/site-packages/airflow/example_dags/example_local_kubernetes_executor.py
[2022-11-16T14:40:39.563+0000] {processor.py:756} INFO - Processing file /home/airflow/.local/lib/python3.7/site-packages/airflow/example_dags/example_local_kubernetes_executor.py for tasks to queue
[2022-11-16T14:40:39.563+0000] {logging_mixin.py:137} INFO - [2022-11-16T14:40:39.563+0000] {dagbag.py:537} INFO - Filling up the DagBag from /home/airflow/.local/lib/python3.7/site-packages/airflow/example_dags/example_local_kubernetes_executor.py
[2022-11-16T14:40:39.602+0000] {processor.py:766} INFO - DAG(s) dict_keys(['example_local_kubernetes_executor']) retrieved from /home/airflow/.local/lib/python3.7/site-packages/airflow/example_dags/example_local_kubernetes_executor.py
[2022-11-16T14:40:39.659+0000] {logging_mixin.py:137} INFO - [2022-11-16T14:40:39.658+0000] {dag.py:2585} INFO - Sync 1 DAGs
[2022-11-16T14:40:39.695+0000] {logging_mixin.py:137} INFO - [2022-11-16T14:40:39.694+0000] {dag.py:3340} INFO - Setting next_dagrun for example_local_kubernetes_executor to None, run_after=None
[2022-11-16T14:40:39.725+0000] {processor.py:176} INFO - Processing /home/airflow/.local/lib/python3.7/site-packages/airflow/example_dags/example_local_kubernetes_executor.py took 0.167 seconds
[2022-11-16T14:41:09.961+0000] {processor.py:154} INFO - Started process (PID=5252) to work on /home/airflow/.local/lib/python3.7/site-packages/airflow/example_dags/example_local_kubernetes_executor.py
[2022-11-16T14:41:09.962+0000] {processor.py:756} INFO - Processing file /home/airflow/.local/lib/python3.7/site-packages/airflow/example_dags/example_local_kubernetes_executor.py for tasks to queue
[2022-11-16T14:41:09.964+0000] {logging_mixin.py:137} INFO - [2022-11-16T14:41:09.964+0000] {dagbag.py:537} INFO - Filling up the DagBag from /home/airflow/.local/lib/python3.7/site-packages/airflow/example_dags/example_local_kubernetes_executor.py
[2022-11-16T14:41:09.995+0000] {processor.py:766} INFO - DAG(s) dict_keys(['example_local_kubernetes_executor']) retrieved from /home/airflow/.local/lib/python3.7/site-packages/airflow/example_dags/example_local_kubernetes_executor.py
[2022-11-16T14:41:10.053+0000] {logging_mixin.py:137} INFO - [2022-11-16T14:41:10.052+0000] {dag.py:2585} INFO - Sync 1 DAGs
[2022-11-16T14:41:10.089+0000] {logging_mixin.py:137} INFO - [2022-11-16T14:41:10.089+0000] {dag.py:3340} INFO - Setting next_dagrun for example_local_kubernetes_executor to None, run_after=None
[2022-11-16T14:41:10.121+0000] {processor.py:176} INFO - Processing /home/airflow/.local/lib/python3.7/site-packages/airflow/example_dags/example_local_kubernetes_executor.py took 0.164 seconds
[2022-11-16T14:41:40.219+0000] {processor.py:154} INFO - Started process (PID=5456) to work on /home/airflow/.local/lib/python3.7/site-packages/airflow/example_dags/example_local_kubernetes_executor.py
[2022-11-16T14:41:40.220+0000] {processor.py:756} INFO - Processing file /home/airflow/.local/lib/python3.7/site-packages/airflow/example_dags/example_local_kubernetes_executor.py for tasks to queue
[2022-11-16T14:41:40.223+0000] {logging_mixin.py:137} INFO - [2022-11-16T14:41:40.222+0000] {dagbag.py:537} INFO - Filling up the DagBag from /home/airflow/.local/lib/python3.7/site-packages/airflow/example_dags/example_local_kubernetes_executor.py
[2022-11-16T14:41:40.266+0000] {processor.py:766} INFO - DAG(s) dict_keys(['example_local_kubernetes_executor']) retrieved from /home/airflow/.local/lib/python3.7/site-packages/airflow/example_dags/example_local_kubernetes_executor.py
[2022-11-16T14:41:40.335+0000] {logging_mixin.py:137} INFO - [2022-11-16T14:41:40.334+0000] {dag.py:2585} INFO - Sync 1 DAGs
[2022-11-16T14:41:40.380+0000] {logging_mixin.py:137} INFO - [2022-11-16T14:41:40.380+0000] {dag.py:3340} INFO - Setting next_dagrun for example_local_kubernetes_executor to None, run_after=None
[2022-11-16T14:41:40.416+0000] {processor.py:176} INFO - Processing /home/airflow/.local/lib/python3.7/site-packages/airflow/example_dags/example_local_kubernetes_executor.py took 0.202 seconds
[2022-11-16T14:42:10.850+0000] {processor.py:154} INFO - Started process (PID=5656) to work on /home/airflow/.local/lib/python3.7/site-packages/airflow/example_dags/example_local_kubernetes_executor.py
[2022-11-16T14:42:10.851+0000] {processor.py:756} INFO - Processing file /home/airflow/.local/lib/python3.7/site-packages/airflow/example_dags/example_local_kubernetes_executor.py for tasks to queue
[2022-11-16T14:42:10.852+0000] {logging_mixin.py:137} INFO - [2022-11-16T14:42:10.852+0000] {dagbag.py:537} INFO - Filling up the DagBag from /home/airflow/.local/lib/python3.7/site-packages/airflow/example_dags/example_local_kubernetes_executor.py
[2022-11-16T14:42:10.890+0000] {processor.py:766} INFO - DAG(s) dict_keys(['example_local_kubernetes_executor']) retrieved from /home/airflow/.local/lib/python3.7/site-packages/airflow/example_dags/example_local_kubernetes_executor.py
[2022-11-16T14:42:10.966+0000] {logging_mixin.py:137} INFO - [2022-11-16T14:42:10.966+0000] {dag.py:2585} INFO - Sync 1 DAGs
[2022-11-16T14:42:11.012+0000] {logging_mixin.py:137} INFO - [2022-11-16T14:42:11.012+0000] {dag.py:3340} INFO - Setting next_dagrun for example_local_kubernetes_executor to None, run_after=None
[2022-11-16T14:42:11.050+0000] {processor.py:176} INFO - Processing /home/airflow/.local/lib/python3.7/site-packages/airflow/example_dags/example_local_kubernetes_executor.py took 0.206 seconds
[2022-11-16T14:42:42.059+0000] {processor.py:154} INFO - Started process (PID=5854) to work on /home/airflow/.local/lib/python3.7/site-packages/airflow/example_dags/example_local_kubernetes_executor.py
[2022-11-16T14:42:42.059+0000] {processor.py:756} INFO - Processing file /home/airflow/.local/lib/python3.7/site-packages/airflow/example_dags/example_local_kubernetes_executor.py for tasks to queue
[2022-11-16T14:42:42.060+0000] {logging_mixin.py:137} INFO - [2022-11-16T14:42:42.060+0000] {dagbag.py:537} INFO - Filling up the DagBag from /home/airflow/.local/lib/python3.7/site-packages/airflow/example_dags/example_local_kubernetes_executor.py
[2022-11-16T14:42:42.096+0000] {processor.py:766} INFO - DAG(s) dict_keys(['example_local_kubernetes_executor']) retrieved from /home/airflow/.local/lib/python3.7/site-packages/airflow/example_dags/example_local_kubernetes_executor.py
[2022-11-16T14:42:42.202+0000] {logging_mixin.py:137} INFO - [2022-11-16T14:42:42.201+0000] {dag.py:2585} INFO - Sync 1 DAGs
[2022-11-16T14:42:42.259+0000] {logging_mixin.py:137} INFO - [2022-11-16T14:42:42.258+0000] {dag.py:3340} INFO - Setting next_dagrun for example_local_kubernetes_executor to None, run_after=None
[2022-11-16T14:42:42.294+0000] {processor.py:176} INFO - Processing /home/airflow/.local/lib/python3.7/site-packages/airflow/example_dags/example_local_kubernetes_executor.py took 0.239 seconds
[2022-11-16T14:43:12.406+0000] {processor.py:154} INFO - Started process (PID=6061) to work on /home/airflow/.local/lib/python3.7/site-packages/airflow/example_dags/example_local_kubernetes_executor.py
[2022-11-16T14:43:12.407+0000] {processor.py:756} INFO - Processing file /home/airflow/.local/lib/python3.7/site-packages/airflow/example_dags/example_local_kubernetes_executor.py for tasks to queue
[2022-11-16T14:43:12.408+0000] {logging_mixin.py:137} INFO - [2022-11-16T14:43:12.408+0000] {dagbag.py:537} INFO - Filling up the DagBag from /home/airflow/.local/lib/python3.7/site-packages/airflow/example_dags/example_local_kubernetes_executor.py
[2022-11-16T14:43:12.440+0000] {processor.py:766} INFO - DAG(s) dict_keys(['example_local_kubernetes_executor']) retrieved from /home/airflow/.local/lib/python3.7/site-packages/airflow/example_dags/example_local_kubernetes_executor.py
[2022-11-16T14:43:12.496+0000] {logging_mixin.py:137} INFO - [2022-11-16T14:43:12.496+0000] {dag.py:2585} INFO - Sync 1 DAGs
[2022-11-16T14:43:12.539+0000] {logging_mixin.py:137} INFO - [2022-11-16T14:43:12.539+0000] {dag.py:3340} INFO - Setting next_dagrun for example_local_kubernetes_executor to None, run_after=None
[2022-11-16T14:43:12.571+0000] {processor.py:176} INFO - Processing /home/airflow/.local/lib/python3.7/site-packages/airflow/example_dags/example_local_kubernetes_executor.py took 0.168 seconds
[2022-11-16T14:43:43.032+0000] {processor.py:154} INFO - Started process (PID=6259) to work on /home/airflow/.local/lib/python3.7/site-packages/airflow/example_dags/example_local_kubernetes_executor.py
[2022-11-16T14:43:43.032+0000] {processor.py:756} INFO - Processing file /home/airflow/.local/lib/python3.7/site-packages/airflow/example_dags/example_local_kubernetes_executor.py for tasks to queue
[2022-11-16T14:43:43.033+0000] {logging_mixin.py:137} INFO - [2022-11-16T14:43:43.033+0000] {dagbag.py:537} INFO - Filling up the DagBag from /home/airflow/.local/lib/python3.7/site-packages/airflow/example_dags/example_local_kubernetes_executor.py
[2022-11-16T14:43:43.079+0000] {processor.py:766} INFO - DAG(s) dict_keys(['example_local_kubernetes_executor']) retrieved from /home/airflow/.local/lib/python3.7/site-packages/airflow/example_dags/example_local_kubernetes_executor.py
[2022-11-16T14:43:43.134+0000] {logging_mixin.py:137} INFO - [2022-11-16T14:43:43.134+0000] {dag.py:2585} INFO - Sync 1 DAGs
[2022-11-16T14:43:43.174+0000] {logging_mixin.py:137} INFO - [2022-11-16T14:43:43.174+0000] {dag.py:3340} INFO - Setting next_dagrun for example_local_kubernetes_executor to None, run_after=None
[2022-11-16T14:43:43.201+0000] {processor.py:176} INFO - Processing /home/airflow/.local/lib/python3.7/site-packages/airflow/example_dags/example_local_kubernetes_executor.py took 0.173 seconds
[2022-11-16T14:44:13.472+0000] {processor.py:154} INFO - Started process (PID=6466) to work on /home/airflow/.local/lib/python3.7/site-packages/airflow/example_dags/example_local_kubernetes_executor.py
[2022-11-16T14:44:13.473+0000] {processor.py:756} INFO - Processing file /home/airflow/.local/lib/python3.7/site-packages/airflow/example_dags/example_local_kubernetes_executor.py for tasks to queue
[2022-11-16T14:44:13.473+0000] {logging_mixin.py:137} INFO - [2022-11-16T14:44:13.473+0000] {dagbag.py:537} INFO - Filling up the DagBag from /home/airflow/.local/lib/python3.7/site-packages/airflow/example_dags/example_local_kubernetes_executor.py
[2022-11-16T14:44:13.508+0000] {processor.py:766} INFO - DAG(s) dict_keys(['example_local_kubernetes_executor']) retrieved from /home/airflow/.local/lib/python3.7/site-packages/airflow/example_dags/example_local_kubernetes_executor.py
[2022-11-16T14:44:13.573+0000] {logging_mixin.py:137} INFO - [2022-11-16T14:44:13.573+0000] {dag.py:2585} INFO - Sync 1 DAGs
[2022-11-16T14:44:13.616+0000] {logging_mixin.py:137} INFO - [2022-11-16T14:44:13.616+0000] {dag.py:3340} INFO - Setting next_dagrun for example_local_kubernetes_executor to None, run_after=None
[2022-11-16T14:44:13.645+0000] {processor.py:176} INFO - Processing /home/airflow/.local/lib/python3.7/site-packages/airflow/example_dags/example_local_kubernetes_executor.py took 0.177 seconds
[2022-11-16T14:44:43.940+0000] {processor.py:154} INFO - Started process (PID=6664) to work on /home/airflow/.local/lib/python3.7/site-packages/airflow/example_dags/example_local_kubernetes_executor.py
[2022-11-16T14:44:43.941+0000] {processor.py:756} INFO - Processing file /home/airflow/.local/lib/python3.7/site-packages/airflow/example_dags/example_local_kubernetes_executor.py for tasks to queue
[2022-11-16T14:44:43.942+0000] {logging_mixin.py:137} INFO - [2022-11-16T14:44:43.942+0000] {dagbag.py:537} INFO - Filling up the DagBag from /home/airflow/.local/lib/python3.7/site-packages/airflow/example_dags/example_local_kubernetes_executor.py
[2022-11-16T14:44:43.978+0000] {processor.py:766} INFO - DAG(s) dict_keys(['example_local_kubernetes_executor']) retrieved from /home/airflow/.local/lib/python3.7/site-packages/airflow/example_dags/example_local_kubernetes_executor.py
[2022-11-16T14:44:44.057+0000] {logging_mixin.py:137} INFO - [2022-11-16T14:44:44.056+0000] {dag.py:2585} INFO - Sync 1 DAGs
[2022-11-16T14:44:44.104+0000] {logging_mixin.py:137} INFO - [2022-11-16T14:44:44.104+0000] {dag.py:3340} INFO - Setting next_dagrun for example_local_kubernetes_executor to None, run_after=None
[2022-11-16T14:44:44.136+0000] {processor.py:176} INFO - Processing /home/airflow/.local/lib/python3.7/site-packages/airflow/example_dags/example_local_kubernetes_executor.py took 0.200 seconds
[2022-11-16T14:45:14.447+0000] {processor.py:154} INFO - Started process (PID=6870) to work on /home/airflow/.local/lib/python3.7/site-packages/airflow/example_dags/example_local_kubernetes_executor.py
[2022-11-16T14:45:14.448+0000] {processor.py:756} INFO - Processing file /home/airflow/.local/lib/python3.7/site-packages/airflow/example_dags/example_local_kubernetes_executor.py for tasks to queue
[2022-11-16T14:45:14.448+0000] {logging_mixin.py:137} INFO - [2022-11-16T14:45:14.448+0000] {dagbag.py:537} INFO - Filling up the DagBag from /home/airflow/.local/lib/python3.7/site-packages/airflow/example_dags/example_local_kubernetes_executor.py
[2022-11-16T14:45:14.481+0000] {processor.py:766} INFO - DAG(s) dict_keys(['example_local_kubernetes_executor']) retrieved from /home/airflow/.local/lib/python3.7/site-packages/airflow/example_dags/example_local_kubernetes_executor.py
[2022-11-16T14:45:14.542+0000] {logging_mixin.py:137} INFO - [2022-11-16T14:45:14.541+0000] {dag.py:2585} INFO - Sync 1 DAGs
[2022-11-16T14:45:14.574+0000] {logging_mixin.py:137} INFO - [2022-11-16T14:45:14.574+0000] {dag.py:3340} INFO - Setting next_dagrun for example_local_kubernetes_executor to None, run_after=None
[2022-11-16T14:45:14.601+0000] {processor.py:176} INFO - Processing /home/airflow/.local/lib/python3.7/site-packages/airflow/example_dags/example_local_kubernetes_executor.py took 0.157 seconds
