[2022-11-16T14:28:17.340+0000] {processor.py:154} INFO - Started process (PID=198) to work on /home/airflow/.local/lib/python3.7/site-packages/airflow/example_dags/example_time_delta_sensor_async.py
[2022-11-16T14:28:17.342+0000] {processor.py:756} INFO - Processing file /home/airflow/.local/lib/python3.7/site-packages/airflow/example_dags/example_time_delta_sensor_async.py for tasks to queue
[2022-11-16T14:28:17.343+0000] {logging_mixin.py:137} INFO - [2022-11-16T14:28:17.343+0000] {dagbag.py:537} INFO - Filling up the DagBag from /home/airflow/.local/lib/python3.7/site-packages/airflow/example_dags/example_time_delta_sensor_async.py
[2022-11-16T14:28:17.375+0000] {processor.py:766} INFO - DAG(s) dict_keys(['example_time_delta_sensor_async']) retrieved from /home/airflow/.local/lib/python3.7/site-packages/airflow/example_dags/example_time_delta_sensor_async.py
[2022-11-16T14:28:17.874+0000] {logging_mixin.py:137} INFO - [2022-11-16T14:28:17.873+0000] {dag.py:2585} INFO - Sync 1 DAGs
[2022-11-16T14:28:17.969+0000] {logging_mixin.py:137} INFO - [2022-11-16T14:28:17.969+0000] {dag.py:3340} INFO - Setting next_dagrun for example_time_delta_sensor_async to None, run_after=None
[2022-11-16T14:28:18.044+0000] {processor.py:176} INFO - Processing /home/airflow/.local/lib/python3.7/site-packages/airflow/example_dags/example_time_delta_sensor_async.py took 0.710 seconds
[2022-11-16T14:28:48.205+0000] {processor.py:154} INFO - Started process (PID=401) to work on /home/airflow/.local/lib/python3.7/site-packages/airflow/example_dags/example_time_delta_sensor_async.py
[2022-11-16T14:28:48.206+0000] {processor.py:756} INFO - Processing file /home/airflow/.local/lib/python3.7/site-packages/airflow/example_dags/example_time_delta_sensor_async.py for tasks to queue
[2022-11-16T14:28:48.207+0000] {logging_mixin.py:137} INFO - [2022-11-16T14:28:48.207+0000] {dagbag.py:537} INFO - Filling up the DagBag from /home/airflow/.local/lib/python3.7/site-packages/airflow/example_dags/example_time_delta_sensor_async.py
[2022-11-16T14:28:48.232+0000] {processor.py:766} INFO - DAG(s) dict_keys(['example_time_delta_sensor_async']) retrieved from /home/airflow/.local/lib/python3.7/site-packages/airflow/example_dags/example_time_delta_sensor_async.py
[2022-11-16T14:28:48.600+0000] {logging_mixin.py:137} INFO - [2022-11-16T14:28:48.600+0000] {dag.py:2585} INFO - Sync 1 DAGs
[2022-11-16T14:28:48.648+0000] {logging_mixin.py:137} INFO - [2022-11-16T14:28:48.647+0000] {dag.py:3340} INFO - Setting next_dagrun for example_time_delta_sensor_async to None, run_after=None
[2022-11-16T14:28:48.678+0000] {processor.py:176} INFO - Processing /home/airflow/.local/lib/python3.7/site-packages/airflow/example_dags/example_time_delta_sensor_async.py took 0.477 seconds
[2022-11-16T14:29:20.266+0000] {processor.py:154} INFO - Started process (PID=609) to work on /home/airflow/.local/lib/python3.7/site-packages/airflow/example_dags/example_time_delta_sensor_async.py
[2022-11-16T14:29:20.267+0000] {processor.py:756} INFO - Processing file /home/airflow/.local/lib/python3.7/site-packages/airflow/example_dags/example_time_delta_sensor_async.py for tasks to queue
[2022-11-16T14:29:20.268+0000] {logging_mixin.py:137} INFO - [2022-11-16T14:29:20.268+0000] {dagbag.py:537} INFO - Filling up the DagBag from /home/airflow/.local/lib/python3.7/site-packages/airflow/example_dags/example_time_delta_sensor_async.py
[2022-11-16T14:29:20.297+0000] {processor.py:766} INFO - DAG(s) dict_keys(['example_time_delta_sensor_async']) retrieved from /home/airflow/.local/lib/python3.7/site-packages/airflow/example_dags/example_time_delta_sensor_async.py
[2022-11-16T14:29:20.892+0000] {logging_mixin.py:137} INFO - [2022-11-16T14:29:20.892+0000] {dag.py:2585} INFO - Sync 1 DAGs
[2022-11-16T14:29:20.950+0000] {logging_mixin.py:137} INFO - [2022-11-16T14:29:20.950+0000] {dag.py:3340} INFO - Setting next_dagrun for example_time_delta_sensor_async to None, run_after=None
[2022-11-16T14:29:21.010+0000] {processor.py:176} INFO - Processing /home/airflow/.local/lib/python3.7/site-packages/airflow/example_dags/example_time_delta_sensor_async.py took 0.758 seconds
[2022-11-16T14:29:51.189+0000] {processor.py:154} INFO - Started process (PID=807) to work on /home/airflow/.local/lib/python3.7/site-packages/airflow/example_dags/example_time_delta_sensor_async.py
[2022-11-16T14:29:51.190+0000] {processor.py:756} INFO - Processing file /home/airflow/.local/lib/python3.7/site-packages/airflow/example_dags/example_time_delta_sensor_async.py for tasks to queue
[2022-11-16T14:29:51.192+0000] {logging_mixin.py:137} INFO - [2022-11-16T14:29:51.192+0000] {dagbag.py:537} INFO - Filling up the DagBag from /home/airflow/.local/lib/python3.7/site-packages/airflow/example_dags/example_time_delta_sensor_async.py
[2022-11-16T14:29:51.206+0000] {processor.py:766} INFO - DAG(s) dict_keys(['example_time_delta_sensor_async']) retrieved from /home/airflow/.local/lib/python3.7/site-packages/airflow/example_dags/example_time_delta_sensor_async.py
[2022-11-16T14:29:51.621+0000] {logging_mixin.py:137} INFO - [2022-11-16T14:29:51.621+0000] {dag.py:2585} INFO - Sync 1 DAGs
[2022-11-16T14:29:51.667+0000] {logging_mixin.py:137} INFO - [2022-11-16T14:29:51.667+0000] {dag.py:3340} INFO - Setting next_dagrun for example_time_delta_sensor_async to None, run_after=None
[2022-11-16T14:29:51.699+0000] {processor.py:176} INFO - Processing /home/airflow/.local/lib/python3.7/site-packages/airflow/example_dags/example_time_delta_sensor_async.py took 0.513 seconds
[2022-11-16T14:30:21.905+0000] {processor.py:154} INFO - Started process (PID=1011) to work on /home/airflow/.local/lib/python3.7/site-packages/airflow/example_dags/example_time_delta_sensor_async.py
[2022-11-16T14:30:21.906+0000] {processor.py:756} INFO - Processing file /home/airflow/.local/lib/python3.7/site-packages/airflow/example_dags/example_time_delta_sensor_async.py for tasks to queue
[2022-11-16T14:30:21.909+0000] {logging_mixin.py:137} INFO - [2022-11-16T14:30:21.908+0000] {dagbag.py:537} INFO - Filling up the DagBag from /home/airflow/.local/lib/python3.7/site-packages/airflow/example_dags/example_time_delta_sensor_async.py
[2022-11-16T14:30:21.951+0000] {processor.py:766} INFO - DAG(s) dict_keys(['example_time_delta_sensor_async']) retrieved from /home/airflow/.local/lib/python3.7/site-packages/airflow/example_dags/example_time_delta_sensor_async.py
[2022-11-16T14:30:22.569+0000] {logging_mixin.py:137} INFO - [2022-11-16T14:30:22.568+0000] {dag.py:2585} INFO - Sync 1 DAGs
[2022-11-16T14:30:22.636+0000] {logging_mixin.py:137} INFO - [2022-11-16T14:30:22.636+0000] {dag.py:3340} INFO - Setting next_dagrun for example_time_delta_sensor_async to None, run_after=None
[2022-11-16T14:30:22.692+0000] {processor.py:176} INFO - Processing /home/airflow/.local/lib/python3.7/site-packages/airflow/example_dags/example_time_delta_sensor_async.py took 0.797 seconds
[2022-11-16T14:30:53.353+0000] {processor.py:154} INFO - Started process (PID=1212) to work on /home/airflow/.local/lib/python3.7/site-packages/airflow/example_dags/example_time_delta_sensor_async.py
[2022-11-16T14:30:53.354+0000] {processor.py:756} INFO - Processing file /home/airflow/.local/lib/python3.7/site-packages/airflow/example_dags/example_time_delta_sensor_async.py for tasks to queue
[2022-11-16T14:30:53.355+0000] {logging_mixin.py:137} INFO - [2022-11-16T14:30:53.355+0000] {dagbag.py:537} INFO - Filling up the DagBag from /home/airflow/.local/lib/python3.7/site-packages/airflow/example_dags/example_time_delta_sensor_async.py
[2022-11-16T14:30:53.372+0000] {processor.py:766} INFO - DAG(s) dict_keys(['example_time_delta_sensor_async']) retrieved from /home/airflow/.local/lib/python3.7/site-packages/airflow/example_dags/example_time_delta_sensor_async.py
[2022-11-16T14:30:53.711+0000] {logging_mixin.py:137} INFO - [2022-11-16T14:30:53.711+0000] {dag.py:2585} INFO - Sync 1 DAGs
[2022-11-16T14:30:53.746+0000] {logging_mixin.py:137} INFO - [2022-11-16T14:30:53.746+0000] {dag.py:3340} INFO - Setting next_dagrun for example_time_delta_sensor_async to None, run_after=None
[2022-11-16T14:30:53.772+0000] {processor.py:176} INFO - Processing /home/airflow/.local/lib/python3.7/site-packages/airflow/example_dags/example_time_delta_sensor_async.py took 0.422 seconds
[2022-11-16T14:31:23.942+0000] {processor.py:154} INFO - Started process (PID=1416) to work on /home/airflow/.local/lib/python3.7/site-packages/airflow/example_dags/example_time_delta_sensor_async.py
[2022-11-16T14:31:23.944+0000] {processor.py:756} INFO - Processing file /home/airflow/.local/lib/python3.7/site-packages/airflow/example_dags/example_time_delta_sensor_async.py for tasks to queue
[2022-11-16T14:31:23.945+0000] {logging_mixin.py:137} INFO - [2022-11-16T14:31:23.945+0000] {dagbag.py:537} INFO - Filling up the DagBag from /home/airflow/.local/lib/python3.7/site-packages/airflow/example_dags/example_time_delta_sensor_async.py
[2022-11-16T14:31:23.968+0000] {processor.py:766} INFO - DAG(s) dict_keys(['example_time_delta_sensor_async']) retrieved from /home/airflow/.local/lib/python3.7/site-packages/airflow/example_dags/example_time_delta_sensor_async.py
[2022-11-16T14:31:24.443+0000] {logging_mixin.py:137} INFO - [2022-11-16T14:31:24.443+0000] {dag.py:2585} INFO - Sync 1 DAGs
[2022-11-16T14:31:24.498+0000] {logging_mixin.py:137} INFO - [2022-11-16T14:31:24.498+0000] {dag.py:3340} INFO - Setting next_dagrun for example_time_delta_sensor_async to None, run_after=None
[2022-11-16T14:31:24.537+0000] {processor.py:176} INFO - Processing /home/airflow/.local/lib/python3.7/site-packages/airflow/example_dags/example_time_delta_sensor_async.py took 0.599 seconds
[2022-11-16T14:31:54.708+0000] {processor.py:154} INFO - Started process (PID=1616) to work on /home/airflow/.local/lib/python3.7/site-packages/airflow/example_dags/example_time_delta_sensor_async.py
[2022-11-16T14:31:54.719+0000] {processor.py:756} INFO - Processing file /home/airflow/.local/lib/python3.7/site-packages/airflow/example_dags/example_time_delta_sensor_async.py for tasks to queue
[2022-11-16T14:31:54.720+0000] {logging_mixin.py:137} INFO - [2022-11-16T14:31:54.720+0000] {dagbag.py:537} INFO - Filling up the DagBag from /home/airflow/.local/lib/python3.7/site-packages/airflow/example_dags/example_time_delta_sensor_async.py
[2022-11-16T14:31:54.819+0000] {processor.py:766} INFO - DAG(s) dict_keys(['example_time_delta_sensor_async']) retrieved from /home/airflow/.local/lib/python3.7/site-packages/airflow/example_dags/example_time_delta_sensor_async.py
[2022-11-16T14:31:55.604+0000] {logging_mixin.py:137} INFO - [2022-11-16T14:31:55.604+0000] {dag.py:2585} INFO - Sync 1 DAGs
[2022-11-16T14:31:55.709+0000] {logging_mixin.py:137} INFO - [2022-11-16T14:31:55.709+0000] {dag.py:3340} INFO - Setting next_dagrun for example_time_delta_sensor_async to None, run_after=None
[2022-11-16T14:31:55.797+0000] {processor.py:176} INFO - Processing /home/airflow/.local/lib/python3.7/site-packages/airflow/example_dags/example_time_delta_sensor_async.py took 1.141 seconds
[2022-11-16T14:32:25.995+0000] {processor.py:154} INFO - Started process (PID=1814) to work on /home/airflow/.local/lib/python3.7/site-packages/airflow/example_dags/example_time_delta_sensor_async.py
[2022-11-16T14:32:25.997+0000] {processor.py:756} INFO - Processing file /home/airflow/.local/lib/python3.7/site-packages/airflow/example_dags/example_time_delta_sensor_async.py for tasks to queue
[2022-11-16T14:32:25.998+0000] {logging_mixin.py:137} INFO - [2022-11-16T14:32:25.998+0000] {dagbag.py:537} INFO - Filling up the DagBag from /home/airflow/.local/lib/python3.7/site-packages/airflow/example_dags/example_time_delta_sensor_async.py
[2022-11-16T14:32:26.032+0000] {processor.py:766} INFO - DAG(s) dict_keys(['example_time_delta_sensor_async']) retrieved from /home/airflow/.local/lib/python3.7/site-packages/airflow/example_dags/example_time_delta_sensor_async.py
[2022-11-16T14:32:26.511+0000] {logging_mixin.py:137} INFO - [2022-11-16T14:32:26.511+0000] {dag.py:2585} INFO - Sync 1 DAGs
[2022-11-16T14:32:26.598+0000] {logging_mixin.py:137} INFO - [2022-11-16T14:32:26.598+0000] {dag.py:3340} INFO - Setting next_dagrun for example_time_delta_sensor_async to None, run_after=None
[2022-11-16T14:32:26.668+0000] {processor.py:176} INFO - Processing /home/airflow/.local/lib/python3.7/site-packages/airflow/example_dags/example_time_delta_sensor_async.py took 0.684 seconds
[2022-11-16T14:32:56.876+0000] {processor.py:154} INFO - Started process (PID=2019) to work on /home/airflow/.local/lib/python3.7/site-packages/airflow/example_dags/example_time_delta_sensor_async.py
[2022-11-16T14:32:56.877+0000] {processor.py:756} INFO - Processing file /home/airflow/.local/lib/python3.7/site-packages/airflow/example_dags/example_time_delta_sensor_async.py for tasks to queue
[2022-11-16T14:32:56.878+0000] {logging_mixin.py:137} INFO - [2022-11-16T14:32:56.878+0000] {dagbag.py:537} INFO - Filling up the DagBag from /home/airflow/.local/lib/python3.7/site-packages/airflow/example_dags/example_time_delta_sensor_async.py
[2022-11-16T14:32:56.900+0000] {processor.py:766} INFO - DAG(s) dict_keys(['example_time_delta_sensor_async']) retrieved from /home/airflow/.local/lib/python3.7/site-packages/airflow/example_dags/example_time_delta_sensor_async.py
[2022-11-16T14:32:57.294+0000] {logging_mixin.py:137} INFO - [2022-11-16T14:32:57.294+0000] {dag.py:2585} INFO - Sync 1 DAGs
[2022-11-16T14:32:57.336+0000] {logging_mixin.py:137} INFO - [2022-11-16T14:32:57.336+0000] {dag.py:3340} INFO - Setting next_dagrun for example_time_delta_sensor_async to None, run_after=None
[2022-11-16T14:32:57.368+0000] {processor.py:176} INFO - Processing /home/airflow/.local/lib/python3.7/site-packages/airflow/example_dags/example_time_delta_sensor_async.py took 0.495 seconds
[2022-11-16T14:33:28.120+0000] {processor.py:154} INFO - Started process (PID=2217) to work on /home/airflow/.local/lib/python3.7/site-packages/airflow/example_dags/example_time_delta_sensor_async.py
[2022-11-16T14:33:28.121+0000] {processor.py:756} INFO - Processing file /home/airflow/.local/lib/python3.7/site-packages/airflow/example_dags/example_time_delta_sensor_async.py for tasks to queue
[2022-11-16T14:33:28.122+0000] {logging_mixin.py:137} INFO - [2022-11-16T14:33:28.122+0000] {dagbag.py:537} INFO - Filling up the DagBag from /home/airflow/.local/lib/python3.7/site-packages/airflow/example_dags/example_time_delta_sensor_async.py
[2022-11-16T14:33:28.142+0000] {processor.py:766} INFO - DAG(s) dict_keys(['example_time_delta_sensor_async']) retrieved from /home/airflow/.local/lib/python3.7/site-packages/airflow/example_dags/example_time_delta_sensor_async.py
[2022-11-16T14:33:28.487+0000] {logging_mixin.py:137} INFO - [2022-11-16T14:33:28.487+0000] {dag.py:2585} INFO - Sync 1 DAGs
[2022-11-16T14:33:28.531+0000] {logging_mixin.py:137} INFO - [2022-11-16T14:33:28.531+0000] {dag.py:3340} INFO - Setting next_dagrun for example_time_delta_sensor_async to None, run_after=None
[2022-11-16T14:33:28.558+0000] {processor.py:176} INFO - Processing /home/airflow/.local/lib/python3.7/site-packages/airflow/example_dags/example_time_delta_sensor_async.py took 0.447 seconds
[2022-11-16T14:33:58.719+0000] {processor.py:154} INFO - Started process (PID=2423) to work on /home/airflow/.local/lib/python3.7/site-packages/airflow/example_dags/example_time_delta_sensor_async.py
[2022-11-16T14:33:58.721+0000] {processor.py:756} INFO - Processing file /home/airflow/.local/lib/python3.7/site-packages/airflow/example_dags/example_time_delta_sensor_async.py for tasks to queue
[2022-11-16T14:33:58.722+0000] {logging_mixin.py:137} INFO - [2022-11-16T14:33:58.722+0000] {dagbag.py:537} INFO - Filling up the DagBag from /home/airflow/.local/lib/python3.7/site-packages/airflow/example_dags/example_time_delta_sensor_async.py
[2022-11-16T14:33:58.826+0000] {processor.py:766} INFO - DAG(s) dict_keys(['example_time_delta_sensor_async']) retrieved from /home/airflow/.local/lib/python3.7/site-packages/airflow/example_dags/example_time_delta_sensor_async.py
[2022-11-16T14:33:59.537+0000] {logging_mixin.py:137} INFO - [2022-11-16T14:33:59.537+0000] {dag.py:2585} INFO - Sync 1 DAGs
[2022-11-16T14:33:59.594+0000] {logging_mixin.py:137} INFO - [2022-11-16T14:33:59.594+0000] {dag.py:3340} INFO - Setting next_dagrun for example_time_delta_sensor_async to None, run_after=None
[2022-11-16T14:33:59.646+0000] {processor.py:176} INFO - Processing /home/airflow/.local/lib/python3.7/site-packages/airflow/example_dags/example_time_delta_sensor_async.py took 0.939 seconds
[2022-11-16T14:34:30.077+0000] {processor.py:154} INFO - Started process (PID=2639) to work on /home/airflow/.local/lib/python3.7/site-packages/airflow/example_dags/example_time_delta_sensor_async.py
[2022-11-16T14:34:30.078+0000] {processor.py:756} INFO - Processing file /home/airflow/.local/lib/python3.7/site-packages/airflow/example_dags/example_time_delta_sensor_async.py for tasks to queue
[2022-11-16T14:34:30.079+0000] {logging_mixin.py:137} INFO - [2022-11-16T14:34:30.079+0000] {dagbag.py:537} INFO - Filling up the DagBag from /home/airflow/.local/lib/python3.7/site-packages/airflow/example_dags/example_time_delta_sensor_async.py
[2022-11-16T14:34:30.099+0000] {processor.py:766} INFO - DAG(s) dict_keys(['example_time_delta_sensor_async']) retrieved from /home/airflow/.local/lib/python3.7/site-packages/airflow/example_dags/example_time_delta_sensor_async.py
[2022-11-16T14:34:30.450+0000] {logging_mixin.py:137} INFO - [2022-11-16T14:34:30.450+0000] {dag.py:2585} INFO - Sync 1 DAGs
[2022-11-16T14:34:30.488+0000] {logging_mixin.py:137} INFO - [2022-11-16T14:34:30.488+0000] {dag.py:3340} INFO - Setting next_dagrun for example_time_delta_sensor_async to None, run_after=None
[2022-11-16T14:34:30.519+0000] {processor.py:176} INFO - Processing /home/airflow/.local/lib/python3.7/site-packages/airflow/example_dags/example_time_delta_sensor_async.py took 0.448 seconds
[2022-11-16T14:35:01.086+0000] {processor.py:154} INFO - Started process (PID=2837) to work on /home/airflow/.local/lib/python3.7/site-packages/airflow/example_dags/example_time_delta_sensor_async.py
[2022-11-16T14:35:01.087+0000] {processor.py:756} INFO - Processing file /home/airflow/.local/lib/python3.7/site-packages/airflow/example_dags/example_time_delta_sensor_async.py for tasks to queue
[2022-11-16T14:35:01.088+0000] {logging_mixin.py:137} INFO - [2022-11-16T14:35:01.087+0000] {dagbag.py:537} INFO - Filling up the DagBag from /home/airflow/.local/lib/python3.7/site-packages/airflow/example_dags/example_time_delta_sensor_async.py
[2022-11-16T14:35:01.108+0000] {processor.py:766} INFO - DAG(s) dict_keys(['example_time_delta_sensor_async']) retrieved from /home/airflow/.local/lib/python3.7/site-packages/airflow/example_dags/example_time_delta_sensor_async.py
[2022-11-16T14:35:01.546+0000] {logging_mixin.py:137} INFO - [2022-11-16T14:35:01.545+0000] {dag.py:2585} INFO - Sync 1 DAGs
[2022-11-16T14:35:01.589+0000] {logging_mixin.py:137} INFO - [2022-11-16T14:35:01.589+0000] {dag.py:3340} INFO - Setting next_dagrun for example_time_delta_sensor_async to None, run_after=None
[2022-11-16T14:35:01.635+0000] {processor.py:176} INFO - Processing /home/airflow/.local/lib/python3.7/site-packages/airflow/example_dags/example_time_delta_sensor_async.py took 0.552 seconds
[2022-11-16T14:35:32.109+0000] {processor.py:154} INFO - Started process (PID=3041) to work on /home/airflow/.local/lib/python3.7/site-packages/airflow/example_dags/example_time_delta_sensor_async.py
[2022-11-16T14:35:32.141+0000] {processor.py:756} INFO - Processing file /home/airflow/.local/lib/python3.7/site-packages/airflow/example_dags/example_time_delta_sensor_async.py for tasks to queue
[2022-11-16T14:35:32.143+0000] {logging_mixin.py:137} INFO - [2022-11-16T14:35:32.143+0000] {dagbag.py:537} INFO - Filling up the DagBag from /home/airflow/.local/lib/python3.7/site-packages/airflow/example_dags/example_time_delta_sensor_async.py
[2022-11-16T14:35:32.166+0000] {processor.py:766} INFO - DAG(s) dict_keys(['example_time_delta_sensor_async']) retrieved from /home/airflow/.local/lib/python3.7/site-packages/airflow/example_dags/example_time_delta_sensor_async.py
[2022-11-16T14:35:32.668+0000] {logging_mixin.py:137} INFO - [2022-11-16T14:35:32.668+0000] {dag.py:2585} INFO - Sync 1 DAGs
[2022-11-16T14:35:32.729+0000] {logging_mixin.py:137} INFO - [2022-11-16T14:35:32.729+0000] {dag.py:3340} INFO - Setting next_dagrun for example_time_delta_sensor_async to None, run_after=None
[2022-11-16T14:35:32.765+0000] {processor.py:176} INFO - Processing /home/airflow/.local/lib/python3.7/site-packages/airflow/example_dags/example_time_delta_sensor_async.py took 0.660 seconds
[2022-11-16T14:36:03.566+0000] {processor.py:154} INFO - Started process (PID=3238) to work on /home/airflow/.local/lib/python3.7/site-packages/airflow/example_dags/example_time_delta_sensor_async.py
[2022-11-16T14:36:03.567+0000] {processor.py:756} INFO - Processing file /home/airflow/.local/lib/python3.7/site-packages/airflow/example_dags/example_time_delta_sensor_async.py for tasks to queue
[2022-11-16T14:36:03.568+0000] {logging_mixin.py:137} INFO - [2022-11-16T14:36:03.568+0000] {dagbag.py:537} INFO - Filling up the DagBag from /home/airflow/.local/lib/python3.7/site-packages/airflow/example_dags/example_time_delta_sensor_async.py
[2022-11-16T14:36:03.594+0000] {processor.py:766} INFO - DAG(s) dict_keys(['example_time_delta_sensor_async']) retrieved from /home/airflow/.local/lib/python3.7/site-packages/airflow/example_dags/example_time_delta_sensor_async.py
[2022-11-16T14:36:04.103+0000] {logging_mixin.py:137} INFO - [2022-11-16T14:36:04.103+0000] {dag.py:2585} INFO - Sync 1 DAGs
[2022-11-16T14:36:04.155+0000] {logging_mixin.py:137} INFO - [2022-11-16T14:36:04.155+0000] {dag.py:3340} INFO - Setting next_dagrun for example_time_delta_sensor_async to None, run_after=None
[2022-11-16T14:36:04.187+0000] {processor.py:176} INFO - Processing /home/airflow/.local/lib/python3.7/site-packages/airflow/example_dags/example_time_delta_sensor_async.py took 0.627 seconds
[2022-11-16T14:36:34.376+0000] {processor.py:154} INFO - Started process (PID=3444) to work on /home/airflow/.local/lib/python3.7/site-packages/airflow/example_dags/example_time_delta_sensor_async.py
[2022-11-16T14:36:34.378+0000] {processor.py:756} INFO - Processing file /home/airflow/.local/lib/python3.7/site-packages/airflow/example_dags/example_time_delta_sensor_async.py for tasks to queue
[2022-11-16T14:36:34.379+0000] {logging_mixin.py:137} INFO - [2022-11-16T14:36:34.379+0000] {dagbag.py:537} INFO - Filling up the DagBag from /home/airflow/.local/lib/python3.7/site-packages/airflow/example_dags/example_time_delta_sensor_async.py
[2022-11-16T14:36:34.403+0000] {processor.py:766} INFO - DAG(s) dict_keys(['example_time_delta_sensor_async']) retrieved from /home/airflow/.local/lib/python3.7/site-packages/airflow/example_dags/example_time_delta_sensor_async.py
[2022-11-16T14:36:34.912+0000] {logging_mixin.py:137} INFO - [2022-11-16T14:36:34.909+0000] {dag.py:2585} INFO - Sync 1 DAGs
[2022-11-16T14:36:35.005+0000] {logging_mixin.py:137} INFO - [2022-11-16T14:36:35.004+0000] {dag.py:3340} INFO - Setting next_dagrun for example_time_delta_sensor_async to None, run_after=None
[2022-11-16T14:36:35.063+0000] {processor.py:176} INFO - Processing /home/airflow/.local/lib/python3.7/site-packages/airflow/example_dags/example_time_delta_sensor_async.py took 0.693 seconds
[2022-11-16T14:37:05.167+0000] {processor.py:154} INFO - Started process (PID=3641) to work on /home/airflow/.local/lib/python3.7/site-packages/airflow/example_dags/example_time_delta_sensor_async.py
[2022-11-16T14:37:05.168+0000] {processor.py:756} INFO - Processing file /home/airflow/.local/lib/python3.7/site-packages/airflow/example_dags/example_time_delta_sensor_async.py for tasks to queue
[2022-11-16T14:37:05.169+0000] {logging_mixin.py:137} INFO - [2022-11-16T14:37:05.169+0000] {dagbag.py:537} INFO - Filling up the DagBag from /home/airflow/.local/lib/python3.7/site-packages/airflow/example_dags/example_time_delta_sensor_async.py
[2022-11-16T14:37:05.188+0000] {processor.py:766} INFO - DAG(s) dict_keys(['example_time_delta_sensor_async']) retrieved from /home/airflow/.local/lib/python3.7/site-packages/airflow/example_dags/example_time_delta_sensor_async.py
[2022-11-16T14:37:05.557+0000] {logging_mixin.py:137} INFO - [2022-11-16T14:37:05.557+0000] {dag.py:2585} INFO - Sync 1 DAGs
[2022-11-16T14:37:05.594+0000] {logging_mixin.py:137} INFO - [2022-11-16T14:37:05.594+0000] {dag.py:3340} INFO - Setting next_dagrun for example_time_delta_sensor_async to None, run_after=None
[2022-11-16T14:37:05.627+0000] {processor.py:176} INFO - Processing /home/airflow/.local/lib/python3.7/site-packages/airflow/example_dags/example_time_delta_sensor_async.py took 0.463 seconds
[2022-11-16T14:37:35.858+0000] {processor.py:154} INFO - Started process (PID=3839) to work on /home/airflow/.local/lib/python3.7/site-packages/airflow/example_dags/example_time_delta_sensor_async.py
[2022-11-16T14:37:35.859+0000] {processor.py:756} INFO - Processing file /home/airflow/.local/lib/python3.7/site-packages/airflow/example_dags/example_time_delta_sensor_async.py for tasks to queue
[2022-11-16T14:37:35.860+0000] {logging_mixin.py:137} INFO - [2022-11-16T14:37:35.860+0000] {dagbag.py:537} INFO - Filling up the DagBag from /home/airflow/.local/lib/python3.7/site-packages/airflow/example_dags/example_time_delta_sensor_async.py
[2022-11-16T14:37:35.882+0000] {processor.py:766} INFO - DAG(s) dict_keys(['example_time_delta_sensor_async']) retrieved from /home/airflow/.local/lib/python3.7/site-packages/airflow/example_dags/example_time_delta_sensor_async.py
[2022-11-16T14:37:36.330+0000] {logging_mixin.py:137} INFO - [2022-11-16T14:37:36.330+0000] {dag.py:2585} INFO - Sync 1 DAGs
[2022-11-16T14:37:36.373+0000] {logging_mixin.py:137} INFO - [2022-11-16T14:37:36.373+0000] {dag.py:3340} INFO - Setting next_dagrun for example_time_delta_sensor_async to None, run_after=None
[2022-11-16T14:37:36.408+0000] {processor.py:176} INFO - Processing /home/airflow/.local/lib/python3.7/site-packages/airflow/example_dags/example_time_delta_sensor_async.py took 0.555 seconds
[2022-11-16T14:38:06.609+0000] {processor.py:154} INFO - Started process (PID=4047) to work on /home/airflow/.local/lib/python3.7/site-packages/airflow/example_dags/example_time_delta_sensor_async.py
[2022-11-16T14:38:06.610+0000] {processor.py:756} INFO - Processing file /home/airflow/.local/lib/python3.7/site-packages/airflow/example_dags/example_time_delta_sensor_async.py for tasks to queue
[2022-11-16T14:38:06.611+0000] {logging_mixin.py:137} INFO - [2022-11-16T14:38:06.611+0000] {dagbag.py:537} INFO - Filling up the DagBag from /home/airflow/.local/lib/python3.7/site-packages/airflow/example_dags/example_time_delta_sensor_async.py
[2022-11-16T14:38:06.627+0000] {processor.py:766} INFO - DAG(s) dict_keys(['example_time_delta_sensor_async']) retrieved from /home/airflow/.local/lib/python3.7/site-packages/airflow/example_dags/example_time_delta_sensor_async.py
[2022-11-16T14:38:06.992+0000] {logging_mixin.py:137} INFO - [2022-11-16T14:38:06.992+0000] {dag.py:2585} INFO - Sync 1 DAGs
[2022-11-16T14:38:07.030+0000] {logging_mixin.py:137} INFO - [2022-11-16T14:38:07.030+0000] {dag.py:3340} INFO - Setting next_dagrun for example_time_delta_sensor_async to None, run_after=None
[2022-11-16T14:38:07.062+0000] {processor.py:176} INFO - Processing /home/airflow/.local/lib/python3.7/site-packages/airflow/example_dags/example_time_delta_sensor_async.py took 0.456 seconds
[2022-11-16T14:38:37.189+0000] {processor.py:154} INFO - Started process (PID=4244) to work on /home/airflow/.local/lib/python3.7/site-packages/airflow/example_dags/example_time_delta_sensor_async.py
[2022-11-16T14:38:37.190+0000] {processor.py:756} INFO - Processing file /home/airflow/.local/lib/python3.7/site-packages/airflow/example_dags/example_time_delta_sensor_async.py for tasks to queue
[2022-11-16T14:38:37.190+0000] {logging_mixin.py:137} INFO - [2022-11-16T14:38:37.190+0000] {dagbag.py:537} INFO - Filling up the DagBag from /home/airflow/.local/lib/python3.7/site-packages/airflow/example_dags/example_time_delta_sensor_async.py
[2022-11-16T14:38:37.211+0000] {processor.py:766} INFO - DAG(s) dict_keys(['example_time_delta_sensor_async']) retrieved from /home/airflow/.local/lib/python3.7/site-packages/airflow/example_dags/example_time_delta_sensor_async.py
[2022-11-16T14:38:37.705+0000] {logging_mixin.py:137} INFO - [2022-11-16T14:38:37.704+0000] {dag.py:2585} INFO - Sync 1 DAGs
[2022-11-16T14:38:37.765+0000] {logging_mixin.py:137} INFO - [2022-11-16T14:38:37.765+0000] {dag.py:3340} INFO - Setting next_dagrun for example_time_delta_sensor_async to None, run_after=None
[2022-11-16T14:38:37.810+0000] {processor.py:176} INFO - Processing /home/airflow/.local/lib/python3.7/site-packages/airflow/example_dags/example_time_delta_sensor_async.py took 0.624 seconds
[2022-11-16T14:39:08.130+0000] {processor.py:154} INFO - Started process (PID=4451) to work on /home/airflow/.local/lib/python3.7/site-packages/airflow/example_dags/example_time_delta_sensor_async.py
[2022-11-16T14:39:08.131+0000] {processor.py:756} INFO - Processing file /home/airflow/.local/lib/python3.7/site-packages/airflow/example_dags/example_time_delta_sensor_async.py for tasks to queue
[2022-11-16T14:39:08.132+0000] {logging_mixin.py:137} INFO - [2022-11-16T14:39:08.132+0000] {dagbag.py:537} INFO - Filling up the DagBag from /home/airflow/.local/lib/python3.7/site-packages/airflow/example_dags/example_time_delta_sensor_async.py
[2022-11-16T14:39:08.163+0000] {processor.py:766} INFO - DAG(s) dict_keys(['example_time_delta_sensor_async']) retrieved from /home/airflow/.local/lib/python3.7/site-packages/airflow/example_dags/example_time_delta_sensor_async.py
[2022-11-16T14:39:08.724+0000] {logging_mixin.py:137} INFO - [2022-11-16T14:39:08.723+0000] {dag.py:2585} INFO - Sync 1 DAGs
[2022-11-16T14:39:08.761+0000] {logging_mixin.py:137} INFO - [2022-11-16T14:39:08.761+0000] {dag.py:3340} INFO - Setting next_dagrun for example_time_delta_sensor_async to None, run_after=None
[2022-11-16T14:39:08.793+0000] {processor.py:176} INFO - Processing /home/airflow/.local/lib/python3.7/site-packages/airflow/example_dags/example_time_delta_sensor_async.py took 0.668 seconds
[2022-11-16T14:39:39.443+0000] {processor.py:154} INFO - Started process (PID=4655) to work on /home/airflow/.local/lib/python3.7/site-packages/airflow/example_dags/example_time_delta_sensor_async.py
[2022-11-16T14:39:39.445+0000] {processor.py:756} INFO - Processing file /home/airflow/.local/lib/python3.7/site-packages/airflow/example_dags/example_time_delta_sensor_async.py for tasks to queue
[2022-11-16T14:39:39.446+0000] {logging_mixin.py:137} INFO - [2022-11-16T14:39:39.445+0000] {dagbag.py:537} INFO - Filling up the DagBag from /home/airflow/.local/lib/python3.7/site-packages/airflow/example_dags/example_time_delta_sensor_async.py
[2022-11-16T14:39:39.470+0000] {processor.py:766} INFO - DAG(s) dict_keys(['example_time_delta_sensor_async']) retrieved from /home/airflow/.local/lib/python3.7/site-packages/airflow/example_dags/example_time_delta_sensor_async.py
[2022-11-16T14:39:39.891+0000] {logging_mixin.py:137} INFO - [2022-11-16T14:39:39.890+0000] {dag.py:2585} INFO - Sync 1 DAGs
[2022-11-16T14:39:39.932+0000] {logging_mixin.py:137} INFO - [2022-11-16T14:39:39.931+0000] {dag.py:3340} INFO - Setting next_dagrun for example_time_delta_sensor_async to None, run_after=None
[2022-11-16T14:39:39.964+0000] {processor.py:176} INFO - Processing /home/airflow/.local/lib/python3.7/site-packages/airflow/example_dags/example_time_delta_sensor_async.py took 0.527 seconds
[2022-11-16T14:40:10.035+0000] {processor.py:154} INFO - Started process (PID=4856) to work on /home/airflow/.local/lib/python3.7/site-packages/airflow/example_dags/example_time_delta_sensor_async.py
[2022-11-16T14:40:10.036+0000] {processor.py:756} INFO - Processing file /home/airflow/.local/lib/python3.7/site-packages/airflow/example_dags/example_time_delta_sensor_async.py for tasks to queue
[2022-11-16T14:40:10.037+0000] {logging_mixin.py:137} INFO - [2022-11-16T14:40:10.037+0000] {dagbag.py:537} INFO - Filling up the DagBag from /home/airflow/.local/lib/python3.7/site-packages/airflow/example_dags/example_time_delta_sensor_async.py
[2022-11-16T14:40:10.062+0000] {processor.py:766} INFO - DAG(s) dict_keys(['example_time_delta_sensor_async']) retrieved from /home/airflow/.local/lib/python3.7/site-packages/airflow/example_dags/example_time_delta_sensor_async.py
[2022-11-16T14:40:10.488+0000] {logging_mixin.py:137} INFO - [2022-11-16T14:40:10.488+0000] {dag.py:2585} INFO - Sync 1 DAGs
[2022-11-16T14:40:10.566+0000] {logging_mixin.py:137} INFO - [2022-11-16T14:40:10.565+0000] {dag.py:3340} INFO - Setting next_dagrun for example_time_delta_sensor_async to None, run_after=None
[2022-11-16T14:40:10.625+0000] {processor.py:176} INFO - Processing /home/airflow/.local/lib/python3.7/site-packages/airflow/example_dags/example_time_delta_sensor_async.py took 0.598 seconds
[2022-11-16T14:40:40.764+0000] {processor.py:154} INFO - Started process (PID=5065) to work on /home/airflow/.local/lib/python3.7/site-packages/airflow/example_dags/example_time_delta_sensor_async.py
[2022-11-16T14:40:40.766+0000] {processor.py:756} INFO - Processing file /home/airflow/.local/lib/python3.7/site-packages/airflow/example_dags/example_time_delta_sensor_async.py for tasks to queue
[2022-11-16T14:40:40.766+0000] {logging_mixin.py:137} INFO - [2022-11-16T14:40:40.766+0000] {dagbag.py:537} INFO - Filling up the DagBag from /home/airflow/.local/lib/python3.7/site-packages/airflow/example_dags/example_time_delta_sensor_async.py
[2022-11-16T14:40:40.784+0000] {processor.py:766} INFO - DAG(s) dict_keys(['example_time_delta_sensor_async']) retrieved from /home/airflow/.local/lib/python3.7/site-packages/airflow/example_dags/example_time_delta_sensor_async.py
[2022-11-16T14:40:41.163+0000] {logging_mixin.py:137} INFO - [2022-11-16T14:40:41.162+0000] {dag.py:2585} INFO - Sync 1 DAGs
[2022-11-16T14:40:41.199+0000] {logging_mixin.py:137} INFO - [2022-11-16T14:40:41.199+0000] {dag.py:3340} INFO - Setting next_dagrun for example_time_delta_sensor_async to None, run_after=None
[2022-11-16T14:40:41.232+0000] {processor.py:176} INFO - Processing /home/airflow/.local/lib/python3.7/site-packages/airflow/example_dags/example_time_delta_sensor_async.py took 0.471 seconds
[2022-11-16T14:41:11.986+0000] {processor.py:154} INFO - Started process (PID=5262) to work on /home/airflow/.local/lib/python3.7/site-packages/airflow/example_dags/example_time_delta_sensor_async.py
[2022-11-16T14:41:11.987+0000] {processor.py:756} INFO - Processing file /home/airflow/.local/lib/python3.7/site-packages/airflow/example_dags/example_time_delta_sensor_async.py for tasks to queue
[2022-11-16T14:41:11.988+0000] {logging_mixin.py:137} INFO - [2022-11-16T14:41:11.988+0000] {dagbag.py:537} INFO - Filling up the DagBag from /home/airflow/.local/lib/python3.7/site-packages/airflow/example_dags/example_time_delta_sensor_async.py
[2022-11-16T14:41:12.010+0000] {processor.py:766} INFO - DAG(s) dict_keys(['example_time_delta_sensor_async']) retrieved from /home/airflow/.local/lib/python3.7/site-packages/airflow/example_dags/example_time_delta_sensor_async.py
[2022-11-16T14:41:12.507+0000] {logging_mixin.py:137} INFO - [2022-11-16T14:41:12.507+0000] {dag.py:2585} INFO - Sync 1 DAGs
[2022-11-16T14:41:12.544+0000] {logging_mixin.py:137} INFO - [2022-11-16T14:41:12.544+0000] {dag.py:3340} INFO - Setting next_dagrun for example_time_delta_sensor_async to None, run_after=None
[2022-11-16T14:41:12.580+0000] {processor.py:176} INFO - Processing /home/airflow/.local/lib/python3.7/site-packages/airflow/example_dags/example_time_delta_sensor_async.py took 0.597 seconds
[2022-11-16T14:41:42.664+0000] {processor.py:154} INFO - Started process (PID=5471) to work on /home/airflow/.local/lib/python3.7/site-packages/airflow/example_dags/example_time_delta_sensor_async.py
[2022-11-16T14:41:42.664+0000] {processor.py:756} INFO - Processing file /home/airflow/.local/lib/python3.7/site-packages/airflow/example_dags/example_time_delta_sensor_async.py for tasks to queue
[2022-11-16T14:41:42.665+0000] {logging_mixin.py:137} INFO - [2022-11-16T14:41:42.665+0000] {dagbag.py:537} INFO - Filling up the DagBag from /home/airflow/.local/lib/python3.7/site-packages/airflow/example_dags/example_time_delta_sensor_async.py
[2022-11-16T14:41:42.689+0000] {processor.py:766} INFO - DAG(s) dict_keys(['example_time_delta_sensor_async']) retrieved from /home/airflow/.local/lib/python3.7/site-packages/airflow/example_dags/example_time_delta_sensor_async.py
[2022-11-16T14:41:43.105+0000] {logging_mixin.py:137} INFO - [2022-11-16T14:41:43.105+0000] {dag.py:2585} INFO - Sync 1 DAGs
[2022-11-16T14:41:43.144+0000] {logging_mixin.py:137} INFO - [2022-11-16T14:41:43.144+0000] {dag.py:3340} INFO - Setting next_dagrun for example_time_delta_sensor_async to None, run_after=None
[2022-11-16T14:41:43.177+0000] {processor.py:176} INFO - Processing /home/airflow/.local/lib/python3.7/site-packages/airflow/example_dags/example_time_delta_sensor_async.py took 0.517 seconds
[2022-11-16T14:42:13.327+0000] {processor.py:154} INFO - Started process (PID=5674) to work on /home/airflow/.local/lib/python3.7/site-packages/airflow/example_dags/example_time_delta_sensor_async.py
[2022-11-16T14:42:13.329+0000] {processor.py:756} INFO - Processing file /home/airflow/.local/lib/python3.7/site-packages/airflow/example_dags/example_time_delta_sensor_async.py for tasks to queue
[2022-11-16T14:42:13.330+0000] {logging_mixin.py:137} INFO - [2022-11-16T14:42:13.330+0000] {dagbag.py:537} INFO - Filling up the DagBag from /home/airflow/.local/lib/python3.7/site-packages/airflow/example_dags/example_time_delta_sensor_async.py
[2022-11-16T14:42:13.355+0000] {processor.py:766} INFO - DAG(s) dict_keys(['example_time_delta_sensor_async']) retrieved from /home/airflow/.local/lib/python3.7/site-packages/airflow/example_dags/example_time_delta_sensor_async.py
[2022-11-16T14:42:13.761+0000] {logging_mixin.py:137} INFO - [2022-11-16T14:42:13.761+0000] {dag.py:2585} INFO - Sync 1 DAGs
[2022-11-16T14:42:13.800+0000] {logging_mixin.py:137} INFO - [2022-11-16T14:42:13.799+0000] {dag.py:3340} INFO - Setting next_dagrun for example_time_delta_sensor_async to None, run_after=None
[2022-11-16T14:42:13.832+0000] {processor.py:176} INFO - Processing /home/airflow/.local/lib/python3.7/site-packages/airflow/example_dags/example_time_delta_sensor_async.py took 0.509 seconds
[2022-11-16T14:42:44.685+0000] {processor.py:154} INFO - Started process (PID=5883) to work on /home/airflow/.local/lib/python3.7/site-packages/airflow/example_dags/example_time_delta_sensor_async.py
[2022-11-16T14:42:44.685+0000] {processor.py:756} INFO - Processing file /home/airflow/.local/lib/python3.7/site-packages/airflow/example_dags/example_time_delta_sensor_async.py for tasks to queue
[2022-11-16T14:42:44.687+0000] {logging_mixin.py:137} INFO - [2022-11-16T14:42:44.687+0000] {dagbag.py:537} INFO - Filling up the DagBag from /home/airflow/.local/lib/python3.7/site-packages/airflow/example_dags/example_time_delta_sensor_async.py
[2022-11-16T14:42:44.707+0000] {processor.py:766} INFO - DAG(s) dict_keys(['example_time_delta_sensor_async']) retrieved from /home/airflow/.local/lib/python3.7/site-packages/airflow/example_dags/example_time_delta_sensor_async.py
[2022-11-16T14:42:45.071+0000] {logging_mixin.py:137} INFO - [2022-11-16T14:42:45.071+0000] {dag.py:2585} INFO - Sync 1 DAGs
[2022-11-16T14:42:45.112+0000] {logging_mixin.py:137} INFO - [2022-11-16T14:42:45.112+0000] {dag.py:3340} INFO - Setting next_dagrun for example_time_delta_sensor_async to None, run_after=None
[2022-11-16T14:42:45.144+0000] {processor.py:176} INFO - Processing /home/airflow/.local/lib/python3.7/site-packages/airflow/example_dags/example_time_delta_sensor_async.py took 0.464 seconds
[2022-11-16T14:43:15.641+0000] {processor.py:154} INFO - Started process (PID=6081) to work on /home/airflow/.local/lib/python3.7/site-packages/airflow/example_dags/example_time_delta_sensor_async.py
[2022-11-16T14:43:15.643+0000] {processor.py:756} INFO - Processing file /home/airflow/.local/lib/python3.7/site-packages/airflow/example_dags/example_time_delta_sensor_async.py for tasks to queue
[2022-11-16T14:43:15.644+0000] {logging_mixin.py:137} INFO - [2022-11-16T14:43:15.644+0000] {dagbag.py:537} INFO - Filling up the DagBag from /home/airflow/.local/lib/python3.7/site-packages/airflow/example_dags/example_time_delta_sensor_async.py
[2022-11-16T14:43:15.669+0000] {processor.py:766} INFO - DAG(s) dict_keys(['example_time_delta_sensor_async']) retrieved from /home/airflow/.local/lib/python3.7/site-packages/airflow/example_dags/example_time_delta_sensor_async.py
[2022-11-16T14:43:16.151+0000] {logging_mixin.py:137} INFO - [2022-11-16T14:43:16.150+0000] {dag.py:2585} INFO - Sync 1 DAGs
[2022-11-16T14:43:16.204+0000] {logging_mixin.py:137} INFO - [2022-11-16T14:43:16.203+0000] {dag.py:3340} INFO - Setting next_dagrun for example_time_delta_sensor_async to None, run_after=None
[2022-11-16T14:43:16.240+0000] {processor.py:176} INFO - Processing /home/airflow/.local/lib/python3.7/site-packages/airflow/example_dags/example_time_delta_sensor_async.py took 0.605 seconds
[2022-11-16T14:43:46.528+0000] {processor.py:154} INFO - Started process (PID=6288) to work on /home/airflow/.local/lib/python3.7/site-packages/airflow/example_dags/example_time_delta_sensor_async.py
[2022-11-16T14:43:46.529+0000] {processor.py:756} INFO - Processing file /home/airflow/.local/lib/python3.7/site-packages/airflow/example_dags/example_time_delta_sensor_async.py for tasks to queue
[2022-11-16T14:43:46.530+0000] {logging_mixin.py:137} INFO - [2022-11-16T14:43:46.530+0000] {dagbag.py:537} INFO - Filling up the DagBag from /home/airflow/.local/lib/python3.7/site-packages/airflow/example_dags/example_time_delta_sensor_async.py
[2022-11-16T14:43:46.557+0000] {processor.py:766} INFO - DAG(s) dict_keys(['example_time_delta_sensor_async']) retrieved from /home/airflow/.local/lib/python3.7/site-packages/airflow/example_dags/example_time_delta_sensor_async.py
[2022-11-16T14:43:47.008+0000] {logging_mixin.py:137} INFO - [2022-11-16T14:43:47.008+0000] {dag.py:2585} INFO - Sync 1 DAGs
[2022-11-16T14:43:47.048+0000] {logging_mixin.py:137} INFO - [2022-11-16T14:43:47.047+0000] {dag.py:3340} INFO - Setting next_dagrun for example_time_delta_sensor_async to None, run_after=None
[2022-11-16T14:43:47.077+0000] {processor.py:176} INFO - Processing /home/airflow/.local/lib/python3.7/site-packages/airflow/example_dags/example_time_delta_sensor_async.py took 0.554 seconds
[2022-11-16T14:44:17.142+0000] {processor.py:154} INFO - Started process (PID=6491) to work on /home/airflow/.local/lib/python3.7/site-packages/airflow/example_dags/example_time_delta_sensor_async.py
[2022-11-16T14:44:17.144+0000] {processor.py:756} INFO - Processing file /home/airflow/.local/lib/python3.7/site-packages/airflow/example_dags/example_time_delta_sensor_async.py for tasks to queue
[2022-11-16T14:44:17.146+0000] {logging_mixin.py:137} INFO - [2022-11-16T14:44:17.146+0000] {dagbag.py:537} INFO - Filling up the DagBag from /home/airflow/.local/lib/python3.7/site-packages/airflow/example_dags/example_time_delta_sensor_async.py
[2022-11-16T14:44:17.165+0000] {processor.py:766} INFO - DAG(s) dict_keys(['example_time_delta_sensor_async']) retrieved from /home/airflow/.local/lib/python3.7/site-packages/airflow/example_dags/example_time_delta_sensor_async.py
[2022-11-16T14:44:17.591+0000] {logging_mixin.py:137} INFO - [2022-11-16T14:44:17.591+0000] {dag.py:2585} INFO - Sync 1 DAGs
[2022-11-16T14:44:17.636+0000] {logging_mixin.py:137} INFO - [2022-11-16T14:44:17.636+0000] {dag.py:3340} INFO - Setting next_dagrun for example_time_delta_sensor_async to None, run_after=None
[2022-11-16T14:44:17.668+0000] {processor.py:176} INFO - Processing /home/airflow/.local/lib/python3.7/site-packages/airflow/example_dags/example_time_delta_sensor_async.py took 0.531 seconds
[2022-11-16T14:44:47.798+0000] {processor.py:154} INFO - Started process (PID=6703) to work on /home/airflow/.local/lib/python3.7/site-packages/airflow/example_dags/example_time_delta_sensor_async.py
[2022-11-16T14:44:47.800+0000] {processor.py:756} INFO - Processing file /home/airflow/.local/lib/python3.7/site-packages/airflow/example_dags/example_time_delta_sensor_async.py for tasks to queue
[2022-11-16T14:44:47.801+0000] {logging_mixin.py:137} INFO - [2022-11-16T14:44:47.801+0000] {dagbag.py:537} INFO - Filling up the DagBag from /home/airflow/.local/lib/python3.7/site-packages/airflow/example_dags/example_time_delta_sensor_async.py
[2022-11-16T14:44:47.824+0000] {processor.py:766} INFO - DAG(s) dict_keys(['example_time_delta_sensor_async']) retrieved from /home/airflow/.local/lib/python3.7/site-packages/airflow/example_dags/example_time_delta_sensor_async.py
[2022-11-16T14:44:48.234+0000] {logging_mixin.py:137} INFO - [2022-11-16T14:44:48.234+0000] {dag.py:2585} INFO - Sync 1 DAGs
[2022-11-16T14:44:48.274+0000] {logging_mixin.py:137} INFO - [2022-11-16T14:44:48.273+0000] {dag.py:3340} INFO - Setting next_dagrun for example_time_delta_sensor_async to None, run_after=None
[2022-11-16T14:44:48.310+0000] {processor.py:176} INFO - Processing /home/airflow/.local/lib/python3.7/site-packages/airflow/example_dags/example_time_delta_sensor_async.py took 0.518 seconds
[2022-11-16T14:45:19.073+0000] {processor.py:154} INFO - Started process (PID=6900) to work on /home/airflow/.local/lib/python3.7/site-packages/airflow/example_dags/example_time_delta_sensor_async.py
[2022-11-16T14:45:19.074+0000] {processor.py:756} INFO - Processing file /home/airflow/.local/lib/python3.7/site-packages/airflow/example_dags/example_time_delta_sensor_async.py for tasks to queue
[2022-11-16T14:45:19.075+0000] {logging_mixin.py:137} INFO - [2022-11-16T14:45:19.075+0000] {dagbag.py:537} INFO - Filling up the DagBag from /home/airflow/.local/lib/python3.7/site-packages/airflow/example_dags/example_time_delta_sensor_async.py
[2022-11-16T14:45:19.093+0000] {processor.py:766} INFO - DAG(s) dict_keys(['example_time_delta_sensor_async']) retrieved from /home/airflow/.local/lib/python3.7/site-packages/airflow/example_dags/example_time_delta_sensor_async.py
[2022-11-16T14:45:19.474+0000] {logging_mixin.py:137} INFO - [2022-11-16T14:45:19.474+0000] {dag.py:2585} INFO - Sync 1 DAGs
[2022-11-16T14:45:19.508+0000] {logging_mixin.py:137} INFO - [2022-11-16T14:45:19.508+0000] {dag.py:3340} INFO - Setting next_dagrun for example_time_delta_sensor_async to None, run_after=None
[2022-11-16T14:45:19.539+0000] {processor.py:176} INFO - Processing /home/airflow/.local/lib/python3.7/site-packages/airflow/example_dags/example_time_delta_sensor_async.py took 0.471 seconds
