[2022-11-16T14:28:18.830+0000] {processor.py:154} INFO - Started process (PID=233) to work on /home/airflow/.local/lib/python3.7/site-packages/airflow/example_dags/example_nested_branch_dag.py
[2022-11-16T14:28:18.831+0000] {processor.py:756} INFO - Processing file /home/airflow/.local/lib/python3.7/site-packages/airflow/example_dags/example_nested_branch_dag.py for tasks to queue
[2022-11-16T14:28:18.832+0000] {logging_mixin.py:137} INFO - [2022-11-16T14:28:18.832+0000] {dagbag.py:537} INFO - Filling up the DagBag from /home/airflow/.local/lib/python3.7/site-packages/airflow/example_dags/example_nested_branch_dag.py
[2022-11-16T14:28:18.887+0000] {processor.py:766} INFO - DAG(s) dict_keys(['example_nested_branch_dag']) retrieved from /home/airflow/.local/lib/python3.7/site-packages/airflow/example_dags/example_nested_branch_dag.py
[2022-11-16T14:28:18.978+0000] {logging_mixin.py:137} INFO - [2022-11-16T14:28:18.978+0000] {dag.py:2585} INFO - Sync 1 DAGs
[2022-11-16T14:28:19.041+0000] {logging_mixin.py:137} INFO - [2022-11-16T14:28:19.040+0000] {dag.py:3340} INFO - Setting next_dagrun for example_nested_branch_dag to 2022-11-15T00:00:00+00:00, run_after=2022-11-16T00:00:00+00:00
[2022-11-16T14:28:19.078+0000] {processor.py:176} INFO - Processing /home/airflow/.local/lib/python3.7/site-packages/airflow/example_dags/example_nested_branch_dag.py took 0.252 seconds
[2022-11-16T14:28:50.078+0000] {processor.py:154} INFO - Started process (PID=438) to work on /home/airflow/.local/lib/python3.7/site-packages/airflow/example_dags/example_nested_branch_dag.py
[2022-11-16T14:28:50.082+0000] {processor.py:756} INFO - Processing file /home/airflow/.local/lib/python3.7/site-packages/airflow/example_dags/example_nested_branch_dag.py for tasks to queue
[2022-11-16T14:28:50.084+0000] {logging_mixin.py:137} INFO - [2022-11-16T14:28:50.084+0000] {dagbag.py:537} INFO - Filling up the DagBag from /home/airflow/.local/lib/python3.7/site-packages/airflow/example_dags/example_nested_branch_dag.py
[2022-11-16T14:28:50.161+0000] {processor.py:766} INFO - DAG(s) dict_keys(['example_nested_branch_dag']) retrieved from /home/airflow/.local/lib/python3.7/site-packages/airflow/example_dags/example_nested_branch_dag.py
[2022-11-16T14:28:50.300+0000] {logging_mixin.py:137} INFO - [2022-11-16T14:28:50.300+0000] {dag.py:2585} INFO - Sync 1 DAGs
[2022-11-16T14:28:50.412+0000] {logging_mixin.py:137} INFO - [2022-11-16T14:28:50.412+0000] {dag.py:3340} INFO - Setting next_dagrun for example_nested_branch_dag to 2022-11-15T00:00:00+00:00, run_after=2022-11-16T00:00:00+00:00
[2022-11-16T14:28:50.474+0000] {processor.py:176} INFO - Processing /home/airflow/.local/lib/python3.7/site-packages/airflow/example_dags/example_nested_branch_dag.py took 0.403 seconds
[2022-11-16T14:29:21.723+0000] {processor.py:154} INFO - Started process (PID=641) to work on /home/airflow/.local/lib/python3.7/site-packages/airflow/example_dags/example_nested_branch_dag.py
[2022-11-16T14:29:21.724+0000] {processor.py:756} INFO - Processing file /home/airflow/.local/lib/python3.7/site-packages/airflow/example_dags/example_nested_branch_dag.py for tasks to queue
[2022-11-16T14:29:21.725+0000] {logging_mixin.py:137} INFO - [2022-11-16T14:29:21.725+0000] {dagbag.py:537} INFO - Filling up the DagBag from /home/airflow/.local/lib/python3.7/site-packages/airflow/example_dags/example_nested_branch_dag.py
[2022-11-16T14:29:21.764+0000] {processor.py:766} INFO - DAG(s) dict_keys(['example_nested_branch_dag']) retrieved from /home/airflow/.local/lib/python3.7/site-packages/airflow/example_dags/example_nested_branch_dag.py
[2022-11-16T14:29:21.825+0000] {logging_mixin.py:137} INFO - [2022-11-16T14:29:21.825+0000] {dag.py:2585} INFO - Sync 1 DAGs
[2022-11-16T14:29:21.870+0000] {logging_mixin.py:137} INFO - [2022-11-16T14:29:21.870+0000] {dag.py:3340} INFO - Setting next_dagrun for example_nested_branch_dag to 2022-11-15T00:00:00+00:00, run_after=2022-11-16T00:00:00+00:00
[2022-11-16T14:29:21.907+0000] {processor.py:176} INFO - Processing /home/airflow/.local/lib/python3.7/site-packages/airflow/example_dags/example_nested_branch_dag.py took 0.188 seconds
[2022-11-16T14:29:52.280+0000] {processor.py:154} INFO - Started process (PID=837) to work on /home/airflow/.local/lib/python3.7/site-packages/airflow/example_dags/example_nested_branch_dag.py
[2022-11-16T14:29:52.281+0000] {processor.py:756} INFO - Processing file /home/airflow/.local/lib/python3.7/site-packages/airflow/example_dags/example_nested_branch_dag.py for tasks to queue
[2022-11-16T14:29:52.282+0000] {logging_mixin.py:137} INFO - [2022-11-16T14:29:52.281+0000] {dagbag.py:537} INFO - Filling up the DagBag from /home/airflow/.local/lib/python3.7/site-packages/airflow/example_dags/example_nested_branch_dag.py
[2022-11-16T14:29:52.316+0000] {processor.py:766} INFO - DAG(s) dict_keys(['example_nested_branch_dag']) retrieved from /home/airflow/.local/lib/python3.7/site-packages/airflow/example_dags/example_nested_branch_dag.py
[2022-11-16T14:29:52.395+0000] {logging_mixin.py:137} INFO - [2022-11-16T14:29:52.395+0000] {dag.py:2585} INFO - Sync 1 DAGs
[2022-11-16T14:29:52.444+0000] {logging_mixin.py:137} INFO - [2022-11-16T14:29:52.444+0000] {dag.py:3340} INFO - Setting next_dagrun for example_nested_branch_dag to 2022-11-15T00:00:00+00:00, run_after=2022-11-16T00:00:00+00:00
[2022-11-16T14:29:52.474+0000] {processor.py:176} INFO - Processing /home/airflow/.local/lib/python3.7/site-packages/airflow/example_dags/example_nested_branch_dag.py took 0.197 seconds
[2022-11-16T14:30:23.821+0000] {processor.py:154} INFO - Started process (PID=1043) to work on /home/airflow/.local/lib/python3.7/site-packages/airflow/example_dags/example_nested_branch_dag.py
[2022-11-16T14:30:23.827+0000] {processor.py:756} INFO - Processing file /home/airflow/.local/lib/python3.7/site-packages/airflow/example_dags/example_nested_branch_dag.py for tasks to queue
[2022-11-16T14:30:23.844+0000] {logging_mixin.py:137} INFO - [2022-11-16T14:30:23.829+0000] {dagbag.py:537} INFO - Filling up the DagBag from /home/airflow/.local/lib/python3.7/site-packages/airflow/example_dags/example_nested_branch_dag.py
[2022-11-16T14:30:23.904+0000] {processor.py:766} INFO - DAG(s) dict_keys(['example_nested_branch_dag']) retrieved from /home/airflow/.local/lib/python3.7/site-packages/airflow/example_dags/example_nested_branch_dag.py
[2022-11-16T14:30:24.021+0000] {logging_mixin.py:137} INFO - [2022-11-16T14:30:24.020+0000] {dag.py:2585} INFO - Sync 1 DAGs
[2022-11-16T14:30:24.111+0000] {logging_mixin.py:137} INFO - [2022-11-16T14:30:24.110+0000] {dag.py:3340} INFO - Setting next_dagrun for example_nested_branch_dag to 2022-11-15T00:00:00+00:00, run_after=2022-11-16T00:00:00+00:00
[2022-11-16T14:30:24.155+0000] {processor.py:176} INFO - Processing /home/airflow/.local/lib/python3.7/site-packages/airflow/example_dags/example_nested_branch_dag.py took 0.353 seconds
[2022-11-16T14:30:54.334+0000] {processor.py:154} INFO - Started process (PID=1242) to work on /home/airflow/.local/lib/python3.7/site-packages/airflow/example_dags/example_nested_branch_dag.py
[2022-11-16T14:30:54.335+0000] {processor.py:756} INFO - Processing file /home/airflow/.local/lib/python3.7/site-packages/airflow/example_dags/example_nested_branch_dag.py for tasks to queue
[2022-11-16T14:30:54.336+0000] {logging_mixin.py:137} INFO - [2022-11-16T14:30:54.336+0000] {dagbag.py:537} INFO - Filling up the DagBag from /home/airflow/.local/lib/python3.7/site-packages/airflow/example_dags/example_nested_branch_dag.py
[2022-11-16T14:30:54.368+0000] {processor.py:766} INFO - DAG(s) dict_keys(['example_nested_branch_dag']) retrieved from /home/airflow/.local/lib/python3.7/site-packages/airflow/example_dags/example_nested_branch_dag.py
[2022-11-16T14:30:54.417+0000] {logging_mixin.py:137} INFO - [2022-11-16T14:30:54.417+0000] {dag.py:2585} INFO - Sync 1 DAGs
[2022-11-16T14:30:54.455+0000] {logging_mixin.py:137} INFO - [2022-11-16T14:30:54.455+0000] {dag.py:3340} INFO - Setting next_dagrun for example_nested_branch_dag to 2022-11-15T00:00:00+00:00, run_after=2022-11-16T00:00:00+00:00
[2022-11-16T14:30:54.488+0000] {processor.py:176} INFO - Processing /home/airflow/.local/lib/python3.7/site-packages/airflow/example_dags/example_nested_branch_dag.py took 0.157 seconds
[2022-11-16T14:31:24.945+0000] {processor.py:154} INFO - Started process (PID=1446) to work on /home/airflow/.local/lib/python3.7/site-packages/airflow/example_dags/example_nested_branch_dag.py
[2022-11-16T14:31:24.947+0000] {processor.py:756} INFO - Processing file /home/airflow/.local/lib/python3.7/site-packages/airflow/example_dags/example_nested_branch_dag.py for tasks to queue
[2022-11-16T14:31:24.948+0000] {logging_mixin.py:137} INFO - [2022-11-16T14:31:24.948+0000] {dagbag.py:537} INFO - Filling up the DagBag from /home/airflow/.local/lib/python3.7/site-packages/airflow/example_dags/example_nested_branch_dag.py
[2022-11-16T14:31:24.997+0000] {processor.py:766} INFO - DAG(s) dict_keys(['example_nested_branch_dag']) retrieved from /home/airflow/.local/lib/python3.7/site-packages/airflow/example_dags/example_nested_branch_dag.py
[2022-11-16T14:31:25.069+0000] {logging_mixin.py:137} INFO - [2022-11-16T14:31:25.069+0000] {dag.py:2585} INFO - Sync 1 DAGs
[2022-11-16T14:31:25.128+0000] {logging_mixin.py:137} INFO - [2022-11-16T14:31:25.128+0000] {dag.py:3340} INFO - Setting next_dagrun for example_nested_branch_dag to 2022-11-15T00:00:00+00:00, run_after=2022-11-16T00:00:00+00:00
[2022-11-16T14:31:25.165+0000] {processor.py:176} INFO - Processing /home/airflow/.local/lib/python3.7/site-packages/airflow/example_dags/example_nested_branch_dag.py took 0.225 seconds
[2022-11-16T14:31:56.567+0000] {processor.py:154} INFO - Started process (PID=1644) to work on /home/airflow/.local/lib/python3.7/site-packages/airflow/example_dags/example_nested_branch_dag.py
[2022-11-16T14:31:56.570+0000] {processor.py:756} INFO - Processing file /home/airflow/.local/lib/python3.7/site-packages/airflow/example_dags/example_nested_branch_dag.py for tasks to queue
[2022-11-16T14:31:56.571+0000] {logging_mixin.py:137} INFO - [2022-11-16T14:31:56.571+0000] {dagbag.py:537} INFO - Filling up the DagBag from /home/airflow/.local/lib/python3.7/site-packages/airflow/example_dags/example_nested_branch_dag.py
[2022-11-16T14:31:56.638+0000] {processor.py:766} INFO - DAG(s) dict_keys(['example_nested_branch_dag']) retrieved from /home/airflow/.local/lib/python3.7/site-packages/airflow/example_dags/example_nested_branch_dag.py
[2022-11-16T14:31:56.754+0000] {logging_mixin.py:137} INFO - [2022-11-16T14:31:56.753+0000] {dag.py:2585} INFO - Sync 1 DAGs
[2022-11-16T14:31:56.837+0000] {logging_mixin.py:137} INFO - [2022-11-16T14:31:56.837+0000] {dag.py:3340} INFO - Setting next_dagrun for example_nested_branch_dag to 2022-11-15T00:00:00+00:00, run_after=2022-11-16T00:00:00+00:00
[2022-11-16T14:31:56.904+0000] {processor.py:176} INFO - Processing /home/airflow/.local/lib/python3.7/site-packages/airflow/example_dags/example_nested_branch_dag.py took 0.344 seconds
[2022-11-16T14:32:27.683+0000] {processor.py:154} INFO - Started process (PID=1850) to work on /home/airflow/.local/lib/python3.7/site-packages/airflow/example_dags/example_nested_branch_dag.py
[2022-11-16T14:32:27.684+0000] {processor.py:756} INFO - Processing file /home/airflow/.local/lib/python3.7/site-packages/airflow/example_dags/example_nested_branch_dag.py for tasks to queue
[2022-11-16T14:32:27.685+0000] {logging_mixin.py:137} INFO - [2022-11-16T14:32:27.685+0000] {dagbag.py:537} INFO - Filling up the DagBag from /home/airflow/.local/lib/python3.7/site-packages/airflow/example_dags/example_nested_branch_dag.py
[2022-11-16T14:32:27.751+0000] {processor.py:766} INFO - DAG(s) dict_keys(['example_nested_branch_dag']) retrieved from /home/airflow/.local/lib/python3.7/site-packages/airflow/example_dags/example_nested_branch_dag.py
[2022-11-16T14:32:27.848+0000] {logging_mixin.py:137} INFO - [2022-11-16T14:32:27.847+0000] {dag.py:2585} INFO - Sync 1 DAGs
[2022-11-16T14:32:27.911+0000] {logging_mixin.py:137} INFO - [2022-11-16T14:32:27.911+0000] {dag.py:3340} INFO - Setting next_dagrun for example_nested_branch_dag to 2022-11-15T00:00:00+00:00, run_after=2022-11-16T00:00:00+00:00
[2022-11-16T14:32:27.959+0000] {processor.py:176} INFO - Processing /home/airflow/.local/lib/python3.7/site-packages/airflow/example_dags/example_nested_branch_dag.py took 0.283 seconds
[2022-11-16T14:32:58.202+0000] {processor.py:154} INFO - Started process (PID=2047) to work on /home/airflow/.local/lib/python3.7/site-packages/airflow/example_dags/example_nested_branch_dag.py
[2022-11-16T14:32:58.204+0000] {processor.py:756} INFO - Processing file /home/airflow/.local/lib/python3.7/site-packages/airflow/example_dags/example_nested_branch_dag.py for tasks to queue
[2022-11-16T14:32:58.205+0000] {logging_mixin.py:137} INFO - [2022-11-16T14:32:58.205+0000] {dagbag.py:537} INFO - Filling up the DagBag from /home/airflow/.local/lib/python3.7/site-packages/airflow/example_dags/example_nested_branch_dag.py
[2022-11-16T14:32:58.271+0000] {processor.py:766} INFO - DAG(s) dict_keys(['example_nested_branch_dag']) retrieved from /home/airflow/.local/lib/python3.7/site-packages/airflow/example_dags/example_nested_branch_dag.py
[2022-11-16T14:32:58.375+0000] {logging_mixin.py:137} INFO - [2022-11-16T14:32:58.374+0000] {dag.py:2585} INFO - Sync 1 DAGs
[2022-11-16T14:32:58.443+0000] {logging_mixin.py:137} INFO - [2022-11-16T14:32:58.443+0000] {dag.py:3340} INFO - Setting next_dagrun for example_nested_branch_dag to 2022-11-15T00:00:00+00:00, run_after=2022-11-16T00:00:00+00:00
[2022-11-16T14:32:58.496+0000] {processor.py:176} INFO - Processing /home/airflow/.local/lib/python3.7/site-packages/airflow/example_dags/example_nested_branch_dag.py took 0.300 seconds
[2022-11-16T14:33:28.969+0000] {processor.py:154} INFO - Started process (PID=2245) to work on /home/airflow/.local/lib/python3.7/site-packages/airflow/example_dags/example_nested_branch_dag.py
[2022-11-16T14:33:28.971+0000] {processor.py:756} INFO - Processing file /home/airflow/.local/lib/python3.7/site-packages/airflow/example_dags/example_nested_branch_dag.py for tasks to queue
[2022-11-16T14:33:28.972+0000] {logging_mixin.py:137} INFO - [2022-11-16T14:33:28.972+0000] {dagbag.py:537} INFO - Filling up the DagBag from /home/airflow/.local/lib/python3.7/site-packages/airflow/example_dags/example_nested_branch_dag.py
[2022-11-16T14:33:29.033+0000] {processor.py:766} INFO - DAG(s) dict_keys(['example_nested_branch_dag']) retrieved from /home/airflow/.local/lib/python3.7/site-packages/airflow/example_dags/example_nested_branch_dag.py
[2022-11-16T14:33:29.103+0000] {logging_mixin.py:137} INFO - [2022-11-16T14:33:29.102+0000] {dag.py:2585} INFO - Sync 1 DAGs
[2022-11-16T14:33:29.148+0000] {logging_mixin.py:137} INFO - [2022-11-16T14:33:29.148+0000] {dag.py:3340} INFO - Setting next_dagrun for example_nested_branch_dag to 2022-11-15T00:00:00+00:00, run_after=2022-11-16T00:00:00+00:00
[2022-11-16T14:33:29.185+0000] {processor.py:176} INFO - Processing /home/airflow/.local/lib/python3.7/site-packages/airflow/example_dags/example_nested_branch_dag.py took 0.222 seconds
[2022-11-16T14:34:00.131+0000] {processor.py:154} INFO - Started process (PID=2451) to work on /home/airflow/.local/lib/python3.7/site-packages/airflow/example_dags/example_nested_branch_dag.py
[2022-11-16T14:34:00.132+0000] {processor.py:756} INFO - Processing file /home/airflow/.local/lib/python3.7/site-packages/airflow/example_dags/example_nested_branch_dag.py for tasks to queue
[2022-11-16T14:34:00.133+0000] {logging_mixin.py:137} INFO - [2022-11-16T14:34:00.133+0000] {dagbag.py:537} INFO - Filling up the DagBag from /home/airflow/.local/lib/python3.7/site-packages/airflow/example_dags/example_nested_branch_dag.py
[2022-11-16T14:34:00.177+0000] {processor.py:766} INFO - DAG(s) dict_keys(['example_nested_branch_dag']) retrieved from /home/airflow/.local/lib/python3.7/site-packages/airflow/example_dags/example_nested_branch_dag.py
[2022-11-16T14:34:00.244+0000] {logging_mixin.py:137} INFO - [2022-11-16T14:34:00.244+0000] {dag.py:2585} INFO - Sync 1 DAGs
[2022-11-16T14:34:00.283+0000] {logging_mixin.py:137} INFO - [2022-11-16T14:34:00.283+0000] {dag.py:3340} INFO - Setting next_dagrun for example_nested_branch_dag to 2022-11-15T00:00:00+00:00, run_after=2022-11-16T00:00:00+00:00
[2022-11-16T14:34:00.311+0000] {processor.py:176} INFO - Processing /home/airflow/.local/lib/python3.7/site-packages/airflow/example_dags/example_nested_branch_dag.py took 0.185 seconds
[2022-11-16T14:34:31.082+0000] {processor.py:154} INFO - Started process (PID=2667) to work on /home/airflow/.local/lib/python3.7/site-packages/airflow/example_dags/example_nested_branch_dag.py
[2022-11-16T14:34:31.083+0000] {processor.py:756} INFO - Processing file /home/airflow/.local/lib/python3.7/site-packages/airflow/example_dags/example_nested_branch_dag.py for tasks to queue
[2022-11-16T14:34:31.084+0000] {logging_mixin.py:137} INFO - [2022-11-16T14:34:31.084+0000] {dagbag.py:537} INFO - Filling up the DagBag from /home/airflow/.local/lib/python3.7/site-packages/airflow/example_dags/example_nested_branch_dag.py
[2022-11-16T14:34:31.129+0000] {processor.py:766} INFO - DAG(s) dict_keys(['example_nested_branch_dag']) retrieved from /home/airflow/.local/lib/python3.7/site-packages/airflow/example_dags/example_nested_branch_dag.py
[2022-11-16T14:34:31.242+0000] {logging_mixin.py:137} INFO - [2022-11-16T14:34:31.242+0000] {dag.py:2585} INFO - Sync 1 DAGs
[2022-11-16T14:34:31.323+0000] {logging_mixin.py:137} INFO - [2022-11-16T14:34:31.323+0000] {dag.py:3340} INFO - Setting next_dagrun for example_nested_branch_dag to 2022-11-15T00:00:00+00:00, run_after=2022-11-16T00:00:00+00:00
[2022-11-16T14:34:31.364+0000] {processor.py:176} INFO - Processing /home/airflow/.local/lib/python3.7/site-packages/airflow/example_dags/example_nested_branch_dag.py took 0.286 seconds
[2022-11-16T14:35:02.420+0000] {processor.py:154} INFO - Started process (PID=2871) to work on /home/airflow/.local/lib/python3.7/site-packages/airflow/example_dags/example_nested_branch_dag.py
[2022-11-16T14:35:02.421+0000] {processor.py:756} INFO - Processing file /home/airflow/.local/lib/python3.7/site-packages/airflow/example_dags/example_nested_branch_dag.py for tasks to queue
[2022-11-16T14:35:02.429+0000] {logging_mixin.py:137} INFO - [2022-11-16T14:35:02.429+0000] {dagbag.py:537} INFO - Filling up the DagBag from /home/airflow/.local/lib/python3.7/site-packages/airflow/example_dags/example_nested_branch_dag.py
[2022-11-16T14:35:02.491+0000] {processor.py:766} INFO - DAG(s) dict_keys(['example_nested_branch_dag']) retrieved from /home/airflow/.local/lib/python3.7/site-packages/airflow/example_dags/example_nested_branch_dag.py
[2022-11-16T14:35:02.614+0000] {logging_mixin.py:137} INFO - [2022-11-16T14:35:02.613+0000] {dag.py:2585} INFO - Sync 1 DAGs
[2022-11-16T14:35:02.687+0000] {logging_mixin.py:137} INFO - [2022-11-16T14:35:02.687+0000] {dag.py:3340} INFO - Setting next_dagrun for example_nested_branch_dag to 2022-11-15T00:00:00+00:00, run_after=2022-11-16T00:00:00+00:00
[2022-11-16T14:35:02.742+0000] {processor.py:176} INFO - Processing /home/airflow/.local/lib/python3.7/site-packages/airflow/example_dags/example_nested_branch_dag.py took 0.328 seconds
[2022-11-16T14:35:33.397+0000] {processor.py:154} INFO - Started process (PID=3071) to work on /home/airflow/.local/lib/python3.7/site-packages/airflow/example_dags/example_nested_branch_dag.py
[2022-11-16T14:35:33.398+0000] {processor.py:756} INFO - Processing file /home/airflow/.local/lib/python3.7/site-packages/airflow/example_dags/example_nested_branch_dag.py for tasks to queue
[2022-11-16T14:35:33.399+0000] {logging_mixin.py:137} INFO - [2022-11-16T14:35:33.399+0000] {dagbag.py:537} INFO - Filling up the DagBag from /home/airflow/.local/lib/python3.7/site-packages/airflow/example_dags/example_nested_branch_dag.py
[2022-11-16T14:35:33.436+0000] {processor.py:766} INFO - DAG(s) dict_keys(['example_nested_branch_dag']) retrieved from /home/airflow/.local/lib/python3.7/site-packages/airflow/example_dags/example_nested_branch_dag.py
[2022-11-16T14:35:33.499+0000] {logging_mixin.py:137} INFO - [2022-11-16T14:35:33.499+0000] {dag.py:2585} INFO - Sync 1 DAGs
[2022-11-16T14:35:33.542+0000] {logging_mixin.py:137} INFO - [2022-11-16T14:35:33.542+0000] {dag.py:3340} INFO - Setting next_dagrun for example_nested_branch_dag to 2022-11-15T00:00:00+00:00, run_after=2022-11-16T00:00:00+00:00
[2022-11-16T14:35:33.573+0000] {processor.py:176} INFO - Processing /home/airflow/.local/lib/python3.7/site-packages/airflow/example_dags/example_nested_branch_dag.py took 0.180 seconds
[2022-11-16T14:36:04.886+0000] {processor.py:154} INFO - Started process (PID=3268) to work on /home/airflow/.local/lib/python3.7/site-packages/airflow/example_dags/example_nested_branch_dag.py
[2022-11-16T14:36:04.888+0000] {processor.py:756} INFO - Processing file /home/airflow/.local/lib/python3.7/site-packages/airflow/example_dags/example_nested_branch_dag.py for tasks to queue
[2022-11-16T14:36:04.889+0000] {logging_mixin.py:137} INFO - [2022-11-16T14:36:04.889+0000] {dagbag.py:537} INFO - Filling up the DagBag from /home/airflow/.local/lib/python3.7/site-packages/airflow/example_dags/example_nested_branch_dag.py
[2022-11-16T14:36:04.928+0000] {processor.py:766} INFO - DAG(s) dict_keys(['example_nested_branch_dag']) retrieved from /home/airflow/.local/lib/python3.7/site-packages/airflow/example_dags/example_nested_branch_dag.py
[2022-11-16T14:36:04.996+0000] {logging_mixin.py:137} INFO - [2022-11-16T14:36:04.996+0000] {dag.py:2585} INFO - Sync 1 DAGs
[2022-11-16T14:36:05.044+0000] {logging_mixin.py:137} INFO - [2022-11-16T14:36:05.044+0000] {dag.py:3340} INFO - Setting next_dagrun for example_nested_branch_dag to 2022-11-15T00:00:00+00:00, run_after=2022-11-16T00:00:00+00:00
[2022-11-16T14:36:05.076+0000] {processor.py:176} INFO - Processing /home/airflow/.local/lib/python3.7/site-packages/airflow/example_dags/example_nested_branch_dag.py took 0.194 seconds
[2022-11-16T14:36:35.622+0000] {processor.py:154} INFO - Started process (PID=3472) to work on /home/airflow/.local/lib/python3.7/site-packages/airflow/example_dags/example_nested_branch_dag.py
[2022-11-16T14:36:35.624+0000] {processor.py:756} INFO - Processing file /home/airflow/.local/lib/python3.7/site-packages/airflow/example_dags/example_nested_branch_dag.py for tasks to queue
[2022-11-16T14:36:35.624+0000] {logging_mixin.py:137} INFO - [2022-11-16T14:36:35.624+0000] {dagbag.py:537} INFO - Filling up the DagBag from /home/airflow/.local/lib/python3.7/site-packages/airflow/example_dags/example_nested_branch_dag.py
[2022-11-16T14:36:35.669+0000] {processor.py:766} INFO - DAG(s) dict_keys(['example_nested_branch_dag']) retrieved from /home/airflow/.local/lib/python3.7/site-packages/airflow/example_dags/example_nested_branch_dag.py
[2022-11-16T14:36:35.731+0000] {logging_mixin.py:137} INFO - [2022-11-16T14:36:35.731+0000] {dag.py:2585} INFO - Sync 1 DAGs
[2022-11-16T14:36:35.781+0000] {logging_mixin.py:137} INFO - [2022-11-16T14:36:35.781+0000] {dag.py:3340} INFO - Setting next_dagrun for example_nested_branch_dag to 2022-11-15T00:00:00+00:00, run_after=2022-11-16T00:00:00+00:00
[2022-11-16T14:36:35.813+0000] {processor.py:176} INFO - Processing /home/airflow/.local/lib/python3.7/site-packages/airflow/example_dags/example_nested_branch_dag.py took 0.195 seconds
[2022-11-16T14:37:06.413+0000] {processor.py:154} INFO - Started process (PID=3669) to work on /home/airflow/.local/lib/python3.7/site-packages/airflow/example_dags/example_nested_branch_dag.py
[2022-11-16T14:37:06.414+0000] {processor.py:756} INFO - Processing file /home/airflow/.local/lib/python3.7/site-packages/airflow/example_dags/example_nested_branch_dag.py for tasks to queue
[2022-11-16T14:37:06.415+0000] {logging_mixin.py:137} INFO - [2022-11-16T14:37:06.414+0000] {dagbag.py:537} INFO - Filling up the DagBag from /home/airflow/.local/lib/python3.7/site-packages/airflow/example_dags/example_nested_branch_dag.py
[2022-11-16T14:37:06.466+0000] {processor.py:766} INFO - DAG(s) dict_keys(['example_nested_branch_dag']) retrieved from /home/airflow/.local/lib/python3.7/site-packages/airflow/example_dags/example_nested_branch_dag.py
[2022-11-16T14:37:06.540+0000] {logging_mixin.py:137} INFO - [2022-11-16T14:37:06.540+0000] {dag.py:2585} INFO - Sync 1 DAGs
[2022-11-16T14:37:06.594+0000] {logging_mixin.py:137} INFO - [2022-11-16T14:37:06.594+0000] {dag.py:3340} INFO - Setting next_dagrun for example_nested_branch_dag to 2022-11-15T00:00:00+00:00, run_after=2022-11-16T00:00:00+00:00
[2022-11-16T14:37:06.639+0000] {processor.py:176} INFO - Processing /home/airflow/.local/lib/python3.7/site-packages/airflow/example_dags/example_nested_branch_dag.py took 0.230 seconds
[2022-11-16T14:37:37.720+0000] {processor.py:154} INFO - Started process (PID=3877) to work on /home/airflow/.local/lib/python3.7/site-packages/airflow/example_dags/example_nested_branch_dag.py
[2022-11-16T14:37:37.721+0000] {processor.py:756} INFO - Processing file /home/airflow/.local/lib/python3.7/site-packages/airflow/example_dags/example_nested_branch_dag.py for tasks to queue
[2022-11-16T14:37:37.726+0000] {logging_mixin.py:137} INFO - [2022-11-16T14:37:37.725+0000] {dagbag.py:537} INFO - Filling up the DagBag from /home/airflow/.local/lib/python3.7/site-packages/airflow/example_dags/example_nested_branch_dag.py
[2022-11-16T14:37:37.803+0000] {processor.py:766} INFO - DAG(s) dict_keys(['example_nested_branch_dag']) retrieved from /home/airflow/.local/lib/python3.7/site-packages/airflow/example_dags/example_nested_branch_dag.py
[2022-11-16T14:37:37.902+0000] {logging_mixin.py:137} INFO - [2022-11-16T14:37:37.901+0000] {dag.py:2585} INFO - Sync 1 DAGs
[2022-11-16T14:37:37.991+0000] {logging_mixin.py:137} INFO - [2022-11-16T14:37:37.991+0000] {dag.py:3340} INFO - Setting next_dagrun for example_nested_branch_dag to 2022-11-15T00:00:00+00:00, run_after=2022-11-16T00:00:00+00:00
[2022-11-16T14:37:38.129+0000] {processor.py:176} INFO - Processing /home/airflow/.local/lib/python3.7/site-packages/airflow/example_dags/example_nested_branch_dag.py took 0.419 seconds
[2022-11-16T14:38:08.220+0000] {processor.py:154} INFO - Started process (PID=4075) to work on /home/airflow/.local/lib/python3.7/site-packages/airflow/example_dags/example_nested_branch_dag.py
[2022-11-16T14:38:08.221+0000] {processor.py:756} INFO - Processing file /home/airflow/.local/lib/python3.7/site-packages/airflow/example_dags/example_nested_branch_dag.py for tasks to queue
[2022-11-16T14:38:08.222+0000] {logging_mixin.py:137} INFO - [2022-11-16T14:38:08.222+0000] {dagbag.py:537} INFO - Filling up the DagBag from /home/airflow/.local/lib/python3.7/site-packages/airflow/example_dags/example_nested_branch_dag.py
[2022-11-16T14:38:08.264+0000] {processor.py:766} INFO - DAG(s) dict_keys(['example_nested_branch_dag']) retrieved from /home/airflow/.local/lib/python3.7/site-packages/airflow/example_dags/example_nested_branch_dag.py
[2022-11-16T14:38:08.319+0000] {logging_mixin.py:137} INFO - [2022-11-16T14:38:08.319+0000] {dag.py:2585} INFO - Sync 1 DAGs
[2022-11-16T14:38:08.362+0000] {logging_mixin.py:137} INFO - [2022-11-16T14:38:08.362+0000] {dag.py:3340} INFO - Setting next_dagrun for example_nested_branch_dag to 2022-11-15T00:00:00+00:00, run_after=2022-11-16T00:00:00+00:00
[2022-11-16T14:38:08.395+0000] {processor.py:176} INFO - Processing /home/airflow/.local/lib/python3.7/site-packages/airflow/example_dags/example_nested_branch_dag.py took 0.180 seconds
[2022-11-16T14:38:39.315+0000] {processor.py:154} INFO - Started process (PID=4272) to work on /home/airflow/.local/lib/python3.7/site-packages/airflow/example_dags/example_nested_branch_dag.py
[2022-11-16T14:38:39.316+0000] {processor.py:756} INFO - Processing file /home/airflow/.local/lib/python3.7/site-packages/airflow/example_dags/example_nested_branch_dag.py for tasks to queue
[2022-11-16T14:38:39.316+0000] {logging_mixin.py:137} INFO - [2022-11-16T14:38:39.316+0000] {dagbag.py:537} INFO - Filling up the DagBag from /home/airflow/.local/lib/python3.7/site-packages/airflow/example_dags/example_nested_branch_dag.py
[2022-11-16T14:38:39.357+0000] {processor.py:766} INFO - DAG(s) dict_keys(['example_nested_branch_dag']) retrieved from /home/airflow/.local/lib/python3.7/site-packages/airflow/example_dags/example_nested_branch_dag.py
[2022-11-16T14:38:39.431+0000] {logging_mixin.py:137} INFO - [2022-11-16T14:38:39.430+0000] {dag.py:2585} INFO - Sync 1 DAGs
[2022-11-16T14:38:39.482+0000] {logging_mixin.py:137} INFO - [2022-11-16T14:38:39.482+0000] {dag.py:3340} INFO - Setting next_dagrun for example_nested_branch_dag to 2022-11-15T00:00:00+00:00, run_after=2022-11-16T00:00:00+00:00
[2022-11-16T14:38:39.522+0000] {processor.py:176} INFO - Processing /home/airflow/.local/lib/python3.7/site-packages/airflow/example_dags/example_nested_branch_dag.py took 0.211 seconds
[2022-11-16T14:39:10.159+0000] {processor.py:154} INFO - Started process (PID=4479) to work on /home/airflow/.local/lib/python3.7/site-packages/airflow/example_dags/example_nested_branch_dag.py
[2022-11-16T14:39:10.160+0000] {processor.py:756} INFO - Processing file /home/airflow/.local/lib/python3.7/site-packages/airflow/example_dags/example_nested_branch_dag.py for tasks to queue
[2022-11-16T14:39:10.160+0000] {logging_mixin.py:137} INFO - [2022-11-16T14:39:10.160+0000] {dagbag.py:537} INFO - Filling up the DagBag from /home/airflow/.local/lib/python3.7/site-packages/airflow/example_dags/example_nested_branch_dag.py
[2022-11-16T14:39:10.205+0000] {processor.py:766} INFO - DAG(s) dict_keys(['example_nested_branch_dag']) retrieved from /home/airflow/.local/lib/python3.7/site-packages/airflow/example_dags/example_nested_branch_dag.py
[2022-11-16T14:39:10.275+0000] {logging_mixin.py:137} INFO - [2022-11-16T14:39:10.274+0000] {dag.py:2585} INFO - Sync 1 DAGs
[2022-11-16T14:39:10.338+0000] {logging_mixin.py:137} INFO - [2022-11-16T14:39:10.338+0000] {dag.py:3340} INFO - Setting next_dagrun for example_nested_branch_dag to 2022-11-15T00:00:00+00:00, run_after=2022-11-16T00:00:00+00:00
[2022-11-16T14:39:10.374+0000] {processor.py:176} INFO - Processing /home/airflow/.local/lib/python3.7/site-packages/airflow/example_dags/example_nested_branch_dag.py took 0.220 seconds
[2022-11-16T14:39:40.459+0000] {processor.py:154} INFO - Started process (PID=4678) to work on /home/airflow/.local/lib/python3.7/site-packages/airflow/example_dags/example_nested_branch_dag.py
[2022-11-16T14:39:40.459+0000] {processor.py:756} INFO - Processing file /home/airflow/.local/lib/python3.7/site-packages/airflow/example_dags/example_nested_branch_dag.py for tasks to queue
[2022-11-16T14:39:40.460+0000] {logging_mixin.py:137} INFO - [2022-11-16T14:39:40.460+0000] {dagbag.py:537} INFO - Filling up the DagBag from /home/airflow/.local/lib/python3.7/site-packages/airflow/example_dags/example_nested_branch_dag.py
[2022-11-16T14:39:40.502+0000] {processor.py:766} INFO - DAG(s) dict_keys(['example_nested_branch_dag']) retrieved from /home/airflow/.local/lib/python3.7/site-packages/airflow/example_dags/example_nested_branch_dag.py
[2022-11-16T14:39:40.572+0000] {logging_mixin.py:137} INFO - [2022-11-16T14:39:40.572+0000] {dag.py:2585} INFO - Sync 1 DAGs
[2022-11-16T14:39:40.619+0000] {logging_mixin.py:137} INFO - [2022-11-16T14:39:40.619+0000] {dag.py:3340} INFO - Setting next_dagrun for example_nested_branch_dag to 2022-11-15T00:00:00+00:00, run_after=2022-11-16T00:00:00+00:00
[2022-11-16T14:39:40.651+0000] {processor.py:176} INFO - Processing /home/airflow/.local/lib/python3.7/site-packages/airflow/example_dags/example_nested_branch_dag.py took 0.199 seconds
[2022-11-16T14:40:11.021+0000] {processor.py:154} INFO - Started process (PID=4878) to work on /home/airflow/.local/lib/python3.7/site-packages/airflow/example_dags/example_nested_branch_dag.py
[2022-11-16T14:40:11.022+0000] {processor.py:756} INFO - Processing file /home/airflow/.local/lib/python3.7/site-packages/airflow/example_dags/example_nested_branch_dag.py for tasks to queue
[2022-11-16T14:40:11.024+0000] {logging_mixin.py:137} INFO - [2022-11-16T14:40:11.024+0000] {dagbag.py:537} INFO - Filling up the DagBag from /home/airflow/.local/lib/python3.7/site-packages/airflow/example_dags/example_nested_branch_dag.py
[2022-11-16T14:40:11.103+0000] {processor.py:766} INFO - DAG(s) dict_keys(['example_nested_branch_dag']) retrieved from /home/airflow/.local/lib/python3.7/site-packages/airflow/example_dags/example_nested_branch_dag.py
[2022-11-16T14:40:11.258+0000] {logging_mixin.py:137} INFO - [2022-11-16T14:40:11.257+0000] {dag.py:2585} INFO - Sync 1 DAGs
[2022-11-16T14:40:11.328+0000] {logging_mixin.py:137} INFO - [2022-11-16T14:40:11.327+0000] {dag.py:3340} INFO - Setting next_dagrun for example_nested_branch_dag to 2022-11-15T00:00:00+00:00, run_after=2022-11-16T00:00:00+00:00
[2022-11-16T14:40:11.417+0000] {processor.py:176} INFO - Processing /home/airflow/.local/lib/python3.7/site-packages/airflow/example_dags/example_nested_branch_dag.py took 0.401 seconds
[2022-11-16T14:40:42.486+0000] {processor.py:154} INFO - Started process (PID=5080) to work on /home/airflow/.local/lib/python3.7/site-packages/airflow/example_dags/example_nested_branch_dag.py
[2022-11-16T14:40:42.487+0000] {processor.py:756} INFO - Processing file /home/airflow/.local/lib/python3.7/site-packages/airflow/example_dags/example_nested_branch_dag.py for tasks to queue
[2022-11-16T14:40:42.488+0000] {logging_mixin.py:137} INFO - [2022-11-16T14:40:42.487+0000] {dagbag.py:537} INFO - Filling up the DagBag from /home/airflow/.local/lib/python3.7/site-packages/airflow/example_dags/example_nested_branch_dag.py
[2022-11-16T14:40:42.538+0000] {processor.py:766} INFO - DAG(s) dict_keys(['example_nested_branch_dag']) retrieved from /home/airflow/.local/lib/python3.7/site-packages/airflow/example_dags/example_nested_branch_dag.py
[2022-11-16T14:40:42.644+0000] {logging_mixin.py:137} INFO - [2022-11-16T14:40:42.643+0000] {dag.py:2585} INFO - Sync 1 DAGs
[2022-11-16T14:40:42.695+0000] {logging_mixin.py:137} INFO - [2022-11-16T14:40:42.695+0000] {dag.py:3340} INFO - Setting next_dagrun for example_nested_branch_dag to 2022-11-15T00:00:00+00:00, run_after=2022-11-16T00:00:00+00:00
[2022-11-16T14:40:42.728+0000] {processor.py:176} INFO - Processing /home/airflow/.local/lib/python3.7/site-packages/airflow/example_dags/example_nested_branch_dag.py took 0.248 seconds
[2022-11-16T14:41:13.556+0000] {processor.py:154} INFO - Started process (PID=5277) to work on /home/airflow/.local/lib/python3.7/site-packages/airflow/example_dags/example_nested_branch_dag.py
[2022-11-16T14:41:13.558+0000] {processor.py:756} INFO - Processing file /home/airflow/.local/lib/python3.7/site-packages/airflow/example_dags/example_nested_branch_dag.py for tasks to queue
[2022-11-16T14:41:13.562+0000] {logging_mixin.py:137} INFO - [2022-11-16T14:41:13.559+0000] {dagbag.py:537} INFO - Filling up the DagBag from /home/airflow/.local/lib/python3.7/site-packages/airflow/example_dags/example_nested_branch_dag.py
[2022-11-16T14:41:13.711+0000] {processor.py:766} INFO - DAG(s) dict_keys(['example_nested_branch_dag']) retrieved from /home/airflow/.local/lib/python3.7/site-packages/airflow/example_dags/example_nested_branch_dag.py
[2022-11-16T14:41:13.809+0000] {logging_mixin.py:137} INFO - [2022-11-16T14:41:13.808+0000] {dag.py:2585} INFO - Sync 1 DAGs
[2022-11-16T14:41:13.903+0000] {logging_mixin.py:137} INFO - [2022-11-16T14:41:13.903+0000] {dag.py:3340} INFO - Setting next_dagrun for example_nested_branch_dag to 2022-11-15T00:00:00+00:00, run_after=2022-11-16T00:00:00+00:00
[2022-11-16T14:41:13.957+0000] {processor.py:176} INFO - Processing /home/airflow/.local/lib/python3.7/site-packages/airflow/example_dags/example_nested_branch_dag.py took 0.415 seconds
[2022-11-16T14:41:44.213+0000] {processor.py:154} INFO - Started process (PID=5483) to work on /home/airflow/.local/lib/python3.7/site-packages/airflow/example_dags/example_nested_branch_dag.py
[2022-11-16T14:41:44.214+0000] {processor.py:756} INFO - Processing file /home/airflow/.local/lib/python3.7/site-packages/airflow/example_dags/example_nested_branch_dag.py for tasks to queue
[2022-11-16T14:41:44.215+0000] {logging_mixin.py:137} INFO - [2022-11-16T14:41:44.215+0000] {dagbag.py:537} INFO - Filling up the DagBag from /home/airflow/.local/lib/python3.7/site-packages/airflow/example_dags/example_nested_branch_dag.py
[2022-11-16T14:41:44.258+0000] {processor.py:766} INFO - DAG(s) dict_keys(['example_nested_branch_dag']) retrieved from /home/airflow/.local/lib/python3.7/site-packages/airflow/example_dags/example_nested_branch_dag.py
[2022-11-16T14:41:44.335+0000] {logging_mixin.py:137} INFO - [2022-11-16T14:41:44.335+0000] {dag.py:2585} INFO - Sync 1 DAGs
[2022-11-16T14:41:44.378+0000] {logging_mixin.py:137} INFO - [2022-11-16T14:41:44.378+0000] {dag.py:3340} INFO - Setting next_dagrun for example_nested_branch_dag to 2022-11-15T00:00:00+00:00, run_after=2022-11-16T00:00:00+00:00
[2022-11-16T14:41:44.417+0000] {processor.py:176} INFO - Processing /home/airflow/.local/lib/python3.7/site-packages/airflow/example_dags/example_nested_branch_dag.py took 0.207 seconds
[2022-11-16T14:42:14.870+0000] {processor.py:154} INFO - Started process (PID=5681) to work on /home/airflow/.local/lib/python3.7/site-packages/airflow/example_dags/example_nested_branch_dag.py
[2022-11-16T14:42:14.871+0000] {processor.py:756} INFO - Processing file /home/airflow/.local/lib/python3.7/site-packages/airflow/example_dags/example_nested_branch_dag.py for tasks to queue
[2022-11-16T14:42:14.872+0000] {logging_mixin.py:137} INFO - [2022-11-16T14:42:14.872+0000] {dagbag.py:537} INFO - Filling up the DagBag from /home/airflow/.local/lib/python3.7/site-packages/airflow/example_dags/example_nested_branch_dag.py
[2022-11-16T14:42:14.929+0000] {processor.py:766} INFO - DAG(s) dict_keys(['example_nested_branch_dag']) retrieved from /home/airflow/.local/lib/python3.7/site-packages/airflow/example_dags/example_nested_branch_dag.py
[2022-11-16T14:42:15.002+0000] {logging_mixin.py:137} INFO - [2022-11-16T14:42:15.002+0000] {dag.py:2585} INFO - Sync 1 DAGs
[2022-11-16T14:42:15.055+0000] {logging_mixin.py:137} INFO - [2022-11-16T14:42:15.055+0000] {dag.py:3340} INFO - Setting next_dagrun for example_nested_branch_dag to 2022-11-15T00:00:00+00:00, run_after=2022-11-16T00:00:00+00:00
[2022-11-16T14:42:15.100+0000] {processor.py:176} INFO - Processing /home/airflow/.local/lib/python3.7/site-packages/airflow/example_dags/example_nested_branch_dag.py took 0.235 seconds
[2022-11-16T14:42:45.176+0000] {processor.py:154} INFO - Started process (PID=5888) to work on /home/airflow/.local/lib/python3.7/site-packages/airflow/example_dags/example_nested_branch_dag.py
[2022-11-16T14:42:45.177+0000] {processor.py:756} INFO - Processing file /home/airflow/.local/lib/python3.7/site-packages/airflow/example_dags/example_nested_branch_dag.py for tasks to queue
[2022-11-16T14:42:45.179+0000] {logging_mixin.py:137} INFO - [2022-11-16T14:42:45.178+0000] {dagbag.py:537} INFO - Filling up the DagBag from /home/airflow/.local/lib/python3.7/site-packages/airflow/example_dags/example_nested_branch_dag.py
[2022-11-16T14:42:45.217+0000] {processor.py:766} INFO - DAG(s) dict_keys(['example_nested_branch_dag']) retrieved from /home/airflow/.local/lib/python3.7/site-packages/airflow/example_dags/example_nested_branch_dag.py
[2022-11-16T14:42:45.279+0000] {logging_mixin.py:137} INFO - [2022-11-16T14:42:45.278+0000] {dag.py:2585} INFO - Sync 1 DAGs
[2022-11-16T14:42:45.320+0000] {logging_mixin.py:137} INFO - [2022-11-16T14:42:45.320+0000] {dag.py:3340} INFO - Setting next_dagrun for example_nested_branch_dag to 2022-11-15T00:00:00+00:00, run_after=2022-11-16T00:00:00+00:00
[2022-11-16T14:42:45.355+0000] {processor.py:176} INFO - Processing /home/airflow/.local/lib/python3.7/site-packages/airflow/example_dags/example_nested_branch_dag.py took 0.182 seconds
[2022-11-16T14:43:15.653+0000] {processor.py:154} INFO - Started process (PID=6084) to work on /home/airflow/.local/lib/python3.7/site-packages/airflow/example_dags/example_nested_branch_dag.py
[2022-11-16T14:43:15.654+0000] {processor.py:756} INFO - Processing file /home/airflow/.local/lib/python3.7/site-packages/airflow/example_dags/example_nested_branch_dag.py for tasks to queue
[2022-11-16T14:43:15.655+0000] {logging_mixin.py:137} INFO - [2022-11-16T14:43:15.655+0000] {dagbag.py:537} INFO - Filling up the DagBag from /home/airflow/.local/lib/python3.7/site-packages/airflow/example_dags/example_nested_branch_dag.py
[2022-11-16T14:43:15.707+0000] {processor.py:766} INFO - DAG(s) dict_keys(['example_nested_branch_dag']) retrieved from /home/airflow/.local/lib/python3.7/site-packages/airflow/example_dags/example_nested_branch_dag.py
[2022-11-16T14:43:15.783+0000] {logging_mixin.py:137} INFO - [2022-11-16T14:43:15.783+0000] {dag.py:2585} INFO - Sync 1 DAGs
[2022-11-16T14:43:15.832+0000] {logging_mixin.py:137} INFO - [2022-11-16T14:43:15.832+0000] {dag.py:3340} INFO - Setting next_dagrun for example_nested_branch_dag to 2022-11-15T00:00:00+00:00, run_after=2022-11-16T00:00:00+00:00
[2022-11-16T14:43:15.866+0000] {processor.py:176} INFO - Processing /home/airflow/.local/lib/python3.7/site-packages/airflow/example_dags/example_nested_branch_dag.py took 0.219 seconds
[2022-11-16T14:43:46.538+0000] {processor.py:154} INFO - Started process (PID=6291) to work on /home/airflow/.local/lib/python3.7/site-packages/airflow/example_dags/example_nested_branch_dag.py
[2022-11-16T14:43:46.539+0000] {processor.py:756} INFO - Processing file /home/airflow/.local/lib/python3.7/site-packages/airflow/example_dags/example_nested_branch_dag.py for tasks to queue
[2022-11-16T14:43:46.540+0000] {logging_mixin.py:137} INFO - [2022-11-16T14:43:46.540+0000] {dagbag.py:537} INFO - Filling up the DagBag from /home/airflow/.local/lib/python3.7/site-packages/airflow/example_dags/example_nested_branch_dag.py
[2022-11-16T14:43:46.592+0000] {processor.py:766} INFO - DAG(s) dict_keys(['example_nested_branch_dag']) retrieved from /home/airflow/.local/lib/python3.7/site-packages/airflow/example_dags/example_nested_branch_dag.py
[2022-11-16T14:43:46.657+0000] {logging_mixin.py:137} INFO - [2022-11-16T14:43:46.656+0000] {dag.py:2585} INFO - Sync 1 DAGs
[2022-11-16T14:43:46.702+0000] {logging_mixin.py:137} INFO - [2022-11-16T14:43:46.702+0000] {dag.py:3340} INFO - Setting next_dagrun for example_nested_branch_dag to 2022-11-15T00:00:00+00:00, run_after=2022-11-16T00:00:00+00:00
[2022-11-16T14:43:46.737+0000] {processor.py:176} INFO - Processing /home/airflow/.local/lib/python3.7/site-packages/airflow/example_dags/example_nested_branch_dag.py took 0.205 seconds
[2022-11-16T14:44:16.922+0000] {processor.py:154} INFO - Started process (PID=6486) to work on /home/airflow/.local/lib/python3.7/site-packages/airflow/example_dags/example_nested_branch_dag.py
[2022-11-16T14:44:16.924+0000] {processor.py:756} INFO - Processing file /home/airflow/.local/lib/python3.7/site-packages/airflow/example_dags/example_nested_branch_dag.py for tasks to queue
[2022-11-16T14:44:16.925+0000] {logging_mixin.py:137} INFO - [2022-11-16T14:44:16.925+0000] {dagbag.py:537} INFO - Filling up the DagBag from /home/airflow/.local/lib/python3.7/site-packages/airflow/example_dags/example_nested_branch_dag.py
[2022-11-16T14:44:16.968+0000] {processor.py:766} INFO - DAG(s) dict_keys(['example_nested_branch_dag']) retrieved from /home/airflow/.local/lib/python3.7/site-packages/airflow/example_dags/example_nested_branch_dag.py
[2022-11-16T14:44:17.027+0000] {logging_mixin.py:137} INFO - [2022-11-16T14:44:17.027+0000] {dag.py:2585} INFO - Sync 1 DAGs
[2022-11-16T14:44:17.080+0000] {logging_mixin.py:137} INFO - [2022-11-16T14:44:17.080+0000] {dag.py:3340} INFO - Setting next_dagrun for example_nested_branch_dag to 2022-11-15T00:00:00+00:00, run_after=2022-11-16T00:00:00+00:00
[2022-11-16T14:44:17.112+0000] {processor.py:176} INFO - Processing /home/airflow/.local/lib/python3.7/site-packages/airflow/example_dags/example_nested_branch_dag.py took 0.194 seconds
[2022-11-16T14:44:47.243+0000] {processor.py:154} INFO - Started process (PID=6691) to work on /home/airflow/.local/lib/python3.7/site-packages/airflow/example_dags/example_nested_branch_dag.py
[2022-11-16T14:44:47.244+0000] {processor.py:756} INFO - Processing file /home/airflow/.local/lib/python3.7/site-packages/airflow/example_dags/example_nested_branch_dag.py for tasks to queue
[2022-11-16T14:44:47.245+0000] {logging_mixin.py:137} INFO - [2022-11-16T14:44:47.245+0000] {dagbag.py:537} INFO - Filling up the DagBag from /home/airflow/.local/lib/python3.7/site-packages/airflow/example_dags/example_nested_branch_dag.py
[2022-11-16T14:44:47.293+0000] {processor.py:766} INFO - DAG(s) dict_keys(['example_nested_branch_dag']) retrieved from /home/airflow/.local/lib/python3.7/site-packages/airflow/example_dags/example_nested_branch_dag.py
[2022-11-16T14:44:47.391+0000] {logging_mixin.py:137} INFO - [2022-11-16T14:44:47.391+0000] {dag.py:2585} INFO - Sync 1 DAGs
[2022-11-16T14:44:47.453+0000] {logging_mixin.py:137} INFO - [2022-11-16T14:44:47.453+0000] {dag.py:3340} INFO - Setting next_dagrun for example_nested_branch_dag to 2022-11-15T00:00:00+00:00, run_after=2022-11-16T00:00:00+00:00
[2022-11-16T14:44:47.518+0000] {processor.py:176} INFO - Processing /home/airflow/.local/lib/python3.7/site-packages/airflow/example_dags/example_nested_branch_dag.py took 0.280 seconds
[2022-11-16T14:45:17.862+0000] {processor.py:154} INFO - Started process (PID=6890) to work on /home/airflow/.local/lib/python3.7/site-packages/airflow/example_dags/example_nested_branch_dag.py
[2022-11-16T14:45:17.864+0000] {processor.py:756} INFO - Processing file /home/airflow/.local/lib/python3.7/site-packages/airflow/example_dags/example_nested_branch_dag.py for tasks to queue
[2022-11-16T14:45:17.865+0000] {logging_mixin.py:137} INFO - [2022-11-16T14:45:17.865+0000] {dagbag.py:537} INFO - Filling up the DagBag from /home/airflow/.local/lib/python3.7/site-packages/airflow/example_dags/example_nested_branch_dag.py
[2022-11-16T14:45:17.903+0000] {processor.py:766} INFO - DAG(s) dict_keys(['example_nested_branch_dag']) retrieved from /home/airflow/.local/lib/python3.7/site-packages/airflow/example_dags/example_nested_branch_dag.py
[2022-11-16T14:45:17.968+0000] {logging_mixin.py:137} INFO - [2022-11-16T14:45:17.968+0000] {dag.py:2585} INFO - Sync 1 DAGs
[2022-11-16T14:45:18.015+0000] {logging_mixin.py:137} INFO - [2022-11-16T14:45:18.015+0000] {dag.py:3340} INFO - Setting next_dagrun for example_nested_branch_dag to 2022-11-15T00:00:00+00:00, run_after=2022-11-16T00:00:00+00:00
[2022-11-16T14:45:18.045+0000] {processor.py:176} INFO - Processing /home/airflow/.local/lib/python3.7/site-packages/airflow/example_dags/example_nested_branch_dag.py took 0.186 seconds
