[2022-11-16T14:28:21.721+0000] {processor.py:154} INFO - Started process (PID=333) to work on /home/airflow/.local/lib/python3.7/site-packages/airflow/example_dags/example_dag_decorator.py
[2022-11-16T14:28:21.722+0000] {processor.py:756} INFO - Processing file /home/airflow/.local/lib/python3.7/site-packages/airflow/example_dags/example_dag_decorator.py for tasks to queue
[2022-11-16T14:28:21.723+0000] {logging_mixin.py:137} INFO - [2022-11-16T14:28:21.723+0000] {dagbag.py:537} INFO - Filling up the DagBag from /home/airflow/.local/lib/python3.7/site-packages/airflow/example_dags/example_dag_decorator.py
[2022-11-16T14:28:21.754+0000] {logging_mixin.py:137} INFO - [2022-11-16T14:28:21.754+0000] {taskmixin.py:205} WARNING - Dependency <Task(_PythonDecoratedOperator): prepare_email>, send_email already registered for DAG: example_dag_decorator
[2022-11-16T14:28:21.754+0000] {logging_mixin.py:137} INFO - [2022-11-16T14:28:21.754+0000] {taskmixin.py:205} WARNING - Dependency <Task(EmailOperator): send_email>, prepare_email already registered for DAG: example_dag_decorator
[2022-11-16T14:28:21.780+0000] {processor.py:766} INFO - DAG(s) dict_keys(['example_dag_decorator']) retrieved from /home/airflow/.local/lib/python3.7/site-packages/airflow/example_dags/example_dag_decorator.py
[2022-11-16T14:28:21.939+0000] {logging_mixin.py:137} INFO - [2022-11-16T14:28:21.938+0000] {dag.py:2585} INFO - Sync 1 DAGs
[2022-11-16T14:28:21.983+0000] {logging_mixin.py:137} INFO - [2022-11-16T14:28:21.982+0000] {dag.py:3340} INFO - Setting next_dagrun for example_dag_decorator to None, run_after=None
[2022-11-16T14:28:22.024+0000] {processor.py:176} INFO - Processing /home/airflow/.local/lib/python3.7/site-packages/airflow/example_dags/example_dag_decorator.py took 0.307 seconds
[2022-11-16T14:28:54.802+0000] {processor.py:154} INFO - Started process (PID=540) to work on /home/airflow/.local/lib/python3.7/site-packages/airflow/example_dags/example_dag_decorator.py
[2022-11-16T14:28:54.807+0000] {processor.py:756} INFO - Processing file /home/airflow/.local/lib/python3.7/site-packages/airflow/example_dags/example_dag_decorator.py for tasks to queue
[2022-11-16T14:28:54.808+0000] {logging_mixin.py:137} INFO - [2022-11-16T14:28:54.808+0000] {dagbag.py:537} INFO - Filling up the DagBag from /home/airflow/.local/lib/python3.7/site-packages/airflow/example_dags/example_dag_decorator.py
[2022-11-16T14:28:54.845+0000] {logging_mixin.py:137} INFO - [2022-11-16T14:28:54.845+0000] {taskmixin.py:205} WARNING - Dependency <Task(_PythonDecoratedOperator): prepare_email>, send_email already registered for DAG: example_dag_decorator
[2022-11-16T14:28:54.846+0000] {logging_mixin.py:137} INFO - [2022-11-16T14:28:54.846+0000] {taskmixin.py:205} WARNING - Dependency <Task(EmailOperator): send_email>, prepare_email already registered for DAG: example_dag_decorator
[2022-11-16T14:28:54.874+0000] {processor.py:766} INFO - DAG(s) dict_keys(['example_dag_decorator']) retrieved from /home/airflow/.local/lib/python3.7/site-packages/airflow/example_dags/example_dag_decorator.py
[2022-11-16T14:28:55.034+0000] {logging_mixin.py:137} INFO - [2022-11-16T14:28:55.033+0000] {dag.py:2585} INFO - Sync 1 DAGs
[2022-11-16T14:28:55.083+0000] {logging_mixin.py:137} INFO - [2022-11-16T14:28:55.083+0000] {dag.py:3340} INFO - Setting next_dagrun for example_dag_decorator to None, run_after=None
[2022-11-16T14:28:55.123+0000] {processor.py:176} INFO - Processing /home/airflow/.local/lib/python3.7/site-packages/airflow/example_dags/example_dag_decorator.py took 0.326 seconds
[2022-11-16T14:29:25.169+0000] {processor.py:154} INFO - Started process (PID=739) to work on /home/airflow/.local/lib/python3.7/site-packages/airflow/example_dags/example_dag_decorator.py
[2022-11-16T14:29:25.170+0000] {processor.py:756} INFO - Processing file /home/airflow/.local/lib/python3.7/site-packages/airflow/example_dags/example_dag_decorator.py for tasks to queue
[2022-11-16T14:29:25.171+0000] {logging_mixin.py:137} INFO - [2022-11-16T14:29:25.171+0000] {dagbag.py:537} INFO - Filling up the DagBag from /home/airflow/.local/lib/python3.7/site-packages/airflow/example_dags/example_dag_decorator.py
[2022-11-16T14:29:25.202+0000] {logging_mixin.py:137} INFO - [2022-11-16T14:29:25.202+0000] {taskmixin.py:205} WARNING - Dependency <Task(_PythonDecoratedOperator): prepare_email>, send_email already registered for DAG: example_dag_decorator
[2022-11-16T14:29:25.202+0000] {logging_mixin.py:137} INFO - [2022-11-16T14:29:25.202+0000] {taskmixin.py:205} WARNING - Dependency <Task(EmailOperator): send_email>, prepare_email already registered for DAG: example_dag_decorator
[2022-11-16T14:29:25.228+0000] {processor.py:766} INFO - DAG(s) dict_keys(['example_dag_decorator']) retrieved from /home/airflow/.local/lib/python3.7/site-packages/airflow/example_dags/example_dag_decorator.py
[2022-11-16T14:29:25.396+0000] {logging_mixin.py:137} INFO - [2022-11-16T14:29:25.396+0000] {dag.py:2585} INFO - Sync 1 DAGs
[2022-11-16T14:29:25.439+0000] {logging_mixin.py:137} INFO - [2022-11-16T14:29:25.439+0000] {dag.py:3340} INFO - Setting next_dagrun for example_dag_decorator to None, run_after=None
[2022-11-16T14:29:25.471+0000] {processor.py:176} INFO - Processing /home/airflow/.local/lib/python3.7/site-packages/airflow/example_dags/example_dag_decorator.py took 0.308 seconds
[2022-11-16T14:29:58.239+0000] {processor.py:154} INFO - Started process (PID=945) to work on /home/airflow/.local/lib/python3.7/site-packages/airflow/example_dags/example_dag_decorator.py
[2022-11-16T14:29:58.240+0000] {processor.py:756} INFO - Processing file /home/airflow/.local/lib/python3.7/site-packages/airflow/example_dags/example_dag_decorator.py for tasks to queue
[2022-11-16T14:29:58.241+0000] {logging_mixin.py:137} INFO - [2022-11-16T14:29:58.241+0000] {dagbag.py:537} INFO - Filling up the DagBag from /home/airflow/.local/lib/python3.7/site-packages/airflow/example_dags/example_dag_decorator.py
[2022-11-16T14:29:58.270+0000] {logging_mixin.py:137} INFO - [2022-11-16T14:29:58.270+0000] {taskmixin.py:205} WARNING - Dependency <Task(_PythonDecoratedOperator): prepare_email>, send_email already registered for DAG: example_dag_decorator
[2022-11-16T14:29:58.271+0000] {logging_mixin.py:137} INFO - [2022-11-16T14:29:58.271+0000] {taskmixin.py:205} WARNING - Dependency <Task(EmailOperator): send_email>, prepare_email already registered for DAG: example_dag_decorator
[2022-11-16T14:29:58.297+0000] {processor.py:766} INFO - DAG(s) dict_keys(['example_dag_decorator']) retrieved from /home/airflow/.local/lib/python3.7/site-packages/airflow/example_dags/example_dag_decorator.py
[2022-11-16T14:29:58.455+0000] {logging_mixin.py:137} INFO - [2022-11-16T14:29:58.455+0000] {dag.py:2585} INFO - Sync 1 DAGs
[2022-11-16T14:29:58.489+0000] {logging_mixin.py:137} INFO - [2022-11-16T14:29:58.489+0000] {dag.py:3340} INFO - Setting next_dagrun for example_dag_decorator to None, run_after=None
[2022-11-16T14:29:58.519+0000] {processor.py:176} INFO - Processing /home/airflow/.local/lib/python3.7/site-packages/airflow/example_dags/example_dag_decorator.py took 0.286 seconds
[2022-11-16T14:30:28.973+0000] {processor.py:154} INFO - Started process (PID=1142) to work on /home/airflow/.local/lib/python3.7/site-packages/airflow/example_dags/example_dag_decorator.py
[2022-11-16T14:30:28.974+0000] {processor.py:756} INFO - Processing file /home/airflow/.local/lib/python3.7/site-packages/airflow/example_dags/example_dag_decorator.py for tasks to queue
[2022-11-16T14:30:28.976+0000] {logging_mixin.py:137} INFO - [2022-11-16T14:30:28.975+0000] {dagbag.py:537} INFO - Filling up the DagBag from /home/airflow/.local/lib/python3.7/site-packages/airflow/example_dags/example_dag_decorator.py
[2022-11-16T14:30:29.007+0000] {logging_mixin.py:137} INFO - [2022-11-16T14:30:29.007+0000] {taskmixin.py:205} WARNING - Dependency <Task(_PythonDecoratedOperator): prepare_email>, send_email already registered for DAG: example_dag_decorator
[2022-11-16T14:30:29.008+0000] {logging_mixin.py:137} INFO - [2022-11-16T14:30:29.007+0000] {taskmixin.py:205} WARNING - Dependency <Task(EmailOperator): send_email>, prepare_email already registered for DAG: example_dag_decorator
[2022-11-16T14:30:29.036+0000] {processor.py:766} INFO - DAG(s) dict_keys(['example_dag_decorator']) retrieved from /home/airflow/.local/lib/python3.7/site-packages/airflow/example_dags/example_dag_decorator.py
[2022-11-16T14:30:29.204+0000] {logging_mixin.py:137} INFO - [2022-11-16T14:30:29.203+0000] {dag.py:2585} INFO - Sync 1 DAGs
[2022-11-16T14:30:29.266+0000] {logging_mixin.py:137} INFO - [2022-11-16T14:30:29.265+0000] {dag.py:3340} INFO - Setting next_dagrun for example_dag_decorator to None, run_after=None
[2022-11-16T14:30:29.308+0000] {processor.py:176} INFO - Processing /home/airflow/.local/lib/python3.7/site-packages/airflow/example_dags/example_dag_decorator.py took 0.340 seconds
[2022-11-16T14:30:59.438+0000] {processor.py:154} INFO - Started process (PID=1340) to work on /home/airflow/.local/lib/python3.7/site-packages/airflow/example_dags/example_dag_decorator.py
[2022-11-16T14:30:59.439+0000] {processor.py:756} INFO - Processing file /home/airflow/.local/lib/python3.7/site-packages/airflow/example_dags/example_dag_decorator.py for tasks to queue
[2022-11-16T14:30:59.441+0000] {logging_mixin.py:137} INFO - [2022-11-16T14:30:59.440+0000] {dagbag.py:537} INFO - Filling up the DagBag from /home/airflow/.local/lib/python3.7/site-packages/airflow/example_dags/example_dag_decorator.py
[2022-11-16T14:30:59.481+0000] {logging_mixin.py:137} INFO - [2022-11-16T14:30:59.481+0000] {taskmixin.py:205} WARNING - Dependency <Task(_PythonDecoratedOperator): prepare_email>, send_email already registered for DAG: example_dag_decorator
[2022-11-16T14:30:59.482+0000] {logging_mixin.py:137} INFO - [2022-11-16T14:30:59.481+0000] {taskmixin.py:205} WARNING - Dependency <Task(EmailOperator): send_email>, prepare_email already registered for DAG: example_dag_decorator
[2022-11-16T14:30:59.510+0000] {processor.py:766} INFO - DAG(s) dict_keys(['example_dag_decorator']) retrieved from /home/airflow/.local/lib/python3.7/site-packages/airflow/example_dags/example_dag_decorator.py
[2022-11-16T14:30:59.647+0000] {logging_mixin.py:137} INFO - [2022-11-16T14:30:59.647+0000] {dag.py:2585} INFO - Sync 1 DAGs
[2022-11-16T14:30:59.686+0000] {logging_mixin.py:137} INFO - [2022-11-16T14:30:59.686+0000] {dag.py:3340} INFO - Setting next_dagrun for example_dag_decorator to None, run_after=None
[2022-11-16T14:30:59.722+0000] {processor.py:176} INFO - Processing /home/airflow/.local/lib/python3.7/site-packages/airflow/example_dags/example_dag_decorator.py took 0.288 seconds
[2022-11-16T14:31:30.458+0000] {processor.py:154} INFO - Started process (PID=1548) to work on /home/airflow/.local/lib/python3.7/site-packages/airflow/example_dags/example_dag_decorator.py
[2022-11-16T14:31:30.459+0000] {processor.py:756} INFO - Processing file /home/airflow/.local/lib/python3.7/site-packages/airflow/example_dags/example_dag_decorator.py for tasks to queue
[2022-11-16T14:31:30.460+0000] {logging_mixin.py:137} INFO - [2022-11-16T14:31:30.460+0000] {dagbag.py:537} INFO - Filling up the DagBag from /home/airflow/.local/lib/python3.7/site-packages/airflow/example_dags/example_dag_decorator.py
[2022-11-16T14:31:30.481+0000] {logging_mixin.py:137} INFO - [2022-11-16T14:31:30.481+0000] {taskmixin.py:205} WARNING - Dependency <Task(_PythonDecoratedOperator): prepare_email>, send_email already registered for DAG: example_dag_decorator
[2022-11-16T14:31:30.481+0000] {logging_mixin.py:137} INFO - [2022-11-16T14:31:30.481+0000] {taskmixin.py:205} WARNING - Dependency <Task(EmailOperator): send_email>, prepare_email already registered for DAG: example_dag_decorator
[2022-11-16T14:31:30.497+0000] {processor.py:766} INFO - DAG(s) dict_keys(['example_dag_decorator']) retrieved from /home/airflow/.local/lib/python3.7/site-packages/airflow/example_dags/example_dag_decorator.py
[2022-11-16T14:31:30.636+0000] {logging_mixin.py:137} INFO - [2022-11-16T14:31:30.636+0000] {dag.py:2585} INFO - Sync 1 DAGs
[2022-11-16T14:31:30.691+0000] {logging_mixin.py:137} INFO - [2022-11-16T14:31:30.691+0000] {dag.py:3340} INFO - Setting next_dagrun for example_dag_decorator to None, run_after=None
[2022-11-16T14:31:30.725+0000] {processor.py:176} INFO - Processing /home/airflow/.local/lib/python3.7/site-packages/airflow/example_dags/example_dag_decorator.py took 0.272 seconds
[2022-11-16T14:32:02.307+0000] {processor.py:154} INFO - Started process (PID=1755) to work on /home/airflow/.local/lib/python3.7/site-packages/airflow/example_dags/example_dag_decorator.py
[2022-11-16T14:32:02.309+0000] {processor.py:756} INFO - Processing file /home/airflow/.local/lib/python3.7/site-packages/airflow/example_dags/example_dag_decorator.py for tasks to queue
[2022-11-16T14:32:02.310+0000] {logging_mixin.py:137} INFO - [2022-11-16T14:32:02.309+0000] {dagbag.py:537} INFO - Filling up the DagBag from /home/airflow/.local/lib/python3.7/site-packages/airflow/example_dags/example_dag_decorator.py
[2022-11-16T14:32:02.337+0000] {logging_mixin.py:137} INFO - [2022-11-16T14:32:02.337+0000] {taskmixin.py:205} WARNING - Dependency <Task(_PythonDecoratedOperator): prepare_email>, send_email already registered for DAG: example_dag_decorator
[2022-11-16T14:32:02.338+0000] {logging_mixin.py:137} INFO - [2022-11-16T14:32:02.338+0000] {taskmixin.py:205} WARNING - Dependency <Task(EmailOperator): send_email>, prepare_email already registered for DAG: example_dag_decorator
[2022-11-16T14:32:02.365+0000] {processor.py:766} INFO - DAG(s) dict_keys(['example_dag_decorator']) retrieved from /home/airflow/.local/lib/python3.7/site-packages/airflow/example_dags/example_dag_decorator.py
[2022-11-16T14:32:02.700+0000] {logging_mixin.py:137} INFO - [2022-11-16T14:32:02.699+0000] {dag.py:2585} INFO - Sync 1 DAGs
[2022-11-16T14:32:02.758+0000] {logging_mixin.py:137} INFO - [2022-11-16T14:32:02.758+0000] {dag.py:3340} INFO - Setting next_dagrun for example_dag_decorator to None, run_after=None
[2022-11-16T14:32:02.804+0000] {processor.py:176} INFO - Processing /home/airflow/.local/lib/python3.7/site-packages/airflow/example_dags/example_dag_decorator.py took 0.500 seconds
[2022-11-16T14:32:33.064+0000] {processor.py:154} INFO - Started process (PID=1952) to work on /home/airflow/.local/lib/python3.7/site-packages/airflow/example_dags/example_dag_decorator.py
[2022-11-16T14:32:33.065+0000] {processor.py:756} INFO - Processing file /home/airflow/.local/lib/python3.7/site-packages/airflow/example_dags/example_dag_decorator.py for tasks to queue
[2022-11-16T14:32:33.066+0000] {logging_mixin.py:137} INFO - [2022-11-16T14:32:33.066+0000] {dagbag.py:537} INFO - Filling up the DagBag from /home/airflow/.local/lib/python3.7/site-packages/airflow/example_dags/example_dag_decorator.py
[2022-11-16T14:32:33.100+0000] {logging_mixin.py:137} INFO - [2022-11-16T14:32:33.100+0000] {taskmixin.py:205} WARNING - Dependency <Task(_PythonDecoratedOperator): prepare_email>, send_email already registered for DAG: example_dag_decorator
[2022-11-16T14:32:33.100+0000] {logging_mixin.py:137} INFO - [2022-11-16T14:32:33.100+0000] {taskmixin.py:205} WARNING - Dependency <Task(EmailOperator): send_email>, prepare_email already registered for DAG: example_dag_decorator
[2022-11-16T14:32:33.130+0000] {processor.py:766} INFO - DAG(s) dict_keys(['example_dag_decorator']) retrieved from /home/airflow/.local/lib/python3.7/site-packages/airflow/example_dags/example_dag_decorator.py
[2022-11-16T14:32:33.302+0000] {logging_mixin.py:137} INFO - [2022-11-16T14:32:33.301+0000] {dag.py:2585} INFO - Sync 1 DAGs
[2022-11-16T14:32:33.341+0000] {logging_mixin.py:137} INFO - [2022-11-16T14:32:33.341+0000] {dag.py:3340} INFO - Setting next_dagrun for example_dag_decorator to None, run_after=None
[2022-11-16T14:32:33.377+0000] {processor.py:176} INFO - Processing /home/airflow/.local/lib/python3.7/site-packages/airflow/example_dags/example_dag_decorator.py took 0.317 seconds
[2022-11-16T14:33:04.681+0000] {processor.py:154} INFO - Started process (PID=2159) to work on /home/airflow/.local/lib/python3.7/site-packages/airflow/example_dags/example_dag_decorator.py
[2022-11-16T14:33:04.687+0000] {processor.py:756} INFO - Processing file /home/airflow/.local/lib/python3.7/site-packages/airflow/example_dags/example_dag_decorator.py for tasks to queue
[2022-11-16T14:33:04.689+0000] {logging_mixin.py:137} INFO - [2022-11-16T14:33:04.687+0000] {dagbag.py:537} INFO - Filling up the DagBag from /home/airflow/.local/lib/python3.7/site-packages/airflow/example_dags/example_dag_decorator.py
[2022-11-16T14:33:04.730+0000] {logging_mixin.py:137} INFO - [2022-11-16T14:33:04.730+0000] {taskmixin.py:205} WARNING - Dependency <Task(_PythonDecoratedOperator): prepare_email>, send_email already registered for DAG: example_dag_decorator
[2022-11-16T14:33:04.731+0000] {logging_mixin.py:137} INFO - [2022-11-16T14:33:04.731+0000] {taskmixin.py:205} WARNING - Dependency <Task(EmailOperator): send_email>, prepare_email already registered for DAG: example_dag_decorator
[2022-11-16T14:33:04.795+0000] {processor.py:766} INFO - DAG(s) dict_keys(['example_dag_decorator']) retrieved from /home/airflow/.local/lib/python3.7/site-packages/airflow/example_dags/example_dag_decorator.py
[2022-11-16T14:33:05.256+0000] {logging_mixin.py:137} INFO - [2022-11-16T14:33:05.256+0000] {dag.py:2585} INFO - Sync 1 DAGs
[2022-11-16T14:33:05.389+0000] {logging_mixin.py:137} INFO - [2022-11-16T14:33:05.388+0000] {dag.py:3340} INFO - Setting next_dagrun for example_dag_decorator to None, run_after=None
[2022-11-16T14:33:05.508+0000] {processor.py:176} INFO - Processing /home/airflow/.local/lib/python3.7/site-packages/airflow/example_dags/example_dag_decorator.py took 0.831 seconds
[2022-11-16T14:33:36.391+0000] {processor.py:154} INFO - Started process (PID=2370) to work on /home/airflow/.local/lib/python3.7/site-packages/airflow/example_dags/example_dag_decorator.py
[2022-11-16T14:33:36.392+0000] {processor.py:756} INFO - Processing file /home/airflow/.local/lib/python3.7/site-packages/airflow/example_dags/example_dag_decorator.py for tasks to queue
[2022-11-16T14:33:36.392+0000] {logging_mixin.py:137} INFO - [2022-11-16T14:33:36.392+0000] {dagbag.py:537} INFO - Filling up the DagBag from /home/airflow/.local/lib/python3.7/site-packages/airflow/example_dags/example_dag_decorator.py
[2022-11-16T14:33:36.412+0000] {logging_mixin.py:137} INFO - [2022-11-16T14:33:36.412+0000] {taskmixin.py:205} WARNING - Dependency <Task(_PythonDecoratedOperator): prepare_email>, send_email already registered for DAG: example_dag_decorator
[2022-11-16T14:33:36.412+0000] {logging_mixin.py:137} INFO - [2022-11-16T14:33:36.412+0000] {taskmixin.py:205} WARNING - Dependency <Task(EmailOperator): send_email>, prepare_email already registered for DAG: example_dag_decorator
[2022-11-16T14:33:36.429+0000] {processor.py:766} INFO - DAG(s) dict_keys(['example_dag_decorator']) retrieved from /home/airflow/.local/lib/python3.7/site-packages/airflow/example_dags/example_dag_decorator.py
[2022-11-16T14:33:36.548+0000] {logging_mixin.py:137} INFO - [2022-11-16T14:33:36.548+0000] {dag.py:2585} INFO - Sync 1 DAGs
[2022-11-16T14:33:36.580+0000] {logging_mixin.py:137} INFO - [2022-11-16T14:33:36.580+0000] {dag.py:3340} INFO - Setting next_dagrun for example_dag_decorator to None, run_after=None
[2022-11-16T14:33:36.613+0000] {processor.py:176} INFO - Processing /home/airflow/.local/lib/python3.7/site-packages/airflow/example_dags/example_dag_decorator.py took 0.225 seconds
[2022-11-16T14:34:07.133+0000] {processor.py:154} INFO - Started process (PID=2566) to work on /home/airflow/.local/lib/python3.7/site-packages/airflow/example_dags/example_dag_decorator.py
[2022-11-16T14:34:07.133+0000] {processor.py:756} INFO - Processing file /home/airflow/.local/lib/python3.7/site-packages/airflow/example_dags/example_dag_decorator.py for tasks to queue
[2022-11-16T14:34:07.134+0000] {logging_mixin.py:137} INFO - [2022-11-16T14:34:07.134+0000] {dagbag.py:537} INFO - Filling up the DagBag from /home/airflow/.local/lib/python3.7/site-packages/airflow/example_dags/example_dag_decorator.py
[2022-11-16T14:34:07.155+0000] {logging_mixin.py:137} INFO - [2022-11-16T14:34:07.154+0000] {taskmixin.py:205} WARNING - Dependency <Task(_PythonDecoratedOperator): prepare_email>, send_email already registered for DAG: example_dag_decorator
[2022-11-16T14:34:07.155+0000] {logging_mixin.py:137} INFO - [2022-11-16T14:34:07.155+0000] {taskmixin.py:205} WARNING - Dependency <Task(EmailOperator): send_email>, prepare_email already registered for DAG: example_dag_decorator
[2022-11-16T14:34:07.171+0000] {processor.py:766} INFO - DAG(s) dict_keys(['example_dag_decorator']) retrieved from /home/airflow/.local/lib/python3.7/site-packages/airflow/example_dags/example_dag_decorator.py
[2022-11-16T14:34:07.312+0000] {logging_mixin.py:137} INFO - [2022-11-16T14:34:07.311+0000] {dag.py:2585} INFO - Sync 1 DAGs
[2022-11-16T14:34:07.353+0000] {logging_mixin.py:137} INFO - [2022-11-16T14:34:07.353+0000] {dag.py:3340} INFO - Setting next_dagrun for example_dag_decorator to None, run_after=None
[2022-11-16T14:34:07.383+0000] {processor.py:176} INFO - Processing /home/airflow/.local/lib/python3.7/site-packages/airflow/example_dags/example_dag_decorator.py took 0.254 seconds
[2022-11-16T14:34:39.652+0000] {processor.py:154} INFO - Started process (PID=2776) to work on /home/airflow/.local/lib/python3.7/site-packages/airflow/example_dags/example_dag_decorator.py
[2022-11-16T14:34:39.657+0000] {processor.py:756} INFO - Processing file /home/airflow/.local/lib/python3.7/site-packages/airflow/example_dags/example_dag_decorator.py for tasks to queue
[2022-11-16T14:34:39.663+0000] {logging_mixin.py:137} INFO - [2022-11-16T14:34:39.663+0000] {dagbag.py:537} INFO - Filling up the DagBag from /home/airflow/.local/lib/python3.7/site-packages/airflow/example_dags/example_dag_decorator.py
[2022-11-16T14:34:39.721+0000] {logging_mixin.py:137} INFO - [2022-11-16T14:34:39.721+0000] {taskmixin.py:205} WARNING - Dependency <Task(_PythonDecoratedOperator): prepare_email>, send_email already registered for DAG: example_dag_decorator
[2022-11-16T14:34:39.722+0000] {logging_mixin.py:137} INFO - [2022-11-16T14:34:39.721+0000] {taskmixin.py:205} WARNING - Dependency <Task(EmailOperator): send_email>, prepare_email already registered for DAG: example_dag_decorator
[2022-11-16T14:34:39.755+0000] {processor.py:766} INFO - DAG(s) dict_keys(['example_dag_decorator']) retrieved from /home/airflow/.local/lib/python3.7/site-packages/airflow/example_dags/example_dag_decorator.py
[2022-11-16T14:34:39.967+0000] {logging_mixin.py:137} INFO - [2022-11-16T14:34:39.967+0000] {dag.py:2585} INFO - Sync 1 DAGs
[2022-11-16T14:34:40.028+0000] {logging_mixin.py:137} INFO - [2022-11-16T14:34:40.028+0000] {dag.py:3340} INFO - Setting next_dagrun for example_dag_decorator to None, run_after=None
[2022-11-16T14:34:40.092+0000] {processor.py:176} INFO - Processing /home/airflow/.local/lib/python3.7/site-packages/airflow/example_dags/example_dag_decorator.py took 0.446 seconds
[2022-11-16T14:35:10.146+0000] {processor.py:154} INFO - Started process (PID=2975) to work on /home/airflow/.local/lib/python3.7/site-packages/airflow/example_dags/example_dag_decorator.py
[2022-11-16T14:35:10.148+0000] {processor.py:756} INFO - Processing file /home/airflow/.local/lib/python3.7/site-packages/airflow/example_dags/example_dag_decorator.py for tasks to queue
[2022-11-16T14:35:10.149+0000] {logging_mixin.py:137} INFO - [2022-11-16T14:35:10.149+0000] {dagbag.py:537} INFO - Filling up the DagBag from /home/airflow/.local/lib/python3.7/site-packages/airflow/example_dags/example_dag_decorator.py
[2022-11-16T14:35:10.174+0000] {logging_mixin.py:137} INFO - [2022-11-16T14:35:10.174+0000] {taskmixin.py:205} WARNING - Dependency <Task(_PythonDecoratedOperator): prepare_email>, send_email already registered for DAG: example_dag_decorator
[2022-11-16T14:35:10.174+0000] {logging_mixin.py:137} INFO - [2022-11-16T14:35:10.174+0000] {taskmixin.py:205} WARNING - Dependency <Task(EmailOperator): send_email>, prepare_email already registered for DAG: example_dag_decorator
[2022-11-16T14:35:10.205+0000] {processor.py:766} INFO - DAG(s) dict_keys(['example_dag_decorator']) retrieved from /home/airflow/.local/lib/python3.7/site-packages/airflow/example_dags/example_dag_decorator.py
[2022-11-16T14:35:10.369+0000] {logging_mixin.py:137} INFO - [2022-11-16T14:35:10.368+0000] {dag.py:2585} INFO - Sync 1 DAGs
[2022-11-16T14:35:10.416+0000] {logging_mixin.py:137} INFO - [2022-11-16T14:35:10.416+0000] {dag.py:3340} INFO - Setting next_dagrun for example_dag_decorator to None, run_after=None
[2022-11-16T14:35:10.459+0000] {processor.py:176} INFO - Processing /home/airflow/.local/lib/python3.7/site-packages/airflow/example_dags/example_dag_decorator.py took 0.320 seconds
[2022-11-16T14:35:40.566+0000] {processor.py:154} INFO - Started process (PID=3176) to work on /home/airflow/.local/lib/python3.7/site-packages/airflow/example_dags/example_dag_decorator.py
[2022-11-16T14:35:40.567+0000] {processor.py:756} INFO - Processing file /home/airflow/.local/lib/python3.7/site-packages/airflow/example_dags/example_dag_decorator.py for tasks to queue
[2022-11-16T14:35:40.568+0000] {logging_mixin.py:137} INFO - [2022-11-16T14:35:40.567+0000] {dagbag.py:537} INFO - Filling up the DagBag from /home/airflow/.local/lib/python3.7/site-packages/airflow/example_dags/example_dag_decorator.py
[2022-11-16T14:35:40.599+0000] {logging_mixin.py:137} INFO - [2022-11-16T14:35:40.598+0000] {taskmixin.py:205} WARNING - Dependency <Task(_PythonDecoratedOperator): prepare_email>, send_email already registered for DAG: example_dag_decorator
[2022-11-16T14:35:40.599+0000] {logging_mixin.py:137} INFO - [2022-11-16T14:35:40.599+0000] {taskmixin.py:205} WARNING - Dependency <Task(EmailOperator): send_email>, prepare_email already registered for DAG: example_dag_decorator
[2022-11-16T14:35:40.624+0000] {processor.py:766} INFO - DAG(s) dict_keys(['example_dag_decorator']) retrieved from /home/airflow/.local/lib/python3.7/site-packages/airflow/example_dags/example_dag_decorator.py
[2022-11-16T14:35:40.765+0000] {logging_mixin.py:137} INFO - [2022-11-16T14:35:40.765+0000] {dag.py:2585} INFO - Sync 1 DAGs
[2022-11-16T14:35:40.820+0000] {logging_mixin.py:137} INFO - [2022-11-16T14:35:40.820+0000] {dag.py:3340} INFO - Setting next_dagrun for example_dag_decorator to None, run_after=None
[2022-11-16T14:35:40.854+0000] {processor.py:176} INFO - Processing /home/airflow/.local/lib/python3.7/site-packages/airflow/example_dags/example_dag_decorator.py took 0.293 seconds
[2022-11-16T14:36:11.252+0000] {processor.py:154} INFO - Started process (PID=3375) to work on /home/airflow/.local/lib/python3.7/site-packages/airflow/example_dags/example_dag_decorator.py
[2022-11-16T14:36:11.254+0000] {processor.py:756} INFO - Processing file /home/airflow/.local/lib/python3.7/site-packages/airflow/example_dags/example_dag_decorator.py for tasks to queue
[2022-11-16T14:36:11.256+0000] {logging_mixin.py:137} INFO - [2022-11-16T14:36:11.256+0000] {dagbag.py:537} INFO - Filling up the DagBag from /home/airflow/.local/lib/python3.7/site-packages/airflow/example_dags/example_dag_decorator.py
[2022-11-16T14:36:11.310+0000] {logging_mixin.py:137} INFO - [2022-11-16T14:36:11.310+0000] {taskmixin.py:205} WARNING - Dependency <Task(_PythonDecoratedOperator): prepare_email>, send_email already registered for DAG: example_dag_decorator
[2022-11-16T14:36:11.311+0000] {logging_mixin.py:137} INFO - [2022-11-16T14:36:11.311+0000] {taskmixin.py:205} WARNING - Dependency <Task(EmailOperator): send_email>, prepare_email already registered for DAG: example_dag_decorator
[2022-11-16T14:36:11.336+0000] {processor.py:766} INFO - DAG(s) dict_keys(['example_dag_decorator']) retrieved from /home/airflow/.local/lib/python3.7/site-packages/airflow/example_dags/example_dag_decorator.py
[2022-11-16T14:36:11.504+0000] {logging_mixin.py:137} INFO - [2022-11-16T14:36:11.504+0000] {dag.py:2585} INFO - Sync 1 DAGs
[2022-11-16T14:36:11.561+0000] {logging_mixin.py:137} INFO - [2022-11-16T14:36:11.561+0000] {dag.py:3340} INFO - Setting next_dagrun for example_dag_decorator to None, run_after=None
[2022-11-16T14:36:11.603+0000] {processor.py:176} INFO - Processing /home/airflow/.local/lib/python3.7/site-packages/airflow/example_dags/example_dag_decorator.py took 0.363 seconds
[2022-11-16T14:36:41.719+0000] {processor.py:154} INFO - Started process (PID=3572) to work on /home/airflow/.local/lib/python3.7/site-packages/airflow/example_dags/example_dag_decorator.py
[2022-11-16T14:36:41.720+0000] {processor.py:756} INFO - Processing file /home/airflow/.local/lib/python3.7/site-packages/airflow/example_dags/example_dag_decorator.py for tasks to queue
[2022-11-16T14:36:41.721+0000] {logging_mixin.py:137} INFO - [2022-11-16T14:36:41.721+0000] {dagbag.py:537} INFO - Filling up the DagBag from /home/airflow/.local/lib/python3.7/site-packages/airflow/example_dags/example_dag_decorator.py
[2022-11-16T14:36:41.747+0000] {logging_mixin.py:137} INFO - [2022-11-16T14:36:41.746+0000] {taskmixin.py:205} WARNING - Dependency <Task(_PythonDecoratedOperator): prepare_email>, send_email already registered for DAG: example_dag_decorator
[2022-11-16T14:36:41.747+0000] {logging_mixin.py:137} INFO - [2022-11-16T14:36:41.747+0000] {taskmixin.py:205} WARNING - Dependency <Task(EmailOperator): send_email>, prepare_email already registered for DAG: example_dag_decorator
[2022-11-16T14:36:41.764+0000] {processor.py:766} INFO - DAG(s) dict_keys(['example_dag_decorator']) retrieved from /home/airflow/.local/lib/python3.7/site-packages/airflow/example_dags/example_dag_decorator.py
[2022-11-16T14:36:41.887+0000] {logging_mixin.py:137} INFO - [2022-11-16T14:36:41.887+0000] {dag.py:2585} INFO - Sync 1 DAGs
[2022-11-16T14:36:41.931+0000] {logging_mixin.py:137} INFO - [2022-11-16T14:36:41.931+0000] {dag.py:3340} INFO - Setting next_dagrun for example_dag_decorator to None, run_after=None
[2022-11-16T14:36:41.967+0000] {processor.py:176} INFO - Processing /home/airflow/.local/lib/python3.7/site-packages/airflow/example_dags/example_dag_decorator.py took 0.253 seconds
[2022-11-16T14:37:13.253+0000] {processor.py:154} INFO - Started process (PID=3780) to work on /home/airflow/.local/lib/python3.7/site-packages/airflow/example_dags/example_dag_decorator.py
[2022-11-16T14:37:13.255+0000] {processor.py:756} INFO - Processing file /home/airflow/.local/lib/python3.7/site-packages/airflow/example_dags/example_dag_decorator.py for tasks to queue
[2022-11-16T14:37:13.257+0000] {logging_mixin.py:137} INFO - [2022-11-16T14:37:13.256+0000] {dagbag.py:537} INFO - Filling up the DagBag from /home/airflow/.local/lib/python3.7/site-packages/airflow/example_dags/example_dag_decorator.py
[2022-11-16T14:37:13.304+0000] {logging_mixin.py:137} INFO - [2022-11-16T14:37:13.304+0000] {taskmixin.py:205} WARNING - Dependency <Task(_PythonDecoratedOperator): prepare_email>, send_email already registered for DAG: example_dag_decorator
[2022-11-16T14:37:13.305+0000] {logging_mixin.py:137} INFO - [2022-11-16T14:37:13.304+0000] {taskmixin.py:205} WARNING - Dependency <Task(EmailOperator): send_email>, prepare_email already registered for DAG: example_dag_decorator
[2022-11-16T14:37:13.334+0000] {processor.py:766} INFO - DAG(s) dict_keys(['example_dag_decorator']) retrieved from /home/airflow/.local/lib/python3.7/site-packages/airflow/example_dags/example_dag_decorator.py
[2022-11-16T14:37:13.559+0000] {logging_mixin.py:137} INFO - [2022-11-16T14:37:13.559+0000] {dag.py:2585} INFO - Sync 1 DAGs
[2022-11-16T14:37:13.619+0000] {logging_mixin.py:137} INFO - [2022-11-16T14:37:13.619+0000] {dag.py:3340} INFO - Setting next_dagrun for example_dag_decorator to None, run_after=None
[2022-11-16T14:37:13.671+0000] {processor.py:176} INFO - Processing /home/airflow/.local/lib/python3.7/site-packages/airflow/example_dags/example_dag_decorator.py took 0.424 seconds
[2022-11-16T14:37:44.436+0000] {processor.py:154} INFO - Started process (PID=3978) to work on /home/airflow/.local/lib/python3.7/site-packages/airflow/example_dags/example_dag_decorator.py
[2022-11-16T14:37:44.437+0000] {processor.py:756} INFO - Processing file /home/airflow/.local/lib/python3.7/site-packages/airflow/example_dags/example_dag_decorator.py for tasks to queue
[2022-11-16T14:37:44.438+0000] {logging_mixin.py:137} INFO - [2022-11-16T14:37:44.438+0000] {dagbag.py:537} INFO - Filling up the DagBag from /home/airflow/.local/lib/python3.7/site-packages/airflow/example_dags/example_dag_decorator.py
[2022-11-16T14:37:44.461+0000] {logging_mixin.py:137} INFO - [2022-11-16T14:37:44.461+0000] {taskmixin.py:205} WARNING - Dependency <Task(_PythonDecoratedOperator): prepare_email>, send_email already registered for DAG: example_dag_decorator
[2022-11-16T14:37:44.461+0000] {logging_mixin.py:137} INFO - [2022-11-16T14:37:44.461+0000] {taskmixin.py:205} WARNING - Dependency <Task(EmailOperator): send_email>, prepare_email already registered for DAG: example_dag_decorator
[2022-11-16T14:37:44.477+0000] {processor.py:766} INFO - DAG(s) dict_keys(['example_dag_decorator']) retrieved from /home/airflow/.local/lib/python3.7/site-packages/airflow/example_dags/example_dag_decorator.py
[2022-11-16T14:37:44.602+0000] {logging_mixin.py:137} INFO - [2022-11-16T14:37:44.601+0000] {dag.py:2585} INFO - Sync 1 DAGs
[2022-11-16T14:37:44.636+0000] {logging_mixin.py:137} INFO - [2022-11-16T14:37:44.636+0000] {dag.py:3340} INFO - Setting next_dagrun for example_dag_decorator to None, run_after=None
[2022-11-16T14:37:44.669+0000] {processor.py:176} INFO - Processing /home/airflow/.local/lib/python3.7/site-packages/airflow/example_dags/example_dag_decorator.py took 0.240 seconds
[2022-11-16T14:38:14.767+0000] {processor.py:154} INFO - Started process (PID=4177) to work on /home/airflow/.local/lib/python3.7/site-packages/airflow/example_dags/example_dag_decorator.py
[2022-11-16T14:38:14.768+0000] {processor.py:756} INFO - Processing file /home/airflow/.local/lib/python3.7/site-packages/airflow/example_dags/example_dag_decorator.py for tasks to queue
[2022-11-16T14:38:14.771+0000] {logging_mixin.py:137} INFO - [2022-11-16T14:38:14.771+0000] {dagbag.py:537} INFO - Filling up the DagBag from /home/airflow/.local/lib/python3.7/site-packages/airflow/example_dags/example_dag_decorator.py
[2022-11-16T14:38:14.796+0000] {logging_mixin.py:137} INFO - [2022-11-16T14:38:14.795+0000] {taskmixin.py:205} WARNING - Dependency <Task(_PythonDecoratedOperator): prepare_email>, send_email already registered for DAG: example_dag_decorator
[2022-11-16T14:38:14.796+0000] {logging_mixin.py:137} INFO - [2022-11-16T14:38:14.796+0000] {taskmixin.py:205} WARNING - Dependency <Task(EmailOperator): send_email>, prepare_email already registered for DAG: example_dag_decorator
[2022-11-16T14:38:14.819+0000] {processor.py:766} INFO - DAG(s) dict_keys(['example_dag_decorator']) retrieved from /home/airflow/.local/lib/python3.7/site-packages/airflow/example_dags/example_dag_decorator.py
[2022-11-16T14:38:15.020+0000] {logging_mixin.py:137} INFO - [2022-11-16T14:38:15.020+0000] {dag.py:2585} INFO - Sync 1 DAGs
[2022-11-16T14:38:15.062+0000] {logging_mixin.py:137} INFO - [2022-11-16T14:38:15.062+0000] {dag.py:3340} INFO - Setting next_dagrun for example_dag_decorator to None, run_after=None
[2022-11-16T14:38:15.101+0000] {processor.py:176} INFO - Processing /home/airflow/.local/lib/python3.7/site-packages/airflow/example_dags/example_dag_decorator.py took 0.339 seconds
[2022-11-16T14:38:45.843+0000] {processor.py:154} INFO - Started process (PID=4381) to work on /home/airflow/.local/lib/python3.7/site-packages/airflow/example_dags/example_dag_decorator.py
[2022-11-16T14:38:45.844+0000] {processor.py:756} INFO - Processing file /home/airflow/.local/lib/python3.7/site-packages/airflow/example_dags/example_dag_decorator.py for tasks to queue
[2022-11-16T14:38:45.845+0000] {logging_mixin.py:137} INFO - [2022-11-16T14:38:45.845+0000] {dagbag.py:537} INFO - Filling up the DagBag from /home/airflow/.local/lib/python3.7/site-packages/airflow/example_dags/example_dag_decorator.py
[2022-11-16T14:38:45.875+0000] {logging_mixin.py:137} INFO - [2022-11-16T14:38:45.875+0000] {taskmixin.py:205} WARNING - Dependency <Task(_PythonDecoratedOperator): prepare_email>, send_email already registered for DAG: example_dag_decorator
[2022-11-16T14:38:45.876+0000] {logging_mixin.py:137} INFO - [2022-11-16T14:38:45.876+0000] {taskmixin.py:205} WARNING - Dependency <Task(EmailOperator): send_email>, prepare_email already registered for DAG: example_dag_decorator
[2022-11-16T14:38:45.897+0000] {processor.py:766} INFO - DAG(s) dict_keys(['example_dag_decorator']) retrieved from /home/airflow/.local/lib/python3.7/site-packages/airflow/example_dags/example_dag_decorator.py
[2022-11-16T14:38:46.042+0000] {logging_mixin.py:137} INFO - [2022-11-16T14:38:46.042+0000] {dag.py:2585} INFO - Sync 1 DAGs
[2022-11-16T14:38:46.088+0000] {logging_mixin.py:137} INFO - [2022-11-16T14:38:46.088+0000] {dag.py:3340} INFO - Setting next_dagrun for example_dag_decorator to None, run_after=None
[2022-11-16T14:38:46.130+0000] {processor.py:176} INFO - Processing /home/airflow/.local/lib/python3.7/site-packages/airflow/example_dags/example_dag_decorator.py took 0.293 seconds
[2022-11-16T14:39:16.626+0000] {processor.py:154} INFO - Started process (PID=4579) to work on /home/airflow/.local/lib/python3.7/site-packages/airflow/example_dags/example_dag_decorator.py
[2022-11-16T14:39:16.627+0000] {processor.py:756} INFO - Processing file /home/airflow/.local/lib/python3.7/site-packages/airflow/example_dags/example_dag_decorator.py for tasks to queue
[2022-11-16T14:39:16.628+0000] {logging_mixin.py:137} INFO - [2022-11-16T14:39:16.628+0000] {dagbag.py:537} INFO - Filling up the DagBag from /home/airflow/.local/lib/python3.7/site-packages/airflow/example_dags/example_dag_decorator.py
[2022-11-16T14:39:16.664+0000] {logging_mixin.py:137} INFO - [2022-11-16T14:39:16.664+0000] {taskmixin.py:205} WARNING - Dependency <Task(_PythonDecoratedOperator): prepare_email>, send_email already registered for DAG: example_dag_decorator
[2022-11-16T14:39:16.664+0000] {logging_mixin.py:137} INFO - [2022-11-16T14:39:16.664+0000] {taskmixin.py:205} WARNING - Dependency <Task(EmailOperator): send_email>, prepare_email already registered for DAG: example_dag_decorator
[2022-11-16T14:39:16.692+0000] {processor.py:766} INFO - DAG(s) dict_keys(['example_dag_decorator']) retrieved from /home/airflow/.local/lib/python3.7/site-packages/airflow/example_dags/example_dag_decorator.py
[2022-11-16T14:39:16.997+0000] {logging_mixin.py:137} INFO - [2022-11-16T14:39:16.997+0000] {dag.py:2585} INFO - Sync 1 DAGs
[2022-11-16T14:39:17.056+0000] {logging_mixin.py:137} INFO - [2022-11-16T14:39:17.056+0000] {dag.py:3340} INFO - Setting next_dagrun for example_dag_decorator to None, run_after=None
[2022-11-16T14:39:17.130+0000] {processor.py:176} INFO - Processing /home/airflow/.local/lib/python3.7/site-packages/airflow/example_dags/example_dag_decorator.py took 0.513 seconds
[2022-11-16T14:39:47.245+0000] {processor.py:154} INFO - Started process (PID=4787) to work on /home/airflow/.local/lib/python3.7/site-packages/airflow/example_dags/example_dag_decorator.py
[2022-11-16T14:39:47.246+0000] {processor.py:756} INFO - Processing file /home/airflow/.local/lib/python3.7/site-packages/airflow/example_dags/example_dag_decorator.py for tasks to queue
[2022-11-16T14:39:47.247+0000] {logging_mixin.py:137} INFO - [2022-11-16T14:39:47.247+0000] {dagbag.py:537} INFO - Filling up the DagBag from /home/airflow/.local/lib/python3.7/site-packages/airflow/example_dags/example_dag_decorator.py
[2022-11-16T14:39:47.281+0000] {logging_mixin.py:137} INFO - [2022-11-16T14:39:47.281+0000] {taskmixin.py:205} WARNING - Dependency <Task(_PythonDecoratedOperator): prepare_email>, send_email already registered for DAG: example_dag_decorator
[2022-11-16T14:39:47.282+0000] {logging_mixin.py:137} INFO - [2022-11-16T14:39:47.282+0000] {taskmixin.py:205} WARNING - Dependency <Task(EmailOperator): send_email>, prepare_email already registered for DAG: example_dag_decorator
[2022-11-16T14:39:47.305+0000] {processor.py:766} INFO - DAG(s) dict_keys(['example_dag_decorator']) retrieved from /home/airflow/.local/lib/python3.7/site-packages/airflow/example_dags/example_dag_decorator.py
[2022-11-16T14:39:47.492+0000] {logging_mixin.py:137} INFO - [2022-11-16T14:39:47.491+0000] {dag.py:2585} INFO - Sync 1 DAGs
[2022-11-16T14:39:47.545+0000] {logging_mixin.py:137} INFO - [2022-11-16T14:39:47.545+0000] {dag.py:3340} INFO - Setting next_dagrun for example_dag_decorator to None, run_after=None
[2022-11-16T14:39:47.594+0000] {processor.py:176} INFO - Processing /home/airflow/.local/lib/python3.7/site-packages/airflow/example_dags/example_dag_decorator.py took 0.353 seconds
[2022-11-16T14:40:17.780+0000] {processor.py:154} INFO - Started process (PID=4985) to work on /home/airflow/.local/lib/python3.7/site-packages/airflow/example_dags/example_dag_decorator.py
[2022-11-16T14:40:17.781+0000] {processor.py:756} INFO - Processing file /home/airflow/.local/lib/python3.7/site-packages/airflow/example_dags/example_dag_decorator.py for tasks to queue
[2022-11-16T14:40:17.782+0000] {logging_mixin.py:137} INFO - [2022-11-16T14:40:17.782+0000] {dagbag.py:537} INFO - Filling up the DagBag from /home/airflow/.local/lib/python3.7/site-packages/airflow/example_dags/example_dag_decorator.py
[2022-11-16T14:40:17.812+0000] {logging_mixin.py:137} INFO - [2022-11-16T14:40:17.812+0000] {taskmixin.py:205} WARNING - Dependency <Task(_PythonDecoratedOperator): prepare_email>, send_email already registered for DAG: example_dag_decorator
[2022-11-16T14:40:17.813+0000] {logging_mixin.py:137} INFO - [2022-11-16T14:40:17.813+0000] {taskmixin.py:205} WARNING - Dependency <Task(EmailOperator): send_email>, prepare_email already registered for DAG: example_dag_decorator
[2022-11-16T14:40:17.834+0000] {processor.py:766} INFO - DAG(s) dict_keys(['example_dag_decorator']) retrieved from /home/airflow/.local/lib/python3.7/site-packages/airflow/example_dags/example_dag_decorator.py
[2022-11-16T14:40:17.982+0000] {logging_mixin.py:137} INFO - [2022-11-16T14:40:17.982+0000] {dag.py:2585} INFO - Sync 1 DAGs
[2022-11-16T14:40:18.030+0000] {logging_mixin.py:137} INFO - [2022-11-16T14:40:18.029+0000] {dag.py:3340} INFO - Setting next_dagrun for example_dag_decorator to None, run_after=None
[2022-11-16T14:40:18.076+0000] {processor.py:176} INFO - Processing /home/airflow/.local/lib/python3.7/site-packages/airflow/example_dags/example_dag_decorator.py took 0.300 seconds
[2022-11-16T14:40:48.197+0000] {processor.py:154} INFO - Started process (PID=5178) to work on /home/airflow/.local/lib/python3.7/site-packages/airflow/example_dags/example_dag_decorator.py
[2022-11-16T14:40:48.198+0000] {processor.py:756} INFO - Processing file /home/airflow/.local/lib/python3.7/site-packages/airflow/example_dags/example_dag_decorator.py for tasks to queue
[2022-11-16T14:40:48.199+0000] {logging_mixin.py:137} INFO - [2022-11-16T14:40:48.199+0000] {dagbag.py:537} INFO - Filling up the DagBag from /home/airflow/.local/lib/python3.7/site-packages/airflow/example_dags/example_dag_decorator.py
[2022-11-16T14:40:48.234+0000] {logging_mixin.py:137} INFO - [2022-11-16T14:40:48.234+0000] {taskmixin.py:205} WARNING - Dependency <Task(_PythonDecoratedOperator): prepare_email>, send_email already registered for DAG: example_dag_decorator
[2022-11-16T14:40:48.235+0000] {logging_mixin.py:137} INFO - [2022-11-16T14:40:48.235+0000] {taskmixin.py:205} WARNING - Dependency <Task(EmailOperator): send_email>, prepare_email already registered for DAG: example_dag_decorator
[2022-11-16T14:40:48.261+0000] {processor.py:766} INFO - DAG(s) dict_keys(['example_dag_decorator']) retrieved from /home/airflow/.local/lib/python3.7/site-packages/airflow/example_dags/example_dag_decorator.py
[2022-11-16T14:40:48.464+0000] {logging_mixin.py:137} INFO - [2022-11-16T14:40:48.464+0000] {dag.py:2585} INFO - Sync 1 DAGs
[2022-11-16T14:40:48.528+0000] {logging_mixin.py:137} INFO - [2022-11-16T14:40:48.527+0000] {dag.py:3340} INFO - Setting next_dagrun for example_dag_decorator to None, run_after=None
[2022-11-16T14:40:48.577+0000] {processor.py:176} INFO - Processing /home/airflow/.local/lib/python3.7/site-packages/airflow/example_dags/example_dag_decorator.py took 0.386 seconds
[2022-11-16T14:41:18.861+0000] {processor.py:154} INFO - Started process (PID=5385) to work on /home/airflow/.local/lib/python3.7/site-packages/airflow/example_dags/example_dag_decorator.py
[2022-11-16T14:41:18.862+0000] {processor.py:756} INFO - Processing file /home/airflow/.local/lib/python3.7/site-packages/airflow/example_dags/example_dag_decorator.py for tasks to queue
[2022-11-16T14:41:18.862+0000] {logging_mixin.py:137} INFO - [2022-11-16T14:41:18.862+0000] {dagbag.py:537} INFO - Filling up the DagBag from /home/airflow/.local/lib/python3.7/site-packages/airflow/example_dags/example_dag_decorator.py
[2022-11-16T14:41:18.894+0000] {logging_mixin.py:137} INFO - [2022-11-16T14:41:18.893+0000] {taskmixin.py:205} WARNING - Dependency <Task(_PythonDecoratedOperator): prepare_email>, send_email already registered for DAG: example_dag_decorator
[2022-11-16T14:41:18.894+0000] {logging_mixin.py:137} INFO - [2022-11-16T14:41:18.894+0000] {taskmixin.py:205} WARNING - Dependency <Task(EmailOperator): send_email>, prepare_email already registered for DAG: example_dag_decorator
[2022-11-16T14:41:18.938+0000] {processor.py:766} INFO - DAG(s) dict_keys(['example_dag_decorator']) retrieved from /home/airflow/.local/lib/python3.7/site-packages/airflow/example_dags/example_dag_decorator.py
[2022-11-16T14:41:19.095+0000] {logging_mixin.py:137} INFO - [2022-11-16T14:41:19.095+0000] {dag.py:2585} INFO - Sync 1 DAGs
[2022-11-16T14:41:19.134+0000] {logging_mixin.py:137} INFO - [2022-11-16T14:41:19.133+0000] {dag.py:3340} INFO - Setting next_dagrun for example_dag_decorator to None, run_after=None
[2022-11-16T14:41:19.168+0000] {processor.py:176} INFO - Processing /home/airflow/.local/lib/python3.7/site-packages/airflow/example_dags/example_dag_decorator.py took 0.310 seconds
[2022-11-16T14:41:49.672+0000] {processor.py:154} INFO - Started process (PID=5583) to work on /home/airflow/.local/lib/python3.7/site-packages/airflow/example_dags/example_dag_decorator.py
[2022-11-16T14:41:49.673+0000] {processor.py:756} INFO - Processing file /home/airflow/.local/lib/python3.7/site-packages/airflow/example_dags/example_dag_decorator.py for tasks to queue
[2022-11-16T14:41:49.675+0000] {logging_mixin.py:137} INFO - [2022-11-16T14:41:49.675+0000] {dagbag.py:537} INFO - Filling up the DagBag from /home/airflow/.local/lib/python3.7/site-packages/airflow/example_dags/example_dag_decorator.py
[2022-11-16T14:41:49.701+0000] {logging_mixin.py:137} INFO - [2022-11-16T14:41:49.701+0000] {taskmixin.py:205} WARNING - Dependency <Task(_PythonDecoratedOperator): prepare_email>, send_email already registered for DAG: example_dag_decorator
[2022-11-16T14:41:49.701+0000] {logging_mixin.py:137} INFO - [2022-11-16T14:41:49.701+0000] {taskmixin.py:205} WARNING - Dependency <Task(EmailOperator): send_email>, prepare_email already registered for DAG: example_dag_decorator
[2022-11-16T14:41:49.726+0000] {processor.py:766} INFO - DAG(s) dict_keys(['example_dag_decorator']) retrieved from /home/airflow/.local/lib/python3.7/site-packages/airflow/example_dags/example_dag_decorator.py
[2022-11-16T14:41:49.887+0000] {logging_mixin.py:137} INFO - [2022-11-16T14:41:49.887+0000] {dag.py:2585} INFO - Sync 1 DAGs
[2022-11-16T14:41:49.941+0000] {logging_mixin.py:137} INFO - [2022-11-16T14:41:49.940+0000] {dag.py:3340} INFO - Setting next_dagrun for example_dag_decorator to None, run_after=None
[2022-11-16T14:41:49.983+0000] {processor.py:176} INFO - Processing /home/airflow/.local/lib/python3.7/site-packages/airflow/example_dags/example_dag_decorator.py took 0.316 seconds
[2022-11-16T14:42:20.589+0000] {processor.py:154} INFO - Started process (PID=5788) to work on /home/airflow/.local/lib/python3.7/site-packages/airflow/example_dags/example_dag_decorator.py
[2022-11-16T14:42:20.590+0000] {processor.py:756} INFO - Processing file /home/airflow/.local/lib/python3.7/site-packages/airflow/example_dags/example_dag_decorator.py for tasks to queue
[2022-11-16T14:42:20.591+0000] {logging_mixin.py:137} INFO - [2022-11-16T14:42:20.591+0000] {dagbag.py:537} INFO - Filling up the DagBag from /home/airflow/.local/lib/python3.7/site-packages/airflow/example_dags/example_dag_decorator.py
[2022-11-16T14:42:20.632+0000] {logging_mixin.py:137} INFO - [2022-11-16T14:42:20.632+0000] {taskmixin.py:205} WARNING - Dependency <Task(_PythonDecoratedOperator): prepare_email>, send_email already registered for DAG: example_dag_decorator
[2022-11-16T14:42:20.633+0000] {logging_mixin.py:137} INFO - [2022-11-16T14:42:20.632+0000] {taskmixin.py:205} WARNING - Dependency <Task(EmailOperator): send_email>, prepare_email already registered for DAG: example_dag_decorator
[2022-11-16T14:42:20.661+0000] {processor.py:766} INFO - DAG(s) dict_keys(['example_dag_decorator']) retrieved from /home/airflow/.local/lib/python3.7/site-packages/airflow/example_dags/example_dag_decorator.py
[2022-11-16T14:42:20.898+0000] {logging_mixin.py:137} INFO - [2022-11-16T14:42:20.898+0000] {dag.py:2585} INFO - Sync 1 DAGs
[2022-11-16T14:42:20.956+0000] {logging_mixin.py:137} INFO - [2022-11-16T14:42:20.956+0000] {dag.py:3340} INFO - Setting next_dagrun for example_dag_decorator to None, run_after=None
[2022-11-16T14:42:21.005+0000] {processor.py:176} INFO - Processing /home/airflow/.local/lib/python3.7/site-packages/airflow/example_dags/example_dag_decorator.py took 0.427 seconds
[2022-11-16T14:42:51.111+0000] {processor.py:154} INFO - Started process (PID=5986) to work on /home/airflow/.local/lib/python3.7/site-packages/airflow/example_dags/example_dag_decorator.py
[2022-11-16T14:42:51.112+0000] {processor.py:756} INFO - Processing file /home/airflow/.local/lib/python3.7/site-packages/airflow/example_dags/example_dag_decorator.py for tasks to queue
[2022-11-16T14:42:51.113+0000] {logging_mixin.py:137} INFO - [2022-11-16T14:42:51.113+0000] {dagbag.py:537} INFO - Filling up the DagBag from /home/airflow/.local/lib/python3.7/site-packages/airflow/example_dags/example_dag_decorator.py
[2022-11-16T14:42:51.142+0000] {logging_mixin.py:137} INFO - [2022-11-16T14:42:51.142+0000] {taskmixin.py:205} WARNING - Dependency <Task(_PythonDecoratedOperator): prepare_email>, send_email already registered for DAG: example_dag_decorator
[2022-11-16T14:42:51.143+0000] {logging_mixin.py:137} INFO - [2022-11-16T14:42:51.143+0000] {taskmixin.py:205} WARNING - Dependency <Task(EmailOperator): send_email>, prepare_email already registered for DAG: example_dag_decorator
[2022-11-16T14:42:51.173+0000] {processor.py:766} INFO - DAG(s) dict_keys(['example_dag_decorator']) retrieved from /home/airflow/.local/lib/python3.7/site-packages/airflow/example_dags/example_dag_decorator.py
[2022-11-16T14:42:51.328+0000] {logging_mixin.py:137} INFO - [2022-11-16T14:42:51.328+0000] {dag.py:2585} INFO - Sync 1 DAGs
[2022-11-16T14:42:51.391+0000] {logging_mixin.py:137} INFO - [2022-11-16T14:42:51.391+0000] {dag.py:3340} INFO - Setting next_dagrun for example_dag_decorator to None, run_after=None
[2022-11-16T14:42:51.433+0000] {processor.py:176} INFO - Processing /home/airflow/.local/lib/python3.7/site-packages/airflow/example_dags/example_dag_decorator.py took 0.330 seconds
[2022-11-16T14:43:22.320+0000] {processor.py:154} INFO - Started process (PID=6195) to work on /home/airflow/.local/lib/python3.7/site-packages/airflow/example_dags/example_dag_decorator.py
[2022-11-16T14:43:22.320+0000] {processor.py:756} INFO - Processing file /home/airflow/.local/lib/python3.7/site-packages/airflow/example_dags/example_dag_decorator.py for tasks to queue
[2022-11-16T14:43:22.322+0000] {logging_mixin.py:137} INFO - [2022-11-16T14:43:22.321+0000] {dagbag.py:537} INFO - Filling up the DagBag from /home/airflow/.local/lib/python3.7/site-packages/airflow/example_dags/example_dag_decorator.py
[2022-11-16T14:43:22.356+0000] {logging_mixin.py:137} INFO - [2022-11-16T14:43:22.355+0000] {taskmixin.py:205} WARNING - Dependency <Task(_PythonDecoratedOperator): prepare_email>, send_email already registered for DAG: example_dag_decorator
[2022-11-16T14:43:22.356+0000] {logging_mixin.py:137} INFO - [2022-11-16T14:43:22.356+0000] {taskmixin.py:205} WARNING - Dependency <Task(EmailOperator): send_email>, prepare_email already registered for DAG: example_dag_decorator
[2022-11-16T14:43:22.383+0000] {processor.py:766} INFO - DAG(s) dict_keys(['example_dag_decorator']) retrieved from /home/airflow/.local/lib/python3.7/site-packages/airflow/example_dags/example_dag_decorator.py
[2022-11-16T14:43:22.539+0000] {logging_mixin.py:137} INFO - [2022-11-16T14:43:22.539+0000] {dag.py:2585} INFO - Sync 1 DAGs
[2022-11-16T14:43:22.583+0000] {logging_mixin.py:137} INFO - [2022-11-16T14:43:22.582+0000] {dag.py:3340} INFO - Setting next_dagrun for example_dag_decorator to None, run_after=None
[2022-11-16T14:43:22.626+0000] {processor.py:176} INFO - Processing /home/airflow/.local/lib/python3.7/site-packages/airflow/example_dags/example_dag_decorator.py took 0.310 seconds
[2022-11-16T14:43:53.383+0000] {processor.py:154} INFO - Started process (PID=6391) to work on /home/airflow/.local/lib/python3.7/site-packages/airflow/example_dags/example_dag_decorator.py
[2022-11-16T14:43:53.385+0000] {processor.py:756} INFO - Processing file /home/airflow/.local/lib/python3.7/site-packages/airflow/example_dags/example_dag_decorator.py for tasks to queue
[2022-11-16T14:43:53.386+0000] {logging_mixin.py:137} INFO - [2022-11-16T14:43:53.386+0000] {dagbag.py:537} INFO - Filling up the DagBag from /home/airflow/.local/lib/python3.7/site-packages/airflow/example_dags/example_dag_decorator.py
[2022-11-16T14:43:53.424+0000] {logging_mixin.py:137} INFO - [2022-11-16T14:43:53.423+0000] {taskmixin.py:205} WARNING - Dependency <Task(_PythonDecoratedOperator): prepare_email>, send_email already registered for DAG: example_dag_decorator
[2022-11-16T14:43:53.424+0000] {logging_mixin.py:137} INFO - [2022-11-16T14:43:53.424+0000] {taskmixin.py:205} WARNING - Dependency <Task(EmailOperator): send_email>, prepare_email already registered for DAG: example_dag_decorator
[2022-11-16T14:43:53.450+0000] {processor.py:766} INFO - DAG(s) dict_keys(['example_dag_decorator']) retrieved from /home/airflow/.local/lib/python3.7/site-packages/airflow/example_dags/example_dag_decorator.py
[2022-11-16T14:43:53.648+0000] {logging_mixin.py:137} INFO - [2022-11-16T14:43:53.648+0000] {dag.py:2585} INFO - Sync 1 DAGs
[2022-11-16T14:43:53.709+0000] {logging_mixin.py:137} INFO - [2022-11-16T14:43:53.709+0000] {dag.py:3340} INFO - Setting next_dagrun for example_dag_decorator to None, run_after=None
[2022-11-16T14:43:53.753+0000] {processor.py:176} INFO - Processing /home/airflow/.local/lib/python3.7/site-packages/airflow/example_dags/example_dag_decorator.py took 0.375 seconds
[2022-11-16T14:44:24.037+0000] {processor.py:154} INFO - Started process (PID=6598) to work on /home/airflow/.local/lib/python3.7/site-packages/airflow/example_dags/example_dag_decorator.py
[2022-11-16T14:44:24.038+0000] {processor.py:756} INFO - Processing file /home/airflow/.local/lib/python3.7/site-packages/airflow/example_dags/example_dag_decorator.py for tasks to queue
[2022-11-16T14:44:24.039+0000] {logging_mixin.py:137} INFO - [2022-11-16T14:44:24.039+0000] {dagbag.py:537} INFO - Filling up the DagBag from /home/airflow/.local/lib/python3.7/site-packages/airflow/example_dags/example_dag_decorator.py
[2022-11-16T14:44:24.076+0000] {logging_mixin.py:137} INFO - [2022-11-16T14:44:24.075+0000] {taskmixin.py:205} WARNING - Dependency <Task(_PythonDecoratedOperator): prepare_email>, send_email already registered for DAG: example_dag_decorator
[2022-11-16T14:44:24.077+0000] {logging_mixin.py:137} INFO - [2022-11-16T14:44:24.077+0000] {taskmixin.py:205} WARNING - Dependency <Task(EmailOperator): send_email>, prepare_email already registered for DAG: example_dag_decorator
[2022-11-16T14:44:24.108+0000] {processor.py:766} INFO - DAG(s) dict_keys(['example_dag_decorator']) retrieved from /home/airflow/.local/lib/python3.7/site-packages/airflow/example_dags/example_dag_decorator.py
[2022-11-16T14:44:24.292+0000] {logging_mixin.py:137} INFO - [2022-11-16T14:44:24.292+0000] {dag.py:2585} INFO - Sync 1 DAGs
[2022-11-16T14:44:24.335+0000] {logging_mixin.py:137} INFO - [2022-11-16T14:44:24.335+0000] {dag.py:3340} INFO - Setting next_dagrun for example_dag_decorator to None, run_after=None
[2022-11-16T14:44:24.376+0000] {processor.py:176} INFO - Processing /home/airflow/.local/lib/python3.7/site-packages/airflow/example_dags/example_dag_decorator.py took 0.344 seconds
[2022-11-16T14:44:54.580+0000] {processor.py:154} INFO - Started process (PID=6798) to work on /home/airflow/.local/lib/python3.7/site-packages/airflow/example_dags/example_dag_decorator.py
[2022-11-16T14:44:54.581+0000] {processor.py:756} INFO - Processing file /home/airflow/.local/lib/python3.7/site-packages/airflow/example_dags/example_dag_decorator.py for tasks to queue
[2022-11-16T14:44:54.582+0000] {logging_mixin.py:137} INFO - [2022-11-16T14:44:54.581+0000] {dagbag.py:537} INFO - Filling up the DagBag from /home/airflow/.local/lib/python3.7/site-packages/airflow/example_dags/example_dag_decorator.py
[2022-11-16T14:44:54.609+0000] {logging_mixin.py:137} INFO - [2022-11-16T14:44:54.609+0000] {taskmixin.py:205} WARNING - Dependency <Task(_PythonDecoratedOperator): prepare_email>, send_email already registered for DAG: example_dag_decorator
[2022-11-16T14:44:54.610+0000] {logging_mixin.py:137} INFO - [2022-11-16T14:44:54.610+0000] {taskmixin.py:205} WARNING - Dependency <Task(EmailOperator): send_email>, prepare_email already registered for DAG: example_dag_decorator
[2022-11-16T14:44:54.629+0000] {processor.py:766} INFO - DAG(s) dict_keys(['example_dag_decorator']) retrieved from /home/airflow/.local/lib/python3.7/site-packages/airflow/example_dags/example_dag_decorator.py
[2022-11-16T14:44:54.860+0000] {logging_mixin.py:137} INFO - [2022-11-16T14:44:54.859+0000] {dag.py:2585} INFO - Sync 1 DAGs
[2022-11-16T14:44:54.945+0000] {logging_mixin.py:137} INFO - [2022-11-16T14:44:54.945+0000] {dag.py:3340} INFO - Setting next_dagrun for example_dag_decorator to None, run_after=None
[2022-11-16T14:44:54.998+0000] {processor.py:176} INFO - Processing /home/airflow/.local/lib/python3.7/site-packages/airflow/example_dags/example_dag_decorator.py took 0.422 seconds
[2022-11-16T14:45:25.257+0000] {processor.py:154} INFO - Started process (PID=7004) to work on /home/airflow/.local/lib/python3.7/site-packages/airflow/example_dags/example_dag_decorator.py
[2022-11-16T14:45:25.258+0000] {processor.py:756} INFO - Processing file /home/airflow/.local/lib/python3.7/site-packages/airflow/example_dags/example_dag_decorator.py for tasks to queue
[2022-11-16T14:45:25.259+0000] {logging_mixin.py:137} INFO - [2022-11-16T14:45:25.259+0000] {dagbag.py:537} INFO - Filling up the DagBag from /home/airflow/.local/lib/python3.7/site-packages/airflow/example_dags/example_dag_decorator.py
[2022-11-16T14:45:25.289+0000] {logging_mixin.py:137} INFO - [2022-11-16T14:45:25.289+0000] {taskmixin.py:205} WARNING - Dependency <Task(_PythonDecoratedOperator): prepare_email>, send_email already registered for DAG: example_dag_decorator
[2022-11-16T14:45:25.289+0000] {logging_mixin.py:137} INFO - [2022-11-16T14:45:25.289+0000] {taskmixin.py:205} WARNING - Dependency <Task(EmailOperator): send_email>, prepare_email already registered for DAG: example_dag_decorator
[2022-11-16T14:45:25.313+0000] {processor.py:766} INFO - DAG(s) dict_keys(['example_dag_decorator']) retrieved from /home/airflow/.local/lib/python3.7/site-packages/airflow/example_dags/example_dag_decorator.py
[2022-11-16T14:45:25.470+0000] {logging_mixin.py:137} INFO - [2022-11-16T14:45:25.470+0000] {dag.py:2585} INFO - Sync 1 DAGs
[2022-11-16T14:45:25.518+0000] {logging_mixin.py:137} INFO - [2022-11-16T14:45:25.517+0000] {dag.py:3340} INFO - Setting next_dagrun for example_dag_decorator to None, run_after=None
[2022-11-16T14:45:25.552+0000] {processor.py:176} INFO - Processing /home/airflow/.local/lib/python3.7/site-packages/airflow/example_dags/example_dag_decorator.py took 0.300 seconds
