[2022-11-16T14:28:19.417+0000] {processor.py:154} INFO - Started process (PID=258) to work on /home/airflow/.local/lib/python3.7/site-packages/airflow/example_dags/example_kubernetes_executor.py
[2022-11-16T14:28:19.418+0000] {processor.py:756} INFO - Processing file /home/airflow/.local/lib/python3.7/site-packages/airflow/example_dags/example_kubernetes_executor.py for tasks to queue
[2022-11-16T14:28:19.419+0000] {logging_mixin.py:137} INFO - [2022-11-16T14:28:19.419+0000] {dagbag.py:537} INFO - Filling up the DagBag from /home/airflow/.local/lib/python3.7/site-packages/airflow/example_dags/example_kubernetes_executor.py
[2022-11-16T14:28:19.475+0000] {processor.py:766} INFO - DAG(s) dict_keys(['example_kubernetes_executor']) retrieved from /home/airflow/.local/lib/python3.7/site-packages/airflow/example_dags/example_kubernetes_executor.py
[2022-11-16T14:28:19.556+0000] {logging_mixin.py:137} INFO - [2022-11-16T14:28:19.555+0000] {dag.py:2585} INFO - Sync 1 DAGs
[2022-11-16T14:28:19.609+0000] {logging_mixin.py:137} INFO - [2022-11-16T14:28:19.609+0000] {dag.py:3340} INFO - Setting next_dagrun for example_kubernetes_executor to None, run_after=None
[2022-11-16T14:28:19.646+0000] {processor.py:176} INFO - Processing /home/airflow/.local/lib/python3.7/site-packages/airflow/example_dags/example_kubernetes_executor.py took 0.233 seconds
[2022-11-16T14:28:51.120+0000] {processor.py:154} INFO - Started process (PID=465) to work on /home/airflow/.local/lib/python3.7/site-packages/airflow/example_dags/example_kubernetes_executor.py
[2022-11-16T14:28:51.126+0000] {processor.py:756} INFO - Processing file /home/airflow/.local/lib/python3.7/site-packages/airflow/example_dags/example_kubernetes_executor.py for tasks to queue
[2022-11-16T14:28:51.127+0000] {logging_mixin.py:137} INFO - [2022-11-16T14:28:51.127+0000] {dagbag.py:537} INFO - Filling up the DagBag from /home/airflow/.local/lib/python3.7/site-packages/airflow/example_dags/example_kubernetes_executor.py
[2022-11-16T14:28:51.297+0000] {processor.py:766} INFO - DAG(s) dict_keys(['example_kubernetes_executor']) retrieved from /home/airflow/.local/lib/python3.7/site-packages/airflow/example_dags/example_kubernetes_executor.py
[2022-11-16T14:28:51.481+0000] {logging_mixin.py:137} INFO - [2022-11-16T14:28:51.480+0000] {dag.py:2585} INFO - Sync 1 DAGs
[2022-11-16T14:28:51.576+0000] {logging_mixin.py:137} INFO - [2022-11-16T14:28:51.575+0000] {dag.py:3340} INFO - Setting next_dagrun for example_kubernetes_executor to None, run_after=None
[2022-11-16T14:28:51.637+0000] {processor.py:176} INFO - Processing /home/airflow/.local/lib/python3.7/site-packages/airflow/example_dags/example_kubernetes_executor.py took 0.523 seconds
[2022-11-16T14:29:22.261+0000] {processor.py:154} INFO - Started process (PID=664) to work on /home/airflow/.local/lib/python3.7/site-packages/airflow/example_dags/example_kubernetes_executor.py
[2022-11-16T14:29:22.262+0000] {processor.py:756} INFO - Processing file /home/airflow/.local/lib/python3.7/site-packages/airflow/example_dags/example_kubernetes_executor.py for tasks to queue
[2022-11-16T14:29:22.263+0000] {logging_mixin.py:137} INFO - [2022-11-16T14:29:22.263+0000] {dagbag.py:537} INFO - Filling up the DagBag from /home/airflow/.local/lib/python3.7/site-packages/airflow/example_dags/example_kubernetes_executor.py
[2022-11-16T14:29:22.320+0000] {processor.py:766} INFO - DAG(s) dict_keys(['example_kubernetes_executor']) retrieved from /home/airflow/.local/lib/python3.7/site-packages/airflow/example_dags/example_kubernetes_executor.py
[2022-11-16T14:29:22.408+0000] {logging_mixin.py:137} INFO - [2022-11-16T14:29:22.408+0000] {dag.py:2585} INFO - Sync 1 DAGs
[2022-11-16T14:29:22.468+0000] {logging_mixin.py:137} INFO - [2022-11-16T14:29:22.468+0000] {dag.py:3340} INFO - Setting next_dagrun for example_kubernetes_executor to None, run_after=None
[2022-11-16T14:29:22.512+0000] {processor.py:176} INFO - Processing /home/airflow/.local/lib/python3.7/site-packages/airflow/example_dags/example_kubernetes_executor.py took 0.258 seconds
[2022-11-16T14:29:52.882+0000] {processor.py:154} INFO - Started process (PID=862) to work on /home/airflow/.local/lib/python3.7/site-packages/airflow/example_dags/example_kubernetes_executor.py
[2022-11-16T14:29:52.883+0000] {processor.py:756} INFO - Processing file /home/airflow/.local/lib/python3.7/site-packages/airflow/example_dags/example_kubernetes_executor.py for tasks to queue
[2022-11-16T14:29:52.884+0000] {logging_mixin.py:137} INFO - [2022-11-16T14:29:52.884+0000] {dagbag.py:537} INFO - Filling up the DagBag from /home/airflow/.local/lib/python3.7/site-packages/airflow/example_dags/example_kubernetes_executor.py
[2022-11-16T14:29:52.950+0000] {processor.py:766} INFO - DAG(s) dict_keys(['example_kubernetes_executor']) retrieved from /home/airflow/.local/lib/python3.7/site-packages/airflow/example_dags/example_kubernetes_executor.py
[2022-11-16T14:29:53.018+0000] {logging_mixin.py:137} INFO - [2022-11-16T14:29:53.018+0000] {dag.py:2585} INFO - Sync 1 DAGs
[2022-11-16T14:29:53.053+0000] {logging_mixin.py:137} INFO - [2022-11-16T14:29:53.053+0000] {dag.py:3340} INFO - Setting next_dagrun for example_kubernetes_executor to None, run_after=None
[2022-11-16T14:29:53.085+0000] {processor.py:176} INFO - Processing /home/airflow/.local/lib/python3.7/site-packages/airflow/example_dags/example_kubernetes_executor.py took 0.207 seconds
[2022-11-16T14:30:24.653+0000] {processor.py:154} INFO - Started process (PID=1068) to work on /home/airflow/.local/lib/python3.7/site-packages/airflow/example_dags/example_kubernetes_executor.py
[2022-11-16T14:30:24.654+0000] {processor.py:756} INFO - Processing file /home/airflow/.local/lib/python3.7/site-packages/airflow/example_dags/example_kubernetes_executor.py for tasks to queue
[2022-11-16T14:30:24.655+0000] {logging_mixin.py:137} INFO - [2022-11-16T14:30:24.655+0000] {dagbag.py:537} INFO - Filling up the DagBag from /home/airflow/.local/lib/python3.7/site-packages/airflow/example_dags/example_kubernetes_executor.py
[2022-11-16T14:30:24.708+0000] {processor.py:766} INFO - DAG(s) dict_keys(['example_kubernetes_executor']) retrieved from /home/airflow/.local/lib/python3.7/site-packages/airflow/example_dags/example_kubernetes_executor.py
[2022-11-16T14:30:24.805+0000] {logging_mixin.py:137} INFO - [2022-11-16T14:30:24.805+0000] {dag.py:2585} INFO - Sync 1 DAGs
[2022-11-16T14:30:24.869+0000] {logging_mixin.py:137} INFO - [2022-11-16T14:30:24.868+0000] {dag.py:3340} INFO - Setting next_dagrun for example_kubernetes_executor to None, run_after=None
[2022-11-16T14:30:24.931+0000] {processor.py:176} INFO - Processing /home/airflow/.local/lib/python3.7/site-packages/airflow/example_dags/example_kubernetes_executor.py took 0.283 seconds
[2022-11-16T14:30:54.982+0000] {processor.py:154} INFO - Started process (PID=1265) to work on /home/airflow/.local/lib/python3.7/site-packages/airflow/example_dags/example_kubernetes_executor.py
[2022-11-16T14:30:54.983+0000] {processor.py:756} INFO - Processing file /home/airflow/.local/lib/python3.7/site-packages/airflow/example_dags/example_kubernetes_executor.py for tasks to queue
[2022-11-16T14:30:54.984+0000] {logging_mixin.py:137} INFO - [2022-11-16T14:30:54.984+0000] {dagbag.py:537} INFO - Filling up the DagBag from /home/airflow/.local/lib/python3.7/site-packages/airflow/example_dags/example_kubernetes_executor.py
[2022-11-16T14:30:55.042+0000] {processor.py:766} INFO - DAG(s) dict_keys(['example_kubernetes_executor']) retrieved from /home/airflow/.local/lib/python3.7/site-packages/airflow/example_dags/example_kubernetes_executor.py
[2022-11-16T14:30:55.112+0000] {logging_mixin.py:137} INFO - [2022-11-16T14:30:55.111+0000] {dag.py:2585} INFO - Sync 1 DAGs
[2022-11-16T14:30:55.159+0000] {logging_mixin.py:137} INFO - [2022-11-16T14:30:55.158+0000] {dag.py:3340} INFO - Setting next_dagrun for example_kubernetes_executor to None, run_after=None
[2022-11-16T14:30:55.195+0000] {processor.py:176} INFO - Processing /home/airflow/.local/lib/python3.7/site-packages/airflow/example_dags/example_kubernetes_executor.py took 0.219 seconds
[2022-11-16T14:31:25.630+0000] {processor.py:154} INFO - Started process (PID=1471) to work on /home/airflow/.local/lib/python3.7/site-packages/airflow/example_dags/example_kubernetes_executor.py
[2022-11-16T14:31:25.631+0000] {processor.py:756} INFO - Processing file /home/airflow/.local/lib/python3.7/site-packages/airflow/example_dags/example_kubernetes_executor.py for tasks to queue
[2022-11-16T14:31:25.634+0000] {logging_mixin.py:137} INFO - [2022-11-16T14:31:25.633+0000] {dagbag.py:537} INFO - Filling up the DagBag from /home/airflow/.local/lib/python3.7/site-packages/airflow/example_dags/example_kubernetes_executor.py
[2022-11-16T14:31:25.690+0000] {processor.py:766} INFO - DAG(s) dict_keys(['example_kubernetes_executor']) retrieved from /home/airflow/.local/lib/python3.7/site-packages/airflow/example_dags/example_kubernetes_executor.py
[2022-11-16T14:31:25.761+0000] {logging_mixin.py:137} INFO - [2022-11-16T14:31:25.760+0000] {dag.py:2585} INFO - Sync 1 DAGs
[2022-11-16T14:31:25.799+0000] {logging_mixin.py:137} INFO - [2022-11-16T14:31:25.799+0000] {dag.py:3340} INFO - Setting next_dagrun for example_kubernetes_executor to None, run_after=None
[2022-11-16T14:31:25.828+0000] {processor.py:176} INFO - Processing /home/airflow/.local/lib/python3.7/site-packages/airflow/example_dags/example_kubernetes_executor.py took 0.203 seconds
[2022-11-16T14:31:57.784+0000] {processor.py:154} INFO - Started process (PID=1669) to work on /home/airflow/.local/lib/python3.7/site-packages/airflow/example_dags/example_kubernetes_executor.py
[2022-11-16T14:31:57.789+0000] {processor.py:756} INFO - Processing file /home/airflow/.local/lib/python3.7/site-packages/airflow/example_dags/example_kubernetes_executor.py for tasks to queue
[2022-11-16T14:31:57.791+0000] {logging_mixin.py:137} INFO - [2022-11-16T14:31:57.791+0000] {dagbag.py:537} INFO - Filling up the DagBag from /home/airflow/.local/lib/python3.7/site-packages/airflow/example_dags/example_kubernetes_executor.py
[2022-11-16T14:31:57.887+0000] {processor.py:766} INFO - DAG(s) dict_keys(['example_kubernetes_executor']) retrieved from /home/airflow/.local/lib/python3.7/site-packages/airflow/example_dags/example_kubernetes_executor.py
[2022-11-16T14:31:57.997+0000] {logging_mixin.py:137} INFO - [2022-11-16T14:31:57.993+0000] {dag.py:2585} INFO - Sync 1 DAGs
[2022-11-16T14:31:58.084+0000] {logging_mixin.py:137} INFO - [2022-11-16T14:31:58.083+0000] {dag.py:3340} INFO - Setting next_dagrun for example_kubernetes_executor to None, run_after=None
[2022-11-16T14:31:58.162+0000] {processor.py:176} INFO - Processing /home/airflow/.local/lib/python3.7/site-packages/airflow/example_dags/example_kubernetes_executor.py took 0.385 seconds
[2022-11-16T14:32:28.536+0000] {processor.py:154} INFO - Started process (PID=1875) to work on /home/airflow/.local/lib/python3.7/site-packages/airflow/example_dags/example_kubernetes_executor.py
[2022-11-16T14:32:28.538+0000] {processor.py:756} INFO - Processing file /home/airflow/.local/lib/python3.7/site-packages/airflow/example_dags/example_kubernetes_executor.py for tasks to queue
[2022-11-16T14:32:28.540+0000] {logging_mixin.py:137} INFO - [2022-11-16T14:32:28.540+0000] {dagbag.py:537} INFO - Filling up the DagBag from /home/airflow/.local/lib/python3.7/site-packages/airflow/example_dags/example_kubernetes_executor.py
[2022-11-16T14:32:28.666+0000] {processor.py:766} INFO - DAG(s) dict_keys(['example_kubernetes_executor']) retrieved from /home/airflow/.local/lib/python3.7/site-packages/airflow/example_dags/example_kubernetes_executor.py
[2022-11-16T14:32:28.745+0000] {logging_mixin.py:137} INFO - [2022-11-16T14:32:28.745+0000] {dag.py:2585} INFO - Sync 1 DAGs
[2022-11-16T14:32:28.797+0000] {logging_mixin.py:137} INFO - [2022-11-16T14:32:28.797+0000] {dag.py:3340} INFO - Setting next_dagrun for example_kubernetes_executor to None, run_after=None
[2022-11-16T14:32:28.834+0000] {processor.py:176} INFO - Processing /home/airflow/.local/lib/python3.7/site-packages/airflow/example_dags/example_kubernetes_executor.py took 0.305 seconds
[2022-11-16T14:32:58.884+0000] {processor.py:154} INFO - Started process (PID=2072) to work on /home/airflow/.local/lib/python3.7/site-packages/airflow/example_dags/example_kubernetes_executor.py
[2022-11-16T14:32:58.885+0000] {processor.py:756} INFO - Processing file /home/airflow/.local/lib/python3.7/site-packages/airflow/example_dags/example_kubernetes_executor.py for tasks to queue
[2022-11-16T14:32:58.886+0000] {logging_mixin.py:137} INFO - [2022-11-16T14:32:58.886+0000] {dagbag.py:537} INFO - Filling up the DagBag from /home/airflow/.local/lib/python3.7/site-packages/airflow/example_dags/example_kubernetes_executor.py
[2022-11-16T14:32:58.930+0000] {processor.py:766} INFO - DAG(s) dict_keys(['example_kubernetes_executor']) retrieved from /home/airflow/.local/lib/python3.7/site-packages/airflow/example_dags/example_kubernetes_executor.py
[2022-11-16T14:32:58.999+0000] {logging_mixin.py:137} INFO - [2022-11-16T14:32:58.998+0000] {dag.py:2585} INFO - Sync 1 DAGs
[2022-11-16T14:32:59.034+0000] {logging_mixin.py:137} INFO - [2022-11-16T14:32:59.034+0000] {dag.py:3340} INFO - Setting next_dagrun for example_kubernetes_executor to None, run_after=None
[2022-11-16T14:32:59.064+0000] {processor.py:176} INFO - Processing /home/airflow/.local/lib/python3.7/site-packages/airflow/example_dags/example_kubernetes_executor.py took 0.185 seconds
[2022-11-16T14:33:29.536+0000] {processor.py:154} INFO - Started process (PID=2270) to work on /home/airflow/.local/lib/python3.7/site-packages/airflow/example_dags/example_kubernetes_executor.py
[2022-11-16T14:33:29.537+0000] {processor.py:756} INFO - Processing file /home/airflow/.local/lib/python3.7/site-packages/airflow/example_dags/example_kubernetes_executor.py for tasks to queue
[2022-11-16T14:33:29.539+0000] {logging_mixin.py:137} INFO - [2022-11-16T14:33:29.538+0000] {dagbag.py:537} INFO - Filling up the DagBag from /home/airflow/.local/lib/python3.7/site-packages/airflow/example_dags/example_kubernetes_executor.py
[2022-11-16T14:33:29.592+0000] {processor.py:766} INFO - DAG(s) dict_keys(['example_kubernetes_executor']) retrieved from /home/airflow/.local/lib/python3.7/site-packages/airflow/example_dags/example_kubernetes_executor.py
[2022-11-16T14:33:29.669+0000] {logging_mixin.py:137} INFO - [2022-11-16T14:33:29.669+0000] {dag.py:2585} INFO - Sync 1 DAGs
[2022-11-16T14:33:29.719+0000] {logging_mixin.py:137} INFO - [2022-11-16T14:33:29.718+0000] {dag.py:3340} INFO - Setting next_dagrun for example_kubernetes_executor to None, run_after=None
[2022-11-16T14:33:29.754+0000] {processor.py:176} INFO - Processing /home/airflow/.local/lib/python3.7/site-packages/airflow/example_dags/example_kubernetes_executor.py took 0.225 seconds
[2022-11-16T14:34:00.736+0000] {processor.py:154} INFO - Started process (PID=2476) to work on /home/airflow/.local/lib/python3.7/site-packages/airflow/example_dags/example_kubernetes_executor.py
[2022-11-16T14:34:00.738+0000] {processor.py:756} INFO - Processing file /home/airflow/.local/lib/python3.7/site-packages/airflow/example_dags/example_kubernetes_executor.py for tasks to queue
[2022-11-16T14:34:00.740+0000] {logging_mixin.py:137} INFO - [2022-11-16T14:34:00.739+0000] {dagbag.py:537} INFO - Filling up the DagBag from /home/airflow/.local/lib/python3.7/site-packages/airflow/example_dags/example_kubernetes_executor.py
[2022-11-16T14:34:00.797+0000] {processor.py:766} INFO - DAG(s) dict_keys(['example_kubernetes_executor']) retrieved from /home/airflow/.local/lib/python3.7/site-packages/airflow/example_dags/example_kubernetes_executor.py
[2022-11-16T14:34:00.873+0000] {logging_mixin.py:137} INFO - [2022-11-16T14:34:00.873+0000] {dag.py:2585} INFO - Sync 1 DAGs
[2022-11-16T14:34:00.921+0000] {logging_mixin.py:137} INFO - [2022-11-16T14:34:00.921+0000] {dag.py:3340} INFO - Setting next_dagrun for example_kubernetes_executor to None, run_after=None
[2022-11-16T14:34:00.955+0000] {processor.py:176} INFO - Processing /home/airflow/.local/lib/python3.7/site-packages/airflow/example_dags/example_kubernetes_executor.py took 0.225 seconds
[2022-11-16T14:34:31.765+0000] {processor.py:154} INFO - Started process (PID=2694) to work on /home/airflow/.local/lib/python3.7/site-packages/airflow/example_dags/example_kubernetes_executor.py
[2022-11-16T14:34:31.766+0000] {processor.py:756} INFO - Processing file /home/airflow/.local/lib/python3.7/site-packages/airflow/example_dags/example_kubernetes_executor.py for tasks to queue
[2022-11-16T14:34:31.767+0000] {logging_mixin.py:137} INFO - [2022-11-16T14:34:31.767+0000] {dagbag.py:537} INFO - Filling up the DagBag from /home/airflow/.local/lib/python3.7/site-packages/airflow/example_dags/example_kubernetes_executor.py
[2022-11-16T14:34:31.806+0000] {processor.py:766} INFO - DAG(s) dict_keys(['example_kubernetes_executor']) retrieved from /home/airflow/.local/lib/python3.7/site-packages/airflow/example_dags/example_kubernetes_executor.py
[2022-11-16T14:34:31.888+0000] {logging_mixin.py:137} INFO - [2022-11-16T14:34:31.888+0000] {dag.py:2585} INFO - Sync 1 DAGs
[2022-11-16T14:34:31.936+0000] {logging_mixin.py:137} INFO - [2022-11-16T14:34:31.936+0000] {dag.py:3340} INFO - Setting next_dagrun for example_kubernetes_executor to None, run_after=None
[2022-11-16T14:34:31.968+0000] {processor.py:176} INFO - Processing /home/airflow/.local/lib/python3.7/site-packages/airflow/example_dags/example_kubernetes_executor.py took 0.207 seconds
[2022-11-16T14:35:03.570+0000] {processor.py:154} INFO - Started process (PID=2898) to work on /home/airflow/.local/lib/python3.7/site-packages/airflow/example_dags/example_kubernetes_executor.py
[2022-11-16T14:35:03.575+0000] {processor.py:756} INFO - Processing file /home/airflow/.local/lib/python3.7/site-packages/airflow/example_dags/example_kubernetes_executor.py for tasks to queue
[2022-11-16T14:35:03.576+0000] {logging_mixin.py:137} INFO - [2022-11-16T14:35:03.576+0000] {dagbag.py:537} INFO - Filling up the DagBag from /home/airflow/.local/lib/python3.7/site-packages/airflow/example_dags/example_kubernetes_executor.py
[2022-11-16T14:35:03.681+0000] {processor.py:766} INFO - DAG(s) dict_keys(['example_kubernetes_executor']) retrieved from /home/airflow/.local/lib/python3.7/site-packages/airflow/example_dags/example_kubernetes_executor.py
[2022-11-16T14:35:03.803+0000] {logging_mixin.py:137} INFO - [2022-11-16T14:35:03.803+0000] {dag.py:2585} INFO - Sync 1 DAGs
[2022-11-16T14:35:03.918+0000] {logging_mixin.py:137} INFO - [2022-11-16T14:35:03.918+0000] {dag.py:3340} INFO - Setting next_dagrun for example_kubernetes_executor to None, run_after=None
[2022-11-16T14:35:03.980+0000] {processor.py:176} INFO - Processing /home/airflow/.local/lib/python3.7/site-packages/airflow/example_dags/example_kubernetes_executor.py took 0.416 seconds
[2022-11-16T14:35:34.129+0000] {processor.py:154} INFO - Started process (PID=3094) to work on /home/airflow/.local/lib/python3.7/site-packages/airflow/example_dags/example_kubernetes_executor.py
[2022-11-16T14:35:34.130+0000] {processor.py:756} INFO - Processing file /home/airflow/.local/lib/python3.7/site-packages/airflow/example_dags/example_kubernetes_executor.py for tasks to queue
[2022-11-16T14:35:34.131+0000] {logging_mixin.py:137} INFO - [2022-11-16T14:35:34.131+0000] {dagbag.py:537} INFO - Filling up the DagBag from /home/airflow/.local/lib/python3.7/site-packages/airflow/example_dags/example_kubernetes_executor.py
[2022-11-16T14:35:34.184+0000] {processor.py:766} INFO - DAG(s) dict_keys(['example_kubernetes_executor']) retrieved from /home/airflow/.local/lib/python3.7/site-packages/airflow/example_dags/example_kubernetes_executor.py
[2022-11-16T14:35:34.259+0000] {logging_mixin.py:137} INFO - [2022-11-16T14:35:34.259+0000] {dag.py:2585} INFO - Sync 1 DAGs
[2022-11-16T14:35:34.316+0000] {logging_mixin.py:137} INFO - [2022-11-16T14:35:34.315+0000] {dag.py:3340} INFO - Setting next_dagrun for example_kubernetes_executor to None, run_after=None
[2022-11-16T14:35:34.351+0000] {processor.py:176} INFO - Processing /home/airflow/.local/lib/python3.7/site-packages/airflow/example_dags/example_kubernetes_executor.py took 0.226 seconds
[2022-11-16T14:36:05.389+0000] {processor.py:154} INFO - Started process (PID=3291) to work on /home/airflow/.local/lib/python3.7/site-packages/airflow/example_dags/example_kubernetes_executor.py
[2022-11-16T14:36:05.391+0000] {processor.py:756} INFO - Processing file /home/airflow/.local/lib/python3.7/site-packages/airflow/example_dags/example_kubernetes_executor.py for tasks to queue
[2022-11-16T14:36:05.392+0000] {logging_mixin.py:137} INFO - [2022-11-16T14:36:05.392+0000] {dagbag.py:537} INFO - Filling up the DagBag from /home/airflow/.local/lib/python3.7/site-packages/airflow/example_dags/example_kubernetes_executor.py
[2022-11-16T14:36:05.443+0000] {processor.py:766} INFO - DAG(s) dict_keys(['example_kubernetes_executor']) retrieved from /home/airflow/.local/lib/python3.7/site-packages/airflow/example_dags/example_kubernetes_executor.py
[2022-11-16T14:36:05.513+0000] {logging_mixin.py:137} INFO - [2022-11-16T14:36:05.513+0000] {dag.py:2585} INFO - Sync 1 DAGs
[2022-11-16T14:36:05.557+0000] {logging_mixin.py:137} INFO - [2022-11-16T14:36:05.557+0000] {dag.py:3340} INFO - Setting next_dagrun for example_kubernetes_executor to None, run_after=None
[2022-11-16T14:36:05.594+0000] {processor.py:176} INFO - Processing /home/airflow/.local/lib/python3.7/site-packages/airflow/example_dags/example_kubernetes_executor.py took 0.208 seconds
[2022-11-16T14:36:36.120+0000] {processor.py:154} INFO - Started process (PID=3497) to work on /home/airflow/.local/lib/python3.7/site-packages/airflow/example_dags/example_kubernetes_executor.py
[2022-11-16T14:36:36.122+0000] {processor.py:756} INFO - Processing file /home/airflow/.local/lib/python3.7/site-packages/airflow/example_dags/example_kubernetes_executor.py for tasks to queue
[2022-11-16T14:36:36.123+0000] {logging_mixin.py:137} INFO - [2022-11-16T14:36:36.123+0000] {dagbag.py:537} INFO - Filling up the DagBag from /home/airflow/.local/lib/python3.7/site-packages/airflow/example_dags/example_kubernetes_executor.py
[2022-11-16T14:36:36.162+0000] {processor.py:766} INFO - DAG(s) dict_keys(['example_kubernetes_executor']) retrieved from /home/airflow/.local/lib/python3.7/site-packages/airflow/example_dags/example_kubernetes_executor.py
[2022-11-16T14:36:36.218+0000] {logging_mixin.py:137} INFO - [2022-11-16T14:36:36.218+0000] {dag.py:2585} INFO - Sync 1 DAGs
[2022-11-16T14:36:36.256+0000] {logging_mixin.py:137} INFO - [2022-11-16T14:36:36.256+0000] {dag.py:3340} INFO - Setting next_dagrun for example_kubernetes_executor to None, run_after=None
[2022-11-16T14:36:36.286+0000] {processor.py:176} INFO - Processing /home/airflow/.local/lib/python3.7/site-packages/airflow/example_dags/example_kubernetes_executor.py took 0.170 seconds
[2022-11-16T14:37:07.061+0000] {processor.py:154} INFO - Started process (PID=3694) to work on /home/airflow/.local/lib/python3.7/site-packages/airflow/example_dags/example_kubernetes_executor.py
[2022-11-16T14:37:07.062+0000] {processor.py:756} INFO - Processing file /home/airflow/.local/lib/python3.7/site-packages/airflow/example_dags/example_kubernetes_executor.py for tasks to queue
[2022-11-16T14:37:07.063+0000] {logging_mixin.py:137} INFO - [2022-11-16T14:37:07.063+0000] {dagbag.py:537} INFO - Filling up the DagBag from /home/airflow/.local/lib/python3.7/site-packages/airflow/example_dags/example_kubernetes_executor.py
[2022-11-16T14:37:07.113+0000] {processor.py:766} INFO - DAG(s) dict_keys(['example_kubernetes_executor']) retrieved from /home/airflow/.local/lib/python3.7/site-packages/airflow/example_dags/example_kubernetes_executor.py
[2022-11-16T14:37:07.188+0000] {logging_mixin.py:137} INFO - [2022-11-16T14:37:07.188+0000] {dag.py:2585} INFO - Sync 1 DAGs
[2022-11-16T14:37:07.232+0000] {logging_mixin.py:137} INFO - [2022-11-16T14:37:07.232+0000] {dag.py:3340} INFO - Setting next_dagrun for example_kubernetes_executor to None, run_after=None
[2022-11-16T14:37:07.288+0000] {processor.py:176} INFO - Processing /home/airflow/.local/lib/python3.7/site-packages/airflow/example_dags/example_kubernetes_executor.py took 0.230 seconds
[2022-11-16T14:37:38.687+0000] {processor.py:154} INFO - Started process (PID=3901) to work on /home/airflow/.local/lib/python3.7/site-packages/airflow/example_dags/example_kubernetes_executor.py
[2022-11-16T14:37:38.688+0000] {processor.py:756} INFO - Processing file /home/airflow/.local/lib/python3.7/site-packages/airflow/example_dags/example_kubernetes_executor.py for tasks to queue
[2022-11-16T14:37:38.689+0000] {logging_mixin.py:137} INFO - [2022-11-16T14:37:38.689+0000] {dagbag.py:537} INFO - Filling up the DagBag from /home/airflow/.local/lib/python3.7/site-packages/airflow/example_dags/example_kubernetes_executor.py
[2022-11-16T14:37:38.769+0000] {processor.py:766} INFO - DAG(s) dict_keys(['example_kubernetes_executor']) retrieved from /home/airflow/.local/lib/python3.7/site-packages/airflow/example_dags/example_kubernetes_executor.py
[2022-11-16T14:37:38.894+0000] {logging_mixin.py:137} INFO - [2022-11-16T14:37:38.893+0000] {dag.py:2585} INFO - Sync 1 DAGs
[2022-11-16T14:37:38.987+0000] {logging_mixin.py:137} INFO - [2022-11-16T14:37:38.987+0000] {dag.py:3340} INFO - Setting next_dagrun for example_kubernetes_executor to None, run_after=None
[2022-11-16T14:37:39.042+0000] {processor.py:176} INFO - Processing /home/airflow/.local/lib/python3.7/site-packages/airflow/example_dags/example_kubernetes_executor.py took 0.359 seconds
[2022-11-16T14:38:09.242+0000] {processor.py:154} INFO - Started process (PID=4102) to work on /home/airflow/.local/lib/python3.7/site-packages/airflow/example_dags/example_kubernetes_executor.py
[2022-11-16T14:38:09.243+0000] {processor.py:756} INFO - Processing file /home/airflow/.local/lib/python3.7/site-packages/airflow/example_dags/example_kubernetes_executor.py for tasks to queue
[2022-11-16T14:38:09.244+0000] {logging_mixin.py:137} INFO - [2022-11-16T14:38:09.244+0000] {dagbag.py:537} INFO - Filling up the DagBag from /home/airflow/.local/lib/python3.7/site-packages/airflow/example_dags/example_kubernetes_executor.py
[2022-11-16T14:38:09.289+0000] {processor.py:766} INFO - DAG(s) dict_keys(['example_kubernetes_executor']) retrieved from /home/airflow/.local/lib/python3.7/site-packages/airflow/example_dags/example_kubernetes_executor.py
[2022-11-16T14:38:09.350+0000] {logging_mixin.py:137} INFO - [2022-11-16T14:38:09.350+0000] {dag.py:2585} INFO - Sync 1 DAGs
[2022-11-16T14:38:09.388+0000] {logging_mixin.py:137} INFO - [2022-11-16T14:38:09.388+0000] {dag.py:3340} INFO - Setting next_dagrun for example_kubernetes_executor to None, run_after=None
[2022-11-16T14:38:09.419+0000] {processor.py:176} INFO - Processing /home/airflow/.local/lib/python3.7/site-packages/airflow/example_dags/example_kubernetes_executor.py took 0.180 seconds
[2022-11-16T14:38:40.036+0000] {processor.py:154} INFO - Started process (PID=4297) to work on /home/airflow/.local/lib/python3.7/site-packages/airflow/example_dags/example_kubernetes_executor.py
[2022-11-16T14:38:40.037+0000] {processor.py:756} INFO - Processing file /home/airflow/.local/lib/python3.7/site-packages/airflow/example_dags/example_kubernetes_executor.py for tasks to queue
[2022-11-16T14:38:40.038+0000] {logging_mixin.py:137} INFO - [2022-11-16T14:38:40.037+0000] {dagbag.py:537} INFO - Filling up the DagBag from /home/airflow/.local/lib/python3.7/site-packages/airflow/example_dags/example_kubernetes_executor.py
[2022-11-16T14:38:40.171+0000] {processor.py:766} INFO - DAG(s) dict_keys(['example_kubernetes_executor']) retrieved from /home/airflow/.local/lib/python3.7/site-packages/airflow/example_dags/example_kubernetes_executor.py
[2022-11-16T14:38:40.278+0000] {logging_mixin.py:137} INFO - [2022-11-16T14:38:40.278+0000] {dag.py:2585} INFO - Sync 1 DAGs
[2022-11-16T14:38:40.340+0000] {logging_mixin.py:137} INFO - [2022-11-16T14:38:40.339+0000] {dag.py:3340} INFO - Setting next_dagrun for example_kubernetes_executor to None, run_after=None
[2022-11-16T14:38:40.391+0000] {processor.py:176} INFO - Processing /home/airflow/.local/lib/python3.7/site-packages/airflow/example_dags/example_kubernetes_executor.py took 0.370 seconds
[2022-11-16T14:39:10.782+0000] {processor.py:154} INFO - Started process (PID=4504) to work on /home/airflow/.local/lib/python3.7/site-packages/airflow/example_dags/example_kubernetes_executor.py
[2022-11-16T14:39:10.783+0000] {processor.py:756} INFO - Processing file /home/airflow/.local/lib/python3.7/site-packages/airflow/example_dags/example_kubernetes_executor.py for tasks to queue
[2022-11-16T14:39:10.784+0000] {logging_mixin.py:137} INFO - [2022-11-16T14:39:10.784+0000] {dagbag.py:537} INFO - Filling up the DagBag from /home/airflow/.local/lib/python3.7/site-packages/airflow/example_dags/example_kubernetes_executor.py
[2022-11-16T14:39:10.828+0000] {processor.py:766} INFO - DAG(s) dict_keys(['example_kubernetes_executor']) retrieved from /home/airflow/.local/lib/python3.7/site-packages/airflow/example_dags/example_kubernetes_executor.py
[2022-11-16T14:39:10.908+0000] {logging_mixin.py:137} INFO - [2022-11-16T14:39:10.908+0000] {dag.py:2585} INFO - Sync 1 DAGs
[2022-11-16T14:39:10.954+0000] {logging_mixin.py:137} INFO - [2022-11-16T14:39:10.953+0000] {dag.py:3340} INFO - Setting next_dagrun for example_kubernetes_executor to None, run_after=None
[2022-11-16T14:39:10.998+0000] {processor.py:176} INFO - Processing /home/airflow/.local/lib/python3.7/site-packages/airflow/example_dags/example_kubernetes_executor.py took 0.222 seconds
[2022-11-16T14:39:41.305+0000] {processor.py:154} INFO - Started process (PID=4703) to work on /home/airflow/.local/lib/python3.7/site-packages/airflow/example_dags/example_kubernetes_executor.py
[2022-11-16T14:39:41.306+0000] {processor.py:756} INFO - Processing file /home/airflow/.local/lib/python3.7/site-packages/airflow/example_dags/example_kubernetes_executor.py for tasks to queue
[2022-11-16T14:39:41.307+0000] {logging_mixin.py:137} INFO - [2022-11-16T14:39:41.307+0000] {dagbag.py:537} INFO - Filling up the DagBag from /home/airflow/.local/lib/python3.7/site-packages/airflow/example_dags/example_kubernetes_executor.py
[2022-11-16T14:39:41.351+0000] {processor.py:766} INFO - DAG(s) dict_keys(['example_kubernetes_executor']) retrieved from /home/airflow/.local/lib/python3.7/site-packages/airflow/example_dags/example_kubernetes_executor.py
[2022-11-16T14:39:41.429+0000] {logging_mixin.py:137} INFO - [2022-11-16T14:39:41.429+0000] {dag.py:2585} INFO - Sync 1 DAGs
[2022-11-16T14:39:41.475+0000] {logging_mixin.py:137} INFO - [2022-11-16T14:39:41.475+0000] {dag.py:3340} INFO - Setting next_dagrun for example_kubernetes_executor to None, run_after=None
[2022-11-16T14:39:41.507+0000] {processor.py:176} INFO - Processing /home/airflow/.local/lib/python3.7/site-packages/airflow/example_dags/example_kubernetes_executor.py took 0.207 seconds
[2022-11-16T14:40:12.542+0000] {processor.py:154} INFO - Started process (PID=4910) to work on /home/airflow/.local/lib/python3.7/site-packages/airflow/example_dags/example_kubernetes_executor.py
[2022-11-16T14:40:12.543+0000] {processor.py:756} INFO - Processing file /home/airflow/.local/lib/python3.7/site-packages/airflow/example_dags/example_kubernetes_executor.py for tasks to queue
[2022-11-16T14:40:12.544+0000] {logging_mixin.py:137} INFO - [2022-11-16T14:40:12.544+0000] {dagbag.py:537} INFO - Filling up the DagBag from /home/airflow/.local/lib/python3.7/site-packages/airflow/example_dags/example_kubernetes_executor.py
[2022-11-16T14:40:12.609+0000] {processor.py:766} INFO - DAG(s) dict_keys(['example_kubernetes_executor']) retrieved from /home/airflow/.local/lib/python3.7/site-packages/airflow/example_dags/example_kubernetes_executor.py
[2022-11-16T14:40:12.705+0000] {logging_mixin.py:137} INFO - [2022-11-16T14:40:12.705+0000] {dag.py:2585} INFO - Sync 1 DAGs
[2022-11-16T14:40:12.773+0000] {logging_mixin.py:137} INFO - [2022-11-16T14:40:12.773+0000] {dag.py:3340} INFO - Setting next_dagrun for example_kubernetes_executor to None, run_after=None
[2022-11-16T14:40:12.842+0000] {processor.py:176} INFO - Processing /home/airflow/.local/lib/python3.7/site-packages/airflow/example_dags/example_kubernetes_executor.py took 0.306 seconds
[2022-11-16T14:40:43.442+0000] {processor.py:154} INFO - Started process (PID=5108) to work on /home/airflow/.local/lib/python3.7/site-packages/airflow/example_dags/example_kubernetes_executor.py
[2022-11-16T14:40:43.443+0000] {processor.py:756} INFO - Processing file /home/airflow/.local/lib/python3.7/site-packages/airflow/example_dags/example_kubernetes_executor.py for tasks to queue
[2022-11-16T14:40:43.444+0000] {logging_mixin.py:137} INFO - [2022-11-16T14:40:43.444+0000] {dagbag.py:537} INFO - Filling up the DagBag from /home/airflow/.local/lib/python3.7/site-packages/airflow/example_dags/example_kubernetes_executor.py
[2022-11-16T14:40:43.503+0000] {processor.py:766} INFO - DAG(s) dict_keys(['example_kubernetes_executor']) retrieved from /home/airflow/.local/lib/python3.7/site-packages/airflow/example_dags/example_kubernetes_executor.py
[2022-11-16T14:40:43.580+0000] {logging_mixin.py:137} INFO - [2022-11-16T14:40:43.579+0000] {dag.py:2585} INFO - Sync 1 DAGs
[2022-11-16T14:40:43.625+0000] {logging_mixin.py:137} INFO - [2022-11-16T14:40:43.625+0000] {dag.py:3340} INFO - Setting next_dagrun for example_kubernetes_executor to None, run_after=None
[2022-11-16T14:40:43.666+0000] {processor.py:176} INFO - Processing /home/airflow/.local/lib/python3.7/site-packages/airflow/example_dags/example_kubernetes_executor.py took 0.228 seconds
[2022-11-16T14:41:15.443+0000] {processor.py:154} INFO - Started process (PID=5313) to work on /home/airflow/.local/lib/python3.7/site-packages/airflow/example_dags/example_kubernetes_executor.py
[2022-11-16T14:41:15.445+0000] {processor.py:756} INFO - Processing file /home/airflow/.local/lib/python3.7/site-packages/airflow/example_dags/example_kubernetes_executor.py for tasks to queue
[2022-11-16T14:41:15.446+0000] {logging_mixin.py:137} INFO - [2022-11-16T14:41:15.446+0000] {dagbag.py:537} INFO - Filling up the DagBag from /home/airflow/.local/lib/python3.7/site-packages/airflow/example_dags/example_kubernetes_executor.py
[2022-11-16T14:41:15.524+0000] {processor.py:766} INFO - DAG(s) dict_keys(['example_kubernetes_executor']) retrieved from /home/airflow/.local/lib/python3.7/site-packages/airflow/example_dags/example_kubernetes_executor.py
[2022-11-16T14:41:15.624+0000] {logging_mixin.py:137} INFO - [2022-11-16T14:41:15.624+0000] {dag.py:2585} INFO - Sync 1 DAGs
[2022-11-16T14:41:15.680+0000] {logging_mixin.py:137} INFO - [2022-11-16T14:41:15.679+0000] {dag.py:3340} INFO - Setting next_dagrun for example_kubernetes_executor to None, run_after=None
[2022-11-16T14:41:15.714+0000] {processor.py:176} INFO - Processing /home/airflow/.local/lib/python3.7/site-packages/airflow/example_dags/example_kubernetes_executor.py took 0.277 seconds
[2022-11-16T14:41:46.510+0000] {processor.py:154} INFO - Started process (PID=5511) to work on /home/airflow/.local/lib/python3.7/site-packages/airflow/example_dags/example_kubernetes_executor.py
[2022-11-16T14:41:46.511+0000] {processor.py:756} INFO - Processing file /home/airflow/.local/lib/python3.7/site-packages/airflow/example_dags/example_kubernetes_executor.py for tasks to queue
[2022-11-16T14:41:46.512+0000] {logging_mixin.py:137} INFO - [2022-11-16T14:41:46.511+0000] {dagbag.py:537} INFO - Filling up the DagBag from /home/airflow/.local/lib/python3.7/site-packages/airflow/example_dags/example_kubernetes_executor.py
[2022-11-16T14:41:46.578+0000] {processor.py:766} INFO - DAG(s) dict_keys(['example_kubernetes_executor']) retrieved from /home/airflow/.local/lib/python3.7/site-packages/airflow/example_dags/example_kubernetes_executor.py
[2022-11-16T14:41:46.658+0000] {logging_mixin.py:137} INFO - [2022-11-16T14:41:46.657+0000] {dag.py:2585} INFO - Sync 1 DAGs
[2022-11-16T14:41:46.714+0000] {logging_mixin.py:137} INFO - [2022-11-16T14:41:46.714+0000] {dag.py:3340} INFO - Setting next_dagrun for example_kubernetes_executor to None, run_after=None
[2022-11-16T14:41:46.751+0000] {processor.py:176} INFO - Processing /home/airflow/.local/lib/python3.7/site-packages/airflow/example_dags/example_kubernetes_executor.py took 0.246 seconds
[2022-11-16T14:42:16.836+0000] {processor.py:154} INFO - Started process (PID=5706) to work on /home/airflow/.local/lib/python3.7/site-packages/airflow/example_dags/example_kubernetes_executor.py
[2022-11-16T14:42:16.838+0000] {processor.py:756} INFO - Processing file /home/airflow/.local/lib/python3.7/site-packages/airflow/example_dags/example_kubernetes_executor.py for tasks to queue
[2022-11-16T14:42:16.840+0000] {logging_mixin.py:137} INFO - [2022-11-16T14:42:16.839+0000] {dagbag.py:537} INFO - Filling up the DagBag from /home/airflow/.local/lib/python3.7/site-packages/airflow/example_dags/example_kubernetes_executor.py
[2022-11-16T14:42:16.896+0000] {processor.py:766} INFO - DAG(s) dict_keys(['example_kubernetes_executor']) retrieved from /home/airflow/.local/lib/python3.7/site-packages/airflow/example_dags/example_kubernetes_executor.py
[2022-11-16T14:42:17.037+0000] {logging_mixin.py:137} INFO - [2022-11-16T14:42:17.037+0000] {dag.py:2585} INFO - Sync 1 DAGs
[2022-11-16T14:42:17.117+0000] {logging_mixin.py:137} INFO - [2022-11-16T14:42:17.117+0000] {dag.py:3340} INFO - Setting next_dagrun for example_kubernetes_executor to None, run_after=None
[2022-11-16T14:42:17.159+0000] {processor.py:176} INFO - Processing /home/airflow/.local/lib/python3.7/site-packages/airflow/example_dags/example_kubernetes_executor.py took 0.329 seconds
[2022-11-16T14:42:47.243+0000] {processor.py:154} INFO - Started process (PID=5913) to work on /home/airflow/.local/lib/python3.7/site-packages/airflow/example_dags/example_kubernetes_executor.py
[2022-11-16T14:42:47.244+0000] {processor.py:756} INFO - Processing file /home/airflow/.local/lib/python3.7/site-packages/airflow/example_dags/example_kubernetes_executor.py for tasks to queue
[2022-11-16T14:42:47.245+0000] {logging_mixin.py:137} INFO - [2022-11-16T14:42:47.245+0000] {dagbag.py:537} INFO - Filling up the DagBag from /home/airflow/.local/lib/python3.7/site-packages/airflow/example_dags/example_kubernetes_executor.py
[2022-11-16T14:42:47.309+0000] {processor.py:766} INFO - DAG(s) dict_keys(['example_kubernetes_executor']) retrieved from /home/airflow/.local/lib/python3.7/site-packages/airflow/example_dags/example_kubernetes_executor.py
[2022-11-16T14:42:47.391+0000] {logging_mixin.py:137} INFO - [2022-11-16T14:42:47.391+0000] {dag.py:2585} INFO - Sync 1 DAGs
[2022-11-16T14:42:47.433+0000] {logging_mixin.py:137} INFO - [2022-11-16T14:42:47.433+0000] {dag.py:3340} INFO - Setting next_dagrun for example_kubernetes_executor to None, run_after=None
[2022-11-16T14:42:47.463+0000] {processor.py:176} INFO - Processing /home/airflow/.local/lib/python3.7/site-packages/airflow/example_dags/example_kubernetes_executor.py took 0.223 seconds
[2022-11-16T14:43:17.751+0000] {processor.py:154} INFO - Started process (PID=6111) to work on /home/airflow/.local/lib/python3.7/site-packages/airflow/example_dags/example_kubernetes_executor.py
[2022-11-16T14:43:17.753+0000] {processor.py:756} INFO - Processing file /home/airflow/.local/lib/python3.7/site-packages/airflow/example_dags/example_kubernetes_executor.py for tasks to queue
[2022-11-16T14:43:17.755+0000] {logging_mixin.py:137} INFO - [2022-11-16T14:43:17.754+0000] {dagbag.py:537} INFO - Filling up the DagBag from /home/airflow/.local/lib/python3.7/site-packages/airflow/example_dags/example_kubernetes_executor.py
[2022-11-16T14:43:17.814+0000] {processor.py:766} INFO - DAG(s) dict_keys(['example_kubernetes_executor']) retrieved from /home/airflow/.local/lib/python3.7/site-packages/airflow/example_dags/example_kubernetes_executor.py
[2022-11-16T14:43:17.892+0000] {logging_mixin.py:137} INFO - [2022-11-16T14:43:17.892+0000] {dag.py:2585} INFO - Sync 1 DAGs
[2022-11-16T14:43:17.934+0000] {logging_mixin.py:137} INFO - [2022-11-16T14:43:17.933+0000] {dag.py:3340} INFO - Setting next_dagrun for example_kubernetes_executor to None, run_after=None
[2022-11-16T14:43:17.972+0000] {processor.py:176} INFO - Processing /home/airflow/.local/lib/python3.7/site-packages/airflow/example_dags/example_kubernetes_executor.py took 0.226 seconds
[2022-11-16T14:43:48.508+0000] {processor.py:154} INFO - Started process (PID=6318) to work on /home/airflow/.local/lib/python3.7/site-packages/airflow/example_dags/example_kubernetes_executor.py
[2022-11-16T14:43:48.509+0000] {processor.py:756} INFO - Processing file /home/airflow/.local/lib/python3.7/site-packages/airflow/example_dags/example_kubernetes_executor.py for tasks to queue
[2022-11-16T14:43:48.510+0000] {logging_mixin.py:137} INFO - [2022-11-16T14:43:48.509+0000] {dagbag.py:537} INFO - Filling up the DagBag from /home/airflow/.local/lib/python3.7/site-packages/airflow/example_dags/example_kubernetes_executor.py
[2022-11-16T14:43:48.551+0000] {processor.py:766} INFO - DAG(s) dict_keys(['example_kubernetes_executor']) retrieved from /home/airflow/.local/lib/python3.7/site-packages/airflow/example_dags/example_kubernetes_executor.py
[2022-11-16T14:43:48.610+0000] {logging_mixin.py:137} INFO - [2022-11-16T14:43:48.610+0000] {dag.py:2585} INFO - Sync 1 DAGs
[2022-11-16T14:43:48.652+0000] {logging_mixin.py:137} INFO - [2022-11-16T14:43:48.652+0000] {dag.py:3340} INFO - Setting next_dagrun for example_kubernetes_executor to None, run_after=None
[2022-11-16T14:43:48.684+0000] {processor.py:176} INFO - Processing /home/airflow/.local/lib/python3.7/site-packages/airflow/example_dags/example_kubernetes_executor.py took 0.179 seconds
[2022-11-16T14:44:18.732+0000] {processor.py:154} INFO - Started process (PID=6514) to work on /home/airflow/.local/lib/python3.7/site-packages/airflow/example_dags/example_kubernetes_executor.py
[2022-11-16T14:44:18.733+0000] {processor.py:756} INFO - Processing file /home/airflow/.local/lib/python3.7/site-packages/airflow/example_dags/example_kubernetes_executor.py for tasks to queue
[2022-11-16T14:44:18.734+0000] {logging_mixin.py:137} INFO - [2022-11-16T14:44:18.734+0000] {dagbag.py:537} INFO - Filling up the DagBag from /home/airflow/.local/lib/python3.7/site-packages/airflow/example_dags/example_kubernetes_executor.py
[2022-11-16T14:44:18.824+0000] {processor.py:766} INFO - DAG(s) dict_keys(['example_kubernetes_executor']) retrieved from /home/airflow/.local/lib/python3.7/site-packages/airflow/example_dags/example_kubernetes_executor.py
[2022-11-16T14:44:18.978+0000] {logging_mixin.py:137} INFO - [2022-11-16T14:44:18.977+0000] {dag.py:2585} INFO - Sync 1 DAGs
[2022-11-16T14:44:19.070+0000] {logging_mixin.py:137} INFO - [2022-11-16T14:44:19.070+0000] {dag.py:3340} INFO - Setting next_dagrun for example_kubernetes_executor to None, run_after=None
[2022-11-16T14:44:19.111+0000] {processor.py:176} INFO - Processing /home/airflow/.local/lib/python3.7/site-packages/airflow/example_dags/example_kubernetes_executor.py took 0.390 seconds
[2022-11-16T14:44:49.174+0000] {processor.py:154} INFO - Started process (PID=6721) to work on /home/airflow/.local/lib/python3.7/site-packages/airflow/example_dags/example_kubernetes_executor.py
[2022-11-16T14:44:49.175+0000] {processor.py:756} INFO - Processing file /home/airflow/.local/lib/python3.7/site-packages/airflow/example_dags/example_kubernetes_executor.py for tasks to queue
[2022-11-16T14:44:49.176+0000] {logging_mixin.py:137} INFO - [2022-11-16T14:44:49.175+0000] {dagbag.py:537} INFO - Filling up the DagBag from /home/airflow/.local/lib/python3.7/site-packages/airflow/example_dags/example_kubernetes_executor.py
[2022-11-16T14:44:49.246+0000] {processor.py:766} INFO - DAG(s) dict_keys(['example_kubernetes_executor']) retrieved from /home/airflow/.local/lib/python3.7/site-packages/airflow/example_dags/example_kubernetes_executor.py
[2022-11-16T14:44:49.354+0000] {logging_mixin.py:137} INFO - [2022-11-16T14:44:49.354+0000] {dag.py:2585} INFO - Sync 1 DAGs
[2022-11-16T14:44:49.407+0000] {logging_mixin.py:137} INFO - [2022-11-16T14:44:49.406+0000] {dag.py:3340} INFO - Setting next_dagrun for example_kubernetes_executor to None, run_after=None
[2022-11-16T14:44:49.457+0000] {processor.py:176} INFO - Processing /home/airflow/.local/lib/python3.7/site-packages/airflow/example_dags/example_kubernetes_executor.py took 0.288 seconds
[2022-11-16T14:45:19.639+0000] {processor.py:154} INFO - Started process (PID=6918) to work on /home/airflow/.local/lib/python3.7/site-packages/airflow/example_dags/example_kubernetes_executor.py
[2022-11-16T14:45:19.641+0000] {processor.py:756} INFO - Processing file /home/airflow/.local/lib/python3.7/site-packages/airflow/example_dags/example_kubernetes_executor.py for tasks to queue
[2022-11-16T14:45:19.642+0000] {logging_mixin.py:137} INFO - [2022-11-16T14:45:19.641+0000] {dagbag.py:537} INFO - Filling up the DagBag from /home/airflow/.local/lib/python3.7/site-packages/airflow/example_dags/example_kubernetes_executor.py
[2022-11-16T14:45:19.701+0000] {processor.py:766} INFO - DAG(s) dict_keys(['example_kubernetes_executor']) retrieved from /home/airflow/.local/lib/python3.7/site-packages/airflow/example_dags/example_kubernetes_executor.py
[2022-11-16T14:45:19.784+0000] {logging_mixin.py:137} INFO - [2022-11-16T14:45:19.784+0000] {dag.py:2585} INFO - Sync 1 DAGs
[2022-11-16T14:45:19.837+0000] {logging_mixin.py:137} INFO - [2022-11-16T14:45:19.837+0000] {dag.py:3340} INFO - Setting next_dagrun for example_kubernetes_executor to None, run_after=None
[2022-11-16T14:45:19.877+0000] {processor.py:176} INFO - Processing /home/airflow/.local/lib/python3.7/site-packages/airflow/example_dags/example_kubernetes_executor.py took 0.243 seconds
