[2022-11-16T14:28:17.040+0000] {processor.py:154} INFO - Started process (PID=183) to work on /home/airflow/.local/lib/python3.7/site-packages/airflow/example_dags/example_branch_operator.py
[2022-11-16T14:28:17.046+0000] {processor.py:756} INFO - Processing file /home/airflow/.local/lib/python3.7/site-packages/airflow/example_dags/example_branch_operator.py for tasks to queue
[2022-11-16T14:28:17.047+0000] {logging_mixin.py:137} INFO - [2022-11-16T14:28:17.047+0000] {dagbag.py:537} INFO - Filling up the DagBag from /home/airflow/.local/lib/python3.7/site-packages/airflow/example_dags/example_branch_operator.py
[2022-11-16T14:28:17.085+0000] {processor.py:766} INFO - DAG(s) dict_keys(['example_branch_operator']) retrieved from /home/airflow/.local/lib/python3.7/site-packages/airflow/example_dags/example_branch_operator.py
[2022-11-16T14:28:17.164+0000] {logging_mixin.py:137} INFO - [2022-11-16T14:28:17.164+0000] {dag.py:2585} INFO - Sync 1 DAGs
[2022-11-16T14:28:17.218+0000] {logging_mixin.py:137} INFO - [2022-11-16T14:28:17.218+0000] {dag.py:3340} INFO - Setting next_dagrun for example_branch_operator to 2022-11-15T00:00:00+00:00, run_after=2022-11-16T00:00:00+00:00
[2022-11-16T14:28:17.262+0000] {processor.py:176} INFO - Processing /home/airflow/.local/lib/python3.7/site-packages/airflow/example_dags/example_branch_operator.py took 0.227 seconds
[2022-11-16T14:28:47.714+0000] {processor.py:154} INFO - Started process (PID=386) to work on /home/airflow/.local/lib/python3.7/site-packages/airflow/example_dags/example_branch_operator.py
[2022-11-16T14:28:47.715+0000] {processor.py:756} INFO - Processing file /home/airflow/.local/lib/python3.7/site-packages/airflow/example_dags/example_branch_operator.py for tasks to queue
[2022-11-16T14:28:47.716+0000] {logging_mixin.py:137} INFO - [2022-11-16T14:28:47.716+0000] {dagbag.py:537} INFO - Filling up the DagBag from /home/airflow/.local/lib/python3.7/site-packages/airflow/example_dags/example_branch_operator.py
[2022-11-16T14:28:47.754+0000] {processor.py:766} INFO - DAG(s) dict_keys(['example_branch_operator']) retrieved from /home/airflow/.local/lib/python3.7/site-packages/airflow/example_dags/example_branch_operator.py
[2022-11-16T14:28:47.835+0000] {logging_mixin.py:137} INFO - [2022-11-16T14:28:47.835+0000] {dag.py:2585} INFO - Sync 1 DAGs
[2022-11-16T14:28:47.884+0000] {logging_mixin.py:137} INFO - [2022-11-16T14:28:47.883+0000] {dag.py:3340} INFO - Setting next_dagrun for example_branch_operator to 2022-11-15T00:00:00+00:00, run_after=2022-11-16T00:00:00+00:00
[2022-11-16T14:28:47.927+0000] {processor.py:176} INFO - Processing /home/airflow/.local/lib/python3.7/site-packages/airflow/example_dags/example_branch_operator.py took 0.219 seconds
[2022-11-16T14:29:19.589+0000] {processor.py:154} INFO - Started process (PID=591) to work on /home/airflow/.local/lib/python3.7/site-packages/airflow/example_dags/example_branch_operator.py
[2022-11-16T14:29:19.590+0000] {processor.py:756} INFO - Processing file /home/airflow/.local/lib/python3.7/site-packages/airflow/example_dags/example_branch_operator.py for tasks to queue
[2022-11-16T14:29:19.594+0000] {logging_mixin.py:137} INFO - [2022-11-16T14:29:19.593+0000] {dagbag.py:537} INFO - Filling up the DagBag from /home/airflow/.local/lib/python3.7/site-packages/airflow/example_dags/example_branch_operator.py
[2022-11-16T14:29:19.622+0000] {processor.py:766} INFO - DAG(s) dict_keys(['example_branch_operator']) retrieved from /home/airflow/.local/lib/python3.7/site-packages/airflow/example_dags/example_branch_operator.py
[2022-11-16T14:29:19.693+0000] {logging_mixin.py:137} INFO - [2022-11-16T14:29:19.692+0000] {dag.py:2585} INFO - Sync 1 DAGs
[2022-11-16T14:29:19.751+0000] {logging_mixin.py:137} INFO - [2022-11-16T14:29:19.751+0000] {dag.py:3340} INFO - Setting next_dagrun for example_branch_operator to 2022-11-15T00:00:00+00:00, run_after=2022-11-16T00:00:00+00:00
[2022-11-16T14:29:19.788+0000] {processor.py:176} INFO - Processing /home/airflow/.local/lib/python3.7/site-packages/airflow/example_dags/example_branch_operator.py took 0.204 seconds
[2022-11-16T14:29:49.953+0000] {processor.py:154} INFO - Started process (PID=789) to work on /home/airflow/.local/lib/python3.7/site-packages/airflow/example_dags/example_branch_operator.py
[2022-11-16T14:29:49.954+0000] {processor.py:756} INFO - Processing file /home/airflow/.local/lib/python3.7/site-packages/airflow/example_dags/example_branch_operator.py for tasks to queue
[2022-11-16T14:29:49.954+0000] {logging_mixin.py:137} INFO - [2022-11-16T14:29:49.954+0000] {dagbag.py:537} INFO - Filling up the DagBag from /home/airflow/.local/lib/python3.7/site-packages/airflow/example_dags/example_branch_operator.py
[2022-11-16T14:29:49.978+0000] {processor.py:766} INFO - DAG(s) dict_keys(['example_branch_operator']) retrieved from /home/airflow/.local/lib/python3.7/site-packages/airflow/example_dags/example_branch_operator.py
[2022-11-16T14:29:50.031+0000] {logging_mixin.py:137} INFO - [2022-11-16T14:29:50.031+0000] {dag.py:2585} INFO - Sync 1 DAGs
[2022-11-16T14:29:50.067+0000] {logging_mixin.py:137} INFO - [2022-11-16T14:29:50.066+0000] {dag.py:3340} INFO - Setting next_dagrun for example_branch_operator to 2022-11-15T00:00:00+00:00, run_after=2022-11-16T00:00:00+00:00
[2022-11-16T14:29:50.092+0000] {processor.py:176} INFO - Processing /home/airflow/.local/lib/python3.7/site-packages/airflow/example_dags/example_branch_operator.py took 0.142 seconds
[2022-11-16T14:30:21.093+0000] {processor.py:154} INFO - Started process (PID=984) to work on /home/airflow/.local/lib/python3.7/site-packages/airflow/example_dags/example_branch_operator.py
[2022-11-16T14:30:21.096+0000] {processor.py:756} INFO - Processing file /home/airflow/.local/lib/python3.7/site-packages/airflow/example_dags/example_branch_operator.py for tasks to queue
[2022-11-16T14:30:21.099+0000] {logging_mixin.py:137} INFO - [2022-11-16T14:30:21.099+0000] {dagbag.py:537} INFO - Filling up the DagBag from /home/airflow/.local/lib/python3.7/site-packages/airflow/example_dags/example_branch_operator.py
[2022-11-16T14:30:21.158+0000] {processor.py:766} INFO - DAG(s) dict_keys(['example_branch_operator']) retrieved from /home/airflow/.local/lib/python3.7/site-packages/airflow/example_dags/example_branch_operator.py
[2022-11-16T14:30:21.242+0000] {logging_mixin.py:137} INFO - [2022-11-16T14:30:21.242+0000] {dag.py:2585} INFO - Sync 1 DAGs
[2022-11-16T14:30:21.300+0000] {logging_mixin.py:137} INFO - [2022-11-16T14:30:21.299+0000] {dag.py:3340} INFO - Setting next_dagrun for example_branch_operator to 2022-11-15T00:00:00+00:00, run_after=2022-11-16T00:00:00+00:00
[2022-11-16T14:30:21.367+0000] {processor.py:176} INFO - Processing /home/airflow/.local/lib/python3.7/site-packages/airflow/example_dags/example_branch_operator.py took 0.279 seconds
[2022-11-16T14:30:51.841+0000] {processor.py:154} INFO - Started process (PID=1190) to work on /home/airflow/.local/lib/python3.7/site-packages/airflow/example_dags/example_branch_operator.py
[2022-11-16T14:30:51.844+0000] {processor.py:756} INFO - Processing file /home/airflow/.local/lib/python3.7/site-packages/airflow/example_dags/example_branch_operator.py for tasks to queue
[2022-11-16T14:30:51.845+0000] {logging_mixin.py:137} INFO - [2022-11-16T14:30:51.845+0000] {dagbag.py:537} INFO - Filling up the DagBag from /home/airflow/.local/lib/python3.7/site-packages/airflow/example_dags/example_branch_operator.py
[2022-11-16T14:30:51.883+0000] {processor.py:766} INFO - DAG(s) dict_keys(['example_branch_operator']) retrieved from /home/airflow/.local/lib/python3.7/site-packages/airflow/example_dags/example_branch_operator.py
[2022-11-16T14:30:51.983+0000] {logging_mixin.py:137} INFO - [2022-11-16T14:30:51.982+0000] {dag.py:2585} INFO - Sync 1 DAGs
[2022-11-16T14:30:52.039+0000] {logging_mixin.py:137} INFO - [2022-11-16T14:30:52.039+0000] {dag.py:3340} INFO - Setting next_dagrun for example_branch_operator to 2022-11-15T00:00:00+00:00, run_after=2022-11-16T00:00:00+00:00
[2022-11-16T14:30:52.073+0000] {processor.py:176} INFO - Processing /home/airflow/.local/lib/python3.7/site-packages/airflow/example_dags/example_branch_operator.py took 0.237 seconds
[2022-11-16T14:31:22.192+0000] {processor.py:154} INFO - Started process (PID=1387) to work on /home/airflow/.local/lib/python3.7/site-packages/airflow/example_dags/example_branch_operator.py
[2022-11-16T14:31:22.193+0000] {processor.py:756} INFO - Processing file /home/airflow/.local/lib/python3.7/site-packages/airflow/example_dags/example_branch_operator.py for tasks to queue
[2022-11-16T14:31:22.194+0000] {logging_mixin.py:137} INFO - [2022-11-16T14:31:22.194+0000] {dagbag.py:537} INFO - Filling up the DagBag from /home/airflow/.local/lib/python3.7/site-packages/airflow/example_dags/example_branch_operator.py
[2022-11-16T14:31:22.226+0000] {processor.py:766} INFO - DAG(s) dict_keys(['example_branch_operator']) retrieved from /home/airflow/.local/lib/python3.7/site-packages/airflow/example_dags/example_branch_operator.py
[2022-11-16T14:31:22.288+0000] {logging_mixin.py:137} INFO - [2022-11-16T14:31:22.288+0000] {dag.py:2585} INFO - Sync 1 DAGs
[2022-11-16T14:31:22.327+0000] {logging_mixin.py:137} INFO - [2022-11-16T14:31:22.327+0000] {dag.py:3340} INFO - Setting next_dagrun for example_branch_operator to 2022-11-15T00:00:00+00:00, run_after=2022-11-16T00:00:00+00:00
[2022-11-16T14:31:22.353+0000] {processor.py:176} INFO - Processing /home/airflow/.local/lib/python3.7/site-packages/airflow/example_dags/example_branch_operator.py took 0.166 seconds
[2022-11-16T14:31:53.145+0000] {processor.py:154} INFO - Started process (PID=1596) to work on /home/airflow/.local/lib/python3.7/site-packages/airflow/example_dags/example_branch_operator.py
[2022-11-16T14:31:53.146+0000] {processor.py:756} INFO - Processing file /home/airflow/.local/lib/python3.7/site-packages/airflow/example_dags/example_branch_operator.py for tasks to queue
[2022-11-16T14:31:53.146+0000] {logging_mixin.py:137} INFO - [2022-11-16T14:31:53.146+0000] {dagbag.py:537} INFO - Filling up the DagBag from /home/airflow/.local/lib/python3.7/site-packages/airflow/example_dags/example_branch_operator.py
[2022-11-16T14:31:53.182+0000] {processor.py:766} INFO - DAG(s) dict_keys(['example_branch_operator']) retrieved from /home/airflow/.local/lib/python3.7/site-packages/airflow/example_dags/example_branch_operator.py
[2022-11-16T14:31:53.243+0000] {logging_mixin.py:137} INFO - [2022-11-16T14:31:53.243+0000] {dag.py:2585} INFO - Sync 1 DAGs
[2022-11-16T14:31:53.282+0000] {logging_mixin.py:137} INFO - [2022-11-16T14:31:53.282+0000] {dag.py:3340} INFO - Setting next_dagrun for example_branch_operator to 2022-11-15T00:00:00+00:00, run_after=2022-11-16T00:00:00+00:00
[2022-11-16T14:31:53.313+0000] {processor.py:176} INFO - Processing /home/airflow/.local/lib/python3.7/site-packages/airflow/example_dags/example_branch_operator.py took 0.171 seconds
[2022-11-16T14:32:23.501+0000] {processor.py:154} INFO - Started process (PID=1794) to work on /home/airflow/.local/lib/python3.7/site-packages/airflow/example_dags/example_branch_operator.py
[2022-11-16T14:32:23.502+0000] {processor.py:756} INFO - Processing file /home/airflow/.local/lib/python3.7/site-packages/airflow/example_dags/example_branch_operator.py for tasks to queue
[2022-11-16T14:32:23.503+0000] {logging_mixin.py:137} INFO - [2022-11-16T14:32:23.503+0000] {dagbag.py:537} INFO - Filling up the DagBag from /home/airflow/.local/lib/python3.7/site-packages/airflow/example_dags/example_branch_operator.py
[2022-11-16T14:32:23.528+0000] {processor.py:766} INFO - DAG(s) dict_keys(['example_branch_operator']) retrieved from /home/airflow/.local/lib/python3.7/site-packages/airflow/example_dags/example_branch_operator.py
[2022-11-16T14:32:23.588+0000] {logging_mixin.py:137} INFO - [2022-11-16T14:32:23.588+0000] {dag.py:2585} INFO - Sync 1 DAGs
[2022-11-16T14:32:23.640+0000] {logging_mixin.py:137} INFO - [2022-11-16T14:32:23.639+0000] {dag.py:3340} INFO - Setting next_dagrun for example_branch_operator to 2022-11-15T00:00:00+00:00, run_after=2022-11-16T00:00:00+00:00
[2022-11-16T14:32:23.671+0000] {processor.py:176} INFO - Processing /home/airflow/.local/lib/python3.7/site-packages/airflow/example_dags/example_branch_operator.py took 0.176 seconds
[2022-11-16T14:32:53.936+0000] {processor.py:154} INFO - Started process (PID=1999) to work on /home/airflow/.local/lib/python3.7/site-packages/airflow/example_dags/example_branch_operator.py
[2022-11-16T14:32:53.937+0000] {processor.py:756} INFO - Processing file /home/airflow/.local/lib/python3.7/site-packages/airflow/example_dags/example_branch_operator.py for tasks to queue
[2022-11-16T14:32:53.937+0000] {logging_mixin.py:137} INFO - [2022-11-16T14:32:53.937+0000] {dagbag.py:537} INFO - Filling up the DagBag from /home/airflow/.local/lib/python3.7/site-packages/airflow/example_dags/example_branch_operator.py
[2022-11-16T14:32:53.967+0000] {processor.py:766} INFO - DAG(s) dict_keys(['example_branch_operator']) retrieved from /home/airflow/.local/lib/python3.7/site-packages/airflow/example_dags/example_branch_operator.py
[2022-11-16T14:32:54.046+0000] {logging_mixin.py:137} INFO - [2022-11-16T14:32:54.045+0000] {dag.py:2585} INFO - Sync 1 DAGs
[2022-11-16T14:32:54.097+0000] {logging_mixin.py:137} INFO - [2022-11-16T14:32:54.097+0000] {dag.py:3340} INFO - Setting next_dagrun for example_branch_operator to 2022-11-15T00:00:00+00:00, run_after=2022-11-16T00:00:00+00:00
[2022-11-16T14:32:54.130+0000] {processor.py:176} INFO - Processing /home/airflow/.local/lib/python3.7/site-packages/airflow/example_dags/example_branch_operator.py took 0.200 seconds
[2022-11-16T14:33:24.590+0000] {processor.py:154} INFO - Started process (PID=2197) to work on /home/airflow/.local/lib/python3.7/site-packages/airflow/example_dags/example_branch_operator.py
[2022-11-16T14:33:24.591+0000] {processor.py:756} INFO - Processing file /home/airflow/.local/lib/python3.7/site-packages/airflow/example_dags/example_branch_operator.py for tasks to queue
[2022-11-16T14:33:24.592+0000] {logging_mixin.py:137} INFO - [2022-11-16T14:33:24.592+0000] {dagbag.py:537} INFO - Filling up the DagBag from /home/airflow/.local/lib/python3.7/site-packages/airflow/example_dags/example_branch_operator.py
[2022-11-16T14:33:24.626+0000] {processor.py:766} INFO - DAG(s) dict_keys(['example_branch_operator']) retrieved from /home/airflow/.local/lib/python3.7/site-packages/airflow/example_dags/example_branch_operator.py
[2022-11-16T14:33:24.692+0000] {logging_mixin.py:137} INFO - [2022-11-16T14:33:24.692+0000] {dag.py:2585} INFO - Sync 1 DAGs
[2022-11-16T14:33:24.764+0000] {logging_mixin.py:137} INFO - [2022-11-16T14:33:24.764+0000] {dag.py:3340} INFO - Setting next_dagrun for example_branch_operator to 2022-11-15T00:00:00+00:00, run_after=2022-11-16T00:00:00+00:00
[2022-11-16T14:33:24.810+0000] {processor.py:176} INFO - Processing /home/airflow/.local/lib/python3.7/site-packages/airflow/example_dags/example_branch_operator.py took 0.225 seconds
[2022-11-16T14:33:55.209+0000] {processor.py:154} INFO - Started process (PID=2394) to work on /home/airflow/.local/lib/python3.7/site-packages/airflow/example_dags/example_branch_operator.py
[2022-11-16T14:33:55.214+0000] {processor.py:756} INFO - Processing file /home/airflow/.local/lib/python3.7/site-packages/airflow/example_dags/example_branch_operator.py for tasks to queue
[2022-11-16T14:33:55.215+0000] {logging_mixin.py:137} INFO - [2022-11-16T14:33:55.215+0000] {dagbag.py:537} INFO - Filling up the DagBag from /home/airflow/.local/lib/python3.7/site-packages/airflow/example_dags/example_branch_operator.py
[2022-11-16T14:33:55.317+0000] {processor.py:766} INFO - DAG(s) dict_keys(['example_branch_operator']) retrieved from /home/airflow/.local/lib/python3.7/site-packages/airflow/example_dags/example_branch_operator.py
[2022-11-16T14:33:55.510+0000] {logging_mixin.py:137} INFO - [2022-11-16T14:33:55.509+0000] {dag.py:2585} INFO - Sync 1 DAGs
[2022-11-16T14:33:55.667+0000] {logging_mixin.py:137} INFO - [2022-11-16T14:33:55.667+0000] {dag.py:3340} INFO - Setting next_dagrun for example_branch_operator to 2022-11-15T00:00:00+00:00, run_after=2022-11-16T00:00:00+00:00
[2022-11-16T14:33:55.723+0000] {processor.py:176} INFO - Processing /home/airflow/.local/lib/python3.7/site-packages/airflow/example_dags/example_branch_operator.py took 0.531 seconds
[2022-11-16T14:34:26.650+0000] {processor.py:154} INFO - Started process (PID=2619) to work on /home/airflow/.local/lib/python3.7/site-packages/airflow/example_dags/example_branch_operator.py
[2022-11-16T14:34:26.651+0000] {processor.py:756} INFO - Processing file /home/airflow/.local/lib/python3.7/site-packages/airflow/example_dags/example_branch_operator.py for tasks to queue
[2022-11-16T14:34:26.652+0000] {logging_mixin.py:137} INFO - [2022-11-16T14:34:26.652+0000] {dagbag.py:537} INFO - Filling up the DagBag from /home/airflow/.local/lib/python3.7/site-packages/airflow/example_dags/example_branch_operator.py
[2022-11-16T14:34:26.676+0000] {processor.py:766} INFO - DAG(s) dict_keys(['example_branch_operator']) retrieved from /home/airflow/.local/lib/python3.7/site-packages/airflow/example_dags/example_branch_operator.py
[2022-11-16T14:34:26.734+0000] {logging_mixin.py:137} INFO - [2022-11-16T14:34:26.734+0000] {dag.py:2585} INFO - Sync 1 DAGs
[2022-11-16T14:34:26.774+0000] {logging_mixin.py:137} INFO - [2022-11-16T14:34:26.774+0000] {dag.py:3340} INFO - Setting next_dagrun for example_branch_operator to 2022-11-15T00:00:00+00:00, run_after=2022-11-16T00:00:00+00:00
[2022-11-16T14:34:26.803+0000] {processor.py:176} INFO - Processing /home/airflow/.local/lib/python3.7/site-packages/airflow/example_dags/example_branch_operator.py took 0.156 seconds
[2022-11-16T14:34:57.584+0000] {processor.py:154} INFO - Started process (PID=2817) to work on /home/airflow/.local/lib/python3.7/site-packages/airflow/example_dags/example_branch_operator.py
[2022-11-16T14:34:57.585+0000] {processor.py:756} INFO - Processing file /home/airflow/.local/lib/python3.7/site-packages/airflow/example_dags/example_branch_operator.py for tasks to queue
[2022-11-16T14:34:57.586+0000] {logging_mixin.py:137} INFO - [2022-11-16T14:34:57.586+0000] {dagbag.py:537} INFO - Filling up the DagBag from /home/airflow/.local/lib/python3.7/site-packages/airflow/example_dags/example_branch_operator.py
[2022-11-16T14:34:57.625+0000] {processor.py:766} INFO - DAG(s) dict_keys(['example_branch_operator']) retrieved from /home/airflow/.local/lib/python3.7/site-packages/airflow/example_dags/example_branch_operator.py
[2022-11-16T14:34:57.706+0000] {logging_mixin.py:137} INFO - [2022-11-16T14:34:57.705+0000] {dag.py:2585} INFO - Sync 1 DAGs
[2022-11-16T14:34:57.768+0000] {logging_mixin.py:137} INFO - [2022-11-16T14:34:57.768+0000] {dag.py:3340} INFO - Setting next_dagrun for example_branch_operator to 2022-11-15T00:00:00+00:00, run_after=2022-11-16T00:00:00+00:00
[2022-11-16T14:34:57.806+0000] {processor.py:176} INFO - Processing /home/airflow/.local/lib/python3.7/site-packages/airflow/example_dags/example_branch_operator.py took 0.229 seconds
[2022-11-16T14:35:28.016+0000] {processor.py:154} INFO - Started process (PID=3013) to work on /home/airflow/.local/lib/python3.7/site-packages/airflow/example_dags/example_branch_operator.py
[2022-11-16T14:35:28.018+0000] {processor.py:756} INFO - Processing file /home/airflow/.local/lib/python3.7/site-packages/airflow/example_dags/example_branch_operator.py for tasks to queue
[2022-11-16T14:35:28.020+0000] {logging_mixin.py:137} INFO - [2022-11-16T14:35:28.020+0000] {dagbag.py:537} INFO - Filling up the DagBag from /home/airflow/.local/lib/python3.7/site-packages/airflow/example_dags/example_branch_operator.py
[2022-11-16T14:35:28.059+0000] {processor.py:766} INFO - DAG(s) dict_keys(['example_branch_operator']) retrieved from /home/airflow/.local/lib/python3.7/site-packages/airflow/example_dags/example_branch_operator.py
[2022-11-16T14:35:28.147+0000] {logging_mixin.py:137} INFO - [2022-11-16T14:35:28.147+0000] {dag.py:2585} INFO - Sync 1 DAGs
[2022-11-16T14:35:28.258+0000] {logging_mixin.py:137} INFO - [2022-11-16T14:35:28.257+0000] {dag.py:3340} INFO - Setting next_dagrun for example_branch_operator to 2022-11-15T00:00:00+00:00, run_after=2022-11-16T00:00:00+00:00
[2022-11-16T14:35:28.326+0000] {processor.py:176} INFO - Processing /home/airflow/.local/lib/python3.7/site-packages/airflow/example_dags/example_branch_operator.py took 0.315 seconds
[2022-11-16T14:35:59.088+0000] {processor.py:154} INFO - Started process (PID=3218) to work on /home/airflow/.local/lib/python3.7/site-packages/airflow/example_dags/example_branch_operator.py
[2022-11-16T14:35:59.089+0000] {processor.py:756} INFO - Processing file /home/airflow/.local/lib/python3.7/site-packages/airflow/example_dags/example_branch_operator.py for tasks to queue
[2022-11-16T14:35:59.090+0000] {logging_mixin.py:137} INFO - [2022-11-16T14:35:59.090+0000] {dagbag.py:537} INFO - Filling up the DagBag from /home/airflow/.local/lib/python3.7/site-packages/airflow/example_dags/example_branch_operator.py
[2022-11-16T14:35:59.128+0000] {processor.py:766} INFO - DAG(s) dict_keys(['example_branch_operator']) retrieved from /home/airflow/.local/lib/python3.7/site-packages/airflow/example_dags/example_branch_operator.py
[2022-11-16T14:35:59.203+0000] {logging_mixin.py:137} INFO - [2022-11-16T14:35:59.203+0000] {dag.py:2585} INFO - Sync 1 DAGs
[2022-11-16T14:35:59.258+0000] {logging_mixin.py:137} INFO - [2022-11-16T14:35:59.257+0000] {dag.py:3340} INFO - Setting next_dagrun for example_branch_operator to 2022-11-15T00:00:00+00:00, run_after=2022-11-16T00:00:00+00:00
[2022-11-16T14:35:59.294+0000] {processor.py:176} INFO - Processing /home/airflow/.local/lib/python3.7/site-packages/airflow/example_dags/example_branch_operator.py took 0.209 seconds
[2022-11-16T14:36:29.978+0000] {processor.py:154} INFO - Started process (PID=3415) to work on /home/airflow/.local/lib/python3.7/site-packages/airflow/example_dags/example_branch_operator.py
[2022-11-16T14:36:29.980+0000] {processor.py:756} INFO - Processing file /home/airflow/.local/lib/python3.7/site-packages/airflow/example_dags/example_branch_operator.py for tasks to queue
[2022-11-16T14:36:29.981+0000] {logging_mixin.py:137} INFO - [2022-11-16T14:36:29.981+0000] {dagbag.py:537} INFO - Filling up the DagBag from /home/airflow/.local/lib/python3.7/site-packages/airflow/example_dags/example_branch_operator.py
[2022-11-16T14:36:30.005+0000] {processor.py:766} INFO - DAG(s) dict_keys(['example_branch_operator']) retrieved from /home/airflow/.local/lib/python3.7/site-packages/airflow/example_dags/example_branch_operator.py
[2022-11-16T14:36:30.072+0000] {logging_mixin.py:137} INFO - [2022-11-16T14:36:30.072+0000] {dag.py:2585} INFO - Sync 1 DAGs
[2022-11-16T14:36:30.110+0000] {logging_mixin.py:137} INFO - [2022-11-16T14:36:30.110+0000] {dag.py:3340} INFO - Setting next_dagrun for example_branch_operator to 2022-11-15T00:00:00+00:00, run_after=2022-11-16T00:00:00+00:00
[2022-11-16T14:36:30.140+0000] {processor.py:176} INFO - Processing /home/airflow/.local/lib/python3.7/site-packages/airflow/example_dags/example_branch_operator.py took 0.165 seconds
[2022-11-16T14:37:00.621+0000] {processor.py:154} INFO - Started process (PID=3621) to work on /home/airflow/.local/lib/python3.7/site-packages/airflow/example_dags/example_branch_operator.py
[2022-11-16T14:37:00.624+0000] {processor.py:756} INFO - Processing file /home/airflow/.local/lib/python3.7/site-packages/airflow/example_dags/example_branch_operator.py for tasks to queue
[2022-11-16T14:37:00.626+0000] {logging_mixin.py:137} INFO - [2022-11-16T14:37:00.625+0000] {dagbag.py:537} INFO - Filling up the DagBag from /home/airflow/.local/lib/python3.7/site-packages/airflow/example_dags/example_branch_operator.py
[2022-11-16T14:37:00.659+0000] {processor.py:766} INFO - DAG(s) dict_keys(['example_branch_operator']) retrieved from /home/airflow/.local/lib/python3.7/site-packages/airflow/example_dags/example_branch_operator.py
[2022-11-16T14:37:00.760+0000] {logging_mixin.py:137} INFO - [2022-11-16T14:37:00.760+0000] {dag.py:2585} INFO - Sync 1 DAGs
[2022-11-16T14:37:00.825+0000] {logging_mixin.py:137} INFO - [2022-11-16T14:37:00.824+0000] {dag.py:3340} INFO - Setting next_dagrun for example_branch_operator to 2022-11-15T00:00:00+00:00, run_after=2022-11-16T00:00:00+00:00
[2022-11-16T14:37:00.856+0000] {processor.py:176} INFO - Processing /home/airflow/.local/lib/python3.7/site-packages/airflow/example_dags/example_branch_operator.py took 0.240 seconds
[2022-11-16T14:37:31.191+0000] {processor.py:154} INFO - Started process (PID=3819) to work on /home/airflow/.local/lib/python3.7/site-packages/airflow/example_dags/example_branch_operator.py
[2022-11-16T14:37:31.192+0000] {processor.py:756} INFO - Processing file /home/airflow/.local/lib/python3.7/site-packages/airflow/example_dags/example_branch_operator.py for tasks to queue
[2022-11-16T14:37:31.193+0000] {logging_mixin.py:137} INFO - [2022-11-16T14:37:31.193+0000] {dagbag.py:537} INFO - Filling up the DagBag from /home/airflow/.local/lib/python3.7/site-packages/airflow/example_dags/example_branch_operator.py
[2022-11-16T14:37:31.225+0000] {processor.py:766} INFO - DAG(s) dict_keys(['example_branch_operator']) retrieved from /home/airflow/.local/lib/python3.7/site-packages/airflow/example_dags/example_branch_operator.py
[2022-11-16T14:37:31.292+0000] {logging_mixin.py:137} INFO - [2022-11-16T14:37:31.292+0000] {dag.py:2585} INFO - Sync 1 DAGs
[2022-11-16T14:37:31.343+0000] {logging_mixin.py:137} INFO - [2022-11-16T14:37:31.343+0000] {dag.py:3340} INFO - Setting next_dagrun for example_branch_operator to 2022-11-15T00:00:00+00:00, run_after=2022-11-16T00:00:00+00:00
[2022-11-16T14:37:31.379+0000] {processor.py:176} INFO - Processing /home/airflow/.local/lib/python3.7/site-packages/airflow/example_dags/example_branch_operator.py took 0.191 seconds
[2022-11-16T14:38:02.005+0000] {processor.py:154} INFO - Started process (PID=4017) to work on /home/airflow/.local/lib/python3.7/site-packages/airflow/example_dags/example_branch_operator.py
[2022-11-16T14:38:02.008+0000] {processor.py:756} INFO - Processing file /home/airflow/.local/lib/python3.7/site-packages/airflow/example_dags/example_branch_operator.py for tasks to queue
[2022-11-16T14:38:02.009+0000] {logging_mixin.py:137} INFO - [2022-11-16T14:38:02.009+0000] {dagbag.py:537} INFO - Filling up the DagBag from /home/airflow/.local/lib/python3.7/site-packages/airflow/example_dags/example_branch_operator.py
[2022-11-16T14:38:02.049+0000] {processor.py:766} INFO - DAG(s) dict_keys(['example_branch_operator']) retrieved from /home/airflow/.local/lib/python3.7/site-packages/airflow/example_dags/example_branch_operator.py
[2022-11-16T14:38:02.148+0000] {logging_mixin.py:137} INFO - [2022-11-16T14:38:02.148+0000] {dag.py:2585} INFO - Sync 1 DAGs
[2022-11-16T14:38:02.215+0000] {logging_mixin.py:137} INFO - [2022-11-16T14:38:02.214+0000] {dag.py:3340} INFO - Setting next_dagrun for example_branch_operator to 2022-11-15T00:00:00+00:00, run_after=2022-11-16T00:00:00+00:00
[2022-11-16T14:38:02.272+0000] {processor.py:176} INFO - Processing /home/airflow/.local/lib/python3.7/site-packages/airflow/example_dags/example_branch_operator.py took 0.273 seconds
[2022-11-16T14:38:32.732+0000] {processor.py:154} INFO - Started process (PID=4224) to work on /home/airflow/.local/lib/python3.7/site-packages/airflow/example_dags/example_branch_operator.py
[2022-11-16T14:38:32.733+0000] {processor.py:756} INFO - Processing file /home/airflow/.local/lib/python3.7/site-packages/airflow/example_dags/example_branch_operator.py for tasks to queue
[2022-11-16T14:38:32.735+0000] {logging_mixin.py:137} INFO - [2022-11-16T14:38:32.734+0000] {dagbag.py:537} INFO - Filling up the DagBag from /home/airflow/.local/lib/python3.7/site-packages/airflow/example_dags/example_branch_operator.py
[2022-11-16T14:38:32.764+0000] {processor.py:766} INFO - DAG(s) dict_keys(['example_branch_operator']) retrieved from /home/airflow/.local/lib/python3.7/site-packages/airflow/example_dags/example_branch_operator.py
[2022-11-16T14:38:32.836+0000] {logging_mixin.py:137} INFO - [2022-11-16T14:38:32.836+0000] {dag.py:2585} INFO - Sync 1 DAGs
[2022-11-16T14:38:32.881+0000] {logging_mixin.py:137} INFO - [2022-11-16T14:38:32.881+0000] {dag.py:3340} INFO - Setting next_dagrun for example_branch_operator to 2022-11-15T00:00:00+00:00, run_after=2022-11-16T00:00:00+00:00
[2022-11-16T14:38:32.918+0000] {processor.py:176} INFO - Processing /home/airflow/.local/lib/python3.7/site-packages/airflow/example_dags/example_branch_operator.py took 0.191 seconds
[2022-11-16T14:39:03.560+0000] {processor.py:154} INFO - Started process (PID=4422) to work on /home/airflow/.local/lib/python3.7/site-packages/airflow/example_dags/example_branch_operator.py
[2022-11-16T14:39:03.563+0000] {processor.py:756} INFO - Processing file /home/airflow/.local/lib/python3.7/site-packages/airflow/example_dags/example_branch_operator.py for tasks to queue
[2022-11-16T14:39:03.565+0000] {logging_mixin.py:137} INFO - [2022-11-16T14:39:03.564+0000] {dagbag.py:537} INFO - Filling up the DagBag from /home/airflow/.local/lib/python3.7/site-packages/airflow/example_dags/example_branch_operator.py
[2022-11-16T14:39:03.598+0000] {processor.py:766} INFO - DAG(s) dict_keys(['example_branch_operator']) retrieved from /home/airflow/.local/lib/python3.7/site-packages/airflow/example_dags/example_branch_operator.py
[2022-11-16T14:39:03.727+0000] {logging_mixin.py:137} INFO - [2022-11-16T14:39:03.726+0000] {dag.py:2585} INFO - Sync 1 DAGs
[2022-11-16T14:39:03.805+0000] {logging_mixin.py:137} INFO - [2022-11-16T14:39:03.805+0000] {dag.py:3340} INFO - Setting next_dagrun for example_branch_operator to 2022-11-15T00:00:00+00:00, run_after=2022-11-16T00:00:00+00:00
[2022-11-16T14:39:03.837+0000] {processor.py:176} INFO - Processing /home/airflow/.local/lib/python3.7/site-packages/airflow/example_dags/example_branch_operator.py took 0.284 seconds
[2022-11-16T14:39:34.665+0000] {processor.py:154} INFO - Started process (PID=4630) to work on /home/airflow/.local/lib/python3.7/site-packages/airflow/example_dags/example_branch_operator.py
[2022-11-16T14:39:34.669+0000] {processor.py:756} INFO - Processing file /home/airflow/.local/lib/python3.7/site-packages/airflow/example_dags/example_branch_operator.py for tasks to queue
[2022-11-16T14:39:34.671+0000] {logging_mixin.py:137} INFO - [2022-11-16T14:39:34.670+0000] {dagbag.py:537} INFO - Filling up the DagBag from /home/airflow/.local/lib/python3.7/site-packages/airflow/example_dags/example_branch_operator.py
[2022-11-16T14:39:34.718+0000] {processor.py:766} INFO - DAG(s) dict_keys(['example_branch_operator']) retrieved from /home/airflow/.local/lib/python3.7/site-packages/airflow/example_dags/example_branch_operator.py
[2022-11-16T14:39:34.805+0000] {logging_mixin.py:137} INFO - [2022-11-16T14:39:34.805+0000] {dag.py:2585} INFO - Sync 1 DAGs
[2022-11-16T14:39:34.855+0000] {logging_mixin.py:137} INFO - [2022-11-16T14:39:34.855+0000] {dag.py:3340} INFO - Setting next_dagrun for example_branch_operator to 2022-11-15T00:00:00+00:00, run_after=2022-11-16T00:00:00+00:00
[2022-11-16T14:39:34.900+0000] {processor.py:176} INFO - Processing /home/airflow/.local/lib/python3.7/site-packages/airflow/example_dags/example_branch_operator.py took 0.243 seconds
[2022-11-16T14:40:05.153+0000] {processor.py:154} INFO - Started process (PID=4828) to work on /home/airflow/.local/lib/python3.7/site-packages/airflow/example_dags/example_branch_operator.py
[2022-11-16T14:40:05.154+0000] {processor.py:756} INFO - Processing file /home/airflow/.local/lib/python3.7/site-packages/airflow/example_dags/example_branch_operator.py for tasks to queue
[2022-11-16T14:40:05.156+0000] {logging_mixin.py:137} INFO - [2022-11-16T14:40:05.155+0000] {dagbag.py:537} INFO - Filling up the DagBag from /home/airflow/.local/lib/python3.7/site-packages/airflow/example_dags/example_branch_operator.py
[2022-11-16T14:40:05.185+0000] {processor.py:766} INFO - DAG(s) dict_keys(['example_branch_operator']) retrieved from /home/airflow/.local/lib/python3.7/site-packages/airflow/example_dags/example_branch_operator.py
[2022-11-16T14:40:05.252+0000] {logging_mixin.py:137} INFO - [2022-11-16T14:40:05.251+0000] {dag.py:2585} INFO - Sync 1 DAGs
[2022-11-16T14:40:05.300+0000] {logging_mixin.py:137} INFO - [2022-11-16T14:40:05.300+0000] {dag.py:3340} INFO - Setting next_dagrun for example_branch_operator to 2022-11-15T00:00:00+00:00, run_after=2022-11-16T00:00:00+00:00
[2022-11-16T14:40:05.336+0000] {processor.py:176} INFO - Processing /home/airflow/.local/lib/python3.7/site-packages/airflow/example_dags/example_branch_operator.py took 0.189 seconds
[2022-11-16T14:40:35.865+0000] {processor.py:154} INFO - Started process (PID=5026) to work on /home/airflow/.local/lib/python3.7/site-packages/airflow/example_dags/example_branch_operator.py
[2022-11-16T14:40:35.867+0000] {processor.py:756} INFO - Processing file /home/airflow/.local/lib/python3.7/site-packages/airflow/example_dags/example_branch_operator.py for tasks to queue
[2022-11-16T14:40:35.870+0000] {logging_mixin.py:137} INFO - [2022-11-16T14:40:35.870+0000] {dagbag.py:537} INFO - Filling up the DagBag from /home/airflow/.local/lib/python3.7/site-packages/airflow/example_dags/example_branch_operator.py
[2022-11-16T14:40:35.909+0000] {processor.py:766} INFO - DAG(s) dict_keys(['example_branch_operator']) retrieved from /home/airflow/.local/lib/python3.7/site-packages/airflow/example_dags/example_branch_operator.py
[2022-11-16T14:40:36.010+0000] {logging_mixin.py:137} INFO - [2022-11-16T14:40:36.010+0000] {dag.py:2585} INFO - Sync 1 DAGs
[2022-11-16T14:40:36.069+0000] {logging_mixin.py:137} INFO - [2022-11-16T14:40:36.069+0000] {dag.py:3340} INFO - Setting next_dagrun for example_branch_operator to 2022-11-15T00:00:00+00:00, run_after=2022-11-16T00:00:00+00:00
[2022-11-16T14:40:36.116+0000] {processor.py:176} INFO - Processing /home/airflow/.local/lib/python3.7/site-packages/airflow/example_dags/example_branch_operator.py took 0.257 seconds
[2022-11-16T14:41:06.493+0000] {processor.py:154} INFO - Started process (PID=5232) to work on /home/airflow/.local/lib/python3.7/site-packages/airflow/example_dags/example_branch_operator.py
[2022-11-16T14:41:06.495+0000] {processor.py:756} INFO - Processing file /home/airflow/.local/lib/python3.7/site-packages/airflow/example_dags/example_branch_operator.py for tasks to queue
[2022-11-16T14:41:06.496+0000] {logging_mixin.py:137} INFO - [2022-11-16T14:41:06.496+0000] {dagbag.py:537} INFO - Filling up the DagBag from /home/airflow/.local/lib/python3.7/site-packages/airflow/example_dags/example_branch_operator.py
[2022-11-16T14:41:06.525+0000] {processor.py:766} INFO - DAG(s) dict_keys(['example_branch_operator']) retrieved from /home/airflow/.local/lib/python3.7/site-packages/airflow/example_dags/example_branch_operator.py
[2022-11-16T14:41:06.606+0000] {logging_mixin.py:137} INFO - [2022-11-16T14:41:06.605+0000] {dag.py:2585} INFO - Sync 1 DAGs
[2022-11-16T14:41:06.655+0000] {logging_mixin.py:137} INFO - [2022-11-16T14:41:06.654+0000] {dag.py:3340} INFO - Setting next_dagrun for example_branch_operator to 2022-11-15T00:00:00+00:00, run_after=2022-11-16T00:00:00+00:00
[2022-11-16T14:41:06.690+0000] {processor.py:176} INFO - Processing /home/airflow/.local/lib/python3.7/site-packages/airflow/example_dags/example_branch_operator.py took 0.200 seconds
[2022-11-16T14:41:36.751+0000] {processor.py:154} INFO - Started process (PID=5429) to work on /home/airflow/.local/lib/python3.7/site-packages/airflow/example_dags/example_branch_operator.py
[2022-11-16T14:41:36.752+0000] {processor.py:756} INFO - Processing file /home/airflow/.local/lib/python3.7/site-packages/airflow/example_dags/example_branch_operator.py for tasks to queue
[2022-11-16T14:41:36.753+0000] {logging_mixin.py:137} INFO - [2022-11-16T14:41:36.752+0000] {dagbag.py:537} INFO - Filling up the DagBag from /home/airflow/.local/lib/python3.7/site-packages/airflow/example_dags/example_branch_operator.py
[2022-11-16T14:41:36.782+0000] {processor.py:766} INFO - DAG(s) dict_keys(['example_branch_operator']) retrieved from /home/airflow/.local/lib/python3.7/site-packages/airflow/example_dags/example_branch_operator.py
[2022-11-16T14:41:36.852+0000] {logging_mixin.py:137} INFO - [2022-11-16T14:41:36.851+0000] {dag.py:2585} INFO - Sync 1 DAGs
[2022-11-16T14:41:36.894+0000] {logging_mixin.py:137} INFO - [2022-11-16T14:41:36.894+0000] {dag.py:3340} INFO - Setting next_dagrun for example_branch_operator to 2022-11-15T00:00:00+00:00, run_after=2022-11-16T00:00:00+00:00
[2022-11-16T14:41:36.937+0000] {processor.py:176} INFO - Processing /home/airflow/.local/lib/python3.7/site-packages/airflow/example_dags/example_branch_operator.py took 0.192 seconds
[2022-11-16T14:42:07.256+0000] {processor.py:154} INFO - Started process (PID=5636) to work on /home/airflow/.local/lib/python3.7/site-packages/airflow/example_dags/example_branch_operator.py
[2022-11-16T14:42:07.257+0000] {processor.py:756} INFO - Processing file /home/airflow/.local/lib/python3.7/site-packages/airflow/example_dags/example_branch_operator.py for tasks to queue
[2022-11-16T14:42:07.258+0000] {logging_mixin.py:137} INFO - [2022-11-16T14:42:07.257+0000] {dagbag.py:537} INFO - Filling up the DagBag from /home/airflow/.local/lib/python3.7/site-packages/airflow/example_dags/example_branch_operator.py
[2022-11-16T14:42:07.302+0000] {processor.py:766} INFO - DAG(s) dict_keys(['example_branch_operator']) retrieved from /home/airflow/.local/lib/python3.7/site-packages/airflow/example_dags/example_branch_operator.py
[2022-11-16T14:42:07.391+0000] {logging_mixin.py:137} INFO - [2022-11-16T14:42:07.391+0000] {dag.py:2585} INFO - Sync 1 DAGs
[2022-11-16T14:42:07.461+0000] {logging_mixin.py:137} INFO - [2022-11-16T14:42:07.461+0000] {dag.py:3340} INFO - Setting next_dagrun for example_branch_operator to 2022-11-15T00:00:00+00:00, run_after=2022-11-16T00:00:00+00:00
[2022-11-16T14:42:07.509+0000] {processor.py:176} INFO - Processing /home/airflow/.local/lib/python3.7/site-packages/airflow/example_dags/example_branch_operator.py took 0.258 seconds
[2022-11-16T14:42:37.593+0000] {processor.py:154} INFO - Started process (PID=5834) to work on /home/airflow/.local/lib/python3.7/site-packages/airflow/example_dags/example_branch_operator.py
[2022-11-16T14:42:37.594+0000] {processor.py:756} INFO - Processing file /home/airflow/.local/lib/python3.7/site-packages/airflow/example_dags/example_branch_operator.py for tasks to queue
[2022-11-16T14:42:37.596+0000] {logging_mixin.py:137} INFO - [2022-11-16T14:42:37.595+0000] {dagbag.py:537} INFO - Filling up the DagBag from /home/airflow/.local/lib/python3.7/site-packages/airflow/example_dags/example_branch_operator.py
[2022-11-16T14:42:37.625+0000] {processor.py:766} INFO - DAG(s) dict_keys(['example_branch_operator']) retrieved from /home/airflow/.local/lib/python3.7/site-packages/airflow/example_dags/example_branch_operator.py
[2022-11-16T14:42:37.700+0000] {logging_mixin.py:137} INFO - [2022-11-16T14:42:37.700+0000] {dag.py:2585} INFO - Sync 1 DAGs
[2022-11-16T14:42:37.761+0000] {logging_mixin.py:137} INFO - [2022-11-16T14:42:37.761+0000] {dag.py:3340} INFO - Setting next_dagrun for example_branch_operator to 2022-11-15T00:00:00+00:00, run_after=2022-11-16T00:00:00+00:00
[2022-11-16T14:42:37.796+0000] {processor.py:176} INFO - Processing /home/airflow/.local/lib/python3.7/site-packages/airflow/example_dags/example_branch_operator.py took 0.210 seconds
[2022-11-16T14:43:08.076+0000] {processor.py:154} INFO - Started process (PID=6041) to work on /home/airflow/.local/lib/python3.7/site-packages/airflow/example_dags/example_branch_operator.py
[2022-11-16T14:43:08.078+0000] {processor.py:756} INFO - Processing file /home/airflow/.local/lib/python3.7/site-packages/airflow/example_dags/example_branch_operator.py for tasks to queue
[2022-11-16T14:43:08.079+0000] {logging_mixin.py:137} INFO - [2022-11-16T14:43:08.079+0000] {dagbag.py:537} INFO - Filling up the DagBag from /home/airflow/.local/lib/python3.7/site-packages/airflow/example_dags/example_branch_operator.py
[2022-11-16T14:43:08.124+0000] {processor.py:766} INFO - DAG(s) dict_keys(['example_branch_operator']) retrieved from /home/airflow/.local/lib/python3.7/site-packages/airflow/example_dags/example_branch_operator.py
[2022-11-16T14:43:08.209+0000] {logging_mixin.py:137} INFO - [2022-11-16T14:43:08.209+0000] {dag.py:2585} INFO - Sync 1 DAGs
[2022-11-16T14:43:08.286+0000] {logging_mixin.py:137} INFO - [2022-11-16T14:43:08.286+0000] {dag.py:3340} INFO - Setting next_dagrun for example_branch_operator to 2022-11-15T00:00:00+00:00, run_after=2022-11-16T00:00:00+00:00
[2022-11-16T14:43:08.331+0000] {processor.py:176} INFO - Processing /home/airflow/.local/lib/python3.7/site-packages/airflow/example_dags/example_branch_operator.py took 0.266 seconds
[2022-11-16T14:43:38.583+0000] {processor.py:154} INFO - Started process (PID=6239) to work on /home/airflow/.local/lib/python3.7/site-packages/airflow/example_dags/example_branch_operator.py
[2022-11-16T14:43:38.585+0000] {processor.py:756} INFO - Processing file /home/airflow/.local/lib/python3.7/site-packages/airflow/example_dags/example_branch_operator.py for tasks to queue
[2022-11-16T14:43:38.586+0000] {logging_mixin.py:137} INFO - [2022-11-16T14:43:38.585+0000] {dagbag.py:537} INFO - Filling up the DagBag from /home/airflow/.local/lib/python3.7/site-packages/airflow/example_dags/example_branch_operator.py
[2022-11-16T14:43:38.616+0000] {processor.py:766} INFO - DAG(s) dict_keys(['example_branch_operator']) retrieved from /home/airflow/.local/lib/python3.7/site-packages/airflow/example_dags/example_branch_operator.py
[2022-11-16T14:43:38.686+0000] {logging_mixin.py:137} INFO - [2022-11-16T14:43:38.686+0000] {dag.py:2585} INFO - Sync 1 DAGs
[2022-11-16T14:43:38.733+0000] {logging_mixin.py:137} INFO - [2022-11-16T14:43:38.733+0000] {dag.py:3340} INFO - Setting next_dagrun for example_branch_operator to 2022-11-15T00:00:00+00:00, run_after=2022-11-16T00:00:00+00:00
[2022-11-16T14:43:38.768+0000] {processor.py:176} INFO - Processing /home/airflow/.local/lib/python3.7/site-packages/airflow/example_dags/example_branch_operator.py took 0.193 seconds
[2022-11-16T14:44:08.946+0000] {processor.py:154} INFO - Started process (PID=6444) to work on /home/airflow/.local/lib/python3.7/site-packages/airflow/example_dags/example_branch_operator.py
[2022-11-16T14:44:08.947+0000] {processor.py:756} INFO - Processing file /home/airflow/.local/lib/python3.7/site-packages/airflow/example_dags/example_branch_operator.py for tasks to queue
[2022-11-16T14:44:08.948+0000] {logging_mixin.py:137} INFO - [2022-11-16T14:44:08.948+0000] {dagbag.py:537} INFO - Filling up the DagBag from /home/airflow/.local/lib/python3.7/site-packages/airflow/example_dags/example_branch_operator.py
[2022-11-16T14:44:08.980+0000] {processor.py:766} INFO - DAG(s) dict_keys(['example_branch_operator']) retrieved from /home/airflow/.local/lib/python3.7/site-packages/airflow/example_dags/example_branch_operator.py
[2022-11-16T14:44:09.060+0000] {logging_mixin.py:137} INFO - [2022-11-16T14:44:09.059+0000] {dag.py:2585} INFO - Sync 1 DAGs
[2022-11-16T14:44:09.126+0000] {logging_mixin.py:137} INFO - [2022-11-16T14:44:09.125+0000] {dag.py:3340} INFO - Setting next_dagrun for example_branch_operator to 2022-11-15T00:00:00+00:00, run_after=2022-11-16T00:00:00+00:00
[2022-11-16T14:44:09.168+0000] {processor.py:176} INFO - Processing /home/airflow/.local/lib/python3.7/site-packages/airflow/example_dags/example_branch_operator.py took 0.227 seconds
[2022-11-16T14:44:39.475+0000] {processor.py:154} INFO - Started process (PID=6644) to work on /home/airflow/.local/lib/python3.7/site-packages/airflow/example_dags/example_branch_operator.py
[2022-11-16T14:44:39.476+0000] {processor.py:756} INFO - Processing file /home/airflow/.local/lib/python3.7/site-packages/airflow/example_dags/example_branch_operator.py for tasks to queue
[2022-11-16T14:44:39.479+0000] {logging_mixin.py:137} INFO - [2022-11-16T14:44:39.479+0000] {dagbag.py:537} INFO - Filling up the DagBag from /home/airflow/.local/lib/python3.7/site-packages/airflow/example_dags/example_branch_operator.py
[2022-11-16T14:44:39.506+0000] {processor.py:766} INFO - DAG(s) dict_keys(['example_branch_operator']) retrieved from /home/airflow/.local/lib/python3.7/site-packages/airflow/example_dags/example_branch_operator.py
[2022-11-16T14:44:39.581+0000] {logging_mixin.py:137} INFO - [2022-11-16T14:44:39.581+0000] {dag.py:2585} INFO - Sync 1 DAGs
[2022-11-16T14:44:39.634+0000] {logging_mixin.py:137} INFO - [2022-11-16T14:44:39.634+0000] {dag.py:3340} INFO - Setting next_dagrun for example_branch_operator to 2022-11-15T00:00:00+00:00, run_after=2022-11-16T00:00:00+00:00
[2022-11-16T14:44:39.673+0000] {processor.py:176} INFO - Processing /home/airflow/.local/lib/python3.7/site-packages/airflow/example_dags/example_branch_operator.py took 0.203 seconds
[2022-11-16T14:45:10.024+0000] {processor.py:154} INFO - Started process (PID=6842) to work on /home/airflow/.local/lib/python3.7/site-packages/airflow/example_dags/example_branch_operator.py
[2022-11-16T14:45:10.025+0000] {processor.py:756} INFO - Processing file /home/airflow/.local/lib/python3.7/site-packages/airflow/example_dags/example_branch_operator.py for tasks to queue
[2022-11-16T14:45:10.027+0000] {logging_mixin.py:137} INFO - [2022-11-16T14:45:10.026+0000] {dagbag.py:537} INFO - Filling up the DagBag from /home/airflow/.local/lib/python3.7/site-packages/airflow/example_dags/example_branch_operator.py
[2022-11-16T14:45:10.061+0000] {processor.py:766} INFO - DAG(s) dict_keys(['example_branch_operator']) retrieved from /home/airflow/.local/lib/python3.7/site-packages/airflow/example_dags/example_branch_operator.py
[2022-11-16T14:45:10.127+0000] {logging_mixin.py:137} INFO - [2022-11-16T14:45:10.127+0000] {dag.py:2585} INFO - Sync 1 DAGs
[2022-11-16T14:45:10.170+0000] {logging_mixin.py:137} INFO - [2022-11-16T14:45:10.170+0000] {dag.py:3340} INFO - Setting next_dagrun for example_branch_operator to 2022-11-15T00:00:00+00:00, run_after=2022-11-16T00:00:00+00:00
[2022-11-16T14:45:10.205+0000] {processor.py:176} INFO - Processing /home/airflow/.local/lib/python3.7/site-packages/airflow/example_dags/example_branch_operator.py took 0.185 seconds
