[2022-11-16T14:28:21.463+0000] {processor.py:154} INFO - Started process (PID=323) to work on /home/airflow/.local/lib/python3.7/site-packages/airflow/example_dags/example_branch_operator_decorator.py
[2022-11-16T14:28:21.464+0000] {processor.py:756} INFO - Processing file /home/airflow/.local/lib/python3.7/site-packages/airflow/example_dags/example_branch_operator_decorator.py for tasks to queue
[2022-11-16T14:28:21.465+0000] {logging_mixin.py:137} INFO - [2022-11-16T14:28:21.465+0000] {dagbag.py:537} INFO - Filling up the DagBag from /home/airflow/.local/lib/python3.7/site-packages/airflow/example_dags/example_branch_operator_decorator.py
[2022-11-16T14:28:21.515+0000] {processor.py:766} INFO - DAG(s) dict_keys(['example_branch_python_operator_decorator']) retrieved from /home/airflow/.local/lib/python3.7/site-packages/airflow/example_dags/example_branch_operator_decorator.py
[2022-11-16T14:28:21.579+0000] {logging_mixin.py:137} INFO - [2022-11-16T14:28:21.579+0000] {dag.py:2585} INFO - Sync 1 DAGs
[2022-11-16T14:28:21.630+0000] {logging_mixin.py:137} INFO - [2022-11-16T14:28:21.630+0000] {dag.py:3340} INFO - Setting next_dagrun for example_branch_python_operator_decorator to 2022-11-15T00:00:00+00:00, run_after=2022-11-16T00:00:00+00:00
[2022-11-16T14:28:21.675+0000] {processor.py:176} INFO - Processing /home/airflow/.local/lib/python3.7/site-packages/airflow/example_dags/example_branch_operator_decorator.py took 0.218 seconds
[2022-11-16T14:28:54.434+0000] {processor.py:154} INFO - Started process (PID=530) to work on /home/airflow/.local/lib/python3.7/site-packages/airflow/example_dags/example_branch_operator_decorator.py
[2022-11-16T14:28:54.435+0000] {processor.py:756} INFO - Processing file /home/airflow/.local/lib/python3.7/site-packages/airflow/example_dags/example_branch_operator_decorator.py for tasks to queue
[2022-11-16T14:28:54.436+0000] {logging_mixin.py:137} INFO - [2022-11-16T14:28:54.436+0000] {dagbag.py:537} INFO - Filling up the DagBag from /home/airflow/.local/lib/python3.7/site-packages/airflow/example_dags/example_branch_operator_decorator.py
[2022-11-16T14:28:54.490+0000] {processor.py:766} INFO - DAG(s) dict_keys(['example_branch_python_operator_decorator']) retrieved from /home/airflow/.local/lib/python3.7/site-packages/airflow/example_dags/example_branch_operator_decorator.py
[2022-11-16T14:28:54.570+0000] {logging_mixin.py:137} INFO - [2022-11-16T14:28:54.570+0000] {dag.py:2585} INFO - Sync 1 DAGs
[2022-11-16T14:28:54.628+0000] {logging_mixin.py:137} INFO - [2022-11-16T14:28:54.628+0000] {dag.py:3340} INFO - Setting next_dagrun for example_branch_python_operator_decorator to 2022-11-15T00:00:00+00:00, run_after=2022-11-16T00:00:00+00:00
[2022-11-16T14:28:54.663+0000] {processor.py:176} INFO - Processing /home/airflow/.local/lib/python3.7/site-packages/airflow/example_dags/example_branch_operator_decorator.py took 0.233 seconds
[2022-11-16T14:29:24.939+0000] {processor.py:154} INFO - Started process (PID=729) to work on /home/airflow/.local/lib/python3.7/site-packages/airflow/example_dags/example_branch_operator_decorator.py
[2022-11-16T14:29:24.940+0000] {processor.py:756} INFO - Processing file /home/airflow/.local/lib/python3.7/site-packages/airflow/example_dags/example_branch_operator_decorator.py for tasks to queue
[2022-11-16T14:29:24.942+0000] {logging_mixin.py:137} INFO - [2022-11-16T14:29:24.941+0000] {dagbag.py:537} INFO - Filling up the DagBag from /home/airflow/.local/lib/python3.7/site-packages/airflow/example_dags/example_branch_operator_decorator.py
[2022-11-16T14:29:24.983+0000] {processor.py:766} INFO - DAG(s) dict_keys(['example_branch_python_operator_decorator']) retrieved from /home/airflow/.local/lib/python3.7/site-packages/airflow/example_dags/example_branch_operator_decorator.py
[2022-11-16T14:29:25.047+0000] {logging_mixin.py:137} INFO - [2022-11-16T14:29:25.047+0000] {dag.py:2585} INFO - Sync 1 DAGs
[2022-11-16T14:29:25.099+0000] {logging_mixin.py:137} INFO - [2022-11-16T14:29:25.099+0000] {dag.py:3340} INFO - Setting next_dagrun for example_branch_python_operator_decorator to 2022-11-15T00:00:00+00:00, run_after=2022-11-16T00:00:00+00:00
[2022-11-16T14:29:25.127+0000] {processor.py:176} INFO - Processing /home/airflow/.local/lib/python3.7/site-packages/airflow/example_dags/example_branch_operator_decorator.py took 0.192 seconds
[2022-11-16T14:29:57.814+0000] {processor.py:154} INFO - Started process (PID=935) to work on /home/airflow/.local/lib/python3.7/site-packages/airflow/example_dags/example_branch_operator_decorator.py
[2022-11-16T14:29:57.816+0000] {processor.py:756} INFO - Processing file /home/airflow/.local/lib/python3.7/site-packages/airflow/example_dags/example_branch_operator_decorator.py for tasks to queue
[2022-11-16T14:29:57.817+0000] {logging_mixin.py:137} INFO - [2022-11-16T14:29:57.816+0000] {dagbag.py:537} INFO - Filling up the DagBag from /home/airflow/.local/lib/python3.7/site-packages/airflow/example_dags/example_branch_operator_decorator.py
[2022-11-16T14:29:57.927+0000] {processor.py:766} INFO - DAG(s) dict_keys(['example_branch_python_operator_decorator']) retrieved from /home/airflow/.local/lib/python3.7/site-packages/airflow/example_dags/example_branch_operator_decorator.py
[2022-11-16T14:29:58.105+0000] {logging_mixin.py:137} INFO - [2022-11-16T14:29:58.105+0000] {dag.py:2585} INFO - Sync 1 DAGs
[2022-11-16T14:29:58.158+0000] {logging_mixin.py:137} INFO - [2022-11-16T14:29:58.158+0000] {dag.py:3340} INFO - Setting next_dagrun for example_branch_python_operator_decorator to 2022-11-15T00:00:00+00:00, run_after=2022-11-16T00:00:00+00:00
[2022-11-16T14:29:58.192+0000] {processor.py:176} INFO - Processing /home/airflow/.local/lib/python3.7/site-packages/airflow/example_dags/example_branch_operator_decorator.py took 0.383 seconds
[2022-11-16T14:30:28.703+0000] {processor.py:154} INFO - Started process (PID=1135) to work on /home/airflow/.local/lib/python3.7/site-packages/airflow/example_dags/example_branch_operator_decorator.py
[2022-11-16T14:30:28.703+0000] {processor.py:756} INFO - Processing file /home/airflow/.local/lib/python3.7/site-packages/airflow/example_dags/example_branch_operator_decorator.py for tasks to queue
[2022-11-16T14:30:28.704+0000] {logging_mixin.py:137} INFO - [2022-11-16T14:30:28.704+0000] {dagbag.py:537} INFO - Filling up the DagBag from /home/airflow/.local/lib/python3.7/site-packages/airflow/example_dags/example_branch_operator_decorator.py
[2022-11-16T14:30:28.749+0000] {processor.py:766} INFO - DAG(s) dict_keys(['example_branch_python_operator_decorator']) retrieved from /home/airflow/.local/lib/python3.7/site-packages/airflow/example_dags/example_branch_operator_decorator.py
[2022-11-16T14:30:28.807+0000] {logging_mixin.py:137} INFO - [2022-11-16T14:30:28.807+0000] {dag.py:2585} INFO - Sync 1 DAGs
[2022-11-16T14:30:28.851+0000] {logging_mixin.py:137} INFO - [2022-11-16T14:30:28.851+0000] {dag.py:3340} INFO - Setting next_dagrun for example_branch_python_operator_decorator to 2022-11-15T00:00:00+00:00, run_after=2022-11-16T00:00:00+00:00
[2022-11-16T14:30:28.890+0000] {processor.py:176} INFO - Processing /home/airflow/.local/lib/python3.7/site-packages/airflow/example_dags/example_branch_operator_decorator.py took 0.191 seconds
[2022-11-16T14:30:59.199+0000] {processor.py:154} INFO - Started process (PID=1332) to work on /home/airflow/.local/lib/python3.7/site-packages/airflow/example_dags/example_branch_operator_decorator.py
[2022-11-16T14:30:59.200+0000] {processor.py:756} INFO - Processing file /home/airflow/.local/lib/python3.7/site-packages/airflow/example_dags/example_branch_operator_decorator.py for tasks to queue
[2022-11-16T14:30:59.201+0000] {logging_mixin.py:137} INFO - [2022-11-16T14:30:59.201+0000] {dagbag.py:537} INFO - Filling up the DagBag from /home/airflow/.local/lib/python3.7/site-packages/airflow/example_dags/example_branch_operator_decorator.py
[2022-11-16T14:30:59.235+0000] {processor.py:766} INFO - DAG(s) dict_keys(['example_branch_python_operator_decorator']) retrieved from /home/airflow/.local/lib/python3.7/site-packages/airflow/example_dags/example_branch_operator_decorator.py
[2022-11-16T14:30:59.304+0000] {logging_mixin.py:137} INFO - [2022-11-16T14:30:59.304+0000] {dag.py:2585} INFO - Sync 1 DAGs
[2022-11-16T14:30:59.347+0000] {logging_mixin.py:137} INFO - [2022-11-16T14:30:59.347+0000] {dag.py:3340} INFO - Setting next_dagrun for example_branch_python_operator_decorator to 2022-11-15T00:00:00+00:00, run_after=2022-11-16T00:00:00+00:00
[2022-11-16T14:30:59.384+0000] {processor.py:176} INFO - Processing /home/airflow/.local/lib/python3.7/site-packages/airflow/example_dags/example_branch_operator_decorator.py took 0.188 seconds
[2022-11-16T14:31:30.072+0000] {processor.py:154} INFO - Started process (PID=1536) to work on /home/airflow/.local/lib/python3.7/site-packages/airflow/example_dags/example_branch_operator_decorator.py
[2022-11-16T14:31:30.073+0000] {processor.py:756} INFO - Processing file /home/airflow/.local/lib/python3.7/site-packages/airflow/example_dags/example_branch_operator_decorator.py for tasks to queue
[2022-11-16T14:31:30.074+0000] {logging_mixin.py:137} INFO - [2022-11-16T14:31:30.074+0000] {dagbag.py:537} INFO - Filling up the DagBag from /home/airflow/.local/lib/python3.7/site-packages/airflow/example_dags/example_branch_operator_decorator.py
[2022-11-16T14:31:30.118+0000] {processor.py:766} INFO - DAG(s) dict_keys(['example_branch_python_operator_decorator']) retrieved from /home/airflow/.local/lib/python3.7/site-packages/airflow/example_dags/example_branch_operator_decorator.py
[2022-11-16T14:31:30.176+0000] {logging_mixin.py:137} INFO - [2022-11-16T14:31:30.176+0000] {dag.py:2585} INFO - Sync 1 DAGs
[2022-11-16T14:31:30.221+0000] {logging_mixin.py:137} INFO - [2022-11-16T14:31:30.221+0000] {dag.py:3340} INFO - Setting next_dagrun for example_branch_python_operator_decorator to 2022-11-15T00:00:00+00:00, run_after=2022-11-16T00:00:00+00:00
[2022-11-16T14:31:30.250+0000] {processor.py:176} INFO - Processing /home/airflow/.local/lib/python3.7/site-packages/airflow/example_dags/example_branch_operator_decorator.py took 0.183 seconds
[2022-11-16T14:32:01.930+0000] {processor.py:154} INFO - Started process (PID=1745) to work on /home/airflow/.local/lib/python3.7/site-packages/airflow/example_dags/example_branch_operator_decorator.py
[2022-11-16T14:32:01.932+0000] {processor.py:756} INFO - Processing file /home/airflow/.local/lib/python3.7/site-packages/airflow/example_dags/example_branch_operator_decorator.py for tasks to queue
[2022-11-16T14:32:01.933+0000] {logging_mixin.py:137} INFO - [2022-11-16T14:32:01.933+0000] {dagbag.py:537} INFO - Filling up the DagBag from /home/airflow/.local/lib/python3.7/site-packages/airflow/example_dags/example_branch_operator_decorator.py
[2022-11-16T14:32:02.041+0000] {processor.py:766} INFO - DAG(s) dict_keys(['example_branch_python_operator_decorator']) retrieved from /home/airflow/.local/lib/python3.7/site-packages/airflow/example_dags/example_branch_operator_decorator.py
[2022-11-16T14:32:02.148+0000] {logging_mixin.py:137} INFO - [2022-11-16T14:32:02.148+0000] {dag.py:2585} INFO - Sync 1 DAGs
[2022-11-16T14:32:02.215+0000] {logging_mixin.py:137} INFO - [2022-11-16T14:32:02.215+0000] {dag.py:3340} INFO - Setting next_dagrun for example_branch_python_operator_decorator to 2022-11-15T00:00:00+00:00, run_after=2022-11-16T00:00:00+00:00
[2022-11-16T14:32:02.266+0000] {processor.py:176} INFO - Processing /home/airflow/.local/lib/python3.7/site-packages/airflow/example_dags/example_branch_operator_decorator.py took 0.342 seconds
[2022-11-16T14:32:32.806+0000] {processor.py:154} INFO - Started process (PID=1942) to work on /home/airflow/.local/lib/python3.7/site-packages/airflow/example_dags/example_branch_operator_decorator.py
[2022-11-16T14:32:32.807+0000] {processor.py:756} INFO - Processing file /home/airflow/.local/lib/python3.7/site-packages/airflow/example_dags/example_branch_operator_decorator.py for tasks to queue
[2022-11-16T14:32:32.808+0000] {logging_mixin.py:137} INFO - [2022-11-16T14:32:32.808+0000] {dagbag.py:537} INFO - Filling up the DagBag from /home/airflow/.local/lib/python3.7/site-packages/airflow/example_dags/example_branch_operator_decorator.py
[2022-11-16T14:32:32.861+0000] {processor.py:766} INFO - DAG(s) dict_keys(['example_branch_python_operator_decorator']) retrieved from /home/airflow/.local/lib/python3.7/site-packages/airflow/example_dags/example_branch_operator_decorator.py
[2022-11-16T14:32:32.948+0000] {logging_mixin.py:137} INFO - [2022-11-16T14:32:32.948+0000] {dag.py:2585} INFO - Sync 1 DAGs
[2022-11-16T14:32:32.997+0000] {logging_mixin.py:137} INFO - [2022-11-16T14:32:32.997+0000] {dag.py:3340} INFO - Setting next_dagrun for example_branch_python_operator_decorator to 2022-11-15T00:00:00+00:00, run_after=2022-11-16T00:00:00+00:00
[2022-11-16T14:32:33.044+0000] {processor.py:176} INFO - Processing /home/airflow/.local/lib/python3.7/site-packages/airflow/example_dags/example_branch_operator_decorator.py took 0.244 seconds
[2022-11-16T14:33:04.159+0000] {processor.py:154} INFO - Started process (PID=2139) to work on /home/airflow/.local/lib/python3.7/site-packages/airflow/example_dags/example_branch_operator_decorator.py
[2022-11-16T14:33:04.161+0000] {processor.py:756} INFO - Processing file /home/airflow/.local/lib/python3.7/site-packages/airflow/example_dags/example_branch_operator_decorator.py for tasks to queue
[2022-11-16T14:33:04.162+0000] {logging_mixin.py:137} INFO - [2022-11-16T14:33:04.162+0000] {dagbag.py:537} INFO - Filling up the DagBag from /home/airflow/.local/lib/python3.7/site-packages/airflow/example_dags/example_branch_operator_decorator.py
[2022-11-16T14:33:04.232+0000] {processor.py:766} INFO - DAG(s) dict_keys(['example_branch_python_operator_decorator']) retrieved from /home/airflow/.local/lib/python3.7/site-packages/airflow/example_dags/example_branch_operator_decorator.py
[2022-11-16T14:33:04.353+0000] {logging_mixin.py:137} INFO - [2022-11-16T14:33:04.353+0000] {dag.py:2585} INFO - Sync 1 DAGs
[2022-11-16T14:33:04.436+0000] {logging_mixin.py:137} INFO - [2022-11-16T14:33:04.435+0000] {dag.py:3340} INFO - Setting next_dagrun for example_branch_python_operator_decorator to 2022-11-15T00:00:00+00:00, run_after=2022-11-16T00:00:00+00:00
[2022-11-16T14:33:04.499+0000] {processor.py:176} INFO - Processing /home/airflow/.local/lib/python3.7/site-packages/airflow/example_dags/example_branch_operator_decorator.py took 0.352 seconds
[2022-11-16T14:33:34.944+0000] {processor.py:154} INFO - Started process (PID=2343) to work on /home/airflow/.local/lib/python3.7/site-packages/airflow/example_dags/example_branch_operator_decorator.py
[2022-11-16T14:33:34.945+0000] {processor.py:756} INFO - Processing file /home/airflow/.local/lib/python3.7/site-packages/airflow/example_dags/example_branch_operator_decorator.py for tasks to queue
[2022-11-16T14:33:34.946+0000] {logging_mixin.py:137} INFO - [2022-11-16T14:33:34.945+0000] {dagbag.py:537} INFO - Filling up the DagBag from /home/airflow/.local/lib/python3.7/site-packages/airflow/example_dags/example_branch_operator_decorator.py
[2022-11-16T14:33:34.981+0000] {processor.py:766} INFO - DAG(s) dict_keys(['example_branch_python_operator_decorator']) retrieved from /home/airflow/.local/lib/python3.7/site-packages/airflow/example_dags/example_branch_operator_decorator.py
[2022-11-16T14:33:35.041+0000] {logging_mixin.py:137} INFO - [2022-11-16T14:33:35.041+0000] {dag.py:2585} INFO - Sync 1 DAGs
[2022-11-16T14:33:35.084+0000] {logging_mixin.py:137} INFO - [2022-11-16T14:33:35.084+0000] {dag.py:3340} INFO - Setting next_dagrun for example_branch_python_operator_decorator to 2022-11-15T00:00:00+00:00, run_after=2022-11-16T00:00:00+00:00
[2022-11-16T14:33:35.113+0000] {processor.py:176} INFO - Processing /home/airflow/.local/lib/python3.7/site-packages/airflow/example_dags/example_branch_operator_decorator.py took 0.173 seconds
[2022-11-16T14:34:06.902+0000] {processor.py:154} INFO - Started process (PID=2556) to work on /home/airflow/.local/lib/python3.7/site-packages/airflow/example_dags/example_branch_operator_decorator.py
[2022-11-16T14:34:06.903+0000] {processor.py:756} INFO - Processing file /home/airflow/.local/lib/python3.7/site-packages/airflow/example_dags/example_branch_operator_decorator.py for tasks to queue
[2022-11-16T14:34:06.904+0000] {logging_mixin.py:137} INFO - [2022-11-16T14:34:06.904+0000] {dagbag.py:537} INFO - Filling up the DagBag from /home/airflow/.local/lib/python3.7/site-packages/airflow/example_dags/example_branch_operator_decorator.py
[2022-11-16T14:34:06.967+0000] {processor.py:766} INFO - DAG(s) dict_keys(['example_branch_python_operator_decorator']) retrieved from /home/airflow/.local/lib/python3.7/site-packages/airflow/example_dags/example_branch_operator_decorator.py
[2022-11-16T14:34:07.034+0000] {logging_mixin.py:137} INFO - [2022-11-16T14:34:07.034+0000] {dag.py:2585} INFO - Sync 1 DAGs
[2022-11-16T14:34:07.075+0000] {logging_mixin.py:137} INFO - [2022-11-16T14:34:07.075+0000] {dag.py:3340} INFO - Setting next_dagrun for example_branch_python_operator_decorator to 2022-11-15T00:00:00+00:00, run_after=2022-11-16T00:00:00+00:00
[2022-11-16T14:34:07.101+0000] {processor.py:176} INFO - Processing /home/airflow/.local/lib/python3.7/site-packages/airflow/example_dags/example_branch_operator_decorator.py took 0.205 seconds
[2022-11-16T14:34:39.246+0000] {processor.py:154} INFO - Started process (PID=2766) to work on /home/airflow/.local/lib/python3.7/site-packages/airflow/example_dags/example_branch_operator_decorator.py
[2022-11-16T14:34:39.247+0000] {processor.py:756} INFO - Processing file /home/airflow/.local/lib/python3.7/site-packages/airflow/example_dags/example_branch_operator_decorator.py for tasks to queue
[2022-11-16T14:34:39.248+0000] {logging_mixin.py:137} INFO - [2022-11-16T14:34:39.248+0000] {dagbag.py:537} INFO - Filling up the DagBag from /home/airflow/.local/lib/python3.7/site-packages/airflow/example_dags/example_branch_operator_decorator.py
[2022-11-16T14:34:39.312+0000] {processor.py:766} INFO - DAG(s) dict_keys(['example_branch_python_operator_decorator']) retrieved from /home/airflow/.local/lib/python3.7/site-packages/airflow/example_dags/example_branch_operator_decorator.py
[2022-11-16T14:34:39.428+0000] {logging_mixin.py:137} INFO - [2022-11-16T14:34:39.428+0000] {dag.py:2585} INFO - Sync 1 DAGs
[2022-11-16T14:34:39.503+0000] {logging_mixin.py:137} INFO - [2022-11-16T14:34:39.503+0000] {dag.py:3340} INFO - Setting next_dagrun for example_branch_python_operator_decorator to 2022-11-15T00:00:00+00:00, run_after=2022-11-16T00:00:00+00:00
[2022-11-16T14:34:39.567+0000] {processor.py:176} INFO - Processing /home/airflow/.local/lib/python3.7/site-packages/airflow/example_dags/example_branch_operator_decorator.py took 0.328 seconds
[2022-11-16T14:35:09.658+0000] {processor.py:154} INFO - Started process (PID=2965) to work on /home/airflow/.local/lib/python3.7/site-packages/airflow/example_dags/example_branch_operator_decorator.py
[2022-11-16T14:35:09.659+0000] {processor.py:756} INFO - Processing file /home/airflow/.local/lib/python3.7/site-packages/airflow/example_dags/example_branch_operator_decorator.py for tasks to queue
[2022-11-16T14:35:09.659+0000] {logging_mixin.py:137} INFO - [2022-11-16T14:35:09.659+0000] {dagbag.py:537} INFO - Filling up the DagBag from /home/airflow/.local/lib/python3.7/site-packages/airflow/example_dags/example_branch_operator_decorator.py
[2022-11-16T14:35:09.698+0000] {processor.py:766} INFO - DAG(s) dict_keys(['example_branch_python_operator_decorator']) retrieved from /home/airflow/.local/lib/python3.7/site-packages/airflow/example_dags/example_branch_operator_decorator.py
[2022-11-16T14:35:09.760+0000] {logging_mixin.py:137} INFO - [2022-11-16T14:35:09.760+0000] {dag.py:2585} INFO - Sync 1 DAGs
[2022-11-16T14:35:09.807+0000] {logging_mixin.py:137} INFO - [2022-11-16T14:35:09.807+0000] {dag.py:3340} INFO - Setting next_dagrun for example_branch_python_operator_decorator to 2022-11-15T00:00:00+00:00, run_after=2022-11-16T00:00:00+00:00
[2022-11-16T14:35:09.836+0000] {processor.py:176} INFO - Processing /home/airflow/.local/lib/python3.7/site-packages/airflow/example_dags/example_branch_operator_decorator.py took 0.183 seconds
[2022-11-16T14:35:40.072+0000] {processor.py:154} INFO - Started process (PID=3159) to work on /home/airflow/.local/lib/python3.7/site-packages/airflow/example_dags/example_branch_operator_decorator.py
[2022-11-16T14:35:40.073+0000] {processor.py:756} INFO - Processing file /home/airflow/.local/lib/python3.7/site-packages/airflow/example_dags/example_branch_operator_decorator.py for tasks to queue
[2022-11-16T14:35:40.074+0000] {logging_mixin.py:137} INFO - [2022-11-16T14:35:40.074+0000] {dagbag.py:537} INFO - Filling up the DagBag from /home/airflow/.local/lib/python3.7/site-packages/airflow/example_dags/example_branch_operator_decorator.py
[2022-11-16T14:35:40.123+0000] {processor.py:766} INFO - DAG(s) dict_keys(['example_branch_python_operator_decorator']) retrieved from /home/airflow/.local/lib/python3.7/site-packages/airflow/example_dags/example_branch_operator_decorator.py
[2022-11-16T14:35:40.199+0000] {logging_mixin.py:137} INFO - [2022-11-16T14:35:40.199+0000] {dag.py:2585} INFO - Sync 1 DAGs
[2022-11-16T14:35:40.261+0000] {logging_mixin.py:137} INFO - [2022-11-16T14:35:40.260+0000] {dag.py:3340} INFO - Setting next_dagrun for example_branch_python_operator_decorator to 2022-11-15T00:00:00+00:00, run_after=2022-11-16T00:00:00+00:00
[2022-11-16T14:35:40.298+0000] {processor.py:176} INFO - Processing /home/airflow/.local/lib/python3.7/site-packages/airflow/example_dags/example_branch_operator_decorator.py took 0.230 seconds
[2022-11-16T14:36:10.943+0000] {processor.py:154} INFO - Started process (PID=3365) to work on /home/airflow/.local/lib/python3.7/site-packages/airflow/example_dags/example_branch_operator_decorator.py
[2022-11-16T14:36:10.944+0000] {processor.py:756} INFO - Processing file /home/airflow/.local/lib/python3.7/site-packages/airflow/example_dags/example_branch_operator_decorator.py for tasks to queue
[2022-11-16T14:36:10.945+0000] {logging_mixin.py:137} INFO - [2022-11-16T14:36:10.945+0000] {dagbag.py:537} INFO - Filling up the DagBag from /home/airflow/.local/lib/python3.7/site-packages/airflow/example_dags/example_branch_operator_decorator.py
[2022-11-16T14:36:10.995+0000] {processor.py:766} INFO - DAG(s) dict_keys(['example_branch_python_operator_decorator']) retrieved from /home/airflow/.local/lib/python3.7/site-packages/airflow/example_dags/example_branch_operator_decorator.py
[2022-11-16T14:36:11.081+0000] {logging_mixin.py:137} INFO - [2022-11-16T14:36:11.081+0000] {dag.py:2585} INFO - Sync 1 DAGs
[2022-11-16T14:36:11.130+0000] {logging_mixin.py:137} INFO - [2022-11-16T14:36:11.129+0000] {dag.py:3340} INFO - Setting next_dagrun for example_branch_python_operator_decorator to 2022-11-15T00:00:00+00:00, run_after=2022-11-16T00:00:00+00:00
[2022-11-16T14:36:11.160+0000] {processor.py:176} INFO - Processing /home/airflow/.local/lib/python3.7/site-packages/airflow/example_dags/example_branch_operator_decorator.py took 0.223 seconds
[2022-11-16T14:36:41.509+0000] {processor.py:154} INFO - Started process (PID=3562) to work on /home/airflow/.local/lib/python3.7/site-packages/airflow/example_dags/example_branch_operator_decorator.py
[2022-11-16T14:36:41.510+0000] {processor.py:756} INFO - Processing file /home/airflow/.local/lib/python3.7/site-packages/airflow/example_dags/example_branch_operator_decorator.py for tasks to queue
[2022-11-16T14:36:41.512+0000] {logging_mixin.py:137} INFO - [2022-11-16T14:36:41.512+0000] {dagbag.py:537} INFO - Filling up the DagBag from /home/airflow/.local/lib/python3.7/site-packages/airflow/example_dags/example_branch_operator_decorator.py
[2022-11-16T14:36:41.549+0000] {processor.py:766} INFO - DAG(s) dict_keys(['example_branch_python_operator_decorator']) retrieved from /home/airflow/.local/lib/python3.7/site-packages/airflow/example_dags/example_branch_operator_decorator.py
[2022-11-16T14:36:41.607+0000] {logging_mixin.py:137} INFO - [2022-11-16T14:36:41.607+0000] {dag.py:2585} INFO - Sync 1 DAGs
[2022-11-16T14:36:41.653+0000] {logging_mixin.py:137} INFO - [2022-11-16T14:36:41.653+0000] {dag.py:3340} INFO - Setting next_dagrun for example_branch_python_operator_decorator to 2022-11-15T00:00:00+00:00, run_after=2022-11-16T00:00:00+00:00
[2022-11-16T14:36:41.682+0000] {processor.py:176} INFO - Processing /home/airflow/.local/lib/python3.7/site-packages/airflow/example_dags/example_branch_operator_decorator.py took 0.177 seconds
[2022-11-16T14:37:12.815+0000] {processor.py:154} INFO - Started process (PID=3770) to work on /home/airflow/.local/lib/python3.7/site-packages/airflow/example_dags/example_branch_operator_decorator.py
[2022-11-16T14:37:12.816+0000] {processor.py:756} INFO - Processing file /home/airflow/.local/lib/python3.7/site-packages/airflow/example_dags/example_branch_operator_decorator.py for tasks to queue
[2022-11-16T14:37:12.820+0000] {logging_mixin.py:137} INFO - [2022-11-16T14:37:12.819+0000] {dagbag.py:537} INFO - Filling up the DagBag from /home/airflow/.local/lib/python3.7/site-packages/airflow/example_dags/example_branch_operator_decorator.py
[2022-11-16T14:37:12.886+0000] {processor.py:766} INFO - DAG(s) dict_keys(['example_branch_python_operator_decorator']) retrieved from /home/airflow/.local/lib/python3.7/site-packages/airflow/example_dags/example_branch_operator_decorator.py
[2022-11-16T14:37:13.006+0000] {logging_mixin.py:137} INFO - [2022-11-16T14:37:13.006+0000] {dag.py:2585} INFO - Sync 1 DAGs
[2022-11-16T14:37:13.098+0000] {logging_mixin.py:137} INFO - [2022-11-16T14:37:13.097+0000] {dag.py:3340} INFO - Setting next_dagrun for example_branch_python_operator_decorator to 2022-11-15T00:00:00+00:00, run_after=2022-11-16T00:00:00+00:00
[2022-11-16T14:37:13.174+0000] {processor.py:176} INFO - Processing /home/airflow/.local/lib/python3.7/site-packages/airflow/example_dags/example_branch_operator_decorator.py took 0.364 seconds
[2022-11-16T14:37:44.098+0000] {processor.py:154} INFO - Started process (PID=3968) to work on /home/airflow/.local/lib/python3.7/site-packages/airflow/example_dags/example_branch_operator_decorator.py
[2022-11-16T14:37:44.099+0000] {processor.py:756} INFO - Processing file /home/airflow/.local/lib/python3.7/site-packages/airflow/example_dags/example_branch_operator_decorator.py for tasks to queue
[2022-11-16T14:37:44.100+0000] {logging_mixin.py:137} INFO - [2022-11-16T14:37:44.100+0000] {dagbag.py:537} INFO - Filling up the DagBag from /home/airflow/.local/lib/python3.7/site-packages/airflow/example_dags/example_branch_operator_decorator.py
[2022-11-16T14:37:44.159+0000] {processor.py:766} INFO - DAG(s) dict_keys(['example_branch_python_operator_decorator']) retrieved from /home/airflow/.local/lib/python3.7/site-packages/airflow/example_dags/example_branch_operator_decorator.py
[2022-11-16T14:37:44.290+0000] {logging_mixin.py:137} INFO - [2022-11-16T14:37:44.290+0000] {dag.py:2585} INFO - Sync 1 DAGs
[2022-11-16T14:37:44.365+0000] {logging_mixin.py:137} INFO - [2022-11-16T14:37:44.365+0000] {dag.py:3340} INFO - Setting next_dagrun for example_branch_python_operator_decorator to 2022-11-15T00:00:00+00:00, run_after=2022-11-16T00:00:00+00:00
[2022-11-16T14:37:44.405+0000] {processor.py:176} INFO - Processing /home/airflow/.local/lib/python3.7/site-packages/airflow/example_dags/example_branch_operator_decorator.py took 0.311 seconds
[2022-11-16T14:38:14.472+0000] {processor.py:154} INFO - Started process (PID=4167) to work on /home/airflow/.local/lib/python3.7/site-packages/airflow/example_dags/example_branch_operator_decorator.py
[2022-11-16T14:38:14.472+0000] {processor.py:756} INFO - Processing file /home/airflow/.local/lib/python3.7/site-packages/airflow/example_dags/example_branch_operator_decorator.py for tasks to queue
[2022-11-16T14:38:14.473+0000] {logging_mixin.py:137} INFO - [2022-11-16T14:38:14.473+0000] {dagbag.py:537} INFO - Filling up the DagBag from /home/airflow/.local/lib/python3.7/site-packages/airflow/example_dags/example_branch_operator_decorator.py
[2022-11-16T14:38:14.516+0000] {processor.py:766} INFO - DAG(s) dict_keys(['example_branch_python_operator_decorator']) retrieved from /home/airflow/.local/lib/python3.7/site-packages/airflow/example_dags/example_branch_operator_decorator.py
[2022-11-16T14:38:14.587+0000] {logging_mixin.py:137} INFO - [2022-11-16T14:38:14.587+0000] {dag.py:2585} INFO - Sync 1 DAGs
[2022-11-16T14:38:14.647+0000] {logging_mixin.py:137} INFO - [2022-11-16T14:38:14.647+0000] {dag.py:3340} INFO - Setting next_dagrun for example_branch_python_operator_decorator to 2022-11-15T00:00:00+00:00, run_after=2022-11-16T00:00:00+00:00
[2022-11-16T14:38:14.708+0000] {processor.py:176} INFO - Processing /home/airflow/.local/lib/python3.7/site-packages/airflow/example_dags/example_branch_operator_decorator.py took 0.240 seconds
[2022-11-16T14:38:45.571+0000] {processor.py:154} INFO - Started process (PID=4371) to work on /home/airflow/.local/lib/python3.7/site-packages/airflow/example_dags/example_branch_operator_decorator.py
[2022-11-16T14:38:45.573+0000] {processor.py:756} INFO - Processing file /home/airflow/.local/lib/python3.7/site-packages/airflow/example_dags/example_branch_operator_decorator.py for tasks to queue
[2022-11-16T14:38:45.575+0000] {logging_mixin.py:137} INFO - [2022-11-16T14:38:45.574+0000] {dagbag.py:537} INFO - Filling up the DagBag from /home/airflow/.local/lib/python3.7/site-packages/airflow/example_dags/example_branch_operator_decorator.py
[2022-11-16T14:38:45.620+0000] {processor.py:766} INFO - DAG(s) dict_keys(['example_branch_python_operator_decorator']) retrieved from /home/airflow/.local/lib/python3.7/site-packages/airflow/example_dags/example_branch_operator_decorator.py
[2022-11-16T14:38:45.704+0000] {logging_mixin.py:137} INFO - [2022-11-16T14:38:45.703+0000] {dag.py:2585} INFO - Sync 1 DAGs
[2022-11-16T14:38:45.761+0000] {logging_mixin.py:137} INFO - [2022-11-16T14:38:45.760+0000] {dag.py:3340} INFO - Setting next_dagrun for example_branch_python_operator_decorator to 2022-11-15T00:00:00+00:00, run_after=2022-11-16T00:00:00+00:00
[2022-11-16T14:38:45.796+0000] {processor.py:176} INFO - Processing /home/airflow/.local/lib/python3.7/site-packages/airflow/example_dags/example_branch_operator_decorator.py took 0.230 seconds
[2022-11-16T14:39:16.059+0000] {processor.py:154} INFO - Started process (PID=4569) to work on /home/airflow/.local/lib/python3.7/site-packages/airflow/example_dags/example_branch_operator_decorator.py
[2022-11-16T14:39:16.061+0000] {processor.py:756} INFO - Processing file /home/airflow/.local/lib/python3.7/site-packages/airflow/example_dags/example_branch_operator_decorator.py for tasks to queue
[2022-11-16T14:39:16.063+0000] {logging_mixin.py:137} INFO - [2022-11-16T14:39:16.063+0000] {dagbag.py:537} INFO - Filling up the DagBag from /home/airflow/.local/lib/python3.7/site-packages/airflow/example_dags/example_branch_operator_decorator.py
[2022-11-16T14:39:16.121+0000] {processor.py:766} INFO - DAG(s) dict_keys(['example_branch_python_operator_decorator']) retrieved from /home/airflow/.local/lib/python3.7/site-packages/airflow/example_dags/example_branch_operator_decorator.py
[2022-11-16T14:39:16.229+0000] {logging_mixin.py:137} INFO - [2022-11-16T14:39:16.229+0000] {dag.py:2585} INFO - Sync 1 DAGs
[2022-11-16T14:39:16.304+0000] {logging_mixin.py:137} INFO - [2022-11-16T14:39:16.303+0000] {dag.py:3340} INFO - Setting next_dagrun for example_branch_python_operator_decorator to 2022-11-15T00:00:00+00:00, run_after=2022-11-16T00:00:00+00:00
[2022-11-16T14:39:16.367+0000] {processor.py:176} INFO - Processing /home/airflow/.local/lib/python3.7/site-packages/airflow/example_dags/example_branch_operator_decorator.py took 0.314 seconds
[2022-11-16T14:39:46.644+0000] {processor.py:154} INFO - Started process (PID=4777) to work on /home/airflow/.local/lib/python3.7/site-packages/airflow/example_dags/example_branch_operator_decorator.py
[2022-11-16T14:39:46.645+0000] {processor.py:756} INFO - Processing file /home/airflow/.local/lib/python3.7/site-packages/airflow/example_dags/example_branch_operator_decorator.py for tasks to queue
[2022-11-16T14:39:46.647+0000] {logging_mixin.py:137} INFO - [2022-11-16T14:39:46.646+0000] {dagbag.py:537} INFO - Filling up the DagBag from /home/airflow/.local/lib/python3.7/site-packages/airflow/example_dags/example_branch_operator_decorator.py
[2022-11-16T14:39:46.718+0000] {processor.py:766} INFO - DAG(s) dict_keys(['example_branch_python_operator_decorator']) retrieved from /home/airflow/.local/lib/python3.7/site-packages/airflow/example_dags/example_branch_operator_decorator.py
[2022-11-16T14:39:46.826+0000] {logging_mixin.py:137} INFO - [2022-11-16T14:39:46.825+0000] {dag.py:2585} INFO - Sync 1 DAGs
[2022-11-16T14:39:46.897+0000] {logging_mixin.py:137} INFO - [2022-11-16T14:39:46.897+0000] {dag.py:3340} INFO - Setting next_dagrun for example_branch_python_operator_decorator to 2022-11-15T00:00:00+00:00, run_after=2022-11-16T00:00:00+00:00
[2022-11-16T14:39:46.938+0000] {processor.py:176} INFO - Processing /home/airflow/.local/lib/python3.7/site-packages/airflow/example_dags/example_branch_operator_decorator.py took 0.299 seconds
[2022-11-16T14:40:17.334+0000] {processor.py:154} INFO - Started process (PID=4970) to work on /home/airflow/.local/lib/python3.7/site-packages/airflow/example_dags/example_branch_operator_decorator.py
[2022-11-16T14:40:17.335+0000] {processor.py:756} INFO - Processing file /home/airflow/.local/lib/python3.7/site-packages/airflow/example_dags/example_branch_operator_decorator.py for tasks to queue
[2022-11-16T14:40:17.336+0000] {logging_mixin.py:137} INFO - [2022-11-16T14:40:17.336+0000] {dagbag.py:537} INFO - Filling up the DagBag from /home/airflow/.local/lib/python3.7/site-packages/airflow/example_dags/example_branch_operator_decorator.py
[2022-11-16T14:40:17.376+0000] {processor.py:766} INFO - DAG(s) dict_keys(['example_branch_python_operator_decorator']) retrieved from /home/airflow/.local/lib/python3.7/site-packages/airflow/example_dags/example_branch_operator_decorator.py
[2022-11-16T14:40:17.455+0000] {logging_mixin.py:137} INFO - [2022-11-16T14:40:17.454+0000] {dag.py:2585} INFO - Sync 1 DAGs
[2022-11-16T14:40:17.505+0000] {logging_mixin.py:137} INFO - [2022-11-16T14:40:17.505+0000] {dag.py:3340} INFO - Setting next_dagrun for example_branch_python_operator_decorator to 2022-11-15T00:00:00+00:00, run_after=2022-11-16T00:00:00+00:00
[2022-11-16T14:40:17.545+0000] {processor.py:176} INFO - Processing /home/airflow/.local/lib/python3.7/site-packages/airflow/example_dags/example_branch_operator_decorator.py took 0.215 seconds
[2022-11-16T14:40:47.870+0000] {processor.py:154} INFO - Started process (PID=5168) to work on /home/airflow/.local/lib/python3.7/site-packages/airflow/example_dags/example_branch_operator_decorator.py
[2022-11-16T14:40:47.872+0000] {processor.py:756} INFO - Processing file /home/airflow/.local/lib/python3.7/site-packages/airflow/example_dags/example_branch_operator_decorator.py for tasks to queue
[2022-11-16T14:40:47.873+0000] {logging_mixin.py:137} INFO - [2022-11-16T14:40:47.873+0000] {dagbag.py:537} INFO - Filling up the DagBag from /home/airflow/.local/lib/python3.7/site-packages/airflow/example_dags/example_branch_operator_decorator.py
[2022-11-16T14:40:47.930+0000] {processor.py:766} INFO - DAG(s) dict_keys(['example_branch_python_operator_decorator']) retrieved from /home/airflow/.local/lib/python3.7/site-packages/airflow/example_dags/example_branch_operator_decorator.py
[2022-11-16T14:40:48.022+0000] {logging_mixin.py:137} INFO - [2022-11-16T14:40:48.022+0000] {dag.py:2585} INFO - Sync 1 DAGs
[2022-11-16T14:40:48.094+0000] {logging_mixin.py:137} INFO - [2022-11-16T14:40:48.093+0000] {dag.py:3340} INFO - Setting next_dagrun for example_branch_python_operator_decorator to 2022-11-15T00:00:00+00:00, run_after=2022-11-16T00:00:00+00:00
[2022-11-16T14:40:48.143+0000] {processor.py:176} INFO - Processing /home/airflow/.local/lib/python3.7/site-packages/airflow/example_dags/example_branch_operator_decorator.py took 0.279 seconds
[2022-11-16T14:41:18.442+0000] {processor.py:154} INFO - Started process (PID=5373) to work on /home/airflow/.local/lib/python3.7/site-packages/airflow/example_dags/example_branch_operator_decorator.py
[2022-11-16T14:41:18.443+0000] {processor.py:756} INFO - Processing file /home/airflow/.local/lib/python3.7/site-packages/airflow/example_dags/example_branch_operator_decorator.py for tasks to queue
[2022-11-16T14:41:18.444+0000] {logging_mixin.py:137} INFO - [2022-11-16T14:41:18.443+0000] {dagbag.py:537} INFO - Filling up the DagBag from /home/airflow/.local/lib/python3.7/site-packages/airflow/example_dags/example_branch_operator_decorator.py
[2022-11-16T14:41:18.483+0000] {processor.py:766} INFO - DAG(s) dict_keys(['example_branch_python_operator_decorator']) retrieved from /home/airflow/.local/lib/python3.7/site-packages/airflow/example_dags/example_branch_operator_decorator.py
[2022-11-16T14:41:18.552+0000] {logging_mixin.py:137} INFO - [2022-11-16T14:41:18.552+0000] {dag.py:2585} INFO - Sync 1 DAGs
[2022-11-16T14:41:18.597+0000] {logging_mixin.py:137} INFO - [2022-11-16T14:41:18.597+0000] {dag.py:3340} INFO - Setting next_dagrun for example_branch_python_operator_decorator to 2022-11-15T00:00:00+00:00, run_after=2022-11-16T00:00:00+00:00
[2022-11-16T14:41:18.631+0000] {processor.py:176} INFO - Processing /home/airflow/.local/lib/python3.7/site-packages/airflow/example_dags/example_branch_operator_decorator.py took 0.196 seconds
[2022-11-16T14:41:49.231+0000] {processor.py:154} INFO - Started process (PID=5571) to work on /home/airflow/.local/lib/python3.7/site-packages/airflow/example_dags/example_branch_operator_decorator.py
[2022-11-16T14:41:49.232+0000] {processor.py:756} INFO - Processing file /home/airflow/.local/lib/python3.7/site-packages/airflow/example_dags/example_branch_operator_decorator.py for tasks to queue
[2022-11-16T14:41:49.233+0000] {logging_mixin.py:137} INFO - [2022-11-16T14:41:49.233+0000] {dagbag.py:537} INFO - Filling up the DagBag from /home/airflow/.local/lib/python3.7/site-packages/airflow/example_dags/example_branch_operator_decorator.py
[2022-11-16T14:41:49.277+0000] {processor.py:766} INFO - DAG(s) dict_keys(['example_branch_python_operator_decorator']) retrieved from /home/airflow/.local/lib/python3.7/site-packages/airflow/example_dags/example_branch_operator_decorator.py
[2022-11-16T14:41:49.349+0000] {logging_mixin.py:137} INFO - [2022-11-16T14:41:49.349+0000] {dag.py:2585} INFO - Sync 1 DAGs
[2022-11-16T14:41:49.400+0000] {logging_mixin.py:137} INFO - [2022-11-16T14:41:49.400+0000] {dag.py:3340} INFO - Setting next_dagrun for example_branch_python_operator_decorator to 2022-11-15T00:00:00+00:00, run_after=2022-11-16T00:00:00+00:00
[2022-11-16T14:41:49.436+0000] {processor.py:176} INFO - Processing /home/airflow/.local/lib/python3.7/site-packages/airflow/example_dags/example_branch_operator_decorator.py took 0.210 seconds
[2022-11-16T14:42:20.268+0000] {processor.py:154} INFO - Started process (PID=5778) to work on /home/airflow/.local/lib/python3.7/site-packages/airflow/example_dags/example_branch_operator_decorator.py
[2022-11-16T14:42:20.269+0000] {processor.py:756} INFO - Processing file /home/airflow/.local/lib/python3.7/site-packages/airflow/example_dags/example_branch_operator_decorator.py for tasks to queue
[2022-11-16T14:42:20.270+0000] {logging_mixin.py:137} INFO - [2022-11-16T14:42:20.270+0000] {dagbag.py:537} INFO - Filling up the DagBag from /home/airflow/.local/lib/python3.7/site-packages/airflow/example_dags/example_branch_operator_decorator.py
[2022-11-16T14:42:20.323+0000] {processor.py:766} INFO - DAG(s) dict_keys(['example_branch_python_operator_decorator']) retrieved from /home/airflow/.local/lib/python3.7/site-packages/airflow/example_dags/example_branch_operator_decorator.py
[2022-11-16T14:42:20.410+0000] {logging_mixin.py:137} INFO - [2022-11-16T14:42:20.409+0000] {dag.py:2585} INFO - Sync 1 DAGs
[2022-11-16T14:42:20.466+0000] {logging_mixin.py:137} INFO - [2022-11-16T14:42:20.466+0000] {dag.py:3340} INFO - Setting next_dagrun for example_branch_python_operator_decorator to 2022-11-15T00:00:00+00:00, run_after=2022-11-16T00:00:00+00:00
[2022-11-16T14:42:20.507+0000] {processor.py:176} INFO - Processing /home/airflow/.local/lib/python3.7/site-packages/airflow/example_dags/example_branch_operator_decorator.py took 0.244 seconds
[2022-11-16T14:42:50.843+0000] {processor.py:154} INFO - Started process (PID=5976) to work on /home/airflow/.local/lib/python3.7/site-packages/airflow/example_dags/example_branch_operator_decorator.py
[2022-11-16T14:42:50.845+0000] {processor.py:756} INFO - Processing file /home/airflow/.local/lib/python3.7/site-packages/airflow/example_dags/example_branch_operator_decorator.py for tasks to queue
[2022-11-16T14:42:50.846+0000] {logging_mixin.py:137} INFO - [2022-11-16T14:42:50.846+0000] {dagbag.py:537} INFO - Filling up the DagBag from /home/airflow/.local/lib/python3.7/site-packages/airflow/example_dags/example_branch_operator_decorator.py
[2022-11-16T14:42:50.896+0000] {processor.py:766} INFO - DAG(s) dict_keys(['example_branch_python_operator_decorator']) retrieved from /home/airflow/.local/lib/python3.7/site-packages/airflow/example_dags/example_branch_operator_decorator.py
[2022-11-16T14:42:50.974+0000] {logging_mixin.py:137} INFO - [2022-11-16T14:42:50.974+0000] {dag.py:2585} INFO - Sync 1 DAGs
[2022-11-16T14:42:51.020+0000] {logging_mixin.py:137} INFO - [2022-11-16T14:42:51.020+0000] {dag.py:3340} INFO - Setting next_dagrun for example_branch_python_operator_decorator to 2022-11-15T00:00:00+00:00, run_after=2022-11-16T00:00:00+00:00
[2022-11-16T14:42:51.063+0000] {processor.py:176} INFO - Processing /home/airflow/.local/lib/python3.7/site-packages/airflow/example_dags/example_branch_operator_decorator.py took 0.228 seconds
[2022-11-16T14:43:21.891+0000] {processor.py:154} INFO - Started process (PID=6183) to work on /home/airflow/.local/lib/python3.7/site-packages/airflow/example_dags/example_branch_operator_decorator.py
[2022-11-16T14:43:21.892+0000] {processor.py:756} INFO - Processing file /home/airflow/.local/lib/python3.7/site-packages/airflow/example_dags/example_branch_operator_decorator.py for tasks to queue
[2022-11-16T14:43:21.893+0000] {logging_mixin.py:137} INFO - [2022-11-16T14:43:21.893+0000] {dagbag.py:537} INFO - Filling up the DagBag from /home/airflow/.local/lib/python3.7/site-packages/airflow/example_dags/example_branch_operator_decorator.py
[2022-11-16T14:43:21.949+0000] {processor.py:766} INFO - DAG(s) dict_keys(['example_branch_python_operator_decorator']) retrieved from /home/airflow/.local/lib/python3.7/site-packages/airflow/example_dags/example_branch_operator_decorator.py
[2022-11-16T14:43:22.020+0000] {logging_mixin.py:137} INFO - [2022-11-16T14:43:22.020+0000] {dag.py:2585} INFO - Sync 1 DAGs
[2022-11-16T14:43:22.068+0000] {logging_mixin.py:137} INFO - [2022-11-16T14:43:22.068+0000] {dag.py:3340} INFO - Setting next_dagrun for example_branch_python_operator_decorator to 2022-11-15T00:00:00+00:00, run_after=2022-11-16T00:00:00+00:00
[2022-11-16T14:43:22.101+0000] {processor.py:176} INFO - Processing /home/airflow/.local/lib/python3.7/site-packages/airflow/example_dags/example_branch_operator_decorator.py took 0.214 seconds
[2022-11-16T14:43:52.866+0000] {processor.py:154} INFO - Started process (PID=6381) to work on /home/airflow/.local/lib/python3.7/site-packages/airflow/example_dags/example_branch_operator_decorator.py
[2022-11-16T14:43:52.867+0000] {processor.py:756} INFO - Processing file /home/airflow/.local/lib/python3.7/site-packages/airflow/example_dags/example_branch_operator_decorator.py for tasks to queue
[2022-11-16T14:43:52.868+0000] {logging_mixin.py:137} INFO - [2022-11-16T14:43:52.868+0000] {dagbag.py:537} INFO - Filling up the DagBag from /home/airflow/.local/lib/python3.7/site-packages/airflow/example_dags/example_branch_operator_decorator.py
[2022-11-16T14:43:52.935+0000] {processor.py:766} INFO - DAG(s) dict_keys(['example_branch_python_operator_decorator']) retrieved from /home/airflow/.local/lib/python3.7/site-packages/airflow/example_dags/example_branch_operator_decorator.py
[2022-11-16T14:43:53.042+0000] {logging_mixin.py:137} INFO - [2022-11-16T14:43:53.041+0000] {dag.py:2585} INFO - Sync 1 DAGs
[2022-11-16T14:43:53.098+0000] {logging_mixin.py:137} INFO - [2022-11-16T14:43:53.097+0000] {dag.py:3340} INFO - Setting next_dagrun for example_branch_python_operator_decorator to 2022-11-15T00:00:00+00:00, run_after=2022-11-16T00:00:00+00:00
[2022-11-16T14:43:53.142+0000] {processor.py:176} INFO - Processing /home/airflow/.local/lib/python3.7/site-packages/airflow/example_dags/example_branch_operator_decorator.py took 0.282 seconds
[2022-11-16T14:44:23.717+0000] {processor.py:154} INFO - Started process (PID=6588) to work on /home/airflow/.local/lib/python3.7/site-packages/airflow/example_dags/example_branch_operator_decorator.py
[2022-11-16T14:44:23.721+0000] {processor.py:756} INFO - Processing file /home/airflow/.local/lib/python3.7/site-packages/airflow/example_dags/example_branch_operator_decorator.py for tasks to queue
[2022-11-16T14:44:23.723+0000] {logging_mixin.py:137} INFO - [2022-11-16T14:44:23.722+0000] {dagbag.py:537} INFO - Filling up the DagBag from /home/airflow/.local/lib/python3.7/site-packages/airflow/example_dags/example_branch_operator_decorator.py
[2022-11-16T14:44:23.791+0000] {processor.py:766} INFO - DAG(s) dict_keys(['example_branch_python_operator_decorator']) retrieved from /home/airflow/.local/lib/python3.7/site-packages/airflow/example_dags/example_branch_operator_decorator.py
[2022-11-16T14:44:23.882+0000] {logging_mixin.py:137} INFO - [2022-11-16T14:44:23.881+0000] {dag.py:2585} INFO - Sync 1 DAGs
[2022-11-16T14:44:23.943+0000] {logging_mixin.py:137} INFO - [2022-11-16T14:44:23.943+0000] {dag.py:3340} INFO - Setting next_dagrun for example_branch_python_operator_decorator to 2022-11-15T00:00:00+00:00, run_after=2022-11-16T00:00:00+00:00
[2022-11-16T14:44:23.987+0000] {processor.py:176} INFO - Processing /home/airflow/.local/lib/python3.7/site-packages/airflow/example_dags/example_branch_operator_decorator.py took 0.276 seconds
[2022-11-16T14:44:54.164+0000] {processor.py:154} INFO - Started process (PID=6788) to work on /home/airflow/.local/lib/python3.7/site-packages/airflow/example_dags/example_branch_operator_decorator.py
[2022-11-16T14:44:54.165+0000] {processor.py:756} INFO - Processing file /home/airflow/.local/lib/python3.7/site-packages/airflow/example_dags/example_branch_operator_decorator.py for tasks to queue
[2022-11-16T14:44:54.166+0000] {logging_mixin.py:137} INFO - [2022-11-16T14:44:54.166+0000] {dagbag.py:537} INFO - Filling up the DagBag from /home/airflow/.local/lib/python3.7/site-packages/airflow/example_dags/example_branch_operator_decorator.py
[2022-11-16T14:44:54.216+0000] {processor.py:766} INFO - DAG(s) dict_keys(['example_branch_python_operator_decorator']) retrieved from /home/airflow/.local/lib/python3.7/site-packages/airflow/example_dags/example_branch_operator_decorator.py
[2022-11-16T14:44:54.281+0000] {logging_mixin.py:137} INFO - [2022-11-16T14:44:54.281+0000] {dag.py:2585} INFO - Sync 1 DAGs
[2022-11-16T14:44:54.320+0000] {logging_mixin.py:137} INFO - [2022-11-16T14:44:54.320+0000] {dag.py:3340} INFO - Setting next_dagrun for example_branch_python_operator_decorator to 2022-11-15T00:00:00+00:00, run_after=2022-11-16T00:00:00+00:00
[2022-11-16T14:44:54.353+0000] {processor.py:176} INFO - Processing /home/airflow/.local/lib/python3.7/site-packages/airflow/example_dags/example_branch_operator_decorator.py took 0.193 seconds
[2022-11-16T14:45:24.997+0000] {processor.py:154} INFO - Started process (PID=6994) to work on /home/airflow/.local/lib/python3.7/site-packages/airflow/example_dags/example_branch_operator_decorator.py
[2022-11-16T14:45:24.998+0000] {processor.py:756} INFO - Processing file /home/airflow/.local/lib/python3.7/site-packages/airflow/example_dags/example_branch_operator_decorator.py for tasks to queue
[2022-11-16T14:45:24.999+0000] {logging_mixin.py:137} INFO - [2022-11-16T14:45:24.999+0000] {dagbag.py:537} INFO - Filling up the DagBag from /home/airflow/.local/lib/python3.7/site-packages/airflow/example_dags/example_branch_operator_decorator.py
[2022-11-16T14:45:25.051+0000] {processor.py:766} INFO - DAG(s) dict_keys(['example_branch_python_operator_decorator']) retrieved from /home/airflow/.local/lib/python3.7/site-packages/airflow/example_dags/example_branch_operator_decorator.py
[2022-11-16T14:45:25.131+0000] {logging_mixin.py:137} INFO - [2022-11-16T14:45:25.130+0000] {dag.py:2585} INFO - Sync 1 DAGs
[2022-11-16T14:45:25.199+0000] {logging_mixin.py:137} INFO - [2022-11-16T14:45:25.198+0000] {dag.py:3340} INFO - Setting next_dagrun for example_branch_python_operator_decorator to 2022-11-15T00:00:00+00:00, run_after=2022-11-16T00:00:00+00:00
[2022-11-16T14:45:25.235+0000] {processor.py:176} INFO - Processing /home/airflow/.local/lib/python3.7/site-packages/airflow/example_dags/example_branch_operator_decorator.py took 0.243 seconds
