[2022-11-16T14:28:20.322+0000] {processor.py:154} INFO - Started process (PID=283) to work on /home/airflow/.local/lib/python3.7/site-packages/airflow/example_dags/example_datasets.py
[2022-11-16T14:28:20.323+0000] {processor.py:756} INFO - Processing file /home/airflow/.local/lib/python3.7/site-packages/airflow/example_dags/example_datasets.py for tasks to queue
[2022-11-16T14:28:20.324+0000] {logging_mixin.py:137} INFO - [2022-11-16T14:28:20.324+0000] {dagbag.py:537} INFO - Filling up the DagBag from /home/airflow/.local/lib/python3.7/site-packages/airflow/example_dags/example_datasets.py
[2022-11-16T14:28:20.362+0000] {processor.py:766} INFO - DAG(s) dict_keys(['dataset_consumes_1_and_2', 'dataset_consumes_1_never_scheduled', 'dataset_produces_1', 'dataset_produces_2', 'dataset_consumes_1', 'dataset_consumes_unknown_never_scheduled']) retrieved from /home/airflow/.local/lib/python3.7/site-packages/airflow/example_dags/example_datasets.py
[2022-11-16T14:28:20.587+0000] {logging_mixin.py:137} INFO - [2022-11-16T14:28:20.586+0000] {dag.py:2585} INFO - Sync 6 DAGs
[2022-11-16T14:28:20.627+0000] {logging_mixin.py:137} INFO - [2022-11-16T14:28:20.627+0000] {dag.py:3340} INFO - Setting next_dagrun for dataset_consumes_1 to None, run_after=None
[2022-11-16T14:28:20.632+0000] {logging_mixin.py:137} INFO - [2022-11-16T14:28:20.632+0000] {dag.py:3340} INFO - Setting next_dagrun for dataset_consumes_1_and_2 to None, run_after=None
[2022-11-16T14:28:20.634+0000] {logging_mixin.py:137} INFO - [2022-11-16T14:28:20.634+0000] {dag.py:3340} INFO - Setting next_dagrun for dataset_consumes_1_never_scheduled to None, run_after=None
[2022-11-16T14:28:20.636+0000] {logging_mixin.py:137} INFO - [2022-11-16T14:28:20.635+0000] {dag.py:3340} INFO - Setting next_dagrun for dataset_consumes_unknown_never_scheduled to None, run_after=None
[2022-11-16T14:28:20.640+0000] {logging_mixin.py:137} INFO - [2022-11-16T14:28:20.640+0000] {dag.py:3340} INFO - Setting next_dagrun for dataset_produces_1 to 2022-11-15T00:00:00+00:00, run_after=2022-11-16T00:00:00+00:00
[2022-11-16T14:28:20.642+0000] {logging_mixin.py:137} INFO - [2022-11-16T14:28:20.642+0000] {dag.py:3340} INFO - Setting next_dagrun for dataset_produces_2 to None, run_after=None
[2022-11-16T14:28:20.702+0000] {processor.py:176} INFO - Processing /home/airflow/.local/lib/python3.7/site-packages/airflow/example_dags/example_datasets.py took 0.385 seconds
[2022-11-16T14:28:52.922+0000] {processor.py:154} INFO - Started process (PID=490) to work on /home/airflow/.local/lib/python3.7/site-packages/airflow/example_dags/example_datasets.py
[2022-11-16T14:28:52.924+0000] {processor.py:756} INFO - Processing file /home/airflow/.local/lib/python3.7/site-packages/airflow/example_dags/example_datasets.py for tasks to queue
[2022-11-16T14:28:52.925+0000] {logging_mixin.py:137} INFO - [2022-11-16T14:28:52.925+0000] {dagbag.py:537} INFO - Filling up the DagBag from /home/airflow/.local/lib/python3.7/site-packages/airflow/example_dags/example_datasets.py
[2022-11-16T14:28:52.993+0000] {processor.py:766} INFO - DAG(s) dict_keys(['dataset_consumes_1_never_scheduled', 'dataset_consumes_1_and_2', 'dataset_consumes_1', 'dataset_produces_1', 'dataset_consumes_unknown_never_scheduled', 'dataset_produces_2']) retrieved from /home/airflow/.local/lib/python3.7/site-packages/airflow/example_dags/example_datasets.py
[2022-11-16T14:28:53.247+0000] {logging_mixin.py:137} INFO - [2022-11-16T14:28:53.246+0000] {dag.py:2585} INFO - Sync 6 DAGs
[2022-11-16T14:28:53.372+0000] {logging_mixin.py:137} INFO - [2022-11-16T14:28:53.371+0000] {dag.py:3340} INFO - Setting next_dagrun for dataset_consumes_1 to None, run_after=None
[2022-11-16T14:28:53.384+0000] {logging_mixin.py:137} INFO - [2022-11-16T14:28:53.384+0000] {dag.py:3340} INFO - Setting next_dagrun for dataset_consumes_1_and_2 to None, run_after=None
[2022-11-16T14:28:53.390+0000] {logging_mixin.py:137} INFO - [2022-11-16T14:28:53.389+0000] {dag.py:3340} INFO - Setting next_dagrun for dataset_consumes_1_never_scheduled to None, run_after=None
[2022-11-16T14:28:53.395+0000] {logging_mixin.py:137} INFO - [2022-11-16T14:28:53.395+0000] {dag.py:3340} INFO - Setting next_dagrun for dataset_consumes_unknown_never_scheduled to None, run_after=None
[2022-11-16T14:28:53.407+0000] {logging_mixin.py:137} INFO - [2022-11-16T14:28:53.407+0000] {dag.py:3340} INFO - Setting next_dagrun for dataset_produces_1 to 2022-11-15T00:00:00+00:00, run_after=2022-11-16T00:00:00+00:00
[2022-11-16T14:28:53.415+0000] {logging_mixin.py:137} INFO - [2022-11-16T14:28:53.414+0000] {dag.py:3340} INFO - Setting next_dagrun for dataset_produces_2 to None, run_after=None
[2022-11-16T14:28:53.524+0000] {processor.py:176} INFO - Processing /home/airflow/.local/lib/python3.7/site-packages/airflow/example_dags/example_datasets.py took 0.618 seconds
[2022-11-16T14:29:23.740+0000] {processor.py:154} INFO - Started process (PID=691) to work on /home/airflow/.local/lib/python3.7/site-packages/airflow/example_dags/example_datasets.py
[2022-11-16T14:29:23.742+0000] {processor.py:756} INFO - Processing file /home/airflow/.local/lib/python3.7/site-packages/airflow/example_dags/example_datasets.py for tasks to queue
[2022-11-16T14:29:23.744+0000] {logging_mixin.py:137} INFO - [2022-11-16T14:29:23.743+0000] {dagbag.py:537} INFO - Filling up the DagBag from /home/airflow/.local/lib/python3.7/site-packages/airflow/example_dags/example_datasets.py
[2022-11-16T14:29:23.795+0000] {processor.py:766} INFO - DAG(s) dict_keys(['dataset_consumes_unknown_never_scheduled', 'dataset_produces_1', 'dataset_consumes_1_and_2', 'dataset_consumes_1', 'dataset_consumes_1_never_scheduled', 'dataset_produces_2']) retrieved from /home/airflow/.local/lib/python3.7/site-packages/airflow/example_dags/example_datasets.py
[2022-11-16T14:29:23.973+0000] {logging_mixin.py:137} INFO - [2022-11-16T14:29:23.972+0000] {dag.py:2585} INFO - Sync 6 DAGs
[2022-11-16T14:29:24.035+0000] {logging_mixin.py:137} INFO - [2022-11-16T14:29:24.035+0000] {dag.py:3340} INFO - Setting next_dagrun for dataset_consumes_1 to None, run_after=None
[2022-11-16T14:29:24.042+0000] {logging_mixin.py:137} INFO - [2022-11-16T14:29:24.042+0000] {dag.py:3340} INFO - Setting next_dagrun for dataset_consumes_1_and_2 to None, run_after=None
[2022-11-16T14:29:24.047+0000] {logging_mixin.py:137} INFO - [2022-11-16T14:29:24.047+0000] {dag.py:3340} INFO - Setting next_dagrun for dataset_consumes_1_never_scheduled to None, run_after=None
[2022-11-16T14:29:24.049+0000] {logging_mixin.py:137} INFO - [2022-11-16T14:29:24.049+0000] {dag.py:3340} INFO - Setting next_dagrun for dataset_consumes_unknown_never_scheduled to None, run_after=None
[2022-11-16T14:29:24.057+0000] {logging_mixin.py:137} INFO - [2022-11-16T14:29:24.056+0000] {dag.py:3340} INFO - Setting next_dagrun for dataset_produces_1 to 2022-11-15T00:00:00+00:00, run_after=2022-11-16T00:00:00+00:00
[2022-11-16T14:29:24.060+0000] {logging_mixin.py:137} INFO - [2022-11-16T14:29:24.059+0000] {dag.py:3340} INFO - Setting next_dagrun for dataset_produces_2 to None, run_after=None
[2022-11-16T14:29:24.128+0000] {processor.py:176} INFO - Processing /home/airflow/.local/lib/python3.7/site-packages/airflow/example_dags/example_datasets.py took 0.399 seconds
[2022-11-16T14:29:54.425+0000] {processor.py:154} INFO - Started process (PID=887) to work on /home/airflow/.local/lib/python3.7/site-packages/airflow/example_dags/example_datasets.py
[2022-11-16T14:29:54.426+0000] {processor.py:756} INFO - Processing file /home/airflow/.local/lib/python3.7/site-packages/airflow/example_dags/example_datasets.py for tasks to queue
[2022-11-16T14:29:54.427+0000] {logging_mixin.py:137} INFO - [2022-11-16T14:29:54.427+0000] {dagbag.py:537} INFO - Filling up the DagBag from /home/airflow/.local/lib/python3.7/site-packages/airflow/example_dags/example_datasets.py
[2022-11-16T14:29:54.458+0000] {processor.py:766} INFO - DAG(s) dict_keys(['dataset_consumes_1_and_2', 'dataset_consumes_unknown_never_scheduled', 'dataset_consumes_1', 'dataset_consumes_1_never_scheduled', 'dataset_produces_1', 'dataset_produces_2']) retrieved from /home/airflow/.local/lib/python3.7/site-packages/airflow/example_dags/example_datasets.py
[2022-11-16T14:29:54.634+0000] {logging_mixin.py:137} INFO - [2022-11-16T14:29:54.633+0000] {dag.py:2585} INFO - Sync 6 DAGs
[2022-11-16T14:29:54.715+0000] {logging_mixin.py:137} INFO - [2022-11-16T14:29:54.715+0000] {dag.py:3340} INFO - Setting next_dagrun for dataset_consumes_1 to None, run_after=None
[2022-11-16T14:29:54.724+0000] {logging_mixin.py:137} INFO - [2022-11-16T14:29:54.724+0000] {dag.py:3340} INFO - Setting next_dagrun for dataset_consumes_1_and_2 to None, run_after=None
[2022-11-16T14:29:54.727+0000] {logging_mixin.py:137} INFO - [2022-11-16T14:29:54.727+0000] {dag.py:3340} INFO - Setting next_dagrun for dataset_consumes_1_never_scheduled to None, run_after=None
[2022-11-16T14:29:54.729+0000] {logging_mixin.py:137} INFO - [2022-11-16T14:29:54.729+0000] {dag.py:3340} INFO - Setting next_dagrun for dataset_consumes_unknown_never_scheduled to None, run_after=None
[2022-11-16T14:29:54.736+0000] {logging_mixin.py:137} INFO - [2022-11-16T14:29:54.735+0000] {dag.py:3340} INFO - Setting next_dagrun for dataset_produces_1 to 2022-11-15T00:00:00+00:00, run_after=2022-11-16T00:00:00+00:00
[2022-11-16T14:29:54.738+0000] {logging_mixin.py:137} INFO - [2022-11-16T14:29:54.738+0000] {dag.py:3340} INFO - Setting next_dagrun for dataset_produces_2 to None, run_after=None
[2022-11-16T14:29:54.953+0000] {processor.py:176} INFO - Processing /home/airflow/.local/lib/python3.7/site-packages/airflow/example_dags/example_datasets.py took 0.533 seconds
[2022-11-16T14:30:25.482+0000] {processor.py:154} INFO - Started process (PID=1093) to work on /home/airflow/.local/lib/python3.7/site-packages/airflow/example_dags/example_datasets.py
[2022-11-16T14:30:25.483+0000] {processor.py:756} INFO - Processing file /home/airflow/.local/lib/python3.7/site-packages/airflow/example_dags/example_datasets.py for tasks to queue
[2022-11-16T14:30:25.484+0000] {logging_mixin.py:137} INFO - [2022-11-16T14:30:25.484+0000] {dagbag.py:537} INFO - Filling up the DagBag from /home/airflow/.local/lib/python3.7/site-packages/airflow/example_dags/example_datasets.py
[2022-11-16T14:30:25.516+0000] {processor.py:766} INFO - DAG(s) dict_keys(['dataset_consumes_1', 'dataset_consumes_unknown_never_scheduled', 'dataset_produces_2', 'dataset_consumes_1_never_scheduled', 'dataset_produces_1', 'dataset_consumes_1_and_2']) retrieved from /home/airflow/.local/lib/python3.7/site-packages/airflow/example_dags/example_datasets.py
[2022-11-16T14:30:25.632+0000] {logging_mixin.py:137} INFO - [2022-11-16T14:30:25.632+0000] {dag.py:2585} INFO - Sync 6 DAGs
[2022-11-16T14:30:25.682+0000] {logging_mixin.py:137} INFO - [2022-11-16T14:30:25.681+0000] {dag.py:3340} INFO - Setting next_dagrun for dataset_consumes_1 to None, run_after=None
[2022-11-16T14:30:25.687+0000] {logging_mixin.py:137} INFO - [2022-11-16T14:30:25.686+0000] {dag.py:3340} INFO - Setting next_dagrun for dataset_consumes_1_and_2 to None, run_after=None
[2022-11-16T14:30:25.688+0000] {logging_mixin.py:137} INFO - [2022-11-16T14:30:25.688+0000] {dag.py:3340} INFO - Setting next_dagrun for dataset_consumes_1_never_scheduled to None, run_after=None
[2022-11-16T14:30:25.690+0000] {logging_mixin.py:137} INFO - [2022-11-16T14:30:25.690+0000] {dag.py:3340} INFO - Setting next_dagrun for dataset_consumes_unknown_never_scheduled to None, run_after=None
[2022-11-16T14:30:25.694+0000] {logging_mixin.py:137} INFO - [2022-11-16T14:30:25.694+0000] {dag.py:3340} INFO - Setting next_dagrun for dataset_produces_1 to 2022-11-15T00:00:00+00:00, run_after=2022-11-16T00:00:00+00:00
[2022-11-16T14:30:25.698+0000] {logging_mixin.py:137} INFO - [2022-11-16T14:30:25.697+0000] {dag.py:3340} INFO - Setting next_dagrun for dataset_produces_2 to None, run_after=None
[2022-11-16T14:30:25.754+0000] {processor.py:176} INFO - Processing /home/airflow/.local/lib/python3.7/site-packages/airflow/example_dags/example_datasets.py took 0.278 seconds
[2022-11-16T14:30:56.811+0000] {processor.py:154} INFO - Started process (PID=1292) to work on /home/airflow/.local/lib/python3.7/site-packages/airflow/example_dags/example_datasets.py
[2022-11-16T14:30:56.812+0000] {processor.py:756} INFO - Processing file /home/airflow/.local/lib/python3.7/site-packages/airflow/example_dags/example_datasets.py for tasks to queue
[2022-11-16T14:30:56.812+0000] {logging_mixin.py:137} INFO - [2022-11-16T14:30:56.812+0000] {dagbag.py:537} INFO - Filling up the DagBag from /home/airflow/.local/lib/python3.7/site-packages/airflow/example_dags/example_datasets.py
[2022-11-16T14:30:56.833+0000] {processor.py:766} INFO - DAG(s) dict_keys(['dataset_consumes_1_never_scheduled', 'dataset_produces_2', 'dataset_consumes_unknown_never_scheduled', 'dataset_consumes_1_and_2', 'dataset_produces_1', 'dataset_consumes_1']) retrieved from /home/airflow/.local/lib/python3.7/site-packages/airflow/example_dags/example_datasets.py
[2022-11-16T14:30:56.904+0000] {logging_mixin.py:137} INFO - [2022-11-16T14:30:56.904+0000] {dag.py:2585} INFO - Sync 6 DAGs
[2022-11-16T14:30:56.940+0000] {logging_mixin.py:137} INFO - [2022-11-16T14:30:56.940+0000] {dag.py:3340} INFO - Setting next_dagrun for dataset_consumes_1 to None, run_after=None
[2022-11-16T14:30:56.945+0000] {logging_mixin.py:137} INFO - [2022-11-16T14:30:56.945+0000] {dag.py:3340} INFO - Setting next_dagrun for dataset_consumes_1_and_2 to None, run_after=None
[2022-11-16T14:30:56.946+0000] {logging_mixin.py:137} INFO - [2022-11-16T14:30:56.946+0000] {dag.py:3340} INFO - Setting next_dagrun for dataset_consumes_1_never_scheduled to None, run_after=None
[2022-11-16T14:30:56.948+0000] {logging_mixin.py:137} INFO - [2022-11-16T14:30:56.948+0000] {dag.py:3340} INFO - Setting next_dagrun for dataset_consumes_unknown_never_scheduled to None, run_after=None
[2022-11-16T14:30:56.951+0000] {logging_mixin.py:137} INFO - [2022-11-16T14:30:56.951+0000] {dag.py:3340} INFO - Setting next_dagrun for dataset_produces_1 to 2022-11-15T00:00:00+00:00, run_after=2022-11-16T00:00:00+00:00
[2022-11-16T14:30:56.953+0000] {logging_mixin.py:137} INFO - [2022-11-16T14:30:56.953+0000] {dag.py:3340} INFO - Setting next_dagrun for dataset_produces_2 to None, run_after=None
[2022-11-16T14:30:57.001+0000] {processor.py:176} INFO - Processing /home/airflow/.local/lib/python3.7/site-packages/airflow/example_dags/example_datasets.py took 0.194 seconds
[2022-11-16T14:31:27.143+0000] {processor.py:154} INFO - Started process (PID=1496) to work on /home/airflow/.local/lib/python3.7/site-packages/airflow/example_dags/example_datasets.py
[2022-11-16T14:31:27.145+0000] {processor.py:756} INFO - Processing file /home/airflow/.local/lib/python3.7/site-packages/airflow/example_dags/example_datasets.py for tasks to queue
[2022-11-16T14:31:27.146+0000] {logging_mixin.py:137} INFO - [2022-11-16T14:31:27.145+0000] {dagbag.py:537} INFO - Filling up the DagBag from /home/airflow/.local/lib/python3.7/site-packages/airflow/example_dags/example_datasets.py
[2022-11-16T14:31:27.175+0000] {processor.py:766} INFO - DAG(s) dict_keys(['dataset_consumes_1_and_2', 'dataset_produces_2', 'dataset_consumes_unknown_never_scheduled', 'dataset_produces_1', 'dataset_consumes_1_never_scheduled', 'dataset_consumes_1']) retrieved from /home/airflow/.local/lib/python3.7/site-packages/airflow/example_dags/example_datasets.py
[2022-11-16T14:31:27.279+0000] {logging_mixin.py:137} INFO - [2022-11-16T14:31:27.279+0000] {dag.py:2585} INFO - Sync 6 DAGs
[2022-11-16T14:31:27.353+0000] {logging_mixin.py:137} INFO - [2022-11-16T14:31:27.353+0000] {dag.py:3340} INFO - Setting next_dagrun for dataset_consumes_1 to None, run_after=None
[2022-11-16T14:31:27.358+0000] {logging_mixin.py:137} INFO - [2022-11-16T14:31:27.358+0000] {dag.py:3340} INFO - Setting next_dagrun for dataset_consumes_1_and_2 to None, run_after=None
[2022-11-16T14:31:27.360+0000] {logging_mixin.py:137} INFO - [2022-11-16T14:31:27.360+0000] {dag.py:3340} INFO - Setting next_dagrun for dataset_consumes_1_never_scheduled to None, run_after=None
[2022-11-16T14:31:27.363+0000] {logging_mixin.py:137} INFO - [2022-11-16T14:31:27.362+0000] {dag.py:3340} INFO - Setting next_dagrun for dataset_consumes_unknown_never_scheduled to None, run_after=None
[2022-11-16T14:31:27.367+0000] {logging_mixin.py:137} INFO - [2022-11-16T14:31:27.366+0000] {dag.py:3340} INFO - Setting next_dagrun for dataset_produces_1 to 2022-11-15T00:00:00+00:00, run_after=2022-11-16T00:00:00+00:00
[2022-11-16T14:31:27.368+0000] {logging_mixin.py:137} INFO - [2022-11-16T14:31:27.368+0000] {dag.py:3340} INFO - Setting next_dagrun for dataset_produces_2 to None, run_after=None
[2022-11-16T14:31:27.422+0000] {processor.py:176} INFO - Processing /home/airflow/.local/lib/python3.7/site-packages/airflow/example_dags/example_datasets.py took 0.283 seconds
[2022-11-16T14:31:59.803+0000] {processor.py:154} INFO - Started process (PID=1694) to work on /home/airflow/.local/lib/python3.7/site-packages/airflow/example_dags/example_datasets.py
[2022-11-16T14:31:59.804+0000] {processor.py:756} INFO - Processing file /home/airflow/.local/lib/python3.7/site-packages/airflow/example_dags/example_datasets.py for tasks to queue
[2022-11-16T14:31:59.806+0000] {logging_mixin.py:137} INFO - [2022-11-16T14:31:59.805+0000] {dagbag.py:537} INFO - Filling up the DagBag from /home/airflow/.local/lib/python3.7/site-packages/airflow/example_dags/example_datasets.py
[2022-11-16T14:31:59.851+0000] {processor.py:766} INFO - DAG(s) dict_keys(['dataset_consumes_1_never_scheduled', 'dataset_produces_2', 'dataset_produces_1', 'dataset_consumes_unknown_never_scheduled', 'dataset_consumes_1', 'dataset_consumes_1_and_2']) retrieved from /home/airflow/.local/lib/python3.7/site-packages/airflow/example_dags/example_datasets.py
[2022-11-16T14:31:59.995+0000] {logging_mixin.py:137} INFO - [2022-11-16T14:31:59.994+0000] {dag.py:2585} INFO - Sync 6 DAGs
[2022-11-16T14:32:00.060+0000] {logging_mixin.py:137} INFO - [2022-11-16T14:32:00.059+0000] {dag.py:3340} INFO - Setting next_dagrun for dataset_consumes_1 to None, run_after=None
[2022-11-16T14:32:00.067+0000] {logging_mixin.py:137} INFO - [2022-11-16T14:32:00.066+0000] {dag.py:3340} INFO - Setting next_dagrun for dataset_consumes_1_and_2 to None, run_after=None
[2022-11-16T14:32:00.069+0000] {logging_mixin.py:137} INFO - [2022-11-16T14:32:00.069+0000] {dag.py:3340} INFO - Setting next_dagrun for dataset_consumes_1_never_scheduled to None, run_after=None
[2022-11-16T14:32:00.073+0000] {logging_mixin.py:137} INFO - [2022-11-16T14:32:00.072+0000] {dag.py:3340} INFO - Setting next_dagrun for dataset_consumes_unknown_never_scheduled to None, run_after=None
[2022-11-16T14:32:00.080+0000] {logging_mixin.py:137} INFO - [2022-11-16T14:32:00.080+0000] {dag.py:3340} INFO - Setting next_dagrun for dataset_produces_1 to 2022-11-15T00:00:00+00:00, run_after=2022-11-16T00:00:00+00:00
[2022-11-16T14:32:00.083+0000] {logging_mixin.py:137} INFO - [2022-11-16T14:32:00.082+0000] {dag.py:3340} INFO - Setting next_dagrun for dataset_produces_2 to None, run_after=None
[2022-11-16T14:32:00.186+0000] {processor.py:176} INFO - Processing /home/airflow/.local/lib/python3.7/site-packages/airflow/example_dags/example_datasets.py took 0.392 seconds
[2022-11-16T14:32:30.626+0000] {processor.py:154} INFO - Started process (PID=1900) to work on /home/airflow/.local/lib/python3.7/site-packages/airflow/example_dags/example_datasets.py
[2022-11-16T14:32:30.627+0000] {processor.py:756} INFO - Processing file /home/airflow/.local/lib/python3.7/site-packages/airflow/example_dags/example_datasets.py for tasks to queue
[2022-11-16T14:32:30.628+0000] {logging_mixin.py:137} INFO - [2022-11-16T14:32:30.628+0000] {dagbag.py:537} INFO - Filling up the DagBag from /home/airflow/.local/lib/python3.7/site-packages/airflow/example_dags/example_datasets.py
[2022-11-16T14:32:30.659+0000] {processor.py:766} INFO - DAG(s) dict_keys(['dataset_consumes_unknown_never_scheduled', 'dataset_consumes_1_never_scheduled', 'dataset_consumes_1', 'dataset_produces_2', 'dataset_consumes_1_and_2', 'dataset_produces_1']) retrieved from /home/airflow/.local/lib/python3.7/site-packages/airflow/example_dags/example_datasets.py
[2022-11-16T14:32:30.762+0000] {logging_mixin.py:137} INFO - [2022-11-16T14:32:30.762+0000] {dag.py:2585} INFO - Sync 6 DAGs
[2022-11-16T14:32:30.819+0000] {logging_mixin.py:137} INFO - [2022-11-16T14:32:30.818+0000] {dag.py:3340} INFO - Setting next_dagrun for dataset_consumes_1 to None, run_after=None
[2022-11-16T14:32:30.828+0000] {logging_mixin.py:137} INFO - [2022-11-16T14:32:30.828+0000] {dag.py:3340} INFO - Setting next_dagrun for dataset_consumes_1_and_2 to None, run_after=None
[2022-11-16T14:32:30.830+0000] {logging_mixin.py:137} INFO - [2022-11-16T14:32:30.830+0000] {dag.py:3340} INFO - Setting next_dagrun for dataset_consumes_1_never_scheduled to None, run_after=None
[2022-11-16T14:32:30.832+0000] {logging_mixin.py:137} INFO - [2022-11-16T14:32:30.832+0000] {dag.py:3340} INFO - Setting next_dagrun for dataset_consumes_unknown_never_scheduled to None, run_after=None
[2022-11-16T14:32:30.839+0000] {logging_mixin.py:137} INFO - [2022-11-16T14:32:30.838+0000] {dag.py:3340} INFO - Setting next_dagrun for dataset_produces_1 to 2022-11-15T00:00:00+00:00, run_after=2022-11-16T00:00:00+00:00
[2022-11-16T14:32:30.844+0000] {logging_mixin.py:137} INFO - [2022-11-16T14:32:30.844+0000] {dag.py:3340} INFO - Setting next_dagrun for dataset_produces_2 to None, run_after=None
[2022-11-16T14:32:30.904+0000] {processor.py:176} INFO - Processing /home/airflow/.local/lib/python3.7/site-packages/airflow/example_dags/example_datasets.py took 0.283 seconds
[2022-11-16T14:33:01.497+0000] {processor.py:154} INFO - Started process (PID=2097) to work on /home/airflow/.local/lib/python3.7/site-packages/airflow/example_dags/example_datasets.py
[2022-11-16T14:33:01.498+0000] {processor.py:756} INFO - Processing file /home/airflow/.local/lib/python3.7/site-packages/airflow/example_dags/example_datasets.py for tasks to queue
[2022-11-16T14:33:01.499+0000] {logging_mixin.py:137} INFO - [2022-11-16T14:33:01.499+0000] {dagbag.py:537} INFO - Filling up the DagBag from /home/airflow/.local/lib/python3.7/site-packages/airflow/example_dags/example_datasets.py
[2022-11-16T14:33:01.529+0000] {processor.py:766} INFO - DAG(s) dict_keys(['dataset_consumes_1_never_scheduled', 'dataset_produces_2', 'dataset_consumes_1', 'dataset_consumes_unknown_never_scheduled', 'dataset_produces_1', 'dataset_consumes_1_and_2']) retrieved from /home/airflow/.local/lib/python3.7/site-packages/airflow/example_dags/example_datasets.py
[2022-11-16T14:33:01.630+0000] {logging_mixin.py:137} INFO - [2022-11-16T14:33:01.630+0000] {dag.py:2585} INFO - Sync 6 DAGs
[2022-11-16T14:33:01.698+0000] {logging_mixin.py:137} INFO - [2022-11-16T14:33:01.698+0000] {dag.py:3340} INFO - Setting next_dagrun for dataset_consumes_1 to None, run_after=None
[2022-11-16T14:33:01.707+0000] {logging_mixin.py:137} INFO - [2022-11-16T14:33:01.707+0000] {dag.py:3340} INFO - Setting next_dagrun for dataset_consumes_1_and_2 to None, run_after=None
[2022-11-16T14:33:01.709+0000] {logging_mixin.py:137} INFO - [2022-11-16T14:33:01.709+0000] {dag.py:3340} INFO - Setting next_dagrun for dataset_consumes_1_never_scheduled to None, run_after=None
[2022-11-16T14:33:01.712+0000] {logging_mixin.py:137} INFO - [2022-11-16T14:33:01.712+0000] {dag.py:3340} INFO - Setting next_dagrun for dataset_consumes_unknown_never_scheduled to None, run_after=None
[2022-11-16T14:33:01.716+0000] {logging_mixin.py:137} INFO - [2022-11-16T14:33:01.716+0000] {dag.py:3340} INFO - Setting next_dagrun for dataset_produces_1 to 2022-11-15T00:00:00+00:00, run_after=2022-11-16T00:00:00+00:00
[2022-11-16T14:33:01.718+0000] {logging_mixin.py:137} INFO - [2022-11-16T14:33:01.718+0000] {dag.py:3340} INFO - Setting next_dagrun for dataset_produces_2 to None, run_after=None
[2022-11-16T14:33:01.801+0000] {processor.py:176} INFO - Processing /home/airflow/.local/lib/python3.7/site-packages/airflow/example_dags/example_datasets.py took 0.310 seconds
[2022-11-16T14:33:32.237+0000] {processor.py:154} INFO - Started process (PID=2303) to work on /home/airflow/.local/lib/python3.7/site-packages/airflow/example_dags/example_datasets.py
[2022-11-16T14:33:32.238+0000] {processor.py:756} INFO - Processing file /home/airflow/.local/lib/python3.7/site-packages/airflow/example_dags/example_datasets.py for tasks to queue
[2022-11-16T14:33:32.239+0000] {logging_mixin.py:137} INFO - [2022-11-16T14:33:32.239+0000] {dagbag.py:537} INFO - Filling up the DagBag from /home/airflow/.local/lib/python3.7/site-packages/airflow/example_dags/example_datasets.py
[2022-11-16T14:33:32.268+0000] {processor.py:766} INFO - DAG(s) dict_keys(['dataset_consumes_1', 'dataset_produces_1', 'dataset_consumes_1_and_2', 'dataset_consumes_1_never_scheduled', 'dataset_produces_2', 'dataset_consumes_unknown_never_scheduled']) retrieved from /home/airflow/.local/lib/python3.7/site-packages/airflow/example_dags/example_datasets.py
[2022-11-16T14:33:32.366+0000] {logging_mixin.py:137} INFO - [2022-11-16T14:33:32.366+0000] {dag.py:2585} INFO - Sync 6 DAGs
[2022-11-16T14:33:32.425+0000] {logging_mixin.py:137} INFO - [2022-11-16T14:33:32.425+0000] {dag.py:3340} INFO - Setting next_dagrun for dataset_consumes_1 to None, run_after=None
[2022-11-16T14:33:32.432+0000] {logging_mixin.py:137} INFO - [2022-11-16T14:33:32.431+0000] {dag.py:3340} INFO - Setting next_dagrun for dataset_consumes_1_and_2 to None, run_after=None
[2022-11-16T14:33:32.434+0000] {logging_mixin.py:137} INFO - [2022-11-16T14:33:32.434+0000] {dag.py:3340} INFO - Setting next_dagrun for dataset_consumes_1_never_scheduled to None, run_after=None
[2022-11-16T14:33:32.436+0000] {logging_mixin.py:137} INFO - [2022-11-16T14:33:32.436+0000] {dag.py:3340} INFO - Setting next_dagrun for dataset_consumes_unknown_never_scheduled to None, run_after=None
[2022-11-16T14:33:32.442+0000] {logging_mixin.py:137} INFO - [2022-11-16T14:33:32.442+0000] {dag.py:3340} INFO - Setting next_dagrun for dataset_produces_1 to 2022-11-15T00:00:00+00:00, run_after=2022-11-16T00:00:00+00:00
[2022-11-16T14:33:32.444+0000] {logging_mixin.py:137} INFO - [2022-11-16T14:33:32.444+0000] {dag.py:3340} INFO - Setting next_dagrun for dataset_produces_2 to None, run_after=None
[2022-11-16T14:33:32.498+0000] {processor.py:176} INFO - Processing /home/airflow/.local/lib/python3.7/site-packages/airflow/example_dags/example_datasets.py took 0.265 seconds
[2022-11-16T14:34:03.500+0000] {processor.py:154} INFO - Started process (PID=2506) to work on /home/airflow/.local/lib/python3.7/site-packages/airflow/example_dags/example_datasets.py
[2022-11-16T14:34:03.545+0000] {processor.py:756} INFO - Processing file /home/airflow/.local/lib/python3.7/site-packages/airflow/example_dags/example_datasets.py for tasks to queue
[2022-11-16T14:34:03.547+0000] {logging_mixin.py:137} INFO - [2022-11-16T14:34:03.546+0000] {dagbag.py:537} INFO - Filling up the DagBag from /home/airflow/.local/lib/python3.7/site-packages/airflow/example_dags/example_datasets.py
[2022-11-16T14:34:03.625+0000] {processor.py:766} INFO - DAG(s) dict_keys(['dataset_produces_2', 'dataset_produces_1', 'dataset_consumes_1_and_2', 'dataset_consumes_1', 'dataset_consumes_1_never_scheduled', 'dataset_consumes_unknown_never_scheduled']) retrieved from /home/airflow/.local/lib/python3.7/site-packages/airflow/example_dags/example_datasets.py
[2022-11-16T14:34:03.783+0000] {logging_mixin.py:137} INFO - [2022-11-16T14:34:03.783+0000] {dag.py:2585} INFO - Sync 6 DAGs
[2022-11-16T14:34:03.857+0000] {logging_mixin.py:137} INFO - [2022-11-16T14:34:03.856+0000] {dag.py:3340} INFO - Setting next_dagrun for dataset_consumes_1 to None, run_after=None
[2022-11-16T14:34:03.867+0000] {logging_mixin.py:137} INFO - [2022-11-16T14:34:03.867+0000] {dag.py:3340} INFO - Setting next_dagrun for dataset_consumes_1_and_2 to None, run_after=None
[2022-11-16T14:34:03.869+0000] {logging_mixin.py:137} INFO - [2022-11-16T14:34:03.869+0000] {dag.py:3340} INFO - Setting next_dagrun for dataset_consumes_1_never_scheduled to None, run_after=None
[2022-11-16T14:34:03.871+0000] {logging_mixin.py:137} INFO - [2022-11-16T14:34:03.871+0000] {dag.py:3340} INFO - Setting next_dagrun for dataset_consumes_unknown_never_scheduled to None, run_after=None
[2022-11-16T14:34:03.877+0000] {logging_mixin.py:137} INFO - [2022-11-16T14:34:03.877+0000] {dag.py:3340} INFO - Setting next_dagrun for dataset_produces_1 to 2022-11-15T00:00:00+00:00, run_after=2022-11-16T00:00:00+00:00
[2022-11-16T14:34:03.879+0000] {logging_mixin.py:137} INFO - [2022-11-16T14:34:03.879+0000] {dag.py:3340} INFO - Setting next_dagrun for dataset_produces_2 to None, run_after=None
[2022-11-16T14:34:04.391+0000] {processor.py:176} INFO - Processing /home/airflow/.local/lib/python3.7/site-packages/airflow/example_dags/example_datasets.py took 0.899 seconds
[2022-11-16T14:34:34.797+0000] {processor.py:154} INFO - Started process (PID=2724) to work on /home/airflow/.local/lib/python3.7/site-packages/airflow/example_dags/example_datasets.py
[2022-11-16T14:34:34.799+0000] {processor.py:756} INFO - Processing file /home/airflow/.local/lib/python3.7/site-packages/airflow/example_dags/example_datasets.py for tasks to queue
[2022-11-16T14:34:34.801+0000] {logging_mixin.py:137} INFO - [2022-11-16T14:34:34.801+0000] {dagbag.py:537} INFO - Filling up the DagBag from /home/airflow/.local/lib/python3.7/site-packages/airflow/example_dags/example_datasets.py
[2022-11-16T14:34:34.949+0000] {processor.py:766} INFO - DAG(s) dict_keys(['dataset_consumes_1_and_2', 'dataset_consumes_1', 'dataset_consumes_unknown_never_scheduled', 'dataset_consumes_1_never_scheduled', 'dataset_produces_1', 'dataset_produces_2']) retrieved from /home/airflow/.local/lib/python3.7/site-packages/airflow/example_dags/example_datasets.py
[2022-11-16T14:34:35.323+0000] {logging_mixin.py:137} INFO - [2022-11-16T14:34:35.322+0000] {dag.py:2585} INFO - Sync 6 DAGs
[2022-11-16T14:34:35.455+0000] {logging_mixin.py:137} INFO - [2022-11-16T14:34:35.437+0000] {dag.py:3340} INFO - Setting next_dagrun for dataset_consumes_1 to None, run_after=None
[2022-11-16T14:34:35.475+0000] {logging_mixin.py:137} INFO - [2022-11-16T14:34:35.475+0000] {dag.py:3340} INFO - Setting next_dagrun for dataset_consumes_1_and_2 to None, run_after=None
[2022-11-16T14:34:35.483+0000] {logging_mixin.py:137} INFO - [2022-11-16T14:34:35.482+0000] {dag.py:3340} INFO - Setting next_dagrun for dataset_consumes_1_never_scheduled to None, run_after=None
[2022-11-16T14:34:35.495+0000] {logging_mixin.py:137} INFO - [2022-11-16T14:34:35.495+0000] {dag.py:3340} INFO - Setting next_dagrun for dataset_consumes_unknown_never_scheduled to None, run_after=None
[2022-11-16T14:34:35.515+0000] {logging_mixin.py:137} INFO - [2022-11-16T14:34:35.515+0000] {dag.py:3340} INFO - Setting next_dagrun for dataset_produces_1 to 2022-11-15T00:00:00+00:00, run_after=2022-11-16T00:00:00+00:00
[2022-11-16T14:34:35.525+0000] {logging_mixin.py:137} INFO - [2022-11-16T14:34:35.524+0000] {dag.py:3340} INFO - Setting next_dagrun for dataset_produces_2 to None, run_after=None
[2022-11-16T14:34:35.674+0000] {processor.py:176} INFO - Processing /home/airflow/.local/lib/python3.7/site-packages/airflow/example_dags/example_datasets.py took 0.886 seconds
[2022-11-16T14:35:06.140+0000] {processor.py:154} INFO - Started process (PID=2920) to work on /home/airflow/.local/lib/python3.7/site-packages/airflow/example_dags/example_datasets.py
[2022-11-16T14:35:06.141+0000] {processor.py:756} INFO - Processing file /home/airflow/.local/lib/python3.7/site-packages/airflow/example_dags/example_datasets.py for tasks to queue
[2022-11-16T14:35:06.142+0000] {logging_mixin.py:137} INFO - [2022-11-16T14:35:06.142+0000] {dagbag.py:537} INFO - Filling up the DagBag from /home/airflow/.local/lib/python3.7/site-packages/airflow/example_dags/example_datasets.py
[2022-11-16T14:35:06.170+0000] {processor.py:766} INFO - DAG(s) dict_keys(['dataset_consumes_1_never_scheduled', 'dataset_consumes_1_and_2', 'dataset_consumes_unknown_never_scheduled', 'dataset_produces_2', 'dataset_produces_1', 'dataset_consumes_1']) retrieved from /home/airflow/.local/lib/python3.7/site-packages/airflow/example_dags/example_datasets.py
[2022-11-16T14:35:06.274+0000] {logging_mixin.py:137} INFO - [2022-11-16T14:35:06.274+0000] {dag.py:2585} INFO - Sync 6 DAGs
[2022-11-16T14:35:06.318+0000] {logging_mixin.py:137} INFO - [2022-11-16T14:35:06.318+0000] {dag.py:3340} INFO - Setting next_dagrun for dataset_consumes_1 to None, run_after=None
[2022-11-16T14:35:06.323+0000] {logging_mixin.py:137} INFO - [2022-11-16T14:35:06.323+0000] {dag.py:3340} INFO - Setting next_dagrun for dataset_consumes_1_and_2 to None, run_after=None
[2022-11-16T14:35:06.325+0000] {logging_mixin.py:137} INFO - [2022-11-16T14:35:06.325+0000] {dag.py:3340} INFO - Setting next_dagrun for dataset_consumes_1_never_scheduled to None, run_after=None
[2022-11-16T14:35:06.326+0000] {logging_mixin.py:137} INFO - [2022-11-16T14:35:06.326+0000] {dag.py:3340} INFO - Setting next_dagrun for dataset_consumes_unknown_never_scheduled to None, run_after=None
[2022-11-16T14:35:06.330+0000] {logging_mixin.py:137} INFO - [2022-11-16T14:35:06.330+0000] {dag.py:3340} INFO - Setting next_dagrun for dataset_produces_1 to 2022-11-15T00:00:00+00:00, run_after=2022-11-16T00:00:00+00:00
[2022-11-16T14:35:06.332+0000] {logging_mixin.py:137} INFO - [2022-11-16T14:35:06.332+0000] {dag.py:3340} INFO - Setting next_dagrun for dataset_produces_2 to None, run_after=None
[2022-11-16T14:35:06.382+0000] {processor.py:176} INFO - Processing /home/airflow/.local/lib/python3.7/site-packages/airflow/example_dags/example_datasets.py took 0.245 seconds
[2022-11-16T14:35:36.440+0000] {processor.py:154} INFO - Started process (PID=3116) to work on /home/airflow/.local/lib/python3.7/site-packages/airflow/example_dags/example_datasets.py
[2022-11-16T14:35:36.441+0000] {processor.py:756} INFO - Processing file /home/airflow/.local/lib/python3.7/site-packages/airflow/example_dags/example_datasets.py for tasks to queue
[2022-11-16T14:35:36.442+0000] {logging_mixin.py:137} INFO - [2022-11-16T14:35:36.442+0000] {dagbag.py:537} INFO - Filling up the DagBag from /home/airflow/.local/lib/python3.7/site-packages/airflow/example_dags/example_datasets.py
[2022-11-16T14:35:36.467+0000] {processor.py:766} INFO - DAG(s) dict_keys(['dataset_consumes_1_and_2', 'dataset_produces_1', 'dataset_produces_2', 'dataset_consumes_unknown_never_scheduled', 'dataset_consumes_1_never_scheduled', 'dataset_consumes_1']) retrieved from /home/airflow/.local/lib/python3.7/site-packages/airflow/example_dags/example_datasets.py
[2022-11-16T14:35:36.548+0000] {logging_mixin.py:137} INFO - [2022-11-16T14:35:36.548+0000] {dag.py:2585} INFO - Sync 6 DAGs
[2022-11-16T14:35:36.591+0000] {logging_mixin.py:137} INFO - [2022-11-16T14:35:36.591+0000] {dag.py:3340} INFO - Setting next_dagrun for dataset_consumes_1 to None, run_after=None
[2022-11-16T14:35:36.596+0000] {logging_mixin.py:137} INFO - [2022-11-16T14:35:36.596+0000] {dag.py:3340} INFO - Setting next_dagrun for dataset_consumes_1_and_2 to None, run_after=None
[2022-11-16T14:35:36.600+0000] {logging_mixin.py:137} INFO - [2022-11-16T14:35:36.600+0000] {dag.py:3340} INFO - Setting next_dagrun for dataset_consumes_1_never_scheduled to None, run_after=None
[2022-11-16T14:35:36.603+0000] {logging_mixin.py:137} INFO - [2022-11-16T14:35:36.602+0000] {dag.py:3340} INFO - Setting next_dagrun for dataset_consumes_unknown_never_scheduled to None, run_after=None
[2022-11-16T14:35:36.607+0000] {logging_mixin.py:137} INFO - [2022-11-16T14:35:36.607+0000] {dag.py:3340} INFO - Setting next_dagrun for dataset_produces_1 to 2022-11-15T00:00:00+00:00, run_after=2022-11-16T00:00:00+00:00
[2022-11-16T14:35:36.609+0000] {logging_mixin.py:137} INFO - [2022-11-16T14:35:36.609+0000] {dag.py:3340} INFO - Setting next_dagrun for dataset_produces_2 to None, run_after=None
[2022-11-16T14:35:36.656+0000] {processor.py:176} INFO - Processing /home/airflow/.local/lib/python3.7/site-packages/airflow/example_dags/example_datasets.py took 0.219 seconds
[2022-11-16T14:36:06.884+0000] {processor.py:154} INFO - Started process (PID=3313) to work on /home/airflow/.local/lib/python3.7/site-packages/airflow/example_dags/example_datasets.py
[2022-11-16T14:36:06.885+0000] {processor.py:756} INFO - Processing file /home/airflow/.local/lib/python3.7/site-packages/airflow/example_dags/example_datasets.py for tasks to queue
[2022-11-16T14:36:06.886+0000] {logging_mixin.py:137} INFO - [2022-11-16T14:36:06.886+0000] {dagbag.py:537} INFO - Filling up the DagBag from /home/airflow/.local/lib/python3.7/site-packages/airflow/example_dags/example_datasets.py
[2022-11-16T14:36:06.911+0000] {processor.py:766} INFO - DAG(s) dict_keys(['dataset_produces_2', 'dataset_consumes_unknown_never_scheduled', 'dataset_produces_1', 'dataset_consumes_1', 'dataset_consumes_1_never_scheduled', 'dataset_consumes_1_and_2']) retrieved from /home/airflow/.local/lib/python3.7/site-packages/airflow/example_dags/example_datasets.py
[2022-11-16T14:36:06.999+0000] {logging_mixin.py:137} INFO - [2022-11-16T14:36:06.999+0000] {dag.py:2585} INFO - Sync 6 DAGs
[2022-11-16T14:36:07.045+0000] {logging_mixin.py:137} INFO - [2022-11-16T14:36:07.045+0000] {dag.py:3340} INFO - Setting next_dagrun for dataset_consumes_1 to None, run_after=None
[2022-11-16T14:36:07.050+0000] {logging_mixin.py:137} INFO - [2022-11-16T14:36:07.049+0000] {dag.py:3340} INFO - Setting next_dagrun for dataset_consumes_1_and_2 to None, run_after=None
[2022-11-16T14:36:07.052+0000] {logging_mixin.py:137} INFO - [2022-11-16T14:36:07.051+0000] {dag.py:3340} INFO - Setting next_dagrun for dataset_consumes_1_never_scheduled to None, run_after=None
[2022-11-16T14:36:07.055+0000] {logging_mixin.py:137} INFO - [2022-11-16T14:36:07.055+0000] {dag.py:3340} INFO - Setting next_dagrun for dataset_consumes_unknown_never_scheduled to None, run_after=None
[2022-11-16T14:36:07.059+0000] {logging_mixin.py:137} INFO - [2022-11-16T14:36:07.059+0000] {dag.py:3340} INFO - Setting next_dagrun for dataset_produces_1 to 2022-11-15T00:00:00+00:00, run_after=2022-11-16T00:00:00+00:00
[2022-11-16T14:36:07.061+0000] {logging_mixin.py:137} INFO - [2022-11-16T14:36:07.060+0000] {dag.py:3340} INFO - Setting next_dagrun for dataset_produces_2 to None, run_after=None
[2022-11-16T14:36:07.111+0000] {processor.py:176} INFO - Processing /home/airflow/.local/lib/python3.7/site-packages/airflow/example_dags/example_datasets.py took 0.230 seconds
[2022-11-16T14:36:37.516+0000] {processor.py:154} INFO - Started process (PID=3519) to work on /home/airflow/.local/lib/python3.7/site-packages/airflow/example_dags/example_datasets.py
[2022-11-16T14:36:37.517+0000] {processor.py:756} INFO - Processing file /home/airflow/.local/lib/python3.7/site-packages/airflow/example_dags/example_datasets.py for tasks to queue
[2022-11-16T14:36:37.518+0000] {logging_mixin.py:137} INFO - [2022-11-16T14:36:37.518+0000] {dagbag.py:537} INFO - Filling up the DagBag from /home/airflow/.local/lib/python3.7/site-packages/airflow/example_dags/example_datasets.py
[2022-11-16T14:36:37.538+0000] {processor.py:766} INFO - DAG(s) dict_keys(['dataset_consumes_unknown_never_scheduled', 'dataset_consumes_1_never_scheduled', 'dataset_produces_2', 'dataset_produces_1', 'dataset_consumes_1_and_2', 'dataset_consumes_1']) retrieved from /home/airflow/.local/lib/python3.7/site-packages/airflow/example_dags/example_datasets.py
[2022-11-16T14:36:37.612+0000] {logging_mixin.py:137} INFO - [2022-11-16T14:36:37.612+0000] {dag.py:2585} INFO - Sync 6 DAGs
[2022-11-16T14:36:37.647+0000] {logging_mixin.py:137} INFO - [2022-11-16T14:36:37.646+0000] {dag.py:3340} INFO - Setting next_dagrun for dataset_consumes_1 to None, run_after=None
[2022-11-16T14:36:37.651+0000] {logging_mixin.py:137} INFO - [2022-11-16T14:36:37.651+0000] {dag.py:3340} INFO - Setting next_dagrun for dataset_consumes_1_and_2 to None, run_after=None
[2022-11-16T14:36:37.653+0000] {logging_mixin.py:137} INFO - [2022-11-16T14:36:37.653+0000] {dag.py:3340} INFO - Setting next_dagrun for dataset_consumes_1_never_scheduled to None, run_after=None
[2022-11-16T14:36:37.654+0000] {logging_mixin.py:137} INFO - [2022-11-16T14:36:37.654+0000] {dag.py:3340} INFO - Setting next_dagrun for dataset_consumes_unknown_never_scheduled to None, run_after=None
[2022-11-16T14:36:37.658+0000] {logging_mixin.py:137} INFO - [2022-11-16T14:36:37.658+0000] {dag.py:3340} INFO - Setting next_dagrun for dataset_produces_1 to 2022-11-15T00:00:00+00:00, run_after=2022-11-16T00:00:00+00:00
[2022-11-16T14:36:37.660+0000] {logging_mixin.py:137} INFO - [2022-11-16T14:36:37.660+0000] {dag.py:3340} INFO - Setting next_dagrun for dataset_produces_2 to None, run_after=None
[2022-11-16T14:36:37.697+0000] {processor.py:176} INFO - Processing /home/airflow/.local/lib/python3.7/site-packages/airflow/example_dags/example_datasets.py took 0.184 seconds
[2022-11-16T14:37:08.581+0000] {processor.py:154} INFO - Started process (PID=3716) to work on /home/airflow/.local/lib/python3.7/site-packages/airflow/example_dags/example_datasets.py
[2022-11-16T14:37:08.582+0000] {processor.py:756} INFO - Processing file /home/airflow/.local/lib/python3.7/site-packages/airflow/example_dags/example_datasets.py for tasks to queue
[2022-11-16T14:37:08.583+0000] {logging_mixin.py:137} INFO - [2022-11-16T14:37:08.583+0000] {dagbag.py:537} INFO - Filling up the DagBag from /home/airflow/.local/lib/python3.7/site-packages/airflow/example_dags/example_datasets.py
[2022-11-16T14:37:08.608+0000] {processor.py:766} INFO - DAG(s) dict_keys(['dataset_consumes_1', 'dataset_consumes_unknown_never_scheduled', 'dataset_produces_1', 'dataset_consumes_1_and_2', 'dataset_consumes_1_never_scheduled', 'dataset_produces_2']) retrieved from /home/airflow/.local/lib/python3.7/site-packages/airflow/example_dags/example_datasets.py
[2022-11-16T14:37:08.694+0000] {logging_mixin.py:137} INFO - [2022-11-16T14:37:08.694+0000] {dag.py:2585} INFO - Sync 6 DAGs
[2022-11-16T14:37:08.737+0000] {logging_mixin.py:137} INFO - [2022-11-16T14:37:08.736+0000] {dag.py:3340} INFO - Setting next_dagrun for dataset_consumes_1 to None, run_after=None
[2022-11-16T14:37:08.743+0000] {logging_mixin.py:137} INFO - [2022-11-16T14:37:08.742+0000] {dag.py:3340} INFO - Setting next_dagrun for dataset_consumes_1_and_2 to None, run_after=None
[2022-11-16T14:37:08.745+0000] {logging_mixin.py:137} INFO - [2022-11-16T14:37:08.745+0000] {dag.py:3340} INFO - Setting next_dagrun for dataset_consumes_1_never_scheduled to None, run_after=None
[2022-11-16T14:37:08.747+0000] {logging_mixin.py:137} INFO - [2022-11-16T14:37:08.747+0000] {dag.py:3340} INFO - Setting next_dagrun for dataset_consumes_unknown_never_scheduled to None, run_after=None
[2022-11-16T14:37:08.752+0000] {logging_mixin.py:137} INFO - [2022-11-16T14:37:08.752+0000] {dag.py:3340} INFO - Setting next_dagrun for dataset_produces_1 to 2022-11-15T00:00:00+00:00, run_after=2022-11-16T00:00:00+00:00
[2022-11-16T14:37:08.755+0000] {logging_mixin.py:137} INFO - [2022-11-16T14:37:08.755+0000] {dag.py:3340} INFO - Setting next_dagrun for dataset_produces_2 to None, run_after=None
[2022-11-16T14:37:08.806+0000] {processor.py:176} INFO - Processing /home/airflow/.local/lib/python3.7/site-packages/airflow/example_dags/example_datasets.py took 0.228 seconds
[2022-11-16T14:37:39.501+0000] {processor.py:154} INFO - Started process (PID=3921) to work on /home/airflow/.local/lib/python3.7/site-packages/airflow/example_dags/example_datasets.py
[2022-11-16T14:37:39.502+0000] {processor.py:756} INFO - Processing file /home/airflow/.local/lib/python3.7/site-packages/airflow/example_dags/example_datasets.py for tasks to queue
[2022-11-16T14:37:39.503+0000] {logging_mixin.py:137} INFO - [2022-11-16T14:37:39.503+0000] {dagbag.py:537} INFO - Filling up the DagBag from /home/airflow/.local/lib/python3.7/site-packages/airflow/example_dags/example_datasets.py
[2022-11-16T14:37:39.538+0000] {processor.py:766} INFO - DAG(s) dict_keys(['dataset_produces_2', 'dataset_consumes_unknown_never_scheduled', 'dataset_consumes_1_never_scheduled', 'dataset_consumes_1_and_2', 'dataset_produces_1', 'dataset_consumes_1']) retrieved from /home/airflow/.local/lib/python3.7/site-packages/airflow/example_dags/example_datasets.py
[2022-11-16T14:37:39.667+0000] {logging_mixin.py:137} INFO - [2022-11-16T14:37:39.667+0000] {dag.py:2585} INFO - Sync 6 DAGs
[2022-11-16T14:37:39.736+0000] {logging_mixin.py:137} INFO - [2022-11-16T14:37:39.735+0000] {dag.py:3340} INFO - Setting next_dagrun for dataset_consumes_1 to None, run_after=None
[2022-11-16T14:37:39.743+0000] {logging_mixin.py:137} INFO - [2022-11-16T14:37:39.742+0000] {dag.py:3340} INFO - Setting next_dagrun for dataset_consumes_1_and_2 to None, run_after=None
[2022-11-16T14:37:39.746+0000] {logging_mixin.py:137} INFO - [2022-11-16T14:37:39.746+0000] {dag.py:3340} INFO - Setting next_dagrun for dataset_consumes_1_never_scheduled to None, run_after=None
[2022-11-16T14:37:39.748+0000] {logging_mixin.py:137} INFO - [2022-11-16T14:37:39.748+0000] {dag.py:3340} INFO - Setting next_dagrun for dataset_consumes_unknown_never_scheduled to None, run_after=None
[2022-11-16T14:37:39.753+0000] {logging_mixin.py:137} INFO - [2022-11-16T14:37:39.752+0000] {dag.py:3340} INFO - Setting next_dagrun for dataset_produces_1 to 2022-11-15T00:00:00+00:00, run_after=2022-11-16T00:00:00+00:00
[2022-11-16T14:37:39.754+0000] {logging_mixin.py:137} INFO - [2022-11-16T14:37:39.754+0000] {dag.py:3340} INFO - Setting next_dagrun for dataset_produces_2 to None, run_after=None
[2022-11-16T14:37:39.821+0000] {processor.py:176} INFO - Processing /home/airflow/.local/lib/python3.7/site-packages/airflow/example_dags/example_datasets.py took 0.331 seconds
[2022-11-16T14:38:10.038+0000] {processor.py:154} INFO - Started process (PID=4122) to work on /home/airflow/.local/lib/python3.7/site-packages/airflow/example_dags/example_datasets.py
[2022-11-16T14:38:10.040+0000] {processor.py:756} INFO - Processing file /home/airflow/.local/lib/python3.7/site-packages/airflow/example_dags/example_datasets.py for tasks to queue
[2022-11-16T14:38:10.041+0000] {logging_mixin.py:137} INFO - [2022-11-16T14:38:10.041+0000] {dagbag.py:537} INFO - Filling up the DagBag from /home/airflow/.local/lib/python3.7/site-packages/airflow/example_dags/example_datasets.py
[2022-11-16T14:38:10.069+0000] {processor.py:766} INFO - DAG(s) dict_keys(['dataset_produces_1', 'dataset_produces_2', 'dataset_consumes_unknown_never_scheduled', 'dataset_consumes_1', 'dataset_consumes_1_and_2', 'dataset_consumes_1_never_scheduled']) retrieved from /home/airflow/.local/lib/python3.7/site-packages/airflow/example_dags/example_datasets.py
[2022-11-16T14:38:10.185+0000] {logging_mixin.py:137} INFO - [2022-11-16T14:38:10.184+0000] {dag.py:2585} INFO - Sync 6 DAGs
[2022-11-16T14:38:10.248+0000] {logging_mixin.py:137} INFO - [2022-11-16T14:38:10.248+0000] {dag.py:3340} INFO - Setting next_dagrun for dataset_consumes_1 to None, run_after=None
[2022-11-16T14:38:10.253+0000] {logging_mixin.py:137} INFO - [2022-11-16T14:38:10.253+0000] {dag.py:3340} INFO - Setting next_dagrun for dataset_consumes_1_and_2 to None, run_after=None
[2022-11-16T14:38:10.255+0000] {logging_mixin.py:137} INFO - [2022-11-16T14:38:10.255+0000] {dag.py:3340} INFO - Setting next_dagrun for dataset_consumes_1_never_scheduled to None, run_after=None
[2022-11-16T14:38:10.257+0000] {logging_mixin.py:137} INFO - [2022-11-16T14:38:10.257+0000] {dag.py:3340} INFO - Setting next_dagrun for dataset_consumes_unknown_never_scheduled to None, run_after=None
[2022-11-16T14:38:10.262+0000] {logging_mixin.py:137} INFO - [2022-11-16T14:38:10.262+0000] {dag.py:3340} INFO - Setting next_dagrun for dataset_produces_1 to 2022-11-15T00:00:00+00:00, run_after=2022-11-16T00:00:00+00:00
[2022-11-16T14:38:10.264+0000] {logging_mixin.py:137} INFO - [2022-11-16T14:38:10.264+0000] {dag.py:3340} INFO - Setting next_dagrun for dataset_produces_2 to None, run_after=None
[2022-11-16T14:38:10.325+0000] {processor.py:176} INFO - Processing /home/airflow/.local/lib/python3.7/site-packages/airflow/example_dags/example_datasets.py took 0.292 seconds
[2022-11-16T14:38:40.877+0000] {processor.py:154} INFO - Started process (PID=4324) to work on /home/airflow/.local/lib/python3.7/site-packages/airflow/example_dags/example_datasets.py
[2022-11-16T14:38:40.878+0000] {processor.py:756} INFO - Processing file /home/airflow/.local/lib/python3.7/site-packages/airflow/example_dags/example_datasets.py for tasks to queue
[2022-11-16T14:38:40.879+0000] {logging_mixin.py:137} INFO - [2022-11-16T14:38:40.879+0000] {dagbag.py:537} INFO - Filling up the DagBag from /home/airflow/.local/lib/python3.7/site-packages/airflow/example_dags/example_datasets.py
[2022-11-16T14:38:40.944+0000] {processor.py:766} INFO - DAG(s) dict_keys(['dataset_produces_1', 'dataset_consumes_unknown_never_scheduled', 'dataset_consumes_1_never_scheduled', 'dataset_produces_2', 'dataset_consumes_1_and_2', 'dataset_consumes_1']) retrieved from /home/airflow/.local/lib/python3.7/site-packages/airflow/example_dags/example_datasets.py
[2022-11-16T14:38:41.117+0000] {logging_mixin.py:137} INFO - [2022-11-16T14:38:41.113+0000] {dag.py:2585} INFO - Sync 6 DAGs
[2022-11-16T14:38:41.198+0000] {logging_mixin.py:137} INFO - [2022-11-16T14:38:41.197+0000] {dag.py:3340} INFO - Setting next_dagrun for dataset_consumes_1 to None, run_after=None
[2022-11-16T14:38:41.205+0000] {logging_mixin.py:137} INFO - [2022-11-16T14:38:41.205+0000] {dag.py:3340} INFO - Setting next_dagrun for dataset_consumes_1_and_2 to None, run_after=None
[2022-11-16T14:38:41.208+0000] {logging_mixin.py:137} INFO - [2022-11-16T14:38:41.208+0000] {dag.py:3340} INFO - Setting next_dagrun for dataset_consumes_1_never_scheduled to None, run_after=None
[2022-11-16T14:38:41.212+0000] {logging_mixin.py:137} INFO - [2022-11-16T14:38:41.212+0000] {dag.py:3340} INFO - Setting next_dagrun for dataset_consumes_unknown_never_scheduled to None, run_after=None
[2022-11-16T14:38:41.218+0000] {logging_mixin.py:137} INFO - [2022-11-16T14:38:41.218+0000] {dag.py:3340} INFO - Setting next_dagrun for dataset_produces_1 to 2022-11-15T00:00:00+00:00, run_after=2022-11-16T00:00:00+00:00
[2022-11-16T14:38:41.222+0000] {logging_mixin.py:137} INFO - [2022-11-16T14:38:41.222+0000] {dag.py:3340} INFO - Setting next_dagrun for dataset_produces_2 to None, run_after=None
[2022-11-16T14:38:41.307+0000] {processor.py:176} INFO - Processing /home/airflow/.local/lib/python3.7/site-packages/airflow/example_dags/example_datasets.py took 0.450 seconds
[2022-11-16T14:39:11.361+0000] {processor.py:154} INFO - Started process (PID=4526) to work on /home/airflow/.local/lib/python3.7/site-packages/airflow/example_dags/example_datasets.py
[2022-11-16T14:39:11.363+0000] {processor.py:756} INFO - Processing file /home/airflow/.local/lib/python3.7/site-packages/airflow/example_dags/example_datasets.py for tasks to queue
[2022-11-16T14:39:11.364+0000] {logging_mixin.py:137} INFO - [2022-11-16T14:39:11.364+0000] {dagbag.py:537} INFO - Filling up the DagBag from /home/airflow/.local/lib/python3.7/site-packages/airflow/example_dags/example_datasets.py
[2022-11-16T14:39:11.391+0000] {processor.py:766} INFO - DAG(s) dict_keys(['dataset_produces_2', 'dataset_consumes_1_and_2', 'dataset_consumes_unknown_never_scheduled', 'dataset_consumes_1', 'dataset_consumes_1_never_scheduled', 'dataset_produces_1']) retrieved from /home/airflow/.local/lib/python3.7/site-packages/airflow/example_dags/example_datasets.py
[2022-11-16T14:39:11.477+0000] {logging_mixin.py:137} INFO - [2022-11-16T14:39:11.477+0000] {dag.py:2585} INFO - Sync 6 DAGs
[2022-11-16T14:39:11.520+0000] {logging_mixin.py:137} INFO - [2022-11-16T14:39:11.519+0000] {dag.py:3340} INFO - Setting next_dagrun for dataset_consumes_1 to None, run_after=None
[2022-11-16T14:39:11.524+0000] {logging_mixin.py:137} INFO - [2022-11-16T14:39:11.524+0000] {dag.py:3340} INFO - Setting next_dagrun for dataset_consumes_1_and_2 to None, run_after=None
[2022-11-16T14:39:11.525+0000] {logging_mixin.py:137} INFO - [2022-11-16T14:39:11.525+0000] {dag.py:3340} INFO - Setting next_dagrun for dataset_consumes_1_never_scheduled to None, run_after=None
[2022-11-16T14:39:11.527+0000] {logging_mixin.py:137} INFO - [2022-11-16T14:39:11.527+0000] {dag.py:3340} INFO - Setting next_dagrun for dataset_consumes_unknown_never_scheduled to None, run_after=None
[2022-11-16T14:39:11.533+0000] {logging_mixin.py:137} INFO - [2022-11-16T14:39:11.533+0000] {dag.py:3340} INFO - Setting next_dagrun for dataset_produces_1 to 2022-11-15T00:00:00+00:00, run_after=2022-11-16T00:00:00+00:00
[2022-11-16T14:39:11.535+0000] {logging_mixin.py:137} INFO - [2022-11-16T14:39:11.535+0000] {dag.py:3340} INFO - Setting next_dagrun for dataset_produces_2 to None, run_after=None
[2022-11-16T14:39:11.581+0000] {processor.py:176} INFO - Processing /home/airflow/.local/lib/python3.7/site-packages/airflow/example_dags/example_datasets.py took 0.225 seconds
[2022-11-16T14:39:41.763+0000] {processor.py:154} INFO - Started process (PID=4723) to work on /home/airflow/.local/lib/python3.7/site-packages/airflow/example_dags/example_datasets.py
[2022-11-16T14:39:41.764+0000] {processor.py:756} INFO - Processing file /home/airflow/.local/lib/python3.7/site-packages/airflow/example_dags/example_datasets.py for tasks to queue
[2022-11-16T14:39:41.765+0000] {logging_mixin.py:137} INFO - [2022-11-16T14:39:41.765+0000] {dagbag.py:537} INFO - Filling up the DagBag from /home/airflow/.local/lib/python3.7/site-packages/airflow/example_dags/example_datasets.py
[2022-11-16T14:39:41.800+0000] {processor.py:766} INFO - DAG(s) dict_keys(['dataset_consumes_1', 'dataset_consumes_1_and_2', 'dataset_produces_1', 'dataset_produces_2', 'dataset_consumes_unknown_never_scheduled', 'dataset_consumes_1_never_scheduled']) retrieved from /home/airflow/.local/lib/python3.7/site-packages/airflow/example_dags/example_datasets.py
[2022-11-16T14:39:41.914+0000] {logging_mixin.py:137} INFO - [2022-11-16T14:39:41.914+0000] {dag.py:2585} INFO - Sync 6 DAGs
[2022-11-16T14:39:41.965+0000] {logging_mixin.py:137} INFO - [2022-11-16T14:39:41.965+0000] {dag.py:3340} INFO - Setting next_dagrun for dataset_consumes_1 to None, run_after=None
[2022-11-16T14:39:41.971+0000] {logging_mixin.py:137} INFO - [2022-11-16T14:39:41.971+0000] {dag.py:3340} INFO - Setting next_dagrun for dataset_consumes_1_and_2 to None, run_after=None
[2022-11-16T14:39:41.975+0000] {logging_mixin.py:137} INFO - [2022-11-16T14:39:41.975+0000] {dag.py:3340} INFO - Setting next_dagrun for dataset_consumes_1_never_scheduled to None, run_after=None
[2022-11-16T14:39:41.976+0000] {logging_mixin.py:137} INFO - [2022-11-16T14:39:41.976+0000] {dag.py:3340} INFO - Setting next_dagrun for dataset_consumes_unknown_never_scheduled to None, run_after=None
[2022-11-16T14:39:41.981+0000] {logging_mixin.py:137} INFO - [2022-11-16T14:39:41.981+0000] {dag.py:3340} INFO - Setting next_dagrun for dataset_produces_1 to 2022-11-15T00:00:00+00:00, run_after=2022-11-16T00:00:00+00:00
[2022-11-16T14:39:41.982+0000] {logging_mixin.py:137} INFO - [2022-11-16T14:39:41.982+0000] {dag.py:3340} INFO - Setting next_dagrun for dataset_produces_2 to None, run_after=None
[2022-11-16T14:39:42.034+0000] {processor.py:176} INFO - Processing /home/airflow/.local/lib/python3.7/site-packages/airflow/example_dags/example_datasets.py took 0.277 seconds
[2022-11-16T14:40:13.182+0000] {processor.py:154} INFO - Started process (PID=4930) to work on /home/airflow/.local/lib/python3.7/site-packages/airflow/example_dags/example_datasets.py
[2022-11-16T14:40:13.183+0000] {processor.py:756} INFO - Processing file /home/airflow/.local/lib/python3.7/site-packages/airflow/example_dags/example_datasets.py for tasks to queue
[2022-11-16T14:40:13.184+0000] {logging_mixin.py:137} INFO - [2022-11-16T14:40:13.184+0000] {dagbag.py:537} INFO - Filling up the DagBag from /home/airflow/.local/lib/python3.7/site-packages/airflow/example_dags/example_datasets.py
[2022-11-16T14:40:13.221+0000] {processor.py:766} INFO - DAG(s) dict_keys(['dataset_consumes_1_never_scheduled', 'dataset_consumes_1_and_2', 'dataset_produces_1', 'dataset_produces_2', 'dataset_consumes_1', 'dataset_consumes_unknown_never_scheduled']) retrieved from /home/airflow/.local/lib/python3.7/site-packages/airflow/example_dags/example_datasets.py
[2022-11-16T14:40:13.358+0000] {logging_mixin.py:137} INFO - [2022-11-16T14:40:13.358+0000] {dag.py:2585} INFO - Sync 6 DAGs
[2022-11-16T14:40:13.433+0000] {logging_mixin.py:137} INFO - [2022-11-16T14:40:13.433+0000] {dag.py:3340} INFO - Setting next_dagrun for dataset_consumes_1 to None, run_after=None
[2022-11-16T14:40:13.441+0000] {logging_mixin.py:137} INFO - [2022-11-16T14:40:13.440+0000] {dag.py:3340} INFO - Setting next_dagrun for dataset_consumes_1_and_2 to None, run_after=None
[2022-11-16T14:40:13.444+0000] {logging_mixin.py:137} INFO - [2022-11-16T14:40:13.444+0000] {dag.py:3340} INFO - Setting next_dagrun for dataset_consumes_1_never_scheduled to None, run_after=None
[2022-11-16T14:40:13.448+0000] {logging_mixin.py:137} INFO - [2022-11-16T14:40:13.448+0000] {dag.py:3340} INFO - Setting next_dagrun for dataset_consumes_unknown_never_scheduled to None, run_after=None
[2022-11-16T14:40:13.455+0000] {logging_mixin.py:137} INFO - [2022-11-16T14:40:13.455+0000] {dag.py:3340} INFO - Setting next_dagrun for dataset_produces_1 to 2022-11-15T00:00:00+00:00, run_after=2022-11-16T00:00:00+00:00
[2022-11-16T14:40:13.459+0000] {logging_mixin.py:137} INFO - [2022-11-16T14:40:13.458+0000] {dag.py:3340} INFO - Setting next_dagrun for dataset_produces_2 to None, run_after=None
[2022-11-16T14:40:13.531+0000] {processor.py:176} INFO - Processing /home/airflow/.local/lib/python3.7/site-packages/airflow/example_dags/example_datasets.py took 0.356 seconds
[2022-11-16T14:40:44.064+0000] {processor.py:154} INFO - Started process (PID=5128) to work on /home/airflow/.local/lib/python3.7/site-packages/airflow/example_dags/example_datasets.py
[2022-11-16T14:40:44.065+0000] {processor.py:756} INFO - Processing file /home/airflow/.local/lib/python3.7/site-packages/airflow/example_dags/example_datasets.py for tasks to queue
[2022-11-16T14:40:44.066+0000] {logging_mixin.py:137} INFO - [2022-11-16T14:40:44.066+0000] {dagbag.py:537} INFO - Filling up the DagBag from /home/airflow/.local/lib/python3.7/site-packages/airflow/example_dags/example_datasets.py
[2022-11-16T14:40:44.099+0000] {processor.py:766} INFO - DAG(s) dict_keys(['dataset_produces_2', 'dataset_consumes_1', 'dataset_consumes_unknown_never_scheduled', 'dataset_produces_1', 'dataset_consumes_1_never_scheduled', 'dataset_consumes_1_and_2']) retrieved from /home/airflow/.local/lib/python3.7/site-packages/airflow/example_dags/example_datasets.py
[2022-11-16T14:40:44.203+0000] {logging_mixin.py:137} INFO - [2022-11-16T14:40:44.203+0000] {dag.py:2585} INFO - Sync 6 DAGs
[2022-11-16T14:40:44.250+0000] {logging_mixin.py:137} INFO - [2022-11-16T14:40:44.250+0000] {dag.py:3340} INFO - Setting next_dagrun for dataset_consumes_1 to None, run_after=None
[2022-11-16T14:40:44.255+0000] {logging_mixin.py:137} INFO - [2022-11-16T14:40:44.255+0000] {dag.py:3340} INFO - Setting next_dagrun for dataset_consumes_1_and_2 to None, run_after=None
[2022-11-16T14:40:44.258+0000] {logging_mixin.py:137} INFO - [2022-11-16T14:40:44.257+0000] {dag.py:3340} INFO - Setting next_dagrun for dataset_consumes_1_never_scheduled to None, run_after=None
[2022-11-16T14:40:44.261+0000] {logging_mixin.py:137} INFO - [2022-11-16T14:40:44.261+0000] {dag.py:3340} INFO - Setting next_dagrun for dataset_consumes_unknown_never_scheduled to None, run_after=None
[2022-11-16T14:40:44.267+0000] {logging_mixin.py:137} INFO - [2022-11-16T14:40:44.267+0000] {dag.py:3340} INFO - Setting next_dagrun for dataset_produces_1 to 2022-11-15T00:00:00+00:00, run_after=2022-11-16T00:00:00+00:00
[2022-11-16T14:40:44.269+0000] {logging_mixin.py:137} INFO - [2022-11-16T14:40:44.269+0000] {dag.py:3340} INFO - Setting next_dagrun for dataset_produces_2 to None, run_after=None
[2022-11-16T14:40:44.318+0000] {processor.py:176} INFO - Processing /home/airflow/.local/lib/python3.7/site-packages/airflow/example_dags/example_datasets.py took 0.259 seconds
[2022-11-16T14:41:16.284+0000] {processor.py:154} INFO - Started process (PID=5333) to work on /home/airflow/.local/lib/python3.7/site-packages/airflow/example_dags/example_datasets.py
[2022-11-16T14:41:16.285+0000] {processor.py:756} INFO - Processing file /home/airflow/.local/lib/python3.7/site-packages/airflow/example_dags/example_datasets.py for tasks to queue
[2022-11-16T14:41:16.287+0000] {logging_mixin.py:137} INFO - [2022-11-16T14:41:16.286+0000] {dagbag.py:537} INFO - Filling up the DagBag from /home/airflow/.local/lib/python3.7/site-packages/airflow/example_dags/example_datasets.py
[2022-11-16T14:41:16.320+0000] {processor.py:766} INFO - DAG(s) dict_keys(['dataset_consumes_1_and_2', 'dataset_produces_1', 'dataset_consumes_1', 'dataset_consumes_1_never_scheduled', 'dataset_produces_2', 'dataset_consumes_unknown_never_scheduled']) retrieved from /home/airflow/.local/lib/python3.7/site-packages/airflow/example_dags/example_datasets.py
[2022-11-16T14:41:16.455+0000] {logging_mixin.py:137} INFO - [2022-11-16T14:41:16.454+0000] {dag.py:2585} INFO - Sync 6 DAGs
[2022-11-16T14:41:16.533+0000] {logging_mixin.py:137} INFO - [2022-11-16T14:41:16.533+0000] {dag.py:3340} INFO - Setting next_dagrun for dataset_consumes_1 to None, run_after=None
[2022-11-16T14:41:16.542+0000] {logging_mixin.py:137} INFO - [2022-11-16T14:41:16.542+0000] {dag.py:3340} INFO - Setting next_dagrun for dataset_consumes_1_and_2 to None, run_after=None
[2022-11-16T14:41:16.546+0000] {logging_mixin.py:137} INFO - [2022-11-16T14:41:16.546+0000] {dag.py:3340} INFO - Setting next_dagrun for dataset_consumes_1_never_scheduled to None, run_after=None
[2022-11-16T14:41:16.548+0000] {logging_mixin.py:137} INFO - [2022-11-16T14:41:16.548+0000] {dag.py:3340} INFO - Setting next_dagrun for dataset_consumes_unknown_never_scheduled to None, run_after=None
[2022-11-16T14:41:16.554+0000] {logging_mixin.py:137} INFO - [2022-11-16T14:41:16.554+0000] {dag.py:3340} INFO - Setting next_dagrun for dataset_produces_1 to 2022-11-15T00:00:00+00:00, run_after=2022-11-16T00:00:00+00:00
[2022-11-16T14:41:16.557+0000] {logging_mixin.py:137} INFO - [2022-11-16T14:41:16.557+0000] {dag.py:3340} INFO - Setting next_dagrun for dataset_produces_2 to None, run_after=None
[2022-11-16T14:41:16.621+0000] {processor.py:176} INFO - Processing /home/airflow/.local/lib/python3.7/site-packages/airflow/example_dags/example_datasets.py took 0.343 seconds
[2022-11-16T14:41:47.238+0000] {processor.py:154} INFO - Started process (PID=5531) to work on /home/airflow/.local/lib/python3.7/site-packages/airflow/example_dags/example_datasets.py
[2022-11-16T14:41:47.239+0000] {processor.py:756} INFO - Processing file /home/airflow/.local/lib/python3.7/site-packages/airflow/example_dags/example_datasets.py for tasks to queue
[2022-11-16T14:41:47.240+0000] {logging_mixin.py:137} INFO - [2022-11-16T14:41:47.240+0000] {dagbag.py:537} INFO - Filling up the DagBag from /home/airflow/.local/lib/python3.7/site-packages/airflow/example_dags/example_datasets.py
[2022-11-16T14:41:47.276+0000] {processor.py:766} INFO - DAG(s) dict_keys(['dataset_consumes_1', 'dataset_consumes_unknown_never_scheduled', 'dataset_produces_1', 'dataset_produces_2', 'dataset_consumes_1_and_2', 'dataset_consumes_1_never_scheduled']) retrieved from /home/airflow/.local/lib/python3.7/site-packages/airflow/example_dags/example_datasets.py
[2022-11-16T14:41:47.386+0000] {logging_mixin.py:137} INFO - [2022-11-16T14:41:47.386+0000] {dag.py:2585} INFO - Sync 6 DAGs
[2022-11-16T14:41:47.438+0000] {logging_mixin.py:137} INFO - [2022-11-16T14:41:47.438+0000] {dag.py:3340} INFO - Setting next_dagrun for dataset_consumes_1 to None, run_after=None
[2022-11-16T14:41:47.450+0000] {logging_mixin.py:137} INFO - [2022-11-16T14:41:47.449+0000] {dag.py:3340} INFO - Setting next_dagrun for dataset_consumes_1_and_2 to None, run_after=None
[2022-11-16T14:41:47.454+0000] {logging_mixin.py:137} INFO - [2022-11-16T14:41:47.453+0000] {dag.py:3340} INFO - Setting next_dagrun for dataset_consumes_1_never_scheduled to None, run_after=None
[2022-11-16T14:41:47.456+0000] {logging_mixin.py:137} INFO - [2022-11-16T14:41:47.456+0000] {dag.py:3340} INFO - Setting next_dagrun for dataset_consumes_unknown_never_scheduled to None, run_after=None
[2022-11-16T14:41:47.468+0000] {logging_mixin.py:137} INFO - [2022-11-16T14:41:47.467+0000] {dag.py:3340} INFO - Setting next_dagrun for dataset_produces_1 to 2022-11-15T00:00:00+00:00, run_after=2022-11-16T00:00:00+00:00
[2022-11-16T14:41:47.470+0000] {logging_mixin.py:137} INFO - [2022-11-16T14:41:47.470+0000] {dag.py:3340} INFO - Setting next_dagrun for dataset_produces_2 to None, run_after=None
[2022-11-16T14:41:47.524+0000] {processor.py:176} INFO - Processing /home/airflow/.local/lib/python3.7/site-packages/airflow/example_dags/example_datasets.py took 0.292 seconds
[2022-11-16T14:42:17.977+0000] {processor.py:154} INFO - Started process (PID=5738) to work on /home/airflow/.local/lib/python3.7/site-packages/airflow/example_dags/example_datasets.py
[2022-11-16T14:42:17.978+0000] {processor.py:756} INFO - Processing file /home/airflow/.local/lib/python3.7/site-packages/airflow/example_dags/example_datasets.py for tasks to queue
[2022-11-16T14:42:17.979+0000] {logging_mixin.py:137} INFO - [2022-11-16T14:42:17.979+0000] {dagbag.py:537} INFO - Filling up the DagBag from /home/airflow/.local/lib/python3.7/site-packages/airflow/example_dags/example_datasets.py
[2022-11-16T14:42:18.009+0000] {processor.py:766} INFO - DAG(s) dict_keys(['dataset_consumes_1_and_2', 'dataset_consumes_1_never_scheduled', 'dataset_consumes_1', 'dataset_consumes_unknown_never_scheduled', 'dataset_produces_2', 'dataset_produces_1']) retrieved from /home/airflow/.local/lib/python3.7/site-packages/airflow/example_dags/example_datasets.py
[2022-11-16T14:42:18.153+0000] {logging_mixin.py:137} INFO - [2022-11-16T14:42:18.153+0000] {dag.py:2585} INFO - Sync 6 DAGs
[2022-11-16T14:42:18.218+0000] {logging_mixin.py:137} INFO - [2022-11-16T14:42:18.217+0000] {dag.py:3340} INFO - Setting next_dagrun for dataset_consumes_1 to None, run_after=None
[2022-11-16T14:42:18.227+0000] {logging_mixin.py:137} INFO - [2022-11-16T14:42:18.227+0000] {dag.py:3340} INFO - Setting next_dagrun for dataset_consumes_1_and_2 to None, run_after=None
[2022-11-16T14:42:18.229+0000] {logging_mixin.py:137} INFO - [2022-11-16T14:42:18.229+0000] {dag.py:3340} INFO - Setting next_dagrun for dataset_consumes_1_never_scheduled to None, run_after=None
[2022-11-16T14:42:18.231+0000] {logging_mixin.py:137} INFO - [2022-11-16T14:42:18.231+0000] {dag.py:3340} INFO - Setting next_dagrun for dataset_consumes_unknown_never_scheduled to None, run_after=None
[2022-11-16T14:42:18.235+0000] {logging_mixin.py:137} INFO - [2022-11-16T14:42:18.235+0000] {dag.py:3340} INFO - Setting next_dagrun for dataset_produces_1 to 2022-11-15T00:00:00+00:00, run_after=2022-11-16T00:00:00+00:00
[2022-11-16T14:42:18.237+0000] {logging_mixin.py:137} INFO - [2022-11-16T14:42:18.237+0000] {dag.py:3340} INFO - Setting next_dagrun for dataset_produces_2 to None, run_after=None
[2022-11-16T14:42:18.304+0000] {processor.py:176} INFO - Processing /home/airflow/.local/lib/python3.7/site-packages/airflow/example_dags/example_datasets.py took 0.336 seconds
[2022-11-16T14:42:48.982+0000] {processor.py:154} INFO - Started process (PID=5936) to work on /home/airflow/.local/lib/python3.7/site-packages/airflow/example_dags/example_datasets.py
[2022-11-16T14:42:48.983+0000] {processor.py:756} INFO - Processing file /home/airflow/.local/lib/python3.7/site-packages/airflow/example_dags/example_datasets.py for tasks to queue
[2022-11-16T14:42:48.983+0000] {logging_mixin.py:137} INFO - [2022-11-16T14:42:48.983+0000] {dagbag.py:537} INFO - Filling up the DagBag from /home/airflow/.local/lib/python3.7/site-packages/airflow/example_dags/example_datasets.py
[2022-11-16T14:42:49.017+0000] {processor.py:766} INFO - DAG(s) dict_keys(['dataset_consumes_1', 'dataset_produces_2', 'dataset_consumes_1_never_scheduled', 'dataset_consumes_unknown_never_scheduled', 'dataset_consumes_1_and_2', 'dataset_produces_1']) retrieved from /home/airflow/.local/lib/python3.7/site-packages/airflow/example_dags/example_datasets.py
[2022-11-16T14:42:49.126+0000] {logging_mixin.py:137} INFO - [2022-11-16T14:42:49.126+0000] {dag.py:2585} INFO - Sync 6 DAGs
[2022-11-16T14:42:49.177+0000] {logging_mixin.py:137} INFO - [2022-11-16T14:42:49.177+0000] {dag.py:3340} INFO - Setting next_dagrun for dataset_consumes_1 to None, run_after=None
[2022-11-16T14:42:49.182+0000] {logging_mixin.py:137} INFO - [2022-11-16T14:42:49.182+0000] {dag.py:3340} INFO - Setting next_dagrun for dataset_consumes_1_and_2 to None, run_after=None
[2022-11-16T14:42:49.184+0000] {logging_mixin.py:137} INFO - [2022-11-16T14:42:49.183+0000] {dag.py:3340} INFO - Setting next_dagrun for dataset_consumes_1_never_scheduled to None, run_after=None
[2022-11-16T14:42:49.185+0000] {logging_mixin.py:137} INFO - [2022-11-16T14:42:49.185+0000] {dag.py:3340} INFO - Setting next_dagrun for dataset_consumes_unknown_never_scheduled to None, run_after=None
[2022-11-16T14:42:49.191+0000] {logging_mixin.py:137} INFO - [2022-11-16T14:42:49.191+0000] {dag.py:3340} INFO - Setting next_dagrun for dataset_produces_1 to 2022-11-15T00:00:00+00:00, run_after=2022-11-16T00:00:00+00:00
[2022-11-16T14:42:49.193+0000] {logging_mixin.py:137} INFO - [2022-11-16T14:42:49.192+0000] {dag.py:3340} INFO - Setting next_dagrun for dataset_produces_2 to None, run_after=None
[2022-11-16T14:42:49.248+0000] {processor.py:176} INFO - Processing /home/airflow/.local/lib/python3.7/site-packages/airflow/example_dags/example_datasets.py took 0.270 seconds
[2022-11-16T14:43:19.619+0000] {processor.py:154} INFO - Started process (PID=6141) to work on /home/airflow/.local/lib/python3.7/site-packages/airflow/example_dags/example_datasets.py
[2022-11-16T14:43:19.620+0000] {processor.py:756} INFO - Processing file /home/airflow/.local/lib/python3.7/site-packages/airflow/example_dags/example_datasets.py for tasks to queue
[2022-11-16T14:43:19.622+0000] {logging_mixin.py:137} INFO - [2022-11-16T14:43:19.621+0000] {dagbag.py:537} INFO - Filling up the DagBag from /home/airflow/.local/lib/python3.7/site-packages/airflow/example_dags/example_datasets.py
[2022-11-16T14:43:19.658+0000] {processor.py:766} INFO - DAG(s) dict_keys(['dataset_produces_2', 'dataset_consumes_1_never_scheduled', 'dataset_consumes_1', 'dataset_produces_1', 'dataset_consumes_unknown_never_scheduled', 'dataset_consumes_1_and_2']) retrieved from /home/airflow/.local/lib/python3.7/site-packages/airflow/example_dags/example_datasets.py
[2022-11-16T14:43:19.778+0000] {logging_mixin.py:137} INFO - [2022-11-16T14:43:19.778+0000] {dag.py:2585} INFO - Sync 6 DAGs
[2022-11-16T14:43:19.844+0000] {logging_mixin.py:137} INFO - [2022-11-16T14:43:19.844+0000] {dag.py:3340} INFO - Setting next_dagrun for dataset_consumes_1 to None, run_after=None
[2022-11-16T14:43:19.856+0000] {logging_mixin.py:137} INFO - [2022-11-16T14:43:19.856+0000] {dag.py:3340} INFO - Setting next_dagrun for dataset_consumes_1_and_2 to None, run_after=None
[2022-11-16T14:43:19.860+0000] {logging_mixin.py:137} INFO - [2022-11-16T14:43:19.859+0000] {dag.py:3340} INFO - Setting next_dagrun for dataset_consumes_1_never_scheduled to None, run_after=None
[2022-11-16T14:43:19.862+0000] {logging_mixin.py:137} INFO - [2022-11-16T14:43:19.862+0000] {dag.py:3340} INFO - Setting next_dagrun for dataset_consumes_unknown_never_scheduled to None, run_after=None
[2022-11-16T14:43:19.874+0000] {logging_mixin.py:137} INFO - [2022-11-16T14:43:19.873+0000] {dag.py:3340} INFO - Setting next_dagrun for dataset_produces_1 to 2022-11-15T00:00:00+00:00, run_after=2022-11-16T00:00:00+00:00
[2022-11-16T14:43:19.876+0000] {logging_mixin.py:137} INFO - [2022-11-16T14:43:19.876+0000] {dag.py:3340} INFO - Setting next_dagrun for dataset_produces_2 to None, run_after=None
[2022-11-16T14:43:19.950+0000] {processor.py:176} INFO - Processing /home/airflow/.local/lib/python3.7/site-packages/airflow/example_dags/example_datasets.py took 0.334 seconds
[2022-11-16T14:43:50.778+0000] {processor.py:154} INFO - Started process (PID=6341) to work on /home/airflow/.local/lib/python3.7/site-packages/airflow/example_dags/example_datasets.py
[2022-11-16T14:43:50.780+0000] {processor.py:756} INFO - Processing file /home/airflow/.local/lib/python3.7/site-packages/airflow/example_dags/example_datasets.py for tasks to queue
[2022-11-16T14:43:50.782+0000] {logging_mixin.py:137} INFO - [2022-11-16T14:43:50.782+0000] {dagbag.py:537} INFO - Filling up the DagBag from /home/airflow/.local/lib/python3.7/site-packages/airflow/example_dags/example_datasets.py
[2022-11-16T14:43:50.817+0000] {processor.py:766} INFO - DAG(s) dict_keys(['dataset_consumes_unknown_never_scheduled', 'dataset_consumes_1', 'dataset_consumes_1_never_scheduled', 'dataset_produces_2', 'dataset_produces_1', 'dataset_consumes_1_and_2']) retrieved from /home/airflow/.local/lib/python3.7/site-packages/airflow/example_dags/example_datasets.py
[2022-11-16T14:43:50.920+0000] {logging_mixin.py:137} INFO - [2022-11-16T14:43:50.920+0000] {dag.py:2585} INFO - Sync 6 DAGs
[2022-11-16T14:43:50.967+0000] {logging_mixin.py:137} INFO - [2022-11-16T14:43:50.967+0000] {dag.py:3340} INFO - Setting next_dagrun for dataset_consumes_1 to None, run_after=None
[2022-11-16T14:43:50.975+0000] {logging_mixin.py:137} INFO - [2022-11-16T14:43:50.974+0000] {dag.py:3340} INFO - Setting next_dagrun for dataset_consumes_1_and_2 to None, run_after=None
[2022-11-16T14:43:50.978+0000] {logging_mixin.py:137} INFO - [2022-11-16T14:43:50.978+0000] {dag.py:3340} INFO - Setting next_dagrun for dataset_consumes_1_never_scheduled to None, run_after=None
[2022-11-16T14:43:50.983+0000] {logging_mixin.py:137} INFO - [2022-11-16T14:43:50.982+0000] {dag.py:3340} INFO - Setting next_dagrun for dataset_consumes_unknown_never_scheduled to None, run_after=None
[2022-11-16T14:43:50.989+0000] {logging_mixin.py:137} INFO - [2022-11-16T14:43:50.989+0000] {dag.py:3340} INFO - Setting next_dagrun for dataset_produces_1 to 2022-11-15T00:00:00+00:00, run_after=2022-11-16T00:00:00+00:00
[2022-11-16T14:43:50.993+0000] {logging_mixin.py:137} INFO - [2022-11-16T14:43:50.993+0000] {dag.py:3340} INFO - Setting next_dagrun for dataset_produces_2 to None, run_after=None
[2022-11-16T14:43:51.048+0000] {processor.py:176} INFO - Processing /home/airflow/.local/lib/python3.7/site-packages/airflow/example_dags/example_datasets.py took 0.276 seconds
[2022-11-16T14:44:21.562+0000] {processor.py:154} INFO - Started process (PID=6545) to work on /home/airflow/.local/lib/python3.7/site-packages/airflow/example_dags/example_datasets.py
[2022-11-16T14:44:21.566+0000] {processor.py:756} INFO - Processing file /home/airflow/.local/lib/python3.7/site-packages/airflow/example_dags/example_datasets.py for tasks to queue
[2022-11-16T14:44:21.567+0000] {logging_mixin.py:137} INFO - [2022-11-16T14:44:21.567+0000] {dagbag.py:537} INFO - Filling up the DagBag from /home/airflow/.local/lib/python3.7/site-packages/airflow/example_dags/example_datasets.py
[2022-11-16T14:44:21.636+0000] {processor.py:766} INFO - DAG(s) dict_keys(['dataset_consumes_1', 'dataset_consumes_1_never_scheduled', 'dataset_produces_1', 'dataset_consumes_unknown_never_scheduled', 'dataset_produces_2', 'dataset_consumes_1_and_2']) retrieved from /home/airflow/.local/lib/python3.7/site-packages/airflow/example_dags/example_datasets.py
[2022-11-16T14:44:21.865+0000] {logging_mixin.py:137} INFO - [2022-11-16T14:44:21.865+0000] {dag.py:2585} INFO - Sync 6 DAGs
[2022-11-16T14:44:21.951+0000] {logging_mixin.py:137} INFO - [2022-11-16T14:44:21.950+0000] {dag.py:3340} INFO - Setting next_dagrun for dataset_consumes_1 to None, run_after=None
[2022-11-16T14:44:21.961+0000] {logging_mixin.py:137} INFO - [2022-11-16T14:44:21.960+0000] {dag.py:3340} INFO - Setting next_dagrun for dataset_consumes_1_and_2 to None, run_after=None
[2022-11-16T14:44:21.964+0000] {logging_mixin.py:137} INFO - [2022-11-16T14:44:21.963+0000] {dag.py:3340} INFO - Setting next_dagrun for dataset_consumes_1_never_scheduled to None, run_after=None
[2022-11-16T14:44:21.968+0000] {logging_mixin.py:137} INFO - [2022-11-16T14:44:21.967+0000] {dag.py:3340} INFO - Setting next_dagrun for dataset_consumes_unknown_never_scheduled to None, run_after=None
[2022-11-16T14:44:21.974+0000] {logging_mixin.py:137} INFO - [2022-11-16T14:44:21.974+0000] {dag.py:3340} INFO - Setting next_dagrun for dataset_produces_1 to 2022-11-15T00:00:00+00:00, run_after=2022-11-16T00:00:00+00:00
[2022-11-16T14:44:21.977+0000] {logging_mixin.py:137} INFO - [2022-11-16T14:44:21.976+0000] {dag.py:3340} INFO - Setting next_dagrun for dataset_produces_2 to None, run_after=None
[2022-11-16T14:44:22.067+0000] {processor.py:176} INFO - Processing /home/airflow/.local/lib/python3.7/site-packages/airflow/example_dags/example_datasets.py took 0.522 seconds
[2022-11-16T14:44:52.743+0000] {processor.py:154} INFO - Started process (PID=6746) to work on /home/airflow/.local/lib/python3.7/site-packages/airflow/example_dags/example_datasets.py
[2022-11-16T14:44:52.745+0000] {processor.py:756} INFO - Processing file /home/airflow/.local/lib/python3.7/site-packages/airflow/example_dags/example_datasets.py for tasks to queue
[2022-11-16T14:44:52.746+0000] {logging_mixin.py:137} INFO - [2022-11-16T14:44:52.746+0000] {dagbag.py:537} INFO - Filling up the DagBag from /home/airflow/.local/lib/python3.7/site-packages/airflow/example_dags/example_datasets.py
[2022-11-16T14:44:52.770+0000] {processor.py:766} INFO - DAG(s) dict_keys(['dataset_produces_1', 'dataset_consumes_1_and_2', 'dataset_produces_2', 'dataset_consumes_1', 'dataset_consumes_1_never_scheduled', 'dataset_consumes_unknown_never_scheduled']) retrieved from /home/airflow/.local/lib/python3.7/site-packages/airflow/example_dags/example_datasets.py
[2022-11-16T14:44:52.877+0000] {logging_mixin.py:137} INFO - [2022-11-16T14:44:52.877+0000] {dag.py:2585} INFO - Sync 6 DAGs
[2022-11-16T14:44:52.929+0000] {logging_mixin.py:137} INFO - [2022-11-16T14:44:52.928+0000] {dag.py:3340} INFO - Setting next_dagrun for dataset_consumes_1 to None, run_after=None
[2022-11-16T14:44:52.935+0000] {logging_mixin.py:137} INFO - [2022-11-16T14:44:52.935+0000] {dag.py:3340} INFO - Setting next_dagrun for dataset_consumes_1_and_2 to None, run_after=None
[2022-11-16T14:44:52.937+0000] {logging_mixin.py:137} INFO - [2022-11-16T14:44:52.937+0000] {dag.py:3340} INFO - Setting next_dagrun for dataset_consumes_1_never_scheduled to None, run_after=None
[2022-11-16T14:44:52.941+0000] {logging_mixin.py:137} INFO - [2022-11-16T14:44:52.941+0000] {dag.py:3340} INFO - Setting next_dagrun for dataset_consumes_unknown_never_scheduled to None, run_after=None
[2022-11-16T14:44:52.946+0000] {logging_mixin.py:137} INFO - [2022-11-16T14:44:52.946+0000] {dag.py:3340} INFO - Setting next_dagrun for dataset_produces_1 to 2022-11-15T00:00:00+00:00, run_after=2022-11-16T00:00:00+00:00
[2022-11-16T14:44:52.948+0000] {logging_mixin.py:137} INFO - [2022-11-16T14:44:52.948+0000] {dag.py:3340} INFO - Setting next_dagrun for dataset_produces_2 to None, run_after=None
[2022-11-16T14:44:53.000+0000] {processor.py:176} INFO - Processing /home/airflow/.local/lib/python3.7/site-packages/airflow/example_dags/example_datasets.py took 0.263 seconds
[2022-11-16T14:45:23.087+0000] {processor.py:154} INFO - Started process (PID=6940) to work on /home/airflow/.local/lib/python3.7/site-packages/airflow/example_dags/example_datasets.py
[2022-11-16T14:45:23.088+0000] {processor.py:756} INFO - Processing file /home/airflow/.local/lib/python3.7/site-packages/airflow/example_dags/example_datasets.py for tasks to queue
[2022-11-16T14:45:23.089+0000] {logging_mixin.py:137} INFO - [2022-11-16T14:45:23.089+0000] {dagbag.py:537} INFO - Filling up the DagBag from /home/airflow/.local/lib/python3.7/site-packages/airflow/example_dags/example_datasets.py
[2022-11-16T14:45:23.109+0000] {processor.py:766} INFO - DAG(s) dict_keys(['dataset_consumes_1_never_scheduled', 'dataset_consumes_1_and_2', 'dataset_consumes_1', 'dataset_produces_2', 'dataset_consumes_unknown_never_scheduled', 'dataset_produces_1']) retrieved from /home/airflow/.local/lib/python3.7/site-packages/airflow/example_dags/example_datasets.py
[2022-11-16T14:45:23.186+0000] {logging_mixin.py:137} INFO - [2022-11-16T14:45:23.186+0000] {dag.py:2585} INFO - Sync 6 DAGs
[2022-11-16T14:45:23.220+0000] {logging_mixin.py:137} INFO - [2022-11-16T14:45:23.220+0000] {dag.py:3340} INFO - Setting next_dagrun for dataset_consumes_1 to None, run_after=None
[2022-11-16T14:45:23.225+0000] {logging_mixin.py:137} INFO - [2022-11-16T14:45:23.225+0000] {dag.py:3340} INFO - Setting next_dagrun for dataset_consumes_1_and_2 to None, run_after=None
[2022-11-16T14:45:23.227+0000] {logging_mixin.py:137} INFO - [2022-11-16T14:45:23.227+0000] {dag.py:3340} INFO - Setting next_dagrun for dataset_consumes_1_never_scheduled to None, run_after=None
[2022-11-16T14:45:23.228+0000] {logging_mixin.py:137} INFO - [2022-11-16T14:45:23.228+0000] {dag.py:3340} INFO - Setting next_dagrun for dataset_consumes_unknown_never_scheduled to None, run_after=None
[2022-11-16T14:45:23.233+0000] {logging_mixin.py:137} INFO - [2022-11-16T14:45:23.233+0000] {dag.py:3340} INFO - Setting next_dagrun for dataset_produces_1 to 2022-11-15T00:00:00+00:00, run_after=2022-11-16T00:00:00+00:00
[2022-11-16T14:45:23.235+0000] {logging_mixin.py:137} INFO - [2022-11-16T14:45:23.234+0000] {dag.py:3340} INFO - Setting next_dagrun for dataset_produces_2 to None, run_after=None
[2022-11-16T14:45:23.276+0000] {processor.py:176} INFO - Processing /home/airflow/.local/lib/python3.7/site-packages/airflow/example_dags/example_datasets.py took 0.192 seconds
