[2022-11-16T14:28:20.824+0000] {processor.py:154} INFO - Started process (PID=303) to work on /home/airflow/.local/lib/python3.7/site-packages/airflow/example_dags/example_branch_python_dop_operator_3.py
[2022-11-16T14:28:20.825+0000] {processor.py:756} INFO - Processing file /home/airflow/.local/lib/python3.7/site-packages/airflow/example_dags/example_branch_python_dop_operator_3.py for tasks to queue
[2022-11-16T14:28:20.826+0000] {logging_mixin.py:137} INFO - [2022-11-16T14:28:20.826+0000] {dagbag.py:537} INFO - Filling up the DagBag from /home/airflow/.local/lib/python3.7/site-packages/airflow/example_dags/example_branch_python_dop_operator_3.py
[2022-11-16T14:28:20.873+0000] {processor.py:766} INFO - DAG(s) dict_keys(['example_branch_dop_operator_v3']) retrieved from /home/airflow/.local/lib/python3.7/site-packages/airflow/example_dags/example_branch_python_dop_operator_3.py
[2022-11-16T14:28:20.954+0000] {logging_mixin.py:137} INFO - [2022-11-16T14:28:20.953+0000] {dag.py:2585} INFO - Sync 1 DAGs
[2022-11-16T14:28:21.032+0000] {logging_mixin.py:137} INFO - [2022-11-16T14:28:21.031+0000] {dag.py:3340} INFO - Setting next_dagrun for example_branch_dop_operator_v3 to 2022-11-16T14:27:00+00:00, run_after=2022-11-16T14:28:00+00:00
[2022-11-16T14:28:21.139+0000] {processor.py:176} INFO - Processing /home/airflow/.local/lib/python3.7/site-packages/airflow/example_dags/example_branch_python_dop_operator_3.py took 0.320 seconds
[2022-11-16T14:28:53.845+0000] {processor.py:154} INFO - Started process (PID=510) to work on /home/airflow/.local/lib/python3.7/site-packages/airflow/example_dags/example_branch_python_dop_operator_3.py
[2022-11-16T14:28:53.853+0000] {processor.py:756} INFO - Processing file /home/airflow/.local/lib/python3.7/site-packages/airflow/example_dags/example_branch_python_dop_operator_3.py for tasks to queue
[2022-11-16T14:28:53.855+0000] {logging_mixin.py:137} INFO - [2022-11-16T14:28:53.854+0000] {dagbag.py:537} INFO - Filling up the DagBag from /home/airflow/.local/lib/python3.7/site-packages/airflow/example_dags/example_branch_python_dop_operator_3.py
[2022-11-16T14:28:53.914+0000] {processor.py:766} INFO - DAG(s) dict_keys(['example_branch_dop_operator_v3']) retrieved from /home/airflow/.local/lib/python3.7/site-packages/airflow/example_dags/example_branch_python_dop_operator_3.py
[2022-11-16T14:28:54.000+0000] {logging_mixin.py:137} INFO - [2022-11-16T14:28:54.000+0000] {dag.py:2585} INFO - Sync 1 DAGs
[2022-11-16T14:28:54.083+0000] {logging_mixin.py:137} INFO - [2022-11-16T14:28:54.083+0000] {dag.py:3340} INFO - Setting next_dagrun for example_branch_dop_operator_v3 to 2022-11-16T14:27:00+00:00, run_after=2022-11-16T14:28:00+00:00
[2022-11-16T14:28:54.122+0000] {processor.py:176} INFO - Processing /home/airflow/.local/lib/python3.7/site-packages/airflow/example_dags/example_branch_python_dop_operator_3.py took 0.286 seconds
[2022-11-16T14:29:24.434+0000] {processor.py:154} INFO - Started process (PID=709) to work on /home/airflow/.local/lib/python3.7/site-packages/airflow/example_dags/example_branch_python_dop_operator_3.py
[2022-11-16T14:29:24.436+0000] {processor.py:756} INFO - Processing file /home/airflow/.local/lib/python3.7/site-packages/airflow/example_dags/example_branch_python_dop_operator_3.py for tasks to queue
[2022-11-16T14:29:24.437+0000] {logging_mixin.py:137} INFO - [2022-11-16T14:29:24.437+0000] {dagbag.py:537} INFO - Filling up the DagBag from /home/airflow/.local/lib/python3.7/site-packages/airflow/example_dags/example_branch_python_dop_operator_3.py
[2022-11-16T14:29:24.489+0000] {processor.py:766} INFO - DAG(s) dict_keys(['example_branch_dop_operator_v3']) retrieved from /home/airflow/.local/lib/python3.7/site-packages/airflow/example_dags/example_branch_python_dop_operator_3.py
[2022-11-16T14:29:24.557+0000] {logging_mixin.py:137} INFO - [2022-11-16T14:29:24.557+0000] {dag.py:2585} INFO - Sync 1 DAGs
[2022-11-16T14:29:24.657+0000] {logging_mixin.py:137} INFO - [2022-11-16T14:29:24.656+0000] {dag.py:3340} INFO - Setting next_dagrun for example_branch_dop_operator_v3 to 2022-11-16T14:28:00+00:00, run_after=2022-11-16T14:29:00+00:00
[2022-11-16T14:29:24.706+0000] {processor.py:176} INFO - Processing /home/airflow/.local/lib/python3.7/site-packages/airflow/example_dags/example_branch_python_dop_operator_3.py took 0.279 seconds
[2022-11-16T14:29:56.355+0000] {processor.py:154} INFO - Started process (PID=915) to work on /home/airflow/.local/lib/python3.7/site-packages/airflow/example_dags/example_branch_python_dop_operator_3.py
[2022-11-16T14:29:56.361+0000] {processor.py:756} INFO - Processing file /home/airflow/.local/lib/python3.7/site-packages/airflow/example_dags/example_branch_python_dop_operator_3.py for tasks to queue
[2022-11-16T14:29:56.363+0000] {logging_mixin.py:137} INFO - [2022-11-16T14:29:56.363+0000] {dagbag.py:537} INFO - Filling up the DagBag from /home/airflow/.local/lib/python3.7/site-packages/airflow/example_dags/example_branch_python_dop_operator_3.py
[2022-11-16T14:29:56.430+0000] {processor.py:766} INFO - DAG(s) dict_keys(['example_branch_dop_operator_v3']) retrieved from /home/airflow/.local/lib/python3.7/site-packages/airflow/example_dags/example_branch_python_dop_operator_3.py
[2022-11-16T14:29:56.579+0000] {logging_mixin.py:137} INFO - [2022-11-16T14:29:56.578+0000] {dag.py:2585} INFO - Sync 1 DAGs
[2022-11-16T14:29:56.710+0000] {logging_mixin.py:137} INFO - [2022-11-16T14:29:56.709+0000] {dag.py:3340} INFO - Setting next_dagrun for example_branch_dop_operator_v3 to 2022-11-16T14:28:00+00:00, run_after=2022-11-16T14:29:00+00:00
[2022-11-16T14:29:56.798+0000] {processor.py:176} INFO - Processing /home/airflow/.local/lib/python3.7/site-packages/airflow/example_dags/example_branch_python_dop_operator_3.py took 0.460 seconds
[2022-11-16T14:30:27.049+0000] {processor.py:154} INFO - Started process (PID=1113) to work on /home/airflow/.local/lib/python3.7/site-packages/airflow/example_dags/example_branch_python_dop_operator_3.py
[2022-11-16T14:30:27.050+0000] {processor.py:756} INFO - Processing file /home/airflow/.local/lib/python3.7/site-packages/airflow/example_dags/example_branch_python_dop_operator_3.py for tasks to queue
[2022-11-16T14:30:27.051+0000] {logging_mixin.py:137} INFO - [2022-11-16T14:30:27.050+0000] {dagbag.py:537} INFO - Filling up the DagBag from /home/airflow/.local/lib/python3.7/site-packages/airflow/example_dags/example_branch_python_dop_operator_3.py
[2022-11-16T14:30:27.089+0000] {processor.py:766} INFO - DAG(s) dict_keys(['example_branch_dop_operator_v3']) retrieved from /home/airflow/.local/lib/python3.7/site-packages/airflow/example_dags/example_branch_python_dop_operator_3.py
[2022-11-16T14:30:27.155+0000] {logging_mixin.py:137} INFO - [2022-11-16T14:30:27.155+0000] {dag.py:2585} INFO - Sync 1 DAGs
[2022-11-16T14:30:27.218+0000] {logging_mixin.py:137} INFO - [2022-11-16T14:30:27.218+0000] {dag.py:3340} INFO - Setting next_dagrun for example_branch_dop_operator_v3 to 2022-11-16T14:29:00+00:00, run_after=2022-11-16T14:30:00+00:00
[2022-11-16T14:30:27.254+0000] {processor.py:176} INFO - Processing /home/airflow/.local/lib/python3.7/site-packages/airflow/example_dags/example_branch_python_dop_operator_3.py took 0.208 seconds
[2022-11-16T14:30:57.424+0000] {processor.py:154} INFO - Started process (PID=1310) to work on /home/airflow/.local/lib/python3.7/site-packages/airflow/example_dags/example_branch_python_dop_operator_3.py
[2022-11-16T14:30:57.425+0000] {processor.py:756} INFO - Processing file /home/airflow/.local/lib/python3.7/site-packages/airflow/example_dags/example_branch_python_dop_operator_3.py for tasks to queue
[2022-11-16T14:30:57.426+0000] {logging_mixin.py:137} INFO - [2022-11-16T14:30:57.426+0000] {dagbag.py:537} INFO - Filling up the DagBag from /home/airflow/.local/lib/python3.7/site-packages/airflow/example_dags/example_branch_python_dop_operator_3.py
[2022-11-16T14:30:57.474+0000] {processor.py:766} INFO - DAG(s) dict_keys(['example_branch_dop_operator_v3']) retrieved from /home/airflow/.local/lib/python3.7/site-packages/airflow/example_dags/example_branch_python_dop_operator_3.py
[2022-11-16T14:30:57.552+0000] {logging_mixin.py:137} INFO - [2022-11-16T14:30:57.552+0000] {dag.py:2585} INFO - Sync 1 DAGs
[2022-11-16T14:30:57.625+0000] {logging_mixin.py:137} INFO - [2022-11-16T14:30:57.624+0000] {dag.py:3340} INFO - Setting next_dagrun for example_branch_dop_operator_v3 to 2022-11-16T14:29:00+00:00, run_after=2022-11-16T14:30:00+00:00
[2022-11-16T14:30:57.662+0000] {processor.py:176} INFO - Processing /home/airflow/.local/lib/python3.7/site-packages/airflow/example_dags/example_branch_python_dop_operator_3.py took 0.243 seconds
[2022-11-16T14:31:27.781+0000] {processor.py:154} INFO - Started process (PID=1516) to work on /home/airflow/.local/lib/python3.7/site-packages/airflow/example_dags/example_branch_python_dop_operator_3.py
[2022-11-16T14:31:27.782+0000] {processor.py:756} INFO - Processing file /home/airflow/.local/lib/python3.7/site-packages/airflow/example_dags/example_branch_python_dop_operator_3.py for tasks to queue
[2022-11-16T14:31:27.783+0000] {logging_mixin.py:137} INFO - [2022-11-16T14:31:27.783+0000] {dagbag.py:537} INFO - Filling up the DagBag from /home/airflow/.local/lib/python3.7/site-packages/airflow/example_dags/example_branch_python_dop_operator_3.py
[2022-11-16T14:31:27.838+0000] {processor.py:766} INFO - DAG(s) dict_keys(['example_branch_dop_operator_v3']) retrieved from /home/airflow/.local/lib/python3.7/site-packages/airflow/example_dags/example_branch_python_dop_operator_3.py
[2022-11-16T14:31:27.902+0000] {logging_mixin.py:137} INFO - [2022-11-16T14:31:27.902+0000] {dag.py:2585} INFO - Sync 1 DAGs
[2022-11-16T14:31:27.985+0000] {logging_mixin.py:137} INFO - [2022-11-16T14:31:27.985+0000] {dag.py:3340} INFO - Setting next_dagrun for example_branch_dop_operator_v3 to 2022-11-16T14:30:00+00:00, run_after=2022-11-16T14:31:00+00:00
[2022-11-16T14:31:28.018+0000] {processor.py:176} INFO - Processing /home/airflow/.local/lib/python3.7/site-packages/airflow/example_dags/example_branch_python_dop_operator_3.py took 0.241 seconds
[2022-11-16T14:32:00.553+0000] {processor.py:154} INFO - Started process (PID=1721) to work on /home/airflow/.local/lib/python3.7/site-packages/airflow/example_dags/example_branch_python_dop_operator_3.py
[2022-11-16T14:32:00.556+0000] {processor.py:756} INFO - Processing file /home/airflow/.local/lib/python3.7/site-packages/airflow/example_dags/example_branch_python_dop_operator_3.py for tasks to queue
[2022-11-16T14:32:00.557+0000] {logging_mixin.py:137} INFO - [2022-11-16T14:32:00.557+0000] {dagbag.py:537} INFO - Filling up the DagBag from /home/airflow/.local/lib/python3.7/site-packages/airflow/example_dags/example_branch_python_dop_operator_3.py
[2022-11-16T14:32:00.605+0000] {processor.py:766} INFO - DAG(s) dict_keys(['example_branch_dop_operator_v3']) retrieved from /home/airflow/.local/lib/python3.7/site-packages/airflow/example_dags/example_branch_python_dop_operator_3.py
[2022-11-16T14:32:00.707+0000] {logging_mixin.py:137} INFO - [2022-11-16T14:32:00.707+0000] {dag.py:2585} INFO - Sync 1 DAGs
[2022-11-16T14:32:00.785+0000] {logging_mixin.py:137} INFO - [2022-11-16T14:32:00.785+0000] {dag.py:3340} INFO - Setting next_dagrun for example_branch_dop_operator_v3 to 2022-11-16T14:31:00+00:00, run_after=2022-11-16T14:32:00+00:00
[2022-11-16T14:32:00.873+0000] {processor.py:176} INFO - Processing /home/airflow/.local/lib/python3.7/site-packages/airflow/example_dags/example_branch_python_dop_operator_3.py took 0.325 seconds
[2022-11-16T14:32:31.198+0000] {processor.py:154} INFO - Started process (PID=1920) to work on /home/airflow/.local/lib/python3.7/site-packages/airflow/example_dags/example_branch_python_dop_operator_3.py
[2022-11-16T14:32:31.199+0000] {processor.py:756} INFO - Processing file /home/airflow/.local/lib/python3.7/site-packages/airflow/example_dags/example_branch_python_dop_operator_3.py for tasks to queue
[2022-11-16T14:32:31.200+0000] {logging_mixin.py:137} INFO - [2022-11-16T14:32:31.200+0000] {dagbag.py:537} INFO - Filling up the DagBag from /home/airflow/.local/lib/python3.7/site-packages/airflow/example_dags/example_branch_python_dop_operator_3.py
[2022-11-16T14:32:31.242+0000] {processor.py:766} INFO - DAG(s) dict_keys(['example_branch_dop_operator_v3']) retrieved from /home/airflow/.local/lib/python3.7/site-packages/airflow/example_dags/example_branch_python_dop_operator_3.py
[2022-11-16T14:32:31.312+0000] {logging_mixin.py:137} INFO - [2022-11-16T14:32:31.311+0000] {dag.py:2585} INFO - Sync 1 DAGs
[2022-11-16T14:32:31.369+0000] {logging_mixin.py:137} INFO - [2022-11-16T14:32:31.369+0000] {dag.py:3340} INFO - Setting next_dagrun for example_branch_dop_operator_v3 to 2022-11-16T14:31:00+00:00, run_after=2022-11-16T14:32:00+00:00
[2022-11-16T14:32:31.399+0000] {processor.py:176} INFO - Processing /home/airflow/.local/lib/python3.7/site-packages/airflow/example_dags/example_branch_python_dop_operator_3.py took 0.208 seconds
[2022-11-16T14:33:02.137+0000] {processor.py:154} INFO - Started process (PID=2117) to work on /home/airflow/.local/lib/python3.7/site-packages/airflow/example_dags/example_branch_python_dop_operator_3.py
[2022-11-16T14:33:02.138+0000] {processor.py:756} INFO - Processing file /home/airflow/.local/lib/python3.7/site-packages/airflow/example_dags/example_branch_python_dop_operator_3.py for tasks to queue
[2022-11-16T14:33:02.139+0000] {logging_mixin.py:137} INFO - [2022-11-16T14:33:02.139+0000] {dagbag.py:537} INFO - Filling up the DagBag from /home/airflow/.local/lib/python3.7/site-packages/airflow/example_dags/example_branch_python_dop_operator_3.py
[2022-11-16T14:33:02.171+0000] {processor.py:766} INFO - DAG(s) dict_keys(['example_branch_dop_operator_v3']) retrieved from /home/airflow/.local/lib/python3.7/site-packages/airflow/example_dags/example_branch_python_dop_operator_3.py
[2022-11-16T14:33:02.227+0000] {logging_mixin.py:137} INFO - [2022-11-16T14:33:02.227+0000] {dag.py:2585} INFO - Sync 1 DAGs
[2022-11-16T14:33:02.275+0000] {logging_mixin.py:137} INFO - [2022-11-16T14:33:02.274+0000] {dag.py:3340} INFO - Setting next_dagrun for example_branch_dop_operator_v3 to 2022-11-16T14:32:00+00:00, run_after=2022-11-16T14:33:00+00:00
[2022-11-16T14:33:02.298+0000] {processor.py:176} INFO - Processing /home/airflow/.local/lib/python3.7/site-packages/airflow/example_dags/example_branch_python_dop_operator_3.py took 0.164 seconds
[2022-11-16T14:33:33.364+0000] {processor.py:154} INFO - Started process (PID=2323) to work on /home/airflow/.local/lib/python3.7/site-packages/airflow/example_dags/example_branch_python_dop_operator_3.py
[2022-11-16T14:33:33.365+0000] {processor.py:756} INFO - Processing file /home/airflow/.local/lib/python3.7/site-packages/airflow/example_dags/example_branch_python_dop_operator_3.py for tasks to queue
[2022-11-16T14:33:33.366+0000] {logging_mixin.py:137} INFO - [2022-11-16T14:33:33.366+0000] {dagbag.py:537} INFO - Filling up the DagBag from /home/airflow/.local/lib/python3.7/site-packages/airflow/example_dags/example_branch_python_dop_operator_3.py
[2022-11-16T14:33:33.411+0000] {processor.py:766} INFO - DAG(s) dict_keys(['example_branch_dop_operator_v3']) retrieved from /home/airflow/.local/lib/python3.7/site-packages/airflow/example_dags/example_branch_python_dop_operator_3.py
[2022-11-16T14:33:33.500+0000] {logging_mixin.py:137} INFO - [2022-11-16T14:33:33.500+0000] {dag.py:2585} INFO - Sync 1 DAGs
[2022-11-16T14:33:33.624+0000] {logging_mixin.py:137} INFO - [2022-11-16T14:33:33.624+0000] {dag.py:3340} INFO - Setting next_dagrun for example_branch_dop_operator_v3 to 2022-11-16T14:32:00+00:00, run_after=2022-11-16T14:33:00+00:00
[2022-11-16T14:33:33.702+0000] {processor.py:176} INFO - Processing /home/airflow/.local/lib/python3.7/site-packages/airflow/example_dags/example_branch_python_dop_operator_3.py took 0.347 seconds
[2022-11-16T14:34:05.659+0000] {processor.py:154} INFO - Started process (PID=2526) to work on /home/airflow/.local/lib/python3.7/site-packages/airflow/example_dags/example_branch_python_dop_operator_3.py
[2022-11-16T14:34:05.665+0000] {processor.py:756} INFO - Processing file /home/airflow/.local/lib/python3.7/site-packages/airflow/example_dags/example_branch_python_dop_operator_3.py for tasks to queue
[2022-11-16T14:34:05.666+0000] {logging_mixin.py:137} INFO - [2022-11-16T14:34:05.666+0000] {dagbag.py:537} INFO - Filling up the DagBag from /home/airflow/.local/lib/python3.7/site-packages/airflow/example_dags/example_branch_python_dop_operator_3.py
[2022-11-16T14:34:05.748+0000] {processor.py:766} INFO - DAG(s) dict_keys(['example_branch_dop_operator_v3']) retrieved from /home/airflow/.local/lib/python3.7/site-packages/airflow/example_dags/example_branch_python_dop_operator_3.py
[2022-11-16T14:34:06.003+0000] {logging_mixin.py:137} INFO - [2022-11-16T14:34:06.002+0000] {dag.py:2585} INFO - Sync 1 DAGs
[2022-11-16T14:34:06.146+0000] {logging_mixin.py:137} INFO - [2022-11-16T14:34:06.145+0000] {dag.py:3340} INFO - Setting next_dagrun for example_branch_dop_operator_v3 to 2022-11-16T14:33:00+00:00, run_after=2022-11-16T14:34:00+00:00
[2022-11-16T14:34:06.279+0000] {processor.py:176} INFO - Processing /home/airflow/.local/lib/python3.7/site-packages/airflow/example_dags/example_branch_python_dop_operator_3.py took 0.625 seconds
[2022-11-16T14:34:37.703+0000] {processor.py:154} INFO - Started process (PID=2748) to work on /home/airflow/.local/lib/python3.7/site-packages/airflow/example_dags/example_branch_python_dop_operator_3.py
[2022-11-16T14:34:37.712+0000] {processor.py:756} INFO - Processing file /home/airflow/.local/lib/python3.7/site-packages/airflow/example_dags/example_branch_python_dop_operator_3.py for tasks to queue
[2022-11-16T14:34:37.713+0000] {logging_mixin.py:137} INFO - [2022-11-16T14:34:37.713+0000] {dagbag.py:537} INFO - Filling up the DagBag from /home/airflow/.local/lib/python3.7/site-packages/airflow/example_dags/example_branch_python_dop_operator_3.py
[2022-11-16T14:34:37.782+0000] {processor.py:766} INFO - DAG(s) dict_keys(['example_branch_dop_operator_v3']) retrieved from /home/airflow/.local/lib/python3.7/site-packages/airflow/example_dags/example_branch_python_dop_operator_3.py
[2022-11-16T14:34:37.885+0000] {logging_mixin.py:137} INFO - [2022-11-16T14:34:37.884+0000] {dag.py:2585} INFO - Sync 1 DAGs
[2022-11-16T14:34:38.076+0000] {logging_mixin.py:137} INFO - [2022-11-16T14:34:38.076+0000] {dag.py:3340} INFO - Setting next_dagrun for example_branch_dop_operator_v3 to 2022-11-16T14:33:00+00:00, run_after=2022-11-16T14:34:00+00:00
[2022-11-16T14:34:38.306+0000] {processor.py:176} INFO - Processing /home/airflow/.local/lib/python3.7/site-packages/airflow/example_dags/example_branch_python_dop_operator_3.py took 0.609 seconds
[2022-11-16T14:35:09.009+0000] {processor.py:154} INFO - Started process (PID=2945) to work on /home/airflow/.local/lib/python3.7/site-packages/airflow/example_dags/example_branch_python_dop_operator_3.py
[2022-11-16T14:35:09.010+0000] {processor.py:756} INFO - Processing file /home/airflow/.local/lib/python3.7/site-packages/airflow/example_dags/example_branch_python_dop_operator_3.py for tasks to queue
[2022-11-16T14:35:09.012+0000] {logging_mixin.py:137} INFO - [2022-11-16T14:35:09.011+0000] {dagbag.py:537} INFO - Filling up the DagBag from /home/airflow/.local/lib/python3.7/site-packages/airflow/example_dags/example_branch_python_dop_operator_3.py
[2022-11-16T14:35:09.051+0000] {processor.py:766} INFO - DAG(s) dict_keys(['example_branch_dop_operator_v3']) retrieved from /home/airflow/.local/lib/python3.7/site-packages/airflow/example_dags/example_branch_python_dop_operator_3.py
[2022-11-16T14:35:09.123+0000] {logging_mixin.py:137} INFO - [2022-11-16T14:35:09.123+0000] {dag.py:2585} INFO - Sync 1 DAGs
[2022-11-16T14:35:09.182+0000] {logging_mixin.py:137} INFO - [2022-11-16T14:35:09.181+0000] {dag.py:3340} INFO - Setting next_dagrun for example_branch_dop_operator_v3 to 2022-11-16T14:34:00+00:00, run_after=2022-11-16T14:35:00+00:00
[2022-11-16T14:35:09.225+0000] {processor.py:176} INFO - Processing /home/airflow/.local/lib/python3.7/site-packages/airflow/example_dags/example_branch_python_dop_operator_3.py took 0.223 seconds
[2022-11-16T14:35:39.612+0000] {processor.py:154} INFO - Started process (PID=3141) to work on /home/airflow/.local/lib/python3.7/site-packages/airflow/example_dags/example_branch_python_dop_operator_3.py
[2022-11-16T14:35:39.615+0000] {processor.py:756} INFO - Processing file /home/airflow/.local/lib/python3.7/site-packages/airflow/example_dags/example_branch_python_dop_operator_3.py for tasks to queue
[2022-11-16T14:35:39.616+0000] {logging_mixin.py:137} INFO - [2022-11-16T14:35:39.616+0000] {dagbag.py:537} INFO - Filling up the DagBag from /home/airflow/.local/lib/python3.7/site-packages/airflow/example_dags/example_branch_python_dop_operator_3.py
[2022-11-16T14:35:39.667+0000] {processor.py:766} INFO - DAG(s) dict_keys(['example_branch_dop_operator_v3']) retrieved from /home/airflow/.local/lib/python3.7/site-packages/airflow/example_dags/example_branch_python_dop_operator_3.py
[2022-11-16T14:35:39.744+0000] {logging_mixin.py:137} INFO - [2022-11-16T14:35:39.744+0000] {dag.py:2585} INFO - Sync 1 DAGs
[2022-11-16T14:35:39.806+0000] {logging_mixin.py:137} INFO - [2022-11-16T14:35:39.806+0000] {dag.py:3340} INFO - Setting next_dagrun for example_branch_dop_operator_v3 to 2022-11-16T14:34:00+00:00, run_after=2022-11-16T14:35:00+00:00
[2022-11-16T14:35:39.847+0000] {processor.py:176} INFO - Processing /home/airflow/.local/lib/python3.7/site-packages/airflow/example_dags/example_branch_python_dop_operator_3.py took 0.241 seconds
[2022-11-16T14:36:10.435+0000] {processor.py:154} INFO - Started process (PID=3347) to work on /home/airflow/.local/lib/python3.7/site-packages/airflow/example_dags/example_branch_python_dop_operator_3.py
[2022-11-16T14:36:10.437+0000] {processor.py:756} INFO - Processing file /home/airflow/.local/lib/python3.7/site-packages/airflow/example_dags/example_branch_python_dop_operator_3.py for tasks to queue
[2022-11-16T14:36:10.440+0000] {logging_mixin.py:137} INFO - [2022-11-16T14:36:10.440+0000] {dagbag.py:537} INFO - Filling up the DagBag from /home/airflow/.local/lib/python3.7/site-packages/airflow/example_dags/example_branch_python_dop_operator_3.py
[2022-11-16T14:36:10.495+0000] {processor.py:766} INFO - DAG(s) dict_keys(['example_branch_dop_operator_v3']) retrieved from /home/airflow/.local/lib/python3.7/site-packages/airflow/example_dags/example_branch_python_dop_operator_3.py
[2022-11-16T14:36:10.585+0000] {logging_mixin.py:137} INFO - [2022-11-16T14:36:10.585+0000] {dag.py:2585} INFO - Sync 1 DAGs
[2022-11-16T14:36:10.661+0000] {logging_mixin.py:137} INFO - [2022-11-16T14:36:10.661+0000] {dag.py:3340} INFO - Setting next_dagrun for example_branch_dop_operator_v3 to 2022-11-16T14:35:00+00:00, run_after=2022-11-16T14:36:00+00:00
[2022-11-16T14:36:10.696+0000] {processor.py:176} INFO - Processing /home/airflow/.local/lib/python3.7/site-packages/airflow/example_dags/example_branch_python_dop_operator_3.py took 0.267 seconds
[2022-11-16T14:36:41.163+0000] {processor.py:154} INFO - Started process (PID=3544) to work on /home/airflow/.local/lib/python3.7/site-packages/airflow/example_dags/example_branch_python_dop_operator_3.py
[2022-11-16T14:36:41.164+0000] {processor.py:756} INFO - Processing file /home/airflow/.local/lib/python3.7/site-packages/airflow/example_dags/example_branch_python_dop_operator_3.py for tasks to queue
[2022-11-16T14:36:41.165+0000] {logging_mixin.py:137} INFO - [2022-11-16T14:36:41.165+0000] {dagbag.py:537} INFO - Filling up the DagBag from /home/airflow/.local/lib/python3.7/site-packages/airflow/example_dags/example_branch_python_dop_operator_3.py
[2022-11-16T14:36:41.201+0000] {processor.py:766} INFO - DAG(s) dict_keys(['example_branch_dop_operator_v3']) retrieved from /home/airflow/.local/lib/python3.7/site-packages/airflow/example_dags/example_branch_python_dop_operator_3.py
[2022-11-16T14:36:41.256+0000] {logging_mixin.py:137} INFO - [2022-11-16T14:36:41.256+0000] {dag.py:2585} INFO - Sync 1 DAGs
[2022-11-16T14:36:41.301+0000] {logging_mixin.py:137} INFO - [2022-11-16T14:36:41.301+0000] {dag.py:3340} INFO - Setting next_dagrun for example_branch_dop_operator_v3 to 2022-11-16T14:35:00+00:00, run_after=2022-11-16T14:36:00+00:00
[2022-11-16T14:36:41.330+0000] {processor.py:176} INFO - Processing /home/airflow/.local/lib/python3.7/site-packages/airflow/example_dags/example_branch_python_dop_operator_3.py took 0.172 seconds
[2022-11-16T14:37:11.728+0000] {processor.py:154} INFO - Started process (PID=3750) to work on /home/airflow/.local/lib/python3.7/site-packages/airflow/example_dags/example_branch_python_dop_operator_3.py
[2022-11-16T14:37:11.729+0000] {processor.py:756} INFO - Processing file /home/airflow/.local/lib/python3.7/site-packages/airflow/example_dags/example_branch_python_dop_operator_3.py for tasks to queue
[2022-11-16T14:37:11.732+0000] {logging_mixin.py:137} INFO - [2022-11-16T14:37:11.732+0000] {dagbag.py:537} INFO - Filling up the DagBag from /home/airflow/.local/lib/python3.7/site-packages/airflow/example_dags/example_branch_python_dop_operator_3.py
[2022-11-16T14:37:11.824+0000] {processor.py:766} INFO - DAG(s) dict_keys(['example_branch_dop_operator_v3']) retrieved from /home/airflow/.local/lib/python3.7/site-packages/airflow/example_dags/example_branch_python_dop_operator_3.py
[2022-11-16T14:37:11.924+0000] {logging_mixin.py:137} INFO - [2022-11-16T14:37:11.924+0000] {dag.py:2585} INFO - Sync 1 DAGs
[2022-11-16T14:37:12.031+0000] {logging_mixin.py:137} INFO - [2022-11-16T14:37:12.031+0000] {dag.py:3340} INFO - Setting next_dagrun for example_branch_dop_operator_v3 to 2022-11-16T14:36:00+00:00, run_after=2022-11-16T14:37:00+00:00
[2022-11-16T14:37:12.088+0000] {processor.py:176} INFO - Processing /home/airflow/.local/lib/python3.7/site-packages/airflow/example_dags/example_branch_python_dop_operator_3.py took 0.375 seconds
[2022-11-16T14:37:42.625+0000] {processor.py:154} INFO - Started process (PID=3948) to work on /home/airflow/.local/lib/python3.7/site-packages/airflow/example_dags/example_branch_python_dop_operator_3.py
[2022-11-16T14:37:42.626+0000] {processor.py:756} INFO - Processing file /home/airflow/.local/lib/python3.7/site-packages/airflow/example_dags/example_branch_python_dop_operator_3.py for tasks to queue
[2022-11-16T14:37:42.627+0000] {logging_mixin.py:137} INFO - [2022-11-16T14:37:42.627+0000] {dagbag.py:537} INFO - Filling up the DagBag from /home/airflow/.local/lib/python3.7/site-packages/airflow/example_dags/example_branch_python_dop_operator_3.py
[2022-11-16T14:37:42.667+0000] {processor.py:766} INFO - DAG(s) dict_keys(['example_branch_dop_operator_v3']) retrieved from /home/airflow/.local/lib/python3.7/site-packages/airflow/example_dags/example_branch_python_dop_operator_3.py
[2022-11-16T14:37:42.739+0000] {logging_mixin.py:137} INFO - [2022-11-16T14:37:42.739+0000] {dag.py:2585} INFO - Sync 1 DAGs
[2022-11-16T14:37:42.805+0000] {logging_mixin.py:137} INFO - [2022-11-16T14:37:42.804+0000] {dag.py:3340} INFO - Setting next_dagrun for example_branch_dop_operator_v3 to 2022-11-16T14:36:00+00:00, run_after=2022-11-16T14:37:00+00:00
[2022-11-16T14:37:42.850+0000] {processor.py:176} INFO - Processing /home/airflow/.local/lib/python3.7/site-packages/airflow/example_dags/example_branch_python_dop_operator_3.py took 0.232 seconds
[2022-11-16T14:38:13.558+0000] {processor.py:154} INFO - Started process (PID=4145) to work on /home/airflow/.local/lib/python3.7/site-packages/airflow/example_dags/example_branch_python_dop_operator_3.py
[2022-11-16T14:38:13.559+0000] {processor.py:756} INFO - Processing file /home/airflow/.local/lib/python3.7/site-packages/airflow/example_dags/example_branch_python_dop_operator_3.py for tasks to queue
[2022-11-16T14:38:13.560+0000] {logging_mixin.py:137} INFO - [2022-11-16T14:38:13.559+0000] {dagbag.py:537} INFO - Filling up the DagBag from /home/airflow/.local/lib/python3.7/site-packages/airflow/example_dags/example_branch_python_dop_operator_3.py
[2022-11-16T14:38:13.606+0000] {processor.py:766} INFO - DAG(s) dict_keys(['example_branch_dop_operator_v3']) retrieved from /home/airflow/.local/lib/python3.7/site-packages/airflow/example_dags/example_branch_python_dop_operator_3.py
[2022-11-16T14:38:13.667+0000] {logging_mixin.py:137} INFO - [2022-11-16T14:38:13.667+0000] {dag.py:2585} INFO - Sync 1 DAGs
[2022-11-16T14:38:13.722+0000] {logging_mixin.py:137} INFO - [2022-11-16T14:38:13.722+0000] {dag.py:3340} INFO - Setting next_dagrun for example_branch_dop_operator_v3 to 2022-11-16T14:37:00+00:00, run_after=2022-11-16T14:38:00+00:00
[2022-11-16T14:38:13.757+0000] {processor.py:176} INFO - Processing /home/airflow/.local/lib/python3.7/site-packages/airflow/example_dags/example_branch_python_dop_operator_3.py took 0.202 seconds
[2022-11-16T14:38:43.859+0000] {processor.py:154} INFO - Started process (PID=4348) to work on /home/airflow/.local/lib/python3.7/site-packages/airflow/example_dags/example_branch_python_dop_operator_3.py
[2022-11-16T14:38:43.860+0000] {processor.py:756} INFO - Processing file /home/airflow/.local/lib/python3.7/site-packages/airflow/example_dags/example_branch_python_dop_operator_3.py for tasks to queue
[2022-11-16T14:38:43.861+0000] {logging_mixin.py:137} INFO - [2022-11-16T14:38:43.861+0000] {dagbag.py:537} INFO - Filling up the DagBag from /home/airflow/.local/lib/python3.7/site-packages/airflow/example_dags/example_branch_python_dop_operator_3.py
[2022-11-16T14:38:43.896+0000] {processor.py:766} INFO - DAG(s) dict_keys(['example_branch_dop_operator_v3']) retrieved from /home/airflow/.local/lib/python3.7/site-packages/airflow/example_dags/example_branch_python_dop_operator_3.py
[2022-11-16T14:38:43.956+0000] {logging_mixin.py:137} INFO - [2022-11-16T14:38:43.956+0000] {dag.py:2585} INFO - Sync 1 DAGs
[2022-11-16T14:38:44.005+0000] {logging_mixin.py:137} INFO - [2022-11-16T14:38:44.005+0000] {dag.py:3340} INFO - Setting next_dagrun for example_branch_dop_operator_v3 to 2022-11-16T14:37:00+00:00, run_after=2022-11-16T14:38:00+00:00
[2022-11-16T14:38:44.035+0000] {processor.py:176} INFO - Processing /home/airflow/.local/lib/python3.7/site-packages/airflow/example_dags/example_branch_python_dop_operator_3.py took 0.178 seconds
[2022-11-16T14:39:14.094+0000] {processor.py:154} INFO - Started process (PID=4546) to work on /home/airflow/.local/lib/python3.7/site-packages/airflow/example_dags/example_branch_python_dop_operator_3.py
[2022-11-16T14:39:14.095+0000] {processor.py:756} INFO - Processing file /home/airflow/.local/lib/python3.7/site-packages/airflow/example_dags/example_branch_python_dop_operator_3.py for tasks to queue
[2022-11-16T14:39:14.097+0000] {logging_mixin.py:137} INFO - [2022-11-16T14:39:14.096+0000] {dagbag.py:537} INFO - Filling up the DagBag from /home/airflow/.local/lib/python3.7/site-packages/airflow/example_dags/example_branch_python_dop_operator_3.py
[2022-11-16T14:39:14.157+0000] {processor.py:766} INFO - DAG(s) dict_keys(['example_branch_dop_operator_v3']) retrieved from /home/airflow/.local/lib/python3.7/site-packages/airflow/example_dags/example_branch_python_dop_operator_3.py
[2022-11-16T14:39:14.306+0000] {logging_mixin.py:137} INFO - [2022-11-16T14:39:14.305+0000] {dag.py:2585} INFO - Sync 1 DAGs
[2022-11-16T14:39:14.395+0000] {logging_mixin.py:137} INFO - [2022-11-16T14:39:14.394+0000] {dag.py:3340} INFO - Setting next_dagrun for example_branch_dop_operator_v3 to 2022-11-16T14:38:00+00:00, run_after=2022-11-16T14:39:00+00:00
[2022-11-16T14:39:14.449+0000] {processor.py:176} INFO - Processing /home/airflow/.local/lib/python3.7/site-packages/airflow/example_dags/example_branch_python_dop_operator_3.py took 0.360 seconds
[2022-11-16T14:39:45.339+0000] {processor.py:154} INFO - Started process (PID=4752) to work on /home/airflow/.local/lib/python3.7/site-packages/airflow/example_dags/example_branch_python_dop_operator_3.py
[2022-11-16T14:39:45.341+0000] {processor.py:756} INFO - Processing file /home/airflow/.local/lib/python3.7/site-packages/airflow/example_dags/example_branch_python_dop_operator_3.py for tasks to queue
[2022-11-16T14:39:45.353+0000] {logging_mixin.py:137} INFO - [2022-11-16T14:39:45.352+0000] {dagbag.py:537} INFO - Filling up the DagBag from /home/airflow/.local/lib/python3.7/site-packages/airflow/example_dags/example_branch_python_dop_operator_3.py
[2022-11-16T14:39:45.465+0000] {processor.py:766} INFO - DAG(s) dict_keys(['example_branch_dop_operator_v3']) retrieved from /home/airflow/.local/lib/python3.7/site-packages/airflow/example_dags/example_branch_python_dop_operator_3.py
[2022-11-16T14:39:45.630+0000] {logging_mixin.py:137} INFO - [2022-11-16T14:39:45.629+0000] {dag.py:2585} INFO - Sync 1 DAGs
[2022-11-16T14:39:45.818+0000] {logging_mixin.py:137} INFO - [2022-11-16T14:39:45.817+0000] {dag.py:3340} INFO - Setting next_dagrun for example_branch_dop_operator_v3 to 2022-11-16T14:38:00+00:00, run_after=2022-11-16T14:39:00+00:00
[2022-11-16T14:39:45.969+0000] {processor.py:176} INFO - Processing /home/airflow/.local/lib/python3.7/site-packages/airflow/example_dags/example_branch_python_dop_operator_3.py took 0.642 seconds
[2022-11-16T14:40:16.089+0000] {processor.py:154} INFO - Started process (PID=4957) to work on /home/airflow/.local/lib/python3.7/site-packages/airflow/example_dags/example_branch_python_dop_operator_3.py
[2022-11-16T14:40:16.089+0000] {processor.py:756} INFO - Processing file /home/airflow/.local/lib/python3.7/site-packages/airflow/example_dags/example_branch_python_dop_operator_3.py for tasks to queue
[2022-11-16T14:40:16.092+0000] {logging_mixin.py:137} INFO - [2022-11-16T14:40:16.092+0000] {dagbag.py:537} INFO - Filling up the DagBag from /home/airflow/.local/lib/python3.7/site-packages/airflow/example_dags/example_branch_python_dop_operator_3.py
[2022-11-16T14:40:16.125+0000] {processor.py:766} INFO - DAG(s) dict_keys(['example_branch_dop_operator_v3']) retrieved from /home/airflow/.local/lib/python3.7/site-packages/airflow/example_dags/example_branch_python_dop_operator_3.py
[2022-11-16T14:40:16.181+0000] {logging_mixin.py:137} INFO - [2022-11-16T14:40:16.181+0000] {dag.py:2585} INFO - Sync 1 DAGs
[2022-11-16T14:40:16.237+0000] {logging_mixin.py:137} INFO - [2022-11-16T14:40:16.237+0000] {dag.py:3340} INFO - Setting next_dagrun for example_branch_dop_operator_v3 to 2022-11-16T14:39:00+00:00, run_after=2022-11-16T14:40:00+00:00
[2022-11-16T14:40:16.273+0000] {processor.py:176} INFO - Processing /home/airflow/.local/lib/python3.7/site-packages/airflow/example_dags/example_branch_python_dop_operator_3.py took 0.188 seconds
[2022-11-16T14:40:46.592+0000] {processor.py:154} INFO - Started process (PID=5150) to work on /home/airflow/.local/lib/python3.7/site-packages/airflow/example_dags/example_branch_python_dop_operator_3.py
[2022-11-16T14:40:46.595+0000] {processor.py:756} INFO - Processing file /home/airflow/.local/lib/python3.7/site-packages/airflow/example_dags/example_branch_python_dop_operator_3.py for tasks to queue
[2022-11-16T14:40:46.596+0000] {logging_mixin.py:137} INFO - [2022-11-16T14:40:46.596+0000] {dagbag.py:537} INFO - Filling up the DagBag from /home/airflow/.local/lib/python3.7/site-packages/airflow/example_dags/example_branch_python_dop_operator_3.py
[2022-11-16T14:40:46.647+0000] {processor.py:766} INFO - DAG(s) dict_keys(['example_branch_dop_operator_v3']) retrieved from /home/airflow/.local/lib/python3.7/site-packages/airflow/example_dags/example_branch_python_dop_operator_3.py
[2022-11-16T14:40:46.718+0000] {logging_mixin.py:137} INFO - [2022-11-16T14:40:46.718+0000] {dag.py:2585} INFO - Sync 1 DAGs
[2022-11-16T14:40:46.777+0000] {logging_mixin.py:137} INFO - [2022-11-16T14:40:46.776+0000] {dag.py:3340} INFO - Setting next_dagrun for example_branch_dop_operator_v3 to 2022-11-16T14:39:00+00:00, run_after=2022-11-16T14:40:00+00:00
[2022-11-16T14:40:46.814+0000] {processor.py:176} INFO - Processing /home/airflow/.local/lib/python3.7/site-packages/airflow/example_dags/example_branch_python_dop_operator_3.py took 0.226 seconds
[2022-11-16T14:41:17.009+0000] {processor.py:154} INFO - Started process (PID=5353) to work on /home/airflow/.local/lib/python3.7/site-packages/airflow/example_dags/example_branch_python_dop_operator_3.py
[2022-11-16T14:41:17.010+0000] {processor.py:756} INFO - Processing file /home/airflow/.local/lib/python3.7/site-packages/airflow/example_dags/example_branch_python_dop_operator_3.py for tasks to queue
[2022-11-16T14:41:17.012+0000] {logging_mixin.py:137} INFO - [2022-11-16T14:41:17.011+0000] {dagbag.py:537} INFO - Filling up the DagBag from /home/airflow/.local/lib/python3.7/site-packages/airflow/example_dags/example_branch_python_dop_operator_3.py
[2022-11-16T14:41:17.069+0000] {processor.py:766} INFO - DAG(s) dict_keys(['example_branch_dop_operator_v3']) retrieved from /home/airflow/.local/lib/python3.7/site-packages/airflow/example_dags/example_branch_python_dop_operator_3.py
[2022-11-16T14:41:17.161+0000] {logging_mixin.py:137} INFO - [2022-11-16T14:41:17.161+0000] {dag.py:2585} INFO - Sync 1 DAGs
[2022-11-16T14:41:17.227+0000] {logging_mixin.py:137} INFO - [2022-11-16T14:41:17.227+0000] {dag.py:3340} INFO - Setting next_dagrun for example_branch_dop_operator_v3 to 2022-11-16T14:40:00+00:00, run_after=2022-11-16T14:41:00+00:00
[2022-11-16T14:41:17.274+0000] {processor.py:176} INFO - Processing /home/airflow/.local/lib/python3.7/site-packages/airflow/example_dags/example_branch_python_dop_operator_3.py took 0.272 seconds
[2022-11-16T14:41:47.811+0000] {processor.py:154} INFO - Started process (PID=5551) to work on /home/airflow/.local/lib/python3.7/site-packages/airflow/example_dags/example_branch_python_dop_operator_3.py
[2022-11-16T14:41:47.813+0000] {processor.py:756} INFO - Processing file /home/airflow/.local/lib/python3.7/site-packages/airflow/example_dags/example_branch_python_dop_operator_3.py for tasks to queue
[2022-11-16T14:41:47.814+0000] {logging_mixin.py:137} INFO - [2022-11-16T14:41:47.814+0000] {dagbag.py:537} INFO - Filling up the DagBag from /home/airflow/.local/lib/python3.7/site-packages/airflow/example_dags/example_branch_python_dop_operator_3.py
[2022-11-16T14:41:47.862+0000] {processor.py:766} INFO - DAG(s) dict_keys(['example_branch_dop_operator_v3']) retrieved from /home/airflow/.local/lib/python3.7/site-packages/airflow/example_dags/example_branch_python_dop_operator_3.py
[2022-11-16T14:41:47.940+0000] {logging_mixin.py:137} INFO - [2022-11-16T14:41:47.940+0000] {dag.py:2585} INFO - Sync 1 DAGs
[2022-11-16T14:41:48.067+0000] {logging_mixin.py:137} INFO - [2022-11-16T14:41:48.067+0000] {dag.py:3340} INFO - Setting next_dagrun for example_branch_dop_operator_v3 to 2022-11-16T14:40:00+00:00, run_after=2022-11-16T14:41:00+00:00
[2022-11-16T14:41:48.117+0000] {processor.py:176} INFO - Processing /home/airflow/.local/lib/python3.7/site-packages/airflow/example_dags/example_branch_python_dop_operator_3.py took 0.312 seconds
[2022-11-16T14:42:18.804+0000] {processor.py:154} INFO - Started process (PID=5758) to work on /home/airflow/.local/lib/python3.7/site-packages/airflow/example_dags/example_branch_python_dop_operator_3.py
[2022-11-16T14:42:18.805+0000] {processor.py:756} INFO - Processing file /home/airflow/.local/lib/python3.7/site-packages/airflow/example_dags/example_branch_python_dop_operator_3.py for tasks to queue
[2022-11-16T14:42:18.806+0000] {logging_mixin.py:137} INFO - [2022-11-16T14:42:18.806+0000] {dagbag.py:537} INFO - Filling up the DagBag from /home/airflow/.local/lib/python3.7/site-packages/airflow/example_dags/example_branch_python_dop_operator_3.py
[2022-11-16T14:42:18.863+0000] {processor.py:766} INFO - DAG(s) dict_keys(['example_branch_dop_operator_v3']) retrieved from /home/airflow/.local/lib/python3.7/site-packages/airflow/example_dags/example_branch_python_dop_operator_3.py
[2022-11-16T14:42:18.994+0000] {logging_mixin.py:137} INFO - [2022-11-16T14:42:18.994+0000] {dag.py:2585} INFO - Sync 1 DAGs
[2022-11-16T14:42:19.098+0000] {logging_mixin.py:137} INFO - [2022-11-16T14:42:19.097+0000] {dag.py:3340} INFO - Setting next_dagrun for example_branch_dop_operator_v3 to 2022-11-16T14:41:00+00:00, run_after=2022-11-16T14:42:00+00:00
[2022-11-16T14:42:19.144+0000] {processor.py:176} INFO - Processing /home/airflow/.local/lib/python3.7/site-packages/airflow/example_dags/example_branch_python_dop_operator_3.py took 0.346 seconds
[2022-11-16T14:42:49.517+0000] {processor.py:154} INFO - Started process (PID=5956) to work on /home/airflow/.local/lib/python3.7/site-packages/airflow/example_dags/example_branch_python_dop_operator_3.py
[2022-11-16T14:42:49.518+0000] {processor.py:756} INFO - Processing file /home/airflow/.local/lib/python3.7/site-packages/airflow/example_dags/example_branch_python_dop_operator_3.py for tasks to queue
[2022-11-16T14:42:49.519+0000] {logging_mixin.py:137} INFO - [2022-11-16T14:42:49.519+0000] {dagbag.py:537} INFO - Filling up the DagBag from /home/airflow/.local/lib/python3.7/site-packages/airflow/example_dags/example_branch_python_dop_operator_3.py
[2022-11-16T14:42:49.567+0000] {processor.py:766} INFO - DAG(s) dict_keys(['example_branch_dop_operator_v3']) retrieved from /home/airflow/.local/lib/python3.7/site-packages/airflow/example_dags/example_branch_python_dop_operator_3.py
[2022-11-16T14:42:49.632+0000] {logging_mixin.py:137} INFO - [2022-11-16T14:42:49.632+0000] {dag.py:2585} INFO - Sync 1 DAGs
[2022-11-16T14:42:49.706+0000] {logging_mixin.py:137} INFO - [2022-11-16T14:42:49.705+0000] {dag.py:3340} INFO - Setting next_dagrun for example_branch_dop_operator_v3 to 2022-11-16T14:41:00+00:00, run_after=2022-11-16T14:42:00+00:00
[2022-11-16T14:42:49.747+0000] {processor.py:176} INFO - Processing /home/airflow/.local/lib/python3.7/site-packages/airflow/example_dags/example_branch_python_dop_operator_3.py took 0.235 seconds
[2022-11-16T14:43:20.339+0000] {processor.py:154} INFO - Started process (PID=6163) to work on /home/airflow/.local/lib/python3.7/site-packages/airflow/example_dags/example_branch_python_dop_operator_3.py
[2022-11-16T14:43:20.339+0000] {processor.py:756} INFO - Processing file /home/airflow/.local/lib/python3.7/site-packages/airflow/example_dags/example_branch_python_dop_operator_3.py for tasks to queue
[2022-11-16T14:43:20.340+0000] {logging_mixin.py:137} INFO - [2022-11-16T14:43:20.340+0000] {dagbag.py:537} INFO - Filling up the DagBag from /home/airflow/.local/lib/python3.7/site-packages/airflow/example_dags/example_branch_python_dop_operator_3.py
[2022-11-16T14:43:20.386+0000] {processor.py:766} INFO - DAG(s) dict_keys(['example_branch_dop_operator_v3']) retrieved from /home/airflow/.local/lib/python3.7/site-packages/airflow/example_dags/example_branch_python_dop_operator_3.py
[2022-11-16T14:43:20.474+0000] {logging_mixin.py:137} INFO - [2022-11-16T14:43:20.474+0000] {dag.py:2585} INFO - Sync 1 DAGs
[2022-11-16T14:43:20.551+0000] {logging_mixin.py:137} INFO - [2022-11-16T14:43:20.551+0000] {dag.py:3340} INFO - Setting next_dagrun for example_branch_dop_operator_v3 to 2022-11-16T14:42:00+00:00, run_after=2022-11-16T14:43:00+00:00
[2022-11-16T14:43:20.597+0000] {processor.py:176} INFO - Processing /home/airflow/.local/lib/python3.7/site-packages/airflow/example_dags/example_branch_python_dop_operator_3.py took 0.266 seconds
[2022-11-16T14:43:51.557+0000] {processor.py:154} INFO - Started process (PID=6361) to work on /home/airflow/.local/lib/python3.7/site-packages/airflow/example_dags/example_branch_python_dop_operator_3.py
[2022-11-16T14:43:51.558+0000] {processor.py:756} INFO - Processing file /home/airflow/.local/lib/python3.7/site-packages/airflow/example_dags/example_branch_python_dop_operator_3.py for tasks to queue
[2022-11-16T14:43:51.559+0000] {logging_mixin.py:137} INFO - [2022-11-16T14:43:51.559+0000] {dagbag.py:537} INFO - Filling up the DagBag from /home/airflow/.local/lib/python3.7/site-packages/airflow/example_dags/example_branch_python_dop_operator_3.py
[2022-11-16T14:43:51.606+0000] {processor.py:766} INFO - DAG(s) dict_keys(['example_branch_dop_operator_v3']) retrieved from /home/airflow/.local/lib/python3.7/site-packages/airflow/example_dags/example_branch_python_dop_operator_3.py
[2022-11-16T14:43:51.673+0000] {logging_mixin.py:137} INFO - [2022-11-16T14:43:51.672+0000] {dag.py:2585} INFO - Sync 1 DAGs
[2022-11-16T14:43:51.732+0000] {logging_mixin.py:137} INFO - [2022-11-16T14:43:51.732+0000] {dag.py:3340} INFO - Setting next_dagrun for example_branch_dop_operator_v3 to 2022-11-16T14:42:00+00:00, run_after=2022-11-16T14:43:00+00:00
[2022-11-16T14:43:51.766+0000] {processor.py:176} INFO - Processing /home/airflow/.local/lib/python3.7/site-packages/airflow/example_dags/example_branch_python_dop_operator_3.py took 0.213 seconds
[2022-11-16T14:44:22.929+0000] {processor.py:154} INFO - Started process (PID=6568) to work on /home/airflow/.local/lib/python3.7/site-packages/airflow/example_dags/example_branch_python_dop_operator_3.py
[2022-11-16T14:44:22.941+0000] {processor.py:756} INFO - Processing file /home/airflow/.local/lib/python3.7/site-packages/airflow/example_dags/example_branch_python_dop_operator_3.py for tasks to queue
[2022-11-16T14:44:22.942+0000] {logging_mixin.py:137} INFO - [2022-11-16T14:44:22.942+0000] {dagbag.py:537} INFO - Filling up the DagBag from /home/airflow/.local/lib/python3.7/site-packages/airflow/example_dags/example_branch_python_dop_operator_3.py
[2022-11-16T14:44:23.005+0000] {processor.py:766} INFO - DAG(s) dict_keys(['example_branch_dop_operator_v3']) retrieved from /home/airflow/.local/lib/python3.7/site-packages/airflow/example_dags/example_branch_python_dop_operator_3.py
[2022-11-16T14:44:23.107+0000] {logging_mixin.py:137} INFO - [2022-11-16T14:44:23.106+0000] {dag.py:2585} INFO - Sync 1 DAGs
[2022-11-16T14:44:23.191+0000] {logging_mixin.py:137} INFO - [2022-11-16T14:44:23.190+0000] {dag.py:3340} INFO - Setting next_dagrun for example_branch_dop_operator_v3 to 2022-11-16T14:43:00+00:00, run_after=2022-11-16T14:44:00+00:00
[2022-11-16T14:44:23.253+0000] {processor.py:176} INFO - Processing /home/airflow/.local/lib/python3.7/site-packages/airflow/example_dags/example_branch_python_dop_operator_3.py took 0.333 seconds
[2022-11-16T14:44:53.520+0000] {processor.py:154} INFO - Started process (PID=6766) to work on /home/airflow/.local/lib/python3.7/site-packages/airflow/example_dags/example_branch_python_dop_operator_3.py
[2022-11-16T14:44:53.521+0000] {processor.py:756} INFO - Processing file /home/airflow/.local/lib/python3.7/site-packages/airflow/example_dags/example_branch_python_dop_operator_3.py for tasks to queue
[2022-11-16T14:44:53.521+0000] {logging_mixin.py:137} INFO - [2022-11-16T14:44:53.521+0000] {dagbag.py:537} INFO - Filling up the DagBag from /home/airflow/.local/lib/python3.7/site-packages/airflow/example_dags/example_branch_python_dop_operator_3.py
[2022-11-16T14:44:53.564+0000] {processor.py:766} INFO - DAG(s) dict_keys(['example_branch_dop_operator_v3']) retrieved from /home/airflow/.local/lib/python3.7/site-packages/airflow/example_dags/example_branch_python_dop_operator_3.py
[2022-11-16T14:44:53.633+0000] {logging_mixin.py:137} INFO - [2022-11-16T14:44:53.633+0000] {dag.py:2585} INFO - Sync 1 DAGs
[2022-11-16T14:44:53.695+0000] {logging_mixin.py:137} INFO - [2022-11-16T14:44:53.695+0000] {dag.py:3340} INFO - Setting next_dagrun for example_branch_dop_operator_v3 to 2022-11-16T14:43:00+00:00, run_after=2022-11-16T14:44:00+00:00
[2022-11-16T14:44:53.727+0000] {processor.py:176} INFO - Processing /home/airflow/.local/lib/python3.7/site-packages/airflow/example_dags/example_branch_python_dop_operator_3.py took 0.210 seconds
[2022-11-16T14:45:24.283+0000] {processor.py:154} INFO - Started process (PID=6972) to work on /home/airflow/.local/lib/python3.7/site-packages/airflow/example_dags/example_branch_python_dop_operator_3.py
[2022-11-16T14:45:24.284+0000] {processor.py:756} INFO - Processing file /home/airflow/.local/lib/python3.7/site-packages/airflow/example_dags/example_branch_python_dop_operator_3.py for tasks to queue
[2022-11-16T14:45:24.285+0000] {logging_mixin.py:137} INFO - [2022-11-16T14:45:24.285+0000] {dagbag.py:537} INFO - Filling up the DagBag from /home/airflow/.local/lib/python3.7/site-packages/airflow/example_dags/example_branch_python_dop_operator_3.py
[2022-11-16T14:45:24.329+0000] {processor.py:766} INFO - DAG(s) dict_keys(['example_branch_dop_operator_v3']) retrieved from /home/airflow/.local/lib/python3.7/site-packages/airflow/example_dags/example_branch_python_dop_operator_3.py
[2022-11-16T14:45:24.398+0000] {logging_mixin.py:137} INFO - [2022-11-16T14:45:24.398+0000] {dag.py:2585} INFO - Sync 1 DAGs
[2022-11-16T14:45:24.453+0000] {logging_mixin.py:137} INFO - [2022-11-16T14:45:24.453+0000] {dag.py:3340} INFO - Setting next_dagrun for example_branch_dop_operator_v3 to 2022-11-16T14:44:00+00:00, run_after=2022-11-16T14:45:00+00:00
[2022-11-16T14:45:24.489+0000] {processor.py:176} INFO - Processing /home/airflow/.local/lib/python3.7/site-packages/airflow/example_dags/example_branch_python_dop_operator_3.py took 0.211 seconds
