[2022-11-16T14:28:18.575+0000] {processor.py:154} INFO - Started process (PID=223) to work on /home/airflow/.local/lib/python3.7/site-packages/airflow/example_dags/example_complex.py
[2022-11-16T14:28:18.576+0000] {processor.py:756} INFO - Processing file /home/airflow/.local/lib/python3.7/site-packages/airflow/example_dags/example_complex.py for tasks to queue
[2022-11-16T14:28:18.577+0000] {logging_mixin.py:137} INFO - [2022-11-16T14:28:18.577+0000] {dagbag.py:537} INFO - Filling up the DagBag from /home/airflow/.local/lib/python3.7/site-packages/airflow/example_dags/example_complex.py
[2022-11-16T14:28:18.599+0000] {logging_mixin.py:137} INFO - [2022-11-16T14:28:18.599+0000] {taskmixin.py:205} WARNING - Dependency <Task(BashOperator): create_entry_group>, delete_entry_group already registered for DAG: example_complex
[2022-11-16T14:28:18.600+0000] {logging_mixin.py:137} INFO - [2022-11-16T14:28:18.600+0000] {taskmixin.py:205} WARNING - Dependency <Task(BashOperator): delete_entry_group>, create_entry_group already registered for DAG: example_complex
[2022-11-16T14:28:18.600+0000] {logging_mixin.py:137} INFO - [2022-11-16T14:28:18.600+0000] {taskmixin.py:205} WARNING - Dependency <Task(BashOperator): create_entry_gcs>, delete_entry already registered for DAG: example_complex
[2022-11-16T14:28:18.600+0000] {logging_mixin.py:137} INFO - [2022-11-16T14:28:18.600+0000] {taskmixin.py:205} WARNING - Dependency <Task(BashOperator): delete_entry>, create_entry_gcs already registered for DAG: example_complex
[2022-11-16T14:28:18.601+0000] {logging_mixin.py:137} INFO - [2022-11-16T14:28:18.601+0000] {taskmixin.py:205} WARNING - Dependency <Task(BashOperator): create_tag>, delete_tag already registered for DAG: example_complex
[2022-11-16T14:28:18.601+0000] {logging_mixin.py:137} INFO - [2022-11-16T14:28:18.601+0000] {taskmixin.py:205} WARNING - Dependency <Task(BashOperator): delete_tag>, create_tag already registered for DAG: example_complex
[2022-11-16T14:28:18.621+0000] {processor.py:766} INFO - DAG(s) dict_keys(['example_complex']) retrieved from /home/airflow/.local/lib/python3.7/site-packages/airflow/example_dags/example_complex.py
[2022-11-16T14:28:18.712+0000] {logging_mixin.py:137} INFO - [2022-11-16T14:28:18.712+0000] {dag.py:2585} INFO - Sync 1 DAGs
[2022-11-16T14:28:18.751+0000] {logging_mixin.py:137} INFO - [2022-11-16T14:28:18.750+0000] {dag.py:3340} INFO - Setting next_dagrun for example_complex to None, run_after=None
[2022-11-16T14:28:18.781+0000] {processor.py:176} INFO - Processing /home/airflow/.local/lib/python3.7/site-packages/airflow/example_dags/example_complex.py took 0.210 seconds
[2022-11-16T14:28:49.680+0000] {processor.py:154} INFO - Started process (PID=428) to work on /home/airflow/.local/lib/python3.7/site-packages/airflow/example_dags/example_complex.py
[2022-11-16T14:28:49.681+0000] {processor.py:756} INFO - Processing file /home/airflow/.local/lib/python3.7/site-packages/airflow/example_dags/example_complex.py for tasks to queue
[2022-11-16T14:28:49.682+0000] {logging_mixin.py:137} INFO - [2022-11-16T14:28:49.682+0000] {dagbag.py:537} INFO - Filling up the DagBag from /home/airflow/.local/lib/python3.7/site-packages/airflow/example_dags/example_complex.py
[2022-11-16T14:28:49.715+0000] {logging_mixin.py:137} INFO - [2022-11-16T14:28:49.715+0000] {taskmixin.py:205} WARNING - Dependency <Task(BashOperator): create_entry_group>, delete_entry_group already registered for DAG: example_complex
[2022-11-16T14:28:49.716+0000] {logging_mixin.py:137} INFO - [2022-11-16T14:28:49.716+0000] {taskmixin.py:205} WARNING - Dependency <Task(BashOperator): delete_entry_group>, create_entry_group already registered for DAG: example_complex
[2022-11-16T14:28:49.716+0000] {logging_mixin.py:137} INFO - [2022-11-16T14:28:49.716+0000] {taskmixin.py:205} WARNING - Dependency <Task(BashOperator): create_entry_gcs>, delete_entry already registered for DAG: example_complex
[2022-11-16T14:28:49.717+0000] {logging_mixin.py:137} INFO - [2022-11-16T14:28:49.717+0000] {taskmixin.py:205} WARNING - Dependency <Task(BashOperator): delete_entry>, create_entry_gcs already registered for DAG: example_complex
[2022-11-16T14:28:49.718+0000] {logging_mixin.py:137} INFO - [2022-11-16T14:28:49.718+0000] {taskmixin.py:205} WARNING - Dependency <Task(BashOperator): create_tag>, delete_tag already registered for DAG: example_complex
[2022-11-16T14:28:49.718+0000] {logging_mixin.py:137} INFO - [2022-11-16T14:28:49.718+0000] {taskmixin.py:205} WARNING - Dependency <Task(BashOperator): delete_tag>, create_tag already registered for DAG: example_complex
[2022-11-16T14:28:49.743+0000] {processor.py:766} INFO - DAG(s) dict_keys(['example_complex']) retrieved from /home/airflow/.local/lib/python3.7/site-packages/airflow/example_dags/example_complex.py
[2022-11-16T14:28:49.857+0000] {logging_mixin.py:137} INFO - [2022-11-16T14:28:49.857+0000] {dag.py:2585} INFO - Sync 1 DAGs
[2022-11-16T14:28:49.939+0000] {logging_mixin.py:137} INFO - [2022-11-16T14:28:49.937+0000] {dag.py:3340} INFO - Setting next_dagrun for example_complex to None, run_after=None
[2022-11-16T14:28:50.004+0000] {processor.py:176} INFO - Processing /home/airflow/.local/lib/python3.7/site-packages/airflow/example_dags/example_complex.py took 0.330 seconds
[2022-11-16T14:29:21.411+0000] {processor.py:154} INFO - Started process (PID=629) to work on /home/airflow/.local/lib/python3.7/site-packages/airflow/example_dags/example_complex.py
[2022-11-16T14:29:21.414+0000] {processor.py:756} INFO - Processing file /home/airflow/.local/lib/python3.7/site-packages/airflow/example_dags/example_complex.py for tasks to queue
[2022-11-16T14:29:21.415+0000] {logging_mixin.py:137} INFO - [2022-11-16T14:29:21.415+0000] {dagbag.py:537} INFO - Filling up the DagBag from /home/airflow/.local/lib/python3.7/site-packages/airflow/example_dags/example_complex.py
[2022-11-16T14:29:21.442+0000] {logging_mixin.py:137} INFO - [2022-11-16T14:29:21.442+0000] {taskmixin.py:205} WARNING - Dependency <Task(BashOperator): create_entry_group>, delete_entry_group already registered for DAG: example_complex
[2022-11-16T14:29:21.443+0000] {logging_mixin.py:137} INFO - [2022-11-16T14:29:21.443+0000] {taskmixin.py:205} WARNING - Dependency <Task(BashOperator): delete_entry_group>, create_entry_group already registered for DAG: example_complex
[2022-11-16T14:29:21.443+0000] {logging_mixin.py:137} INFO - [2022-11-16T14:29:21.443+0000] {taskmixin.py:205} WARNING - Dependency <Task(BashOperator): create_entry_gcs>, delete_entry already registered for DAG: example_complex
[2022-11-16T14:29:21.444+0000] {logging_mixin.py:137} INFO - [2022-11-16T14:29:21.444+0000] {taskmixin.py:205} WARNING - Dependency <Task(BashOperator): delete_entry>, create_entry_gcs already registered for DAG: example_complex
[2022-11-16T14:29:21.445+0000] {logging_mixin.py:137} INFO - [2022-11-16T14:29:21.444+0000] {taskmixin.py:205} WARNING - Dependency <Task(BashOperator): create_tag>, delete_tag already registered for DAG: example_complex
[2022-11-16T14:29:21.445+0000] {logging_mixin.py:137} INFO - [2022-11-16T14:29:21.445+0000] {taskmixin.py:205} WARNING - Dependency <Task(BashOperator): delete_tag>, create_tag already registered for DAG: example_complex
[2022-11-16T14:29:21.463+0000] {processor.py:766} INFO - DAG(s) dict_keys(['example_complex']) retrieved from /home/airflow/.local/lib/python3.7/site-packages/airflow/example_dags/example_complex.py
[2022-11-16T14:29:21.565+0000] {logging_mixin.py:137} INFO - [2022-11-16T14:29:21.564+0000] {dag.py:2585} INFO - Sync 1 DAGs
[2022-11-16T14:29:21.633+0000] {logging_mixin.py:137} INFO - [2022-11-16T14:29:21.633+0000] {dag.py:3340} INFO - Setting next_dagrun for example_complex to None, run_after=None
[2022-11-16T14:29:21.685+0000] {processor.py:176} INFO - Processing /home/airflow/.local/lib/python3.7/site-packages/airflow/example_dags/example_complex.py took 0.280 seconds
[2022-11-16T14:29:52.062+0000] {processor.py:154} INFO - Started process (PID=829) to work on /home/airflow/.local/lib/python3.7/site-packages/airflow/example_dags/example_complex.py
[2022-11-16T14:29:52.063+0000] {processor.py:756} INFO - Processing file /home/airflow/.local/lib/python3.7/site-packages/airflow/example_dags/example_complex.py for tasks to queue
[2022-11-16T14:29:52.064+0000] {logging_mixin.py:137} INFO - [2022-11-16T14:29:52.064+0000] {dagbag.py:537} INFO - Filling up the DagBag from /home/airflow/.local/lib/python3.7/site-packages/airflow/example_dags/example_complex.py
[2022-11-16T14:29:52.082+0000] {logging_mixin.py:137} INFO - [2022-11-16T14:29:52.082+0000] {taskmixin.py:205} WARNING - Dependency <Task(BashOperator): create_entry_group>, delete_entry_group already registered for DAG: example_complex
[2022-11-16T14:29:52.083+0000] {logging_mixin.py:137} INFO - [2022-11-16T14:29:52.082+0000] {taskmixin.py:205} WARNING - Dependency <Task(BashOperator): delete_entry_group>, create_entry_group already registered for DAG: example_complex
[2022-11-16T14:29:52.083+0000] {logging_mixin.py:137} INFO - [2022-11-16T14:29:52.083+0000] {taskmixin.py:205} WARNING - Dependency <Task(BashOperator): create_entry_gcs>, delete_entry already registered for DAG: example_complex
[2022-11-16T14:29:52.083+0000] {logging_mixin.py:137} INFO - [2022-11-16T14:29:52.083+0000] {taskmixin.py:205} WARNING - Dependency <Task(BashOperator): delete_entry>, create_entry_gcs already registered for DAG: example_complex
[2022-11-16T14:29:52.084+0000] {logging_mixin.py:137} INFO - [2022-11-16T14:29:52.084+0000] {taskmixin.py:205} WARNING - Dependency <Task(BashOperator): create_tag>, delete_tag already registered for DAG: example_complex
[2022-11-16T14:29:52.084+0000] {logging_mixin.py:137} INFO - [2022-11-16T14:29:52.084+0000] {taskmixin.py:205} WARNING - Dependency <Task(BashOperator): delete_tag>, create_tag already registered for DAG: example_complex
[2022-11-16T14:29:52.096+0000] {processor.py:766} INFO - DAG(s) dict_keys(['example_complex']) retrieved from /home/airflow/.local/lib/python3.7/site-packages/airflow/example_dags/example_complex.py
[2022-11-16T14:29:52.158+0000] {logging_mixin.py:137} INFO - [2022-11-16T14:29:52.158+0000] {dag.py:2585} INFO - Sync 1 DAGs
[2022-11-16T14:29:52.194+0000] {logging_mixin.py:137} INFO - [2022-11-16T14:29:52.194+0000] {dag.py:3340} INFO - Setting next_dagrun for example_complex to None, run_after=None
[2022-11-16T14:29:52.225+0000] {processor.py:176} INFO - Processing /home/airflow/.local/lib/python3.7/site-packages/airflow/example_dags/example_complex.py took 0.167 seconds
[2022-11-16T14:30:23.351+0000] {processor.py:154} INFO - Started process (PID=1033) to work on /home/airflow/.local/lib/python3.7/site-packages/airflow/example_dags/example_complex.py
[2022-11-16T14:30:23.352+0000] {processor.py:756} INFO - Processing file /home/airflow/.local/lib/python3.7/site-packages/airflow/example_dags/example_complex.py for tasks to queue
[2022-11-16T14:30:23.353+0000] {logging_mixin.py:137} INFO - [2022-11-16T14:30:23.353+0000] {dagbag.py:537} INFO - Filling up the DagBag from /home/airflow/.local/lib/python3.7/site-packages/airflow/example_dags/example_complex.py
[2022-11-16T14:30:23.384+0000] {logging_mixin.py:137} INFO - [2022-11-16T14:30:23.384+0000] {taskmixin.py:205} WARNING - Dependency <Task(BashOperator): create_entry_group>, delete_entry_group already registered for DAG: example_complex
[2022-11-16T14:30:23.385+0000] {logging_mixin.py:137} INFO - [2022-11-16T14:30:23.384+0000] {taskmixin.py:205} WARNING - Dependency <Task(BashOperator): delete_entry_group>, create_entry_group already registered for DAG: example_complex
[2022-11-16T14:30:23.385+0000] {logging_mixin.py:137} INFO - [2022-11-16T14:30:23.385+0000] {taskmixin.py:205} WARNING - Dependency <Task(BashOperator): create_entry_gcs>, delete_entry already registered for DAG: example_complex
[2022-11-16T14:30:23.386+0000] {logging_mixin.py:137} INFO - [2022-11-16T14:30:23.386+0000] {taskmixin.py:205} WARNING - Dependency <Task(BashOperator): delete_entry>, create_entry_gcs already registered for DAG: example_complex
[2022-11-16T14:30:23.387+0000] {logging_mixin.py:137} INFO - [2022-11-16T14:30:23.387+0000] {taskmixin.py:205} WARNING - Dependency <Task(BashOperator): create_tag>, delete_tag already registered for DAG: example_complex
[2022-11-16T14:30:23.387+0000] {logging_mixin.py:137} INFO - [2022-11-16T14:30:23.387+0000] {taskmixin.py:205} WARNING - Dependency <Task(BashOperator): delete_tag>, create_tag already registered for DAG: example_complex
[2022-11-16T14:30:23.407+0000] {processor.py:766} INFO - DAG(s) dict_keys(['example_complex']) retrieved from /home/airflow/.local/lib/python3.7/site-packages/airflow/example_dags/example_complex.py
[2022-11-16T14:30:23.541+0000] {logging_mixin.py:137} INFO - [2022-11-16T14:30:23.541+0000] {dag.py:2585} INFO - Sync 1 DAGs
[2022-11-16T14:30:23.660+0000] {logging_mixin.py:137} INFO - [2022-11-16T14:30:23.660+0000] {dag.py:3340} INFO - Setting next_dagrun for example_complex to None, run_after=None
[2022-11-16T14:30:23.710+0000] {processor.py:176} INFO - Processing /home/airflow/.local/lib/python3.7/site-packages/airflow/example_dags/example_complex.py took 0.364 seconds
[2022-11-16T14:30:53.999+0000] {processor.py:154} INFO - Started process (PID=1230) to work on /home/airflow/.local/lib/python3.7/site-packages/airflow/example_dags/example_complex.py
[2022-11-16T14:30:53.999+0000] {processor.py:756} INFO - Processing file /home/airflow/.local/lib/python3.7/site-packages/airflow/example_dags/example_complex.py for tasks to queue
[2022-11-16T14:30:54.000+0000] {logging_mixin.py:137} INFO - [2022-11-16T14:30:54.000+0000] {dagbag.py:537} INFO - Filling up the DagBag from /home/airflow/.local/lib/python3.7/site-packages/airflow/example_dags/example_complex.py
[2022-11-16T14:30:54.016+0000] {logging_mixin.py:137} INFO - [2022-11-16T14:30:54.016+0000] {taskmixin.py:205} WARNING - Dependency <Task(BashOperator): create_entry_group>, delete_entry_group already registered for DAG: example_complex
[2022-11-16T14:30:54.017+0000] {logging_mixin.py:137} INFO - [2022-11-16T14:30:54.017+0000] {taskmixin.py:205} WARNING - Dependency <Task(BashOperator): delete_entry_group>, create_entry_group already registered for DAG: example_complex
[2022-11-16T14:30:54.017+0000] {logging_mixin.py:137} INFO - [2022-11-16T14:30:54.017+0000] {taskmixin.py:205} WARNING - Dependency <Task(BashOperator): create_entry_gcs>, delete_entry already registered for DAG: example_complex
[2022-11-16T14:30:54.017+0000] {logging_mixin.py:137} INFO - [2022-11-16T14:30:54.017+0000] {taskmixin.py:205} WARNING - Dependency <Task(BashOperator): delete_entry>, create_entry_gcs already registered for DAG: example_complex
[2022-11-16T14:30:54.018+0000] {logging_mixin.py:137} INFO - [2022-11-16T14:30:54.018+0000] {taskmixin.py:205} WARNING - Dependency <Task(BashOperator): create_tag>, delete_tag already registered for DAG: example_complex
[2022-11-16T14:30:54.018+0000] {logging_mixin.py:137} INFO - [2022-11-16T14:30:54.018+0000] {taskmixin.py:205} WARNING - Dependency <Task(BashOperator): delete_tag>, create_tag already registered for DAG: example_complex
[2022-11-16T14:30:54.029+0000] {processor.py:766} INFO - DAG(s) dict_keys(['example_complex']) retrieved from /home/airflow/.local/lib/python3.7/site-packages/airflow/example_dags/example_complex.py
[2022-11-16T14:30:54.092+0000] {logging_mixin.py:137} INFO - [2022-11-16T14:30:54.091+0000] {dag.py:2585} INFO - Sync 1 DAGs
[2022-11-16T14:30:54.125+0000] {logging_mixin.py:137} INFO - [2022-11-16T14:30:54.125+0000] {dag.py:3340} INFO - Setting next_dagrun for example_complex to None, run_after=None
[2022-11-16T14:30:54.152+0000] {processor.py:176} INFO - Processing /home/airflow/.local/lib/python3.7/site-packages/airflow/example_dags/example_complex.py took 0.158 seconds
[2022-11-16T14:31:24.645+0000] {processor.py:154} INFO - Started process (PID=1436) to work on /home/airflow/.local/lib/python3.7/site-packages/airflow/example_dags/example_complex.py
[2022-11-16T14:31:24.646+0000] {processor.py:756} INFO - Processing file /home/airflow/.local/lib/python3.7/site-packages/airflow/example_dags/example_complex.py for tasks to queue
[2022-11-16T14:31:24.647+0000] {logging_mixin.py:137} INFO - [2022-11-16T14:31:24.647+0000] {dagbag.py:537} INFO - Filling up the DagBag from /home/airflow/.local/lib/python3.7/site-packages/airflow/example_dags/example_complex.py
[2022-11-16T14:31:24.674+0000] {logging_mixin.py:137} INFO - [2022-11-16T14:31:24.673+0000] {taskmixin.py:205} WARNING - Dependency <Task(BashOperator): create_entry_group>, delete_entry_group already registered for DAG: example_complex
[2022-11-16T14:31:24.674+0000] {logging_mixin.py:137} INFO - [2022-11-16T14:31:24.674+0000] {taskmixin.py:205} WARNING - Dependency <Task(BashOperator): delete_entry_group>, create_entry_group already registered for DAG: example_complex
[2022-11-16T14:31:24.675+0000] {logging_mixin.py:137} INFO - [2022-11-16T14:31:24.675+0000] {taskmixin.py:205} WARNING - Dependency <Task(BashOperator): create_entry_gcs>, delete_entry already registered for DAG: example_complex
[2022-11-16T14:31:24.675+0000] {logging_mixin.py:137} INFO - [2022-11-16T14:31:24.675+0000] {taskmixin.py:205} WARNING - Dependency <Task(BashOperator): delete_entry>, create_entry_gcs already registered for DAG: example_complex
[2022-11-16T14:31:24.676+0000] {logging_mixin.py:137} INFO - [2022-11-16T14:31:24.676+0000] {taskmixin.py:205} WARNING - Dependency <Task(BashOperator): create_tag>, delete_tag already registered for DAG: example_complex
[2022-11-16T14:31:24.677+0000] {logging_mixin.py:137} INFO - [2022-11-16T14:31:24.676+0000] {taskmixin.py:205} WARNING - Dependency <Task(BashOperator): delete_tag>, create_tag already registered for DAG: example_complex
[2022-11-16T14:31:24.693+0000] {processor.py:766} INFO - DAG(s) dict_keys(['example_complex']) retrieved from /home/airflow/.local/lib/python3.7/site-packages/airflow/example_dags/example_complex.py
[2022-11-16T14:31:24.775+0000] {logging_mixin.py:137} INFO - [2022-11-16T14:31:24.775+0000] {dag.py:2585} INFO - Sync 1 DAGs
[2022-11-16T14:31:24.832+0000] {logging_mixin.py:137} INFO - [2022-11-16T14:31:24.832+0000] {dag.py:3340} INFO - Setting next_dagrun for example_complex to None, run_after=None
[2022-11-16T14:31:24.895+0000] {processor.py:176} INFO - Processing /home/airflow/.local/lib/python3.7/site-packages/airflow/example_dags/example_complex.py took 0.254 seconds
[2022-11-16T14:31:56.232+0000] {processor.py:154} INFO - Started process (PID=1636) to work on /home/airflow/.local/lib/python3.7/site-packages/airflow/example_dags/example_complex.py
[2022-11-16T14:31:56.233+0000] {processor.py:756} INFO - Processing file /home/airflow/.local/lib/python3.7/site-packages/airflow/example_dags/example_complex.py for tasks to queue
[2022-11-16T14:31:56.235+0000] {logging_mixin.py:137} INFO - [2022-11-16T14:31:56.235+0000] {dagbag.py:537} INFO - Filling up the DagBag from /home/airflow/.local/lib/python3.7/site-packages/airflow/example_dags/example_complex.py
[2022-11-16T14:31:56.262+0000] {logging_mixin.py:137} INFO - [2022-11-16T14:31:56.262+0000] {taskmixin.py:205} WARNING - Dependency <Task(BashOperator): create_entry_group>, delete_entry_group already registered for DAG: example_complex
[2022-11-16T14:31:56.262+0000] {logging_mixin.py:137} INFO - [2022-11-16T14:31:56.262+0000] {taskmixin.py:205} WARNING - Dependency <Task(BashOperator): delete_entry_group>, create_entry_group already registered for DAG: example_complex
[2022-11-16T14:31:56.264+0000] {logging_mixin.py:137} INFO - [2022-11-16T14:31:56.263+0000] {taskmixin.py:205} WARNING - Dependency <Task(BashOperator): create_entry_gcs>, delete_entry already registered for DAG: example_complex
[2022-11-16T14:31:56.265+0000] {logging_mixin.py:137} INFO - [2022-11-16T14:31:56.264+0000] {taskmixin.py:205} WARNING - Dependency <Task(BashOperator): delete_entry>, create_entry_gcs already registered for DAG: example_complex
[2022-11-16T14:31:56.266+0000] {logging_mixin.py:137} INFO - [2022-11-16T14:31:56.265+0000] {taskmixin.py:205} WARNING - Dependency <Task(BashOperator): create_tag>, delete_tag already registered for DAG: example_complex
[2022-11-16T14:31:56.266+0000] {logging_mixin.py:137} INFO - [2022-11-16T14:31:56.266+0000] {taskmixin.py:205} WARNING - Dependency <Task(BashOperator): delete_tag>, create_tag already registered for DAG: example_complex
[2022-11-16T14:31:56.285+0000] {processor.py:766} INFO - DAG(s) dict_keys(['example_complex']) retrieved from /home/airflow/.local/lib/python3.7/site-packages/airflow/example_dags/example_complex.py
[2022-11-16T14:31:56.394+0000] {logging_mixin.py:137} INFO - [2022-11-16T14:31:56.393+0000] {dag.py:2585} INFO - Sync 1 DAGs
[2022-11-16T14:31:56.457+0000] {logging_mixin.py:137} INFO - [2022-11-16T14:31:56.457+0000] {dag.py:3340} INFO - Setting next_dagrun for example_complex to None, run_after=None
[2022-11-16T14:31:56.500+0000] {processor.py:176} INFO - Processing /home/airflow/.local/lib/python3.7/site-packages/airflow/example_dags/example_complex.py took 0.273 seconds
[2022-11-16T14:32:27.163+0000] {processor.py:154} INFO - Started process (PID=1838) to work on /home/airflow/.local/lib/python3.7/site-packages/airflow/example_dags/example_complex.py
[2022-11-16T14:32:27.164+0000] {processor.py:756} INFO - Processing file /home/airflow/.local/lib/python3.7/site-packages/airflow/example_dags/example_complex.py for tasks to queue
[2022-11-16T14:32:27.165+0000] {logging_mixin.py:137} INFO - [2022-11-16T14:32:27.165+0000] {dagbag.py:537} INFO - Filling up the DagBag from /home/airflow/.local/lib/python3.7/site-packages/airflow/example_dags/example_complex.py
[2022-11-16T14:32:27.209+0000] {logging_mixin.py:137} INFO - [2022-11-16T14:32:27.209+0000] {taskmixin.py:205} WARNING - Dependency <Task(BashOperator): create_entry_group>, delete_entry_group already registered for DAG: example_complex
[2022-11-16T14:32:27.210+0000] {logging_mixin.py:137} INFO - [2022-11-16T14:32:27.210+0000] {taskmixin.py:205} WARNING - Dependency <Task(BashOperator): delete_entry_group>, create_entry_group already registered for DAG: example_complex
[2022-11-16T14:32:27.210+0000] {logging_mixin.py:137} INFO - [2022-11-16T14:32:27.210+0000] {taskmixin.py:205} WARNING - Dependency <Task(BashOperator): create_entry_gcs>, delete_entry already registered for DAG: example_complex
[2022-11-16T14:32:27.211+0000] {logging_mixin.py:137} INFO - [2022-11-16T14:32:27.211+0000] {taskmixin.py:205} WARNING - Dependency <Task(BashOperator): delete_entry>, create_entry_gcs already registered for DAG: example_complex
[2022-11-16T14:32:27.212+0000] {logging_mixin.py:137} INFO - [2022-11-16T14:32:27.212+0000] {taskmixin.py:205} WARNING - Dependency <Task(BashOperator): create_tag>, delete_tag already registered for DAG: example_complex
[2022-11-16T14:32:27.212+0000] {logging_mixin.py:137} INFO - [2022-11-16T14:32:27.212+0000] {taskmixin.py:205} WARNING - Dependency <Task(BashOperator): delete_tag>, create_tag already registered for DAG: example_complex
[2022-11-16T14:32:27.248+0000] {processor.py:766} INFO - DAG(s) dict_keys(['example_complex']) retrieved from /home/airflow/.local/lib/python3.7/site-packages/airflow/example_dags/example_complex.py
[2022-11-16T14:32:27.363+0000] {logging_mixin.py:137} INFO - [2022-11-16T14:32:27.363+0000] {dag.py:2585} INFO - Sync 1 DAGs
[2022-11-16T14:32:27.497+0000] {logging_mixin.py:137} INFO - [2022-11-16T14:32:27.496+0000] {dag.py:3340} INFO - Setting next_dagrun for example_complex to None, run_after=None
[2022-11-16T14:32:27.563+0000] {processor.py:176} INFO - Processing /home/airflow/.local/lib/python3.7/site-packages/airflow/example_dags/example_complex.py took 0.404 seconds
[2022-11-16T14:32:57.891+0000] {processor.py:154} INFO - Started process (PID=2037) to work on /home/airflow/.local/lib/python3.7/site-packages/airflow/example_dags/example_complex.py
[2022-11-16T14:32:57.892+0000] {processor.py:756} INFO - Processing file /home/airflow/.local/lib/python3.7/site-packages/airflow/example_dags/example_complex.py for tasks to queue
[2022-11-16T14:32:57.892+0000] {logging_mixin.py:137} INFO - [2022-11-16T14:32:57.892+0000] {dagbag.py:537} INFO - Filling up the DagBag from /home/airflow/.local/lib/python3.7/site-packages/airflow/example_dags/example_complex.py
[2022-11-16T14:32:57.913+0000] {logging_mixin.py:137} INFO - [2022-11-16T14:32:57.913+0000] {taskmixin.py:205} WARNING - Dependency <Task(BashOperator): create_entry_group>, delete_entry_group already registered for DAG: example_complex
[2022-11-16T14:32:57.914+0000] {logging_mixin.py:137} INFO - [2022-11-16T14:32:57.914+0000] {taskmixin.py:205} WARNING - Dependency <Task(BashOperator): delete_entry_group>, create_entry_group already registered for DAG: example_complex
[2022-11-16T14:32:57.915+0000] {logging_mixin.py:137} INFO - [2022-11-16T14:32:57.914+0000] {taskmixin.py:205} WARNING - Dependency <Task(BashOperator): create_entry_gcs>, delete_entry already registered for DAG: example_complex
[2022-11-16T14:32:57.915+0000] {logging_mixin.py:137} INFO - [2022-11-16T14:32:57.915+0000] {taskmixin.py:205} WARNING - Dependency <Task(BashOperator): delete_entry>, create_entry_gcs already registered for DAG: example_complex
[2022-11-16T14:32:57.916+0000] {logging_mixin.py:137} INFO - [2022-11-16T14:32:57.916+0000] {taskmixin.py:205} WARNING - Dependency <Task(BashOperator): create_tag>, delete_tag already registered for DAG: example_complex
[2022-11-16T14:32:57.917+0000] {logging_mixin.py:137} INFO - [2022-11-16T14:32:57.916+0000] {taskmixin.py:205} WARNING - Dependency <Task(BashOperator): delete_tag>, create_tag already registered for DAG: example_complex
[2022-11-16T14:32:57.932+0000] {processor.py:766} INFO - DAG(s) dict_keys(['example_complex']) retrieved from /home/airflow/.local/lib/python3.7/site-packages/airflow/example_dags/example_complex.py
[2022-11-16T14:32:58.033+0000] {logging_mixin.py:137} INFO - [2022-11-16T14:32:58.033+0000] {dag.py:2585} INFO - Sync 1 DAGs
[2022-11-16T14:32:58.102+0000] {logging_mixin.py:137} INFO - [2022-11-16T14:32:58.102+0000] {dag.py:3340} INFO - Setting next_dagrun for example_complex to None, run_after=None
[2022-11-16T14:32:58.148+0000] {processor.py:176} INFO - Processing /home/airflow/.local/lib/python3.7/site-packages/airflow/example_dags/example_complex.py took 0.264 seconds
[2022-11-16T14:33:28.780+0000] {processor.py:154} INFO - Started process (PID=2237) to work on /home/airflow/.local/lib/python3.7/site-packages/airflow/example_dags/example_complex.py
[2022-11-16T14:33:28.781+0000] {processor.py:756} INFO - Processing file /home/airflow/.local/lib/python3.7/site-packages/airflow/example_dags/example_complex.py for tasks to queue
[2022-11-16T14:33:28.782+0000] {logging_mixin.py:137} INFO - [2022-11-16T14:33:28.782+0000] {dagbag.py:537} INFO - Filling up the DagBag from /home/airflow/.local/lib/python3.7/site-packages/airflow/example_dags/example_complex.py
[2022-11-16T14:33:28.800+0000] {logging_mixin.py:137} INFO - [2022-11-16T14:33:28.800+0000] {taskmixin.py:205} WARNING - Dependency <Task(BashOperator): create_entry_group>, delete_entry_group already registered for DAG: example_complex
[2022-11-16T14:33:28.800+0000] {logging_mixin.py:137} INFO - [2022-11-16T14:33:28.800+0000] {taskmixin.py:205} WARNING - Dependency <Task(BashOperator): delete_entry_group>, create_entry_group already registered for DAG: example_complex
[2022-11-16T14:33:28.801+0000] {logging_mixin.py:137} INFO - [2022-11-16T14:33:28.801+0000] {taskmixin.py:205} WARNING - Dependency <Task(BashOperator): create_entry_gcs>, delete_entry already registered for DAG: example_complex
[2022-11-16T14:33:28.801+0000] {logging_mixin.py:137} INFO - [2022-11-16T14:33:28.801+0000] {taskmixin.py:205} WARNING - Dependency <Task(BashOperator): delete_entry>, create_entry_gcs already registered for DAG: example_complex
[2022-11-16T14:33:28.802+0000] {logging_mixin.py:137} INFO - [2022-11-16T14:33:28.802+0000] {taskmixin.py:205} WARNING - Dependency <Task(BashOperator): create_tag>, delete_tag already registered for DAG: example_complex
[2022-11-16T14:33:28.802+0000] {logging_mixin.py:137} INFO - [2022-11-16T14:33:28.802+0000] {taskmixin.py:205} WARNING - Dependency <Task(BashOperator): delete_tag>, create_tag already registered for DAG: example_complex
[2022-11-16T14:33:28.813+0000] {processor.py:766} INFO - DAG(s) dict_keys(['example_complex']) retrieved from /home/airflow/.local/lib/python3.7/site-packages/airflow/example_dags/example_complex.py
[2022-11-16T14:33:28.887+0000] {logging_mixin.py:137} INFO - [2022-11-16T14:33:28.886+0000] {dag.py:2585} INFO - Sync 1 DAGs
[2022-11-16T14:33:28.933+0000] {logging_mixin.py:137} INFO - [2022-11-16T14:33:28.933+0000] {dag.py:3340} INFO - Setting next_dagrun for example_complex to None, run_after=None
[2022-11-16T14:33:28.964+0000] {processor.py:176} INFO - Processing /home/airflow/.local/lib/python3.7/site-packages/airflow/example_dags/example_complex.py took 0.189 seconds
[2022-11-16T14:33:59.884+0000] {processor.py:154} INFO - Started process (PID=2441) to work on /home/airflow/.local/lib/python3.7/site-packages/airflow/example_dags/example_complex.py
[2022-11-16T14:33:59.885+0000] {processor.py:756} INFO - Processing file /home/airflow/.local/lib/python3.7/site-packages/airflow/example_dags/example_complex.py for tasks to queue
[2022-11-16T14:33:59.887+0000] {logging_mixin.py:137} INFO - [2022-11-16T14:33:59.886+0000] {dagbag.py:537} INFO - Filling up the DagBag from /home/airflow/.local/lib/python3.7/site-packages/airflow/example_dags/example_complex.py
[2022-11-16T14:33:59.907+0000] {logging_mixin.py:137} INFO - [2022-11-16T14:33:59.907+0000] {taskmixin.py:205} WARNING - Dependency <Task(BashOperator): create_entry_group>, delete_entry_group already registered for DAG: example_complex
[2022-11-16T14:33:59.908+0000] {logging_mixin.py:137} INFO - [2022-11-16T14:33:59.907+0000] {taskmixin.py:205} WARNING - Dependency <Task(BashOperator): delete_entry_group>, create_entry_group already registered for DAG: example_complex
[2022-11-16T14:33:59.908+0000] {logging_mixin.py:137} INFO - [2022-11-16T14:33:59.908+0000] {taskmixin.py:205} WARNING - Dependency <Task(BashOperator): create_entry_gcs>, delete_entry already registered for DAG: example_complex
[2022-11-16T14:33:59.908+0000] {logging_mixin.py:137} INFO - [2022-11-16T14:33:59.908+0000] {taskmixin.py:205} WARNING - Dependency <Task(BashOperator): delete_entry>, create_entry_gcs already registered for DAG: example_complex
[2022-11-16T14:33:59.909+0000] {logging_mixin.py:137} INFO - [2022-11-16T14:33:59.909+0000] {taskmixin.py:205} WARNING - Dependency <Task(BashOperator): create_tag>, delete_tag already registered for DAG: example_complex
[2022-11-16T14:33:59.909+0000] {logging_mixin.py:137} INFO - [2022-11-16T14:33:59.909+0000] {taskmixin.py:205} WARNING - Dependency <Task(BashOperator): delete_tag>, create_tag already registered for DAG: example_complex
[2022-11-16T14:33:59.921+0000] {processor.py:766} INFO - DAG(s) dict_keys(['example_complex']) retrieved from /home/airflow/.local/lib/python3.7/site-packages/airflow/example_dags/example_complex.py
[2022-11-16T14:34:00.003+0000] {logging_mixin.py:137} INFO - [2022-11-16T14:34:00.003+0000] {dag.py:2585} INFO - Sync 1 DAGs
[2022-11-16T14:34:00.051+0000] {logging_mixin.py:137} INFO - [2022-11-16T14:34:00.051+0000] {dag.py:3340} INFO - Setting next_dagrun for example_complex to None, run_after=None
[2022-11-16T14:34:00.092+0000] {processor.py:176} INFO - Processing /home/airflow/.local/lib/python3.7/site-packages/airflow/example_dags/example_complex.py took 0.212 seconds
[2022-11-16T14:34:30.896+0000] {processor.py:154} INFO - Started process (PID=2659) to work on /home/airflow/.local/lib/python3.7/site-packages/airflow/example_dags/example_complex.py
[2022-11-16T14:34:30.897+0000] {processor.py:756} INFO - Processing file /home/airflow/.local/lib/python3.7/site-packages/airflow/example_dags/example_complex.py for tasks to queue
[2022-11-16T14:34:30.898+0000] {logging_mixin.py:137} INFO - [2022-11-16T14:34:30.897+0000] {dagbag.py:537} INFO - Filling up the DagBag from /home/airflow/.local/lib/python3.7/site-packages/airflow/example_dags/example_complex.py
[2022-11-16T14:34:30.920+0000] {logging_mixin.py:137} INFO - [2022-11-16T14:34:30.920+0000] {taskmixin.py:205} WARNING - Dependency <Task(BashOperator): create_entry_group>, delete_entry_group already registered for DAG: example_complex
[2022-11-16T14:34:30.920+0000] {logging_mixin.py:137} INFO - [2022-11-16T14:34:30.920+0000] {taskmixin.py:205} WARNING - Dependency <Task(BashOperator): delete_entry_group>, create_entry_group already registered for DAG: example_complex
[2022-11-16T14:34:30.920+0000] {logging_mixin.py:137} INFO - [2022-11-16T14:34:30.920+0000] {taskmixin.py:205} WARNING - Dependency <Task(BashOperator): create_entry_gcs>, delete_entry already registered for DAG: example_complex
[2022-11-16T14:34:30.921+0000] {logging_mixin.py:137} INFO - [2022-11-16T14:34:30.921+0000] {taskmixin.py:205} WARNING - Dependency <Task(BashOperator): delete_entry>, create_entry_gcs already registered for DAG: example_complex
[2022-11-16T14:34:30.921+0000] {logging_mixin.py:137} INFO - [2022-11-16T14:34:30.921+0000] {taskmixin.py:205} WARNING - Dependency <Task(BashOperator): create_tag>, delete_tag already registered for DAG: example_complex
[2022-11-16T14:34:30.921+0000] {logging_mixin.py:137} INFO - [2022-11-16T14:34:30.921+0000] {taskmixin.py:205} WARNING - Dependency <Task(BashOperator): delete_tag>, create_tag already registered for DAG: example_complex
[2022-11-16T14:34:30.933+0000] {processor.py:766} INFO - DAG(s) dict_keys(['example_complex']) retrieved from /home/airflow/.local/lib/python3.7/site-packages/airflow/example_dags/example_complex.py
[2022-11-16T14:34:31.004+0000] {logging_mixin.py:137} INFO - [2022-11-16T14:34:31.004+0000] {dag.py:2585} INFO - Sync 1 DAGs
[2022-11-16T14:34:31.043+0000] {logging_mixin.py:137} INFO - [2022-11-16T14:34:31.043+0000] {dag.py:3340} INFO - Setting next_dagrun for example_complex to None, run_after=None
[2022-11-16T14:34:31.074+0000] {processor.py:176} INFO - Processing /home/airflow/.local/lib/python3.7/site-packages/airflow/example_dags/example_complex.py took 0.182 seconds
[2022-11-16T14:35:02.401+0000] {processor.py:154} INFO - Started process (PID=2868) to work on /home/airflow/.local/lib/python3.7/site-packages/airflow/example_dags/example_complex.py
[2022-11-16T14:35:02.403+0000] {processor.py:756} INFO - Processing file /home/airflow/.local/lib/python3.7/site-packages/airflow/example_dags/example_complex.py for tasks to queue
[2022-11-16T14:35:02.404+0000] {logging_mixin.py:137} INFO - [2022-11-16T14:35:02.403+0000] {dagbag.py:537} INFO - Filling up the DagBag from /home/airflow/.local/lib/python3.7/site-packages/airflow/example_dags/example_complex.py
[2022-11-16T14:35:02.446+0000] {logging_mixin.py:137} INFO - [2022-11-16T14:35:02.438+0000] {taskmixin.py:205} WARNING - Dependency <Task(BashOperator): create_entry_group>, delete_entry_group already registered for DAG: example_complex
[2022-11-16T14:35:02.446+0000] {logging_mixin.py:137} INFO - [2022-11-16T14:35:02.446+0000] {taskmixin.py:205} WARNING - Dependency <Task(BashOperator): delete_entry_group>, create_entry_group already registered for DAG: example_complex
[2022-11-16T14:35:02.447+0000] {logging_mixin.py:137} INFO - [2022-11-16T14:35:02.447+0000] {taskmixin.py:205} WARNING - Dependency <Task(BashOperator): create_entry_gcs>, delete_entry already registered for DAG: example_complex
[2022-11-16T14:35:02.447+0000] {logging_mixin.py:137} INFO - [2022-11-16T14:35:02.447+0000] {taskmixin.py:205} WARNING - Dependency <Task(BashOperator): delete_entry>, create_entry_gcs already registered for DAG: example_complex
[2022-11-16T14:35:02.448+0000] {logging_mixin.py:137} INFO - [2022-11-16T14:35:02.448+0000] {taskmixin.py:205} WARNING - Dependency <Task(BashOperator): create_tag>, delete_tag already registered for DAG: example_complex
[2022-11-16T14:35:02.449+0000] {logging_mixin.py:137} INFO - [2022-11-16T14:35:02.448+0000] {taskmixin.py:205} WARNING - Dependency <Task(BashOperator): delete_tag>, create_tag already registered for DAG: example_complex
[2022-11-16T14:35:02.471+0000] {processor.py:766} INFO - DAG(s) dict_keys(['example_complex']) retrieved from /home/airflow/.local/lib/python3.7/site-packages/airflow/example_dags/example_complex.py
[2022-11-16T14:35:02.610+0000] {logging_mixin.py:137} INFO - [2022-11-16T14:35:02.609+0000] {dag.py:2585} INFO - Sync 1 DAGs
[2022-11-16T14:35:02.697+0000] {logging_mixin.py:137} INFO - [2022-11-16T14:35:02.697+0000] {dag.py:3340} INFO - Setting next_dagrun for example_complex to None, run_after=None
[2022-11-16T14:35:02.778+0000] {processor.py:176} INFO - Processing /home/airflow/.local/lib/python3.7/site-packages/airflow/example_dags/example_complex.py took 0.382 seconds
[2022-11-16T14:35:33.065+0000] {processor.py:154} INFO - Started process (PID=3059) to work on /home/airflow/.local/lib/python3.7/site-packages/airflow/example_dags/example_complex.py
[2022-11-16T14:35:33.066+0000] {processor.py:756} INFO - Processing file /home/airflow/.local/lib/python3.7/site-packages/airflow/example_dags/example_complex.py for tasks to queue
[2022-11-16T14:35:33.067+0000] {logging_mixin.py:137} INFO - [2022-11-16T14:35:33.067+0000] {dagbag.py:537} INFO - Filling up the DagBag from /home/airflow/.local/lib/python3.7/site-packages/airflow/example_dags/example_complex.py
[2022-11-16T14:35:33.085+0000] {logging_mixin.py:137} INFO - [2022-11-16T14:35:33.084+0000] {taskmixin.py:205} WARNING - Dependency <Task(BashOperator): create_entry_group>, delete_entry_group already registered for DAG: example_complex
[2022-11-16T14:35:33.085+0000] {logging_mixin.py:137} INFO - [2022-11-16T14:35:33.085+0000] {taskmixin.py:205} WARNING - Dependency <Task(BashOperator): delete_entry_group>, create_entry_group already registered for DAG: example_complex
[2022-11-16T14:35:33.085+0000] {logging_mixin.py:137} INFO - [2022-11-16T14:35:33.085+0000] {taskmixin.py:205} WARNING - Dependency <Task(BashOperator): create_entry_gcs>, delete_entry already registered for DAG: example_complex
[2022-11-16T14:35:33.085+0000] {logging_mixin.py:137} INFO - [2022-11-16T14:35:33.085+0000] {taskmixin.py:205} WARNING - Dependency <Task(BashOperator): delete_entry>, create_entry_gcs already registered for DAG: example_complex
[2022-11-16T14:35:33.086+0000] {logging_mixin.py:137} INFO - [2022-11-16T14:35:33.086+0000] {taskmixin.py:205} WARNING - Dependency <Task(BashOperator): create_tag>, delete_tag already registered for DAG: example_complex
[2022-11-16T14:35:33.087+0000] {logging_mixin.py:137} INFO - [2022-11-16T14:35:33.087+0000] {taskmixin.py:205} WARNING - Dependency <Task(BashOperator): delete_tag>, create_tag already registered for DAG: example_complex
[2022-11-16T14:35:33.101+0000] {processor.py:766} INFO - DAG(s) dict_keys(['example_complex']) retrieved from /home/airflow/.local/lib/python3.7/site-packages/airflow/example_dags/example_complex.py
[2022-11-16T14:35:33.193+0000] {logging_mixin.py:137} INFO - [2022-11-16T14:35:33.193+0000] {dag.py:2585} INFO - Sync 1 DAGs
[2022-11-16T14:35:33.253+0000] {logging_mixin.py:137} INFO - [2022-11-16T14:35:33.252+0000] {dag.py:3340} INFO - Setting next_dagrun for example_complex to None, run_after=None
[2022-11-16T14:35:33.348+0000] {processor.py:176} INFO - Processing /home/airflow/.local/lib/python3.7/site-packages/airflow/example_dags/example_complex.py took 0.288 seconds
[2022-11-16T14:36:04.480+0000] {processor.py:154} INFO - Started process (PID=3258) to work on /home/airflow/.local/lib/python3.7/site-packages/airflow/example_dags/example_complex.py
[2022-11-16T14:36:04.481+0000] {processor.py:756} INFO - Processing file /home/airflow/.local/lib/python3.7/site-packages/airflow/example_dags/example_complex.py for tasks to queue
[2022-11-16T14:36:04.482+0000] {logging_mixin.py:137} INFO - [2022-11-16T14:36:04.482+0000] {dagbag.py:537} INFO - Filling up the DagBag from /home/airflow/.local/lib/python3.7/site-packages/airflow/example_dags/example_complex.py
[2022-11-16T14:36:04.499+0000] {logging_mixin.py:137} INFO - [2022-11-16T14:36:04.499+0000] {taskmixin.py:205} WARNING - Dependency <Task(BashOperator): create_entry_group>, delete_entry_group already registered for DAG: example_complex
[2022-11-16T14:36:04.499+0000] {logging_mixin.py:137} INFO - [2022-11-16T14:36:04.499+0000] {taskmixin.py:205} WARNING - Dependency <Task(BashOperator): delete_entry_group>, create_entry_group already registered for DAG: example_complex
[2022-11-16T14:36:04.499+0000] {logging_mixin.py:137} INFO - [2022-11-16T14:36:04.499+0000] {taskmixin.py:205} WARNING - Dependency <Task(BashOperator): create_entry_gcs>, delete_entry already registered for DAG: example_complex
[2022-11-16T14:36:04.500+0000] {logging_mixin.py:137} INFO - [2022-11-16T14:36:04.499+0000] {taskmixin.py:205} WARNING - Dependency <Task(BashOperator): delete_entry>, create_entry_gcs already registered for DAG: example_complex
[2022-11-16T14:36:04.500+0000] {logging_mixin.py:137} INFO - [2022-11-16T14:36:04.500+0000] {taskmixin.py:205} WARNING - Dependency <Task(BashOperator): create_tag>, delete_tag already registered for DAG: example_complex
[2022-11-16T14:36:04.500+0000] {logging_mixin.py:137} INFO - [2022-11-16T14:36:04.500+0000] {taskmixin.py:205} WARNING - Dependency <Task(BashOperator): delete_tag>, create_tag already registered for DAG: example_complex
[2022-11-16T14:36:04.513+0000] {processor.py:766} INFO - DAG(s) dict_keys(['example_complex']) retrieved from /home/airflow/.local/lib/python3.7/site-packages/airflow/example_dags/example_complex.py
[2022-11-16T14:36:04.591+0000] {logging_mixin.py:137} INFO - [2022-11-16T14:36:04.591+0000] {dag.py:2585} INFO - Sync 1 DAGs
[2022-11-16T14:36:04.632+0000] {logging_mixin.py:137} INFO - [2022-11-16T14:36:04.632+0000] {dag.py:3340} INFO - Setting next_dagrun for example_complex to None, run_after=None
[2022-11-16T14:36:04.662+0000] {processor.py:176} INFO - Processing /home/airflow/.local/lib/python3.7/site-packages/airflow/example_dags/example_complex.py took 0.186 seconds
[2022-11-16T14:36:35.349+0000] {processor.py:154} INFO - Started process (PID=3462) to work on /home/airflow/.local/lib/python3.7/site-packages/airflow/example_dags/example_complex.py
[2022-11-16T14:36:35.350+0000] {processor.py:756} INFO - Processing file /home/airflow/.local/lib/python3.7/site-packages/airflow/example_dags/example_complex.py for tasks to queue
[2022-11-16T14:36:35.352+0000] {logging_mixin.py:137} INFO - [2022-11-16T14:36:35.352+0000] {dagbag.py:537} INFO - Filling up the DagBag from /home/airflow/.local/lib/python3.7/site-packages/airflow/example_dags/example_complex.py
[2022-11-16T14:36:35.376+0000] {logging_mixin.py:137} INFO - [2022-11-16T14:36:35.376+0000] {taskmixin.py:205} WARNING - Dependency <Task(BashOperator): create_entry_group>, delete_entry_group already registered for DAG: example_complex
[2022-11-16T14:36:35.377+0000] {logging_mixin.py:137} INFO - [2022-11-16T14:36:35.377+0000] {taskmixin.py:205} WARNING - Dependency <Task(BashOperator): delete_entry_group>, create_entry_group already registered for DAG: example_complex
[2022-11-16T14:36:35.377+0000] {logging_mixin.py:137} INFO - [2022-11-16T14:36:35.377+0000] {taskmixin.py:205} WARNING - Dependency <Task(BashOperator): create_entry_gcs>, delete_entry already registered for DAG: example_complex
[2022-11-16T14:36:35.378+0000] {logging_mixin.py:137} INFO - [2022-11-16T14:36:35.378+0000] {taskmixin.py:205} WARNING - Dependency <Task(BashOperator): delete_entry>, create_entry_gcs already registered for DAG: example_complex
[2022-11-16T14:36:35.379+0000] {logging_mixin.py:137} INFO - [2022-11-16T14:36:35.379+0000] {taskmixin.py:205} WARNING - Dependency <Task(BashOperator): create_tag>, delete_tag already registered for DAG: example_complex
[2022-11-16T14:36:35.379+0000] {logging_mixin.py:137} INFO - [2022-11-16T14:36:35.379+0000] {taskmixin.py:205} WARNING - Dependency <Task(BashOperator): delete_tag>, create_tag already registered for DAG: example_complex
[2022-11-16T14:36:35.395+0000] {processor.py:766} INFO - DAG(s) dict_keys(['example_complex']) retrieved from /home/airflow/.local/lib/python3.7/site-packages/airflow/example_dags/example_complex.py
[2022-11-16T14:36:35.490+0000] {logging_mixin.py:137} INFO - [2022-11-16T14:36:35.490+0000] {dag.py:2585} INFO - Sync 1 DAGs
[2022-11-16T14:36:35.545+0000] {logging_mixin.py:137} INFO - [2022-11-16T14:36:35.545+0000] {dag.py:3340} INFO - Setting next_dagrun for example_complex to None, run_after=None
[2022-11-16T14:36:35.583+0000] {processor.py:176} INFO - Processing /home/airflow/.local/lib/python3.7/site-packages/airflow/example_dags/example_complex.py took 0.239 seconds
[2022-11-16T14:37:06.149+0000] {processor.py:154} INFO - Started process (PID=3659) to work on /home/airflow/.local/lib/python3.7/site-packages/airflow/example_dags/example_complex.py
[2022-11-16T14:37:06.150+0000] {processor.py:756} INFO - Processing file /home/airflow/.local/lib/python3.7/site-packages/airflow/example_dags/example_complex.py for tasks to queue
[2022-11-16T14:37:06.151+0000] {logging_mixin.py:137} INFO - [2022-11-16T14:37:06.151+0000] {dagbag.py:537} INFO - Filling up the DagBag from /home/airflow/.local/lib/python3.7/site-packages/airflow/example_dags/example_complex.py
[2022-11-16T14:37:06.172+0000] {logging_mixin.py:137} INFO - [2022-11-16T14:37:06.172+0000] {taskmixin.py:205} WARNING - Dependency <Task(BashOperator): create_entry_group>, delete_entry_group already registered for DAG: example_complex
[2022-11-16T14:37:06.173+0000] {logging_mixin.py:137} INFO - [2022-11-16T14:37:06.172+0000] {taskmixin.py:205} WARNING - Dependency <Task(BashOperator): delete_entry_group>, create_entry_group already registered for DAG: example_complex
[2022-11-16T14:37:06.174+0000] {logging_mixin.py:137} INFO - [2022-11-16T14:37:06.174+0000] {taskmixin.py:205} WARNING - Dependency <Task(BashOperator): create_entry_gcs>, delete_entry already registered for DAG: example_complex
[2022-11-16T14:37:06.175+0000] {logging_mixin.py:137} INFO - [2022-11-16T14:37:06.174+0000] {taskmixin.py:205} WARNING - Dependency <Task(BashOperator): delete_entry>, create_entry_gcs already registered for DAG: example_complex
[2022-11-16T14:37:06.175+0000] {logging_mixin.py:137} INFO - [2022-11-16T14:37:06.175+0000] {taskmixin.py:205} WARNING - Dependency <Task(BashOperator): create_tag>, delete_tag already registered for DAG: example_complex
[2022-11-16T14:37:06.176+0000] {logging_mixin.py:137} INFO - [2022-11-16T14:37:06.175+0000] {taskmixin.py:205} WARNING - Dependency <Task(BashOperator): delete_tag>, create_tag already registered for DAG: example_complex
[2022-11-16T14:37:06.188+0000] {processor.py:766} INFO - DAG(s) dict_keys(['example_complex']) retrieved from /home/airflow/.local/lib/python3.7/site-packages/airflow/example_dags/example_complex.py
[2022-11-16T14:37:06.275+0000] {logging_mixin.py:137} INFO - [2022-11-16T14:37:06.275+0000] {dag.py:2585} INFO - Sync 1 DAGs
[2022-11-16T14:37:06.328+0000] {logging_mixin.py:137} INFO - [2022-11-16T14:37:06.328+0000] {dag.py:3340} INFO - Setting next_dagrun for example_complex to None, run_after=None
[2022-11-16T14:37:06.367+0000] {processor.py:176} INFO - Processing /home/airflow/.local/lib/python3.7/site-packages/airflow/example_dags/example_complex.py took 0.221 seconds
[2022-11-16T14:37:37.296+0000] {processor.py:154} INFO - Started process (PID=3864) to work on /home/airflow/.local/lib/python3.7/site-packages/airflow/example_dags/example_complex.py
[2022-11-16T14:37:37.305+0000] {processor.py:756} INFO - Processing file /home/airflow/.local/lib/python3.7/site-packages/airflow/example_dags/example_complex.py for tasks to queue
[2022-11-16T14:37:37.306+0000] {logging_mixin.py:137} INFO - [2022-11-16T14:37:37.306+0000] {dagbag.py:537} INFO - Filling up the DagBag from /home/airflow/.local/lib/python3.7/site-packages/airflow/example_dags/example_complex.py
[2022-11-16T14:37:37.350+0000] {logging_mixin.py:137} INFO - [2022-11-16T14:37:37.350+0000] {taskmixin.py:205} WARNING - Dependency <Task(BashOperator): create_entry_group>, delete_entry_group already registered for DAG: example_complex
[2022-11-16T14:37:37.352+0000] {logging_mixin.py:137} INFO - [2022-11-16T14:37:37.351+0000] {taskmixin.py:205} WARNING - Dependency <Task(BashOperator): delete_entry_group>, create_entry_group already registered for DAG: example_complex
[2022-11-16T14:37:37.352+0000] {logging_mixin.py:137} INFO - [2022-11-16T14:37:37.352+0000] {taskmixin.py:205} WARNING - Dependency <Task(BashOperator): create_entry_gcs>, delete_entry already registered for DAG: example_complex
[2022-11-16T14:37:37.353+0000] {logging_mixin.py:137} INFO - [2022-11-16T14:37:37.353+0000] {taskmixin.py:205} WARNING - Dependency <Task(BashOperator): delete_entry>, create_entry_gcs already registered for DAG: example_complex
[2022-11-16T14:37:37.354+0000] {logging_mixin.py:137} INFO - [2022-11-16T14:37:37.354+0000] {taskmixin.py:205} WARNING - Dependency <Task(BashOperator): create_tag>, delete_tag already registered for DAG: example_complex
[2022-11-16T14:37:37.354+0000] {logging_mixin.py:137} INFO - [2022-11-16T14:37:37.354+0000] {taskmixin.py:205} WARNING - Dependency <Task(BashOperator): delete_tag>, create_tag already registered for DAG: example_complex
[2022-11-16T14:37:37.383+0000] {processor.py:766} INFO - DAG(s) dict_keys(['example_complex']) retrieved from /home/airflow/.local/lib/python3.7/site-packages/airflow/example_dags/example_complex.py
[2022-11-16T14:37:37.518+0000] {logging_mixin.py:137} INFO - [2022-11-16T14:37:37.517+0000] {dag.py:2585} INFO - Sync 1 DAGs
[2022-11-16T14:37:37.589+0000] {logging_mixin.py:137} INFO - [2022-11-16T14:37:37.589+0000] {dag.py:3340} INFO - Setting next_dagrun for example_complex to None, run_after=None
[2022-11-16T14:37:37.657+0000] {processor.py:176} INFO - Processing /home/airflow/.local/lib/python3.7/site-packages/airflow/example_dags/example_complex.py took 0.368 seconds
[2022-11-16T14:38:07.983+0000] {processor.py:154} INFO - Started process (PID=4067) to work on /home/airflow/.local/lib/python3.7/site-packages/airflow/example_dags/example_complex.py
[2022-11-16T14:38:07.985+0000] {processor.py:756} INFO - Processing file /home/airflow/.local/lib/python3.7/site-packages/airflow/example_dags/example_complex.py for tasks to queue
[2022-11-16T14:38:07.986+0000] {logging_mixin.py:137} INFO - [2022-11-16T14:38:07.986+0000] {dagbag.py:537} INFO - Filling up the DagBag from /home/airflow/.local/lib/python3.7/site-packages/airflow/example_dags/example_complex.py
[2022-11-16T14:38:08.007+0000] {logging_mixin.py:137} INFO - [2022-11-16T14:38:08.007+0000] {taskmixin.py:205} WARNING - Dependency <Task(BashOperator): create_entry_group>, delete_entry_group already registered for DAG: example_complex
[2022-11-16T14:38:08.008+0000] {logging_mixin.py:137} INFO - [2022-11-16T14:38:08.007+0000] {taskmixin.py:205} WARNING - Dependency <Task(BashOperator): delete_entry_group>, create_entry_group already registered for DAG: example_complex
[2022-11-16T14:38:08.008+0000] {logging_mixin.py:137} INFO - [2022-11-16T14:38:08.008+0000] {taskmixin.py:205} WARNING - Dependency <Task(BashOperator): create_entry_gcs>, delete_entry already registered for DAG: example_complex
[2022-11-16T14:38:08.008+0000] {logging_mixin.py:137} INFO - [2022-11-16T14:38:08.008+0000] {taskmixin.py:205} WARNING - Dependency <Task(BashOperator): delete_entry>, create_entry_gcs already registered for DAG: example_complex
[2022-11-16T14:38:08.009+0000] {logging_mixin.py:137} INFO - [2022-11-16T14:38:08.009+0000] {taskmixin.py:205} WARNING - Dependency <Task(BashOperator): create_tag>, delete_tag already registered for DAG: example_complex
[2022-11-16T14:38:08.009+0000] {logging_mixin.py:137} INFO - [2022-11-16T14:38:08.009+0000] {taskmixin.py:205} WARNING - Dependency <Task(BashOperator): delete_tag>, create_tag already registered for DAG: example_complex
[2022-11-16T14:38:08.020+0000] {processor.py:766} INFO - DAG(s) dict_keys(['example_complex']) retrieved from /home/airflow/.local/lib/python3.7/site-packages/airflow/example_dags/example_complex.py
[2022-11-16T14:38:08.104+0000] {logging_mixin.py:137} INFO - [2022-11-16T14:38:08.103+0000] {dag.py:2585} INFO - Sync 1 DAGs
[2022-11-16T14:38:08.156+0000] {logging_mixin.py:137} INFO - [2022-11-16T14:38:08.156+0000] {dag.py:3340} INFO - Setting next_dagrun for example_complex to None, run_after=None
[2022-11-16T14:38:08.205+0000] {processor.py:176} INFO - Processing /home/airflow/.local/lib/python3.7/site-packages/airflow/example_dags/example_complex.py took 0.226 seconds
[2022-11-16T14:38:38.871+0000] {processor.py:154} INFO - Started process (PID=4262) to work on /home/airflow/.local/lib/python3.7/site-packages/airflow/example_dags/example_complex.py
[2022-11-16T14:38:38.872+0000] {processor.py:756} INFO - Processing file /home/airflow/.local/lib/python3.7/site-packages/airflow/example_dags/example_complex.py for tasks to queue
[2022-11-16T14:38:38.873+0000] {logging_mixin.py:137} INFO - [2022-11-16T14:38:38.873+0000] {dagbag.py:537} INFO - Filling up the DagBag from /home/airflow/.local/lib/python3.7/site-packages/airflow/example_dags/example_complex.py
[2022-11-16T14:38:38.900+0000] {logging_mixin.py:137} INFO - [2022-11-16T14:38:38.900+0000] {taskmixin.py:205} WARNING - Dependency <Task(BashOperator): create_entry_group>, delete_entry_group already registered for DAG: example_complex
[2022-11-16T14:38:38.901+0000] {logging_mixin.py:137} INFO - [2022-11-16T14:38:38.900+0000] {taskmixin.py:205} WARNING - Dependency <Task(BashOperator): delete_entry_group>, create_entry_group already registered for DAG: example_complex
[2022-11-16T14:38:38.901+0000] {logging_mixin.py:137} INFO - [2022-11-16T14:38:38.901+0000] {taskmixin.py:205} WARNING - Dependency <Task(BashOperator): create_entry_gcs>, delete_entry already registered for DAG: example_complex
[2022-11-16T14:38:38.901+0000] {logging_mixin.py:137} INFO - [2022-11-16T14:38:38.901+0000] {taskmixin.py:205} WARNING - Dependency <Task(BashOperator): delete_entry>, create_entry_gcs already registered for DAG: example_complex
[2022-11-16T14:38:38.902+0000] {logging_mixin.py:137} INFO - [2022-11-16T14:38:38.902+0000] {taskmixin.py:205} WARNING - Dependency <Task(BashOperator): create_tag>, delete_tag already registered for DAG: example_complex
[2022-11-16T14:38:38.903+0000] {logging_mixin.py:137} INFO - [2022-11-16T14:38:38.903+0000] {taskmixin.py:205} WARNING - Dependency <Task(BashOperator): delete_tag>, create_tag already registered for DAG: example_complex
[2022-11-16T14:38:38.920+0000] {processor.py:766} INFO - DAG(s) dict_keys(['example_complex']) retrieved from /home/airflow/.local/lib/python3.7/site-packages/airflow/example_dags/example_complex.py
[2022-11-16T14:38:39.004+0000] {logging_mixin.py:137} INFO - [2022-11-16T14:38:39.004+0000] {dag.py:2585} INFO - Sync 1 DAGs
[2022-11-16T14:38:39.047+0000] {logging_mixin.py:137} INFO - [2022-11-16T14:38:39.047+0000] {dag.py:3340} INFO - Setting next_dagrun for example_complex to None, run_after=None
[2022-11-16T14:38:39.080+0000] {processor.py:176} INFO - Processing /home/airflow/.local/lib/python3.7/site-packages/airflow/example_dags/example_complex.py took 0.214 seconds
[2022-11-16T14:39:09.690+0000] {processor.py:154} INFO - Started process (PID=4469) to work on /home/airflow/.local/lib/python3.7/site-packages/airflow/example_dags/example_complex.py
[2022-11-16T14:39:09.691+0000] {processor.py:756} INFO - Processing file /home/airflow/.local/lib/python3.7/site-packages/airflow/example_dags/example_complex.py for tasks to queue
[2022-11-16T14:39:09.692+0000] {logging_mixin.py:137} INFO - [2022-11-16T14:39:09.691+0000] {dagbag.py:537} INFO - Filling up the DagBag from /home/airflow/.local/lib/python3.7/site-packages/airflow/example_dags/example_complex.py
[2022-11-16T14:39:09.712+0000] {logging_mixin.py:137} INFO - [2022-11-16T14:39:09.711+0000] {taskmixin.py:205} WARNING - Dependency <Task(BashOperator): create_entry_group>, delete_entry_group already registered for DAG: example_complex
[2022-11-16T14:39:09.712+0000] {logging_mixin.py:137} INFO - [2022-11-16T14:39:09.712+0000] {taskmixin.py:205} WARNING - Dependency <Task(BashOperator): delete_entry_group>, create_entry_group already registered for DAG: example_complex
[2022-11-16T14:39:09.712+0000] {logging_mixin.py:137} INFO - [2022-11-16T14:39:09.712+0000] {taskmixin.py:205} WARNING - Dependency <Task(BashOperator): create_entry_gcs>, delete_entry already registered for DAG: example_complex
[2022-11-16T14:39:09.713+0000] {logging_mixin.py:137} INFO - [2022-11-16T14:39:09.713+0000] {taskmixin.py:205} WARNING - Dependency <Task(BashOperator): delete_entry>, create_entry_gcs already registered for DAG: example_complex
[2022-11-16T14:39:09.714+0000] {logging_mixin.py:137} INFO - [2022-11-16T14:39:09.714+0000] {taskmixin.py:205} WARNING - Dependency <Task(BashOperator): create_tag>, delete_tag already registered for DAG: example_complex
[2022-11-16T14:39:09.715+0000] {logging_mixin.py:137} INFO - [2022-11-16T14:39:09.714+0000] {taskmixin.py:205} WARNING - Dependency <Task(BashOperator): delete_tag>, create_tag already registered for DAG: example_complex
[2022-11-16T14:39:09.726+0000] {processor.py:766} INFO - DAG(s) dict_keys(['example_complex']) retrieved from /home/airflow/.local/lib/python3.7/site-packages/airflow/example_dags/example_complex.py
[2022-11-16T14:39:09.805+0000] {logging_mixin.py:137} INFO - [2022-11-16T14:39:09.805+0000] {dag.py:2585} INFO - Sync 1 DAGs
[2022-11-16T14:39:09.849+0000] {logging_mixin.py:137} INFO - [2022-11-16T14:39:09.849+0000] {dag.py:3340} INFO - Setting next_dagrun for example_complex to None, run_after=None
[2022-11-16T14:39:09.882+0000] {processor.py:176} INFO - Processing /home/airflow/.local/lib/python3.7/site-packages/airflow/example_dags/example_complex.py took 0.197 seconds
[2022-11-16T14:39:39.997+0000] {processor.py:154} INFO - Started process (PID=4665) to work on /home/airflow/.local/lib/python3.7/site-packages/airflow/example_dags/example_complex.py
[2022-11-16T14:39:39.997+0000] {processor.py:756} INFO - Processing file /home/airflow/.local/lib/python3.7/site-packages/airflow/example_dags/example_complex.py for tasks to queue
[2022-11-16T14:39:39.998+0000] {logging_mixin.py:137} INFO - [2022-11-16T14:39:39.998+0000] {dagbag.py:537} INFO - Filling up the DagBag from /home/airflow/.local/lib/python3.7/site-packages/airflow/example_dags/example_complex.py
[2022-11-16T14:39:40.016+0000] {logging_mixin.py:137} INFO - [2022-11-16T14:39:40.016+0000] {taskmixin.py:205} WARNING - Dependency <Task(BashOperator): create_entry_group>, delete_entry_group already registered for DAG: example_complex
[2022-11-16T14:39:40.016+0000] {logging_mixin.py:137} INFO - [2022-11-16T14:39:40.016+0000] {taskmixin.py:205} WARNING - Dependency <Task(BashOperator): delete_entry_group>, create_entry_group already registered for DAG: example_complex
[2022-11-16T14:39:40.017+0000] {logging_mixin.py:137} INFO - [2022-11-16T14:39:40.017+0000] {taskmixin.py:205} WARNING - Dependency <Task(BashOperator): create_entry_gcs>, delete_entry already registered for DAG: example_complex
[2022-11-16T14:39:40.017+0000] {logging_mixin.py:137} INFO - [2022-11-16T14:39:40.017+0000] {taskmixin.py:205} WARNING - Dependency <Task(BashOperator): delete_entry>, create_entry_gcs already registered for DAG: example_complex
[2022-11-16T14:39:40.017+0000] {logging_mixin.py:137} INFO - [2022-11-16T14:39:40.017+0000] {taskmixin.py:205} WARNING - Dependency <Task(BashOperator): create_tag>, delete_tag already registered for DAG: example_complex
[2022-11-16T14:39:40.018+0000] {logging_mixin.py:137} INFO - [2022-11-16T14:39:40.018+0000] {taskmixin.py:205} WARNING - Dependency <Task(BashOperator): delete_tag>, create_tag already registered for DAG: example_complex
[2022-11-16T14:39:40.030+0000] {processor.py:766} INFO - DAG(s) dict_keys(['example_complex']) retrieved from /home/airflow/.local/lib/python3.7/site-packages/airflow/example_dags/example_complex.py
[2022-11-16T14:39:40.099+0000] {logging_mixin.py:137} INFO - [2022-11-16T14:39:40.098+0000] {dag.py:2585} INFO - Sync 1 DAGs
[2022-11-16T14:39:40.145+0000] {logging_mixin.py:137} INFO - [2022-11-16T14:39:40.145+0000] {dag.py:3340} INFO - Setting next_dagrun for example_complex to None, run_after=None
[2022-11-16T14:39:40.192+0000] {processor.py:176} INFO - Processing /home/airflow/.local/lib/python3.7/site-packages/airflow/example_dags/example_complex.py took 0.198 seconds
[2022-11-16T14:40:10.696+0000] {processor.py:154} INFO - Started process (PID=4870) to work on /home/airflow/.local/lib/python3.7/site-packages/airflow/example_dags/example_complex.py
[2022-11-16T14:40:10.697+0000] {processor.py:756} INFO - Processing file /home/airflow/.local/lib/python3.7/site-packages/airflow/example_dags/example_complex.py for tasks to queue
[2022-11-16T14:40:10.699+0000] {logging_mixin.py:137} INFO - [2022-11-16T14:40:10.698+0000] {dagbag.py:537} INFO - Filling up the DagBag from /home/airflow/.local/lib/python3.7/site-packages/airflow/example_dags/example_complex.py
[2022-11-16T14:40:10.727+0000] {logging_mixin.py:137} INFO - [2022-11-16T14:40:10.727+0000] {taskmixin.py:205} WARNING - Dependency <Task(BashOperator): create_entry_group>, delete_entry_group already registered for DAG: example_complex
[2022-11-16T14:40:10.728+0000] {logging_mixin.py:137} INFO - [2022-11-16T14:40:10.727+0000] {taskmixin.py:205} WARNING - Dependency <Task(BashOperator): delete_entry_group>, create_entry_group already registered for DAG: example_complex
[2022-11-16T14:40:10.728+0000] {logging_mixin.py:137} INFO - [2022-11-16T14:40:10.728+0000] {taskmixin.py:205} WARNING - Dependency <Task(BashOperator): create_entry_gcs>, delete_entry already registered for DAG: example_complex
[2022-11-16T14:40:10.728+0000] {logging_mixin.py:137} INFO - [2022-11-16T14:40:10.728+0000] {taskmixin.py:205} WARNING - Dependency <Task(BashOperator): delete_entry>, create_entry_gcs already registered for DAG: example_complex
[2022-11-16T14:40:10.729+0000] {logging_mixin.py:137} INFO - [2022-11-16T14:40:10.729+0000] {taskmixin.py:205} WARNING - Dependency <Task(BashOperator): create_tag>, delete_tag already registered for DAG: example_complex
[2022-11-16T14:40:10.731+0000] {logging_mixin.py:137} INFO - [2022-11-16T14:40:10.731+0000] {taskmixin.py:205} WARNING - Dependency <Task(BashOperator): delete_tag>, create_tag already registered for DAG: example_complex
[2022-11-16T14:40:10.757+0000] {processor.py:766} INFO - DAG(s) dict_keys(['example_complex']) retrieved from /home/airflow/.local/lib/python3.7/site-packages/airflow/example_dags/example_complex.py
[2022-11-16T14:40:10.921+0000] {logging_mixin.py:137} INFO - [2022-11-16T14:40:10.921+0000] {dag.py:2585} INFO - Sync 1 DAGs
[2022-11-16T14:40:11.016+0000] {logging_mixin.py:137} INFO - [2022-11-16T14:40:11.016+0000] {dag.py:3340} INFO - Setting next_dagrun for example_complex to None, run_after=None
[2022-11-16T14:40:11.065+0000] {processor.py:176} INFO - Processing /home/airflow/.local/lib/python3.7/site-packages/airflow/example_dags/example_complex.py took 0.376 seconds
[2022-11-16T14:40:41.264+0000] {processor.py:154} INFO - Started process (PID=5070) to work on /home/airflow/.local/lib/python3.7/site-packages/airflow/example_dags/example_complex.py
[2022-11-16T14:40:41.265+0000] {processor.py:756} INFO - Processing file /home/airflow/.local/lib/python3.7/site-packages/airflow/example_dags/example_complex.py for tasks to queue
[2022-11-16T14:40:41.267+0000] {logging_mixin.py:137} INFO - [2022-11-16T14:40:41.267+0000] {dagbag.py:537} INFO - Filling up the DagBag from /home/airflow/.local/lib/python3.7/site-packages/airflow/example_dags/example_complex.py
[2022-11-16T14:40:41.288+0000] {logging_mixin.py:137} INFO - [2022-11-16T14:40:41.288+0000] {taskmixin.py:205} WARNING - Dependency <Task(BashOperator): create_entry_group>, delete_entry_group already registered for DAG: example_complex
[2022-11-16T14:40:41.289+0000] {logging_mixin.py:137} INFO - [2022-11-16T14:40:41.288+0000] {taskmixin.py:205} WARNING - Dependency <Task(BashOperator): delete_entry_group>, create_entry_group already registered for DAG: example_complex
[2022-11-16T14:40:41.289+0000] {logging_mixin.py:137} INFO - [2022-11-16T14:40:41.289+0000] {taskmixin.py:205} WARNING - Dependency <Task(BashOperator): create_entry_gcs>, delete_entry already registered for DAG: example_complex
[2022-11-16T14:40:41.289+0000] {logging_mixin.py:137} INFO - [2022-11-16T14:40:41.289+0000] {taskmixin.py:205} WARNING - Dependency <Task(BashOperator): delete_entry>, create_entry_gcs already registered for DAG: example_complex
[2022-11-16T14:40:41.290+0000] {logging_mixin.py:137} INFO - [2022-11-16T14:40:41.290+0000] {taskmixin.py:205} WARNING - Dependency <Task(BashOperator): create_tag>, delete_tag already registered for DAG: example_complex
[2022-11-16T14:40:41.290+0000] {logging_mixin.py:137} INFO - [2022-11-16T14:40:41.290+0000] {taskmixin.py:205} WARNING - Dependency <Task(BashOperator): delete_tag>, create_tag already registered for DAG: example_complex
[2022-11-16T14:40:41.301+0000] {processor.py:766} INFO - DAG(s) dict_keys(['example_complex']) retrieved from /home/airflow/.local/lib/python3.7/site-packages/airflow/example_dags/example_complex.py
[2022-11-16T14:40:41.383+0000] {logging_mixin.py:137} INFO - [2022-11-16T14:40:41.383+0000] {dag.py:2585} INFO - Sync 1 DAGs
[2022-11-16T14:40:41.433+0000] {logging_mixin.py:137} INFO - [2022-11-16T14:40:41.433+0000] {dag.py:3340} INFO - Setting next_dagrun for example_complex to None, run_after=None
[2022-11-16T14:40:41.467+0000] {processor.py:176} INFO - Processing /home/airflow/.local/lib/python3.7/site-packages/airflow/example_dags/example_complex.py took 0.207 seconds
[2022-11-16T14:41:11.996+0000] {processor.py:154} INFO - Started process (PID=5265) to work on /home/airflow/.local/lib/python3.7/site-packages/airflow/example_dags/example_complex.py
[2022-11-16T14:41:11.997+0000] {processor.py:756} INFO - Processing file /home/airflow/.local/lib/python3.7/site-packages/airflow/example_dags/example_complex.py for tasks to queue
[2022-11-16T14:41:12.000+0000] {logging_mixin.py:137} INFO - [2022-11-16T14:41:11.999+0000] {dagbag.py:537} INFO - Filling up the DagBag from /home/airflow/.local/lib/python3.7/site-packages/airflow/example_dags/example_complex.py
[2022-11-16T14:41:12.018+0000] {logging_mixin.py:137} INFO - [2022-11-16T14:41:12.017+0000] {taskmixin.py:205} WARNING - Dependency <Task(BashOperator): create_entry_group>, delete_entry_group already registered for DAG: example_complex
[2022-11-16T14:41:12.018+0000] {logging_mixin.py:137} INFO - [2022-11-16T14:41:12.018+0000] {taskmixin.py:205} WARNING - Dependency <Task(BashOperator): delete_entry_group>, create_entry_group already registered for DAG: example_complex
[2022-11-16T14:41:12.018+0000] {logging_mixin.py:137} INFO - [2022-11-16T14:41:12.018+0000] {taskmixin.py:205} WARNING - Dependency <Task(BashOperator): create_entry_gcs>, delete_entry already registered for DAG: example_complex
[2022-11-16T14:41:12.019+0000] {logging_mixin.py:137} INFO - [2022-11-16T14:41:12.018+0000] {taskmixin.py:205} WARNING - Dependency <Task(BashOperator): delete_entry>, create_entry_gcs already registered for DAG: example_complex
[2022-11-16T14:41:12.019+0000] {logging_mixin.py:137} INFO - [2022-11-16T14:41:12.019+0000] {taskmixin.py:205} WARNING - Dependency <Task(BashOperator): create_tag>, delete_tag already registered for DAG: example_complex
[2022-11-16T14:41:12.020+0000] {logging_mixin.py:137} INFO - [2022-11-16T14:41:12.019+0000] {taskmixin.py:205} WARNING - Dependency <Task(BashOperator): delete_tag>, create_tag already registered for DAG: example_complex
[2022-11-16T14:41:12.033+0000] {processor.py:766} INFO - DAG(s) dict_keys(['example_complex']) retrieved from /home/airflow/.local/lib/python3.7/site-packages/airflow/example_dags/example_complex.py
[2022-11-16T14:41:12.110+0000] {logging_mixin.py:137} INFO - [2022-11-16T14:41:12.110+0000] {dag.py:2585} INFO - Sync 1 DAGs
[2022-11-16T14:41:12.156+0000] {logging_mixin.py:137} INFO - [2022-11-16T14:41:12.155+0000] {dag.py:3340} INFO - Setting next_dagrun for example_complex to None, run_after=None
[2022-11-16T14:41:12.188+0000] {processor.py:176} INFO - Processing /home/airflow/.local/lib/python3.7/site-packages/airflow/example_dags/example_complex.py took 0.198 seconds
[2022-11-16T14:41:42.471+0000] {processor.py:154} INFO - Started process (PID=5468) to work on /home/airflow/.local/lib/python3.7/site-packages/airflow/example_dags/example_complex.py
[2022-11-16T14:41:42.472+0000] {processor.py:756} INFO - Processing file /home/airflow/.local/lib/python3.7/site-packages/airflow/example_dags/example_complex.py for tasks to queue
[2022-11-16T14:41:42.473+0000] {logging_mixin.py:137} INFO - [2022-11-16T14:41:42.473+0000] {dagbag.py:537} INFO - Filling up the DagBag from /home/airflow/.local/lib/python3.7/site-packages/airflow/example_dags/example_complex.py
[2022-11-16T14:41:42.490+0000] {logging_mixin.py:137} INFO - [2022-11-16T14:41:42.490+0000] {taskmixin.py:205} WARNING - Dependency <Task(BashOperator): create_entry_group>, delete_entry_group already registered for DAG: example_complex
[2022-11-16T14:41:42.491+0000] {logging_mixin.py:137} INFO - [2022-11-16T14:41:42.491+0000] {taskmixin.py:205} WARNING - Dependency <Task(BashOperator): delete_entry_group>, create_entry_group already registered for DAG: example_complex
[2022-11-16T14:41:42.491+0000] {logging_mixin.py:137} INFO - [2022-11-16T14:41:42.491+0000] {taskmixin.py:205} WARNING - Dependency <Task(BashOperator): create_entry_gcs>, delete_entry already registered for DAG: example_complex
[2022-11-16T14:41:42.491+0000] {logging_mixin.py:137} INFO - [2022-11-16T14:41:42.491+0000] {taskmixin.py:205} WARNING - Dependency <Task(BashOperator): delete_entry>, create_entry_gcs already registered for DAG: example_complex
[2022-11-16T14:41:42.492+0000] {logging_mixin.py:137} INFO - [2022-11-16T14:41:42.492+0000] {taskmixin.py:205} WARNING - Dependency <Task(BashOperator): create_tag>, delete_tag already registered for DAG: example_complex
[2022-11-16T14:41:42.492+0000] {logging_mixin.py:137} INFO - [2022-11-16T14:41:42.492+0000] {taskmixin.py:205} WARNING - Dependency <Task(BashOperator): delete_tag>, create_tag already registered for DAG: example_complex
[2022-11-16T14:41:42.504+0000] {processor.py:766} INFO - DAG(s) dict_keys(['example_complex']) retrieved from /home/airflow/.local/lib/python3.7/site-packages/airflow/example_dags/example_complex.py
[2022-11-16T14:41:42.573+0000] {logging_mixin.py:137} INFO - [2022-11-16T14:41:42.572+0000] {dag.py:2585} INFO - Sync 1 DAGs
[2022-11-16T14:41:42.611+0000] {logging_mixin.py:137} INFO - [2022-11-16T14:41:42.611+0000] {dag.py:3340} INFO - Setting next_dagrun for example_complex to None, run_after=None
[2022-11-16T14:41:42.655+0000] {processor.py:176} INFO - Processing /home/airflow/.local/lib/python3.7/site-packages/airflow/example_dags/example_complex.py took 0.188 seconds
[2022-11-16T14:42:13.101+0000] {processor.py:154} INFO - Started process (PID=5666) to work on /home/airflow/.local/lib/python3.7/site-packages/airflow/example_dags/example_complex.py
[2022-11-16T14:42:13.102+0000] {processor.py:756} INFO - Processing file /home/airflow/.local/lib/python3.7/site-packages/airflow/example_dags/example_complex.py for tasks to queue
[2022-11-16T14:42:13.103+0000] {logging_mixin.py:137} INFO - [2022-11-16T14:42:13.103+0000] {dagbag.py:537} INFO - Filling up the DagBag from /home/airflow/.local/lib/python3.7/site-packages/airflow/example_dags/example_complex.py
[2022-11-16T14:42:13.123+0000] {logging_mixin.py:137} INFO - [2022-11-16T14:42:13.122+0000] {taskmixin.py:205} WARNING - Dependency <Task(BashOperator): create_entry_group>, delete_entry_group already registered for DAG: example_complex
[2022-11-16T14:42:13.123+0000] {logging_mixin.py:137} INFO - [2022-11-16T14:42:13.123+0000] {taskmixin.py:205} WARNING - Dependency <Task(BashOperator): delete_entry_group>, create_entry_group already registered for DAG: example_complex
[2022-11-16T14:42:13.123+0000] {logging_mixin.py:137} INFO - [2022-11-16T14:42:13.123+0000] {taskmixin.py:205} WARNING - Dependency <Task(BashOperator): create_entry_gcs>, delete_entry already registered for DAG: example_complex
[2022-11-16T14:42:13.123+0000] {logging_mixin.py:137} INFO - [2022-11-16T14:42:13.123+0000] {taskmixin.py:205} WARNING - Dependency <Task(BashOperator): delete_entry>, create_entry_gcs already registered for DAG: example_complex
[2022-11-16T14:42:13.124+0000] {logging_mixin.py:137} INFO - [2022-11-16T14:42:13.124+0000] {taskmixin.py:205} WARNING - Dependency <Task(BashOperator): create_tag>, delete_tag already registered for DAG: example_complex
[2022-11-16T14:42:13.124+0000] {logging_mixin.py:137} INFO - [2022-11-16T14:42:13.124+0000] {taskmixin.py:205} WARNING - Dependency <Task(BashOperator): delete_tag>, create_tag already registered for DAG: example_complex
[2022-11-16T14:42:13.142+0000] {processor.py:766} INFO - DAG(s) dict_keys(['example_complex']) retrieved from /home/airflow/.local/lib/python3.7/site-packages/airflow/example_dags/example_complex.py
[2022-11-16T14:42:13.223+0000] {logging_mixin.py:137} INFO - [2022-11-16T14:42:13.223+0000] {dag.py:2585} INFO - Sync 1 DAGs
[2022-11-16T14:42:13.270+0000] {logging_mixin.py:137} INFO - [2022-11-16T14:42:13.270+0000] {dag.py:3340} INFO - Setting next_dagrun for example_complex to None, run_after=None
[2022-11-16T14:42:13.312+0000] {processor.py:176} INFO - Processing /home/airflow/.local/lib/python3.7/site-packages/airflow/example_dags/example_complex.py took 0.216 seconds
[2022-11-16T14:42:43.364+0000] {processor.py:154} INFO - Started process (PID=5873) to work on /home/airflow/.local/lib/python3.7/site-packages/airflow/example_dags/example_complex.py
[2022-11-16T14:42:43.366+0000] {processor.py:756} INFO - Processing file /home/airflow/.local/lib/python3.7/site-packages/airflow/example_dags/example_complex.py for tasks to queue
[2022-11-16T14:42:43.368+0000] {logging_mixin.py:137} INFO - [2022-11-16T14:42:43.368+0000] {dagbag.py:537} INFO - Filling up the DagBag from /home/airflow/.local/lib/python3.7/site-packages/airflow/example_dags/example_complex.py
[2022-11-16T14:42:43.396+0000] {logging_mixin.py:137} INFO - [2022-11-16T14:42:43.396+0000] {taskmixin.py:205} WARNING - Dependency <Task(BashOperator): create_entry_group>, delete_entry_group already registered for DAG: example_complex
[2022-11-16T14:42:43.396+0000] {logging_mixin.py:137} INFO - [2022-11-16T14:42:43.396+0000] {taskmixin.py:205} WARNING - Dependency <Task(BashOperator): delete_entry_group>, create_entry_group already registered for DAG: example_complex
[2022-11-16T14:42:43.397+0000] {logging_mixin.py:137} INFO - [2022-11-16T14:42:43.397+0000] {taskmixin.py:205} WARNING - Dependency <Task(BashOperator): create_entry_gcs>, delete_entry already registered for DAG: example_complex
[2022-11-16T14:42:43.397+0000] {logging_mixin.py:137} INFO - [2022-11-16T14:42:43.397+0000] {taskmixin.py:205} WARNING - Dependency <Task(BashOperator): delete_entry>, create_entry_gcs already registered for DAG: example_complex
[2022-11-16T14:42:43.398+0000] {logging_mixin.py:137} INFO - [2022-11-16T14:42:43.398+0000] {taskmixin.py:205} WARNING - Dependency <Task(BashOperator): create_tag>, delete_tag already registered for DAG: example_complex
[2022-11-16T14:42:43.399+0000] {logging_mixin.py:137} INFO - [2022-11-16T14:42:43.399+0000] {taskmixin.py:205} WARNING - Dependency <Task(BashOperator): delete_tag>, create_tag already registered for DAG: example_complex
[2022-11-16T14:42:43.417+0000] {processor.py:766} INFO - DAG(s) dict_keys(['example_complex']) retrieved from /home/airflow/.local/lib/python3.7/site-packages/airflow/example_dags/example_complex.py
[2022-11-16T14:42:43.529+0000] {logging_mixin.py:137} INFO - [2022-11-16T14:42:43.529+0000] {dag.py:2585} INFO - Sync 1 DAGs
[2022-11-16T14:42:43.590+0000] {logging_mixin.py:137} INFO - [2022-11-16T14:42:43.590+0000] {dag.py:3340} INFO - Setting next_dagrun for example_complex to None, run_after=None
[2022-11-16T14:42:43.643+0000] {processor.py:176} INFO - Processing /home/airflow/.local/lib/python3.7/site-packages/airflow/example_dags/example_complex.py took 0.284 seconds
[2022-11-16T14:43:14.432+0000] {processor.py:154} INFO - Started process (PID=6071) to work on /home/airflow/.local/lib/python3.7/site-packages/airflow/example_dags/example_complex.py
[2022-11-16T14:43:14.433+0000] {processor.py:756} INFO - Processing file /home/airflow/.local/lib/python3.7/site-packages/airflow/example_dags/example_complex.py for tasks to queue
[2022-11-16T14:43:14.434+0000] {logging_mixin.py:137} INFO - [2022-11-16T14:43:14.434+0000] {dagbag.py:537} INFO - Filling up the DagBag from /home/airflow/.local/lib/python3.7/site-packages/airflow/example_dags/example_complex.py
[2022-11-16T14:43:14.454+0000] {logging_mixin.py:137} INFO - [2022-11-16T14:43:14.453+0000] {taskmixin.py:205} WARNING - Dependency <Task(BashOperator): create_entry_group>, delete_entry_group already registered for DAG: example_complex
[2022-11-16T14:43:14.454+0000] {logging_mixin.py:137} INFO - [2022-11-16T14:43:14.454+0000] {taskmixin.py:205} WARNING - Dependency <Task(BashOperator): delete_entry_group>, create_entry_group already registered for DAG: example_complex
[2022-11-16T14:43:14.454+0000] {logging_mixin.py:137} INFO - [2022-11-16T14:43:14.454+0000] {taskmixin.py:205} WARNING - Dependency <Task(BashOperator): create_entry_gcs>, delete_entry already registered for DAG: example_complex
[2022-11-16T14:43:14.454+0000] {logging_mixin.py:137} INFO - [2022-11-16T14:43:14.454+0000] {taskmixin.py:205} WARNING - Dependency <Task(BashOperator): delete_entry>, create_entry_gcs already registered for DAG: example_complex
[2022-11-16T14:43:14.455+0000] {logging_mixin.py:137} INFO - [2022-11-16T14:43:14.455+0000] {taskmixin.py:205} WARNING - Dependency <Task(BashOperator): create_tag>, delete_tag already registered for DAG: example_complex
[2022-11-16T14:43:14.455+0000] {logging_mixin.py:137} INFO - [2022-11-16T14:43:14.455+0000] {taskmixin.py:205} WARNING - Dependency <Task(BashOperator): delete_tag>, create_tag already registered for DAG: example_complex
[2022-11-16T14:43:14.468+0000] {processor.py:766} INFO - DAG(s) dict_keys(['example_complex']) retrieved from /home/airflow/.local/lib/python3.7/site-packages/airflow/example_dags/example_complex.py
[2022-11-16T14:43:14.550+0000] {logging_mixin.py:137} INFO - [2022-11-16T14:43:14.550+0000] {dag.py:2585} INFO - Sync 1 DAGs
[2022-11-16T14:43:14.595+0000] {logging_mixin.py:137} INFO - [2022-11-16T14:43:14.594+0000] {dag.py:3340} INFO - Setting next_dagrun for example_complex to None, run_after=None
[2022-11-16T14:43:14.631+0000] {processor.py:176} INFO - Processing /home/airflow/.local/lib/python3.7/site-packages/airflow/example_dags/example_complex.py took 0.205 seconds
[2022-11-16T14:43:45.247+0000] {processor.py:154} INFO - Started process (PID=6278) to work on /home/airflow/.local/lib/python3.7/site-packages/airflow/example_dags/example_complex.py
[2022-11-16T14:43:45.249+0000] {processor.py:756} INFO - Processing file /home/airflow/.local/lib/python3.7/site-packages/airflow/example_dags/example_complex.py for tasks to queue
[2022-11-16T14:43:45.250+0000] {logging_mixin.py:137} INFO - [2022-11-16T14:43:45.250+0000] {dagbag.py:537} INFO - Filling up the DagBag from /home/airflow/.local/lib/python3.7/site-packages/airflow/example_dags/example_complex.py
[2022-11-16T14:43:45.284+0000] {logging_mixin.py:137} INFO - [2022-11-16T14:43:45.283+0000] {taskmixin.py:205} WARNING - Dependency <Task(BashOperator): create_entry_group>, delete_entry_group already registered for DAG: example_complex
[2022-11-16T14:43:45.284+0000] {logging_mixin.py:137} INFO - [2022-11-16T14:43:45.284+0000] {taskmixin.py:205} WARNING - Dependency <Task(BashOperator): delete_entry_group>, create_entry_group already registered for DAG: example_complex
[2022-11-16T14:43:45.285+0000] {logging_mixin.py:137} INFO - [2022-11-16T14:43:45.285+0000] {taskmixin.py:205} WARNING - Dependency <Task(BashOperator): create_entry_gcs>, delete_entry already registered for DAG: example_complex
[2022-11-16T14:43:45.285+0000] {logging_mixin.py:137} INFO - [2022-11-16T14:43:45.285+0000] {taskmixin.py:205} WARNING - Dependency <Task(BashOperator): delete_entry>, create_entry_gcs already registered for DAG: example_complex
[2022-11-16T14:43:45.286+0000] {logging_mixin.py:137} INFO - [2022-11-16T14:43:45.286+0000] {taskmixin.py:205} WARNING - Dependency <Task(BashOperator): create_tag>, delete_tag already registered for DAG: example_complex
[2022-11-16T14:43:45.287+0000] {logging_mixin.py:137} INFO - [2022-11-16T14:43:45.287+0000] {taskmixin.py:205} WARNING - Dependency <Task(BashOperator): delete_tag>, create_tag already registered for DAG: example_complex
[2022-11-16T14:43:45.306+0000] {processor.py:766} INFO - DAG(s) dict_keys(['example_complex']) retrieved from /home/airflow/.local/lib/python3.7/site-packages/airflow/example_dags/example_complex.py
[2022-11-16T14:43:45.415+0000] {logging_mixin.py:137} INFO - [2022-11-16T14:43:45.414+0000] {dag.py:2585} INFO - Sync 1 DAGs
[2022-11-16T14:43:45.472+0000] {logging_mixin.py:137} INFO - [2022-11-16T14:43:45.472+0000] {dag.py:3340} INFO - Setting next_dagrun for example_complex to None, run_after=None
[2022-11-16T14:43:45.511+0000] {processor.py:176} INFO - Processing /home/airflow/.local/lib/python3.7/site-packages/airflow/example_dags/example_complex.py took 0.269 seconds
[2022-11-16T14:44:15.695+0000] {processor.py:154} INFO - Started process (PID=6476) to work on /home/airflow/.local/lib/python3.7/site-packages/airflow/example_dags/example_complex.py
[2022-11-16T14:44:15.697+0000] {processor.py:756} INFO - Processing file /home/airflow/.local/lib/python3.7/site-packages/airflow/example_dags/example_complex.py for tasks to queue
[2022-11-16T14:44:15.698+0000] {logging_mixin.py:137} INFO - [2022-11-16T14:44:15.698+0000] {dagbag.py:537} INFO - Filling up the DagBag from /home/airflow/.local/lib/python3.7/site-packages/airflow/example_dags/example_complex.py
[2022-11-16T14:44:15.722+0000] {logging_mixin.py:137} INFO - [2022-11-16T14:44:15.722+0000] {taskmixin.py:205} WARNING - Dependency <Task(BashOperator): create_entry_group>, delete_entry_group already registered for DAG: example_complex
[2022-11-16T14:44:15.722+0000] {logging_mixin.py:137} INFO - [2022-11-16T14:44:15.722+0000] {taskmixin.py:205} WARNING - Dependency <Task(BashOperator): delete_entry_group>, create_entry_group already registered for DAG: example_complex
[2022-11-16T14:44:15.723+0000] {logging_mixin.py:137} INFO - [2022-11-16T14:44:15.723+0000] {taskmixin.py:205} WARNING - Dependency <Task(BashOperator): create_entry_gcs>, delete_entry already registered for DAG: example_complex
[2022-11-16T14:44:15.724+0000] {logging_mixin.py:137} INFO - [2022-11-16T14:44:15.723+0000] {taskmixin.py:205} WARNING - Dependency <Task(BashOperator): delete_entry>, create_entry_gcs already registered for DAG: example_complex
[2022-11-16T14:44:15.724+0000] {logging_mixin.py:137} INFO - [2022-11-16T14:44:15.724+0000] {taskmixin.py:205} WARNING - Dependency <Task(BashOperator): create_tag>, delete_tag already registered for DAG: example_complex
[2022-11-16T14:44:15.725+0000] {logging_mixin.py:137} INFO - [2022-11-16T14:44:15.725+0000] {taskmixin.py:205} WARNING - Dependency <Task(BashOperator): delete_tag>, create_tag already registered for DAG: example_complex
[2022-11-16T14:44:15.736+0000] {processor.py:766} INFO - DAG(s) dict_keys(['example_complex']) retrieved from /home/airflow/.local/lib/python3.7/site-packages/airflow/example_dags/example_complex.py
[2022-11-16T14:44:15.815+0000] {logging_mixin.py:137} INFO - [2022-11-16T14:44:15.815+0000] {dag.py:2585} INFO - Sync 1 DAGs
[2022-11-16T14:44:15.866+0000] {logging_mixin.py:137} INFO - [2022-11-16T14:44:15.866+0000] {dag.py:3340} INFO - Setting next_dagrun for example_complex to None, run_after=None
[2022-11-16T14:44:15.905+0000] {processor.py:176} INFO - Processing /home/airflow/.local/lib/python3.7/site-packages/airflow/example_dags/example_complex.py took 0.216 seconds
[2022-11-16T14:44:45.976+0000] {processor.py:154} INFO - Started process (PID=6674) to work on /home/airflow/.local/lib/python3.7/site-packages/airflow/example_dags/example_complex.py
[2022-11-16T14:44:45.977+0000] {processor.py:756} INFO - Processing file /home/airflow/.local/lib/python3.7/site-packages/airflow/example_dags/example_complex.py for tasks to queue
[2022-11-16T14:44:45.978+0000] {logging_mixin.py:137} INFO - [2022-11-16T14:44:45.978+0000] {dagbag.py:537} INFO - Filling up the DagBag from /home/airflow/.local/lib/python3.7/site-packages/airflow/example_dags/example_complex.py
[2022-11-16T14:44:45.996+0000] {logging_mixin.py:137} INFO - [2022-11-16T14:44:45.996+0000] {taskmixin.py:205} WARNING - Dependency <Task(BashOperator): create_entry_group>, delete_entry_group already registered for DAG: example_complex
[2022-11-16T14:44:45.997+0000] {logging_mixin.py:137} INFO - [2022-11-16T14:44:45.996+0000] {taskmixin.py:205} WARNING - Dependency <Task(BashOperator): delete_entry_group>, create_entry_group already registered for DAG: example_complex
[2022-11-16T14:44:45.997+0000] {logging_mixin.py:137} INFO - [2022-11-16T14:44:45.997+0000] {taskmixin.py:205} WARNING - Dependency <Task(BashOperator): create_entry_gcs>, delete_entry already registered for DAG: example_complex
[2022-11-16T14:44:45.997+0000] {logging_mixin.py:137} INFO - [2022-11-16T14:44:45.997+0000] {taskmixin.py:205} WARNING - Dependency <Task(BashOperator): delete_entry>, create_entry_gcs already registered for DAG: example_complex
[2022-11-16T14:44:45.999+0000] {logging_mixin.py:137} INFO - [2022-11-16T14:44:45.999+0000] {taskmixin.py:205} WARNING - Dependency <Task(BashOperator): create_tag>, delete_tag already registered for DAG: example_complex
[2022-11-16T14:44:45.999+0000] {logging_mixin.py:137} INFO - [2022-11-16T14:44:45.999+0000] {taskmixin.py:205} WARNING - Dependency <Task(BashOperator): delete_tag>, create_tag already registered for DAG: example_complex
[2022-11-16T14:44:46.012+0000] {processor.py:766} INFO - DAG(s) dict_keys(['example_complex']) retrieved from /home/airflow/.local/lib/python3.7/site-packages/airflow/example_dags/example_complex.py
[2022-11-16T14:44:46.108+0000] {logging_mixin.py:137} INFO - [2022-11-16T14:44:46.108+0000] {dag.py:2585} INFO - Sync 1 DAGs
[2022-11-16T14:44:46.168+0000] {logging_mixin.py:137} INFO - [2022-11-16T14:44:46.168+0000] {dag.py:3340} INFO - Setting next_dagrun for example_complex to None, run_after=None
[2022-11-16T14:44:46.219+0000] {processor.py:176} INFO - Processing /home/airflow/.local/lib/python3.7/site-packages/airflow/example_dags/example_complex.py took 0.246 seconds
[2022-11-16T14:45:16.642+0000] {processor.py:154} INFO - Started process (PID=6880) to work on /home/airflow/.local/lib/python3.7/site-packages/airflow/example_dags/example_complex.py
[2022-11-16T14:45:16.643+0000] {processor.py:756} INFO - Processing file /home/airflow/.local/lib/python3.7/site-packages/airflow/example_dags/example_complex.py for tasks to queue
[2022-11-16T14:45:16.644+0000] {logging_mixin.py:137} INFO - [2022-11-16T14:45:16.644+0000] {dagbag.py:537} INFO - Filling up the DagBag from /home/airflow/.local/lib/python3.7/site-packages/airflow/example_dags/example_complex.py
[2022-11-16T14:45:16.667+0000] {logging_mixin.py:137} INFO - [2022-11-16T14:45:16.667+0000] {taskmixin.py:205} WARNING - Dependency <Task(BashOperator): create_entry_group>, delete_entry_group already registered for DAG: example_complex
[2022-11-16T14:45:16.668+0000] {logging_mixin.py:137} INFO - [2022-11-16T14:45:16.668+0000] {taskmixin.py:205} WARNING - Dependency <Task(BashOperator): delete_entry_group>, create_entry_group already registered for DAG: example_complex
[2022-11-16T14:45:16.669+0000] {logging_mixin.py:137} INFO - [2022-11-16T14:45:16.668+0000] {taskmixin.py:205} WARNING - Dependency <Task(BashOperator): create_entry_gcs>, delete_entry already registered for DAG: example_complex
[2022-11-16T14:45:16.669+0000] {logging_mixin.py:137} INFO - [2022-11-16T14:45:16.669+0000] {taskmixin.py:205} WARNING - Dependency <Task(BashOperator): delete_entry>, create_entry_gcs already registered for DAG: example_complex
[2022-11-16T14:45:16.674+0000] {logging_mixin.py:137} INFO - [2022-11-16T14:45:16.673+0000] {taskmixin.py:205} WARNING - Dependency <Task(BashOperator): create_tag>, delete_tag already registered for DAG: example_complex
[2022-11-16T14:45:16.675+0000] {logging_mixin.py:137} INFO - [2022-11-16T14:45:16.674+0000] {taskmixin.py:205} WARNING - Dependency <Task(BashOperator): delete_tag>, create_tag already registered for DAG: example_complex
[2022-11-16T14:45:16.687+0000] {processor.py:766} INFO - DAG(s) dict_keys(['example_complex']) retrieved from /home/airflow/.local/lib/python3.7/site-packages/airflow/example_dags/example_complex.py
[2022-11-16T14:45:16.768+0000] {logging_mixin.py:137} INFO - [2022-11-16T14:45:16.768+0000] {dag.py:2585} INFO - Sync 1 DAGs
[2022-11-16T14:45:16.813+0000] {logging_mixin.py:137} INFO - [2022-11-16T14:45:16.813+0000] {dag.py:3340} INFO - Setting next_dagrun for example_complex to None, run_after=None
[2022-11-16T14:45:16.845+0000] {processor.py:176} INFO - Processing /home/airflow/.local/lib/python3.7/site-packages/airflow/example_dags/example_complex.py took 0.207 seconds
