[2022-11-16T14:28:19.685+0000] {processor.py:154} INFO - Started process (PID=268) to work on /home/airflow/.local/lib/python3.7/site-packages/airflow/example_dags/example_subdag_operator.py
[2022-11-16T14:28:19.685+0000] {processor.py:756} INFO - Processing file /home/airflow/.local/lib/python3.7/site-packages/airflow/example_dags/example_subdag_operator.py for tasks to queue
[2022-11-16T14:28:19.686+0000] {logging_mixin.py:137} INFO - [2022-11-16T14:28:19.686+0000] {dagbag.py:537} INFO - Filling up the DagBag from /home/airflow/.local/lib/python3.7/site-packages/airflow/example_dags/example_subdag_operator.py
[2022-11-16T14:28:19.737+0000] {processor.py:766} INFO - DAG(s) dict_keys(['example_subdag_operator.section-1', 'example_subdag_operator.section-2', 'example_subdag_operator']) retrieved from /home/airflow/.local/lib/python3.7/site-packages/airflow/example_dags/example_subdag_operator.py
[2022-11-16T14:28:20.170+0000] {logging_mixin.py:137} INFO - [2022-11-16T14:28:20.169+0000] {dag.py:2585} INFO - Sync 3 DAGs
[2022-11-16T14:28:20.219+0000] {logging_mixin.py:137} INFO - [2022-11-16T14:28:20.218+0000] {dag.py:3340} INFO - Setting next_dagrun for example_subdag_operator to 2022-01-01T00:00:00+00:00, run_after=2022-01-01T00:00:00+00:00
[2022-11-16T14:28:20.225+0000] {logging_mixin.py:137} INFO - [2022-11-16T14:28:20.225+0000] {dag.py:3340} INFO - Setting next_dagrun for example_subdag_operator.section-1 to None, run_after=None
[2022-11-16T14:28:20.227+0000] {logging_mixin.py:137} INFO - [2022-11-16T14:28:20.227+0000] {dag.py:3340} INFO - Setting next_dagrun for example_subdag_operator.section-2 to None, run_after=None
[2022-11-16T14:28:20.248+0000] {logging_mixin.py:137} INFO - [2022-11-16T14:28:20.247+0000] {dag.py:2585} INFO - Sync 2 DAGs
[2022-11-16T14:28:20.259+0000] {logging_mixin.py:137} INFO - [2022-11-16T14:28:20.259+0000] {dag.py:3340} INFO - Setting next_dagrun for example_subdag_operator.section-1 to None, run_after=None
[2022-11-16T14:28:20.260+0000] {logging_mixin.py:137} INFO - [2022-11-16T14:28:20.260+0000] {dag.py:3340} INFO - Setting next_dagrun for example_subdag_operator.section-2 to None, run_after=None
[2022-11-16T14:28:20.284+0000] {processor.py:176} INFO - Processing /home/airflow/.local/lib/python3.7/site-packages/airflow/example_dags/example_subdag_operator.py took 0.603 seconds
[2022-11-16T14:28:51.743+0000] {processor.py:154} INFO - Started process (PID=475) to work on /home/airflow/.local/lib/python3.7/site-packages/airflow/example_dags/example_subdag_operator.py
[2022-11-16T14:28:51.747+0000] {processor.py:756} INFO - Processing file /home/airflow/.local/lib/python3.7/site-packages/airflow/example_dags/example_subdag_operator.py for tasks to queue
[2022-11-16T14:28:51.749+0000] {logging_mixin.py:137} INFO - [2022-11-16T14:28:51.749+0000] {dagbag.py:537} INFO - Filling up the DagBag from /home/airflow/.local/lib/python3.7/site-packages/airflow/example_dags/example_subdag_operator.py
[2022-11-16T14:28:51.867+0000] {processor.py:766} INFO - DAG(s) dict_keys(['example_subdag_operator.section-1', 'example_subdag_operator.section-2', 'example_subdag_operator']) retrieved from /home/airflow/.local/lib/python3.7/site-packages/airflow/example_dags/example_subdag_operator.py
[2022-11-16T14:28:52.563+0000] {logging_mixin.py:137} INFO - [2022-11-16T14:28:52.562+0000] {dag.py:2585} INFO - Sync 3 DAGs
[2022-11-16T14:28:52.711+0000] {logging_mixin.py:137} INFO - [2022-11-16T14:28:52.711+0000] {dag.py:3340} INFO - Setting next_dagrun for example_subdag_operator to 2022-01-01T00:00:00+00:00, run_after=2022-01-01T00:00:00+00:00
[2022-11-16T14:28:52.722+0000] {logging_mixin.py:137} INFO - [2022-11-16T14:28:52.722+0000] {dag.py:3340} INFO - Setting next_dagrun for example_subdag_operator.section-1 to None, run_after=None
[2022-11-16T14:28:52.725+0000] {logging_mixin.py:137} INFO - [2022-11-16T14:28:52.724+0000] {dag.py:3340} INFO - Setting next_dagrun for example_subdag_operator.section-2 to None, run_after=None
[2022-11-16T14:28:52.759+0000] {logging_mixin.py:137} INFO - [2022-11-16T14:28:52.758+0000] {dag.py:2585} INFO - Sync 2 DAGs
[2022-11-16T14:28:52.779+0000] {logging_mixin.py:137} INFO - [2022-11-16T14:28:52.779+0000] {dag.py:3340} INFO - Setting next_dagrun for example_subdag_operator.section-1 to None, run_after=None
[2022-11-16T14:28:52.780+0000] {logging_mixin.py:137} INFO - [2022-11-16T14:28:52.780+0000] {dag.py:3340} INFO - Setting next_dagrun for example_subdag_operator.section-2 to None, run_after=None
[2022-11-16T14:28:52.818+0000] {processor.py:176} INFO - Processing /home/airflow/.local/lib/python3.7/site-packages/airflow/example_dags/example_subdag_operator.py took 1.088 seconds
[2022-11-16T14:29:22.896+0000] {processor.py:154} INFO - Started process (PID=681) to work on /home/airflow/.local/lib/python3.7/site-packages/airflow/example_dags/example_subdag_operator.py
[2022-11-16T14:29:22.897+0000] {processor.py:756} INFO - Processing file /home/airflow/.local/lib/python3.7/site-packages/airflow/example_dags/example_subdag_operator.py for tasks to queue
[2022-11-16T14:29:22.898+0000] {logging_mixin.py:137} INFO - [2022-11-16T14:29:22.898+0000] {dagbag.py:537} INFO - Filling up the DagBag from /home/airflow/.local/lib/python3.7/site-packages/airflow/example_dags/example_subdag_operator.py
[2022-11-16T14:29:22.945+0000] {processor.py:766} INFO - DAG(s) dict_keys(['example_subdag_operator.section-1', 'example_subdag_operator.section-2', 'example_subdag_operator']) retrieved from /home/airflow/.local/lib/python3.7/site-packages/airflow/example_dags/example_subdag_operator.py
[2022-11-16T14:29:23.314+0000] {logging_mixin.py:137} INFO - [2022-11-16T14:29:23.314+0000] {dag.py:2585} INFO - Sync 3 DAGs
[2022-11-16T14:29:23.348+0000] {logging_mixin.py:137} INFO - [2022-11-16T14:29:23.348+0000] {dag.py:3340} INFO - Setting next_dagrun for example_subdag_operator to 2022-01-01T00:00:00+00:00, run_after=2022-01-01T00:00:00+00:00
[2022-11-16T14:29:23.352+0000] {logging_mixin.py:137} INFO - [2022-11-16T14:29:23.352+0000] {dag.py:3340} INFO - Setting next_dagrun for example_subdag_operator.section-1 to None, run_after=None
[2022-11-16T14:29:23.354+0000] {logging_mixin.py:137} INFO - [2022-11-16T14:29:23.354+0000] {dag.py:3340} INFO - Setting next_dagrun for example_subdag_operator.section-2 to None, run_after=None
[2022-11-16T14:29:23.365+0000] {logging_mixin.py:137} INFO - [2022-11-16T14:29:23.365+0000] {dag.py:2585} INFO - Sync 2 DAGs
[2022-11-16T14:29:23.374+0000] {logging_mixin.py:137} INFO - [2022-11-16T14:29:23.374+0000] {dag.py:3340} INFO - Setting next_dagrun for example_subdag_operator.section-1 to None, run_after=None
[2022-11-16T14:29:23.375+0000] {logging_mixin.py:137} INFO - [2022-11-16T14:29:23.375+0000] {dag.py:3340} INFO - Setting next_dagrun for example_subdag_operator.section-2 to None, run_after=None
[2022-11-16T14:29:23.394+0000] {processor.py:176} INFO - Processing /home/airflow/.local/lib/python3.7/site-packages/airflow/example_dags/example_subdag_operator.py took 0.501 seconds
[2022-11-16T14:29:54.138+0000] {processor.py:154} INFO - Started process (PID=879) to work on /home/airflow/.local/lib/python3.7/site-packages/airflow/example_dags/example_subdag_operator.py
[2022-11-16T14:29:54.139+0000] {processor.py:756} INFO - Processing file /home/airflow/.local/lib/python3.7/site-packages/airflow/example_dags/example_subdag_operator.py for tasks to queue
[2022-11-16T14:29:54.140+0000] {logging_mixin.py:137} INFO - [2022-11-16T14:29:54.140+0000] {dagbag.py:537} INFO - Filling up the DagBag from /home/airflow/.local/lib/python3.7/site-packages/airflow/example_dags/example_subdag_operator.py
[2022-11-16T14:29:54.255+0000] {processor.py:766} INFO - DAG(s) dict_keys(['example_subdag_operator.section-1', 'example_subdag_operator.section-2', 'example_subdag_operator']) retrieved from /home/airflow/.local/lib/python3.7/site-packages/airflow/example_dags/example_subdag_operator.py
[2022-11-16T14:29:54.793+0000] {logging_mixin.py:137} INFO - [2022-11-16T14:29:54.792+0000] {dag.py:2585} INFO - Sync 3 DAGs
[2022-11-16T14:29:54.895+0000] {logging_mixin.py:137} INFO - [2022-11-16T14:29:54.894+0000] {dag.py:3340} INFO - Setting next_dagrun for example_subdag_operator to 2022-01-01T00:00:00+00:00, run_after=2022-01-01T00:00:00+00:00
[2022-11-16T14:29:54.919+0000] {logging_mixin.py:137} INFO - [2022-11-16T14:29:54.919+0000] {dag.py:3340} INFO - Setting next_dagrun for example_subdag_operator.section-1 to None, run_after=None
[2022-11-16T14:29:54.937+0000] {logging_mixin.py:137} INFO - [2022-11-16T14:29:54.936+0000] {dag.py:3340} INFO - Setting next_dagrun for example_subdag_operator.section-2 to None, run_after=None
[2022-11-16T14:29:54.977+0000] {logging_mixin.py:137} INFO - [2022-11-16T14:29:54.977+0000] {dag.py:2585} INFO - Sync 2 DAGs
[2022-11-16T14:29:55.039+0000] {logging_mixin.py:137} INFO - [2022-11-16T14:29:55.039+0000] {dag.py:3340} INFO - Setting next_dagrun for example_subdag_operator.section-1 to None, run_after=None
[2022-11-16T14:29:55.040+0000] {logging_mixin.py:137} INFO - [2022-11-16T14:29:55.040+0000] {dag.py:3340} INFO - Setting next_dagrun for example_subdag_operator.section-2 to None, run_after=None
[2022-11-16T14:29:55.126+0000] {processor.py:176} INFO - Processing /home/airflow/.local/lib/python3.7/site-packages/airflow/example_dags/example_subdag_operator.py took 0.993 seconds
[2022-11-16T14:30:25.243+0000] {processor.py:154} INFO - Started process (PID=1083) to work on /home/airflow/.local/lib/python3.7/site-packages/airflow/example_dags/example_subdag_operator.py
[2022-11-16T14:30:25.244+0000] {processor.py:756} INFO - Processing file /home/airflow/.local/lib/python3.7/site-packages/airflow/example_dags/example_subdag_operator.py for tasks to queue
[2022-11-16T14:30:25.245+0000] {logging_mixin.py:137} INFO - [2022-11-16T14:30:25.245+0000] {dagbag.py:537} INFO - Filling up the DagBag from /home/airflow/.local/lib/python3.7/site-packages/airflow/example_dags/example_subdag_operator.py
[2022-11-16T14:30:25.301+0000] {processor.py:766} INFO - DAG(s) dict_keys(['example_subdag_operator.section-1', 'example_subdag_operator.section-2', 'example_subdag_operator']) retrieved from /home/airflow/.local/lib/python3.7/site-packages/airflow/example_dags/example_subdag_operator.py
[2022-11-16T14:30:25.739+0000] {logging_mixin.py:137} INFO - [2022-11-16T14:30:25.739+0000] {dag.py:2585} INFO - Sync 3 DAGs
[2022-11-16T14:30:25.786+0000] {logging_mixin.py:137} INFO - [2022-11-16T14:30:25.786+0000] {dag.py:3340} INFO - Setting next_dagrun for example_subdag_operator to 2022-01-01T00:00:00+00:00, run_after=2022-01-01T00:00:00+00:00
[2022-11-16T14:30:25.790+0000] {logging_mixin.py:137} INFO - [2022-11-16T14:30:25.790+0000] {dag.py:3340} INFO - Setting next_dagrun for example_subdag_operator.section-1 to None, run_after=None
[2022-11-16T14:30:25.793+0000] {logging_mixin.py:137} INFO - [2022-11-16T14:30:25.793+0000] {dag.py:3340} INFO - Setting next_dagrun for example_subdag_operator.section-2 to None, run_after=None
[2022-11-16T14:30:25.805+0000] {logging_mixin.py:137} INFO - [2022-11-16T14:30:25.805+0000] {dag.py:2585} INFO - Sync 2 DAGs
[2022-11-16T14:30:25.815+0000] {logging_mixin.py:137} INFO - [2022-11-16T14:30:25.815+0000] {dag.py:3340} INFO - Setting next_dagrun for example_subdag_operator.section-1 to None, run_after=None
[2022-11-16T14:30:25.816+0000] {logging_mixin.py:137} INFO - [2022-11-16T14:30:25.815+0000] {dag.py:3340} INFO - Setting next_dagrun for example_subdag_operator.section-2 to None, run_after=None
[2022-11-16T14:30:25.834+0000] {processor.py:176} INFO - Processing /home/airflow/.local/lib/python3.7/site-packages/airflow/example_dags/example_subdag_operator.py took 0.596 seconds
[2022-11-16T14:30:56.231+0000] {processor.py:154} INFO - Started process (PID=1275) to work on /home/airflow/.local/lib/python3.7/site-packages/airflow/example_dags/example_subdag_operator.py
[2022-11-16T14:30:56.233+0000] {processor.py:756} INFO - Processing file /home/airflow/.local/lib/python3.7/site-packages/airflow/example_dags/example_subdag_operator.py for tasks to queue
[2022-11-16T14:30:56.234+0000] {logging_mixin.py:137} INFO - [2022-11-16T14:30:56.234+0000] {dagbag.py:537} INFO - Filling up the DagBag from /home/airflow/.local/lib/python3.7/site-packages/airflow/example_dags/example_subdag_operator.py
[2022-11-16T14:30:56.285+0000] {processor.py:766} INFO - DAG(s) dict_keys(['example_subdag_operator.section-1', 'example_subdag_operator.section-2', 'example_subdag_operator']) retrieved from /home/airflow/.local/lib/python3.7/site-packages/airflow/example_dags/example_subdag_operator.py
[2022-11-16T14:30:56.696+0000] {logging_mixin.py:137} INFO - [2022-11-16T14:30:56.695+0000] {dag.py:2585} INFO - Sync 3 DAGs
[2022-11-16T14:30:56.734+0000] {logging_mixin.py:137} INFO - [2022-11-16T14:30:56.734+0000] {dag.py:3340} INFO - Setting next_dagrun for example_subdag_operator to 2022-01-01T00:00:00+00:00, run_after=2022-01-01T00:00:00+00:00
[2022-11-16T14:30:56.740+0000] {logging_mixin.py:137} INFO - [2022-11-16T14:30:56.740+0000] {dag.py:3340} INFO - Setting next_dagrun for example_subdag_operator.section-1 to None, run_after=None
[2022-11-16T14:30:56.743+0000] {logging_mixin.py:137} INFO - [2022-11-16T14:30:56.742+0000] {dag.py:3340} INFO - Setting next_dagrun for example_subdag_operator.section-2 to None, run_after=None
[2022-11-16T14:30:56.753+0000] {logging_mixin.py:137} INFO - [2022-11-16T14:30:56.753+0000] {dag.py:2585} INFO - Sync 2 DAGs
[2022-11-16T14:30:56.762+0000] {logging_mixin.py:137} INFO - [2022-11-16T14:30:56.762+0000] {dag.py:3340} INFO - Setting next_dagrun for example_subdag_operator.section-1 to None, run_after=None
[2022-11-16T14:30:56.763+0000] {logging_mixin.py:137} INFO - [2022-11-16T14:30:56.763+0000] {dag.py:3340} INFO - Setting next_dagrun for example_subdag_operator.section-2 to None, run_after=None
[2022-11-16T14:30:56.779+0000] {processor.py:176} INFO - Processing /home/airflow/.local/lib/python3.7/site-packages/airflow/example_dags/example_subdag_operator.py took 0.554 seconds
[2022-11-16T14:31:26.924+0000] {processor.py:154} INFO - Started process (PID=1488) to work on /home/airflow/.local/lib/python3.7/site-packages/airflow/example_dags/example_subdag_operator.py
[2022-11-16T14:31:26.925+0000] {processor.py:756} INFO - Processing file /home/airflow/.local/lib/python3.7/site-packages/airflow/example_dags/example_subdag_operator.py for tasks to queue
[2022-11-16T14:31:26.926+0000] {logging_mixin.py:137} INFO - [2022-11-16T14:31:26.926+0000] {dagbag.py:537} INFO - Filling up the DagBag from /home/airflow/.local/lib/python3.7/site-packages/airflow/example_dags/example_subdag_operator.py
[2022-11-16T14:31:26.968+0000] {processor.py:766} INFO - DAG(s) dict_keys(['example_subdag_operator.section-1', 'example_subdag_operator.section-2', 'example_subdag_operator']) retrieved from /home/airflow/.local/lib/python3.7/site-packages/airflow/example_dags/example_subdag_operator.py
[2022-11-16T14:31:27.425+0000] {logging_mixin.py:137} INFO - [2022-11-16T14:31:27.424+0000] {dag.py:2585} INFO - Sync 3 DAGs
[2022-11-16T14:31:27.462+0000] {logging_mixin.py:137} INFO - [2022-11-16T14:31:27.461+0000] {dag.py:3340} INFO - Setting next_dagrun for example_subdag_operator to 2022-01-01T00:00:00+00:00, run_after=2022-01-01T00:00:00+00:00
[2022-11-16T14:31:27.466+0000] {logging_mixin.py:137} INFO - [2022-11-16T14:31:27.466+0000] {dag.py:3340} INFO - Setting next_dagrun for example_subdag_operator.section-1 to None, run_after=None
[2022-11-16T14:31:27.468+0000] {logging_mixin.py:137} INFO - [2022-11-16T14:31:27.468+0000] {dag.py:3340} INFO - Setting next_dagrun for example_subdag_operator.section-2 to None, run_after=None
[2022-11-16T14:31:27.484+0000] {logging_mixin.py:137} INFO - [2022-11-16T14:31:27.483+0000] {dag.py:2585} INFO - Sync 2 DAGs
[2022-11-16T14:31:27.495+0000] {logging_mixin.py:137} INFO - [2022-11-16T14:31:27.495+0000] {dag.py:3340} INFO - Setting next_dagrun for example_subdag_operator.section-1 to None, run_after=None
[2022-11-16T14:31:27.495+0000] {logging_mixin.py:137} INFO - [2022-11-16T14:31:27.495+0000] {dag.py:3340} INFO - Setting next_dagrun for example_subdag_operator.section-2 to None, run_after=None
[2022-11-16T14:31:27.516+0000] {processor.py:176} INFO - Processing /home/airflow/.local/lib/python3.7/site-packages/airflow/example_dags/example_subdag_operator.py took 0.597 seconds
[2022-11-16T14:31:58.295+0000] {processor.py:154} INFO - Started process (PID=1679) to work on /home/airflow/.local/lib/python3.7/site-packages/airflow/example_dags/example_subdag_operator.py
[2022-11-16T14:31:58.296+0000] {processor.py:756} INFO - Processing file /home/airflow/.local/lib/python3.7/site-packages/airflow/example_dags/example_subdag_operator.py for tasks to queue
[2022-11-16T14:31:58.298+0000] {logging_mixin.py:137} INFO - [2022-11-16T14:31:58.297+0000] {dagbag.py:537} INFO - Filling up the DagBag from /home/airflow/.local/lib/python3.7/site-packages/airflow/example_dags/example_subdag_operator.py
[2022-11-16T14:31:58.429+0000] {processor.py:766} INFO - DAG(s) dict_keys(['example_subdag_operator.section-1', 'example_subdag_operator.section-2', 'example_subdag_operator']) retrieved from /home/airflow/.local/lib/python3.7/site-packages/airflow/example_dags/example_subdag_operator.py
[2022-11-16T14:31:59.467+0000] {logging_mixin.py:137} INFO - [2022-11-16T14:31:59.467+0000] {dag.py:2585} INFO - Sync 3 DAGs
[2022-11-16T14:31:59.586+0000] {logging_mixin.py:137} INFO - [2022-11-16T14:31:59.586+0000] {dag.py:3340} INFO - Setting next_dagrun for example_subdag_operator to 2022-01-01T00:00:00+00:00, run_after=2022-01-01T00:00:00+00:00
[2022-11-16T14:31:59.595+0000] {logging_mixin.py:137} INFO - [2022-11-16T14:31:59.595+0000] {dag.py:3340} INFO - Setting next_dagrun for example_subdag_operator.section-1 to None, run_after=None
[2022-11-16T14:31:59.598+0000] {logging_mixin.py:137} INFO - [2022-11-16T14:31:59.598+0000] {dag.py:3340} INFO - Setting next_dagrun for example_subdag_operator.section-2 to None, run_after=None
[2022-11-16T14:31:59.629+0000] {logging_mixin.py:137} INFO - [2022-11-16T14:31:59.629+0000] {dag.py:2585} INFO - Sync 2 DAGs
[2022-11-16T14:31:59.660+0000] {logging_mixin.py:137} INFO - [2022-11-16T14:31:59.660+0000] {dag.py:3340} INFO - Setting next_dagrun for example_subdag_operator.section-1 to None, run_after=None
[2022-11-16T14:31:59.661+0000] {logging_mixin.py:137} INFO - [2022-11-16T14:31:59.661+0000] {dag.py:3340} INFO - Setting next_dagrun for example_subdag_operator.section-2 to None, run_after=None
[2022-11-16T14:31:59.716+0000] {processor.py:176} INFO - Processing /home/airflow/.local/lib/python3.7/site-packages/airflow/example_dags/example_subdag_operator.py took 1.426 seconds
[2022-11-16T14:32:30.001+0000] {processor.py:154} INFO - Started process (PID=1892) to work on /home/airflow/.local/lib/python3.7/site-packages/airflow/example_dags/example_subdag_operator.py
[2022-11-16T14:32:30.003+0000] {processor.py:756} INFO - Processing file /home/airflow/.local/lib/python3.7/site-packages/airflow/example_dags/example_subdag_operator.py for tasks to queue
[2022-11-16T14:32:30.005+0000] {logging_mixin.py:137} INFO - [2022-11-16T14:32:30.004+0000] {dagbag.py:537} INFO - Filling up the DagBag from /home/airflow/.local/lib/python3.7/site-packages/airflow/example_dags/example_subdag_operator.py
[2022-11-16T14:32:30.049+0000] {processor.py:766} INFO - DAG(s) dict_keys(['example_subdag_operator.section-1', 'example_subdag_operator.section-2', 'example_subdag_operator']) retrieved from /home/airflow/.local/lib/python3.7/site-packages/airflow/example_dags/example_subdag_operator.py
[2022-11-16T14:32:30.492+0000] {logging_mixin.py:137} INFO - [2022-11-16T14:32:30.492+0000] {dag.py:2585} INFO - Sync 3 DAGs
[2022-11-16T14:32:30.529+0000] {logging_mixin.py:137} INFO - [2022-11-16T14:32:30.529+0000] {dag.py:3340} INFO - Setting next_dagrun for example_subdag_operator to 2022-01-01T00:00:00+00:00, run_after=2022-01-01T00:00:00+00:00
[2022-11-16T14:32:30.534+0000] {logging_mixin.py:137} INFO - [2022-11-16T14:32:30.533+0000] {dag.py:3340} INFO - Setting next_dagrun for example_subdag_operator.section-1 to None, run_after=None
[2022-11-16T14:32:30.538+0000] {logging_mixin.py:137} INFO - [2022-11-16T14:32:30.538+0000] {dag.py:3340} INFO - Setting next_dagrun for example_subdag_operator.section-2 to None, run_after=None
[2022-11-16T14:32:30.548+0000] {logging_mixin.py:137} INFO - [2022-11-16T14:32:30.548+0000] {dag.py:2585} INFO - Sync 2 DAGs
[2022-11-16T14:32:30.559+0000] {logging_mixin.py:137} INFO - [2022-11-16T14:32:30.559+0000] {dag.py:3340} INFO - Setting next_dagrun for example_subdag_operator.section-1 to None, run_after=None
[2022-11-16T14:32:30.560+0000] {logging_mixin.py:137} INFO - [2022-11-16T14:32:30.560+0000] {dag.py:3340} INFO - Setting next_dagrun for example_subdag_operator.section-2 to None, run_after=None
[2022-11-16T14:32:30.580+0000] {processor.py:176} INFO - Processing /home/airflow/.local/lib/python3.7/site-packages/airflow/example_dags/example_subdag_operator.py took 0.583 seconds
[2022-11-16T14:33:01.274+0000] {processor.py:154} INFO - Started process (PID=2089) to work on /home/airflow/.local/lib/python3.7/site-packages/airflow/example_dags/example_subdag_operator.py
[2022-11-16T14:33:01.276+0000] {processor.py:756} INFO - Processing file /home/airflow/.local/lib/python3.7/site-packages/airflow/example_dags/example_subdag_operator.py for tasks to queue
[2022-11-16T14:33:01.278+0000] {logging_mixin.py:137} INFO - [2022-11-16T14:33:01.278+0000] {dagbag.py:537} INFO - Filling up the DagBag from /home/airflow/.local/lib/python3.7/site-packages/airflow/example_dags/example_subdag_operator.py
[2022-11-16T14:33:01.334+0000] {processor.py:766} INFO - DAG(s) dict_keys(['example_subdag_operator.section-1', 'example_subdag_operator.section-2', 'example_subdag_operator']) retrieved from /home/airflow/.local/lib/python3.7/site-packages/airflow/example_dags/example_subdag_operator.py
[2022-11-16T14:33:01.798+0000] {logging_mixin.py:137} INFO - [2022-11-16T14:33:01.798+0000] {dag.py:2585} INFO - Sync 3 DAGs
[2022-11-16T14:33:01.858+0000] {logging_mixin.py:137} INFO - [2022-11-16T14:33:01.857+0000] {dag.py:3340} INFO - Setting next_dagrun for example_subdag_operator to 2022-01-01T00:00:00+00:00, run_after=2022-01-01T00:00:00+00:00
[2022-11-16T14:33:01.866+0000] {logging_mixin.py:137} INFO - [2022-11-16T14:33:01.866+0000] {dag.py:3340} INFO - Setting next_dagrun for example_subdag_operator.section-1 to None, run_after=None
[2022-11-16T14:33:01.868+0000] {logging_mixin.py:137} INFO - [2022-11-16T14:33:01.868+0000] {dag.py:3340} INFO - Setting next_dagrun for example_subdag_operator.section-2 to None, run_after=None
[2022-11-16T14:33:01.880+0000] {logging_mixin.py:137} INFO - [2022-11-16T14:33:01.880+0000] {dag.py:2585} INFO - Sync 2 DAGs
[2022-11-16T14:33:01.890+0000] {logging_mixin.py:137} INFO - [2022-11-16T14:33:01.889+0000] {dag.py:3340} INFO - Setting next_dagrun for example_subdag_operator.section-1 to None, run_after=None
[2022-11-16T14:33:01.890+0000] {logging_mixin.py:137} INFO - [2022-11-16T14:33:01.890+0000] {dag.py:3340} INFO - Setting next_dagrun for example_subdag_operator.section-2 to None, run_after=None
[2022-11-16T14:33:01.915+0000] {processor.py:176} INFO - Processing /home/airflow/.local/lib/python3.7/site-packages/airflow/example_dags/example_subdag_operator.py took 0.645 seconds
[2022-11-16T14:33:32.011+0000] {processor.py:154} INFO - Started process (PID=2295) to work on /home/airflow/.local/lib/python3.7/site-packages/airflow/example_dags/example_subdag_operator.py
[2022-11-16T14:33:32.013+0000] {processor.py:756} INFO - Processing file /home/airflow/.local/lib/python3.7/site-packages/airflow/example_dags/example_subdag_operator.py for tasks to queue
[2022-11-16T14:33:32.014+0000] {logging_mixin.py:137} INFO - [2022-11-16T14:33:32.013+0000] {dagbag.py:537} INFO - Filling up the DagBag from /home/airflow/.local/lib/python3.7/site-packages/airflow/example_dags/example_subdag_operator.py
[2022-11-16T14:33:32.099+0000] {processor.py:766} INFO - DAG(s) dict_keys(['example_subdag_operator.section-1', 'example_subdag_operator.section-2', 'example_subdag_operator']) retrieved from /home/airflow/.local/lib/python3.7/site-packages/airflow/example_dags/example_subdag_operator.py
[2022-11-16T14:33:32.556+0000] {logging_mixin.py:137} INFO - [2022-11-16T14:33:32.555+0000] {dag.py:2585} INFO - Sync 3 DAGs
[2022-11-16T14:33:32.604+0000] {logging_mixin.py:137} INFO - [2022-11-16T14:33:32.604+0000] {dag.py:3340} INFO - Setting next_dagrun for example_subdag_operator to 2022-01-01T00:00:00+00:00, run_after=2022-01-01T00:00:00+00:00
[2022-11-16T14:33:32.619+0000] {logging_mixin.py:137} INFO - [2022-11-16T14:33:32.619+0000] {dag.py:3340} INFO - Setting next_dagrun for example_subdag_operator.section-1 to None, run_after=None
[2022-11-16T14:33:32.622+0000] {logging_mixin.py:137} INFO - [2022-11-16T14:33:32.622+0000] {dag.py:3340} INFO - Setting next_dagrun for example_subdag_operator.section-2 to None, run_after=None
[2022-11-16T14:33:32.636+0000] {logging_mixin.py:137} INFO - [2022-11-16T14:33:32.636+0000] {dag.py:2585} INFO - Sync 2 DAGs
[2022-11-16T14:33:32.648+0000] {logging_mixin.py:137} INFO - [2022-11-16T14:33:32.648+0000] {dag.py:3340} INFO - Setting next_dagrun for example_subdag_operator.section-1 to None, run_after=None
[2022-11-16T14:33:32.649+0000] {logging_mixin.py:137} INFO - [2022-11-16T14:33:32.649+0000] {dag.py:3340} INFO - Setting next_dagrun for example_subdag_operator.section-2 to None, run_after=None
[2022-11-16T14:33:32.682+0000] {processor.py:176} INFO - Processing /home/airflow/.local/lib/python3.7/site-packages/airflow/example_dags/example_subdag_operator.py took 0.676 seconds
[2022-11-16T14:34:03.108+0000] {processor.py:154} INFO - Started process (PID=2498) to work on /home/airflow/.local/lib/python3.7/site-packages/airflow/example_dags/example_subdag_operator.py
[2022-11-16T14:34:03.109+0000] {processor.py:756} INFO - Processing file /home/airflow/.local/lib/python3.7/site-packages/airflow/example_dags/example_subdag_operator.py for tasks to queue
[2022-11-16T14:34:03.116+0000] {logging_mixin.py:137} INFO - [2022-11-16T14:34:03.115+0000] {dagbag.py:537} INFO - Filling up the DagBag from /home/airflow/.local/lib/python3.7/site-packages/airflow/example_dags/example_subdag_operator.py
[2022-11-16T14:34:03.194+0000] {processor.py:766} INFO - DAG(s) dict_keys(['example_subdag_operator.section-1', 'example_subdag_operator.section-2', 'example_subdag_operator']) retrieved from /home/airflow/.local/lib/python3.7/site-packages/airflow/example_dags/example_subdag_operator.py
[2022-11-16T14:34:03.808+0000] {logging_mixin.py:137} INFO - [2022-11-16T14:34:03.808+0000] {dag.py:2585} INFO - Sync 3 DAGs
[2022-11-16T14:34:03.869+0000] {logging_mixin.py:137} INFO - [2022-11-16T14:34:03.869+0000] {dag.py:3340} INFO - Setting next_dagrun for example_subdag_operator to 2022-01-01T00:00:00+00:00, run_after=2022-01-01T00:00:00+00:00
[2022-11-16T14:34:03.876+0000] {logging_mixin.py:137} INFO - [2022-11-16T14:34:03.876+0000] {dag.py:3340} INFO - Setting next_dagrun for example_subdag_operator.section-1 to None, run_after=None
[2022-11-16T14:34:03.878+0000] {logging_mixin.py:137} INFO - [2022-11-16T14:34:03.877+0000] {dag.py:3340} INFO - Setting next_dagrun for example_subdag_operator.section-2 to None, run_after=None
[2022-11-16T14:34:03.929+0000] {logging_mixin.py:137} INFO - [2022-11-16T14:34:03.928+0000] {dag.py:2585} INFO - Sync 2 DAGs
[2022-11-16T14:34:04.010+0000] {logging_mixin.py:137} INFO - [2022-11-16T14:34:04.010+0000] {dag.py:3340} INFO - Setting next_dagrun for example_subdag_operator.section-1 to None, run_after=None
[2022-11-16T14:34:04.011+0000] {logging_mixin.py:137} INFO - [2022-11-16T14:34:04.010+0000] {dag.py:3340} INFO - Setting next_dagrun for example_subdag_operator.section-2 to None, run_after=None
[2022-11-16T14:34:04.200+0000] {processor.py:176} INFO - Processing /home/airflow/.local/lib/python3.7/site-packages/airflow/example_dags/example_subdag_operator.py took 1.096 seconds
[2022-11-16T14:34:34.716+0000] {processor.py:154} INFO - Started process (PID=2721) to work on /home/airflow/.local/lib/python3.7/site-packages/airflow/example_dags/example_subdag_operator.py
[2022-11-16T14:34:34.718+0000] {processor.py:756} INFO - Processing file /home/airflow/.local/lib/python3.7/site-packages/airflow/example_dags/example_subdag_operator.py for tasks to queue
[2022-11-16T14:34:34.719+0000] {logging_mixin.py:137} INFO - [2022-11-16T14:34:34.719+0000] {dagbag.py:537} INFO - Filling up the DagBag from /home/airflow/.local/lib/python3.7/site-packages/airflow/example_dags/example_subdag_operator.py
[2022-11-16T14:34:34.921+0000] {processor.py:766} INFO - DAG(s) dict_keys(['example_subdag_operator.section-1', 'example_subdag_operator.section-2', 'example_subdag_operator']) retrieved from /home/airflow/.local/lib/python3.7/site-packages/airflow/example_dags/example_subdag_operator.py
[2022-11-16T14:34:35.941+0000] {logging_mixin.py:137} INFO - [2022-11-16T14:34:35.940+0000] {dag.py:2585} INFO - Sync 3 DAGs
[2022-11-16T14:34:36.121+0000] {logging_mixin.py:137} INFO - [2022-11-16T14:34:36.121+0000] {dag.py:3340} INFO - Setting next_dagrun for example_subdag_operator to 2022-01-01T00:00:00+00:00, run_after=2022-01-01T00:00:00+00:00
[2022-11-16T14:34:36.136+0000] {logging_mixin.py:137} INFO - [2022-11-16T14:34:36.136+0000] {dag.py:3340} INFO - Setting next_dagrun for example_subdag_operator.section-1 to None, run_after=None
[2022-11-16T14:34:36.154+0000] {logging_mixin.py:137} INFO - [2022-11-16T14:34:36.154+0000] {dag.py:3340} INFO - Setting next_dagrun for example_subdag_operator.section-2 to None, run_after=None
[2022-11-16T14:34:36.247+0000] {logging_mixin.py:137} INFO - [2022-11-16T14:34:36.247+0000] {dag.py:2585} INFO - Sync 2 DAGs
[2022-11-16T14:34:36.332+0000] {logging_mixin.py:137} INFO - [2022-11-16T14:34:36.331+0000] {dag.py:3340} INFO - Setting next_dagrun for example_subdag_operator.section-1 to None, run_after=None
[2022-11-16T14:34:36.332+0000] {logging_mixin.py:137} INFO - [2022-11-16T14:34:36.332+0000] {dag.py:3340} INFO - Setting next_dagrun for example_subdag_operator.section-2 to None, run_after=None
[2022-11-16T14:34:36.435+0000] {processor.py:176} INFO - Processing /home/airflow/.local/lib/python3.7/site-packages/airflow/example_dags/example_subdag_operator.py took 1.726 seconds
[2022-11-16T14:35:07.152+0000] {processor.py:154} INFO - Started process (PID=2925) to work on /home/airflow/.local/lib/python3.7/site-packages/airflow/example_dags/example_subdag_operator.py
[2022-11-16T14:35:07.156+0000] {processor.py:756} INFO - Processing file /home/airflow/.local/lib/python3.7/site-packages/airflow/example_dags/example_subdag_operator.py for tasks to queue
[2022-11-16T14:35:07.159+0000] {logging_mixin.py:137} INFO - [2022-11-16T14:35:07.158+0000] {dagbag.py:537} INFO - Filling up the DagBag from /home/airflow/.local/lib/python3.7/site-packages/airflow/example_dags/example_subdag_operator.py
[2022-11-16T14:35:07.213+0000] {processor.py:766} INFO - DAG(s) dict_keys(['example_subdag_operator.section-1', 'example_subdag_operator.section-2', 'example_subdag_operator']) retrieved from /home/airflow/.local/lib/python3.7/site-packages/airflow/example_dags/example_subdag_operator.py
[2022-11-16T14:35:07.631+0000] {logging_mixin.py:137} INFO - [2022-11-16T14:35:07.630+0000] {dag.py:2585} INFO - Sync 3 DAGs
[2022-11-16T14:35:07.674+0000] {logging_mixin.py:137} INFO - [2022-11-16T14:35:07.674+0000] {dag.py:3340} INFO - Setting next_dagrun for example_subdag_operator to 2022-01-01T00:00:00+00:00, run_after=2022-01-01T00:00:00+00:00
[2022-11-16T14:35:07.679+0000] {logging_mixin.py:137} INFO - [2022-11-16T14:35:07.679+0000] {dag.py:3340} INFO - Setting next_dagrun for example_subdag_operator.section-1 to None, run_after=None
[2022-11-16T14:35:07.681+0000] {logging_mixin.py:137} INFO - [2022-11-16T14:35:07.681+0000] {dag.py:3340} INFO - Setting next_dagrun for example_subdag_operator.section-2 to None, run_after=None
[2022-11-16T14:35:07.694+0000] {logging_mixin.py:137} INFO - [2022-11-16T14:35:07.694+0000] {dag.py:2585} INFO - Sync 2 DAGs
[2022-11-16T14:35:07.705+0000] {logging_mixin.py:137} INFO - [2022-11-16T14:35:07.704+0000] {dag.py:3340} INFO - Setting next_dagrun for example_subdag_operator.section-1 to None, run_after=None
[2022-11-16T14:35:07.706+0000] {logging_mixin.py:137} INFO - [2022-11-16T14:35:07.706+0000] {dag.py:3340} INFO - Setting next_dagrun for example_subdag_operator.section-2 to None, run_after=None
[2022-11-16T14:35:07.728+0000] {processor.py:176} INFO - Processing /home/airflow/.local/lib/python3.7/site-packages/airflow/example_dags/example_subdag_operator.py took 0.580 seconds
[2022-11-16T14:35:37.847+0000] {processor.py:154} INFO - Started process (PID=3126) to work on /home/airflow/.local/lib/python3.7/site-packages/airflow/example_dags/example_subdag_operator.py
[2022-11-16T14:35:37.850+0000] {processor.py:756} INFO - Processing file /home/airflow/.local/lib/python3.7/site-packages/airflow/example_dags/example_subdag_operator.py for tasks to queue
[2022-11-16T14:35:37.850+0000] {logging_mixin.py:137} INFO - [2022-11-16T14:35:37.850+0000] {dagbag.py:537} INFO - Filling up the DagBag from /home/airflow/.local/lib/python3.7/site-packages/airflow/example_dags/example_subdag_operator.py
[2022-11-16T14:35:37.899+0000] {processor.py:766} INFO - DAG(s) dict_keys(['example_subdag_operator.section-1', 'example_subdag_operator.section-2', 'example_subdag_operator']) retrieved from /home/airflow/.local/lib/python3.7/site-packages/airflow/example_dags/example_subdag_operator.py
[2022-11-16T14:35:38.251+0000] {logging_mixin.py:137} INFO - [2022-11-16T14:35:38.251+0000] {dag.py:2585} INFO - Sync 3 DAGs
[2022-11-16T14:35:38.289+0000] {logging_mixin.py:137} INFO - [2022-11-16T14:35:38.289+0000] {dag.py:3340} INFO - Setting next_dagrun for example_subdag_operator to 2022-01-01T00:00:00+00:00, run_after=2022-01-01T00:00:00+00:00
[2022-11-16T14:35:38.295+0000] {logging_mixin.py:137} INFO - [2022-11-16T14:35:38.295+0000] {dag.py:3340} INFO - Setting next_dagrun for example_subdag_operator.section-1 to None, run_after=None
[2022-11-16T14:35:38.299+0000] {logging_mixin.py:137} INFO - [2022-11-16T14:35:38.299+0000] {dag.py:3340} INFO - Setting next_dagrun for example_subdag_operator.section-2 to None, run_after=None
[2022-11-16T14:35:38.309+0000] {logging_mixin.py:137} INFO - [2022-11-16T14:35:38.308+0000] {dag.py:2585} INFO - Sync 2 DAGs
[2022-11-16T14:35:38.319+0000] {logging_mixin.py:137} INFO - [2022-11-16T14:35:38.319+0000] {dag.py:3340} INFO - Setting next_dagrun for example_subdag_operator.section-1 to None, run_after=None
[2022-11-16T14:35:38.319+0000] {logging_mixin.py:137} INFO - [2022-11-16T14:35:38.319+0000] {dag.py:3340} INFO - Setting next_dagrun for example_subdag_operator.section-2 to None, run_after=None
[2022-11-16T14:35:38.338+0000] {processor.py:176} INFO - Processing /home/airflow/.local/lib/python3.7/site-packages/airflow/example_dags/example_subdag_operator.py took 0.495 seconds
[2022-11-16T14:36:08.389+0000] {processor.py:154} INFO - Started process (PID=3332) to work on /home/airflow/.local/lib/python3.7/site-packages/airflow/example_dags/example_subdag_operator.py
[2022-11-16T14:36:08.390+0000] {processor.py:756} INFO - Processing file /home/airflow/.local/lib/python3.7/site-packages/airflow/example_dags/example_subdag_operator.py for tasks to queue
[2022-11-16T14:36:08.391+0000] {logging_mixin.py:137} INFO - [2022-11-16T14:36:08.391+0000] {dagbag.py:537} INFO - Filling up the DagBag from /home/airflow/.local/lib/python3.7/site-packages/airflow/example_dags/example_subdag_operator.py
[2022-11-16T14:36:08.447+0000] {processor.py:766} INFO - DAG(s) dict_keys(['example_subdag_operator.section-1', 'example_subdag_operator.section-2', 'example_subdag_operator']) retrieved from /home/airflow/.local/lib/python3.7/site-packages/airflow/example_dags/example_subdag_operator.py
[2022-11-16T14:36:08.952+0000] {logging_mixin.py:137} INFO - [2022-11-16T14:36:08.952+0000] {dag.py:2585} INFO - Sync 3 DAGs
[2022-11-16T14:36:09.002+0000] {logging_mixin.py:137} INFO - [2022-11-16T14:36:09.002+0000] {dag.py:3340} INFO - Setting next_dagrun for example_subdag_operator to 2022-01-01T00:00:00+00:00, run_after=2022-01-01T00:00:00+00:00
[2022-11-16T14:36:09.007+0000] {logging_mixin.py:137} INFO - [2022-11-16T14:36:09.007+0000] {dag.py:3340} INFO - Setting next_dagrun for example_subdag_operator.section-1 to None, run_after=None
[2022-11-16T14:36:09.008+0000] {logging_mixin.py:137} INFO - [2022-11-16T14:36:09.008+0000] {dag.py:3340} INFO - Setting next_dagrun for example_subdag_operator.section-2 to None, run_after=None
[2022-11-16T14:36:09.023+0000] {logging_mixin.py:137} INFO - [2022-11-16T14:36:09.023+0000] {dag.py:2585} INFO - Sync 2 DAGs
[2022-11-16T14:36:09.034+0000] {logging_mixin.py:137} INFO - [2022-11-16T14:36:09.034+0000] {dag.py:3340} INFO - Setting next_dagrun for example_subdag_operator.section-1 to None, run_after=None
[2022-11-16T14:36:09.035+0000] {logging_mixin.py:137} INFO - [2022-11-16T14:36:09.035+0000] {dag.py:3340} INFO - Setting next_dagrun for example_subdag_operator.section-2 to None, run_after=None
[2022-11-16T14:36:09.059+0000] {processor.py:176} INFO - Processing /home/airflow/.local/lib/python3.7/site-packages/airflow/example_dags/example_subdag_operator.py took 0.678 seconds
[2022-11-16T14:36:39.748+0000] {processor.py:154} INFO - Started process (PID=3529) to work on /home/airflow/.local/lib/python3.7/site-packages/airflow/example_dags/example_subdag_operator.py
[2022-11-16T14:36:39.749+0000] {processor.py:756} INFO - Processing file /home/airflow/.local/lib/python3.7/site-packages/airflow/example_dags/example_subdag_operator.py for tasks to queue
[2022-11-16T14:36:39.750+0000] {logging_mixin.py:137} INFO - [2022-11-16T14:36:39.750+0000] {dagbag.py:537} INFO - Filling up the DagBag from /home/airflow/.local/lib/python3.7/site-packages/airflow/example_dags/example_subdag_operator.py
[2022-11-16T14:36:39.792+0000] {processor.py:766} INFO - DAG(s) dict_keys(['example_subdag_operator.section-1', 'example_subdag_operator.section-2', 'example_subdag_operator']) retrieved from /home/airflow/.local/lib/python3.7/site-packages/airflow/example_dags/example_subdag_operator.py
[2022-11-16T14:36:40.178+0000] {logging_mixin.py:137} INFO - [2022-11-16T14:36:40.178+0000] {dag.py:2585} INFO - Sync 3 DAGs
[2022-11-16T14:36:40.209+0000] {logging_mixin.py:137} INFO - [2022-11-16T14:36:40.209+0000] {dag.py:3340} INFO - Setting next_dagrun for example_subdag_operator to 2022-01-01T00:00:00+00:00, run_after=2022-01-01T00:00:00+00:00
[2022-11-16T14:36:40.214+0000] {logging_mixin.py:137} INFO - [2022-11-16T14:36:40.214+0000] {dag.py:3340} INFO - Setting next_dagrun for example_subdag_operator.section-1 to None, run_after=None
[2022-11-16T14:36:40.216+0000] {logging_mixin.py:137} INFO - [2022-11-16T14:36:40.215+0000] {dag.py:3340} INFO - Setting next_dagrun for example_subdag_operator.section-2 to None, run_after=None
[2022-11-16T14:36:40.225+0000] {logging_mixin.py:137} INFO - [2022-11-16T14:36:40.225+0000] {dag.py:2585} INFO - Sync 2 DAGs
[2022-11-16T14:36:40.233+0000] {logging_mixin.py:137} INFO - [2022-11-16T14:36:40.233+0000] {dag.py:3340} INFO - Setting next_dagrun for example_subdag_operator.section-1 to None, run_after=None
[2022-11-16T14:36:40.234+0000] {logging_mixin.py:137} INFO - [2022-11-16T14:36:40.234+0000] {dag.py:3340} INFO - Setting next_dagrun for example_subdag_operator.section-2 to None, run_after=None
[2022-11-16T14:36:40.250+0000] {processor.py:176} INFO - Processing /home/airflow/.local/lib/python3.7/site-packages/airflow/example_dags/example_subdag_operator.py took 0.506 seconds
[2022-11-16T14:37:10.331+0000] {processor.py:154} INFO - Started process (PID=3731) to work on /home/airflow/.local/lib/python3.7/site-packages/airflow/example_dags/example_subdag_operator.py
[2022-11-16T14:37:10.332+0000] {processor.py:756} INFO - Processing file /home/airflow/.local/lib/python3.7/site-packages/airflow/example_dags/example_subdag_operator.py for tasks to queue
[2022-11-16T14:37:10.333+0000] {logging_mixin.py:137} INFO - [2022-11-16T14:37:10.333+0000] {dagbag.py:537} INFO - Filling up the DagBag from /home/airflow/.local/lib/python3.7/site-packages/airflow/example_dags/example_subdag_operator.py
[2022-11-16T14:37:10.409+0000] {processor.py:766} INFO - DAG(s) dict_keys(['example_subdag_operator.section-1', 'example_subdag_operator.section-2', 'example_subdag_operator']) retrieved from /home/airflow/.local/lib/python3.7/site-packages/airflow/example_dags/example_subdag_operator.py
[2022-11-16T14:37:10.954+0000] {logging_mixin.py:137} INFO - [2022-11-16T14:37:10.953+0000] {dag.py:2585} INFO - Sync 3 DAGs
[2022-11-16T14:37:11.021+0000] {logging_mixin.py:137} INFO - [2022-11-16T14:37:11.021+0000] {dag.py:3340} INFO - Setting next_dagrun for example_subdag_operator to 2022-01-01T00:00:00+00:00, run_after=2022-01-01T00:00:00+00:00
[2022-11-16T14:37:11.028+0000] {logging_mixin.py:137} INFO - [2022-11-16T14:37:11.028+0000] {dag.py:3340} INFO - Setting next_dagrun for example_subdag_operator.section-1 to None, run_after=None
[2022-11-16T14:37:11.032+0000] {logging_mixin.py:137} INFO - [2022-11-16T14:37:11.032+0000] {dag.py:3340} INFO - Setting next_dagrun for example_subdag_operator.section-2 to None, run_after=None
[2022-11-16T14:37:11.048+0000] {logging_mixin.py:137} INFO - [2022-11-16T14:37:11.048+0000] {dag.py:2585} INFO - Sync 2 DAGs
[2022-11-16T14:37:11.062+0000] {logging_mixin.py:137} INFO - [2022-11-16T14:37:11.061+0000] {dag.py:3340} INFO - Setting next_dagrun for example_subdag_operator.section-1 to None, run_after=None
[2022-11-16T14:37:11.062+0000] {logging_mixin.py:137} INFO - [2022-11-16T14:37:11.062+0000] {dag.py:3340} INFO - Setting next_dagrun for example_subdag_operator.section-2 to None, run_after=None
[2022-11-16T14:37:11.090+0000] {processor.py:176} INFO - Processing /home/airflow/.local/lib/python3.7/site-packages/airflow/example_dags/example_subdag_operator.py took 0.765 seconds
[2022-11-16T14:37:42.098+0000] {processor.py:154} INFO - Started process (PID=3943) to work on /home/airflow/.local/lib/python3.7/site-packages/airflow/example_dags/example_subdag_operator.py
[2022-11-16T14:37:42.099+0000] {processor.py:756} INFO - Processing file /home/airflow/.local/lib/python3.7/site-packages/airflow/example_dags/example_subdag_operator.py for tasks to queue
[2022-11-16T14:37:42.100+0000] {logging_mixin.py:137} INFO - [2022-11-16T14:37:42.100+0000] {dagbag.py:537} INFO - Filling up the DagBag from /home/airflow/.local/lib/python3.7/site-packages/airflow/example_dags/example_subdag_operator.py
[2022-11-16T14:37:42.153+0000] {processor.py:766} INFO - DAG(s) dict_keys(['example_subdag_operator.section-1', 'example_subdag_operator.section-2', 'example_subdag_operator']) retrieved from /home/airflow/.local/lib/python3.7/site-packages/airflow/example_dags/example_subdag_operator.py
[2022-11-16T14:37:42.501+0000] {logging_mixin.py:137} INFO - [2022-11-16T14:37:42.501+0000] {dag.py:2585} INFO - Sync 3 DAGs
[2022-11-16T14:37:42.543+0000] {logging_mixin.py:137} INFO - [2022-11-16T14:37:42.542+0000] {dag.py:3340} INFO - Setting next_dagrun for example_subdag_operator to 2022-01-01T00:00:00+00:00, run_after=2022-01-01T00:00:00+00:00
[2022-11-16T14:37:42.547+0000] {logging_mixin.py:137} INFO - [2022-11-16T14:37:42.547+0000] {dag.py:3340} INFO - Setting next_dagrun for example_subdag_operator.section-1 to None, run_after=None
[2022-11-16T14:37:42.549+0000] {logging_mixin.py:137} INFO - [2022-11-16T14:37:42.548+0000] {dag.py:3340} INFO - Setting next_dagrun for example_subdag_operator.section-2 to None, run_after=None
[2022-11-16T14:37:42.561+0000] {logging_mixin.py:137} INFO - [2022-11-16T14:37:42.561+0000] {dag.py:2585} INFO - Sync 2 DAGs
[2022-11-16T14:37:42.569+0000] {logging_mixin.py:137} INFO - [2022-11-16T14:37:42.569+0000] {dag.py:3340} INFO - Setting next_dagrun for example_subdag_operator.section-1 to None, run_after=None
[2022-11-16T14:37:42.570+0000] {logging_mixin.py:137} INFO - [2022-11-16T14:37:42.570+0000] {dag.py:3340} INFO - Setting next_dagrun for example_subdag_operator.section-2 to None, run_after=None
[2022-11-16T14:37:42.592+0000] {processor.py:176} INFO - Processing /home/airflow/.local/lib/python3.7/site-packages/airflow/example_dags/example_subdag_operator.py took 0.497 seconds
[2022-11-16T14:38:13.548+0000] {processor.py:154} INFO - Started process (PID=4142) to work on /home/airflow/.local/lib/python3.7/site-packages/airflow/example_dags/example_subdag_operator.py
[2022-11-16T14:38:13.549+0000] {processor.py:756} INFO - Processing file /home/airflow/.local/lib/python3.7/site-packages/airflow/example_dags/example_subdag_operator.py for tasks to queue
[2022-11-16T14:38:13.550+0000] {logging_mixin.py:137} INFO - [2022-11-16T14:38:13.550+0000] {dagbag.py:537} INFO - Filling up the DagBag from /home/airflow/.local/lib/python3.7/site-packages/airflow/example_dags/example_subdag_operator.py
[2022-11-16T14:38:13.606+0000] {processor.py:766} INFO - DAG(s) dict_keys(['example_subdag_operator.section-1', 'example_subdag_operator.section-2', 'example_subdag_operator']) retrieved from /home/airflow/.local/lib/python3.7/site-packages/airflow/example_dags/example_subdag_operator.py
[2022-11-16T14:38:14.093+0000] {logging_mixin.py:137} INFO - [2022-11-16T14:38:14.092+0000] {dag.py:2585} INFO - Sync 3 DAGs
[2022-11-16T14:38:14.141+0000] {logging_mixin.py:137} INFO - [2022-11-16T14:38:14.141+0000] {dag.py:3340} INFO - Setting next_dagrun for example_subdag_operator to 2022-01-01T00:00:00+00:00, run_after=2022-01-01T00:00:00+00:00
[2022-11-16T14:38:14.148+0000] {logging_mixin.py:137} INFO - [2022-11-16T14:38:14.148+0000] {dag.py:3340} INFO - Setting next_dagrun for example_subdag_operator.section-1 to None, run_after=None
[2022-11-16T14:38:14.150+0000] {logging_mixin.py:137} INFO - [2022-11-16T14:38:14.150+0000] {dag.py:3340} INFO - Setting next_dagrun for example_subdag_operator.section-2 to None, run_after=None
[2022-11-16T14:38:14.163+0000] {logging_mixin.py:137} INFO - [2022-11-16T14:38:14.162+0000] {dag.py:2585} INFO - Sync 2 DAGs
[2022-11-16T14:38:14.174+0000] {logging_mixin.py:137} INFO - [2022-11-16T14:38:14.174+0000] {dag.py:3340} INFO - Setting next_dagrun for example_subdag_operator.section-1 to None, run_after=None
[2022-11-16T14:38:14.175+0000] {logging_mixin.py:137} INFO - [2022-11-16T14:38:14.175+0000] {dag.py:3340} INFO - Setting next_dagrun for example_subdag_operator.section-2 to None, run_after=None
[2022-11-16T14:38:14.201+0000] {processor.py:176} INFO - Processing /home/airflow/.local/lib/python3.7/site-packages/airflow/example_dags/example_subdag_operator.py took 0.658 seconds
[2022-11-16T14:38:44.873+0000] {processor.py:154} INFO - Started process (PID=4353) to work on /home/airflow/.local/lib/python3.7/site-packages/airflow/example_dags/example_subdag_operator.py
[2022-11-16T14:38:44.875+0000] {processor.py:756} INFO - Processing file /home/airflow/.local/lib/python3.7/site-packages/airflow/example_dags/example_subdag_operator.py for tasks to queue
[2022-11-16T14:38:44.875+0000] {logging_mixin.py:137} INFO - [2022-11-16T14:38:44.875+0000] {dagbag.py:537} INFO - Filling up the DagBag from /home/airflow/.local/lib/python3.7/site-packages/airflow/example_dags/example_subdag_operator.py
[2022-11-16T14:38:44.932+0000] {processor.py:766} INFO - DAG(s) dict_keys(['example_subdag_operator.section-1', 'example_subdag_operator.section-2', 'example_subdag_operator']) retrieved from /home/airflow/.local/lib/python3.7/site-packages/airflow/example_dags/example_subdag_operator.py
[2022-11-16T14:38:45.416+0000] {logging_mixin.py:137} INFO - [2022-11-16T14:38:45.416+0000] {dag.py:2585} INFO - Sync 3 DAGs
[2022-11-16T14:38:45.467+0000] {logging_mixin.py:137} INFO - [2022-11-16T14:38:45.467+0000] {dag.py:3340} INFO - Setting next_dagrun for example_subdag_operator to 2022-01-01T00:00:00+00:00, run_after=2022-01-01T00:00:00+00:00
[2022-11-16T14:38:45.476+0000] {logging_mixin.py:137} INFO - [2022-11-16T14:38:45.476+0000] {dag.py:3340} INFO - Setting next_dagrun for example_subdag_operator.section-1 to None, run_after=None
[2022-11-16T14:38:45.479+0000] {logging_mixin.py:137} INFO - [2022-11-16T14:38:45.479+0000] {dag.py:3340} INFO - Setting next_dagrun for example_subdag_operator.section-2 to None, run_after=None
[2022-11-16T14:38:45.496+0000] {logging_mixin.py:137} INFO - [2022-11-16T14:38:45.496+0000] {dag.py:2585} INFO - Sync 2 DAGs
[2022-11-16T14:38:45.510+0000] {logging_mixin.py:137} INFO - [2022-11-16T14:38:45.510+0000] {dag.py:3340} INFO - Setting next_dagrun for example_subdag_operator.section-1 to None, run_after=None
[2022-11-16T14:38:45.511+0000] {logging_mixin.py:137} INFO - [2022-11-16T14:38:45.511+0000] {dag.py:3340} INFO - Setting next_dagrun for example_subdag_operator.section-2 to None, run_after=None
[2022-11-16T14:38:45.534+0000] {processor.py:176} INFO - Processing /home/airflow/.local/lib/python3.7/site-packages/airflow/example_dags/example_subdag_operator.py took 0.667 seconds
[2022-11-16T14:39:15.692+0000] {processor.py:154} INFO - Started process (PID=4561) to work on /home/airflow/.local/lib/python3.7/site-packages/airflow/example_dags/example_subdag_operator.py
[2022-11-16T14:39:15.693+0000] {processor.py:756} INFO - Processing file /home/airflow/.local/lib/python3.7/site-packages/airflow/example_dags/example_subdag_operator.py for tasks to queue
[2022-11-16T14:39:15.702+0000] {logging_mixin.py:137} INFO - [2022-11-16T14:39:15.693+0000] {dagbag.py:537} INFO - Filling up the DagBag from /home/airflow/.local/lib/python3.7/site-packages/airflow/example_dags/example_subdag_operator.py
[2022-11-16T14:39:15.783+0000] {processor.py:766} INFO - DAG(s) dict_keys(['example_subdag_operator.section-1', 'example_subdag_operator.section-2', 'example_subdag_operator']) retrieved from /home/airflow/.local/lib/python3.7/site-packages/airflow/example_dags/example_subdag_operator.py
[2022-11-16T14:39:16.387+0000] {logging_mixin.py:137} INFO - [2022-11-16T14:39:16.387+0000] {dag.py:2585} INFO - Sync 3 DAGs
[2022-11-16T14:39:16.451+0000] {logging_mixin.py:137} INFO - [2022-11-16T14:39:16.451+0000] {dag.py:3340} INFO - Setting next_dagrun for example_subdag_operator to 2022-01-01T00:00:00+00:00, run_after=2022-01-01T00:00:00+00:00
[2022-11-16T14:39:16.461+0000] {logging_mixin.py:137} INFO - [2022-11-16T14:39:16.461+0000] {dag.py:3340} INFO - Setting next_dagrun for example_subdag_operator.section-1 to None, run_after=None
[2022-11-16T14:39:16.464+0000] {logging_mixin.py:137} INFO - [2022-11-16T14:39:16.464+0000] {dag.py:3340} INFO - Setting next_dagrun for example_subdag_operator.section-2 to None, run_after=None
[2022-11-16T14:39:16.482+0000] {logging_mixin.py:137} INFO - [2022-11-16T14:39:16.482+0000] {dag.py:2585} INFO - Sync 2 DAGs
[2022-11-16T14:39:16.500+0000] {logging_mixin.py:137} INFO - [2022-11-16T14:39:16.499+0000] {dag.py:3340} INFO - Setting next_dagrun for example_subdag_operator.section-1 to None, run_after=None
[2022-11-16T14:39:16.501+0000] {logging_mixin.py:137} INFO - [2022-11-16T14:39:16.501+0000] {dag.py:3340} INFO - Setting next_dagrun for example_subdag_operator.section-2 to None, run_after=None
[2022-11-16T14:39:16.543+0000] {processor.py:176} INFO - Processing /home/airflow/.local/lib/python3.7/site-packages/airflow/example_dags/example_subdag_operator.py took 0.858 seconds
[2022-11-16T14:39:46.611+0000] {processor.py:154} INFO - Started process (PID=4774) to work on /home/airflow/.local/lib/python3.7/site-packages/airflow/example_dags/example_subdag_operator.py
[2022-11-16T14:39:46.617+0000] {processor.py:756} INFO - Processing file /home/airflow/.local/lib/python3.7/site-packages/airflow/example_dags/example_subdag_operator.py for tasks to queue
[2022-11-16T14:39:46.619+0000] {logging_mixin.py:137} INFO - [2022-11-16T14:39:46.618+0000] {dagbag.py:537} INFO - Filling up the DagBag from /home/airflow/.local/lib/python3.7/site-packages/airflow/example_dags/example_subdag_operator.py
[2022-11-16T14:39:46.728+0000] {processor.py:766} INFO - DAG(s) dict_keys(['example_subdag_operator.section-1', 'example_subdag_operator.section-2', 'example_subdag_operator']) retrieved from /home/airflow/.local/lib/python3.7/site-packages/airflow/example_dags/example_subdag_operator.py
[2022-11-16T14:39:47.360+0000] {logging_mixin.py:137} INFO - [2022-11-16T14:39:47.359+0000] {dag.py:2585} INFO - Sync 3 DAGs
[2022-11-16T14:39:47.424+0000] {logging_mixin.py:137} INFO - [2022-11-16T14:39:47.423+0000] {dag.py:3340} INFO - Setting next_dagrun for example_subdag_operator to 2022-01-01T00:00:00+00:00, run_after=2022-01-01T00:00:00+00:00
[2022-11-16T14:39:47.434+0000] {logging_mixin.py:137} INFO - [2022-11-16T14:39:47.433+0000] {dag.py:3340} INFO - Setting next_dagrun for example_subdag_operator.section-1 to None, run_after=None
[2022-11-16T14:39:47.438+0000] {logging_mixin.py:137} INFO - [2022-11-16T14:39:47.438+0000] {dag.py:3340} INFO - Setting next_dagrun for example_subdag_operator.section-2 to None, run_after=None
[2022-11-16T14:39:47.455+0000] {logging_mixin.py:137} INFO - [2022-11-16T14:39:47.455+0000] {dag.py:2585} INFO - Sync 2 DAGs
[2022-11-16T14:39:47.468+0000] {logging_mixin.py:137} INFO - [2022-11-16T14:39:47.468+0000] {dag.py:3340} INFO - Setting next_dagrun for example_subdag_operator.section-1 to None, run_after=None
[2022-11-16T14:39:47.471+0000] {logging_mixin.py:137} INFO - [2022-11-16T14:39:47.470+0000] {dag.py:3340} INFO - Setting next_dagrun for example_subdag_operator.section-2 to None, run_after=None
[2022-11-16T14:39:47.493+0000] {processor.py:176} INFO - Processing /home/airflow/.local/lib/python3.7/site-packages/airflow/example_dags/example_subdag_operator.py took 0.887 seconds
[2022-11-16T14:40:17.768+0000] {processor.py:154} INFO - Started process (PID=4982) to work on /home/airflow/.local/lib/python3.7/site-packages/airflow/example_dags/example_subdag_operator.py
[2022-11-16T14:40:17.769+0000] {processor.py:756} INFO - Processing file /home/airflow/.local/lib/python3.7/site-packages/airflow/example_dags/example_subdag_operator.py for tasks to queue
[2022-11-16T14:40:17.770+0000] {logging_mixin.py:137} INFO - [2022-11-16T14:40:17.770+0000] {dagbag.py:537} INFO - Filling up the DagBag from /home/airflow/.local/lib/python3.7/site-packages/airflow/example_dags/example_subdag_operator.py
[2022-11-16T14:40:17.830+0000] {processor.py:766} INFO - DAG(s) dict_keys(['example_subdag_operator.section-1', 'example_subdag_operator.section-2', 'example_subdag_operator']) retrieved from /home/airflow/.local/lib/python3.7/site-packages/airflow/example_dags/example_subdag_operator.py
[2022-11-16T14:40:18.273+0000] {logging_mixin.py:137} INFO - [2022-11-16T14:40:18.273+0000] {dag.py:2585} INFO - Sync 3 DAGs
[2022-11-16T14:40:18.315+0000] {logging_mixin.py:137} INFO - [2022-11-16T14:40:18.315+0000] {dag.py:3340} INFO - Setting next_dagrun for example_subdag_operator to 2022-01-01T00:00:00+00:00, run_after=2022-01-01T00:00:00+00:00
[2022-11-16T14:40:18.320+0000] {logging_mixin.py:137} INFO - [2022-11-16T14:40:18.320+0000] {dag.py:3340} INFO - Setting next_dagrun for example_subdag_operator.section-1 to None, run_after=None
[2022-11-16T14:40:18.323+0000] {logging_mixin.py:137} INFO - [2022-11-16T14:40:18.322+0000] {dag.py:3340} INFO - Setting next_dagrun for example_subdag_operator.section-2 to None, run_after=None
[2022-11-16T14:40:18.338+0000] {logging_mixin.py:137} INFO - [2022-11-16T14:40:18.338+0000] {dag.py:2585} INFO - Sync 2 DAGs
[2022-11-16T14:40:18.352+0000] {logging_mixin.py:137} INFO - [2022-11-16T14:40:18.352+0000] {dag.py:3340} INFO - Setting next_dagrun for example_subdag_operator.section-1 to None, run_after=None
[2022-11-16T14:40:18.352+0000] {logging_mixin.py:137} INFO - [2022-11-16T14:40:18.352+0000] {dag.py:3340} INFO - Setting next_dagrun for example_subdag_operator.section-2 to None, run_after=None
[2022-11-16T14:40:18.388+0000] {processor.py:176} INFO - Processing /home/airflow/.local/lib/python3.7/site-packages/airflow/example_dags/example_subdag_operator.py took 0.623 seconds
[2022-11-16T14:40:48.501+0000] {processor.py:154} INFO - Started process (PID=5188) to work on /home/airflow/.local/lib/python3.7/site-packages/airflow/example_dags/example_subdag_operator.py
[2022-11-16T14:40:48.506+0000] {processor.py:756} INFO - Processing file /home/airflow/.local/lib/python3.7/site-packages/airflow/example_dags/example_subdag_operator.py for tasks to queue
[2022-11-16T14:40:48.507+0000] {logging_mixin.py:137} INFO - [2022-11-16T14:40:48.507+0000] {dagbag.py:537} INFO - Filling up the DagBag from /home/airflow/.local/lib/python3.7/site-packages/airflow/example_dags/example_subdag_operator.py
[2022-11-16T14:40:48.572+0000] {processor.py:766} INFO - DAG(s) dict_keys(['example_subdag_operator.section-1', 'example_subdag_operator.section-2', 'example_subdag_operator']) retrieved from /home/airflow/.local/lib/python3.7/site-packages/airflow/example_dags/example_subdag_operator.py
[2022-11-16T14:40:49.185+0000] {logging_mixin.py:137} INFO - [2022-11-16T14:40:49.185+0000] {dag.py:2585} INFO - Sync 3 DAGs
[2022-11-16T14:40:49.247+0000] {logging_mixin.py:137} INFO - [2022-11-16T14:40:49.246+0000] {dag.py:3340} INFO - Setting next_dagrun for example_subdag_operator to 2022-01-01T00:00:00+00:00, run_after=2022-01-01T00:00:00+00:00
[2022-11-16T14:40:49.251+0000] {logging_mixin.py:137} INFO - [2022-11-16T14:40:49.251+0000] {dag.py:3340} INFO - Setting next_dagrun for example_subdag_operator.section-1 to None, run_after=None
[2022-11-16T14:40:49.253+0000] {logging_mixin.py:137} INFO - [2022-11-16T14:40:49.253+0000] {dag.py:3340} INFO - Setting next_dagrun for example_subdag_operator.section-2 to None, run_after=None
[2022-11-16T14:40:49.269+0000] {logging_mixin.py:137} INFO - [2022-11-16T14:40:49.269+0000] {dag.py:2585} INFO - Sync 2 DAGs
[2022-11-16T14:40:49.280+0000] {logging_mixin.py:137} INFO - [2022-11-16T14:40:49.280+0000] {dag.py:3340} INFO - Setting next_dagrun for example_subdag_operator.section-1 to None, run_after=None
[2022-11-16T14:40:49.282+0000] {logging_mixin.py:137} INFO - [2022-11-16T14:40:49.281+0000] {dag.py:3340} INFO - Setting next_dagrun for example_subdag_operator.section-2 to None, run_after=None
[2022-11-16T14:40:49.304+0000] {processor.py:176} INFO - Processing /home/airflow/.local/lib/python3.7/site-packages/airflow/example_dags/example_subdag_operator.py took 0.810 seconds
[2022-11-16T14:41:19.392+0000] {processor.py:154} INFO - Started process (PID=5405) to work on /home/airflow/.local/lib/python3.7/site-packages/airflow/example_dags/example_subdag_operator.py
[2022-11-16T14:41:19.393+0000] {processor.py:756} INFO - Processing file /home/airflow/.local/lib/python3.7/site-packages/airflow/example_dags/example_subdag_operator.py for tasks to queue
[2022-11-16T14:41:19.393+0000] {logging_mixin.py:137} INFO - [2022-11-16T14:41:19.393+0000] {dagbag.py:537} INFO - Filling up the DagBag from /home/airflow/.local/lib/python3.7/site-packages/airflow/example_dags/example_subdag_operator.py
[2022-11-16T14:41:19.439+0000] {processor.py:766} INFO - DAG(s) dict_keys(['example_subdag_operator.section-1', 'example_subdag_operator.section-2', 'example_subdag_operator']) retrieved from /home/airflow/.local/lib/python3.7/site-packages/airflow/example_dags/example_subdag_operator.py
[2022-11-16T14:41:19.803+0000] {logging_mixin.py:137} INFO - [2022-11-16T14:41:19.803+0000] {dag.py:2585} INFO - Sync 3 DAGs
[2022-11-16T14:41:19.841+0000] {logging_mixin.py:137} INFO - [2022-11-16T14:41:19.840+0000] {dag.py:3340} INFO - Setting next_dagrun for example_subdag_operator to 2022-01-01T00:00:00+00:00, run_after=2022-01-01T00:00:00+00:00
[2022-11-16T14:41:19.845+0000] {logging_mixin.py:137} INFO - [2022-11-16T14:41:19.845+0000] {dag.py:3340} INFO - Setting next_dagrun for example_subdag_operator.section-1 to None, run_after=None
[2022-11-16T14:41:19.847+0000] {logging_mixin.py:137} INFO - [2022-11-16T14:41:19.847+0000] {dag.py:3340} INFO - Setting next_dagrun for example_subdag_operator.section-2 to None, run_after=None
[2022-11-16T14:41:19.859+0000] {logging_mixin.py:137} INFO - [2022-11-16T14:41:19.859+0000] {dag.py:2585} INFO - Sync 2 DAGs
[2022-11-16T14:41:19.868+0000] {logging_mixin.py:137} INFO - [2022-11-16T14:41:19.867+0000] {dag.py:3340} INFO - Setting next_dagrun for example_subdag_operator.section-1 to None, run_after=None
[2022-11-16T14:41:19.868+0000] {logging_mixin.py:137} INFO - [2022-11-16T14:41:19.868+0000] {dag.py:3340} INFO - Setting next_dagrun for example_subdag_operator.section-2 to None, run_after=None
[2022-11-16T14:41:19.889+0000] {processor.py:176} INFO - Processing /home/airflow/.local/lib/python3.7/site-packages/airflow/example_dags/example_subdag_operator.py took 0.501 seconds
[2022-11-16T14:41:50.030+0000] {processor.py:154} INFO - Started process (PID=5601) to work on /home/airflow/.local/lib/python3.7/site-packages/airflow/example_dags/example_subdag_operator.py
[2022-11-16T14:41:50.032+0000] {processor.py:756} INFO - Processing file /home/airflow/.local/lib/python3.7/site-packages/airflow/example_dags/example_subdag_operator.py for tasks to queue
[2022-11-16T14:41:50.033+0000] {logging_mixin.py:137} INFO - [2022-11-16T14:41:50.032+0000] {dagbag.py:537} INFO - Filling up the DagBag from /home/airflow/.local/lib/python3.7/site-packages/airflow/example_dags/example_subdag_operator.py
[2022-11-16T14:41:50.081+0000] {processor.py:766} INFO - DAG(s) dict_keys(['example_subdag_operator.section-1', 'example_subdag_operator.section-2', 'example_subdag_operator']) retrieved from /home/airflow/.local/lib/python3.7/site-packages/airflow/example_dags/example_subdag_operator.py
[2022-11-16T14:41:50.562+0000] {logging_mixin.py:137} INFO - [2022-11-16T14:41:50.562+0000] {dag.py:2585} INFO - Sync 3 DAGs
[2022-11-16T14:41:50.612+0000] {logging_mixin.py:137} INFO - [2022-11-16T14:41:50.612+0000] {dag.py:3340} INFO - Setting next_dagrun for example_subdag_operator to 2022-01-01T00:00:00+00:00, run_after=2022-01-01T00:00:00+00:00
[2022-11-16T14:41:50.617+0000] {logging_mixin.py:137} INFO - [2022-11-16T14:41:50.617+0000] {dag.py:3340} INFO - Setting next_dagrun for example_subdag_operator.section-1 to None, run_after=None
[2022-11-16T14:41:50.619+0000] {logging_mixin.py:137} INFO - [2022-11-16T14:41:50.619+0000] {dag.py:3340} INFO - Setting next_dagrun for example_subdag_operator.section-2 to None, run_after=None
[2022-11-16T14:41:50.634+0000] {logging_mixin.py:137} INFO - [2022-11-16T14:41:50.634+0000] {dag.py:2585} INFO - Sync 2 DAGs
[2022-11-16T14:41:50.645+0000] {logging_mixin.py:137} INFO - [2022-11-16T14:41:50.645+0000] {dag.py:3340} INFO - Setting next_dagrun for example_subdag_operator.section-1 to None, run_after=None
[2022-11-16T14:41:50.645+0000] {logging_mixin.py:137} INFO - [2022-11-16T14:41:50.645+0000] {dag.py:3340} INFO - Setting next_dagrun for example_subdag_operator.section-2 to None, run_after=None
[2022-11-16T14:41:50.669+0000] {processor.py:176} INFO - Processing /home/airflow/.local/lib/python3.7/site-packages/airflow/example_dags/example_subdag_operator.py took 0.642 seconds
[2022-11-16T14:42:21.164+0000] {processor.py:154} INFO - Started process (PID=5808) to work on /home/airflow/.local/lib/python3.7/site-packages/airflow/example_dags/example_subdag_operator.py
[2022-11-16T14:42:21.166+0000] {processor.py:756} INFO - Processing file /home/airflow/.local/lib/python3.7/site-packages/airflow/example_dags/example_subdag_operator.py for tasks to queue
[2022-11-16T14:42:21.167+0000] {logging_mixin.py:137} INFO - [2022-11-16T14:42:21.167+0000] {dagbag.py:537} INFO - Filling up the DagBag from /home/airflow/.local/lib/python3.7/site-packages/airflow/example_dags/example_subdag_operator.py
[2022-11-16T14:42:21.233+0000] {processor.py:766} INFO - DAG(s) dict_keys(['example_subdag_operator.section-1', 'example_subdag_operator.section-2', 'example_subdag_operator']) retrieved from /home/airflow/.local/lib/python3.7/site-packages/airflow/example_dags/example_subdag_operator.py
[2022-11-16T14:42:21.645+0000] {logging_mixin.py:137} INFO - [2022-11-16T14:42:21.645+0000] {dag.py:2585} INFO - Sync 3 DAGs
[2022-11-16T14:42:21.700+0000] {logging_mixin.py:137} INFO - [2022-11-16T14:42:21.699+0000] {dag.py:3340} INFO - Setting next_dagrun for example_subdag_operator to 2022-01-01T00:00:00+00:00, run_after=2022-01-01T00:00:00+00:00
[2022-11-16T14:42:21.707+0000] {logging_mixin.py:137} INFO - [2022-11-16T14:42:21.707+0000] {dag.py:3340} INFO - Setting next_dagrun for example_subdag_operator.section-1 to None, run_after=None
[2022-11-16T14:42:21.710+0000] {logging_mixin.py:137} INFO - [2022-11-16T14:42:21.709+0000] {dag.py:3340} INFO - Setting next_dagrun for example_subdag_operator.section-2 to None, run_after=None
[2022-11-16T14:42:21.730+0000] {logging_mixin.py:137} INFO - [2022-11-16T14:42:21.730+0000] {dag.py:2585} INFO - Sync 2 DAGs
[2022-11-16T14:42:21.743+0000] {logging_mixin.py:137} INFO - [2022-11-16T14:42:21.743+0000] {dag.py:3340} INFO - Setting next_dagrun for example_subdag_operator.section-1 to None, run_after=None
[2022-11-16T14:42:21.744+0000] {logging_mixin.py:137} INFO - [2022-11-16T14:42:21.743+0000] {dag.py:3340} INFO - Setting next_dagrun for example_subdag_operator.section-2 to None, run_after=None
[2022-11-16T14:42:21.777+0000] {processor.py:176} INFO - Processing /home/airflow/.local/lib/python3.7/site-packages/airflow/example_dags/example_subdag_operator.py took 0.620 seconds
[2022-11-16T14:42:52.565+0000] {processor.py:154} INFO - Started process (PID=6008) to work on /home/airflow/.local/lib/python3.7/site-packages/airflow/example_dags/example_subdag_operator.py
[2022-11-16T14:42:52.566+0000] {processor.py:756} INFO - Processing file /home/airflow/.local/lib/python3.7/site-packages/airflow/example_dags/example_subdag_operator.py for tasks to queue
[2022-11-16T14:42:52.566+0000] {logging_mixin.py:137} INFO - [2022-11-16T14:42:52.566+0000] {dagbag.py:537} INFO - Filling up the DagBag from /home/airflow/.local/lib/python3.7/site-packages/airflow/example_dags/example_subdag_operator.py
[2022-11-16T14:42:52.647+0000] {processor.py:766} INFO - DAG(s) dict_keys(['example_subdag_operator.section-1', 'example_subdag_operator.section-2', 'example_subdag_operator']) retrieved from /home/airflow/.local/lib/python3.7/site-packages/airflow/example_dags/example_subdag_operator.py
[2022-11-16T14:42:53.273+0000] {logging_mixin.py:137} INFO - [2022-11-16T14:42:53.273+0000] {dag.py:2585} INFO - Sync 3 DAGs
[2022-11-16T14:42:53.327+0000] {logging_mixin.py:137} INFO - [2022-11-16T14:42:53.327+0000] {dag.py:3340} INFO - Setting next_dagrun for example_subdag_operator to 2022-01-01T00:00:00+00:00, run_after=2022-01-01T00:00:00+00:00
[2022-11-16T14:42:53.334+0000] {logging_mixin.py:137} INFO - [2022-11-16T14:42:53.334+0000] {dag.py:3340} INFO - Setting next_dagrun for example_subdag_operator.section-1 to None, run_after=None
[2022-11-16T14:42:53.339+0000] {logging_mixin.py:137} INFO - [2022-11-16T14:42:53.338+0000] {dag.py:3340} INFO - Setting next_dagrun for example_subdag_operator.section-2 to None, run_after=None
[2022-11-16T14:42:53.353+0000] {logging_mixin.py:137} INFO - [2022-11-16T14:42:53.353+0000] {dag.py:2585} INFO - Sync 2 DAGs
[2022-11-16T14:42:53.364+0000] {logging_mixin.py:137} INFO - [2022-11-16T14:42:53.364+0000] {dag.py:3340} INFO - Setting next_dagrun for example_subdag_operator.section-1 to None, run_after=None
[2022-11-16T14:42:53.364+0000] {logging_mixin.py:137} INFO - [2022-11-16T14:42:53.364+0000] {dag.py:3340} INFO - Setting next_dagrun for example_subdag_operator.section-2 to None, run_after=None
[2022-11-16T14:42:53.390+0000] {processor.py:176} INFO - Processing /home/airflow/.local/lib/python3.7/site-packages/airflow/example_dags/example_subdag_operator.py took 0.829 seconds
[2022-11-16T14:43:23.679+0000] {processor.py:154} INFO - Started process (PID=6215) to work on /home/airflow/.local/lib/python3.7/site-packages/airflow/example_dags/example_subdag_operator.py
[2022-11-16T14:43:23.680+0000] {processor.py:756} INFO - Processing file /home/airflow/.local/lib/python3.7/site-packages/airflow/example_dags/example_subdag_operator.py for tasks to queue
[2022-11-16T14:43:23.681+0000] {logging_mixin.py:137} INFO - [2022-11-16T14:43:23.681+0000] {dagbag.py:537} INFO - Filling up the DagBag from /home/airflow/.local/lib/python3.7/site-packages/airflow/example_dags/example_subdag_operator.py
[2022-11-16T14:43:23.725+0000] {processor.py:766} INFO - DAG(s) dict_keys(['example_subdag_operator.section-1', 'example_subdag_operator.section-2', 'example_subdag_operator']) retrieved from /home/airflow/.local/lib/python3.7/site-packages/airflow/example_dags/example_subdag_operator.py
[2022-11-16T14:43:24.116+0000] {logging_mixin.py:137} INFO - [2022-11-16T14:43:24.116+0000] {dag.py:2585} INFO - Sync 3 DAGs
[2022-11-16T14:43:24.163+0000] {logging_mixin.py:137} INFO - [2022-11-16T14:43:24.162+0000] {dag.py:3340} INFO - Setting next_dagrun for example_subdag_operator to 2022-01-01T00:00:00+00:00, run_after=2022-01-01T00:00:00+00:00
[2022-11-16T14:43:24.170+0000] {logging_mixin.py:137} INFO - [2022-11-16T14:43:24.170+0000] {dag.py:3340} INFO - Setting next_dagrun for example_subdag_operator.section-1 to None, run_after=None
[2022-11-16T14:43:24.172+0000] {logging_mixin.py:137} INFO - [2022-11-16T14:43:24.172+0000] {dag.py:3340} INFO - Setting next_dagrun for example_subdag_operator.section-2 to None, run_after=None
[2022-11-16T14:43:24.185+0000] {logging_mixin.py:137} INFO - [2022-11-16T14:43:24.184+0000] {dag.py:2585} INFO - Sync 2 DAGs
[2022-11-16T14:43:24.195+0000] {logging_mixin.py:137} INFO - [2022-11-16T14:43:24.194+0000] {dag.py:3340} INFO - Setting next_dagrun for example_subdag_operator.section-1 to None, run_after=None
[2022-11-16T14:43:24.195+0000] {logging_mixin.py:137} INFO - [2022-11-16T14:43:24.195+0000] {dag.py:3340} INFO - Setting next_dagrun for example_subdag_operator.section-2 to None, run_after=None
[2022-11-16T14:43:24.222+0000] {processor.py:176} INFO - Processing /home/airflow/.local/lib/python3.7/site-packages/airflow/example_dags/example_subdag_operator.py took 0.548 seconds
[2022-11-16T14:43:54.908+0000] {processor.py:154} INFO - Started process (PID=6413) to work on /home/airflow/.local/lib/python3.7/site-packages/airflow/example_dags/example_subdag_operator.py
[2022-11-16T14:43:54.913+0000] {processor.py:756} INFO - Processing file /home/airflow/.local/lib/python3.7/site-packages/airflow/example_dags/example_subdag_operator.py for tasks to queue
[2022-11-16T14:43:54.914+0000] {logging_mixin.py:137} INFO - [2022-11-16T14:43:54.914+0000] {dagbag.py:537} INFO - Filling up the DagBag from /home/airflow/.local/lib/python3.7/site-packages/airflow/example_dags/example_subdag_operator.py
[2022-11-16T14:43:54.980+0000] {processor.py:766} INFO - DAG(s) dict_keys(['example_subdag_operator.section-1', 'example_subdag_operator.section-2', 'example_subdag_operator']) retrieved from /home/airflow/.local/lib/python3.7/site-packages/airflow/example_dags/example_subdag_operator.py
[2022-11-16T14:43:55.464+0000] {logging_mixin.py:137} INFO - [2022-11-16T14:43:55.464+0000] {dag.py:2585} INFO - Sync 3 DAGs
[2022-11-16T14:43:55.506+0000] {logging_mixin.py:137} INFO - [2022-11-16T14:43:55.506+0000] {dag.py:3340} INFO - Setting next_dagrun for example_subdag_operator to 2022-01-01T00:00:00+00:00, run_after=2022-01-01T00:00:00+00:00
[2022-11-16T14:43:55.511+0000] {logging_mixin.py:137} INFO - [2022-11-16T14:43:55.511+0000] {dag.py:3340} INFO - Setting next_dagrun for example_subdag_operator.section-1 to None, run_after=None
[2022-11-16T14:43:55.513+0000] {logging_mixin.py:137} INFO - [2022-11-16T14:43:55.512+0000] {dag.py:3340} INFO - Setting next_dagrun for example_subdag_operator.section-2 to None, run_after=None
[2022-11-16T14:43:55.524+0000] {logging_mixin.py:137} INFO - [2022-11-16T14:43:55.524+0000] {dag.py:2585} INFO - Sync 2 DAGs
[2022-11-16T14:43:55.532+0000] {logging_mixin.py:137} INFO - [2022-11-16T14:43:55.531+0000] {dag.py:3340} INFO - Setting next_dagrun for example_subdag_operator.section-1 to None, run_after=None
[2022-11-16T14:43:55.532+0000] {logging_mixin.py:137} INFO - [2022-11-16T14:43:55.532+0000] {dag.py:3340} INFO - Setting next_dagrun for example_subdag_operator.section-2 to None, run_after=None
[2022-11-16T14:43:55.551+0000] {processor.py:176} INFO - Processing /home/airflow/.local/lib/python3.7/site-packages/airflow/example_dags/example_subdag_operator.py took 0.650 seconds
[2022-11-16T14:44:25.581+0000] {processor.py:154} INFO - Started process (PID=6620) to work on /home/airflow/.local/lib/python3.7/site-packages/airflow/example_dags/example_subdag_operator.py
[2022-11-16T14:44:25.582+0000] {processor.py:756} INFO - Processing file /home/airflow/.local/lib/python3.7/site-packages/airflow/example_dags/example_subdag_operator.py for tasks to queue
[2022-11-16T14:44:25.583+0000] {logging_mixin.py:137} INFO - [2022-11-16T14:44:25.582+0000] {dagbag.py:537} INFO - Filling up the DagBag from /home/airflow/.local/lib/python3.7/site-packages/airflow/example_dags/example_subdag_operator.py
[2022-11-16T14:44:25.639+0000] {processor.py:766} INFO - DAG(s) dict_keys(['example_subdag_operator.section-1', 'example_subdag_operator.section-2', 'example_subdag_operator']) retrieved from /home/airflow/.local/lib/python3.7/site-packages/airflow/example_dags/example_subdag_operator.py
[2022-11-16T14:44:26.005+0000] {logging_mixin.py:137} INFO - [2022-11-16T14:44:26.005+0000] {dag.py:2585} INFO - Sync 3 DAGs
[2022-11-16T14:44:26.045+0000] {logging_mixin.py:137} INFO - [2022-11-16T14:44:26.045+0000] {dag.py:3340} INFO - Setting next_dagrun for example_subdag_operator to 2022-01-01T00:00:00+00:00, run_after=2022-01-01T00:00:00+00:00
[2022-11-16T14:44:26.052+0000] {logging_mixin.py:137} INFO - [2022-11-16T14:44:26.052+0000] {dag.py:3340} INFO - Setting next_dagrun for example_subdag_operator.section-1 to None, run_after=None
[2022-11-16T14:44:26.055+0000] {logging_mixin.py:137} INFO - [2022-11-16T14:44:26.055+0000] {dag.py:3340} INFO - Setting next_dagrun for example_subdag_operator.section-2 to None, run_after=None
[2022-11-16T14:44:26.067+0000] {logging_mixin.py:137} INFO - [2022-11-16T14:44:26.067+0000] {dag.py:2585} INFO - Sync 2 DAGs
[2022-11-16T14:44:26.077+0000] {logging_mixin.py:137} INFO - [2022-11-16T14:44:26.077+0000] {dag.py:3340} INFO - Setting next_dagrun for example_subdag_operator.section-1 to None, run_after=None
[2022-11-16T14:44:26.078+0000] {logging_mixin.py:137} INFO - [2022-11-16T14:44:26.078+0000] {dag.py:3340} INFO - Setting next_dagrun for example_subdag_operator.section-2 to None, run_after=None
[2022-11-16T14:44:26.096+0000] {processor.py:176} INFO - Processing /home/airflow/.local/lib/python3.7/site-packages/airflow/example_dags/example_subdag_operator.py took 0.519 seconds
[2022-11-16T14:44:57.045+0000] {processor.py:154} INFO - Started process (PID=6818) to work on /home/airflow/.local/lib/python3.7/site-packages/airflow/example_dags/example_subdag_operator.py
[2022-11-16T14:44:57.045+0000] {processor.py:756} INFO - Processing file /home/airflow/.local/lib/python3.7/site-packages/airflow/example_dags/example_subdag_operator.py for tasks to queue
[2022-11-16T14:44:57.046+0000] {logging_mixin.py:137} INFO - [2022-11-16T14:44:57.046+0000] {dagbag.py:537} INFO - Filling up the DagBag from /home/airflow/.local/lib/python3.7/site-packages/airflow/example_dags/example_subdag_operator.py
[2022-11-16T14:44:57.093+0000] {processor.py:766} INFO - DAG(s) dict_keys(['example_subdag_operator.section-1', 'example_subdag_operator.section-2', 'example_subdag_operator']) retrieved from /home/airflow/.local/lib/python3.7/site-packages/airflow/example_dags/example_subdag_operator.py
[2022-11-16T14:44:57.446+0000] {logging_mixin.py:137} INFO - [2022-11-16T14:44:57.446+0000] {dag.py:2585} INFO - Sync 3 DAGs
[2022-11-16T14:44:57.483+0000] {logging_mixin.py:137} INFO - [2022-11-16T14:44:57.483+0000] {dag.py:3340} INFO - Setting next_dagrun for example_subdag_operator to 2022-01-01T00:00:00+00:00, run_after=2022-01-01T00:00:00+00:00
[2022-11-16T14:44:57.491+0000] {logging_mixin.py:137} INFO - [2022-11-16T14:44:57.491+0000] {dag.py:3340} INFO - Setting next_dagrun for example_subdag_operator.section-1 to None, run_after=None
[2022-11-16T14:44:57.493+0000] {logging_mixin.py:137} INFO - [2022-11-16T14:44:57.493+0000] {dag.py:3340} INFO - Setting next_dagrun for example_subdag_operator.section-2 to None, run_after=None
[2022-11-16T14:44:57.504+0000] {logging_mixin.py:137} INFO - [2022-11-16T14:44:57.503+0000] {dag.py:2585} INFO - Sync 2 DAGs
[2022-11-16T14:44:57.511+0000] {logging_mixin.py:137} INFO - [2022-11-16T14:44:57.511+0000] {dag.py:3340} INFO - Setting next_dagrun for example_subdag_operator.section-1 to None, run_after=None
[2022-11-16T14:44:57.512+0000] {logging_mixin.py:137} INFO - [2022-11-16T14:44:57.512+0000] {dag.py:3340} INFO - Setting next_dagrun for example_subdag_operator.section-2 to None, run_after=None
[2022-11-16T14:44:57.531+0000] {processor.py:176} INFO - Processing /home/airflow/.local/lib/python3.7/site-packages/airflow/example_dags/example_subdag_operator.py took 0.491 seconds
[2022-11-16T14:45:27.605+0000] {processor.py:154} INFO - Started process (PID=7024) to work on /home/airflow/.local/lib/python3.7/site-packages/airflow/example_dags/example_subdag_operator.py
[2022-11-16T14:45:27.606+0000] {processor.py:756} INFO - Processing file /home/airflow/.local/lib/python3.7/site-packages/airflow/example_dags/example_subdag_operator.py for tasks to queue
[2022-11-16T14:45:27.607+0000] {logging_mixin.py:137} INFO - [2022-11-16T14:45:27.607+0000] {dagbag.py:537} INFO - Filling up the DagBag from /home/airflow/.local/lib/python3.7/site-packages/airflow/example_dags/example_subdag_operator.py
[2022-11-16T14:45:27.662+0000] {processor.py:766} INFO - DAG(s) dict_keys(['example_subdag_operator.section-1', 'example_subdag_operator.section-2', 'example_subdag_operator']) retrieved from /home/airflow/.local/lib/python3.7/site-packages/airflow/example_dags/example_subdag_operator.py
[2022-11-16T14:45:28.059+0000] {logging_mixin.py:137} INFO - [2022-11-16T14:45:28.059+0000] {dag.py:2585} INFO - Sync 3 DAGs
[2022-11-16T14:45:28.106+0000] {logging_mixin.py:137} INFO - [2022-11-16T14:45:28.105+0000] {dag.py:3340} INFO - Setting next_dagrun for example_subdag_operator to 2022-01-01T00:00:00+00:00, run_after=2022-01-01T00:00:00+00:00
[2022-11-16T14:45:28.112+0000] {logging_mixin.py:137} INFO - [2022-11-16T14:45:28.112+0000] {dag.py:3340} INFO - Setting next_dagrun for example_subdag_operator.section-1 to None, run_after=None
[2022-11-16T14:45:28.114+0000] {logging_mixin.py:137} INFO - [2022-11-16T14:45:28.114+0000] {dag.py:3340} INFO - Setting next_dagrun for example_subdag_operator.section-2 to None, run_after=None
[2022-11-16T14:45:28.129+0000] {logging_mixin.py:137} INFO - [2022-11-16T14:45:28.128+0000] {dag.py:2585} INFO - Sync 2 DAGs
[2022-11-16T14:45:28.137+0000] {logging_mixin.py:137} INFO - [2022-11-16T14:45:28.137+0000] {dag.py:3340} INFO - Setting next_dagrun for example_subdag_operator.section-1 to None, run_after=None
[2022-11-16T14:45:28.138+0000] {logging_mixin.py:137} INFO - [2022-11-16T14:45:28.138+0000] {dag.py:3340} INFO - Setting next_dagrun for example_subdag_operator.section-2 to None, run_after=None
[2022-11-16T14:45:28.157+0000] {processor.py:176} INFO - Processing /home/airflow/.local/lib/python3.7/site-packages/airflow/example_dags/example_subdag_operator.py took 0.556 seconds
