[2022-11-16T14:28:18.960+0000] {processor.py:154} INFO - Started process (PID=238) to work on /home/airflow/.local/lib/python3.7/site-packages/airflow/example_dags/example_branch_labels.py
[2022-11-16T14:28:18.961+0000] {processor.py:756} INFO - Processing file /home/airflow/.local/lib/python3.7/site-packages/airflow/example_dags/example_branch_labels.py for tasks to queue
[2022-11-16T14:28:18.963+0000] {logging_mixin.py:137} INFO - [2022-11-16T14:28:18.963+0000] {dagbag.py:537} INFO - Filling up the DagBag from /home/airflow/.local/lib/python3.7/site-packages/airflow/example_dags/example_branch_labels.py
[2022-11-16T14:28:18.992+0000] {processor.py:766} INFO - DAG(s) dict_keys(['example_branch_labels']) retrieved from /home/airflow/.local/lib/python3.7/site-packages/airflow/example_dags/example_branch_labels.py
[2022-11-16T14:28:19.066+0000] {logging_mixin.py:137} INFO - [2022-11-16T14:28:19.066+0000] {dag.py:2585} INFO - Sync 1 DAGs
[2022-11-16T14:28:19.117+0000] {logging_mixin.py:137} INFO - [2022-11-16T14:28:19.117+0000] {dag.py:3340} INFO - Setting next_dagrun for example_branch_labels to 2022-11-15T00:00:00+00:00, run_after=2022-11-16T00:00:00+00:00
[2022-11-16T14:28:19.143+0000] {processor.py:176} INFO - Processing /home/airflow/.local/lib/python3.7/site-packages/airflow/example_dags/example_branch_labels.py took 0.187 seconds
[2022-11-16T14:28:50.169+0000] {processor.py:154} INFO - Started process (PID=443) to work on /home/airflow/.local/lib/python3.7/site-packages/airflow/example_dags/example_branch_labels.py
[2022-11-16T14:28:50.171+0000] {processor.py:756} INFO - Processing file /home/airflow/.local/lib/python3.7/site-packages/airflow/example_dags/example_branch_labels.py for tasks to queue
[2022-11-16T14:28:50.172+0000] {logging_mixin.py:137} INFO - [2022-11-16T14:28:50.171+0000] {dagbag.py:537} INFO - Filling up the DagBag from /home/airflow/.local/lib/python3.7/site-packages/airflow/example_dags/example_branch_labels.py
[2022-11-16T14:28:50.231+0000] {processor.py:766} INFO - DAG(s) dict_keys(['example_branch_labels']) retrieved from /home/airflow/.local/lib/python3.7/site-packages/airflow/example_dags/example_branch_labels.py
[2022-11-16T14:28:50.346+0000] {logging_mixin.py:137} INFO - [2022-11-16T14:28:50.346+0000] {dag.py:2585} INFO - Sync 1 DAGs
[2022-11-16T14:28:50.438+0000] {logging_mixin.py:137} INFO - [2022-11-16T14:28:50.438+0000] {dag.py:3340} INFO - Setting next_dagrun for example_branch_labels to 2022-11-15T00:00:00+00:00, run_after=2022-11-16T00:00:00+00:00
[2022-11-16T14:28:50.509+0000] {processor.py:176} INFO - Processing /home/airflow/.local/lib/python3.7/site-packages/airflow/example_dags/example_branch_labels.py took 0.347 seconds
[2022-11-16T14:29:21.749+0000] {processor.py:154} INFO - Started process (PID=644) to work on /home/airflow/.local/lib/python3.7/site-packages/airflow/example_dags/example_branch_labels.py
[2022-11-16T14:29:21.750+0000] {processor.py:756} INFO - Processing file /home/airflow/.local/lib/python3.7/site-packages/airflow/example_dags/example_branch_labels.py for tasks to queue
[2022-11-16T14:29:21.751+0000] {logging_mixin.py:137} INFO - [2022-11-16T14:29:21.751+0000] {dagbag.py:537} INFO - Filling up the DagBag from /home/airflow/.local/lib/python3.7/site-packages/airflow/example_dags/example_branch_labels.py
[2022-11-16T14:29:21.779+0000] {processor.py:766} INFO - DAG(s) dict_keys(['example_branch_labels']) retrieved from /home/airflow/.local/lib/python3.7/site-packages/airflow/example_dags/example_branch_labels.py
[2022-11-16T14:29:21.852+0000] {logging_mixin.py:137} INFO - [2022-11-16T14:29:21.851+0000] {dag.py:2585} INFO - Sync 1 DAGs
[2022-11-16T14:29:21.903+0000] {logging_mixin.py:137} INFO - [2022-11-16T14:29:21.902+0000] {dag.py:3340} INFO - Setting next_dagrun for example_branch_labels to 2022-11-15T00:00:00+00:00, run_after=2022-11-16T00:00:00+00:00
[2022-11-16T14:29:21.948+0000] {processor.py:176} INFO - Processing /home/airflow/.local/lib/python3.7/site-packages/airflow/example_dags/example_branch_labels.py took 0.204 seconds
[2022-11-16T14:29:52.492+0000] {processor.py:154} INFO - Started process (PID=844) to work on /home/airflow/.local/lib/python3.7/site-packages/airflow/example_dags/example_branch_labels.py
[2022-11-16T14:29:52.493+0000] {processor.py:756} INFO - Processing file /home/airflow/.local/lib/python3.7/site-packages/airflow/example_dags/example_branch_labels.py for tasks to queue
[2022-11-16T14:29:52.493+0000] {logging_mixin.py:137} INFO - [2022-11-16T14:29:52.493+0000] {dagbag.py:537} INFO - Filling up the DagBag from /home/airflow/.local/lib/python3.7/site-packages/airflow/example_dags/example_branch_labels.py
[2022-11-16T14:29:52.519+0000] {processor.py:766} INFO - DAG(s) dict_keys(['example_branch_labels']) retrieved from /home/airflow/.local/lib/python3.7/site-packages/airflow/example_dags/example_branch_labels.py
[2022-11-16T14:29:52.580+0000] {logging_mixin.py:137} INFO - [2022-11-16T14:29:52.580+0000] {dag.py:2585} INFO - Sync 1 DAGs
[2022-11-16T14:29:52.622+0000] {logging_mixin.py:137} INFO - [2022-11-16T14:29:52.621+0000] {dag.py:3340} INFO - Setting next_dagrun for example_branch_labels to 2022-11-15T00:00:00+00:00, run_after=2022-11-16T00:00:00+00:00
[2022-11-16T14:29:52.648+0000] {processor.py:176} INFO - Processing /home/airflow/.local/lib/python3.7/site-packages/airflow/example_dags/example_branch_labels.py took 0.161 seconds
[2022-11-16T14:30:24.083+0000] {processor.py:154} INFO - Started process (PID=1048) to work on /home/airflow/.local/lib/python3.7/site-packages/airflow/example_dags/example_branch_labels.py
[2022-11-16T14:30:24.084+0000] {processor.py:756} INFO - Processing file /home/airflow/.local/lib/python3.7/site-packages/airflow/example_dags/example_branch_labels.py for tasks to queue
[2022-11-16T14:30:24.085+0000] {logging_mixin.py:137} INFO - [2022-11-16T14:30:24.085+0000] {dagbag.py:537} INFO - Filling up the DagBag from /home/airflow/.local/lib/python3.7/site-packages/airflow/example_dags/example_branch_labels.py
[2022-11-16T14:30:24.120+0000] {processor.py:766} INFO - DAG(s) dict_keys(['example_branch_labels']) retrieved from /home/airflow/.local/lib/python3.7/site-packages/airflow/example_dags/example_branch_labels.py
[2022-11-16T14:30:24.214+0000] {logging_mixin.py:137} INFO - [2022-11-16T14:30:24.213+0000] {dag.py:2585} INFO - Sync 1 DAGs
[2022-11-16T14:30:24.265+0000] {logging_mixin.py:137} INFO - [2022-11-16T14:30:24.265+0000] {dag.py:3340} INFO - Setting next_dagrun for example_branch_labels to 2022-11-15T00:00:00+00:00, run_after=2022-11-16T00:00:00+00:00
[2022-11-16T14:30:24.303+0000] {processor.py:176} INFO - Processing /home/airflow/.local/lib/python3.7/site-packages/airflow/example_dags/example_branch_labels.py took 0.226 seconds
[2022-11-16T14:30:54.518+0000] {processor.py:154} INFO - Started process (PID=1247) to work on /home/airflow/.local/lib/python3.7/site-packages/airflow/example_dags/example_branch_labels.py
[2022-11-16T14:30:54.519+0000] {processor.py:756} INFO - Processing file /home/airflow/.local/lib/python3.7/site-packages/airflow/example_dags/example_branch_labels.py for tasks to queue
[2022-11-16T14:30:54.519+0000] {logging_mixin.py:137} INFO - [2022-11-16T14:30:54.519+0000] {dagbag.py:537} INFO - Filling up the DagBag from /home/airflow/.local/lib/python3.7/site-packages/airflow/example_dags/example_branch_labels.py
[2022-11-16T14:30:54.539+0000] {processor.py:766} INFO - DAG(s) dict_keys(['example_branch_labels']) retrieved from /home/airflow/.local/lib/python3.7/site-packages/airflow/example_dags/example_branch_labels.py
[2022-11-16T14:30:54.588+0000] {logging_mixin.py:137} INFO - [2022-11-16T14:30:54.588+0000] {dag.py:2585} INFO - Sync 1 DAGs
[2022-11-16T14:30:54.625+0000] {logging_mixin.py:137} INFO - [2022-11-16T14:30:54.625+0000] {dag.py:3340} INFO - Setting next_dagrun for example_branch_labels to 2022-11-15T00:00:00+00:00, run_after=2022-11-16T00:00:00+00:00
[2022-11-16T14:30:54.652+0000] {processor.py:176} INFO - Processing /home/airflow/.local/lib/python3.7/site-packages/airflow/example_dags/example_branch_labels.py took 0.138 seconds
[2022-11-16T14:31:25.095+0000] {processor.py:154} INFO - Started process (PID=1451) to work on /home/airflow/.local/lib/python3.7/site-packages/airflow/example_dags/example_branch_labels.py
[2022-11-16T14:31:25.096+0000] {processor.py:756} INFO - Processing file /home/airflow/.local/lib/python3.7/site-packages/airflow/example_dags/example_branch_labels.py for tasks to queue
[2022-11-16T14:31:25.097+0000] {logging_mixin.py:137} INFO - [2022-11-16T14:31:25.097+0000] {dagbag.py:537} INFO - Filling up the DagBag from /home/airflow/.local/lib/python3.7/site-packages/airflow/example_dags/example_branch_labels.py
[2022-11-16T14:31:25.126+0000] {processor.py:766} INFO - DAG(s) dict_keys(['example_branch_labels']) retrieved from /home/airflow/.local/lib/python3.7/site-packages/airflow/example_dags/example_branch_labels.py
[2022-11-16T14:31:25.196+0000] {logging_mixin.py:137} INFO - [2022-11-16T14:31:25.196+0000] {dag.py:2585} INFO - Sync 1 DAGs
[2022-11-16T14:31:25.259+0000] {logging_mixin.py:137} INFO - [2022-11-16T14:31:25.259+0000] {dag.py:3340} INFO - Setting next_dagrun for example_branch_labels to 2022-11-15T00:00:00+00:00, run_after=2022-11-16T00:00:00+00:00
[2022-11-16T14:31:25.301+0000] {processor.py:176} INFO - Processing /home/airflow/.local/lib/python3.7/site-packages/airflow/example_dags/example_branch_labels.py took 0.209 seconds
[2022-11-16T14:31:56.985+0000] {processor.py:154} INFO - Started process (PID=1651) to work on /home/airflow/.local/lib/python3.7/site-packages/airflow/example_dags/example_branch_labels.py
[2022-11-16T14:31:56.986+0000] {processor.py:756} INFO - Processing file /home/airflow/.local/lib/python3.7/site-packages/airflow/example_dags/example_branch_labels.py for tasks to queue
[2022-11-16T14:31:56.990+0000] {logging_mixin.py:137} INFO - [2022-11-16T14:31:56.989+0000] {dagbag.py:537} INFO - Filling up the DagBag from /home/airflow/.local/lib/python3.7/site-packages/airflow/example_dags/example_branch_labels.py
[2022-11-16T14:31:57.027+0000] {processor.py:766} INFO - DAG(s) dict_keys(['example_branch_labels']) retrieved from /home/airflow/.local/lib/python3.7/site-packages/airflow/example_dags/example_branch_labels.py
[2022-11-16T14:31:57.131+0000] {logging_mixin.py:137} INFO - [2022-11-16T14:31:57.131+0000] {dag.py:2585} INFO - Sync 1 DAGs
[2022-11-16T14:31:57.208+0000] {logging_mixin.py:137} INFO - [2022-11-16T14:31:57.207+0000] {dag.py:3340} INFO - Setting next_dagrun for example_branch_labels to 2022-11-15T00:00:00+00:00, run_after=2022-11-16T00:00:00+00:00
[2022-11-16T14:31:57.275+0000] {processor.py:176} INFO - Processing /home/airflow/.local/lib/python3.7/site-packages/airflow/example_dags/example_branch_labels.py took 0.296 seconds
[2022-11-16T14:32:27.829+0000] {processor.py:154} INFO - Started process (PID=1855) to work on /home/airflow/.local/lib/python3.7/site-packages/airflow/example_dags/example_branch_labels.py
[2022-11-16T14:32:27.830+0000] {processor.py:756} INFO - Processing file /home/airflow/.local/lib/python3.7/site-packages/airflow/example_dags/example_branch_labels.py for tasks to queue
[2022-11-16T14:32:27.832+0000] {logging_mixin.py:137} INFO - [2022-11-16T14:32:27.831+0000] {dagbag.py:537} INFO - Filling up the DagBag from /home/airflow/.local/lib/python3.7/site-packages/airflow/example_dags/example_branch_labels.py
[2022-11-16T14:32:27.866+0000] {processor.py:766} INFO - DAG(s) dict_keys(['example_branch_labels']) retrieved from /home/airflow/.local/lib/python3.7/site-packages/airflow/example_dags/example_branch_labels.py
[2022-11-16T14:32:27.960+0000] {logging_mixin.py:137} INFO - [2022-11-16T14:32:27.959+0000] {dag.py:2585} INFO - Sync 1 DAGs
[2022-11-16T14:32:28.018+0000] {logging_mixin.py:137} INFO - [2022-11-16T14:32:28.017+0000] {dag.py:3340} INFO - Setting next_dagrun for example_branch_labels to 2022-11-15T00:00:00+00:00, run_after=2022-11-16T00:00:00+00:00
[2022-11-16T14:32:28.064+0000] {processor.py:176} INFO - Processing /home/airflow/.local/lib/python3.7/site-packages/airflow/example_dags/example_branch_labels.py took 0.239 seconds
[2022-11-16T14:32:58.377+0000] {processor.py:154} INFO - Started process (PID=2052) to work on /home/airflow/.local/lib/python3.7/site-packages/airflow/example_dags/example_branch_labels.py
[2022-11-16T14:32:58.379+0000] {processor.py:756} INFO - Processing file /home/airflow/.local/lib/python3.7/site-packages/airflow/example_dags/example_branch_labels.py for tasks to queue
[2022-11-16T14:32:58.379+0000] {logging_mixin.py:137} INFO - [2022-11-16T14:32:58.379+0000] {dagbag.py:537} INFO - Filling up the DagBag from /home/airflow/.local/lib/python3.7/site-packages/airflow/example_dags/example_branch_labels.py
[2022-11-16T14:32:58.412+0000] {processor.py:766} INFO - DAG(s) dict_keys(['example_branch_labels']) retrieved from /home/airflow/.local/lib/python3.7/site-packages/airflow/example_dags/example_branch_labels.py
[2022-11-16T14:32:58.500+0000] {logging_mixin.py:137} INFO - [2022-11-16T14:32:58.500+0000] {dag.py:2585} INFO - Sync 1 DAGs
[2022-11-16T14:32:58.565+0000] {logging_mixin.py:137} INFO - [2022-11-16T14:32:58.564+0000] {dag.py:3340} INFO - Setting next_dagrun for example_branch_labels to 2022-11-15T00:00:00+00:00, run_after=2022-11-16T00:00:00+00:00
[2022-11-16T14:32:58.603+0000] {processor.py:176} INFO - Processing /home/airflow/.local/lib/python3.7/site-packages/airflow/example_dags/example_branch_labels.py took 0.233 seconds
[2022-11-16T14:33:29.008+0000] {processor.py:154} INFO - Started process (PID=2250) to work on /home/airflow/.local/lib/python3.7/site-packages/airflow/example_dags/example_branch_labels.py
[2022-11-16T14:33:29.010+0000] {processor.py:756} INFO - Processing file /home/airflow/.local/lib/python3.7/site-packages/airflow/example_dags/example_branch_labels.py for tasks to queue
[2022-11-16T14:33:29.011+0000] {logging_mixin.py:137} INFO - [2022-11-16T14:33:29.011+0000] {dagbag.py:537} INFO - Filling up the DagBag from /home/airflow/.local/lib/python3.7/site-packages/airflow/example_dags/example_branch_labels.py
[2022-11-16T14:33:29.052+0000] {processor.py:766} INFO - DAG(s) dict_keys(['example_branch_labels']) retrieved from /home/airflow/.local/lib/python3.7/site-packages/airflow/example_dags/example_branch_labels.py
[2022-11-16T14:33:29.137+0000] {logging_mixin.py:137} INFO - [2022-11-16T14:33:29.137+0000] {dag.py:2585} INFO - Sync 1 DAGs
[2022-11-16T14:33:29.186+0000] {logging_mixin.py:137} INFO - [2022-11-16T14:33:29.186+0000] {dag.py:3340} INFO - Setting next_dagrun for example_branch_labels to 2022-11-15T00:00:00+00:00, run_after=2022-11-16T00:00:00+00:00
[2022-11-16T14:33:29.222+0000] {processor.py:176} INFO - Processing /home/airflow/.local/lib/python3.7/site-packages/airflow/example_dags/example_branch_labels.py took 0.225 seconds
[2022-11-16T14:34:00.257+0000] {processor.py:154} INFO - Started process (PID=2456) to work on /home/airflow/.local/lib/python3.7/site-packages/airflow/example_dags/example_branch_labels.py
[2022-11-16T14:34:00.258+0000] {processor.py:756} INFO - Processing file /home/airflow/.local/lib/python3.7/site-packages/airflow/example_dags/example_branch_labels.py for tasks to queue
[2022-11-16T14:34:00.259+0000] {logging_mixin.py:137} INFO - [2022-11-16T14:34:00.259+0000] {dagbag.py:537} INFO - Filling up the DagBag from /home/airflow/.local/lib/python3.7/site-packages/airflow/example_dags/example_branch_labels.py
[2022-11-16T14:34:00.279+0000] {processor.py:766} INFO - DAG(s) dict_keys(['example_branch_labels']) retrieved from /home/airflow/.local/lib/python3.7/site-packages/airflow/example_dags/example_branch_labels.py
[2022-11-16T14:34:00.340+0000] {logging_mixin.py:137} INFO - [2022-11-16T14:34:00.339+0000] {dag.py:2585} INFO - Sync 1 DAGs
[2022-11-16T14:34:00.381+0000] {logging_mixin.py:137} INFO - [2022-11-16T14:34:00.381+0000] {dag.py:3340} INFO - Setting next_dagrun for example_branch_labels to 2022-11-15T00:00:00+00:00, run_after=2022-11-16T00:00:00+00:00
[2022-11-16T14:34:00.411+0000] {processor.py:176} INFO - Processing /home/airflow/.local/lib/python3.7/site-packages/airflow/example_dags/example_branch_labels.py took 0.157 seconds
[2022-11-16T14:34:31.113+0000] {processor.py:154} INFO - Started process (PID=2672) to work on /home/airflow/.local/lib/python3.7/site-packages/airflow/example_dags/example_branch_labels.py
[2022-11-16T14:34:31.114+0000] {processor.py:756} INFO - Processing file /home/airflow/.local/lib/python3.7/site-packages/airflow/example_dags/example_branch_labels.py for tasks to queue
[2022-11-16T14:34:31.115+0000] {logging_mixin.py:137} INFO - [2022-11-16T14:34:31.115+0000] {dagbag.py:537} INFO - Filling up the DagBag from /home/airflow/.local/lib/python3.7/site-packages/airflow/example_dags/example_branch_labels.py
[2022-11-16T14:34:31.141+0000] {processor.py:766} INFO - DAG(s) dict_keys(['example_branch_labels']) retrieved from /home/airflow/.local/lib/python3.7/site-packages/airflow/example_dags/example_branch_labels.py
[2022-11-16T14:34:31.255+0000] {logging_mixin.py:137} INFO - [2022-11-16T14:34:31.255+0000] {dag.py:2585} INFO - Sync 1 DAGs
[2022-11-16T14:34:31.332+0000] {logging_mixin.py:137} INFO - [2022-11-16T14:34:31.332+0000] {dag.py:3340} INFO - Setting next_dagrun for example_branch_labels to 2022-11-15T00:00:00+00:00, run_after=2022-11-16T00:00:00+00:00
[2022-11-16T14:34:31.367+0000] {processor.py:176} INFO - Processing /home/airflow/.local/lib/python3.7/site-packages/airflow/example_dags/example_branch_labels.py took 0.259 seconds
[2022-11-16T14:35:02.823+0000] {processor.py:154} INFO - Started process (PID=2878) to work on /home/airflow/.local/lib/python3.7/site-packages/airflow/example_dags/example_branch_labels.py
[2022-11-16T14:35:02.824+0000] {processor.py:756} INFO - Processing file /home/airflow/.local/lib/python3.7/site-packages/airflow/example_dags/example_branch_labels.py for tasks to queue
[2022-11-16T14:35:02.825+0000] {logging_mixin.py:137} INFO - [2022-11-16T14:35:02.825+0000] {dagbag.py:537} INFO - Filling up the DagBag from /home/airflow/.local/lib/python3.7/site-packages/airflow/example_dags/example_branch_labels.py
[2022-11-16T14:35:02.862+0000] {processor.py:766} INFO - DAG(s) dict_keys(['example_branch_labels']) retrieved from /home/airflow/.local/lib/python3.7/site-packages/airflow/example_dags/example_branch_labels.py
[2022-11-16T14:35:02.958+0000] {logging_mixin.py:137} INFO - [2022-11-16T14:35:02.957+0000] {dag.py:2585} INFO - Sync 1 DAGs
[2022-11-16T14:35:03.036+0000] {logging_mixin.py:137} INFO - [2022-11-16T14:35:03.036+0000] {dag.py:3340} INFO - Setting next_dagrun for example_branch_labels to 2022-11-15T00:00:00+00:00, run_after=2022-11-16T00:00:00+00:00
[2022-11-16T14:35:03.080+0000] {processor.py:176} INFO - Processing /home/airflow/.local/lib/python3.7/site-packages/airflow/example_dags/example_branch_labels.py took 0.265 seconds
[2022-11-16T14:35:33.607+0000] {processor.py:154} INFO - Started process (PID=3076) to work on /home/airflow/.local/lib/python3.7/site-packages/airflow/example_dags/example_branch_labels.py
[2022-11-16T14:35:33.608+0000] {processor.py:756} INFO - Processing file /home/airflow/.local/lib/python3.7/site-packages/airflow/example_dags/example_branch_labels.py for tasks to queue
[2022-11-16T14:35:33.609+0000] {logging_mixin.py:137} INFO - [2022-11-16T14:35:33.609+0000] {dagbag.py:537} INFO - Filling up the DagBag from /home/airflow/.local/lib/python3.7/site-packages/airflow/example_dags/example_branch_labels.py
[2022-11-16T14:35:33.639+0000] {processor.py:766} INFO - DAG(s) dict_keys(['example_branch_labels']) retrieved from /home/airflow/.local/lib/python3.7/site-packages/airflow/example_dags/example_branch_labels.py
[2022-11-16T14:35:33.712+0000] {logging_mixin.py:137} INFO - [2022-11-16T14:35:33.712+0000] {dag.py:2585} INFO - Sync 1 DAGs
[2022-11-16T14:35:33.762+0000] {logging_mixin.py:137} INFO - [2022-11-16T14:35:33.762+0000] {dag.py:3340} INFO - Setting next_dagrun for example_branch_labels to 2022-11-15T00:00:00+00:00, run_after=2022-11-16T00:00:00+00:00
[2022-11-16T14:35:33.796+0000] {processor.py:176} INFO - Processing /home/airflow/.local/lib/python3.7/site-packages/airflow/example_dags/example_branch_labels.py took 0.193 seconds
[2022-11-16T14:36:04.895+0000] {processor.py:154} INFO - Started process (PID=3271) to work on /home/airflow/.local/lib/python3.7/site-packages/airflow/example_dags/example_branch_labels.py
[2022-11-16T14:36:04.896+0000] {processor.py:756} INFO - Processing file /home/airflow/.local/lib/python3.7/site-packages/airflow/example_dags/example_branch_labels.py for tasks to queue
[2022-11-16T14:36:04.897+0000] {logging_mixin.py:137} INFO - [2022-11-16T14:36:04.897+0000] {dagbag.py:537} INFO - Filling up the DagBag from /home/airflow/.local/lib/python3.7/site-packages/airflow/example_dags/example_branch_labels.py
[2022-11-16T14:36:04.921+0000] {processor.py:766} INFO - DAG(s) dict_keys(['example_branch_labels']) retrieved from /home/airflow/.local/lib/python3.7/site-packages/airflow/example_dags/example_branch_labels.py
[2022-11-16T14:36:04.985+0000] {logging_mixin.py:137} INFO - [2022-11-16T14:36:04.984+0000] {dag.py:2585} INFO - Sync 1 DAGs
[2022-11-16T14:36:05.034+0000] {logging_mixin.py:137} INFO - [2022-11-16T14:36:05.033+0000] {dag.py:3340} INFO - Setting next_dagrun for example_branch_labels to 2022-11-15T00:00:00+00:00, run_after=2022-11-16T00:00:00+00:00
[2022-11-16T14:36:05.064+0000] {processor.py:176} INFO - Processing /home/airflow/.local/lib/python3.7/site-packages/airflow/example_dags/example_branch_labels.py took 0.172 seconds
[2022-11-16T14:36:35.689+0000] {processor.py:154} INFO - Started process (PID=3477) to work on /home/airflow/.local/lib/python3.7/site-packages/airflow/example_dags/example_branch_labels.py
[2022-11-16T14:36:35.690+0000] {processor.py:756} INFO - Processing file /home/airflow/.local/lib/python3.7/site-packages/airflow/example_dags/example_branch_labels.py for tasks to queue
[2022-11-16T14:36:35.691+0000] {logging_mixin.py:137} INFO - [2022-11-16T14:36:35.691+0000] {dagbag.py:537} INFO - Filling up the DagBag from /home/airflow/.local/lib/python3.7/site-packages/airflow/example_dags/example_branch_labels.py
[2022-11-16T14:36:35.713+0000] {processor.py:766} INFO - DAG(s) dict_keys(['example_branch_labels']) retrieved from /home/airflow/.local/lib/python3.7/site-packages/airflow/example_dags/example_branch_labels.py
[2022-11-16T14:36:35.773+0000] {logging_mixin.py:137} INFO - [2022-11-16T14:36:35.773+0000] {dag.py:2585} INFO - Sync 1 DAGs
[2022-11-16T14:36:35.823+0000] {logging_mixin.py:137} INFO - [2022-11-16T14:36:35.823+0000] {dag.py:3340} INFO - Setting next_dagrun for example_branch_labels to 2022-11-15T00:00:00+00:00, run_after=2022-11-16T00:00:00+00:00
[2022-11-16T14:36:35.854+0000] {processor.py:176} INFO - Processing /home/airflow/.local/lib/python3.7/site-packages/airflow/example_dags/example_branch_labels.py took 0.171 seconds
[2022-11-16T14:37:06.544+0000] {processor.py:154} INFO - Started process (PID=3674) to work on /home/airflow/.local/lib/python3.7/site-packages/airflow/example_dags/example_branch_labels.py
[2022-11-16T14:37:06.545+0000] {processor.py:756} INFO - Processing file /home/airflow/.local/lib/python3.7/site-packages/airflow/example_dags/example_branch_labels.py for tasks to queue
[2022-11-16T14:37:06.546+0000] {logging_mixin.py:137} INFO - [2022-11-16T14:37:06.546+0000] {dagbag.py:537} INFO - Filling up the DagBag from /home/airflow/.local/lib/python3.7/site-packages/airflow/example_dags/example_branch_labels.py
[2022-11-16T14:37:06.573+0000] {processor.py:766} INFO - DAG(s) dict_keys(['example_branch_labels']) retrieved from /home/airflow/.local/lib/python3.7/site-packages/airflow/example_dags/example_branch_labels.py
[2022-11-16T14:37:06.651+0000] {logging_mixin.py:137} INFO - [2022-11-16T14:37:06.651+0000] {dag.py:2585} INFO - Sync 1 DAGs
[2022-11-16T14:37:06.708+0000] {logging_mixin.py:137} INFO - [2022-11-16T14:37:06.708+0000] {dag.py:3340} INFO - Setting next_dagrun for example_branch_labels to 2022-11-15T00:00:00+00:00, run_after=2022-11-16T00:00:00+00:00
[2022-11-16T14:37:06.742+0000] {processor.py:176} INFO - Processing /home/airflow/.local/lib/python3.7/site-packages/airflow/example_dags/example_branch_labels.py took 0.202 seconds
[2022-11-16T14:37:37.777+0000] {processor.py:154} INFO - Started process (PID=3881) to work on /home/airflow/.local/lib/python3.7/site-packages/airflow/example_dags/example_branch_labels.py
[2022-11-16T14:37:37.778+0000] {processor.py:756} INFO - Processing file /home/airflow/.local/lib/python3.7/site-packages/airflow/example_dags/example_branch_labels.py for tasks to queue
[2022-11-16T14:37:37.781+0000] {logging_mixin.py:137} INFO - [2022-11-16T14:37:37.780+0000] {dagbag.py:537} INFO - Filling up the DagBag from /home/airflow/.local/lib/python3.7/site-packages/airflow/example_dags/example_branch_labels.py
[2022-11-16T14:37:37.820+0000] {processor.py:766} INFO - DAG(s) dict_keys(['example_branch_labels']) retrieved from /home/airflow/.local/lib/python3.7/site-packages/airflow/example_dags/example_branch_labels.py
[2022-11-16T14:37:37.983+0000] {logging_mixin.py:137} INFO - [2022-11-16T14:37:37.983+0000] {dag.py:2585} INFO - Sync 1 DAGs
[2022-11-16T14:37:38.140+0000] {logging_mixin.py:137} INFO - [2022-11-16T14:37:38.139+0000] {dag.py:3340} INFO - Setting next_dagrun for example_branch_labels to 2022-11-15T00:00:00+00:00, run_after=2022-11-16T00:00:00+00:00
[2022-11-16T14:37:38.206+0000] {processor.py:176} INFO - Processing /home/airflow/.local/lib/python3.7/site-packages/airflow/example_dags/example_branch_labels.py took 0.435 seconds
[2022-11-16T14:38:08.427+0000] {processor.py:154} INFO - Started process (PID=4082) to work on /home/airflow/.local/lib/python3.7/site-packages/airflow/example_dags/example_branch_labels.py
[2022-11-16T14:38:08.428+0000] {processor.py:756} INFO - Processing file /home/airflow/.local/lib/python3.7/site-packages/airflow/example_dags/example_branch_labels.py for tasks to queue
[2022-11-16T14:38:08.428+0000] {logging_mixin.py:137} INFO - [2022-11-16T14:38:08.428+0000] {dagbag.py:537} INFO - Filling up the DagBag from /home/airflow/.local/lib/python3.7/site-packages/airflow/example_dags/example_branch_labels.py
[2022-11-16T14:38:08.448+0000] {processor.py:766} INFO - DAG(s) dict_keys(['example_branch_labels']) retrieved from /home/airflow/.local/lib/python3.7/site-packages/airflow/example_dags/example_branch_labels.py
[2022-11-16T14:38:08.507+0000] {logging_mixin.py:137} INFO - [2022-11-16T14:38:08.507+0000] {dag.py:2585} INFO - Sync 1 DAGs
[2022-11-16T14:38:08.555+0000] {logging_mixin.py:137} INFO - [2022-11-16T14:38:08.555+0000] {dag.py:3340} INFO - Setting next_dagrun for example_branch_labels to 2022-11-15T00:00:00+00:00, run_after=2022-11-16T00:00:00+00:00
[2022-11-16T14:38:08.588+0000] {processor.py:176} INFO - Processing /home/airflow/.local/lib/python3.7/site-packages/airflow/example_dags/example_branch_labels.py took 0.165 seconds
[2022-11-16T14:38:39.448+0000] {processor.py:154} INFO - Started process (PID=4277) to work on /home/airflow/.local/lib/python3.7/site-packages/airflow/example_dags/example_branch_labels.py
[2022-11-16T14:38:39.449+0000] {processor.py:756} INFO - Processing file /home/airflow/.local/lib/python3.7/site-packages/airflow/example_dags/example_branch_labels.py for tasks to queue
[2022-11-16T14:38:39.450+0000] {logging_mixin.py:137} INFO - [2022-11-16T14:38:39.449+0000] {dagbag.py:537} INFO - Filling up the DagBag from /home/airflow/.local/lib/python3.7/site-packages/airflow/example_dags/example_branch_labels.py
[2022-11-16T14:38:39.477+0000] {processor.py:766} INFO - DAG(s) dict_keys(['example_branch_labels']) retrieved from /home/airflow/.local/lib/python3.7/site-packages/airflow/example_dags/example_branch_labels.py
[2022-11-16T14:38:39.555+0000] {logging_mixin.py:137} INFO - [2022-11-16T14:38:39.554+0000] {dag.py:2585} INFO - Sync 1 DAGs
[2022-11-16T14:38:39.616+0000] {logging_mixin.py:137} INFO - [2022-11-16T14:38:39.616+0000] {dag.py:3340} INFO - Setting next_dagrun for example_branch_labels to 2022-11-15T00:00:00+00:00, run_after=2022-11-16T00:00:00+00:00
[2022-11-16T14:38:39.654+0000] {processor.py:176} INFO - Processing /home/airflow/.local/lib/python3.7/site-packages/airflow/example_dags/example_branch_labels.py took 0.211 seconds
[2022-11-16T14:39:10.312+0000] {processor.py:154} INFO - Started process (PID=4484) to work on /home/airflow/.local/lib/python3.7/site-packages/airflow/example_dags/example_branch_labels.py
[2022-11-16T14:39:10.314+0000] {processor.py:756} INFO - Processing file /home/airflow/.local/lib/python3.7/site-packages/airflow/example_dags/example_branch_labels.py for tasks to queue
[2022-11-16T14:39:10.315+0000] {logging_mixin.py:137} INFO - [2022-11-16T14:39:10.315+0000] {dagbag.py:537} INFO - Filling up the DagBag from /home/airflow/.local/lib/python3.7/site-packages/airflow/example_dags/example_branch_labels.py
[2022-11-16T14:39:10.347+0000] {processor.py:766} INFO - DAG(s) dict_keys(['example_branch_labels']) retrieved from /home/airflow/.local/lib/python3.7/site-packages/airflow/example_dags/example_branch_labels.py
[2022-11-16T14:39:10.419+0000] {logging_mixin.py:137} INFO - [2022-11-16T14:39:10.419+0000] {dag.py:2585} INFO - Sync 1 DAGs
[2022-11-16T14:39:10.468+0000] {logging_mixin.py:137} INFO - [2022-11-16T14:39:10.468+0000] {dag.py:3340} INFO - Setting next_dagrun for example_branch_labels to 2022-11-15T00:00:00+00:00, run_after=2022-11-16T00:00:00+00:00
[2022-11-16T14:39:10.503+0000] {processor.py:176} INFO - Processing /home/airflow/.local/lib/python3.7/site-packages/airflow/example_dags/example_branch_labels.py took 0.195 seconds
[2022-11-16T14:39:40.693+0000] {processor.py:154} INFO - Started process (PID=4683) to work on /home/airflow/.local/lib/python3.7/site-packages/airflow/example_dags/example_branch_labels.py
[2022-11-16T14:39:40.694+0000] {processor.py:756} INFO - Processing file /home/airflow/.local/lib/python3.7/site-packages/airflow/example_dags/example_branch_labels.py for tasks to queue
[2022-11-16T14:39:40.695+0000] {logging_mixin.py:137} INFO - [2022-11-16T14:39:40.695+0000] {dagbag.py:537} INFO - Filling up the DagBag from /home/airflow/.local/lib/python3.7/site-packages/airflow/example_dags/example_branch_labels.py
[2022-11-16T14:39:40.726+0000] {processor.py:766} INFO - DAG(s) dict_keys(['example_branch_labels']) retrieved from /home/airflow/.local/lib/python3.7/site-packages/airflow/example_dags/example_branch_labels.py
[2022-11-16T14:39:40.798+0000] {logging_mixin.py:137} INFO - [2022-11-16T14:39:40.798+0000] {dag.py:2585} INFO - Sync 1 DAGs
[2022-11-16T14:39:40.845+0000] {logging_mixin.py:137} INFO - [2022-11-16T14:39:40.845+0000] {dag.py:3340} INFO - Setting next_dagrun for example_branch_labels to 2022-11-15T00:00:00+00:00, run_after=2022-11-16T00:00:00+00:00
[2022-11-16T14:39:40.879+0000] {processor.py:176} INFO - Processing /home/airflow/.local/lib/python3.7/site-packages/airflow/example_dags/example_branch_labels.py took 0.191 seconds
[2022-11-16T14:40:11.124+0000] {processor.py:154} INFO - Started process (PID=4883) to work on /home/airflow/.local/lib/python3.7/site-packages/airflow/example_dags/example_branch_labels.py
[2022-11-16T14:40:11.129+0000] {processor.py:756} INFO - Processing file /home/airflow/.local/lib/python3.7/site-packages/airflow/example_dags/example_branch_labels.py for tasks to queue
[2022-11-16T14:40:11.131+0000] {logging_mixin.py:137} INFO - [2022-11-16T14:40:11.130+0000] {dagbag.py:537} INFO - Filling up the DagBag from /home/airflow/.local/lib/python3.7/site-packages/airflow/example_dags/example_branch_labels.py
[2022-11-16T14:40:11.177+0000] {processor.py:766} INFO - DAG(s) dict_keys(['example_branch_labels']) retrieved from /home/airflow/.local/lib/python3.7/site-packages/airflow/example_dags/example_branch_labels.py
[2022-11-16T14:40:11.298+0000] {logging_mixin.py:137} INFO - [2022-11-16T14:40:11.297+0000] {dag.py:2585} INFO - Sync 1 DAGs
[2022-11-16T14:40:11.430+0000] {logging_mixin.py:137} INFO - [2022-11-16T14:40:11.429+0000] {dag.py:3340} INFO - Setting next_dagrun for example_branch_labels to 2022-11-15T00:00:00+00:00, run_after=2022-11-16T00:00:00+00:00
[2022-11-16T14:40:11.485+0000] {processor.py:176} INFO - Processing /home/airflow/.local/lib/python3.7/site-packages/airflow/example_dags/example_branch_labels.py took 0.367 seconds
[2022-11-16T14:40:42.498+0000] {processor.py:154} INFO - Started process (PID=5083) to work on /home/airflow/.local/lib/python3.7/site-packages/airflow/example_dags/example_branch_labels.py
[2022-11-16T14:40:42.499+0000] {processor.py:756} INFO - Processing file /home/airflow/.local/lib/python3.7/site-packages/airflow/example_dags/example_branch_labels.py for tasks to queue
[2022-11-16T14:40:42.500+0000] {logging_mixin.py:137} INFO - [2022-11-16T14:40:42.500+0000] {dagbag.py:537} INFO - Filling up the DagBag from /home/airflow/.local/lib/python3.7/site-packages/airflow/example_dags/example_branch_labels.py
[2022-11-16T14:40:42.533+0000] {processor.py:766} INFO - DAG(s) dict_keys(['example_branch_labels']) retrieved from /home/airflow/.local/lib/python3.7/site-packages/airflow/example_dags/example_branch_labels.py
[2022-11-16T14:40:42.635+0000] {logging_mixin.py:137} INFO - [2022-11-16T14:40:42.634+0000] {dag.py:2585} INFO - Sync 1 DAGs
[2022-11-16T14:40:42.691+0000] {logging_mixin.py:137} INFO - [2022-11-16T14:40:42.690+0000] {dag.py:3340} INFO - Setting next_dagrun for example_branch_labels to 2022-11-15T00:00:00+00:00, run_after=2022-11-16T00:00:00+00:00
[2022-11-16T14:40:42.719+0000] {processor.py:176} INFO - Processing /home/airflow/.local/lib/python3.7/site-packages/airflow/example_dags/example_branch_labels.py took 0.226 seconds
[2022-11-16T14:41:13.564+0000] {processor.py:154} INFO - Started process (PID=5280) to work on /home/airflow/.local/lib/python3.7/site-packages/airflow/example_dags/example_branch_labels.py
[2022-11-16T14:41:13.565+0000] {processor.py:756} INFO - Processing file /home/airflow/.local/lib/python3.7/site-packages/airflow/example_dags/example_branch_labels.py for tasks to queue
[2022-11-16T14:41:13.566+0000] {logging_mixin.py:137} INFO - [2022-11-16T14:41:13.566+0000] {dagbag.py:537} INFO - Filling up the DagBag from /home/airflow/.local/lib/python3.7/site-packages/airflow/example_dags/example_branch_labels.py
[2022-11-16T14:41:13.635+0000] {processor.py:766} INFO - DAG(s) dict_keys(['example_branch_labels']) retrieved from /home/airflow/.local/lib/python3.7/site-packages/airflow/example_dags/example_branch_labels.py
[2022-11-16T14:41:13.771+0000] {logging_mixin.py:137} INFO - [2022-11-16T14:41:13.770+0000] {dag.py:2585} INFO - Sync 1 DAGs
[2022-11-16T14:41:13.907+0000] {logging_mixin.py:137} INFO - [2022-11-16T14:41:13.907+0000] {dag.py:3340} INFO - Setting next_dagrun for example_branch_labels to 2022-11-15T00:00:00+00:00, run_after=2022-11-16T00:00:00+00:00
[2022-11-16T14:41:13.989+0000] {processor.py:176} INFO - Processing /home/airflow/.local/lib/python3.7/site-packages/airflow/example_dags/example_branch_labels.py took 0.437 seconds
[2022-11-16T14:41:44.223+0000] {processor.py:154} INFO - Started process (PID=5486) to work on /home/airflow/.local/lib/python3.7/site-packages/airflow/example_dags/example_branch_labels.py
[2022-11-16T14:41:44.224+0000] {processor.py:756} INFO - Processing file /home/airflow/.local/lib/python3.7/site-packages/airflow/example_dags/example_branch_labels.py for tasks to queue
[2022-11-16T14:41:44.225+0000] {logging_mixin.py:137} INFO - [2022-11-16T14:41:44.225+0000] {dagbag.py:537} INFO - Filling up the DagBag from /home/airflow/.local/lib/python3.7/site-packages/airflow/example_dags/example_branch_labels.py
[2022-11-16T14:41:44.249+0000] {processor.py:766} INFO - DAG(s) dict_keys(['example_branch_labels']) retrieved from /home/airflow/.local/lib/python3.7/site-packages/airflow/example_dags/example_branch_labels.py
[2022-11-16T14:41:44.329+0000] {logging_mixin.py:137} INFO - [2022-11-16T14:41:44.329+0000] {dag.py:2585} INFO - Sync 1 DAGs
[2022-11-16T14:41:44.373+0000] {logging_mixin.py:137} INFO - [2022-11-16T14:41:44.373+0000] {dag.py:3340} INFO - Setting next_dagrun for example_branch_labels to 2022-11-15T00:00:00+00:00, run_after=2022-11-16T00:00:00+00:00
[2022-11-16T14:41:44.408+0000] {processor.py:176} INFO - Processing /home/airflow/.local/lib/python3.7/site-packages/airflow/example_dags/example_branch_labels.py took 0.190 seconds
[2022-11-16T14:42:14.885+0000] {processor.py:154} INFO - Started process (PID=5684) to work on /home/airflow/.local/lib/python3.7/site-packages/airflow/example_dags/example_branch_labels.py
[2022-11-16T14:42:14.886+0000] {processor.py:756} INFO - Processing file /home/airflow/.local/lib/python3.7/site-packages/airflow/example_dags/example_branch_labels.py for tasks to queue
[2022-11-16T14:42:14.888+0000] {logging_mixin.py:137} INFO - [2022-11-16T14:42:14.887+0000] {dagbag.py:537} INFO - Filling up the DagBag from /home/airflow/.local/lib/python3.7/site-packages/airflow/example_dags/example_branch_labels.py
[2022-11-16T14:42:14.937+0000] {processor.py:766} INFO - DAG(s) dict_keys(['example_branch_labels']) retrieved from /home/airflow/.local/lib/python3.7/site-packages/airflow/example_dags/example_branch_labels.py
[2022-11-16T14:42:15.036+0000] {logging_mixin.py:137} INFO - [2022-11-16T14:42:15.035+0000] {dag.py:2585} INFO - Sync 1 DAGs
[2022-11-16T14:42:15.106+0000] {logging_mixin.py:137} INFO - [2022-11-16T14:42:15.106+0000] {dag.py:3340} INFO - Setting next_dagrun for example_branch_labels to 2022-11-15T00:00:00+00:00, run_after=2022-11-16T00:00:00+00:00
[2022-11-16T14:42:15.149+0000] {processor.py:176} INFO - Processing /home/airflow/.local/lib/python3.7/site-packages/airflow/example_dags/example_branch_labels.py took 0.272 seconds
[2022-11-16T14:42:45.395+0000] {processor.py:154} INFO - Started process (PID=5893) to work on /home/airflow/.local/lib/python3.7/site-packages/airflow/example_dags/example_branch_labels.py
[2022-11-16T14:42:45.396+0000] {processor.py:756} INFO - Processing file /home/airflow/.local/lib/python3.7/site-packages/airflow/example_dags/example_branch_labels.py for tasks to queue
[2022-11-16T14:42:45.396+0000] {logging_mixin.py:137} INFO - [2022-11-16T14:42:45.396+0000] {dagbag.py:537} INFO - Filling up the DagBag from /home/airflow/.local/lib/python3.7/site-packages/airflow/example_dags/example_branch_labels.py
[2022-11-16T14:42:45.419+0000] {processor.py:766} INFO - DAG(s) dict_keys(['example_branch_labels']) retrieved from /home/airflow/.local/lib/python3.7/site-packages/airflow/example_dags/example_branch_labels.py
[2022-11-16T14:42:45.475+0000] {logging_mixin.py:137} INFO - [2022-11-16T14:42:45.475+0000] {dag.py:2585} INFO - Sync 1 DAGs
[2022-11-16T14:42:45.520+0000] {logging_mixin.py:137} INFO - [2022-11-16T14:42:45.520+0000] {dag.py:3340} INFO - Setting next_dagrun for example_branch_labels to 2022-11-15T00:00:00+00:00, run_after=2022-11-16T00:00:00+00:00
[2022-11-16T14:42:45.550+0000] {processor.py:176} INFO - Processing /home/airflow/.local/lib/python3.7/site-packages/airflow/example_dags/example_branch_labels.py took 0.159 seconds
[2022-11-16T14:43:15.903+0000] {processor.py:154} INFO - Started process (PID=6089) to work on /home/airflow/.local/lib/python3.7/site-packages/airflow/example_dags/example_branch_labels.py
[2022-11-16T14:43:15.904+0000] {processor.py:756} INFO - Processing file /home/airflow/.local/lib/python3.7/site-packages/airflow/example_dags/example_branch_labels.py for tasks to queue
[2022-11-16T14:43:15.904+0000] {logging_mixin.py:137} INFO - [2022-11-16T14:43:15.904+0000] {dagbag.py:537} INFO - Filling up the DagBag from /home/airflow/.local/lib/python3.7/site-packages/airflow/example_dags/example_branch_labels.py
[2022-11-16T14:43:15.932+0000] {processor.py:766} INFO - DAG(s) dict_keys(['example_branch_labels']) retrieved from /home/airflow/.local/lib/python3.7/site-packages/airflow/example_dags/example_branch_labels.py
[2022-11-16T14:43:15.998+0000] {logging_mixin.py:137} INFO - [2022-11-16T14:43:15.998+0000] {dag.py:2585} INFO - Sync 1 DAGs
[2022-11-16T14:43:16.045+0000] {logging_mixin.py:137} INFO - [2022-11-16T14:43:16.044+0000] {dag.py:3340} INFO - Setting next_dagrun for example_branch_labels to 2022-11-15T00:00:00+00:00, run_after=2022-11-16T00:00:00+00:00
[2022-11-16T14:43:16.075+0000] {processor.py:176} INFO - Processing /home/airflow/.local/lib/python3.7/site-packages/airflow/example_dags/example_branch_labels.py took 0.177 seconds
[2022-11-16T14:43:46.774+0000] {processor.py:154} INFO - Started process (PID=6296) to work on /home/airflow/.local/lib/python3.7/site-packages/airflow/example_dags/example_branch_labels.py
[2022-11-16T14:43:46.775+0000] {processor.py:756} INFO - Processing file /home/airflow/.local/lib/python3.7/site-packages/airflow/example_dags/example_branch_labels.py for tasks to queue
[2022-11-16T14:43:46.776+0000] {logging_mixin.py:137} INFO - [2022-11-16T14:43:46.776+0000] {dagbag.py:537} INFO - Filling up the DagBag from /home/airflow/.local/lib/python3.7/site-packages/airflow/example_dags/example_branch_labels.py
[2022-11-16T14:43:46.810+0000] {processor.py:766} INFO - DAG(s) dict_keys(['example_branch_labels']) retrieved from /home/airflow/.local/lib/python3.7/site-packages/airflow/example_dags/example_branch_labels.py
[2022-11-16T14:43:46.884+0000] {logging_mixin.py:137} INFO - [2022-11-16T14:43:46.884+0000] {dag.py:2585} INFO - Sync 1 DAGs
[2022-11-16T14:43:46.937+0000] {logging_mixin.py:137} INFO - [2022-11-16T14:43:46.936+0000] {dag.py:3340} INFO - Setting next_dagrun for example_branch_labels to 2022-11-15T00:00:00+00:00, run_after=2022-11-16T00:00:00+00:00
[2022-11-16T14:43:46.978+0000] {processor.py:176} INFO - Processing /home/airflow/.local/lib/python3.7/site-packages/airflow/example_dags/example_branch_labels.py took 0.208 seconds
[2022-11-16T14:44:17.152+0000] {processor.py:154} INFO - Started process (PID=6494) to work on /home/airflow/.local/lib/python3.7/site-packages/airflow/example_dags/example_branch_labels.py
[2022-11-16T14:44:17.153+0000] {processor.py:756} INFO - Processing file /home/airflow/.local/lib/python3.7/site-packages/airflow/example_dags/example_branch_labels.py for tasks to queue
[2022-11-16T14:44:17.154+0000] {logging_mixin.py:137} INFO - [2022-11-16T14:44:17.154+0000] {dagbag.py:537} INFO - Filling up the DagBag from /home/airflow/.local/lib/python3.7/site-packages/airflow/example_dags/example_branch_labels.py
[2022-11-16T14:44:17.179+0000] {processor.py:766} INFO - DAG(s) dict_keys(['example_branch_labels']) retrieved from /home/airflow/.local/lib/python3.7/site-packages/airflow/example_dags/example_branch_labels.py
[2022-11-16T14:44:17.247+0000] {logging_mixin.py:137} INFO - [2022-11-16T14:44:17.247+0000] {dag.py:2585} INFO - Sync 1 DAGs
[2022-11-16T14:44:17.295+0000] {logging_mixin.py:137} INFO - [2022-11-16T14:44:17.295+0000] {dag.py:3340} INFO - Setting next_dagrun for example_branch_labels to 2022-11-15T00:00:00+00:00, run_after=2022-11-16T00:00:00+00:00
[2022-11-16T14:44:17.327+0000] {processor.py:176} INFO - Processing /home/airflow/.local/lib/python3.7/site-packages/airflow/example_dags/example_branch_labels.py took 0.178 seconds
[2022-11-16T14:44:47.558+0000] {processor.py:154} INFO - Started process (PID=6696) to work on /home/airflow/.local/lib/python3.7/site-packages/airflow/example_dags/example_branch_labels.py
[2022-11-16T14:44:47.559+0000] {processor.py:756} INFO - Processing file /home/airflow/.local/lib/python3.7/site-packages/airflow/example_dags/example_branch_labels.py for tasks to queue
[2022-11-16T14:44:47.560+0000] {logging_mixin.py:137} INFO - [2022-11-16T14:44:47.560+0000] {dagbag.py:537} INFO - Filling up the DagBag from /home/airflow/.local/lib/python3.7/site-packages/airflow/example_dags/example_branch_labels.py
[2022-11-16T14:44:47.584+0000] {processor.py:766} INFO - DAG(s) dict_keys(['example_branch_labels']) retrieved from /home/airflow/.local/lib/python3.7/site-packages/airflow/example_dags/example_branch_labels.py
[2022-11-16T14:44:47.654+0000] {logging_mixin.py:137} INFO - [2022-11-16T14:44:47.654+0000] {dag.py:2585} INFO - Sync 1 DAGs
[2022-11-16T14:44:47.715+0000] {logging_mixin.py:137} INFO - [2022-11-16T14:44:47.715+0000] {dag.py:3340} INFO - Setting next_dagrun for example_branch_labels to 2022-11-15T00:00:00+00:00, run_after=2022-11-16T00:00:00+00:00
[2022-11-16T14:44:47.755+0000] {processor.py:176} INFO - Processing /home/airflow/.local/lib/python3.7/site-packages/airflow/example_dags/example_branch_labels.py took 0.200 seconds
[2022-11-16T14:45:17.873+0000] {processor.py:154} INFO - Started process (PID=6893) to work on /home/airflow/.local/lib/python3.7/site-packages/airflow/example_dags/example_branch_labels.py
[2022-11-16T14:45:17.874+0000] {processor.py:756} INFO - Processing file /home/airflow/.local/lib/python3.7/site-packages/airflow/example_dags/example_branch_labels.py for tasks to queue
[2022-11-16T14:45:17.874+0000] {logging_mixin.py:137} INFO - [2022-11-16T14:45:17.874+0000] {dagbag.py:537} INFO - Filling up the DagBag from /home/airflow/.local/lib/python3.7/site-packages/airflow/example_dags/example_branch_labels.py
[2022-11-16T14:45:17.895+0000] {processor.py:766} INFO - DAG(s) dict_keys(['example_branch_labels']) retrieved from /home/airflow/.local/lib/python3.7/site-packages/airflow/example_dags/example_branch_labels.py
[2022-11-16T14:45:17.959+0000] {logging_mixin.py:137} INFO - [2022-11-16T14:45:17.959+0000] {dag.py:2585} INFO - Sync 1 DAGs
[2022-11-16T14:45:18.007+0000] {logging_mixin.py:137} INFO - [2022-11-16T14:45:18.007+0000] {dag.py:3340} INFO - Setting next_dagrun for example_branch_labels to 2022-11-15T00:00:00+00:00, run_after=2022-11-16T00:00:00+00:00
[2022-11-16T14:45:18.034+0000] {processor.py:176} INFO - Processing /home/airflow/.local/lib/python3.7/site-packages/airflow/example_dags/example_branch_labels.py took 0.165 seconds
