[2022-11-16T14:28:17.829+0000] {processor.py:154} INFO - Started process (PID=208) to work on /home/airflow/.local/lib/python3.7/site-packages/airflow/example_dags/example_external_task_marker_dag.py
[2022-11-16T14:28:17.830+0000] {processor.py:756} INFO - Processing file /home/airflow/.local/lib/python3.7/site-packages/airflow/example_dags/example_external_task_marker_dag.py for tasks to queue
[2022-11-16T14:28:17.832+0000] {logging_mixin.py:137} INFO - [2022-11-16T14:28:17.832+0000] {dagbag.py:537} INFO - Filling up the DagBag from /home/airflow/.local/lib/python3.7/site-packages/airflow/example_dags/example_external_task_marker_dag.py
[2022-11-16T14:28:17.863+0000] {processor.py:766} INFO - DAG(s) dict_keys(['example_external_task_marker_parent', 'example_external_task_marker_child']) retrieved from /home/airflow/.local/lib/python3.7/site-packages/airflow/example_dags/example_external_task_marker_dag.py
[2022-11-16T14:28:18.562+0000] {logging_mixin.py:137} INFO - [2022-11-16T14:28:18.561+0000] {dag.py:2585} INFO - Sync 2 DAGs
[2022-11-16T14:28:18.626+0000] {logging_mixin.py:137} INFO - [2022-11-16T14:28:18.625+0000] {dag.py:3340} INFO - Setting next_dagrun for example_external_task_marker_child to None, run_after=None
[2022-11-16T14:28:18.633+0000] {logging_mixin.py:137} INFO - [2022-11-16T14:28:18.632+0000] {dag.py:3340} INFO - Setting next_dagrun for example_external_task_marker_parent to None, run_after=None
[2022-11-16T14:28:18.672+0000] {processor.py:176} INFO - Processing /home/airflow/.local/lib/python3.7/site-packages/airflow/example_dags/example_external_task_marker_dag.py took 0.849 seconds
[2022-11-16T14:28:48.712+0000] {processor.py:154} INFO - Started process (PID=408) to work on /home/airflow/.local/lib/python3.7/site-packages/airflow/example_dags/example_external_task_marker_dag.py
[2022-11-16T14:28:48.713+0000] {processor.py:756} INFO - Processing file /home/airflow/.local/lib/python3.7/site-packages/airflow/example_dags/example_external_task_marker_dag.py for tasks to queue
[2022-11-16T14:28:48.715+0000] {logging_mixin.py:137} INFO - [2022-11-16T14:28:48.714+0000] {dagbag.py:537} INFO - Filling up the DagBag from /home/airflow/.local/lib/python3.7/site-packages/airflow/example_dags/example_external_task_marker_dag.py
[2022-11-16T14:28:48.748+0000] {processor.py:766} INFO - DAG(s) dict_keys(['example_external_task_marker_child', 'example_external_task_marker_parent']) retrieved from /home/airflow/.local/lib/python3.7/site-packages/airflow/example_dags/example_external_task_marker_dag.py
[2022-11-16T14:28:49.464+0000] {logging_mixin.py:137} INFO - [2022-11-16T14:28:49.463+0000] {dag.py:2585} INFO - Sync 2 DAGs
[2022-11-16T14:28:49.635+0000] {logging_mixin.py:137} INFO - [2022-11-16T14:28:49.634+0000] {dag.py:3340} INFO - Setting next_dagrun for example_external_task_marker_child to None, run_after=None
[2022-11-16T14:28:49.654+0000] {logging_mixin.py:137} INFO - [2022-11-16T14:28:49.653+0000] {dag.py:3340} INFO - Setting next_dagrun for example_external_task_marker_parent to None, run_after=None
[2022-11-16T14:28:49.700+0000] {processor.py:176} INFO - Processing /home/airflow/.local/lib/python3.7/site-packages/airflow/example_dags/example_external_task_marker_dag.py took 0.994 seconds
[2022-11-16T14:29:20.512+0000] {processor.py:154} INFO - Started process (PID=614) to work on /home/airflow/.local/lib/python3.7/site-packages/airflow/example_dags/example_external_task_marker_dag.py
[2022-11-16T14:29:20.514+0000] {processor.py:756} INFO - Processing file /home/airflow/.local/lib/python3.7/site-packages/airflow/example_dags/example_external_task_marker_dag.py for tasks to queue
[2022-11-16T14:29:20.515+0000] {logging_mixin.py:137} INFO - [2022-11-16T14:29:20.515+0000] {dagbag.py:537} INFO - Filling up the DagBag from /home/airflow/.local/lib/python3.7/site-packages/airflow/example_dags/example_external_task_marker_dag.py
[2022-11-16T14:29:20.541+0000] {processor.py:766} INFO - DAG(s) dict_keys(['example_external_task_marker_child', 'example_external_task_marker_parent']) retrieved from /home/airflow/.local/lib/python3.7/site-packages/airflow/example_dags/example_external_task_marker_dag.py
[2022-11-16T14:29:21.038+0000] {logging_mixin.py:137} INFO - [2022-11-16T14:29:21.037+0000] {dag.py:2585} INFO - Sync 2 DAGs
[2022-11-16T14:29:21.097+0000] {logging_mixin.py:137} INFO - [2022-11-16T14:29:21.096+0000] {dag.py:3340} INFO - Setting next_dagrun for example_external_task_marker_child to None, run_after=None
[2022-11-16T14:29:21.104+0000] {logging_mixin.py:137} INFO - [2022-11-16T14:29:21.104+0000] {dag.py:3340} INFO - Setting next_dagrun for example_external_task_marker_parent to None, run_after=None
[2022-11-16T14:29:21.146+0000] {processor.py:176} INFO - Processing /home/airflow/.local/lib/python3.7/site-packages/airflow/example_dags/example_external_task_marker_dag.py took 0.643 seconds
[2022-11-16T14:29:51.372+0000] {processor.py:154} INFO - Started process (PID=812) to work on /home/airflow/.local/lib/python3.7/site-packages/airflow/example_dags/example_external_task_marker_dag.py
[2022-11-16T14:29:51.373+0000] {processor.py:756} INFO - Processing file /home/airflow/.local/lib/python3.7/site-packages/airflow/example_dags/example_external_task_marker_dag.py for tasks to queue
[2022-11-16T14:29:51.373+0000] {logging_mixin.py:137} INFO - [2022-11-16T14:29:51.373+0000] {dagbag.py:537} INFO - Filling up the DagBag from /home/airflow/.local/lib/python3.7/site-packages/airflow/example_dags/example_external_task_marker_dag.py
[2022-11-16T14:29:51.390+0000] {processor.py:766} INFO - DAG(s) dict_keys(['example_external_task_marker_parent', 'example_external_task_marker_child']) retrieved from /home/airflow/.local/lib/python3.7/site-packages/airflow/example_dags/example_external_task_marker_dag.py
[2022-11-16T14:29:51.810+0000] {logging_mixin.py:137} INFO - [2022-11-16T14:29:51.809+0000] {dag.py:2585} INFO - Sync 2 DAGs
[2022-11-16T14:29:51.847+0000] {logging_mixin.py:137} INFO - [2022-11-16T14:29:51.847+0000] {dag.py:3340} INFO - Setting next_dagrun for example_external_task_marker_child to None, run_after=None
[2022-11-16T14:29:51.852+0000] {logging_mixin.py:137} INFO - [2022-11-16T14:29:51.851+0000] {dag.py:3340} INFO - Setting next_dagrun for example_external_task_marker_parent to None, run_after=None
[2022-11-16T14:29:51.877+0000] {processor.py:176} INFO - Processing /home/airflow/.local/lib/python3.7/site-packages/airflow/example_dags/example_external_task_marker_dag.py took 0.509 seconds
[2022-11-16T14:30:22.203+0000] {processor.py:154} INFO - Started process (PID=1018) to work on /home/airflow/.local/lib/python3.7/site-packages/airflow/example_dags/example_external_task_marker_dag.py
[2022-11-16T14:30:22.207+0000] {processor.py:756} INFO - Processing file /home/airflow/.local/lib/python3.7/site-packages/airflow/example_dags/example_external_task_marker_dag.py for tasks to queue
[2022-11-16T14:30:22.209+0000] {logging_mixin.py:137} INFO - [2022-11-16T14:30:22.209+0000] {dagbag.py:537} INFO - Filling up the DagBag from /home/airflow/.local/lib/python3.7/site-packages/airflow/example_dags/example_external_task_marker_dag.py
[2022-11-16T14:30:22.252+0000] {processor.py:766} INFO - DAG(s) dict_keys(['example_external_task_marker_child', 'example_external_task_marker_parent']) retrieved from /home/airflow/.local/lib/python3.7/site-packages/airflow/example_dags/example_external_task_marker_dag.py
[2022-11-16T14:30:23.160+0000] {logging_mixin.py:137} INFO - [2022-11-16T14:30:23.159+0000] {dag.py:2585} INFO - Sync 2 DAGs
[2022-11-16T14:30:23.233+0000] {logging_mixin.py:137} INFO - [2022-11-16T14:30:23.233+0000] {dag.py:3340} INFO - Setting next_dagrun for example_external_task_marker_child to None, run_after=None
[2022-11-16T14:30:23.239+0000] {logging_mixin.py:137} INFO - [2022-11-16T14:30:23.239+0000] {dag.py:3340} INFO - Setting next_dagrun for example_external_task_marker_parent to None, run_after=None
[2022-11-16T14:30:23.285+0000] {processor.py:176} INFO - Processing /home/airflow/.local/lib/python3.7/site-packages/airflow/example_dags/example_external_task_marker_dag.py took 1.087 seconds
[2022-11-16T14:30:53.360+0000] {processor.py:154} INFO - Started process (PID=1215) to work on /home/airflow/.local/lib/python3.7/site-packages/airflow/example_dags/example_external_task_marker_dag.py
[2022-11-16T14:30:53.362+0000] {processor.py:756} INFO - Processing file /home/airflow/.local/lib/python3.7/site-packages/airflow/example_dags/example_external_task_marker_dag.py for tasks to queue
[2022-11-16T14:30:53.362+0000] {logging_mixin.py:137} INFO - [2022-11-16T14:30:53.362+0000] {dagbag.py:537} INFO - Filling up the DagBag from /home/airflow/.local/lib/python3.7/site-packages/airflow/example_dags/example_external_task_marker_dag.py
[2022-11-16T14:30:53.380+0000] {processor.py:766} INFO - DAG(s) dict_keys(['example_external_task_marker_child', 'example_external_task_marker_parent']) retrieved from /home/airflow/.local/lib/python3.7/site-packages/airflow/example_dags/example_external_task_marker_dag.py
[2022-11-16T14:30:53.729+0000] {logging_mixin.py:137} INFO - [2022-11-16T14:30:53.729+0000] {dag.py:2585} INFO - Sync 2 DAGs
[2022-11-16T14:30:53.766+0000] {logging_mixin.py:137} INFO - [2022-11-16T14:30:53.765+0000] {dag.py:3340} INFO - Setting next_dagrun for example_external_task_marker_child to None, run_after=None
[2022-11-16T14:30:53.771+0000] {logging_mixin.py:137} INFO - [2022-11-16T14:30:53.771+0000] {dag.py:3340} INFO - Setting next_dagrun for example_external_task_marker_parent to None, run_after=None
[2022-11-16T14:30:53.798+0000] {processor.py:176} INFO - Processing /home/airflow/.local/lib/python3.7/site-packages/airflow/example_dags/example_external_task_marker_dag.py took 0.441 seconds
[2022-11-16T14:31:23.950+0000] {processor.py:154} INFO - Started process (PID=1419) to work on /home/airflow/.local/lib/python3.7/site-packages/airflow/example_dags/example_external_task_marker_dag.py
[2022-11-16T14:31:23.951+0000] {processor.py:756} INFO - Processing file /home/airflow/.local/lib/python3.7/site-packages/airflow/example_dags/example_external_task_marker_dag.py for tasks to queue
[2022-11-16T14:31:23.952+0000] {logging_mixin.py:137} INFO - [2022-11-16T14:31:23.952+0000] {dagbag.py:537} INFO - Filling up the DagBag from /home/airflow/.local/lib/python3.7/site-packages/airflow/example_dags/example_external_task_marker_dag.py
[2022-11-16T14:31:23.970+0000] {processor.py:766} INFO - DAG(s) dict_keys(['example_external_task_marker_child', 'example_external_task_marker_parent']) retrieved from /home/airflow/.local/lib/python3.7/site-packages/airflow/example_dags/example_external_task_marker_dag.py
[2022-11-16T14:31:24.308+0000] {logging_mixin.py:137} INFO - [2022-11-16T14:31:24.307+0000] {dag.py:2585} INFO - Sync 2 DAGs
[2022-11-16T14:31:24.342+0000] {logging_mixin.py:137} INFO - [2022-11-16T14:31:24.342+0000] {dag.py:3340} INFO - Setting next_dagrun for example_external_task_marker_child to None, run_after=None
[2022-11-16T14:31:24.347+0000] {logging_mixin.py:137} INFO - [2022-11-16T14:31:24.347+0000] {dag.py:3340} INFO - Setting next_dagrun for example_external_task_marker_parent to None, run_after=None
[2022-11-16T14:31:24.375+0000] {processor.py:176} INFO - Processing /home/airflow/.local/lib/python3.7/site-packages/airflow/example_dags/example_external_task_marker_dag.py took 0.429 seconds
[2022-11-16T14:31:54.712+0000] {processor.py:154} INFO - Started process (PID=1618) to work on /home/airflow/.local/lib/python3.7/site-packages/airflow/example_dags/example_external_task_marker_dag.py
[2022-11-16T14:31:54.726+0000] {processor.py:756} INFO - Processing file /home/airflow/.local/lib/python3.7/site-packages/airflow/example_dags/example_external_task_marker_dag.py for tasks to queue
[2022-11-16T14:31:54.728+0000] {logging_mixin.py:137} INFO - [2022-11-16T14:31:54.727+0000] {dagbag.py:537} INFO - Filling up the DagBag from /home/airflow/.local/lib/python3.7/site-packages/airflow/example_dags/example_external_task_marker_dag.py
[2022-11-16T14:31:54.831+0000] {processor.py:766} INFO - DAG(s) dict_keys(['example_external_task_marker_child', 'example_external_task_marker_parent']) retrieved from /home/airflow/.local/lib/python3.7/site-packages/airflow/example_dags/example_external_task_marker_dag.py
[2022-11-16T14:31:55.612+0000] {logging_mixin.py:137} INFO - [2022-11-16T14:31:55.612+0000] {dag.py:2585} INFO - Sync 2 DAGs
[2022-11-16T14:31:55.681+0000] {logging_mixin.py:137} INFO - [2022-11-16T14:31:55.681+0000] {dag.py:3340} INFO - Setting next_dagrun for example_external_task_marker_child to None, run_after=None
[2022-11-16T14:31:55.689+0000] {logging_mixin.py:137} INFO - [2022-11-16T14:31:55.689+0000] {dag.py:3340} INFO - Setting next_dagrun for example_external_task_marker_parent to None, run_after=None
[2022-11-16T14:31:55.760+0000] {processor.py:176} INFO - Processing /home/airflow/.local/lib/python3.7/site-packages/airflow/example_dags/example_external_task_marker_dag.py took 1.073 seconds
[2022-11-16T14:32:26.015+0000] {processor.py:154} INFO - Started process (PID=1817) to work on /home/airflow/.local/lib/python3.7/site-packages/airflow/example_dags/example_external_task_marker_dag.py
[2022-11-16T14:32:26.016+0000] {processor.py:756} INFO - Processing file /home/airflow/.local/lib/python3.7/site-packages/airflow/example_dags/example_external_task_marker_dag.py for tasks to queue
[2022-11-16T14:32:26.017+0000] {logging_mixin.py:137} INFO - [2022-11-16T14:32:26.017+0000] {dagbag.py:537} INFO - Filling up the DagBag from /home/airflow/.local/lib/python3.7/site-packages/airflow/example_dags/example_external_task_marker_dag.py
[2022-11-16T14:32:26.047+0000] {processor.py:766} INFO - DAG(s) dict_keys(['example_external_task_marker_parent', 'example_external_task_marker_child']) retrieved from /home/airflow/.local/lib/python3.7/site-packages/airflow/example_dags/example_external_task_marker_dag.py
[2022-11-16T14:32:26.686+0000] {logging_mixin.py:137} INFO - [2022-11-16T14:32:26.686+0000] {dag.py:2585} INFO - Sync 2 DAGs
[2022-11-16T14:32:26.827+0000] {logging_mixin.py:137} INFO - [2022-11-16T14:32:26.826+0000] {dag.py:3340} INFO - Setting next_dagrun for example_external_task_marker_child to None, run_after=None
[2022-11-16T14:32:26.835+0000] {logging_mixin.py:137} INFO - [2022-11-16T14:32:26.835+0000] {dag.py:3340} INFO - Setting next_dagrun for example_external_task_marker_parent to None, run_after=None
[2022-11-16T14:32:26.883+0000] {processor.py:176} INFO - Processing /home/airflow/.local/lib/python3.7/site-packages/airflow/example_dags/example_external_task_marker_dag.py took 0.878 seconds
[2022-11-16T14:32:57.404+0000] {processor.py:154} INFO - Started process (PID=2024) to work on /home/airflow/.local/lib/python3.7/site-packages/airflow/example_dags/example_external_task_marker_dag.py
[2022-11-16T14:32:57.406+0000] {processor.py:756} INFO - Processing file /home/airflow/.local/lib/python3.7/site-packages/airflow/example_dags/example_external_task_marker_dag.py for tasks to queue
[2022-11-16T14:32:57.409+0000] {logging_mixin.py:137} INFO - [2022-11-16T14:32:57.407+0000] {dagbag.py:537} INFO - Filling up the DagBag from /home/airflow/.local/lib/python3.7/site-packages/airflow/example_dags/example_external_task_marker_dag.py
[2022-11-16T14:32:57.436+0000] {processor.py:766} INFO - DAG(s) dict_keys(['example_external_task_marker_child', 'example_external_task_marker_parent']) retrieved from /home/airflow/.local/lib/python3.7/site-packages/airflow/example_dags/example_external_task_marker_dag.py
[2022-11-16T14:32:57.911+0000] {logging_mixin.py:137} INFO - [2022-11-16T14:32:57.911+0000] {dag.py:2585} INFO - Sync 2 DAGs
[2022-11-16T14:32:57.970+0000] {logging_mixin.py:137} INFO - [2022-11-16T14:32:57.970+0000] {dag.py:3340} INFO - Setting next_dagrun for example_external_task_marker_child to None, run_after=None
[2022-11-16T14:32:57.980+0000] {logging_mixin.py:137} INFO - [2022-11-16T14:32:57.979+0000] {dag.py:3340} INFO - Setting next_dagrun for example_external_task_marker_parent to None, run_after=None
[2022-11-16T14:32:58.012+0000] {processor.py:176} INFO - Processing /home/airflow/.local/lib/python3.7/site-packages/airflow/example_dags/example_external_task_marker_dag.py took 0.613 seconds
[2022-11-16T14:33:28.127+0000] {processor.py:154} INFO - Started process (PID=2220) to work on /home/airflow/.local/lib/python3.7/site-packages/airflow/example_dags/example_external_task_marker_dag.py
[2022-11-16T14:33:28.128+0000] {processor.py:756} INFO - Processing file /home/airflow/.local/lib/python3.7/site-packages/airflow/example_dags/example_external_task_marker_dag.py for tasks to queue
[2022-11-16T14:33:28.128+0000] {logging_mixin.py:137} INFO - [2022-11-16T14:33:28.128+0000] {dagbag.py:537} INFO - Filling up the DagBag from /home/airflow/.local/lib/python3.7/site-packages/airflow/example_dags/example_external_task_marker_dag.py
[2022-11-16T14:33:28.151+0000] {processor.py:766} INFO - DAG(s) dict_keys(['example_external_task_marker_child', 'example_external_task_marker_parent']) retrieved from /home/airflow/.local/lib/python3.7/site-packages/airflow/example_dags/example_external_task_marker_dag.py
[2022-11-16T14:33:28.506+0000] {logging_mixin.py:137} INFO - [2022-11-16T14:33:28.506+0000] {dag.py:2585} INFO - Sync 2 DAGs
[2022-11-16T14:33:28.548+0000] {logging_mixin.py:137} INFO - [2022-11-16T14:33:28.548+0000] {dag.py:3340} INFO - Setting next_dagrun for example_external_task_marker_child to None, run_after=None
[2022-11-16T14:33:28.553+0000] {logging_mixin.py:137} INFO - [2022-11-16T14:33:28.553+0000] {dag.py:3340} INFO - Setting next_dagrun for example_external_task_marker_parent to None, run_after=None
[2022-11-16T14:33:28.582+0000] {processor.py:176} INFO - Processing /home/airflow/.local/lib/python3.7/site-packages/airflow/example_dags/example_external_task_marker_dag.py took 0.460 seconds
[2022-11-16T14:33:58.717+0000] {processor.py:154} INFO - Started process (PID=2424) to work on /home/airflow/.local/lib/python3.7/site-packages/airflow/example_dags/example_external_task_marker_dag.py
[2022-11-16T14:33:58.720+0000] {processor.py:756} INFO - Processing file /home/airflow/.local/lib/python3.7/site-packages/airflow/example_dags/example_external_task_marker_dag.py for tasks to queue
[2022-11-16T14:33:58.730+0000] {logging_mixin.py:137} INFO - [2022-11-16T14:33:58.729+0000] {dagbag.py:537} INFO - Filling up the DagBag from /home/airflow/.local/lib/python3.7/site-packages/airflow/example_dags/example_external_task_marker_dag.py
[2022-11-16T14:33:58.825+0000] {processor.py:766} INFO - DAG(s) dict_keys(['example_external_task_marker_child', 'example_external_task_marker_parent']) retrieved from /home/airflow/.local/lib/python3.7/site-packages/airflow/example_dags/example_external_task_marker_dag.py
[2022-11-16T14:33:59.521+0000] {logging_mixin.py:137} INFO - [2022-11-16T14:33:59.521+0000] {dag.py:2585} INFO - Sync 2 DAGs
[2022-11-16T14:33:59.580+0000] {logging_mixin.py:137} INFO - [2022-11-16T14:33:59.579+0000] {dag.py:3340} INFO - Setting next_dagrun for example_external_task_marker_child to None, run_after=None
[2022-11-16T14:33:59.587+0000] {logging_mixin.py:137} INFO - [2022-11-16T14:33:59.587+0000] {dag.py:3340} INFO - Setting next_dagrun for example_external_task_marker_parent to None, run_after=None
[2022-11-16T14:33:59.636+0000] {processor.py:176} INFO - Processing /home/airflow/.local/lib/python3.7/site-packages/airflow/example_dags/example_external_task_marker_dag.py took 0.927 seconds
[2022-11-16T14:34:30.087+0000] {processor.py:154} INFO - Started process (PID=2642) to work on /home/airflow/.local/lib/python3.7/site-packages/airflow/example_dags/example_external_task_marker_dag.py
[2022-11-16T14:34:30.088+0000] {processor.py:756} INFO - Processing file /home/airflow/.local/lib/python3.7/site-packages/airflow/example_dags/example_external_task_marker_dag.py for tasks to queue
[2022-11-16T14:34:30.089+0000] {logging_mixin.py:137} INFO - [2022-11-16T14:34:30.089+0000] {dagbag.py:537} INFO - Filling up the DagBag from /home/airflow/.local/lib/python3.7/site-packages/airflow/example_dags/example_external_task_marker_dag.py
[2022-11-16T14:34:30.108+0000] {processor.py:766} INFO - DAG(s) dict_keys(['example_external_task_marker_parent', 'example_external_task_marker_child']) retrieved from /home/airflow/.local/lib/python3.7/site-packages/airflow/example_dags/example_external_task_marker_dag.py
[2022-11-16T14:34:30.458+0000] {logging_mixin.py:137} INFO - [2022-11-16T14:34:30.458+0000] {dag.py:2585} INFO - Sync 2 DAGs
[2022-11-16T14:34:30.497+0000] {logging_mixin.py:137} INFO - [2022-11-16T14:34:30.496+0000] {dag.py:3340} INFO - Setting next_dagrun for example_external_task_marker_child to None, run_after=None
[2022-11-16T14:34:30.502+0000] {logging_mixin.py:137} INFO - [2022-11-16T14:34:30.502+0000] {dag.py:3340} INFO - Setting next_dagrun for example_external_task_marker_parent to None, run_after=None
[2022-11-16T14:34:30.530+0000] {processor.py:176} INFO - Processing /home/airflow/.local/lib/python3.7/site-packages/airflow/example_dags/example_external_task_marker_dag.py took 0.448 seconds
[2022-11-16T14:35:01.093+0000] {processor.py:154} INFO - Started process (PID=2840) to work on /home/airflow/.local/lib/python3.7/site-packages/airflow/example_dags/example_external_task_marker_dag.py
[2022-11-16T14:35:01.096+0000] {processor.py:756} INFO - Processing file /home/airflow/.local/lib/python3.7/site-packages/airflow/example_dags/example_external_task_marker_dag.py for tasks to queue
[2022-11-16T14:35:01.097+0000] {logging_mixin.py:137} INFO - [2022-11-16T14:35:01.097+0000] {dagbag.py:537} INFO - Filling up the DagBag from /home/airflow/.local/lib/python3.7/site-packages/airflow/example_dags/example_external_task_marker_dag.py
[2022-11-16T14:35:01.119+0000] {processor.py:766} INFO - DAG(s) dict_keys(['example_external_task_marker_child', 'example_external_task_marker_parent']) retrieved from /home/airflow/.local/lib/python3.7/site-packages/airflow/example_dags/example_external_task_marker_dag.py
[2022-11-16T14:35:01.558+0000] {logging_mixin.py:137} INFO - [2022-11-16T14:35:01.557+0000] {dag.py:2585} INFO - Sync 2 DAGs
[2022-11-16T14:35:01.607+0000] {logging_mixin.py:137} INFO - [2022-11-16T14:35:01.607+0000] {dag.py:3340} INFO - Setting next_dagrun for example_external_task_marker_child to None, run_after=None
[2022-11-16T14:35:01.616+0000] {logging_mixin.py:137} INFO - [2022-11-16T14:35:01.616+0000] {dag.py:3340} INFO - Setting next_dagrun for example_external_task_marker_parent to None, run_after=None
[2022-11-16T14:35:01.663+0000] {processor.py:176} INFO - Processing /home/airflow/.local/lib/python3.7/site-packages/airflow/example_dags/example_external_task_marker_dag.py took 0.575 seconds
[2022-11-16T14:35:32.118+0000] {processor.py:154} INFO - Started process (PID=3044) to work on /home/airflow/.local/lib/python3.7/site-packages/airflow/example_dags/example_external_task_marker_dag.py
[2022-11-16T14:35:32.141+0000] {processor.py:756} INFO - Processing file /home/airflow/.local/lib/python3.7/site-packages/airflow/example_dags/example_external_task_marker_dag.py for tasks to queue
[2022-11-16T14:35:32.143+0000] {logging_mixin.py:137} INFO - [2022-11-16T14:35:32.143+0000] {dagbag.py:537} INFO - Filling up the DagBag from /home/airflow/.local/lib/python3.7/site-packages/airflow/example_dags/example_external_task_marker_dag.py
[2022-11-16T14:35:32.168+0000] {processor.py:766} INFO - DAG(s) dict_keys(['example_external_task_marker_parent', 'example_external_task_marker_child']) retrieved from /home/airflow/.local/lib/python3.7/site-packages/airflow/example_dags/example_external_task_marker_dag.py
[2022-11-16T14:35:32.713+0000] {logging_mixin.py:137} INFO - [2022-11-16T14:35:32.712+0000] {dag.py:2585} INFO - Sync 2 DAGs
[2022-11-16T14:35:32.766+0000] {logging_mixin.py:137} INFO - [2022-11-16T14:35:32.766+0000] {dag.py:3340} INFO - Setting next_dagrun for example_external_task_marker_child to None, run_after=None
[2022-11-16T14:35:32.775+0000] {logging_mixin.py:137} INFO - [2022-11-16T14:35:32.775+0000] {dag.py:3340} INFO - Setting next_dagrun for example_external_task_marker_parent to None, run_after=None
[2022-11-16T14:35:32.809+0000] {processor.py:176} INFO - Processing /home/airflow/.local/lib/python3.7/site-packages/airflow/example_dags/example_external_task_marker_dag.py took 0.696 seconds
[2022-11-16T14:36:03.574+0000] {processor.py:154} INFO - Started process (PID=3241) to work on /home/airflow/.local/lib/python3.7/site-packages/airflow/example_dags/example_external_task_marker_dag.py
[2022-11-16T14:36:03.575+0000] {processor.py:756} INFO - Processing file /home/airflow/.local/lib/python3.7/site-packages/airflow/example_dags/example_external_task_marker_dag.py for tasks to queue
[2022-11-16T14:36:03.578+0000] {logging_mixin.py:137} INFO - [2022-11-16T14:36:03.578+0000] {dagbag.py:537} INFO - Filling up the DagBag from /home/airflow/.local/lib/python3.7/site-packages/airflow/example_dags/example_external_task_marker_dag.py
[2022-11-16T14:36:03.603+0000] {processor.py:766} INFO - DAG(s) dict_keys(['example_external_task_marker_child', 'example_external_task_marker_parent']) retrieved from /home/airflow/.local/lib/python3.7/site-packages/airflow/example_dags/example_external_task_marker_dag.py
[2022-11-16T14:36:04.119+0000] {logging_mixin.py:137} INFO - [2022-11-16T14:36:04.119+0000] {dag.py:2585} INFO - Sync 2 DAGs
[2022-11-16T14:36:04.173+0000] {logging_mixin.py:137} INFO - [2022-11-16T14:36:04.173+0000] {dag.py:3340} INFO - Setting next_dagrun for example_external_task_marker_child to None, run_after=None
[2022-11-16T14:36:04.178+0000] {logging_mixin.py:137} INFO - [2022-11-16T14:36:04.178+0000] {dag.py:3340} INFO - Setting next_dagrun for example_external_task_marker_parent to None, run_after=None
[2022-11-16T14:36:04.213+0000] {processor.py:176} INFO - Processing /home/airflow/.local/lib/python3.7/site-packages/airflow/example_dags/example_external_task_marker_dag.py took 0.645 seconds
[2022-11-16T14:36:34.386+0000] {processor.py:154} INFO - Started process (PID=3447) to work on /home/airflow/.local/lib/python3.7/site-packages/airflow/example_dags/example_external_task_marker_dag.py
[2022-11-16T14:36:34.387+0000] {processor.py:756} INFO - Processing file /home/airflow/.local/lib/python3.7/site-packages/airflow/example_dags/example_external_task_marker_dag.py for tasks to queue
[2022-11-16T14:36:34.388+0000] {logging_mixin.py:137} INFO - [2022-11-16T14:36:34.388+0000] {dagbag.py:537} INFO - Filling up the DagBag from /home/airflow/.local/lib/python3.7/site-packages/airflow/example_dags/example_external_task_marker_dag.py
[2022-11-16T14:36:34.446+0000] {processor.py:766} INFO - DAG(s) dict_keys(['example_external_task_marker_child', 'example_external_task_marker_parent']) retrieved from /home/airflow/.local/lib/python3.7/site-packages/airflow/example_dags/example_external_task_marker_dag.py
[2022-11-16T14:36:35.130+0000] {logging_mixin.py:137} INFO - [2022-11-16T14:36:35.130+0000] {dag.py:2585} INFO - Sync 2 DAGs
[2022-11-16T14:36:35.185+0000] {logging_mixin.py:137} INFO - [2022-11-16T14:36:35.185+0000] {dag.py:3340} INFO - Setting next_dagrun for example_external_task_marker_child to None, run_after=None
[2022-11-16T14:36:35.192+0000] {logging_mixin.py:137} INFO - [2022-11-16T14:36:35.191+0000] {dag.py:3340} INFO - Setting next_dagrun for example_external_task_marker_parent to None, run_after=None
[2022-11-16T14:36:35.227+0000] {processor.py:176} INFO - Processing /home/airflow/.local/lib/python3.7/site-packages/airflow/example_dags/example_external_task_marker_dag.py took 0.846 seconds
[2022-11-16T14:37:05.663+0000] {processor.py:154} INFO - Started process (PID=3646) to work on /home/airflow/.local/lib/python3.7/site-packages/airflow/example_dags/example_external_task_marker_dag.py
[2022-11-16T14:37:05.665+0000] {processor.py:756} INFO - Processing file /home/airflow/.local/lib/python3.7/site-packages/airflow/example_dags/example_external_task_marker_dag.py for tasks to queue
[2022-11-16T14:37:05.666+0000] {logging_mixin.py:137} INFO - [2022-11-16T14:37:05.665+0000] {dagbag.py:537} INFO - Filling up the DagBag from /home/airflow/.local/lib/python3.7/site-packages/airflow/example_dags/example_external_task_marker_dag.py
[2022-11-16T14:37:05.692+0000] {processor.py:766} INFO - DAG(s) dict_keys(['example_external_task_marker_parent', 'example_external_task_marker_child']) retrieved from /home/airflow/.local/lib/python3.7/site-packages/airflow/example_dags/example_external_task_marker_dag.py
[2022-11-16T14:37:06.185+0000] {logging_mixin.py:137} INFO - [2022-11-16T14:37:06.185+0000] {dag.py:2585} INFO - Sync 2 DAGs
[2022-11-16T14:37:06.237+0000] {logging_mixin.py:137} INFO - [2022-11-16T14:37:06.237+0000] {dag.py:3340} INFO - Setting next_dagrun for example_external_task_marker_child to None, run_after=None
[2022-11-16T14:37:06.243+0000] {logging_mixin.py:137} INFO - [2022-11-16T14:37:06.243+0000] {dag.py:3340} INFO - Setting next_dagrun for example_external_task_marker_parent to None, run_after=None
[2022-11-16T14:37:06.272+0000] {processor.py:176} INFO - Processing /home/airflow/.local/lib/python3.7/site-packages/airflow/example_dags/example_external_task_marker_dag.py took 0.614 seconds
[2022-11-16T14:37:36.454+0000] {processor.py:154} INFO - Started process (PID=3844) to work on /home/airflow/.local/lib/python3.7/site-packages/airflow/example_dags/example_external_task_marker_dag.py
[2022-11-16T14:37:36.455+0000] {processor.py:756} INFO - Processing file /home/airflow/.local/lib/python3.7/site-packages/airflow/example_dags/example_external_task_marker_dag.py for tasks to queue
[2022-11-16T14:37:36.456+0000] {logging_mixin.py:137} INFO - [2022-11-16T14:37:36.456+0000] {dagbag.py:537} INFO - Filling up the DagBag from /home/airflow/.local/lib/python3.7/site-packages/airflow/example_dags/example_external_task_marker_dag.py
[2022-11-16T14:37:36.487+0000] {processor.py:766} INFO - DAG(s) dict_keys(['example_external_task_marker_parent', 'example_external_task_marker_child']) retrieved from /home/airflow/.local/lib/python3.7/site-packages/airflow/example_dags/example_external_task_marker_dag.py
[2022-11-16T14:37:37.148+0000] {logging_mixin.py:137} INFO - [2022-11-16T14:37:37.148+0000] {dag.py:2585} INFO - Sync 2 DAGs
[2022-11-16T14:37:37.213+0000] {logging_mixin.py:137} INFO - [2022-11-16T14:37:37.213+0000] {dag.py:3340} INFO - Setting next_dagrun for example_external_task_marker_child to None, run_after=None
[2022-11-16T14:37:37.222+0000] {logging_mixin.py:137} INFO - [2022-11-16T14:37:37.222+0000] {dag.py:3340} INFO - Setting next_dagrun for example_external_task_marker_parent to None, run_after=None
[2022-11-16T14:37:37.280+0000] {processor.py:176} INFO - Processing /home/airflow/.local/lib/python3.7/site-packages/airflow/example_dags/example_external_task_marker_dag.py took 0.830 seconds
[2022-11-16T14:38:07.494+0000] {processor.py:154} INFO - Started process (PID=4062) to work on /home/airflow/.local/lib/python3.7/site-packages/airflow/example_dags/example_external_task_marker_dag.py
[2022-11-16T14:38:07.495+0000] {processor.py:756} INFO - Processing file /home/airflow/.local/lib/python3.7/site-packages/airflow/example_dags/example_external_task_marker_dag.py for tasks to queue
[2022-11-16T14:38:07.496+0000] {logging_mixin.py:137} INFO - [2022-11-16T14:38:07.496+0000] {dagbag.py:537} INFO - Filling up the DagBag from /home/airflow/.local/lib/python3.7/site-packages/airflow/example_dags/example_external_task_marker_dag.py
[2022-11-16T14:38:07.515+0000] {processor.py:766} INFO - DAG(s) dict_keys(['example_external_task_marker_child', 'example_external_task_marker_parent']) retrieved from /home/airflow/.local/lib/python3.7/site-packages/airflow/example_dags/example_external_task_marker_dag.py
[2022-11-16T14:38:07.878+0000] {logging_mixin.py:137} INFO - [2022-11-16T14:38:07.878+0000] {dag.py:2585} INFO - Sync 2 DAGs
[2022-11-16T14:38:07.916+0000] {logging_mixin.py:137} INFO - [2022-11-16T14:38:07.916+0000] {dag.py:3340} INFO - Setting next_dagrun for example_external_task_marker_child to None, run_after=None
[2022-11-16T14:38:07.923+0000] {logging_mixin.py:137} INFO - [2022-11-16T14:38:07.923+0000] {dag.py:3340} INFO - Setting next_dagrun for example_external_task_marker_parent to None, run_after=None
[2022-11-16T14:38:07.948+0000] {processor.py:176} INFO - Processing /home/airflow/.local/lib/python3.7/site-packages/airflow/example_dags/example_external_task_marker_dag.py took 0.457 seconds
[2022-11-16T14:38:38.862+0000] {processor.py:154} INFO - Started process (PID=4259) to work on /home/airflow/.local/lib/python3.7/site-packages/airflow/example_dags/example_external_task_marker_dag.py
[2022-11-16T14:38:38.863+0000] {processor.py:756} INFO - Processing file /home/airflow/.local/lib/python3.7/site-packages/airflow/example_dags/example_external_task_marker_dag.py for tasks to queue
[2022-11-16T14:38:38.864+0000] {logging_mixin.py:137} INFO - [2022-11-16T14:38:38.864+0000] {dagbag.py:537} INFO - Filling up the DagBag from /home/airflow/.local/lib/python3.7/site-packages/airflow/example_dags/example_external_task_marker_dag.py
[2022-11-16T14:38:38.891+0000] {processor.py:766} INFO - DAG(s) dict_keys(['example_external_task_marker_parent', 'example_external_task_marker_child']) retrieved from /home/airflow/.local/lib/python3.7/site-packages/airflow/example_dags/example_external_task_marker_dag.py
[2022-11-16T14:38:39.321+0000] {logging_mixin.py:137} INFO - [2022-11-16T14:38:39.321+0000] {dag.py:2585} INFO - Sync 2 DAGs
[2022-11-16T14:38:39.367+0000] {logging_mixin.py:137} INFO - [2022-11-16T14:38:39.367+0000] {dag.py:3340} INFO - Setting next_dagrun for example_external_task_marker_child to None, run_after=None
[2022-11-16T14:38:39.372+0000] {logging_mixin.py:137} INFO - [2022-11-16T14:38:39.372+0000] {dag.py:3340} INFO - Setting next_dagrun for example_external_task_marker_parent to None, run_after=None
[2022-11-16T14:38:39.405+0000] {processor.py:176} INFO - Processing /home/airflow/.local/lib/python3.7/site-packages/airflow/example_dags/example_external_task_marker_dag.py took 0.551 seconds
[2022-11-16T14:39:09.680+0000] {processor.py:154} INFO - Started process (PID=4466) to work on /home/airflow/.local/lib/python3.7/site-packages/airflow/example_dags/example_external_task_marker_dag.py
[2022-11-16T14:39:09.681+0000] {processor.py:756} INFO - Processing file /home/airflow/.local/lib/python3.7/site-packages/airflow/example_dags/example_external_task_marker_dag.py for tasks to queue
[2022-11-16T14:39:09.683+0000] {logging_mixin.py:137} INFO - [2022-11-16T14:39:09.682+0000] {dagbag.py:537} INFO - Filling up the DagBag from /home/airflow/.local/lib/python3.7/site-packages/airflow/example_dags/example_external_task_marker_dag.py
[2022-11-16T14:39:09.708+0000] {processor.py:766} INFO - DAG(s) dict_keys(['example_external_task_marker_parent', 'example_external_task_marker_child']) retrieved from /home/airflow/.local/lib/python3.7/site-packages/airflow/example_dags/example_external_task_marker_dag.py
[2022-11-16T14:39:10.187+0000] {logging_mixin.py:137} INFO - [2022-11-16T14:39:10.187+0000] {dag.py:2585} INFO - Sync 2 DAGs
[2022-11-16T14:39:10.227+0000] {logging_mixin.py:137} INFO - [2022-11-16T14:39:10.227+0000] {dag.py:3340} INFO - Setting next_dagrun for example_external_task_marker_child to None, run_after=None
[2022-11-16T14:39:10.237+0000] {logging_mixin.py:137} INFO - [2022-11-16T14:39:10.236+0000] {dag.py:3340} INFO - Setting next_dagrun for example_external_task_marker_parent to None, run_after=None
[2022-11-16T14:39:10.270+0000] {processor.py:176} INFO - Processing /home/airflow/.local/lib/python3.7/site-packages/airflow/example_dags/example_external_task_marker_dag.py took 0.594 seconds
[2022-11-16T14:39:40.448+0000] {processor.py:154} INFO - Started process (PID=4675) to work on /home/airflow/.local/lib/python3.7/site-packages/airflow/example_dags/example_external_task_marker_dag.py
[2022-11-16T14:39:40.449+0000] {processor.py:756} INFO - Processing file /home/airflow/.local/lib/python3.7/site-packages/airflow/example_dags/example_external_task_marker_dag.py for tasks to queue
[2022-11-16T14:39:40.450+0000] {logging_mixin.py:137} INFO - [2022-11-16T14:39:40.450+0000] {dagbag.py:537} INFO - Filling up the DagBag from /home/airflow/.local/lib/python3.7/site-packages/airflow/example_dags/example_external_task_marker_dag.py
[2022-11-16T14:39:40.471+0000] {processor.py:766} INFO - DAG(s) dict_keys(['example_external_task_marker_child', 'example_external_task_marker_parent']) retrieved from /home/airflow/.local/lib/python3.7/site-packages/airflow/example_dags/example_external_task_marker_dag.py
[2022-11-16T14:39:40.921+0000] {logging_mixin.py:137} INFO - [2022-11-16T14:39:40.921+0000] {dag.py:2585} INFO - Sync 2 DAGs
[2022-11-16T14:39:40.967+0000] {logging_mixin.py:137} INFO - [2022-11-16T14:39:40.966+0000] {dag.py:3340} INFO - Setting next_dagrun for example_external_task_marker_child to None, run_after=None
[2022-11-16T14:39:40.973+0000] {logging_mixin.py:137} INFO - [2022-11-16T14:39:40.972+0000] {dag.py:3340} INFO - Setting next_dagrun for example_external_task_marker_parent to None, run_after=None
[2022-11-16T14:39:41.012+0000] {processor.py:176} INFO - Processing /home/airflow/.local/lib/python3.7/site-packages/airflow/example_dags/example_external_task_marker_dag.py took 0.567 seconds
[2022-11-16T14:40:11.548+0000] {processor.py:154} INFO - Started process (PID=4892) to work on /home/airflow/.local/lib/python3.7/site-packages/airflow/example_dags/example_external_task_marker_dag.py
[2022-11-16T14:40:11.553+0000] {processor.py:756} INFO - Processing file /home/airflow/.local/lib/python3.7/site-packages/airflow/example_dags/example_external_task_marker_dag.py for tasks to queue
[2022-11-16T14:40:11.554+0000] {logging_mixin.py:137} INFO - [2022-11-16T14:40:11.554+0000] {dagbag.py:537} INFO - Filling up the DagBag from /home/airflow/.local/lib/python3.7/site-packages/airflow/example_dags/example_external_task_marker_dag.py
[2022-11-16T14:40:11.606+0000] {processor.py:766} INFO - DAG(s) dict_keys(['example_external_task_marker_child', 'example_external_task_marker_parent']) retrieved from /home/airflow/.local/lib/python3.7/site-packages/airflow/example_dags/example_external_task_marker_dag.py
[2022-11-16T14:40:12.384+0000] {logging_mixin.py:137} INFO - [2022-11-16T14:40:12.384+0000] {dag.py:2585} INFO - Sync 2 DAGs
[2022-11-16T14:40:12.446+0000] {logging_mixin.py:137} INFO - [2022-11-16T14:40:12.445+0000] {dag.py:3340} INFO - Setting next_dagrun for example_external_task_marker_child to None, run_after=None
[2022-11-16T14:40:12.451+0000] {logging_mixin.py:137} INFO - [2022-11-16T14:40:12.451+0000] {dag.py:3340} INFO - Setting next_dagrun for example_external_task_marker_parent to None, run_after=None
[2022-11-16T14:40:12.494+0000] {processor.py:176} INFO - Processing /home/airflow/.local/lib/python3.7/site-packages/airflow/example_dags/example_external_task_marker_dag.py took 0.961 seconds
[2022-11-16T14:40:43.163+0000] {processor.py:154} INFO - Started process (PID=5100) to work on /home/airflow/.local/lib/python3.7/site-packages/airflow/example_dags/example_external_task_marker_dag.py
[2022-11-16T14:40:43.163+0000] {processor.py:756} INFO - Processing file /home/airflow/.local/lib/python3.7/site-packages/airflow/example_dags/example_external_task_marker_dag.py for tasks to queue
[2022-11-16T14:40:43.165+0000] {logging_mixin.py:137} INFO - [2022-11-16T14:40:43.164+0000] {dagbag.py:537} INFO - Filling up the DagBag from /home/airflow/.local/lib/python3.7/site-packages/airflow/example_dags/example_external_task_marker_dag.py
[2022-11-16T14:40:43.193+0000] {processor.py:766} INFO - DAG(s) dict_keys(['example_external_task_marker_child', 'example_external_task_marker_parent']) retrieved from /home/airflow/.local/lib/python3.7/site-packages/airflow/example_dags/example_external_task_marker_dag.py
[2022-11-16T14:40:43.672+0000] {logging_mixin.py:137} INFO - [2022-11-16T14:40:43.672+0000] {dag.py:2585} INFO - Sync 2 DAGs
[2022-11-16T14:40:43.721+0000] {logging_mixin.py:137} INFO - [2022-11-16T14:40:43.720+0000] {dag.py:3340} INFO - Setting next_dagrun for example_external_task_marker_child to None, run_after=None
[2022-11-16T14:40:43.725+0000] {logging_mixin.py:137} INFO - [2022-11-16T14:40:43.725+0000] {dag.py:3340} INFO - Setting next_dagrun for example_external_task_marker_parent to None, run_after=None
[2022-11-16T14:40:43.760+0000] {processor.py:176} INFO - Processing /home/airflow/.local/lib/python3.7/site-packages/airflow/example_dags/example_external_task_marker_dag.py took 0.601 seconds
[2022-11-16T14:41:14.987+0000] {processor.py:154} INFO - Started process (PID=5308) to work on /home/airflow/.local/lib/python3.7/site-packages/airflow/example_dags/example_external_task_marker_dag.py
[2022-11-16T14:41:14.999+0000] {processor.py:756} INFO - Processing file /home/airflow/.local/lib/python3.7/site-packages/airflow/example_dags/example_external_task_marker_dag.py for tasks to queue
[2022-11-16T14:41:15.000+0000] {logging_mixin.py:137} INFO - [2022-11-16T14:41:15.000+0000] {dagbag.py:537} INFO - Filling up the DagBag from /home/airflow/.local/lib/python3.7/site-packages/airflow/example_dags/example_external_task_marker_dag.py
[2022-11-16T14:41:15.171+0000] {processor.py:766} INFO - DAG(s) dict_keys(['example_external_task_marker_child', 'example_external_task_marker_parent']) retrieved from /home/airflow/.local/lib/python3.7/site-packages/airflow/example_dags/example_external_task_marker_dag.py
[2022-11-16T14:41:15.858+0000] {logging_mixin.py:137} INFO - [2022-11-16T14:41:15.858+0000] {dag.py:2585} INFO - Sync 2 DAGs
[2022-11-16T14:41:15.947+0000] {logging_mixin.py:137} INFO - [2022-11-16T14:41:15.946+0000] {dag.py:3340} INFO - Setting next_dagrun for example_external_task_marker_child to None, run_after=None
[2022-11-16T14:41:15.958+0000] {logging_mixin.py:137} INFO - [2022-11-16T14:41:15.958+0000] {dag.py:3340} INFO - Setting next_dagrun for example_external_task_marker_parent to None, run_after=None
[2022-11-16T14:41:15.998+0000] {processor.py:176} INFO - Processing /home/airflow/.local/lib/python3.7/site-packages/airflow/example_dags/example_external_task_marker_dag.py took 1.016 seconds
[2022-11-16T14:41:46.500+0000] {processor.py:154} INFO - Started process (PID=5508) to work on /home/airflow/.local/lib/python3.7/site-packages/airflow/example_dags/example_external_task_marker_dag.py
[2022-11-16T14:41:46.501+0000] {processor.py:756} INFO - Processing file /home/airflow/.local/lib/python3.7/site-packages/airflow/example_dags/example_external_task_marker_dag.py for tasks to queue
[2022-11-16T14:41:46.502+0000] {logging_mixin.py:137} INFO - [2022-11-16T14:41:46.502+0000] {dagbag.py:537} INFO - Filling up the DagBag from /home/airflow/.local/lib/python3.7/site-packages/airflow/example_dags/example_external_task_marker_dag.py
[2022-11-16T14:41:46.530+0000] {processor.py:766} INFO - DAG(s) dict_keys(['example_external_task_marker_child', 'example_external_task_marker_parent']) retrieved from /home/airflow/.local/lib/python3.7/site-packages/airflow/example_dags/example_external_task_marker_dag.py
[2022-11-16T14:41:46.997+0000] {logging_mixin.py:137} INFO - [2022-11-16T14:41:46.997+0000] {dag.py:2585} INFO - Sync 2 DAGs
[2022-11-16T14:41:47.043+0000] {logging_mixin.py:137} INFO - [2022-11-16T14:41:47.043+0000] {dag.py:3340} INFO - Setting next_dagrun for example_external_task_marker_child to None, run_after=None
[2022-11-16T14:41:47.051+0000] {logging_mixin.py:137} INFO - [2022-11-16T14:41:47.051+0000] {dag.py:3340} INFO - Setting next_dagrun for example_external_task_marker_parent to None, run_after=None
[2022-11-16T14:41:47.078+0000] {processor.py:176} INFO - Processing /home/airflow/.local/lib/python3.7/site-packages/airflow/example_dags/example_external_task_marker_dag.py took 0.582 seconds
[2022-11-16T14:42:17.217+0000] {processor.py:154} INFO - Started process (PID=5718) to work on /home/airflow/.local/lib/python3.7/site-packages/airflow/example_dags/example_external_task_marker_dag.py
[2022-11-16T14:42:17.218+0000] {processor.py:756} INFO - Processing file /home/airflow/.local/lib/python3.7/site-packages/airflow/example_dags/example_external_task_marker_dag.py for tasks to queue
[2022-11-16T14:42:17.219+0000] {logging_mixin.py:137} INFO - [2022-11-16T14:42:17.219+0000] {dagbag.py:537} INFO - Filling up the DagBag from /home/airflow/.local/lib/python3.7/site-packages/airflow/example_dags/example_external_task_marker_dag.py
[2022-11-16T14:42:17.273+0000] {processor.py:766} INFO - DAG(s) dict_keys(['example_external_task_marker_parent', 'example_external_task_marker_child']) retrieved from /home/airflow/.local/lib/python3.7/site-packages/airflow/example_dags/example_external_task_marker_dag.py
[2022-11-16T14:42:17.806+0000] {logging_mixin.py:137} INFO - [2022-11-16T14:42:17.805+0000] {dag.py:2585} INFO - Sync 2 DAGs
[2022-11-16T14:42:17.865+0000] {logging_mixin.py:137} INFO - [2022-11-16T14:42:17.865+0000] {dag.py:3340} INFO - Setting next_dagrun for example_external_task_marker_child to None, run_after=None
[2022-11-16T14:42:17.874+0000] {logging_mixin.py:137} INFO - [2022-11-16T14:42:17.873+0000] {dag.py:3340} INFO - Setting next_dagrun for example_external_task_marker_parent to None, run_after=None
[2022-11-16T14:42:17.918+0000] {processor.py:176} INFO - Processing /home/airflow/.local/lib/python3.7/site-packages/airflow/example_dags/example_external_task_marker_dag.py took 0.705 seconds
[2022-11-16T14:42:48.257+0000] {processor.py:154} INFO - Started process (PID=5918) to work on /home/airflow/.local/lib/python3.7/site-packages/airflow/example_dags/example_external_task_marker_dag.py
[2022-11-16T14:42:48.258+0000] {processor.py:756} INFO - Processing file /home/airflow/.local/lib/python3.7/site-packages/airflow/example_dags/example_external_task_marker_dag.py for tasks to queue
[2022-11-16T14:42:48.260+0000] {logging_mixin.py:137} INFO - [2022-11-16T14:42:48.259+0000] {dagbag.py:537} INFO - Filling up the DagBag from /home/airflow/.local/lib/python3.7/site-packages/airflow/example_dags/example_external_task_marker_dag.py
[2022-11-16T14:42:48.283+0000] {processor.py:766} INFO - DAG(s) dict_keys(['example_external_task_marker_parent', 'example_external_task_marker_child']) retrieved from /home/airflow/.local/lib/python3.7/site-packages/airflow/example_dags/example_external_task_marker_dag.py
[2022-11-16T14:42:48.787+0000] {logging_mixin.py:137} INFO - [2022-11-16T14:42:48.787+0000] {dag.py:2585} INFO - Sync 2 DAGs
[2022-11-16T14:42:48.832+0000] {logging_mixin.py:137} INFO - [2022-11-16T14:42:48.832+0000] {dag.py:3340} INFO - Setting next_dagrun for example_external_task_marker_child to None, run_after=None
[2022-11-16T14:42:48.838+0000] {logging_mixin.py:137} INFO - [2022-11-16T14:42:48.838+0000] {dag.py:3340} INFO - Setting next_dagrun for example_external_task_marker_parent to None, run_after=None
[2022-11-16T14:42:48.874+0000] {processor.py:176} INFO - Processing /home/airflow/.local/lib/python3.7/site-packages/airflow/example_dags/example_external_task_marker_dag.py took 0.622 seconds
[2022-11-16T14:43:19.114+0000] {processor.py:154} INFO - Started process (PID=6125) to work on /home/airflow/.local/lib/python3.7/site-packages/airflow/example_dags/example_external_task_marker_dag.py
[2022-11-16T14:43:19.116+0000] {processor.py:756} INFO - Processing file /home/airflow/.local/lib/python3.7/site-packages/airflow/example_dags/example_external_task_marker_dag.py for tasks to queue
[2022-11-16T14:43:19.117+0000] {logging_mixin.py:137} INFO - [2022-11-16T14:43:19.117+0000] {dagbag.py:537} INFO - Filling up the DagBag from /home/airflow/.local/lib/python3.7/site-packages/airflow/example_dags/example_external_task_marker_dag.py
[2022-11-16T14:43:19.160+0000] {processor.py:766} INFO - DAG(s) dict_keys(['example_external_task_marker_parent', 'example_external_task_marker_child']) retrieved from /home/airflow/.local/lib/python3.7/site-packages/airflow/example_dags/example_external_task_marker_dag.py
[2022-11-16T14:43:19.844+0000] {logging_mixin.py:137} INFO - [2022-11-16T14:43:19.844+0000] {dag.py:2585} INFO - Sync 2 DAGs
[2022-11-16T14:43:19.919+0000] {logging_mixin.py:137} INFO - [2022-11-16T14:43:19.919+0000] {dag.py:3340} INFO - Setting next_dagrun for example_external_task_marker_child to None, run_after=None
[2022-11-16T14:43:19.930+0000] {logging_mixin.py:137} INFO - [2022-11-16T14:43:19.930+0000] {dag.py:3340} INFO - Setting next_dagrun for example_external_task_marker_parent to None, run_after=None
[2022-11-16T14:43:19.987+0000] {processor.py:176} INFO - Processing /home/airflow/.local/lib/python3.7/site-packages/airflow/example_dags/example_external_task_marker_dag.py took 0.878 seconds
[2022-11-16T14:43:50.768+0000] {processor.py:154} INFO - Started process (PID=6338) to work on /home/airflow/.local/lib/python3.7/site-packages/airflow/example_dags/example_external_task_marker_dag.py
[2022-11-16T14:43:50.769+0000] {processor.py:756} INFO - Processing file /home/airflow/.local/lib/python3.7/site-packages/airflow/example_dags/example_external_task_marker_dag.py for tasks to queue
[2022-11-16T14:43:50.770+0000] {logging_mixin.py:137} INFO - [2022-11-16T14:43:50.770+0000] {dagbag.py:537} INFO - Filling up the DagBag from /home/airflow/.local/lib/python3.7/site-packages/airflow/example_dags/example_external_task_marker_dag.py
[2022-11-16T14:43:50.801+0000] {processor.py:766} INFO - DAG(s) dict_keys(['example_external_task_marker_parent', 'example_external_task_marker_child']) retrieved from /home/airflow/.local/lib/python3.7/site-packages/airflow/example_dags/example_external_task_marker_dag.py
[2022-11-16T14:43:51.236+0000] {logging_mixin.py:137} INFO - [2022-11-16T14:43:51.236+0000] {dag.py:2585} INFO - Sync 2 DAGs
[2022-11-16T14:43:51.289+0000] {logging_mixin.py:137} INFO - [2022-11-16T14:43:51.289+0000] {dag.py:3340} INFO - Setting next_dagrun for example_external_task_marker_child to None, run_after=None
[2022-11-16T14:43:51.299+0000] {logging_mixin.py:137} INFO - [2022-11-16T14:43:51.298+0000] {dag.py:3340} INFO - Setting next_dagrun for example_external_task_marker_parent to None, run_after=None
[2022-11-16T14:43:51.335+0000] {processor.py:176} INFO - Processing /home/airflow/.local/lib/python3.7/site-packages/airflow/example_dags/example_external_task_marker_dag.py took 0.573 seconds
[2022-11-16T14:44:21.537+0000] {processor.py:154} INFO - Started process (PID=6543) to work on /home/airflow/.local/lib/python3.7/site-packages/airflow/example_dags/example_external_task_marker_dag.py
[2022-11-16T14:44:21.541+0000] {processor.py:756} INFO - Processing file /home/airflow/.local/lib/python3.7/site-packages/airflow/example_dags/example_external_task_marker_dag.py for tasks to queue
[2022-11-16T14:44:21.542+0000] {logging_mixin.py:137} INFO - [2022-11-16T14:44:21.542+0000] {dagbag.py:537} INFO - Filling up the DagBag from /home/airflow/.local/lib/python3.7/site-packages/airflow/example_dags/example_external_task_marker_dag.py
[2022-11-16T14:44:21.581+0000] {processor.py:766} INFO - DAG(s) dict_keys(['example_external_task_marker_parent', 'example_external_task_marker_child']) retrieved from /home/airflow/.local/lib/python3.7/site-packages/airflow/example_dags/example_external_task_marker_dag.py
[2022-11-16T14:44:22.316+0000] {logging_mixin.py:137} INFO - [2022-11-16T14:44:22.315+0000] {dag.py:2585} INFO - Sync 2 DAGs
[2022-11-16T14:44:22.392+0000] {logging_mixin.py:137} INFO - [2022-11-16T14:44:22.392+0000] {dag.py:3340} INFO - Setting next_dagrun for example_external_task_marker_child to None, run_after=None
[2022-11-16T14:44:22.407+0000] {logging_mixin.py:137} INFO - [2022-11-16T14:44:22.407+0000] {dag.py:3340} INFO - Setting next_dagrun for example_external_task_marker_parent to None, run_after=None
[2022-11-16T14:44:22.459+0000] {processor.py:176} INFO - Processing /home/airflow/.local/lib/python3.7/site-packages/airflow/example_dags/example_external_task_marker_dag.py took 0.925 seconds
[2022-11-16T14:44:52.734+0000] {processor.py:154} INFO - Started process (PID=6743) to work on /home/airflow/.local/lib/python3.7/site-packages/airflow/example_dags/example_external_task_marker_dag.py
[2022-11-16T14:44:52.735+0000] {processor.py:756} INFO - Processing file /home/airflow/.local/lib/python3.7/site-packages/airflow/example_dags/example_external_task_marker_dag.py for tasks to queue
[2022-11-16T14:44:52.737+0000] {logging_mixin.py:137} INFO - [2022-11-16T14:44:52.736+0000] {dagbag.py:537} INFO - Filling up the DagBag from /home/airflow/.local/lib/python3.7/site-packages/airflow/example_dags/example_external_task_marker_dag.py
[2022-11-16T14:44:52.761+0000] {processor.py:766} INFO - DAG(s) dict_keys(['example_external_task_marker_child', 'example_external_task_marker_parent']) retrieved from /home/airflow/.local/lib/python3.7/site-packages/airflow/example_dags/example_external_task_marker_dag.py
[2022-11-16T14:44:53.211+0000] {logging_mixin.py:137} INFO - [2022-11-16T14:44:53.211+0000] {dag.py:2585} INFO - Sync 2 DAGs
[2022-11-16T14:44:53.265+0000] {logging_mixin.py:137} INFO - [2022-11-16T14:44:53.265+0000] {dag.py:3340} INFO - Setting next_dagrun for example_external_task_marker_child to None, run_after=None
[2022-11-16T14:44:53.272+0000] {logging_mixin.py:137} INFO - [2022-11-16T14:44:53.271+0000] {dag.py:3340} INFO - Setting next_dagrun for example_external_task_marker_parent to None, run_after=None
[2022-11-16T14:44:53.315+0000] {processor.py:176} INFO - Processing /home/airflow/.local/lib/python3.7/site-packages/airflow/example_dags/example_external_task_marker_dag.py took 0.586 seconds
[2022-11-16T14:45:23.493+0000] {processor.py:154} INFO - Started process (PID=6950) to work on /home/airflow/.local/lib/python3.7/site-packages/airflow/example_dags/example_external_task_marker_dag.py
[2022-11-16T14:45:23.494+0000] {processor.py:756} INFO - Processing file /home/airflow/.local/lib/python3.7/site-packages/airflow/example_dags/example_external_task_marker_dag.py for tasks to queue
[2022-11-16T14:45:23.494+0000] {logging_mixin.py:137} INFO - [2022-11-16T14:45:23.494+0000] {dagbag.py:537} INFO - Filling up the DagBag from /home/airflow/.local/lib/python3.7/site-packages/airflow/example_dags/example_external_task_marker_dag.py
[2022-11-16T14:45:23.511+0000] {processor.py:766} INFO - DAG(s) dict_keys(['example_external_task_marker_parent', 'example_external_task_marker_child']) retrieved from /home/airflow/.local/lib/python3.7/site-packages/airflow/example_dags/example_external_task_marker_dag.py
[2022-11-16T14:45:23.917+0000] {logging_mixin.py:137} INFO - [2022-11-16T14:45:23.917+0000] {dag.py:2585} INFO - Sync 2 DAGs
[2022-11-16T14:45:23.952+0000] {logging_mixin.py:137} INFO - [2022-11-16T14:45:23.952+0000] {dag.py:3340} INFO - Setting next_dagrun for example_external_task_marker_child to None, run_after=None
[2022-11-16T14:45:23.958+0000] {logging_mixin.py:137} INFO - [2022-11-16T14:45:23.957+0000] {dag.py:3340} INFO - Setting next_dagrun for example_external_task_marker_parent to None, run_after=None
[2022-11-16T14:45:23.982+0000] {processor.py:176} INFO - Processing /home/airflow/.local/lib/python3.7/site-packages/airflow/example_dags/example_external_task_marker_dag.py took 0.492 seconds
