[2022-11-16T14:28:17.298+0000] {processor.py:154} INFO - Started process (PID=195) to work on /home/airflow/.local/lib/python3.7/site-packages/airflow/example_dags/example_sla_dag.py
[2022-11-16T14:28:17.299+0000] {processor.py:756} INFO - Processing file /home/airflow/.local/lib/python3.7/site-packages/airflow/example_dags/example_sla_dag.py for tasks to queue
[2022-11-16T14:28:17.300+0000] {logging_mixin.py:137} INFO - [2022-11-16T14:28:17.300+0000] {dagbag.py:537} INFO - Filling up the DagBag from /home/airflow/.local/lib/python3.7/site-packages/airflow/example_dags/example_sla_dag.py
[2022-11-16T14:28:17.358+0000] {processor.py:766} INFO - DAG(s) dict_keys(['example_sla_dag']) retrieved from /home/airflow/.local/lib/python3.7/site-packages/airflow/example_dags/example_sla_dag.py
[2022-11-16T14:28:17.435+0000] {logging_mixin.py:137} INFO - [2022-11-16T14:28:17.435+0000] {dag.py:2585} INFO - Sync 1 DAGs
[2022-11-16T14:28:17.504+0000] {logging_mixin.py:137} INFO - [2022-11-16T14:28:17.503+0000] {dag.py:3340} INFO - Setting next_dagrun for example_sla_dag to 2022-11-16T14:26:00+00:00, run_after=2022-11-16T14:28:00+00:00
[2022-11-16T14:28:17.540+0000] {processor.py:176} INFO - Processing /home/airflow/.local/lib/python3.7/site-packages/airflow/example_dags/example_sla_dag.py took 0.250 seconds
[2022-11-16T14:28:47.934+0000] {processor.py:154} INFO - Started process (PID=391) to work on /home/airflow/.local/lib/python3.7/site-packages/airflow/example_dags/example_sla_dag.py
[2022-11-16T14:28:47.935+0000] {processor.py:756} INFO - Processing file /home/airflow/.local/lib/python3.7/site-packages/airflow/example_dags/example_sla_dag.py for tasks to queue
[2022-11-16T14:28:47.936+0000] {logging_mixin.py:137} INFO - [2022-11-16T14:28:47.935+0000] {dagbag.py:537} INFO - Filling up the DagBag from /home/airflow/.local/lib/python3.7/site-packages/airflow/example_dags/example_sla_dag.py
[2022-11-16T14:28:47.979+0000] {processor.py:766} INFO - DAG(s) dict_keys(['example_sla_dag']) retrieved from /home/airflow/.local/lib/python3.7/site-packages/airflow/example_dags/example_sla_dag.py
[2022-11-16T14:28:48.062+0000] {logging_mixin.py:137} INFO - [2022-11-16T14:28:48.062+0000] {dag.py:2585} INFO - Sync 1 DAGs
[2022-11-16T14:28:48.125+0000] {logging_mixin.py:137} INFO - [2022-11-16T14:28:48.125+0000] {dag.py:3340} INFO - Setting next_dagrun for example_sla_dag to 2022-11-16T14:26:00+00:00, run_after=2022-11-16T14:28:00+00:00
[2022-11-16T14:28:48.164+0000] {processor.py:176} INFO - Processing /home/airflow/.local/lib/python3.7/site-packages/airflow/example_dags/example_sla_dag.py took 0.235 seconds
[2022-11-16T14:29:19.849+0000] {processor.py:154} INFO - Started process (PID=599) to work on /home/airflow/.local/lib/python3.7/site-packages/airflow/example_dags/example_sla_dag.py
[2022-11-16T14:29:19.851+0000] {processor.py:756} INFO - Processing file /home/airflow/.local/lib/python3.7/site-packages/airflow/example_dags/example_sla_dag.py for tasks to queue
[2022-11-16T14:29:19.852+0000] {logging_mixin.py:137} INFO - [2022-11-16T14:29:19.852+0000] {dagbag.py:537} INFO - Filling up the DagBag from /home/airflow/.local/lib/python3.7/site-packages/airflow/example_dags/example_sla_dag.py
[2022-11-16T14:29:19.917+0000] {processor.py:766} INFO - DAG(s) dict_keys(['example_sla_dag']) retrieved from /home/airflow/.local/lib/python3.7/site-packages/airflow/example_dags/example_sla_dag.py
[2022-11-16T14:29:20.045+0000] {logging_mixin.py:137} INFO - [2022-11-16T14:29:20.045+0000] {dag.py:2585} INFO - Sync 1 DAGs
[2022-11-16T14:29:20.131+0000] {logging_mixin.py:137} INFO - [2022-11-16T14:29:20.131+0000] {dag.py:3340} INFO - Setting next_dagrun for example_sla_dag to 2022-11-16T14:26:00+00:00, run_after=2022-11-16T14:28:00+00:00
[2022-11-16T14:29:20.182+0000] {processor.py:176} INFO - Processing /home/airflow/.local/lib/python3.7/site-packages/airflow/example_dags/example_sla_dag.py took 0.341 seconds
[2022-11-16T14:29:50.989+0000] {processor.py:154} INFO - Started process (PID=797) to work on /home/airflow/.local/lib/python3.7/site-packages/airflow/example_dags/example_sla_dag.py
[2022-11-16T14:29:50.990+0000] {processor.py:756} INFO - Processing file /home/airflow/.local/lib/python3.7/site-packages/airflow/example_dags/example_sla_dag.py for tasks to queue
[2022-11-16T14:29:50.991+0000] {logging_mixin.py:137} INFO - [2022-11-16T14:29:50.991+0000] {dagbag.py:537} INFO - Filling up the DagBag from /home/airflow/.local/lib/python3.7/site-packages/airflow/example_dags/example_sla_dag.py
[2022-11-16T14:29:51.034+0000] {processor.py:766} INFO - DAG(s) dict_keys(['example_sla_dag']) retrieved from /home/airflow/.local/lib/python3.7/site-packages/airflow/example_dags/example_sla_dag.py
[2022-11-16T14:29:51.088+0000] {logging_mixin.py:137} INFO - [2022-11-16T14:29:51.088+0000] {dag.py:2585} INFO - Sync 1 DAGs
[2022-11-16T14:29:51.128+0000] {logging_mixin.py:137} INFO - [2022-11-16T14:29:51.128+0000] {dag.py:3340} INFO - Setting next_dagrun for example_sla_dag to 2022-11-16T14:26:00+00:00, run_after=2022-11-16T14:28:00+00:00
[2022-11-16T14:29:51.155+0000] {processor.py:176} INFO - Processing /home/airflow/.local/lib/python3.7/site-packages/airflow/example_dags/example_sla_dag.py took 0.171 seconds
[2022-11-16T14:30:21.470+0000] {processor.py:154} INFO - Started process (PID=999) to work on /home/airflow/.local/lib/python3.7/site-packages/airflow/example_dags/example_sla_dag.py
[2022-11-16T14:30:21.471+0000] {processor.py:756} INFO - Processing file /home/airflow/.local/lib/python3.7/site-packages/airflow/example_dags/example_sla_dag.py for tasks to queue
[2022-11-16T14:30:21.472+0000] {logging_mixin.py:137} INFO - [2022-11-16T14:30:21.472+0000] {dagbag.py:537} INFO - Filling up the DagBag from /home/airflow/.local/lib/python3.7/site-packages/airflow/example_dags/example_sla_dag.py
[2022-11-16T14:30:21.587+0000] {processor.py:766} INFO - DAG(s) dict_keys(['example_sla_dag']) retrieved from /home/airflow/.local/lib/python3.7/site-packages/airflow/example_dags/example_sla_dag.py
[2022-11-16T14:30:21.713+0000] {logging_mixin.py:137} INFO - [2022-11-16T14:30:21.712+0000] {dag.py:2585} INFO - Sync 1 DAGs
[2022-11-16T14:30:21.796+0000] {logging_mixin.py:137} INFO - [2022-11-16T14:30:21.796+0000] {dag.py:3340} INFO - Setting next_dagrun for example_sla_dag to 2022-11-16T14:28:00+00:00, run_after=2022-11-16T14:30:00+00:00
[2022-11-16T14:30:21.839+0000] {processor.py:176} INFO - Processing /home/airflow/.local/lib/python3.7/site-packages/airflow/example_dags/example_sla_dag.py took 0.378 seconds
[2022-11-16T14:30:52.113+0000] {processor.py:154} INFO - Started process (PID=1200) to work on /home/airflow/.local/lib/python3.7/site-packages/airflow/example_dags/example_sla_dag.py
[2022-11-16T14:30:52.115+0000] {processor.py:756} INFO - Processing file /home/airflow/.local/lib/python3.7/site-packages/airflow/example_dags/example_sla_dag.py for tasks to queue
[2022-11-16T14:30:52.116+0000] {logging_mixin.py:137} INFO - [2022-11-16T14:30:52.116+0000] {dagbag.py:537} INFO - Filling up the DagBag from /home/airflow/.local/lib/python3.7/site-packages/airflow/example_dags/example_sla_dag.py
[2022-11-16T14:30:52.160+0000] {processor.py:766} INFO - DAG(s) dict_keys(['example_sla_dag']) retrieved from /home/airflow/.local/lib/python3.7/site-packages/airflow/example_dags/example_sla_dag.py
[2022-11-16T14:30:52.236+0000] {logging_mixin.py:137} INFO - [2022-11-16T14:30:52.235+0000] {dag.py:2585} INFO - Sync 1 DAGs
[2022-11-16T14:30:52.286+0000] {logging_mixin.py:137} INFO - [2022-11-16T14:30:52.286+0000] {dag.py:3340} INFO - Setting next_dagrun for example_sla_dag to 2022-11-16T14:28:00+00:00, run_after=2022-11-16T14:30:00+00:00
[2022-11-16T14:30:52.313+0000] {processor.py:176} INFO - Processing /home/airflow/.local/lib/python3.7/site-packages/airflow/example_dags/example_sla_dag.py took 0.203 seconds
[2022-11-16T14:31:22.412+0000] {processor.py:154} INFO - Started process (PID=1397) to work on /home/airflow/.local/lib/python3.7/site-packages/airflow/example_dags/example_sla_dag.py
[2022-11-16T14:31:22.413+0000] {processor.py:756} INFO - Processing file /home/airflow/.local/lib/python3.7/site-packages/airflow/example_dags/example_sla_dag.py for tasks to queue
[2022-11-16T14:31:22.415+0000] {logging_mixin.py:137} INFO - [2022-11-16T14:31:22.414+0000] {dagbag.py:537} INFO - Filling up the DagBag from /home/airflow/.local/lib/python3.7/site-packages/airflow/example_dags/example_sla_dag.py
[2022-11-16T14:31:22.482+0000] {processor.py:766} INFO - DAG(s) dict_keys(['example_sla_dag']) retrieved from /home/airflow/.local/lib/python3.7/site-packages/airflow/example_dags/example_sla_dag.py
[2022-11-16T14:31:22.568+0000] {logging_mixin.py:137} INFO - [2022-11-16T14:31:22.567+0000] {dag.py:2585} INFO - Sync 1 DAGs
[2022-11-16T14:31:22.656+0000] {logging_mixin.py:137} INFO - [2022-11-16T14:31:22.656+0000] {dag.py:3340} INFO - Setting next_dagrun for example_sla_dag to 2022-11-16T14:28:00+00:00, run_after=2022-11-16T14:30:00+00:00
[2022-11-16T14:31:22.688+0000] {processor.py:176} INFO - Processing /home/airflow/.local/lib/python3.7/site-packages/airflow/example_dags/example_sla_dag.py took 0.288 seconds
[2022-11-16T14:31:53.357+0000] {processor.py:154} INFO - Started process (PID=1604) to work on /home/airflow/.local/lib/python3.7/site-packages/airflow/example_dags/example_sla_dag.py
[2022-11-16T14:31:53.358+0000] {processor.py:756} INFO - Processing file /home/airflow/.local/lib/python3.7/site-packages/airflow/example_dags/example_sla_dag.py for tasks to queue
[2022-11-16T14:31:53.359+0000] {logging_mixin.py:137} INFO - [2022-11-16T14:31:53.359+0000] {dagbag.py:537} INFO - Filling up the DagBag from /home/airflow/.local/lib/python3.7/site-packages/airflow/example_dags/example_sla_dag.py
[2022-11-16T14:31:53.405+0000] {processor.py:766} INFO - DAG(s) dict_keys(['example_sla_dag']) retrieved from /home/airflow/.local/lib/python3.7/site-packages/airflow/example_dags/example_sla_dag.py
[2022-11-16T14:31:53.483+0000] {logging_mixin.py:137} INFO - [2022-11-16T14:31:53.483+0000] {dag.py:2585} INFO - Sync 1 DAGs
[2022-11-16T14:31:53.545+0000] {logging_mixin.py:137} INFO - [2022-11-16T14:31:53.545+0000] {dag.py:3340} INFO - Setting next_dagrun for example_sla_dag to 2022-11-16T14:28:00+00:00, run_after=2022-11-16T14:30:00+00:00
[2022-11-16T14:31:53.590+0000] {processor.py:176} INFO - Processing /home/airflow/.local/lib/python3.7/site-packages/airflow/example_dags/example_sla_dag.py took 0.238 seconds
[2022-11-16T14:32:23.713+0000] {processor.py:154} INFO - Started process (PID=1802) to work on /home/airflow/.local/lib/python3.7/site-packages/airflow/example_dags/example_sla_dag.py
[2022-11-16T14:32:23.715+0000] {processor.py:756} INFO - Processing file /home/airflow/.local/lib/python3.7/site-packages/airflow/example_dags/example_sla_dag.py for tasks to queue
[2022-11-16T14:32:23.716+0000] {logging_mixin.py:137} INFO - [2022-11-16T14:32:23.716+0000] {dagbag.py:537} INFO - Filling up the DagBag from /home/airflow/.local/lib/python3.7/site-packages/airflow/example_dags/example_sla_dag.py
[2022-11-16T14:32:23.752+0000] {processor.py:766} INFO - DAG(s) dict_keys(['example_sla_dag']) retrieved from /home/airflow/.local/lib/python3.7/site-packages/airflow/example_dags/example_sla_dag.py
[2022-11-16T14:32:23.819+0000] {logging_mixin.py:137} INFO - [2022-11-16T14:32:23.819+0000] {dag.py:2585} INFO - Sync 1 DAGs
[2022-11-16T14:32:23.882+0000] {logging_mixin.py:137} INFO - [2022-11-16T14:32:23.882+0000] {dag.py:3340} INFO - Setting next_dagrun for example_sla_dag to 2022-11-16T14:30:00+00:00, run_after=2022-11-16T14:32:00+00:00
[2022-11-16T14:32:23.923+0000] {processor.py:176} INFO - Processing /home/airflow/.local/lib/python3.7/site-packages/airflow/example_dags/example_sla_dag.py took 0.216 seconds
[2022-11-16T14:32:54.189+0000] {processor.py:154} INFO - Started process (PID=2007) to work on /home/airflow/.local/lib/python3.7/site-packages/airflow/example_dags/example_sla_dag.py
[2022-11-16T14:32:54.191+0000] {processor.py:756} INFO - Processing file /home/airflow/.local/lib/python3.7/site-packages/airflow/example_dags/example_sla_dag.py for tasks to queue
[2022-11-16T14:32:54.192+0000] {logging_mixin.py:137} INFO - [2022-11-16T14:32:54.192+0000] {dagbag.py:537} INFO - Filling up the DagBag from /home/airflow/.local/lib/python3.7/site-packages/airflow/example_dags/example_sla_dag.py
[2022-11-16T14:32:54.253+0000] {processor.py:766} INFO - DAG(s) dict_keys(['example_sla_dag']) retrieved from /home/airflow/.local/lib/python3.7/site-packages/airflow/example_dags/example_sla_dag.py
[2022-11-16T14:32:54.345+0000] {logging_mixin.py:137} INFO - [2022-11-16T14:32:54.345+0000] {dag.py:2585} INFO - Sync 1 DAGs
[2022-11-16T14:32:54.441+0000] {logging_mixin.py:137} INFO - [2022-11-16T14:32:54.441+0000] {dag.py:3340} INFO - Setting next_dagrun for example_sla_dag to 2022-11-16T14:30:00+00:00, run_after=2022-11-16T14:32:00+00:00
[2022-11-16T14:32:54.524+0000] {processor.py:176} INFO - Processing /home/airflow/.local/lib/python3.7/site-packages/airflow/example_dags/example_sla_dag.py took 0.345 seconds
[2022-11-16T14:33:24.864+0000] {processor.py:154} INFO - Started process (PID=2207) to work on /home/airflow/.local/lib/python3.7/site-packages/airflow/example_dags/example_sla_dag.py
[2022-11-16T14:33:24.865+0000] {processor.py:756} INFO - Processing file /home/airflow/.local/lib/python3.7/site-packages/airflow/example_dags/example_sla_dag.py for tasks to queue
[2022-11-16T14:33:24.866+0000] {logging_mixin.py:137} INFO - [2022-11-16T14:33:24.866+0000] {dagbag.py:537} INFO - Filling up the DagBag from /home/airflow/.local/lib/python3.7/site-packages/airflow/example_dags/example_sla_dag.py
[2022-11-16T14:33:24.907+0000] {processor.py:766} INFO - DAG(s) dict_keys(['example_sla_dag']) retrieved from /home/airflow/.local/lib/python3.7/site-packages/airflow/example_dags/example_sla_dag.py
[2022-11-16T14:33:24.970+0000] {logging_mixin.py:137} INFO - [2022-11-16T14:33:24.970+0000] {dag.py:2585} INFO - Sync 1 DAGs
[2022-11-16T14:33:25.029+0000] {logging_mixin.py:137} INFO - [2022-11-16T14:33:25.029+0000] {dag.py:3340} INFO - Setting next_dagrun for example_sla_dag to 2022-11-16T14:30:00+00:00, run_after=2022-11-16T14:32:00+00:00
[2022-11-16T14:33:25.055+0000] {processor.py:176} INFO - Processing /home/airflow/.local/lib/python3.7/site-packages/airflow/example_dags/example_sla_dag.py took 0.196 seconds
[2022-11-16T14:33:55.831+0000] {processor.py:154} INFO - Started process (PID=2411) to work on /home/airflow/.local/lib/python3.7/site-packages/airflow/example_dags/example_sla_dag.py
[2022-11-16T14:33:55.834+0000] {processor.py:756} INFO - Processing file /home/airflow/.local/lib/python3.7/site-packages/airflow/example_dags/example_sla_dag.py for tasks to queue
[2022-11-16T14:33:55.835+0000] {logging_mixin.py:137} INFO - [2022-11-16T14:33:55.835+0000] {dagbag.py:537} INFO - Filling up the DagBag from /home/airflow/.local/lib/python3.7/site-packages/airflow/example_dags/example_sla_dag.py
[2022-11-16T14:33:55.941+0000] {processor.py:766} INFO - DAG(s) dict_keys(['example_sla_dag']) retrieved from /home/airflow/.local/lib/python3.7/site-packages/airflow/example_dags/example_sla_dag.py
[2022-11-16T14:33:56.184+0000] {logging_mixin.py:137} INFO - [2022-11-16T14:33:56.184+0000] {dag.py:2585} INFO - Sync 1 DAGs
[2022-11-16T14:33:56.377+0000] {logging_mixin.py:137} INFO - [2022-11-16T14:33:56.376+0000] {dag.py:3340} INFO - Setting next_dagrun for example_sla_dag to 2022-11-16T14:30:00+00:00, run_after=2022-11-16T14:32:00+00:00
[2022-11-16T14:33:56.513+0000] {processor.py:176} INFO - Processing /home/airflow/.local/lib/python3.7/site-packages/airflow/example_dags/example_sla_dag.py took 0.689 seconds
[2022-11-16T14:34:26.833+0000] {processor.py:154} INFO - Started process (PID=2629) to work on /home/airflow/.local/lib/python3.7/site-packages/airflow/example_dags/example_sla_dag.py
[2022-11-16T14:34:26.834+0000] {processor.py:756} INFO - Processing file /home/airflow/.local/lib/python3.7/site-packages/airflow/example_dags/example_sla_dag.py for tasks to queue
[2022-11-16T14:34:26.835+0000] {logging_mixin.py:137} INFO - [2022-11-16T14:34:26.835+0000] {dagbag.py:537} INFO - Filling up the DagBag from /home/airflow/.local/lib/python3.7/site-packages/airflow/example_dags/example_sla_dag.py
[2022-11-16T14:34:26.873+0000] {processor.py:766} INFO - DAG(s) dict_keys(['example_sla_dag']) retrieved from /home/airflow/.local/lib/python3.7/site-packages/airflow/example_dags/example_sla_dag.py
[2022-11-16T14:34:26.937+0000] {logging_mixin.py:137} INFO - [2022-11-16T14:34:26.937+0000] {dag.py:2585} INFO - Sync 1 DAGs
[2022-11-16T14:34:26.991+0000] {logging_mixin.py:137} INFO - [2022-11-16T14:34:26.991+0000] {dag.py:3340} INFO - Setting next_dagrun for example_sla_dag to 2022-11-16T14:32:00+00:00, run_after=2022-11-16T14:34:00+00:00
[2022-11-16T14:34:27.021+0000] {processor.py:176} INFO - Processing /home/airflow/.local/lib/python3.7/site-packages/airflow/example_dags/example_sla_dag.py took 0.191 seconds
[2022-11-16T14:34:57.842+0000] {processor.py:154} INFO - Started process (PID=2827) to work on /home/airflow/.local/lib/python3.7/site-packages/airflow/example_dags/example_sla_dag.py
[2022-11-16T14:34:57.843+0000] {processor.py:756} INFO - Processing file /home/airflow/.local/lib/python3.7/site-packages/airflow/example_dags/example_sla_dag.py for tasks to queue
[2022-11-16T14:34:57.843+0000] {logging_mixin.py:137} INFO - [2022-11-16T14:34:57.843+0000] {dagbag.py:537} INFO - Filling up the DagBag from /home/airflow/.local/lib/python3.7/site-packages/airflow/example_dags/example_sla_dag.py
[2022-11-16T14:34:57.881+0000] {processor.py:766} INFO - DAG(s) dict_keys(['example_sla_dag']) retrieved from /home/airflow/.local/lib/python3.7/site-packages/airflow/example_dags/example_sla_dag.py
[2022-11-16T14:34:57.942+0000] {logging_mixin.py:137} INFO - [2022-11-16T14:34:57.941+0000] {dag.py:2585} INFO - Sync 1 DAGs
[2022-11-16T14:34:57.992+0000] {logging_mixin.py:137} INFO - [2022-11-16T14:34:57.992+0000] {dag.py:3340} INFO - Setting next_dagrun for example_sla_dag to 2022-11-16T14:32:00+00:00, run_after=2022-11-16T14:34:00+00:00
[2022-11-16T14:34:58.025+0000] {processor.py:176} INFO - Processing /home/airflow/.local/lib/python3.7/site-packages/airflow/example_dags/example_sla_dag.py took 0.187 seconds
[2022-11-16T14:35:28.407+0000] {processor.py:154} INFO - Started process (PID=3023) to work on /home/airflow/.local/lib/python3.7/site-packages/airflow/example_dags/example_sla_dag.py
[2022-11-16T14:35:28.409+0000] {processor.py:756} INFO - Processing file /home/airflow/.local/lib/python3.7/site-packages/airflow/example_dags/example_sla_dag.py for tasks to queue
[2022-11-16T14:35:28.411+0000] {logging_mixin.py:137} INFO - [2022-11-16T14:35:28.410+0000] {dagbag.py:537} INFO - Filling up the DagBag from /home/airflow/.local/lib/python3.7/site-packages/airflow/example_dags/example_sla_dag.py
[2022-11-16T14:35:28.480+0000] {processor.py:766} INFO - DAG(s) dict_keys(['example_sla_dag']) retrieved from /home/airflow/.local/lib/python3.7/site-packages/airflow/example_dags/example_sla_dag.py
[2022-11-16T14:35:28.679+0000] {logging_mixin.py:137} INFO - [2022-11-16T14:35:28.678+0000] {dag.py:2585} INFO - Sync 1 DAGs
[2022-11-16T14:35:28.882+0000] {logging_mixin.py:137} INFO - [2022-11-16T14:35:28.881+0000] {dag.py:3340} INFO - Setting next_dagrun for example_sla_dag to 2022-11-16T14:32:00+00:00, run_after=2022-11-16T14:34:00+00:00
[2022-11-16T14:35:28.997+0000] {processor.py:176} INFO - Processing /home/airflow/.local/lib/python3.7/site-packages/airflow/example_dags/example_sla_dag.py took 0.599 seconds
[2022-11-16T14:35:59.329+0000] {processor.py:154} INFO - Started process (PID=3228) to work on /home/airflow/.local/lib/python3.7/site-packages/airflow/example_dags/example_sla_dag.py
[2022-11-16T14:35:59.330+0000] {processor.py:756} INFO - Processing file /home/airflow/.local/lib/python3.7/site-packages/airflow/example_dags/example_sla_dag.py for tasks to queue
[2022-11-16T14:35:59.331+0000] {logging_mixin.py:137} INFO - [2022-11-16T14:35:59.330+0000] {dagbag.py:537} INFO - Filling up the DagBag from /home/airflow/.local/lib/python3.7/site-packages/airflow/example_dags/example_sla_dag.py
[2022-11-16T14:35:59.365+0000] {processor.py:766} INFO - DAG(s) dict_keys(['example_sla_dag']) retrieved from /home/airflow/.local/lib/python3.7/site-packages/airflow/example_dags/example_sla_dag.py
[2022-11-16T14:35:59.421+0000] {logging_mixin.py:137} INFO - [2022-11-16T14:35:59.420+0000] {dag.py:2585} INFO - Sync 1 DAGs
[2022-11-16T14:35:59.467+0000] {logging_mixin.py:137} INFO - [2022-11-16T14:35:59.467+0000] {dag.py:3340} INFO - Setting next_dagrun for example_sla_dag to 2022-11-16T14:32:00+00:00, run_after=2022-11-16T14:34:00+00:00
[2022-11-16T14:35:59.498+0000] {processor.py:176} INFO - Processing /home/airflow/.local/lib/python3.7/site-packages/airflow/example_dags/example_sla_dag.py took 0.174 seconds
[2022-11-16T14:36:30.171+0000] {processor.py:154} INFO - Started process (PID=3425) to work on /home/airflow/.local/lib/python3.7/site-packages/airflow/example_dags/example_sla_dag.py
[2022-11-16T14:36:30.172+0000] {processor.py:756} INFO - Processing file /home/airflow/.local/lib/python3.7/site-packages/airflow/example_dags/example_sla_dag.py for tasks to queue
[2022-11-16T14:36:30.172+0000] {logging_mixin.py:137} INFO - [2022-11-16T14:36:30.172+0000] {dagbag.py:537} INFO - Filling up the DagBag from /home/airflow/.local/lib/python3.7/site-packages/airflow/example_dags/example_sla_dag.py
[2022-11-16T14:36:30.200+0000] {processor.py:766} INFO - DAG(s) dict_keys(['example_sla_dag']) retrieved from /home/airflow/.local/lib/python3.7/site-packages/airflow/example_dags/example_sla_dag.py
[2022-11-16T14:36:30.248+0000] {logging_mixin.py:137} INFO - [2022-11-16T14:36:30.248+0000] {dag.py:2585} INFO - Sync 1 DAGs
[2022-11-16T14:36:30.287+0000] {logging_mixin.py:137} INFO - [2022-11-16T14:36:30.287+0000] {dag.py:3340} INFO - Setting next_dagrun for example_sla_dag to 2022-11-16T14:34:00+00:00, run_after=2022-11-16T14:36:00+00:00
[2022-11-16T14:36:30.312+0000] {processor.py:176} INFO - Processing /home/airflow/.local/lib/python3.7/site-packages/airflow/example_dags/example_sla_dag.py took 0.145 seconds
[2022-11-16T14:37:00.895+0000] {processor.py:154} INFO - Started process (PID=3629) to work on /home/airflow/.local/lib/python3.7/site-packages/airflow/example_dags/example_sla_dag.py
[2022-11-16T14:37:00.896+0000] {processor.py:756} INFO - Processing file /home/airflow/.local/lib/python3.7/site-packages/airflow/example_dags/example_sla_dag.py for tasks to queue
[2022-11-16T14:37:00.897+0000] {logging_mixin.py:137} INFO - [2022-11-16T14:37:00.897+0000] {dagbag.py:537} INFO - Filling up the DagBag from /home/airflow/.local/lib/python3.7/site-packages/airflow/example_dags/example_sla_dag.py
[2022-11-16T14:37:00.939+0000] {processor.py:766} INFO - DAG(s) dict_keys(['example_sla_dag']) retrieved from /home/airflow/.local/lib/python3.7/site-packages/airflow/example_dags/example_sla_dag.py
[2022-11-16T14:37:01.008+0000] {logging_mixin.py:137} INFO - [2022-11-16T14:37:01.008+0000] {dag.py:2585} INFO - Sync 1 DAGs
[2022-11-16T14:37:01.065+0000] {logging_mixin.py:137} INFO - [2022-11-16T14:37:01.065+0000] {dag.py:3340} INFO - Setting next_dagrun for example_sla_dag to 2022-11-16T14:34:00+00:00, run_after=2022-11-16T14:36:00+00:00
[2022-11-16T14:37:01.101+0000] {processor.py:176} INFO - Processing /home/airflow/.local/lib/python3.7/site-packages/airflow/example_dags/example_sla_dag.py took 0.213 seconds
[2022-11-16T14:37:31.425+0000] {processor.py:154} INFO - Started process (PID=3829) to work on /home/airflow/.local/lib/python3.7/site-packages/airflow/example_dags/example_sla_dag.py
[2022-11-16T14:37:31.426+0000] {processor.py:756} INFO - Processing file /home/airflow/.local/lib/python3.7/site-packages/airflow/example_dags/example_sla_dag.py for tasks to queue
[2022-11-16T14:37:31.427+0000] {logging_mixin.py:137} INFO - [2022-11-16T14:37:31.426+0000] {dagbag.py:537} INFO - Filling up the DagBag from /home/airflow/.local/lib/python3.7/site-packages/airflow/example_dags/example_sla_dag.py
[2022-11-16T14:37:31.462+0000] {processor.py:766} INFO - DAG(s) dict_keys(['example_sla_dag']) retrieved from /home/airflow/.local/lib/python3.7/site-packages/airflow/example_dags/example_sla_dag.py
[2022-11-16T14:37:31.519+0000] {logging_mixin.py:137} INFO - [2022-11-16T14:37:31.519+0000] {dag.py:2585} INFO - Sync 1 DAGs
[2022-11-16T14:37:31.567+0000] {logging_mixin.py:137} INFO - [2022-11-16T14:37:31.567+0000] {dag.py:3340} INFO - Setting next_dagrun for example_sla_dag to 2022-11-16T14:34:00+00:00, run_after=2022-11-16T14:36:00+00:00
[2022-11-16T14:37:31.594+0000] {processor.py:176} INFO - Processing /home/airflow/.local/lib/python3.7/site-packages/airflow/example_dags/example_sla_dag.py took 0.173 seconds
[2022-11-16T14:38:02.300+0000] {processor.py:154} INFO - Started process (PID=4027) to work on /home/airflow/.local/lib/python3.7/site-packages/airflow/example_dags/example_sla_dag.py
[2022-11-16T14:38:02.301+0000] {processor.py:756} INFO - Processing file /home/airflow/.local/lib/python3.7/site-packages/airflow/example_dags/example_sla_dag.py for tasks to queue
[2022-11-16T14:38:02.302+0000] {logging_mixin.py:137} INFO - [2022-11-16T14:38:02.302+0000] {dagbag.py:537} INFO - Filling up the DagBag from /home/airflow/.local/lib/python3.7/site-packages/airflow/example_dags/example_sla_dag.py
[2022-11-16T14:38:02.352+0000] {processor.py:766} INFO - DAG(s) dict_keys(['example_sla_dag']) retrieved from /home/airflow/.local/lib/python3.7/site-packages/airflow/example_dags/example_sla_dag.py
[2022-11-16T14:38:02.421+0000] {logging_mixin.py:137} INFO - [2022-11-16T14:38:02.421+0000] {dag.py:2585} INFO - Sync 1 DAGs
[2022-11-16T14:38:02.495+0000] {logging_mixin.py:137} INFO - [2022-11-16T14:38:02.495+0000] {dag.py:3340} INFO - Setting next_dagrun for example_sla_dag to 2022-11-16T14:36:00+00:00, run_after=2022-11-16T14:38:00+00:00
[2022-11-16T14:38:02.536+0000] {processor.py:176} INFO - Processing /home/airflow/.local/lib/python3.7/site-packages/airflow/example_dags/example_sla_dag.py took 0.240 seconds
[2022-11-16T14:38:32.960+0000] {processor.py:154} INFO - Started process (PID=4234) to work on /home/airflow/.local/lib/python3.7/site-packages/airflow/example_dags/example_sla_dag.py
[2022-11-16T14:38:32.962+0000] {processor.py:756} INFO - Processing file /home/airflow/.local/lib/python3.7/site-packages/airflow/example_dags/example_sla_dag.py for tasks to queue
[2022-11-16T14:38:32.964+0000] {logging_mixin.py:137} INFO - [2022-11-16T14:38:32.963+0000] {dagbag.py:537} INFO - Filling up the DagBag from /home/airflow/.local/lib/python3.7/site-packages/airflow/example_dags/example_sla_dag.py
[2022-11-16T14:38:32.995+0000] {processor.py:766} INFO - DAG(s) dict_keys(['example_sla_dag']) retrieved from /home/airflow/.local/lib/python3.7/site-packages/airflow/example_dags/example_sla_dag.py
[2022-11-16T14:38:33.054+0000] {logging_mixin.py:137} INFO - [2022-11-16T14:38:33.053+0000] {dag.py:2585} INFO - Sync 1 DAGs
[2022-11-16T14:38:33.101+0000] {logging_mixin.py:137} INFO - [2022-11-16T14:38:33.101+0000] {dag.py:3340} INFO - Setting next_dagrun for example_sla_dag to 2022-11-16T14:36:00+00:00, run_after=2022-11-16T14:38:00+00:00
[2022-11-16T14:38:33.130+0000] {processor.py:176} INFO - Processing /home/airflow/.local/lib/python3.7/site-packages/airflow/example_dags/example_sla_dag.py took 0.173 seconds
[2022-11-16T14:39:03.872+0000] {processor.py:154} INFO - Started process (PID=4432) to work on /home/airflow/.local/lib/python3.7/site-packages/airflow/example_dags/example_sla_dag.py
[2022-11-16T14:39:03.873+0000] {processor.py:756} INFO - Processing file /home/airflow/.local/lib/python3.7/site-packages/airflow/example_dags/example_sla_dag.py for tasks to queue
[2022-11-16T14:39:03.873+0000] {logging_mixin.py:137} INFO - [2022-11-16T14:39:03.873+0000] {dagbag.py:537} INFO - Filling up the DagBag from /home/airflow/.local/lib/python3.7/site-packages/airflow/example_dags/example_sla_dag.py
[2022-11-16T14:39:03.906+0000] {processor.py:766} INFO - DAG(s) dict_keys(['example_sla_dag']) retrieved from /home/airflow/.local/lib/python3.7/site-packages/airflow/example_dags/example_sla_dag.py
[2022-11-16T14:39:03.969+0000] {logging_mixin.py:137} INFO - [2022-11-16T14:39:03.969+0000] {dag.py:2585} INFO - Sync 1 DAGs
[2022-11-16T14:39:04.027+0000] {logging_mixin.py:137} INFO - [2022-11-16T14:39:04.027+0000] {dag.py:3340} INFO - Setting next_dagrun for example_sla_dag to 2022-11-16T14:36:00+00:00, run_after=2022-11-16T14:38:00+00:00
[2022-11-16T14:39:04.060+0000] {processor.py:176} INFO - Processing /home/airflow/.local/lib/python3.7/site-packages/airflow/example_dags/example_sla_dag.py took 0.193 seconds
[2022-11-16T14:39:34.952+0000] {processor.py:154} INFO - Started process (PID=4640) to work on /home/airflow/.local/lib/python3.7/site-packages/airflow/example_dags/example_sla_dag.py
[2022-11-16T14:39:34.953+0000] {processor.py:756} INFO - Processing file /home/airflow/.local/lib/python3.7/site-packages/airflow/example_dags/example_sla_dag.py for tasks to queue
[2022-11-16T14:39:34.954+0000] {logging_mixin.py:137} INFO - [2022-11-16T14:39:34.953+0000] {dagbag.py:537} INFO - Filling up the DagBag from /home/airflow/.local/lib/python3.7/site-packages/airflow/example_dags/example_sla_dag.py
[2022-11-16T14:39:35.000+0000] {processor.py:766} INFO - DAG(s) dict_keys(['example_sla_dag']) retrieved from /home/airflow/.local/lib/python3.7/site-packages/airflow/example_dags/example_sla_dag.py
[2022-11-16T14:39:35.083+0000] {logging_mixin.py:137} INFO - [2022-11-16T14:39:35.083+0000] {dag.py:2585} INFO - Sync 1 DAGs
[2022-11-16T14:39:35.138+0000] {logging_mixin.py:137} INFO - [2022-11-16T14:39:35.138+0000] {dag.py:3340} INFO - Setting next_dagrun for example_sla_dag to 2022-11-16T14:36:00+00:00, run_after=2022-11-16T14:38:00+00:00
[2022-11-16T14:39:35.171+0000] {processor.py:176} INFO - Processing /home/airflow/.local/lib/python3.7/site-packages/airflow/example_dags/example_sla_dag.py took 0.235 seconds
[2022-11-16T14:40:05.373+0000] {processor.py:154} INFO - Started process (PID=4838) to work on /home/airflow/.local/lib/python3.7/site-packages/airflow/example_dags/example_sla_dag.py
[2022-11-16T14:40:05.374+0000] {processor.py:756} INFO - Processing file /home/airflow/.local/lib/python3.7/site-packages/airflow/example_dags/example_sla_dag.py for tasks to queue
[2022-11-16T14:40:05.375+0000] {logging_mixin.py:137} INFO - [2022-11-16T14:40:05.375+0000] {dagbag.py:537} INFO - Filling up the DagBag from /home/airflow/.local/lib/python3.7/site-packages/airflow/example_dags/example_sla_dag.py
[2022-11-16T14:40:05.410+0000] {processor.py:766} INFO - DAG(s) dict_keys(['example_sla_dag']) retrieved from /home/airflow/.local/lib/python3.7/site-packages/airflow/example_dags/example_sla_dag.py
[2022-11-16T14:40:05.464+0000] {logging_mixin.py:137} INFO - [2022-11-16T14:40:05.464+0000] {dag.py:2585} INFO - Sync 1 DAGs
[2022-11-16T14:40:05.512+0000] {logging_mixin.py:137} INFO - [2022-11-16T14:40:05.512+0000] {dag.py:3340} INFO - Setting next_dagrun for example_sla_dag to 2022-11-16T14:38:00+00:00, run_after=2022-11-16T14:40:00+00:00
[2022-11-16T14:40:05.543+0000] {processor.py:176} INFO - Processing /home/airflow/.local/lib/python3.7/site-packages/airflow/example_dags/example_sla_dag.py took 0.173 seconds
[2022-11-16T14:40:36.147+0000] {processor.py:154} INFO - Started process (PID=5036) to work on /home/airflow/.local/lib/python3.7/site-packages/airflow/example_dags/example_sla_dag.py
[2022-11-16T14:40:36.148+0000] {processor.py:756} INFO - Processing file /home/airflow/.local/lib/python3.7/site-packages/airflow/example_dags/example_sla_dag.py for tasks to queue
[2022-11-16T14:40:36.149+0000] {logging_mixin.py:137} INFO - [2022-11-16T14:40:36.149+0000] {dagbag.py:537} INFO - Filling up the DagBag from /home/airflow/.local/lib/python3.7/site-packages/airflow/example_dags/example_sla_dag.py
[2022-11-16T14:40:36.197+0000] {processor.py:766} INFO - DAG(s) dict_keys(['example_sla_dag']) retrieved from /home/airflow/.local/lib/python3.7/site-packages/airflow/example_dags/example_sla_dag.py
[2022-11-16T14:40:36.306+0000] {logging_mixin.py:137} INFO - [2022-11-16T14:40:36.305+0000] {dag.py:2585} INFO - Sync 1 DAGs
[2022-11-16T14:40:36.414+0000] {logging_mixin.py:137} INFO - [2022-11-16T14:40:36.414+0000] {dag.py:3340} INFO - Setting next_dagrun for example_sla_dag to 2022-11-16T14:38:00+00:00, run_after=2022-11-16T14:40:00+00:00
[2022-11-16T14:40:36.478+0000] {processor.py:176} INFO - Processing /home/airflow/.local/lib/python3.7/site-packages/airflow/example_dags/example_sla_dag.py took 0.339 seconds
[2022-11-16T14:41:06.724+0000] {processor.py:154} INFO - Started process (PID=5242) to work on /home/airflow/.local/lib/python3.7/site-packages/airflow/example_dags/example_sla_dag.py
[2022-11-16T14:41:06.725+0000] {processor.py:756} INFO - Processing file /home/airflow/.local/lib/python3.7/site-packages/airflow/example_dags/example_sla_dag.py for tasks to queue
[2022-11-16T14:41:06.726+0000] {logging_mixin.py:137} INFO - [2022-11-16T14:41:06.726+0000] {dagbag.py:537} INFO - Filling up the DagBag from /home/airflow/.local/lib/python3.7/site-packages/airflow/example_dags/example_sla_dag.py
[2022-11-16T14:41:06.759+0000] {processor.py:766} INFO - DAG(s) dict_keys(['example_sla_dag']) retrieved from /home/airflow/.local/lib/python3.7/site-packages/airflow/example_dags/example_sla_dag.py
[2022-11-16T14:41:06.819+0000] {logging_mixin.py:137} INFO - [2022-11-16T14:41:06.819+0000] {dag.py:2585} INFO - Sync 1 DAGs
[2022-11-16T14:41:06.871+0000] {logging_mixin.py:137} INFO - [2022-11-16T14:41:06.871+0000] {dag.py:3340} INFO - Setting next_dagrun for example_sla_dag to 2022-11-16T14:38:00+00:00, run_after=2022-11-16T14:40:00+00:00
[2022-11-16T14:41:06.897+0000] {processor.py:176} INFO - Processing /home/airflow/.local/lib/python3.7/site-packages/airflow/example_dags/example_sla_dag.py took 0.177 seconds
[2022-11-16T14:41:36.981+0000] {processor.py:154} INFO - Started process (PID=5439) to work on /home/airflow/.local/lib/python3.7/site-packages/airflow/example_dags/example_sla_dag.py
[2022-11-16T14:41:36.982+0000] {processor.py:756} INFO - Processing file /home/airflow/.local/lib/python3.7/site-packages/airflow/example_dags/example_sla_dag.py for tasks to queue
[2022-11-16T14:41:36.983+0000] {logging_mixin.py:137} INFO - [2022-11-16T14:41:36.983+0000] {dagbag.py:537} INFO - Filling up the DagBag from /home/airflow/.local/lib/python3.7/site-packages/airflow/example_dags/example_sla_dag.py
[2022-11-16T14:41:37.021+0000] {processor.py:766} INFO - DAG(s) dict_keys(['example_sla_dag']) retrieved from /home/airflow/.local/lib/python3.7/site-packages/airflow/example_dags/example_sla_dag.py
[2022-11-16T14:41:37.078+0000] {logging_mixin.py:137} INFO - [2022-11-16T14:41:37.078+0000] {dag.py:2585} INFO - Sync 1 DAGs
[2022-11-16T14:41:37.126+0000] {logging_mixin.py:137} INFO - [2022-11-16T14:41:37.126+0000] {dag.py:3340} INFO - Setting next_dagrun for example_sla_dag to 2022-11-16T14:38:00+00:00, run_after=2022-11-16T14:40:00+00:00
[2022-11-16T14:41:37.160+0000] {processor.py:176} INFO - Processing /home/airflow/.local/lib/python3.7/site-packages/airflow/example_dags/example_sla_dag.py took 0.183 seconds
[2022-11-16T14:42:07.556+0000] {processor.py:154} INFO - Started process (PID=5646) to work on /home/airflow/.local/lib/python3.7/site-packages/airflow/example_dags/example_sla_dag.py
[2022-11-16T14:42:07.557+0000] {processor.py:756} INFO - Processing file /home/airflow/.local/lib/python3.7/site-packages/airflow/example_dags/example_sla_dag.py for tasks to queue
[2022-11-16T14:42:07.558+0000] {logging_mixin.py:137} INFO - [2022-11-16T14:42:07.558+0000] {dagbag.py:537} INFO - Filling up the DagBag from /home/airflow/.local/lib/python3.7/site-packages/airflow/example_dags/example_sla_dag.py
[2022-11-16T14:42:07.598+0000] {processor.py:766} INFO - DAG(s) dict_keys(['example_sla_dag']) retrieved from /home/airflow/.local/lib/python3.7/site-packages/airflow/example_dags/example_sla_dag.py
[2022-11-16T14:42:07.669+0000] {logging_mixin.py:137} INFO - [2022-11-16T14:42:07.669+0000] {dag.py:2585} INFO - Sync 1 DAGs
[2022-11-16T14:42:07.738+0000] {logging_mixin.py:137} INFO - [2022-11-16T14:42:07.738+0000] {dag.py:3340} INFO - Setting next_dagrun for example_sla_dag to 2022-11-16T14:40:00+00:00, run_after=2022-11-16T14:42:00+00:00
[2022-11-16T14:42:07.780+0000] {processor.py:176} INFO - Processing /home/airflow/.local/lib/python3.7/site-packages/airflow/example_dags/example_sla_dag.py took 0.228 seconds
[2022-11-16T14:42:37.833+0000] {processor.py:154} INFO - Started process (PID=5844) to work on /home/airflow/.local/lib/python3.7/site-packages/airflow/example_dags/example_sla_dag.py
[2022-11-16T14:42:37.834+0000] {processor.py:756} INFO - Processing file /home/airflow/.local/lib/python3.7/site-packages/airflow/example_dags/example_sla_dag.py for tasks to queue
[2022-11-16T14:42:37.835+0000] {logging_mixin.py:137} INFO - [2022-11-16T14:42:37.835+0000] {dagbag.py:537} INFO - Filling up the DagBag from /home/airflow/.local/lib/python3.7/site-packages/airflow/example_dags/example_sla_dag.py
[2022-11-16T14:42:37.868+0000] {processor.py:766} INFO - DAG(s) dict_keys(['example_sla_dag']) retrieved from /home/airflow/.local/lib/python3.7/site-packages/airflow/example_dags/example_sla_dag.py
[2022-11-16T14:42:37.928+0000] {logging_mixin.py:137} INFO - [2022-11-16T14:42:37.927+0000] {dag.py:2585} INFO - Sync 1 DAGs
[2022-11-16T14:42:37.976+0000] {logging_mixin.py:137} INFO - [2022-11-16T14:42:37.975+0000] {dag.py:3340} INFO - Setting next_dagrun for example_sla_dag to 2022-11-16T14:40:00+00:00, run_after=2022-11-16T14:42:00+00:00
[2022-11-16T14:42:38.003+0000] {processor.py:176} INFO - Processing /home/airflow/.local/lib/python3.7/site-packages/airflow/example_dags/example_sla_dag.py took 0.173 seconds
[2022-11-16T14:43:08.354+0000] {processor.py:154} INFO - Started process (PID=6051) to work on /home/airflow/.local/lib/python3.7/site-packages/airflow/example_dags/example_sla_dag.py
[2022-11-16T14:43:08.356+0000] {processor.py:756} INFO - Processing file /home/airflow/.local/lib/python3.7/site-packages/airflow/example_dags/example_sla_dag.py for tasks to queue
[2022-11-16T14:43:08.357+0000] {logging_mixin.py:137} INFO - [2022-11-16T14:43:08.357+0000] {dagbag.py:537} INFO - Filling up the DagBag from /home/airflow/.local/lib/python3.7/site-packages/airflow/example_dags/example_sla_dag.py
[2022-11-16T14:43:08.414+0000] {processor.py:766} INFO - DAG(s) dict_keys(['example_sla_dag']) retrieved from /home/airflow/.local/lib/python3.7/site-packages/airflow/example_dags/example_sla_dag.py
[2022-11-16T14:43:08.537+0000] {logging_mixin.py:137} INFO - [2022-11-16T14:43:08.537+0000] {dag.py:2585} INFO - Sync 1 DAGs
[2022-11-16T14:43:08.625+0000] {logging_mixin.py:137} INFO - [2022-11-16T14:43:08.624+0000] {dag.py:3340} INFO - Setting next_dagrun for example_sla_dag to 2022-11-16T14:40:00+00:00, run_after=2022-11-16T14:42:00+00:00
[2022-11-16T14:43:08.670+0000] {processor.py:176} INFO - Processing /home/airflow/.local/lib/python3.7/site-packages/airflow/example_dags/example_sla_dag.py took 0.325 seconds
[2022-11-16T14:43:38.804+0000] {processor.py:154} INFO - Started process (PID=6249) to work on /home/airflow/.local/lib/python3.7/site-packages/airflow/example_dags/example_sla_dag.py
[2022-11-16T14:43:38.805+0000] {processor.py:756} INFO - Processing file /home/airflow/.local/lib/python3.7/site-packages/airflow/example_dags/example_sla_dag.py for tasks to queue
[2022-11-16T14:43:38.806+0000] {logging_mixin.py:137} INFO - [2022-11-16T14:43:38.806+0000] {dagbag.py:537} INFO - Filling up the DagBag from /home/airflow/.local/lib/python3.7/site-packages/airflow/example_dags/example_sla_dag.py
[2022-11-16T14:43:38.839+0000] {processor.py:766} INFO - DAG(s) dict_keys(['example_sla_dag']) retrieved from /home/airflow/.local/lib/python3.7/site-packages/airflow/example_dags/example_sla_dag.py
[2022-11-16T14:43:38.893+0000] {logging_mixin.py:137} INFO - [2022-11-16T14:43:38.893+0000] {dag.py:2585} INFO - Sync 1 DAGs
[2022-11-16T14:43:38.938+0000] {logging_mixin.py:137} INFO - [2022-11-16T14:43:38.938+0000] {dag.py:3340} INFO - Setting next_dagrun for example_sla_dag to 2022-11-16T14:40:00+00:00, run_after=2022-11-16T14:42:00+00:00
[2022-11-16T14:43:38.971+0000] {processor.py:176} INFO - Processing /home/airflow/.local/lib/python3.7/site-packages/airflow/example_dags/example_sla_dag.py took 0.172 seconds
[2022-11-16T14:44:09.216+0000] {processor.py:154} INFO - Started process (PID=6456) to work on /home/airflow/.local/lib/python3.7/site-packages/airflow/example_dags/example_sla_dag.py
[2022-11-16T14:44:09.218+0000] {processor.py:756} INFO - Processing file /home/airflow/.local/lib/python3.7/site-packages/airflow/example_dags/example_sla_dag.py for tasks to queue
[2022-11-16T14:44:09.221+0000] {logging_mixin.py:137} INFO - [2022-11-16T14:44:09.220+0000] {dagbag.py:537} INFO - Filling up the DagBag from /home/airflow/.local/lib/python3.7/site-packages/airflow/example_dags/example_sla_dag.py
[2022-11-16T14:44:09.259+0000] {processor.py:766} INFO - DAG(s) dict_keys(['example_sla_dag']) retrieved from /home/airflow/.local/lib/python3.7/site-packages/airflow/example_dags/example_sla_dag.py
[2022-11-16T14:44:09.325+0000] {logging_mixin.py:137} INFO - [2022-11-16T14:44:09.325+0000] {dag.py:2585} INFO - Sync 1 DAGs
[2022-11-16T14:44:09.377+0000] {logging_mixin.py:137} INFO - [2022-11-16T14:44:09.376+0000] {dag.py:3340} INFO - Setting next_dagrun for example_sla_dag to 2022-11-16T14:42:00+00:00, run_after=2022-11-16T14:44:00+00:00
[2022-11-16T14:44:09.413+0000] {processor.py:176} INFO - Processing /home/airflow/.local/lib/python3.7/site-packages/airflow/example_dags/example_sla_dag.py took 0.201 seconds
[2022-11-16T14:44:39.707+0000] {processor.py:154} INFO - Started process (PID=6654) to work on /home/airflow/.local/lib/python3.7/site-packages/airflow/example_dags/example_sla_dag.py
[2022-11-16T14:44:39.708+0000] {processor.py:756} INFO - Processing file /home/airflow/.local/lib/python3.7/site-packages/airflow/example_dags/example_sla_dag.py for tasks to queue
[2022-11-16T14:44:39.709+0000] {logging_mixin.py:137} INFO - [2022-11-16T14:44:39.709+0000] {dagbag.py:537} INFO - Filling up the DagBag from /home/airflow/.local/lib/python3.7/site-packages/airflow/example_dags/example_sla_dag.py
[2022-11-16T14:44:39.743+0000] {processor.py:766} INFO - DAG(s) dict_keys(['example_sla_dag']) retrieved from /home/airflow/.local/lib/python3.7/site-packages/airflow/example_dags/example_sla_dag.py
[2022-11-16T14:44:39.803+0000] {logging_mixin.py:137} INFO - [2022-11-16T14:44:39.803+0000] {dag.py:2585} INFO - Sync 1 DAGs
[2022-11-16T14:44:39.847+0000] {logging_mixin.py:137} INFO - [2022-11-16T14:44:39.847+0000] {dag.py:3340} INFO - Setting next_dagrun for example_sla_dag to 2022-11-16T14:42:00+00:00, run_after=2022-11-16T14:44:00+00:00
[2022-11-16T14:44:39.879+0000] {processor.py:176} INFO - Processing /home/airflow/.local/lib/python3.7/site-packages/airflow/example_dags/example_sla_dag.py took 0.175 seconds
[2022-11-16T14:45:10.236+0000] {processor.py:154} INFO - Started process (PID=6852) to work on /home/airflow/.local/lib/python3.7/site-packages/airflow/example_dags/example_sla_dag.py
[2022-11-16T14:45:10.237+0000] {processor.py:756} INFO - Processing file /home/airflow/.local/lib/python3.7/site-packages/airflow/example_dags/example_sla_dag.py for tasks to queue
[2022-11-16T14:45:10.239+0000] {logging_mixin.py:137} INFO - [2022-11-16T14:45:10.238+0000] {dagbag.py:537} INFO - Filling up the DagBag from /home/airflow/.local/lib/python3.7/site-packages/airflow/example_dags/example_sla_dag.py
[2022-11-16T14:45:10.274+0000] {processor.py:766} INFO - DAG(s) dict_keys(['example_sla_dag']) retrieved from /home/airflow/.local/lib/python3.7/site-packages/airflow/example_dags/example_sla_dag.py
[2022-11-16T14:45:10.328+0000] {logging_mixin.py:137} INFO - [2022-11-16T14:45:10.327+0000] {dag.py:2585} INFO - Sync 1 DAGs
[2022-11-16T14:45:10.367+0000] {logging_mixin.py:137} INFO - [2022-11-16T14:45:10.367+0000] {dag.py:3340} INFO - Setting next_dagrun for example_sla_dag to 2022-11-16T14:42:00+00:00, run_after=2022-11-16T14:44:00+00:00
[2022-11-16T14:45:10.394+0000] {processor.py:176} INFO - Processing /home/airflow/.local/lib/python3.7/site-packages/airflow/example_dags/example_sla_dag.py took 0.161 seconds
