[2022-11-16T14:28:19.632+0000] {processor.py:154} INFO - Started process (PID=263) to work on /home/airflow/.local/lib/python3.7/site-packages/airflow/example_dags/example_task_group.py
[2022-11-16T14:28:19.633+0000] {processor.py:756} INFO - Processing file /home/airflow/.local/lib/python3.7/site-packages/airflow/example_dags/example_task_group.py for tasks to queue
[2022-11-16T14:28:19.634+0000] {logging_mixin.py:137} INFO - [2022-11-16T14:28:19.633+0000] {dagbag.py:537} INFO - Filling up the DagBag from /home/airflow/.local/lib/python3.7/site-packages/airflow/example_dags/example_task_group.py
[2022-11-16T14:28:19.662+0000] {processor.py:766} INFO - DAG(s) dict_keys(['example_task_group']) retrieved from /home/airflow/.local/lib/python3.7/site-packages/airflow/example_dags/example_task_group.py
[2022-11-16T14:28:19.736+0000] {logging_mixin.py:137} INFO - [2022-11-16T14:28:19.736+0000] {dag.py:2585} INFO - Sync 1 DAGs
[2022-11-16T14:28:19.788+0000] {logging_mixin.py:137} INFO - [2022-11-16T14:28:19.787+0000] {dag.py:3340} INFO - Setting next_dagrun for example_task_group to 2022-11-15T14:28:19.787448+00:00, run_after=2022-11-16T14:28:19.787448+00:00
[2022-11-16T14:28:19.832+0000] {processor.py:176} INFO - Processing /home/airflow/.local/lib/python3.7/site-packages/airflow/example_dags/example_task_group.py took 0.205 seconds
[2022-11-16T14:28:51.609+0000] {processor.py:154} INFO - Started process (PID=470) to work on /home/airflow/.local/lib/python3.7/site-packages/airflow/example_dags/example_task_group.py
[2022-11-16T14:28:51.612+0000] {processor.py:756} INFO - Processing file /home/airflow/.local/lib/python3.7/site-packages/airflow/example_dags/example_task_group.py for tasks to queue
[2022-11-16T14:28:51.613+0000] {logging_mixin.py:137} INFO - [2022-11-16T14:28:51.613+0000] {dagbag.py:537} INFO - Filling up the DagBag from /home/airflow/.local/lib/python3.7/site-packages/airflow/example_dags/example_task_group.py
[2022-11-16T14:28:51.701+0000] {processor.py:766} INFO - DAG(s) dict_keys(['example_task_group']) retrieved from /home/airflow/.local/lib/python3.7/site-packages/airflow/example_dags/example_task_group.py
[2022-11-16T14:28:51.857+0000] {logging_mixin.py:137} INFO - [2022-11-16T14:28:51.856+0000] {dag.py:2585} INFO - Sync 1 DAGs
[2022-11-16T14:28:51.969+0000] {logging_mixin.py:137} INFO - [2022-11-16T14:28:51.968+0000] {dag.py:3340} INFO - Setting next_dagrun for example_task_group to 2022-11-15T14:28:51.968481+00:00, run_after=2022-11-16T14:28:51.968481+00:00
[2022-11-16T14:28:52.023+0000] {processor.py:176} INFO - Processing /home/airflow/.local/lib/python3.7/site-packages/airflow/example_dags/example_task_group.py took 0.419 seconds
[2022-11-16T14:29:22.491+0000] {processor.py:154} INFO - Started process (PID=669) to work on /home/airflow/.local/lib/python3.7/site-packages/airflow/example_dags/example_task_group.py
[2022-11-16T14:29:22.492+0000] {processor.py:756} INFO - Processing file /home/airflow/.local/lib/python3.7/site-packages/airflow/example_dags/example_task_group.py for tasks to queue
[2022-11-16T14:29:22.493+0000] {logging_mixin.py:137} INFO - [2022-11-16T14:29:22.493+0000] {dagbag.py:537} INFO - Filling up the DagBag from /home/airflow/.local/lib/python3.7/site-packages/airflow/example_dags/example_task_group.py
[2022-11-16T14:29:22.520+0000] {processor.py:766} INFO - DAG(s) dict_keys(['example_task_group']) retrieved from /home/airflow/.local/lib/python3.7/site-packages/airflow/example_dags/example_task_group.py
[2022-11-16T14:29:22.580+0000] {logging_mixin.py:137} INFO - [2022-11-16T14:29:22.580+0000] {dag.py:2585} INFO - Sync 1 DAGs
[2022-11-16T14:29:22.623+0000] {logging_mixin.py:137} INFO - [2022-11-16T14:29:22.623+0000] {dag.py:3340} INFO - Setting next_dagrun for example_task_group to 2022-11-15T14:29:22.623091+00:00, run_after=2022-11-16T14:29:22.623091+00:00
[2022-11-16T14:29:22.655+0000] {processor.py:176} INFO - Processing /home/airflow/.local/lib/python3.7/site-packages/airflow/example_dags/example_task_group.py took 0.169 seconds
[2022-11-16T14:29:52.919+0000] {processor.py:154} INFO - Started process (PID=867) to work on /home/airflow/.local/lib/python3.7/site-packages/airflow/example_dags/example_task_group.py
[2022-11-16T14:29:52.920+0000] {processor.py:756} INFO - Processing file /home/airflow/.local/lib/python3.7/site-packages/airflow/example_dags/example_task_group.py for tasks to queue
[2022-11-16T14:29:52.921+0000] {logging_mixin.py:137} INFO - [2022-11-16T14:29:52.921+0000] {dagbag.py:537} INFO - Filling up the DagBag from /home/airflow/.local/lib/python3.7/site-packages/airflow/example_dags/example_task_group.py
[2022-11-16T14:29:52.948+0000] {processor.py:766} INFO - DAG(s) dict_keys(['example_task_group']) retrieved from /home/airflow/.local/lib/python3.7/site-packages/airflow/example_dags/example_task_group.py
[2022-11-16T14:29:53.014+0000] {logging_mixin.py:137} INFO - [2022-11-16T14:29:53.014+0000] {dag.py:2585} INFO - Sync 1 DAGs
[2022-11-16T14:29:53.050+0000] {logging_mixin.py:137} INFO - [2022-11-16T14:29:53.050+0000] {dag.py:3340} INFO - Setting next_dagrun for example_task_group to 2022-11-15T14:29:53.050158+00:00, run_after=2022-11-16T14:29:53.050158+00:00
[2022-11-16T14:29:53.082+0000] {processor.py:176} INFO - Processing /home/airflow/.local/lib/python3.7/site-packages/airflow/example_dags/example_task_group.py took 0.167 seconds
[2022-11-16T14:30:24.927+0000] {processor.py:154} INFO - Started process (PID=1073) to work on /home/airflow/.local/lib/python3.7/site-packages/airflow/example_dags/example_task_group.py
[2022-11-16T14:30:24.928+0000] {processor.py:756} INFO - Processing file /home/airflow/.local/lib/python3.7/site-packages/airflow/example_dags/example_task_group.py for tasks to queue
[2022-11-16T14:30:24.931+0000] {logging_mixin.py:137} INFO - [2022-11-16T14:30:24.931+0000] {dagbag.py:537} INFO - Filling up the DagBag from /home/airflow/.local/lib/python3.7/site-packages/airflow/example_dags/example_task_group.py
[2022-11-16T14:30:24.968+0000] {processor.py:766} INFO - DAG(s) dict_keys(['example_task_group']) retrieved from /home/airflow/.local/lib/python3.7/site-packages/airflow/example_dags/example_task_group.py
[2022-11-16T14:30:25.073+0000] {logging_mixin.py:137} INFO - [2022-11-16T14:30:25.073+0000] {dag.py:2585} INFO - Sync 1 DAGs
[2022-11-16T14:30:25.142+0000] {logging_mixin.py:137} INFO - [2022-11-16T14:30:25.142+0000] {dag.py:3340} INFO - Setting next_dagrun for example_task_group to 2022-11-15T14:30:25.141585+00:00, run_after=2022-11-16T14:30:25.141585+00:00
[2022-11-16T14:30:25.192+0000] {processor.py:176} INFO - Processing /home/airflow/.local/lib/python3.7/site-packages/airflow/example_dags/example_task_group.py took 0.270 seconds
[2022-11-16T14:30:56.220+0000] {processor.py:154} INFO - Started process (PID=1272) to work on /home/airflow/.local/lib/python3.7/site-packages/airflow/example_dags/example_task_group.py
[2022-11-16T14:30:56.222+0000] {processor.py:756} INFO - Processing file /home/airflow/.local/lib/python3.7/site-packages/airflow/example_dags/example_task_group.py for tasks to queue
[2022-11-16T14:30:56.223+0000] {logging_mixin.py:137} INFO - [2022-11-16T14:30:56.223+0000] {dagbag.py:537} INFO - Filling up the DagBag from /home/airflow/.local/lib/python3.7/site-packages/airflow/example_dags/example_task_group.py
[2022-11-16T14:30:56.253+0000] {processor.py:766} INFO - DAG(s) dict_keys(['example_task_group']) retrieved from /home/airflow/.local/lib/python3.7/site-packages/airflow/example_dags/example_task_group.py
[2022-11-16T14:30:56.312+0000] {logging_mixin.py:137} INFO - [2022-11-16T14:30:56.311+0000] {dag.py:2585} INFO - Sync 1 DAGs
[2022-11-16T14:30:56.349+0000] {logging_mixin.py:137} INFO - [2022-11-16T14:30:56.349+0000] {dag.py:3340} INFO - Setting next_dagrun for example_task_group to 2022-11-15T14:30:56.349142+00:00, run_after=2022-11-16T14:30:56.349142+00:00
[2022-11-16T14:30:56.384+0000] {processor.py:176} INFO - Processing /home/airflow/.local/lib/python3.7/site-packages/airflow/example_dags/example_task_group.py took 0.168 seconds
[2022-11-16T14:31:26.735+0000] {processor.py:154} INFO - Started process (PID=1478) to work on /home/airflow/.local/lib/python3.7/site-packages/airflow/example_dags/example_task_group.py
[2022-11-16T14:31:26.737+0000] {processor.py:756} INFO - Processing file /home/airflow/.local/lib/python3.7/site-packages/airflow/example_dags/example_task_group.py for tasks to queue
[2022-11-16T14:31:26.737+0000] {logging_mixin.py:137} INFO - [2022-11-16T14:31:26.737+0000] {dagbag.py:537} INFO - Filling up the DagBag from /home/airflow/.local/lib/python3.7/site-packages/airflow/example_dags/example_task_group.py
[2022-11-16T14:31:26.757+0000] {processor.py:766} INFO - DAG(s) dict_keys(['example_task_group']) retrieved from /home/airflow/.local/lib/python3.7/site-packages/airflow/example_dags/example_task_group.py
[2022-11-16T14:31:26.815+0000] {logging_mixin.py:137} INFO - [2022-11-16T14:31:26.815+0000] {dag.py:2585} INFO - Sync 1 DAGs
[2022-11-16T14:31:26.862+0000] {logging_mixin.py:137} INFO - [2022-11-16T14:31:26.862+0000] {dag.py:3340} INFO - Setting next_dagrun for example_task_group to 2022-11-15T14:31:26.862485+00:00, run_after=2022-11-16T14:31:26.862485+00:00
[2022-11-16T14:31:26.890+0000] {processor.py:176} INFO - Processing /home/airflow/.local/lib/python3.7/site-packages/airflow/example_dags/example_task_group.py took 0.159 seconds
[2022-11-16T14:31:58.248+0000] {processor.py:154} INFO - Started process (PID=1676) to work on /home/airflow/.local/lib/python3.7/site-packages/airflow/example_dags/example_task_group.py
[2022-11-16T14:31:58.252+0000] {processor.py:756} INFO - Processing file /home/airflow/.local/lib/python3.7/site-packages/airflow/example_dags/example_task_group.py for tasks to queue
[2022-11-16T14:31:58.253+0000] {logging_mixin.py:137} INFO - [2022-11-16T14:31:58.253+0000] {dagbag.py:537} INFO - Filling up the DagBag from /home/airflow/.local/lib/python3.7/site-packages/airflow/example_dags/example_task_group.py
[2022-11-16T14:31:58.309+0000] {processor.py:766} INFO - DAG(s) dict_keys(['example_task_group']) retrieved from /home/airflow/.local/lib/python3.7/site-packages/airflow/example_dags/example_task_group.py
[2022-11-16T14:31:58.502+0000] {logging_mixin.py:137} INFO - [2022-11-16T14:31:58.502+0000] {dag.py:2585} INFO - Sync 1 DAGs
[2022-11-16T14:31:58.640+0000] {logging_mixin.py:137} INFO - [2022-11-16T14:31:58.639+0000] {dag.py:3340} INFO - Setting next_dagrun for example_task_group to 2022-11-15T14:31:58.639269+00:00, run_after=2022-11-16T14:31:58.639269+00:00
[2022-11-16T14:31:58.800+0000] {processor.py:176} INFO - Processing /home/airflow/.local/lib/python3.7/site-packages/airflow/example_dags/example_task_group.py took 0.563 seconds
[2022-11-16T14:32:29.750+0000] {processor.py:154} INFO - Started process (PID=1882) to work on /home/airflow/.local/lib/python3.7/site-packages/airflow/example_dags/example_task_group.py
[2022-11-16T14:32:29.751+0000] {processor.py:756} INFO - Processing file /home/airflow/.local/lib/python3.7/site-packages/airflow/example_dags/example_task_group.py for tasks to queue
[2022-11-16T14:32:29.753+0000] {logging_mixin.py:137} INFO - [2022-11-16T14:32:29.752+0000] {dagbag.py:537} INFO - Filling up the DagBag from /home/airflow/.local/lib/python3.7/site-packages/airflow/example_dags/example_task_group.py
[2022-11-16T14:32:29.789+0000] {processor.py:766} INFO - DAG(s) dict_keys(['example_task_group']) retrieved from /home/airflow/.local/lib/python3.7/site-packages/airflow/example_dags/example_task_group.py
[2022-11-16T14:32:29.874+0000] {logging_mixin.py:137} INFO - [2022-11-16T14:32:29.873+0000] {dag.py:2585} INFO - Sync 1 DAGs
[2022-11-16T14:32:29.921+0000] {logging_mixin.py:137} INFO - [2022-11-16T14:32:29.921+0000] {dag.py:3340} INFO - Setting next_dagrun for example_task_group to 2022-11-15T14:32:29.919623+00:00, run_after=2022-11-16T14:32:29.919623+00:00
[2022-11-16T14:32:29.965+0000] {processor.py:176} INFO - Processing /home/airflow/.local/lib/python3.7/site-packages/airflow/example_dags/example_task_group.py took 0.220 seconds
[2022-11-16T14:33:00.023+0000] {processor.py:154} INFO - Started process (PID=2079) to work on /home/airflow/.local/lib/python3.7/site-packages/airflow/example_dags/example_task_group.py
[2022-11-16T14:33:00.024+0000] {processor.py:756} INFO - Processing file /home/airflow/.local/lib/python3.7/site-packages/airflow/example_dags/example_task_group.py for tasks to queue
[2022-11-16T14:33:00.027+0000] {logging_mixin.py:137} INFO - [2022-11-16T14:33:00.025+0000] {dagbag.py:537} INFO - Filling up the DagBag from /home/airflow/.local/lib/python3.7/site-packages/airflow/example_dags/example_task_group.py
[2022-11-16T14:33:00.057+0000] {processor.py:766} INFO - DAG(s) dict_keys(['example_task_group']) retrieved from /home/airflow/.local/lib/python3.7/site-packages/airflow/example_dags/example_task_group.py
[2022-11-16T14:33:00.125+0000] {logging_mixin.py:137} INFO - [2022-11-16T14:33:00.125+0000] {dag.py:2585} INFO - Sync 1 DAGs
[2022-11-16T14:33:00.163+0000] {logging_mixin.py:137} INFO - [2022-11-16T14:33:00.163+0000] {dag.py:3340} INFO - Setting next_dagrun for example_task_group to 2022-11-15T14:33:00.163054+00:00, run_after=2022-11-16T14:33:00.163054+00:00
[2022-11-16T14:33:00.220+0000] {processor.py:176} INFO - Processing /home/airflow/.local/lib/python3.7/site-packages/airflow/example_dags/example_task_group.py took 0.201 seconds
[2022-11-16T14:33:30.692+0000] {processor.py:154} INFO - Started process (PID=2285) to work on /home/airflow/.local/lib/python3.7/site-packages/airflow/example_dags/example_task_group.py
[2022-11-16T14:33:30.693+0000] {processor.py:756} INFO - Processing file /home/airflow/.local/lib/python3.7/site-packages/airflow/example_dags/example_task_group.py for tasks to queue
[2022-11-16T14:33:30.695+0000] {logging_mixin.py:137} INFO - [2022-11-16T14:33:30.695+0000] {dagbag.py:537} INFO - Filling up the DagBag from /home/airflow/.local/lib/python3.7/site-packages/airflow/example_dags/example_task_group.py
[2022-11-16T14:33:30.737+0000] {processor.py:766} INFO - DAG(s) dict_keys(['example_task_group']) retrieved from /home/airflow/.local/lib/python3.7/site-packages/airflow/example_dags/example_task_group.py
[2022-11-16T14:33:30.827+0000] {logging_mixin.py:137} INFO - [2022-11-16T14:33:30.826+0000] {dag.py:2585} INFO - Sync 1 DAGs
[2022-11-16T14:33:30.886+0000] {logging_mixin.py:137} INFO - [2022-11-16T14:33:30.885+0000] {dag.py:3340} INFO - Setting next_dagrun for example_task_group to 2022-11-15T14:33:30.885026+00:00, run_after=2022-11-16T14:33:30.885026+00:00
[2022-11-16T14:33:30.937+0000] {processor.py:176} INFO - Processing /home/airflow/.local/lib/python3.7/site-packages/airflow/example_dags/example_task_group.py took 0.250 seconds
[2022-11-16T14:34:01.874+0000] {processor.py:154} INFO - Started process (PID=2483) to work on /home/airflow/.local/lib/python3.7/site-packages/airflow/example_dags/example_task_group.py
[2022-11-16T14:34:01.875+0000] {processor.py:756} INFO - Processing file /home/airflow/.local/lib/python3.7/site-packages/airflow/example_dags/example_task_group.py for tasks to queue
[2022-11-16T14:34:01.878+0000] {logging_mixin.py:137} INFO - [2022-11-16T14:34:01.878+0000] {dagbag.py:537} INFO - Filling up the DagBag from /home/airflow/.local/lib/python3.7/site-packages/airflow/example_dags/example_task_group.py
[2022-11-16T14:34:01.906+0000] {processor.py:766} INFO - DAG(s) dict_keys(['example_task_group']) retrieved from /home/airflow/.local/lib/python3.7/site-packages/airflow/example_dags/example_task_group.py
[2022-11-16T14:34:01.972+0000] {logging_mixin.py:137} INFO - [2022-11-16T14:34:01.972+0000] {dag.py:2585} INFO - Sync 1 DAGs
[2022-11-16T14:34:02.015+0000] {logging_mixin.py:137} INFO - [2022-11-16T14:34:02.014+0000] {dag.py:3340} INFO - Setting next_dagrun for example_task_group to 2022-11-15T14:34:02.014655+00:00, run_after=2022-11-16T14:34:02.014655+00:00
[2022-11-16T14:34:02.042+0000] {processor.py:176} INFO - Processing /home/airflow/.local/lib/python3.7/site-packages/airflow/example_dags/example_task_group.py took 0.174 seconds
[2022-11-16T14:34:32.794+0000] {processor.py:154} INFO - Started process (PID=2699) to work on /home/airflow/.local/lib/python3.7/site-packages/airflow/example_dags/example_task_group.py
[2022-11-16T14:34:32.795+0000] {processor.py:756} INFO - Processing file /home/airflow/.local/lib/python3.7/site-packages/airflow/example_dags/example_task_group.py for tasks to queue
[2022-11-16T14:34:32.796+0000] {logging_mixin.py:137} INFO - [2022-11-16T14:34:32.796+0000] {dagbag.py:537} INFO - Filling up the DagBag from /home/airflow/.local/lib/python3.7/site-packages/airflow/example_dags/example_task_group.py
[2022-11-16T14:34:32.824+0000] {processor.py:766} INFO - DAG(s) dict_keys(['example_task_group']) retrieved from /home/airflow/.local/lib/python3.7/site-packages/airflow/example_dags/example_task_group.py
[2022-11-16T14:34:32.907+0000] {logging_mixin.py:137} INFO - [2022-11-16T14:34:32.906+0000] {dag.py:2585} INFO - Sync 1 DAGs
[2022-11-16T14:34:32.968+0000] {logging_mixin.py:137} INFO - [2022-11-16T14:34:32.967+0000] {dag.py:3340} INFO - Setting next_dagrun for example_task_group to 2022-11-15T14:34:32.967449+00:00, run_after=2022-11-16T14:34:32.967449+00:00
[2022-11-16T14:34:33.011+0000] {processor.py:176} INFO - Processing /home/airflow/.local/lib/python3.7/site-packages/airflow/example_dags/example_task_group.py took 0.223 seconds
[2022-11-16T14:35:03.691+0000] {processor.py:154} INFO - Started process (PID=2903) to work on /home/airflow/.local/lib/python3.7/site-packages/airflow/example_dags/example_task_group.py
[2022-11-16T14:35:03.694+0000] {processor.py:756} INFO - Processing file /home/airflow/.local/lib/python3.7/site-packages/airflow/example_dags/example_task_group.py for tasks to queue
[2022-11-16T14:35:03.696+0000] {logging_mixin.py:137} INFO - [2022-11-16T14:35:03.696+0000] {dagbag.py:537} INFO - Filling up the DagBag from /home/airflow/.local/lib/python3.7/site-packages/airflow/example_dags/example_task_group.py
[2022-11-16T14:35:03.745+0000] {processor.py:766} INFO - DAG(s) dict_keys(['example_task_group']) retrieved from /home/airflow/.local/lib/python3.7/site-packages/airflow/example_dags/example_task_group.py
[2022-11-16T14:35:03.877+0000] {logging_mixin.py:137} INFO - [2022-11-16T14:35:03.877+0000] {dag.py:2585} INFO - Sync 1 DAGs
[2022-11-16T14:35:03.980+0000] {logging_mixin.py:137} INFO - [2022-11-16T14:35:03.980+0000] {dag.py:3340} INFO - Setting next_dagrun for example_task_group to 2022-11-15T14:35:03.980017+00:00, run_after=2022-11-16T14:35:03.980017+00:00
[2022-11-16T14:35:04.046+0000] {processor.py:176} INFO - Processing /home/airflow/.local/lib/python3.7/site-packages/airflow/example_dags/example_task_group.py took 0.363 seconds
[2022-11-16T14:35:34.185+0000] {processor.py:154} INFO - Started process (PID=3099) to work on /home/airflow/.local/lib/python3.7/site-packages/airflow/example_dags/example_task_group.py
[2022-11-16T14:35:34.186+0000] {processor.py:756} INFO - Processing file /home/airflow/.local/lib/python3.7/site-packages/airflow/example_dags/example_task_group.py for tasks to queue
[2022-11-16T14:35:34.187+0000] {logging_mixin.py:137} INFO - [2022-11-16T14:35:34.187+0000] {dagbag.py:537} INFO - Filling up the DagBag from /home/airflow/.local/lib/python3.7/site-packages/airflow/example_dags/example_task_group.py
[2022-11-16T14:35:34.220+0000] {processor.py:766} INFO - DAG(s) dict_keys(['example_task_group']) retrieved from /home/airflow/.local/lib/python3.7/site-packages/airflow/example_dags/example_task_group.py
[2022-11-16T14:35:34.295+0000] {logging_mixin.py:137} INFO - [2022-11-16T14:35:34.294+0000] {dag.py:2585} INFO - Sync 1 DAGs
[2022-11-16T14:35:34.348+0000] {logging_mixin.py:137} INFO - [2022-11-16T14:35:34.348+0000] {dag.py:3340} INFO - Setting next_dagrun for example_task_group to 2022-11-15T14:35:34.348235+00:00, run_after=2022-11-16T14:35:34.348235+00:00
[2022-11-16T14:35:34.382+0000] {processor.py:176} INFO - Processing /home/airflow/.local/lib/python3.7/site-packages/airflow/example_dags/example_task_group.py took 0.202 seconds
[2022-11-16T14:36:05.601+0000] {processor.py:154} INFO - Started process (PID=3296) to work on /home/airflow/.local/lib/python3.7/site-packages/airflow/example_dags/example_task_group.py
[2022-11-16T14:36:05.602+0000] {processor.py:756} INFO - Processing file /home/airflow/.local/lib/python3.7/site-packages/airflow/example_dags/example_task_group.py for tasks to queue
[2022-11-16T14:36:05.603+0000] {logging_mixin.py:137} INFO - [2022-11-16T14:36:05.603+0000] {dagbag.py:537} INFO - Filling up the DagBag from /home/airflow/.local/lib/python3.7/site-packages/airflow/example_dags/example_task_group.py
[2022-11-16T14:36:05.639+0000] {processor.py:766} INFO - DAG(s) dict_keys(['example_task_group']) retrieved from /home/airflow/.local/lib/python3.7/site-packages/airflow/example_dags/example_task_group.py
[2022-11-16T14:36:05.716+0000] {logging_mixin.py:137} INFO - [2022-11-16T14:36:05.716+0000] {dag.py:2585} INFO - Sync 1 DAGs
[2022-11-16T14:36:05.770+0000] {logging_mixin.py:137} INFO - [2022-11-16T14:36:05.769+0000] {dag.py:3340} INFO - Setting next_dagrun for example_task_group to 2022-11-15T14:36:05.769268+00:00, run_after=2022-11-16T14:36:05.769268+00:00
[2022-11-16T14:36:05.802+0000] {processor.py:176} INFO - Processing /home/airflow/.local/lib/python3.7/site-packages/airflow/example_dags/example_task_group.py took 0.206 seconds
[2022-11-16T14:36:36.267+0000] {processor.py:154} INFO - Started process (PID=3502) to work on /home/airflow/.local/lib/python3.7/site-packages/airflow/example_dags/example_task_group.py
[2022-11-16T14:36:36.268+0000] {processor.py:756} INFO - Processing file /home/airflow/.local/lib/python3.7/site-packages/airflow/example_dags/example_task_group.py for tasks to queue
[2022-11-16T14:36:36.269+0000] {logging_mixin.py:137} INFO - [2022-11-16T14:36:36.268+0000] {dagbag.py:537} INFO - Filling up the DagBag from /home/airflow/.local/lib/python3.7/site-packages/airflow/example_dags/example_task_group.py
[2022-11-16T14:36:36.291+0000] {processor.py:766} INFO - DAG(s) dict_keys(['example_task_group']) retrieved from /home/airflow/.local/lib/python3.7/site-packages/airflow/example_dags/example_task_group.py
[2022-11-16T14:36:36.349+0000] {logging_mixin.py:137} INFO - [2022-11-16T14:36:36.348+0000] {dag.py:2585} INFO - Sync 1 DAGs
[2022-11-16T14:36:36.387+0000] {logging_mixin.py:137} INFO - [2022-11-16T14:36:36.387+0000] {dag.py:3340} INFO - Setting next_dagrun for example_task_group to 2022-11-15T14:36:36.386734+00:00, run_after=2022-11-16T14:36:36.386734+00:00
[2022-11-16T14:36:36.416+0000] {processor.py:176} INFO - Processing /home/airflow/.local/lib/python3.7/site-packages/airflow/example_dags/example_task_group.py took 0.153 seconds
[2022-11-16T14:37:07.194+0000] {processor.py:154} INFO - Started process (PID=3699) to work on /home/airflow/.local/lib/python3.7/site-packages/airflow/example_dags/example_task_group.py
[2022-11-16T14:37:07.195+0000] {processor.py:756} INFO - Processing file /home/airflow/.local/lib/python3.7/site-packages/airflow/example_dags/example_task_group.py for tasks to queue
[2022-11-16T14:37:07.195+0000] {logging_mixin.py:137} INFO - [2022-11-16T14:37:07.195+0000] {dagbag.py:537} INFO - Filling up the DagBag from /home/airflow/.local/lib/python3.7/site-packages/airflow/example_dags/example_task_group.py
[2022-11-16T14:37:07.220+0000] {processor.py:766} INFO - DAG(s) dict_keys(['example_task_group']) retrieved from /home/airflow/.local/lib/python3.7/site-packages/airflow/example_dags/example_task_group.py
[2022-11-16T14:37:07.319+0000] {logging_mixin.py:137} INFO - [2022-11-16T14:37:07.319+0000] {dag.py:2585} INFO - Sync 1 DAGs
[2022-11-16T14:37:07.380+0000] {logging_mixin.py:137} INFO - [2022-11-16T14:37:07.379+0000] {dag.py:3340} INFO - Setting next_dagrun for example_task_group to 2022-11-15T14:37:07.379395+00:00, run_after=2022-11-16T14:37:07.379395+00:00
[2022-11-16T14:37:07.418+0000] {processor.py:176} INFO - Processing /home/airflow/.local/lib/python3.7/site-packages/airflow/example_dags/example_task_group.py took 0.228 seconds
[2022-11-16T14:37:39.011+0000] {processor.py:154} INFO - Started process (PID=3906) to work on /home/airflow/.local/lib/python3.7/site-packages/airflow/example_dags/example_task_group.py
[2022-11-16T14:37:39.012+0000] {processor.py:756} INFO - Processing file /home/airflow/.local/lib/python3.7/site-packages/airflow/example_dags/example_task_group.py for tasks to queue
[2022-11-16T14:37:39.013+0000] {logging_mixin.py:137} INFO - [2022-11-16T14:37:39.013+0000] {dagbag.py:537} INFO - Filling up the DagBag from /home/airflow/.local/lib/python3.7/site-packages/airflow/example_dags/example_task_group.py
[2022-11-16T14:37:39.051+0000] {processor.py:766} INFO - DAG(s) dict_keys(['example_task_group']) retrieved from /home/airflow/.local/lib/python3.7/site-packages/airflow/example_dags/example_task_group.py
[2022-11-16T14:37:39.185+0000] {logging_mixin.py:137} INFO - [2022-11-16T14:37:39.184+0000] {dag.py:2585} INFO - Sync 1 DAGs
[2022-11-16T14:37:39.276+0000] {logging_mixin.py:137} INFO - [2022-11-16T14:37:39.275+0000] {dag.py:3340} INFO - Setting next_dagrun for example_task_group to 2022-11-15T14:37:39.274866+00:00, run_after=2022-11-16T14:37:39.274866+00:00
[2022-11-16T14:37:39.335+0000] {processor.py:176} INFO - Processing /home/airflow/.local/lib/python3.7/site-packages/airflow/example_dags/example_task_group.py took 0.329 seconds
[2022-11-16T14:38:09.453+0000] {processor.py:154} INFO - Started process (PID=4107) to work on /home/airflow/.local/lib/python3.7/site-packages/airflow/example_dags/example_task_group.py
[2022-11-16T14:38:09.454+0000] {processor.py:756} INFO - Processing file /home/airflow/.local/lib/python3.7/site-packages/airflow/example_dags/example_task_group.py for tasks to queue
[2022-11-16T14:38:09.455+0000] {logging_mixin.py:137} INFO - [2022-11-16T14:38:09.454+0000] {dagbag.py:537} INFO - Filling up the DagBag from /home/airflow/.local/lib/python3.7/site-packages/airflow/example_dags/example_task_group.py
[2022-11-16T14:38:09.477+0000] {processor.py:766} INFO - DAG(s) dict_keys(['example_task_group']) retrieved from /home/airflow/.local/lib/python3.7/site-packages/airflow/example_dags/example_task_group.py
[2022-11-16T14:38:09.533+0000] {logging_mixin.py:137} INFO - [2022-11-16T14:38:09.533+0000] {dag.py:2585} INFO - Sync 1 DAGs
[2022-11-16T14:38:09.574+0000] {logging_mixin.py:137} INFO - [2022-11-16T14:38:09.573+0000] {dag.py:3340} INFO - Setting next_dagrun for example_task_group to 2022-11-15T14:38:09.573566+00:00, run_after=2022-11-16T14:38:09.573566+00:00
[2022-11-16T14:38:09.611+0000] {processor.py:176} INFO - Processing /home/airflow/.local/lib/python3.7/site-packages/airflow/example_dags/example_task_group.py took 0.164 seconds
[2022-11-16T14:38:40.280+0000] {processor.py:154} INFO - Started process (PID=4302) to work on /home/airflow/.local/lib/python3.7/site-packages/airflow/example_dags/example_task_group.py
[2022-11-16T14:38:40.281+0000] {processor.py:756} INFO - Processing file /home/airflow/.local/lib/python3.7/site-packages/airflow/example_dags/example_task_group.py for tasks to queue
[2022-11-16T14:38:40.281+0000] {logging_mixin.py:137} INFO - [2022-11-16T14:38:40.281+0000] {dagbag.py:537} INFO - Filling up the DagBag from /home/airflow/.local/lib/python3.7/site-packages/airflow/example_dags/example_task_group.py
[2022-11-16T14:38:40.314+0000] {processor.py:766} INFO - DAG(s) dict_keys(['example_task_group']) retrieved from /home/airflow/.local/lib/python3.7/site-packages/airflow/example_dags/example_task_group.py
[2022-11-16T14:38:40.404+0000] {logging_mixin.py:137} INFO - [2022-11-16T14:38:40.403+0000] {dag.py:2585} INFO - Sync 1 DAGs
[2022-11-16T14:38:40.495+0000] {logging_mixin.py:137} INFO - [2022-11-16T14:38:40.494+0000] {dag.py:3340} INFO - Setting next_dagrun for example_task_group to 2022-11-15T14:38:40.492714+00:00, run_after=2022-11-16T14:38:40.492714+00:00
[2022-11-16T14:38:40.585+0000] {processor.py:176} INFO - Processing /home/airflow/.local/lib/python3.7/site-packages/airflow/example_dags/example_task_group.py took 0.309 seconds
[2022-11-16T14:39:10.910+0000] {processor.py:154} INFO - Started process (PID=4509) to work on /home/airflow/.local/lib/python3.7/site-packages/airflow/example_dags/example_task_group.py
[2022-11-16T14:39:10.912+0000] {processor.py:756} INFO - Processing file /home/airflow/.local/lib/python3.7/site-packages/airflow/example_dags/example_task_group.py for tasks to queue
[2022-11-16T14:39:10.916+0000] {logging_mixin.py:137} INFO - [2022-11-16T14:39:10.915+0000] {dagbag.py:537} INFO - Filling up the DagBag from /home/airflow/.local/lib/python3.7/site-packages/airflow/example_dags/example_task_group.py
[2022-11-16T14:39:10.940+0000] {processor.py:766} INFO - DAG(s) dict_keys(['example_task_group']) retrieved from /home/airflow/.local/lib/python3.7/site-packages/airflow/example_dags/example_task_group.py
[2022-11-16T14:39:11.012+0000] {logging_mixin.py:137} INFO - [2022-11-16T14:39:11.011+0000] {dag.py:2585} INFO - Sync 1 DAGs
[2022-11-16T14:39:11.074+0000] {logging_mixin.py:137} INFO - [2022-11-16T14:39:11.074+0000] {dag.py:3340} INFO - Setting next_dagrun for example_task_group to 2022-11-15T14:39:11.074452+00:00, run_after=2022-11-16T14:39:11.074452+00:00
[2022-11-16T14:39:11.109+0000] {processor.py:176} INFO - Processing /home/airflow/.local/lib/python3.7/site-packages/airflow/example_dags/example_task_group.py took 0.203 seconds
[2022-11-16T14:39:41.416+0000] {processor.py:154} INFO - Started process (PID=4708) to work on /home/airflow/.local/lib/python3.7/site-packages/airflow/example_dags/example_task_group.py
[2022-11-16T14:39:41.417+0000] {processor.py:756} INFO - Processing file /home/airflow/.local/lib/python3.7/site-packages/airflow/example_dags/example_task_group.py for tasks to queue
[2022-11-16T14:39:41.418+0000] {logging_mixin.py:137} INFO - [2022-11-16T14:39:41.418+0000] {dagbag.py:537} INFO - Filling up the DagBag from /home/airflow/.local/lib/python3.7/site-packages/airflow/example_dags/example_task_group.py
[2022-11-16T14:39:41.445+0000] {processor.py:766} INFO - DAG(s) dict_keys(['example_task_group']) retrieved from /home/airflow/.local/lib/python3.7/site-packages/airflow/example_dags/example_task_group.py
[2022-11-16T14:39:41.511+0000] {logging_mixin.py:137} INFO - [2022-11-16T14:39:41.510+0000] {dag.py:2585} INFO - Sync 1 DAGs
[2022-11-16T14:39:41.561+0000] {logging_mixin.py:137} INFO - [2022-11-16T14:39:41.560+0000] {dag.py:3340} INFO - Setting next_dagrun for example_task_group to 2022-11-15T14:39:41.560654+00:00, run_after=2022-11-16T14:39:41.560654+00:00
[2022-11-16T14:39:41.597+0000] {processor.py:176} INFO - Processing /home/airflow/.local/lib/python3.7/site-packages/airflow/example_dags/example_task_group.py took 0.184 seconds
[2022-11-16T14:40:12.760+0000] {processor.py:154} INFO - Started process (PID=4915) to work on /home/airflow/.local/lib/python3.7/site-packages/airflow/example_dags/example_task_group.py
[2022-11-16T14:40:12.761+0000] {processor.py:756} INFO - Processing file /home/airflow/.local/lib/python3.7/site-packages/airflow/example_dags/example_task_group.py for tasks to queue
[2022-11-16T14:40:12.763+0000] {logging_mixin.py:137} INFO - [2022-11-16T14:40:12.763+0000] {dagbag.py:537} INFO - Filling up the DagBag from /home/airflow/.local/lib/python3.7/site-packages/airflow/example_dags/example_task_group.py
[2022-11-16T14:40:12.798+0000] {processor.py:766} INFO - DAG(s) dict_keys(['example_task_group']) retrieved from /home/airflow/.local/lib/python3.7/site-packages/airflow/example_dags/example_task_group.py
[2022-11-16T14:40:12.893+0000] {logging_mixin.py:137} INFO - [2022-11-16T14:40:12.893+0000] {dag.py:2585} INFO - Sync 1 DAGs
[2022-11-16T14:40:12.978+0000] {logging_mixin.py:137} INFO - [2022-11-16T14:40:12.978+0000] {dag.py:3340} INFO - Setting next_dagrun for example_task_group to 2022-11-15T14:40:12.973724+00:00, run_after=2022-11-16T14:40:12.973724+00:00
[2022-11-16T14:40:13.033+0000] {processor.py:176} INFO - Processing /home/airflow/.local/lib/python3.7/site-packages/airflow/example_dags/example_task_group.py took 0.277 seconds
[2022-11-16T14:40:43.709+0000] {processor.py:154} INFO - Started process (PID=5113) to work on /home/airflow/.local/lib/python3.7/site-packages/airflow/example_dags/example_task_group.py
[2022-11-16T14:40:43.709+0000] {processor.py:756} INFO - Processing file /home/airflow/.local/lib/python3.7/site-packages/airflow/example_dags/example_task_group.py for tasks to queue
[2022-11-16T14:40:43.711+0000] {logging_mixin.py:137} INFO - [2022-11-16T14:40:43.711+0000] {dagbag.py:537} INFO - Filling up the DagBag from /home/airflow/.local/lib/python3.7/site-packages/airflow/example_dags/example_task_group.py
[2022-11-16T14:40:43.739+0000] {processor.py:766} INFO - DAG(s) dict_keys(['example_task_group']) retrieved from /home/airflow/.local/lib/python3.7/site-packages/airflow/example_dags/example_task_group.py
[2022-11-16T14:40:43.818+0000] {logging_mixin.py:137} INFO - [2022-11-16T14:40:43.818+0000] {dag.py:2585} INFO - Sync 1 DAGs
[2022-11-16T14:40:43.875+0000] {logging_mixin.py:137} INFO - [2022-11-16T14:40:43.874+0000] {dag.py:3340} INFO - Setting next_dagrun for example_task_group to 2022-11-15T14:40:43.874568+00:00, run_after=2022-11-16T14:40:43.874568+00:00
[2022-11-16T14:40:43.911+0000] {processor.py:176} INFO - Processing /home/airflow/.local/lib/python3.7/site-packages/airflow/example_dags/example_task_group.py took 0.206 seconds
[2022-11-16T14:41:15.763+0000] {processor.py:154} INFO - Started process (PID=5318) to work on /home/airflow/.local/lib/python3.7/site-packages/airflow/example_dags/example_task_group.py
[2022-11-16T14:41:15.764+0000] {processor.py:756} INFO - Processing file /home/airflow/.local/lib/python3.7/site-packages/airflow/example_dags/example_task_group.py for tasks to queue
[2022-11-16T14:41:15.765+0000] {logging_mixin.py:137} INFO - [2022-11-16T14:41:15.765+0000] {dagbag.py:537} INFO - Filling up the DagBag from /home/airflow/.local/lib/python3.7/site-packages/airflow/example_dags/example_task_group.py
[2022-11-16T14:41:15.796+0000] {processor.py:766} INFO - DAG(s) dict_keys(['example_task_group']) retrieved from /home/airflow/.local/lib/python3.7/site-packages/airflow/example_dags/example_task_group.py
[2022-11-16T14:41:15.874+0000] {logging_mixin.py:137} INFO - [2022-11-16T14:41:15.874+0000] {dag.py:2585} INFO - Sync 1 DAGs
[2022-11-16T14:41:15.952+0000] {logging_mixin.py:137} INFO - [2022-11-16T14:41:15.951+0000] {dag.py:3340} INFO - Setting next_dagrun for example_task_group to 2022-11-15T14:41:15.951022+00:00, run_after=2022-11-16T14:41:15.951022+00:00
[2022-11-16T14:41:16.013+0000] {processor.py:176} INFO - Processing /home/airflow/.local/lib/python3.7/site-packages/airflow/example_dags/example_task_group.py took 0.253 seconds
[2022-11-16T14:41:46.785+0000] {processor.py:154} INFO - Started process (PID=5516) to work on /home/airflow/.local/lib/python3.7/site-packages/airflow/example_dags/example_task_group.py
[2022-11-16T14:41:46.786+0000] {processor.py:756} INFO - Processing file /home/airflow/.local/lib/python3.7/site-packages/airflow/example_dags/example_task_group.py for tasks to queue
[2022-11-16T14:41:46.787+0000] {logging_mixin.py:137} INFO - [2022-11-16T14:41:46.786+0000] {dagbag.py:537} INFO - Filling up the DagBag from /home/airflow/.local/lib/python3.7/site-packages/airflow/example_dags/example_task_group.py
[2022-11-16T14:41:46.809+0000] {processor.py:766} INFO - DAG(s) dict_keys(['example_task_group']) retrieved from /home/airflow/.local/lib/python3.7/site-packages/airflow/example_dags/example_task_group.py
[2022-11-16T14:41:46.884+0000] {logging_mixin.py:137} INFO - [2022-11-16T14:41:46.884+0000] {dag.py:2585} INFO - Sync 1 DAGs
[2022-11-16T14:41:46.925+0000] {logging_mixin.py:137} INFO - [2022-11-16T14:41:46.925+0000] {dag.py:3340} INFO - Setting next_dagrun for example_task_group to 2022-11-15T14:41:46.925158+00:00, run_after=2022-11-16T14:41:46.925158+00:00
[2022-11-16T14:41:46.958+0000] {processor.py:176} INFO - Processing /home/airflow/.local/lib/python3.7/site-packages/airflow/example_dags/example_task_group.py took 0.180 seconds
[2022-11-16T14:42:17.235+0000] {processor.py:154} INFO - Started process (PID=5721) to work on /home/airflow/.local/lib/python3.7/site-packages/airflow/example_dags/example_task_group.py
[2022-11-16T14:42:17.236+0000] {processor.py:756} INFO - Processing file /home/airflow/.local/lib/python3.7/site-packages/airflow/example_dags/example_task_group.py for tasks to queue
[2022-11-16T14:42:17.238+0000] {logging_mixin.py:137} INFO - [2022-11-16T14:42:17.238+0000] {dagbag.py:537} INFO - Filling up the DagBag from /home/airflow/.local/lib/python3.7/site-packages/airflow/example_dags/example_task_group.py
[2022-11-16T14:42:17.278+0000] {processor.py:766} INFO - DAG(s) dict_keys(['example_task_group']) retrieved from /home/airflow/.local/lib/python3.7/site-packages/airflow/example_dags/example_task_group.py
[2022-11-16T14:42:17.366+0000] {logging_mixin.py:137} INFO - [2022-11-16T14:42:17.365+0000] {dag.py:2585} INFO - Sync 1 DAGs
[2022-11-16T14:42:17.431+0000] {logging_mixin.py:137} INFO - [2022-11-16T14:42:17.431+0000] {dag.py:3340} INFO - Setting next_dagrun for example_task_group to 2022-11-15T14:42:17.431028+00:00, run_after=2022-11-16T14:42:17.431028+00:00
[2022-11-16T14:42:17.479+0000] {processor.py:176} INFO - Processing /home/airflow/.local/lib/python3.7/site-packages/airflow/example_dags/example_task_group.py took 0.251 seconds
[2022-11-16T14:42:48.267+0000] {processor.py:154} INFO - Started process (PID=5921) to work on /home/airflow/.local/lib/python3.7/site-packages/airflow/example_dags/example_task_group.py
[2022-11-16T14:42:48.268+0000] {processor.py:756} INFO - Processing file /home/airflow/.local/lib/python3.7/site-packages/airflow/example_dags/example_task_group.py for tasks to queue
[2022-11-16T14:42:48.269+0000] {logging_mixin.py:137} INFO - [2022-11-16T14:42:48.269+0000] {dagbag.py:537} INFO - Filling up the DagBag from /home/airflow/.local/lib/python3.7/site-packages/airflow/example_dags/example_task_group.py
[2022-11-16T14:42:48.292+0000] {processor.py:766} INFO - DAG(s) dict_keys(['example_task_group']) retrieved from /home/airflow/.local/lib/python3.7/site-packages/airflow/example_dags/example_task_group.py
[2022-11-16T14:42:48.377+0000] {logging_mixin.py:137} INFO - [2022-11-16T14:42:48.376+0000] {dag.py:2585} INFO - Sync 1 DAGs
[2022-11-16T14:42:48.434+0000] {logging_mixin.py:137} INFO - [2022-11-16T14:42:48.434+0000] {dag.py:3340} INFO - Setting next_dagrun for example_task_group to 2022-11-15T14:42:48.434375+00:00, run_after=2022-11-16T14:42:48.434375+00:00
[2022-11-16T14:42:48.472+0000] {processor.py:176} INFO - Processing /home/airflow/.local/lib/python3.7/site-packages/airflow/example_dags/example_task_group.py took 0.210 seconds
[2022-11-16T14:43:18.802+0000] {processor.py:154} INFO - Started process (PID=6116) to work on /home/airflow/.local/lib/python3.7/site-packages/airflow/example_dags/example_task_group.py
[2022-11-16T14:43:18.803+0000] {processor.py:756} INFO - Processing file /home/airflow/.local/lib/python3.7/site-packages/airflow/example_dags/example_task_group.py for tasks to queue
[2022-11-16T14:43:18.804+0000] {logging_mixin.py:137} INFO - [2022-11-16T14:43:18.803+0000] {dagbag.py:537} INFO - Filling up the DagBag from /home/airflow/.local/lib/python3.7/site-packages/airflow/example_dags/example_task_group.py
[2022-11-16T14:43:18.831+0000] {processor.py:766} INFO - DAG(s) dict_keys(['example_task_group']) retrieved from /home/airflow/.local/lib/python3.7/site-packages/airflow/example_dags/example_task_group.py
[2022-11-16T14:43:18.973+0000] {logging_mixin.py:137} INFO - [2022-11-16T14:43:18.973+0000] {dag.py:2585} INFO - Sync 1 DAGs
[2022-11-16T14:43:19.034+0000] {logging_mixin.py:137} INFO - [2022-11-16T14:43:19.034+0000] {dag.py:3340} INFO - Setting next_dagrun for example_task_group to 2022-11-15T14:43:19.034243+00:00, run_after=2022-11-16T14:43:19.034243+00:00
[2022-11-16T14:43:19.068+0000] {processor.py:176} INFO - Processing /home/airflow/.local/lib/python3.7/site-packages/airflow/example_dags/example_task_group.py took 0.275 seconds
[2022-11-16T14:43:49.523+0000] {processor.py:154} INFO - Started process (PID=6323) to work on /home/airflow/.local/lib/python3.7/site-packages/airflow/example_dags/example_task_group.py
[2022-11-16T14:43:49.524+0000] {processor.py:756} INFO - Processing file /home/airflow/.local/lib/python3.7/site-packages/airflow/example_dags/example_task_group.py for tasks to queue
[2022-11-16T14:43:49.525+0000] {logging_mixin.py:137} INFO - [2022-11-16T14:43:49.524+0000] {dagbag.py:537} INFO - Filling up the DagBag from /home/airflow/.local/lib/python3.7/site-packages/airflow/example_dags/example_task_group.py
[2022-11-16T14:43:49.552+0000] {processor.py:766} INFO - DAG(s) dict_keys(['example_task_group']) retrieved from /home/airflow/.local/lib/python3.7/site-packages/airflow/example_dags/example_task_group.py
[2022-11-16T14:43:49.624+0000] {logging_mixin.py:137} INFO - [2022-11-16T14:43:49.623+0000] {dag.py:2585} INFO - Sync 1 DAGs
[2022-11-16T14:43:49.675+0000] {logging_mixin.py:137} INFO - [2022-11-16T14:43:49.675+0000] {dag.py:3340} INFO - Setting next_dagrun for example_task_group to 2022-11-15T14:43:49.675415+00:00, run_after=2022-11-16T14:43:49.675415+00:00
[2022-11-16T14:43:49.717+0000] {processor.py:176} INFO - Processing /home/airflow/.local/lib/python3.7/site-packages/airflow/example_dags/example_task_group.py took 0.199 seconds
[2022-11-16T14:44:20.104+0000] {processor.py:154} INFO - Started process (PID=6521) to work on /home/airflow/.local/lib/python3.7/site-packages/airflow/example_dags/example_task_group.py
[2022-11-16T14:44:20.105+0000] {processor.py:756} INFO - Processing file /home/airflow/.local/lib/python3.7/site-packages/airflow/example_dags/example_task_group.py for tasks to queue
[2022-11-16T14:44:20.107+0000] {logging_mixin.py:137} INFO - [2022-11-16T14:44:20.107+0000] {dagbag.py:537} INFO - Filling up the DagBag from /home/airflow/.local/lib/python3.7/site-packages/airflow/example_dags/example_task_group.py
[2022-11-16T14:44:20.128+0000] {processor.py:766} INFO - DAG(s) dict_keys(['example_task_group']) retrieved from /home/airflow/.local/lib/python3.7/site-packages/airflow/example_dags/example_task_group.py
[2022-11-16T14:44:20.186+0000] {logging_mixin.py:137} INFO - [2022-11-16T14:44:20.186+0000] {dag.py:2585} INFO - Sync 1 DAGs
[2022-11-16T14:44:20.262+0000] {logging_mixin.py:137} INFO - [2022-11-16T14:44:20.262+0000] {dag.py:3340} INFO - Setting next_dagrun for example_task_group to 2022-11-15T14:44:20.261974+00:00, run_after=2022-11-16T14:44:20.261974+00:00
[2022-11-16T14:44:20.381+0000] {processor.py:176} INFO - Processing /home/airflow/.local/lib/python3.7/site-packages/airflow/example_dags/example_task_group.py took 0.282 seconds
[2022-11-16T14:44:50.476+0000] {processor.py:154} INFO - Started process (PID=6728) to work on /home/airflow/.local/lib/python3.7/site-packages/airflow/example_dags/example_task_group.py
[2022-11-16T14:44:50.478+0000] {processor.py:756} INFO - Processing file /home/airflow/.local/lib/python3.7/site-packages/airflow/example_dags/example_task_group.py for tasks to queue
[2022-11-16T14:44:50.479+0000] {logging_mixin.py:137} INFO - [2022-11-16T14:44:50.479+0000] {dagbag.py:537} INFO - Filling up the DagBag from /home/airflow/.local/lib/python3.7/site-packages/airflow/example_dags/example_task_group.py
[2022-11-16T14:44:50.510+0000] {processor.py:766} INFO - DAG(s) dict_keys(['example_task_group']) retrieved from /home/airflow/.local/lib/python3.7/site-packages/airflow/example_dags/example_task_group.py
[2022-11-16T14:44:50.573+0000] {logging_mixin.py:137} INFO - [2022-11-16T14:44:50.572+0000] {dag.py:2585} INFO - Sync 1 DAGs
[2022-11-16T14:44:50.621+0000] {logging_mixin.py:137} INFO - [2022-11-16T14:44:50.621+0000] {dag.py:3340} INFO - Setting next_dagrun for example_task_group to 2022-11-15T14:44:50.621037+00:00, run_after=2022-11-16T14:44:50.621037+00:00
[2022-11-16T14:44:50.654+0000] {processor.py:176} INFO - Processing /home/airflow/.local/lib/python3.7/site-packages/airflow/example_dags/example_task_group.py took 0.181 seconds
[2022-11-16T14:45:20.845+0000] {processor.py:154} INFO - Started process (PID=6925) to work on /home/airflow/.local/lib/python3.7/site-packages/airflow/example_dags/example_task_group.py
[2022-11-16T14:45:20.846+0000] {processor.py:756} INFO - Processing file /home/airflow/.local/lib/python3.7/site-packages/airflow/example_dags/example_task_group.py for tasks to queue
[2022-11-16T14:45:20.847+0000] {logging_mixin.py:137} INFO - [2022-11-16T14:45:20.847+0000] {dagbag.py:537} INFO - Filling up the DagBag from /home/airflow/.local/lib/python3.7/site-packages/airflow/example_dags/example_task_group.py
[2022-11-16T14:45:20.878+0000] {processor.py:766} INFO - DAG(s) dict_keys(['example_task_group']) retrieved from /home/airflow/.local/lib/python3.7/site-packages/airflow/example_dags/example_task_group.py
[2022-11-16T14:45:20.957+0000] {logging_mixin.py:137} INFO - [2022-11-16T14:45:20.956+0000] {dag.py:2585} INFO - Sync 1 DAGs
[2022-11-16T14:45:21.010+0000] {logging_mixin.py:137} INFO - [2022-11-16T14:45:21.009+0000] {dag.py:3340} INFO - Setting next_dagrun for example_task_group to 2022-11-15T14:45:21.009165+00:00, run_after=2022-11-16T14:45:21.009165+00:00
[2022-11-16T14:45:21.047+0000] {processor.py:176} INFO - Processing /home/airflow/.local/lib/python3.7/site-packages/airflow/example_dags/example_task_group.py took 0.206 seconds
