[2022-11-16T14:28:16.721+0000] {processor.py:154} INFO - Started process (PID=177) to work on /home/airflow/.local/lib/python3.7/site-packages/airflow/example_dags/example_short_circuit_decorator.py
[2022-11-16T14:28:16.730+0000] {processor.py:756} INFO - Processing file /home/airflow/.local/lib/python3.7/site-packages/airflow/example_dags/example_short_circuit_decorator.py for tasks to queue
[2022-11-16T14:28:16.731+0000] {logging_mixin.py:137} INFO - [2022-11-16T14:28:16.731+0000] {dagbag.py:537} INFO - Filling up the DagBag from /home/airflow/.local/lib/python3.7/site-packages/airflow/example_dags/example_short_circuit_decorator.py
[2022-11-16T14:28:16.827+0000] {processor.py:766} INFO - DAG(s) dict_keys(['example_short_circuit_decorator']) retrieved from /home/airflow/.local/lib/python3.7/site-packages/airflow/example_dags/example_short_circuit_decorator.py
[2022-11-16T14:28:16.901+0000] {logging_mixin.py:137} INFO - [2022-11-16T14:28:16.900+0000] {dag.py:2585} INFO - Sync 1 DAGs
[2022-11-16T14:28:16.940+0000] {logging_mixin.py:137} INFO - [2022-11-16T14:28:16.940+0000] {dag.py:3340} INFO - Setting next_dagrun for example_short_circuit_decorator to 2022-11-15T14:28:16.939697+00:00, run_after=2022-11-16T14:28:16.939697+00:00
[2022-11-16T14:28:16.987+0000] {processor.py:176} INFO - Processing /home/airflow/.local/lib/python3.7/site-packages/airflow/example_dags/example_short_circuit_decorator.py took 0.270 seconds
[2022-11-16T14:28:47.340+0000] {processor.py:154} INFO - Started process (PID=376) to work on /home/airflow/.local/lib/python3.7/site-packages/airflow/example_dags/example_short_circuit_decorator.py
[2022-11-16T14:28:47.344+0000] {processor.py:756} INFO - Processing file /home/airflow/.local/lib/python3.7/site-packages/airflow/example_dags/example_short_circuit_decorator.py for tasks to queue
[2022-11-16T14:28:47.345+0000] {logging_mixin.py:137} INFO - [2022-11-16T14:28:47.345+0000] {dagbag.py:537} INFO - Filling up the DagBag from /home/airflow/.local/lib/python3.7/site-packages/airflow/example_dags/example_short_circuit_decorator.py
[2022-11-16T14:28:47.417+0000] {processor.py:766} INFO - DAG(s) dict_keys(['example_short_circuit_decorator']) retrieved from /home/airflow/.local/lib/python3.7/site-packages/airflow/example_dags/example_short_circuit_decorator.py
[2022-11-16T14:28:47.516+0000] {logging_mixin.py:137} INFO - [2022-11-16T14:28:47.516+0000] {dag.py:2585} INFO - Sync 1 DAGs
[2022-11-16T14:28:47.587+0000] {logging_mixin.py:137} INFO - [2022-11-16T14:28:47.587+0000] {dag.py:3340} INFO - Setting next_dagrun for example_short_circuit_decorator to 2022-11-15T14:28:47.585965+00:00, run_after=2022-11-16T14:28:47.585965+00:00
[2022-11-16T14:28:47.635+0000] {processor.py:176} INFO - Processing /home/airflow/.local/lib/python3.7/site-packages/airflow/example_dags/example_short_circuit_decorator.py took 0.314 seconds
[2022-11-16T14:29:18.464+0000] {processor.py:154} INFO - Started process (PID=581) to work on /home/airflow/.local/lib/python3.7/site-packages/airflow/example_dags/example_short_circuit_decorator.py
[2022-11-16T14:29:18.467+0000] {processor.py:756} INFO - Processing file /home/airflow/.local/lib/python3.7/site-packages/airflow/example_dags/example_short_circuit_decorator.py for tasks to queue
[2022-11-16T14:29:18.468+0000] {logging_mixin.py:137} INFO - [2022-11-16T14:29:18.468+0000] {dagbag.py:537} INFO - Filling up the DagBag from /home/airflow/.local/lib/python3.7/site-packages/airflow/example_dags/example_short_circuit_decorator.py
[2022-11-16T14:29:18.619+0000] {processor.py:766} INFO - DAG(s) dict_keys(['example_short_circuit_decorator']) retrieved from /home/airflow/.local/lib/python3.7/site-packages/airflow/example_dags/example_short_circuit_decorator.py
[2022-11-16T14:29:19.318+0000] {logging_mixin.py:137} INFO - [2022-11-16T14:29:19.318+0000] {dag.py:2585} INFO - Sync 1 DAGs
[2022-11-16T14:29:19.493+0000] {logging_mixin.py:137} INFO - [2022-11-16T14:29:19.493+0000] {dag.py:3340} INFO - Setting next_dagrun for example_short_circuit_decorator to 2022-11-15T14:29:19.487754+00:00, run_after=2022-11-16T14:29:19.487754+00:00
[2022-11-16T14:29:19.542+0000] {processor.py:176} INFO - Processing /home/airflow/.local/lib/python3.7/site-packages/airflow/example_dags/example_short_circuit_decorator.py took 1.086 seconds
[2022-11-16T14:29:49.738+0000] {processor.py:154} INFO - Started process (PID=782) to work on /home/airflow/.local/lib/python3.7/site-packages/airflow/example_dags/example_short_circuit_decorator.py
[2022-11-16T14:29:49.740+0000] {processor.py:756} INFO - Processing file /home/airflow/.local/lib/python3.7/site-packages/airflow/example_dags/example_short_circuit_decorator.py for tasks to queue
[2022-11-16T14:29:49.740+0000] {logging_mixin.py:137} INFO - [2022-11-16T14:29:49.740+0000] {dagbag.py:537} INFO - Filling up the DagBag from /home/airflow/.local/lib/python3.7/site-packages/airflow/example_dags/example_short_circuit_decorator.py
[2022-11-16T14:29:49.780+0000] {processor.py:766} INFO - DAG(s) dict_keys(['example_short_circuit_decorator']) retrieved from /home/airflow/.local/lib/python3.7/site-packages/airflow/example_dags/example_short_circuit_decorator.py
[2022-11-16T14:29:49.849+0000] {logging_mixin.py:137} INFO - [2022-11-16T14:29:49.848+0000] {dag.py:2585} INFO - Sync 1 DAGs
[2022-11-16T14:29:49.891+0000] {logging_mixin.py:137} INFO - [2022-11-16T14:29:49.891+0000] {dag.py:3340} INFO - Setting next_dagrun for example_short_circuit_decorator to 2022-11-15T14:29:49.891414+00:00, run_after=2022-11-16T14:29:49.891414+00:00
[2022-11-16T14:29:49.923+0000] {processor.py:176} INFO - Processing /home/airflow/.local/lib/python3.7/site-packages/airflow/example_dags/example_short_circuit_decorator.py took 0.189 seconds
[2022-11-16T14:30:20.811+0000] {processor.py:154} INFO - Started process (PID=979) to work on /home/airflow/.local/lib/python3.7/site-packages/airflow/example_dags/example_short_circuit_decorator.py
[2022-11-16T14:30:20.813+0000] {processor.py:756} INFO - Processing file /home/airflow/.local/lib/python3.7/site-packages/airflow/example_dags/example_short_circuit_decorator.py for tasks to queue
[2022-11-16T14:30:20.814+0000] {logging_mixin.py:137} INFO - [2022-11-16T14:30:20.814+0000] {dagbag.py:537} INFO - Filling up the DagBag from /home/airflow/.local/lib/python3.7/site-packages/airflow/example_dags/example_short_circuit_decorator.py
[2022-11-16T14:30:20.885+0000] {processor.py:766} INFO - DAG(s) dict_keys(['example_short_circuit_decorator']) retrieved from /home/airflow/.local/lib/python3.7/site-packages/airflow/example_dags/example_short_circuit_decorator.py
[2022-11-16T14:30:20.978+0000] {logging_mixin.py:137} INFO - [2022-11-16T14:30:20.978+0000] {dag.py:2585} INFO - Sync 1 DAGs
[2022-11-16T14:30:21.032+0000] {logging_mixin.py:137} INFO - [2022-11-16T14:30:21.032+0000] {dag.py:3340} INFO - Setting next_dagrun for example_short_circuit_decorator to 2022-11-15T14:30:21.032296+00:00, run_after=2022-11-16T14:30:21.032296+00:00
[2022-11-16T14:30:21.082+0000] {processor.py:176} INFO - Processing /home/airflow/.local/lib/python3.7/site-packages/airflow/example_dags/example_short_circuit_decorator.py took 0.283 seconds
[2022-11-16T14:30:51.634+0000] {processor.py:154} INFO - Started process (PID=1185) to work on /home/airflow/.local/lib/python3.7/site-packages/airflow/example_dags/example_short_circuit_decorator.py
[2022-11-16T14:30:51.635+0000] {processor.py:756} INFO - Processing file /home/airflow/.local/lib/python3.7/site-packages/airflow/example_dags/example_short_circuit_decorator.py for tasks to queue
[2022-11-16T14:30:51.635+0000] {logging_mixin.py:137} INFO - [2022-11-16T14:30:51.635+0000] {dagbag.py:537} INFO - Filling up the DagBag from /home/airflow/.local/lib/python3.7/site-packages/airflow/example_dags/example_short_circuit_decorator.py
[2022-11-16T14:30:51.675+0000] {processor.py:766} INFO - DAG(s) dict_keys(['example_short_circuit_decorator']) retrieved from /home/airflow/.local/lib/python3.7/site-packages/airflow/example_dags/example_short_circuit_decorator.py
[2022-11-16T14:30:51.738+0000] {logging_mixin.py:137} INFO - [2022-11-16T14:30:51.737+0000] {dag.py:2585} INFO - Sync 1 DAGs
[2022-11-16T14:30:51.778+0000] {logging_mixin.py:137} INFO - [2022-11-16T14:30:51.778+0000] {dag.py:3340} INFO - Setting next_dagrun for example_short_circuit_decorator to 2022-11-15T14:30:51.778447+00:00, run_after=2022-11-16T14:30:51.778447+00:00
[2022-11-16T14:30:51.807+0000] {processor.py:176} INFO - Processing /home/airflow/.local/lib/python3.7/site-packages/airflow/example_dags/example_short_circuit_decorator.py took 0.177 seconds
[2022-11-16T14:31:21.965+0000] {processor.py:154} INFO - Started process (PID=1382) to work on /home/airflow/.local/lib/python3.7/site-packages/airflow/example_dags/example_short_circuit_decorator.py
[2022-11-16T14:31:21.966+0000] {processor.py:756} INFO - Processing file /home/airflow/.local/lib/python3.7/site-packages/airflow/example_dags/example_short_circuit_decorator.py for tasks to queue
[2022-11-16T14:31:21.967+0000] {logging_mixin.py:137} INFO - [2022-11-16T14:31:21.967+0000] {dagbag.py:537} INFO - Filling up the DagBag from /home/airflow/.local/lib/python3.7/site-packages/airflow/example_dags/example_short_circuit_decorator.py
[2022-11-16T14:31:22.016+0000] {processor.py:766} INFO - DAG(s) dict_keys(['example_short_circuit_decorator']) retrieved from /home/airflow/.local/lib/python3.7/site-packages/airflow/example_dags/example_short_circuit_decorator.py
[2022-11-16T14:31:22.088+0000] {logging_mixin.py:137} INFO - [2022-11-16T14:31:22.088+0000] {dag.py:2585} INFO - Sync 1 DAGs
[2022-11-16T14:31:22.142+0000] {logging_mixin.py:137} INFO - [2022-11-16T14:31:22.141+0000] {dag.py:3340} INFO - Setting next_dagrun for example_short_circuit_decorator to 2022-11-15T14:31:22.141393+00:00, run_after=2022-11-16T14:31:22.141393+00:00
[2022-11-16T14:31:22.179+0000] {processor.py:176} INFO - Processing /home/airflow/.local/lib/python3.7/site-packages/airflow/example_dags/example_short_circuit_decorator.py took 0.219 seconds
[2022-11-16T14:31:52.946+0000] {processor.py:154} INFO - Started process (PID=1589) to work on /home/airflow/.local/lib/python3.7/site-packages/airflow/example_dags/example_short_circuit_decorator.py
[2022-11-16T14:31:52.947+0000] {processor.py:756} INFO - Processing file /home/airflow/.local/lib/python3.7/site-packages/airflow/example_dags/example_short_circuit_decorator.py for tasks to queue
[2022-11-16T14:31:52.948+0000] {logging_mixin.py:137} INFO - [2022-11-16T14:31:52.947+0000] {dagbag.py:537} INFO - Filling up the DagBag from /home/airflow/.local/lib/python3.7/site-packages/airflow/example_dags/example_short_circuit_decorator.py
[2022-11-16T14:31:52.986+0000] {processor.py:766} INFO - DAG(s) dict_keys(['example_short_circuit_decorator']) retrieved from /home/airflow/.local/lib/python3.7/site-packages/airflow/example_dags/example_short_circuit_decorator.py
[2022-11-16T14:31:53.043+0000] {logging_mixin.py:137} INFO - [2022-11-16T14:31:53.043+0000] {dag.py:2585} INFO - Sync 1 DAGs
[2022-11-16T14:31:53.085+0000] {logging_mixin.py:137} INFO - [2022-11-16T14:31:53.084+0000] {dag.py:3340} INFO - Setting next_dagrun for example_short_circuit_decorator to 2022-11-15T14:31:53.084512+00:00, run_after=2022-11-16T14:31:53.084512+00:00
[2022-11-16T14:31:53.116+0000] {processor.py:176} INFO - Processing /home/airflow/.local/lib/python3.7/site-packages/airflow/example_dags/example_short_circuit_decorator.py took 0.175 seconds
[2022-11-16T14:32:23.233+0000] {processor.py:154} INFO - Started process (PID=1786) to work on /home/airflow/.local/lib/python3.7/site-packages/airflow/example_dags/example_short_circuit_decorator.py
[2022-11-16T14:32:23.234+0000] {processor.py:756} INFO - Processing file /home/airflow/.local/lib/python3.7/site-packages/airflow/example_dags/example_short_circuit_decorator.py for tasks to queue
[2022-11-16T14:32:23.236+0000] {logging_mixin.py:137} INFO - [2022-11-16T14:32:23.235+0000] {dagbag.py:537} INFO - Filling up the DagBag from /home/airflow/.local/lib/python3.7/site-packages/airflow/example_dags/example_short_circuit_decorator.py
[2022-11-16T14:32:23.299+0000] {processor.py:766} INFO - DAG(s) dict_keys(['example_short_circuit_decorator']) retrieved from /home/airflow/.local/lib/python3.7/site-packages/airflow/example_dags/example_short_circuit_decorator.py
[2022-11-16T14:32:23.387+0000] {logging_mixin.py:137} INFO - [2022-11-16T14:32:23.386+0000] {dag.py:2585} INFO - Sync 1 DAGs
[2022-11-16T14:32:23.443+0000] {logging_mixin.py:137} INFO - [2022-11-16T14:32:23.442+0000] {dag.py:3340} INFO - Setting next_dagrun for example_short_circuit_decorator to 2022-11-15T14:32:23.441969+00:00, run_after=2022-11-16T14:32:23.441969+00:00
[2022-11-16T14:32:23.479+0000] {processor.py:176} INFO - Processing /home/airflow/.local/lib/python3.7/site-packages/airflow/example_dags/example_short_circuit_decorator.py took 0.251 seconds
[2022-11-16T14:32:53.610+0000] {processor.py:154} INFO - Started process (PID=1992) to work on /home/airflow/.local/lib/python3.7/site-packages/airflow/example_dags/example_short_circuit_decorator.py
[2022-11-16T14:32:53.611+0000] {processor.py:756} INFO - Processing file /home/airflow/.local/lib/python3.7/site-packages/airflow/example_dags/example_short_circuit_decorator.py for tasks to queue
[2022-11-16T14:32:53.613+0000] {logging_mixin.py:137} INFO - [2022-11-16T14:32:53.612+0000] {dagbag.py:537} INFO - Filling up the DagBag from /home/airflow/.local/lib/python3.7/site-packages/airflow/example_dags/example_short_circuit_decorator.py
[2022-11-16T14:32:53.679+0000] {processor.py:766} INFO - DAG(s) dict_keys(['example_short_circuit_decorator']) retrieved from /home/airflow/.local/lib/python3.7/site-packages/airflow/example_dags/example_short_circuit_decorator.py
[2022-11-16T14:32:53.788+0000] {logging_mixin.py:137} INFO - [2022-11-16T14:32:53.788+0000] {dag.py:2585} INFO - Sync 1 DAGs
[2022-11-16T14:32:53.849+0000] {logging_mixin.py:137} INFO - [2022-11-16T14:32:53.848+0000] {dag.py:3340} INFO - Setting next_dagrun for example_short_circuit_decorator to 2022-11-15T14:32:53.848292+00:00, run_after=2022-11-16T14:32:53.848292+00:00
[2022-11-16T14:32:53.893+0000] {processor.py:176} INFO - Processing /home/airflow/.local/lib/python3.7/site-packages/airflow/example_dags/example_short_circuit_decorator.py took 0.290 seconds
[2022-11-16T14:33:24.349+0000] {processor.py:154} INFO - Started process (PID=2190) to work on /home/airflow/.local/lib/python3.7/site-packages/airflow/example_dags/example_short_circuit_decorator.py
[2022-11-16T14:33:24.350+0000] {processor.py:756} INFO - Processing file /home/airflow/.local/lib/python3.7/site-packages/airflow/example_dags/example_short_circuit_decorator.py for tasks to queue
[2022-11-16T14:33:24.351+0000] {logging_mixin.py:137} INFO - [2022-11-16T14:33:24.351+0000] {dagbag.py:537} INFO - Filling up the DagBag from /home/airflow/.local/lib/python3.7/site-packages/airflow/example_dags/example_short_circuit_decorator.py
[2022-11-16T14:33:24.396+0000] {processor.py:766} INFO - DAG(s) dict_keys(['example_short_circuit_decorator']) retrieved from /home/airflow/.local/lib/python3.7/site-packages/airflow/example_dags/example_short_circuit_decorator.py
[2022-11-16T14:33:24.467+0000] {logging_mixin.py:137} INFO - [2022-11-16T14:33:24.467+0000] {dag.py:2585} INFO - Sync 1 DAGs
[2022-11-16T14:33:24.524+0000] {logging_mixin.py:137} INFO - [2022-11-16T14:33:24.523+0000] {dag.py:3340} INFO - Setting next_dagrun for example_short_circuit_decorator to 2022-11-15T14:33:24.523352+00:00, run_after=2022-11-16T14:33:24.523352+00:00
[2022-11-16T14:33:24.556+0000] {processor.py:176} INFO - Processing /home/airflow/.local/lib/python3.7/site-packages/airflow/example_dags/example_short_circuit_decorator.py took 0.211 seconds
[2022-11-16T14:33:54.693+0000] {processor.py:154} INFO - Started process (PID=2387) to work on /home/airflow/.local/lib/python3.7/site-packages/airflow/example_dags/example_short_circuit_decorator.py
[2022-11-16T14:33:54.694+0000] {processor.py:756} INFO - Processing file /home/airflow/.local/lib/python3.7/site-packages/airflow/example_dags/example_short_circuit_decorator.py for tasks to queue
[2022-11-16T14:33:54.695+0000] {logging_mixin.py:137} INFO - [2022-11-16T14:33:54.695+0000] {dagbag.py:537} INFO - Filling up the DagBag from /home/airflow/.local/lib/python3.7/site-packages/airflow/example_dags/example_short_circuit_decorator.py
[2022-11-16T14:33:54.765+0000] {processor.py:766} INFO - DAG(s) dict_keys(['example_short_circuit_decorator']) retrieved from /home/airflow/.local/lib/python3.7/site-packages/airflow/example_dags/example_short_circuit_decorator.py
[2022-11-16T14:33:54.884+0000] {logging_mixin.py:137} INFO - [2022-11-16T14:33:54.883+0000] {dag.py:2585} INFO - Sync 1 DAGs
[2022-11-16T14:33:54.952+0000] {logging_mixin.py:137} INFO - [2022-11-16T14:33:54.952+0000] {dag.py:3340} INFO - Setting next_dagrun for example_short_circuit_decorator to 2022-11-15T14:33:54.951327+00:00, run_after=2022-11-16T14:33:54.951327+00:00
[2022-11-16T14:33:55.057+0000] {processor.py:176} INFO - Processing /home/airflow/.local/lib/python3.7/site-packages/airflow/example_dags/example_short_circuit_decorator.py took 0.370 seconds
[2022-11-16T14:34:25.577+0000] {processor.py:154} INFO - Started process (PID=2612) to work on /home/airflow/.local/lib/python3.7/site-packages/airflow/example_dags/example_short_circuit_decorator.py
[2022-11-16T14:34:25.578+0000] {processor.py:756} INFO - Processing file /home/airflow/.local/lib/python3.7/site-packages/airflow/example_dags/example_short_circuit_decorator.py for tasks to queue
[2022-11-16T14:34:25.579+0000] {logging_mixin.py:137} INFO - [2022-11-16T14:34:25.579+0000] {dagbag.py:537} INFO - Filling up the DagBag from /home/airflow/.local/lib/python3.7/site-packages/airflow/example_dags/example_short_circuit_decorator.py
[2022-11-16T14:34:25.611+0000] {processor.py:766} INFO - DAG(s) dict_keys(['example_short_circuit_decorator']) retrieved from /home/airflow/.local/lib/python3.7/site-packages/airflow/example_dags/example_short_circuit_decorator.py
[2022-11-16T14:34:25.677+0000] {logging_mixin.py:137} INFO - [2022-11-16T14:34:25.677+0000] {dag.py:2585} INFO - Sync 1 DAGs
[2022-11-16T14:34:25.721+0000] {logging_mixin.py:137} INFO - [2022-11-16T14:34:25.721+0000] {dag.py:3340} INFO - Setting next_dagrun for example_short_circuit_decorator to 2022-11-15T14:34:25.721440+00:00, run_after=2022-11-16T14:34:25.721440+00:00
[2022-11-16T14:34:25.749+0000] {processor.py:176} INFO - Processing /home/airflow/.local/lib/python3.7/site-packages/airflow/example_dags/example_short_circuit_decorator.py took 0.175 seconds
[2022-11-16T14:34:56.322+0000] {processor.py:154} INFO - Started process (PID=2810) to work on /home/airflow/.local/lib/python3.7/site-packages/airflow/example_dags/example_short_circuit_decorator.py
[2022-11-16T14:34:56.323+0000] {processor.py:756} INFO - Processing file /home/airflow/.local/lib/python3.7/site-packages/airflow/example_dags/example_short_circuit_decorator.py for tasks to queue
[2022-11-16T14:34:56.324+0000] {logging_mixin.py:137} INFO - [2022-11-16T14:34:56.324+0000] {dagbag.py:537} INFO - Filling up the DagBag from /home/airflow/.local/lib/python3.7/site-packages/airflow/example_dags/example_short_circuit_decorator.py
[2022-11-16T14:34:56.373+0000] {processor.py:766} INFO - DAG(s) dict_keys(['example_short_circuit_decorator']) retrieved from /home/airflow/.local/lib/python3.7/site-packages/airflow/example_dags/example_short_circuit_decorator.py
[2022-11-16T14:34:56.458+0000] {logging_mixin.py:137} INFO - [2022-11-16T14:34:56.458+0000] {dag.py:2585} INFO - Sync 1 DAGs
[2022-11-16T14:34:56.504+0000] {logging_mixin.py:137} INFO - [2022-11-16T14:34:56.504+0000] {dag.py:3340} INFO - Setting next_dagrun for example_short_circuit_decorator to 2022-11-15T14:34:56.503878+00:00, run_after=2022-11-16T14:34:56.503878+00:00
[2022-11-16T14:34:56.539+0000] {processor.py:176} INFO - Processing /home/airflow/.local/lib/python3.7/site-packages/airflow/example_dags/example_short_circuit_decorator.py took 0.221 seconds
[2022-11-16T14:35:26.639+0000] {processor.py:154} INFO - Started process (PID=3006) to work on /home/airflow/.local/lib/python3.7/site-packages/airflow/example_dags/example_short_circuit_decorator.py
[2022-11-16T14:35:26.643+0000] {processor.py:756} INFO - Processing file /home/airflow/.local/lib/python3.7/site-packages/airflow/example_dags/example_short_circuit_decorator.py for tasks to queue
[2022-11-16T14:35:26.644+0000] {logging_mixin.py:137} INFO - [2022-11-16T14:35:26.644+0000] {dagbag.py:537} INFO - Filling up the DagBag from /home/airflow/.local/lib/python3.7/site-packages/airflow/example_dags/example_short_circuit_decorator.py
[2022-11-16T14:35:26.710+0000] {processor.py:766} INFO - DAG(s) dict_keys(['example_short_circuit_decorator']) retrieved from /home/airflow/.local/lib/python3.7/site-packages/airflow/example_dags/example_short_circuit_decorator.py
[2022-11-16T14:35:26.845+0000] {logging_mixin.py:137} INFO - [2022-11-16T14:35:26.845+0000] {dag.py:2585} INFO - Sync 1 DAGs
[2022-11-16T14:35:26.911+0000] {logging_mixin.py:137} INFO - [2022-11-16T14:35:26.910+0000] {dag.py:3340} INFO - Setting next_dagrun for example_short_circuit_decorator to 2022-11-15T14:35:26.909754+00:00, run_after=2022-11-16T14:35:26.909754+00:00
[2022-11-16T14:35:26.960+0000] {processor.py:176} INFO - Processing /home/airflow/.local/lib/python3.7/site-packages/airflow/example_dags/example_short_circuit_decorator.py took 0.325 seconds
[2022-11-16T14:35:57.823+0000] {processor.py:154} INFO - Started process (PID=3211) to work on /home/airflow/.local/lib/python3.7/site-packages/airflow/example_dags/example_short_circuit_decorator.py
[2022-11-16T14:35:57.825+0000] {processor.py:756} INFO - Processing file /home/airflow/.local/lib/python3.7/site-packages/airflow/example_dags/example_short_circuit_decorator.py for tasks to queue
[2022-11-16T14:35:57.827+0000] {logging_mixin.py:137} INFO - [2022-11-16T14:35:57.826+0000] {dagbag.py:537} INFO - Filling up the DagBag from /home/airflow/.local/lib/python3.7/site-packages/airflow/example_dags/example_short_circuit_decorator.py
[2022-11-16T14:35:57.875+0000] {processor.py:766} INFO - DAG(s) dict_keys(['example_short_circuit_decorator']) retrieved from /home/airflow/.local/lib/python3.7/site-packages/airflow/example_dags/example_short_circuit_decorator.py
[2022-11-16T14:35:57.954+0000] {logging_mixin.py:137} INFO - [2022-11-16T14:35:57.953+0000] {dag.py:2585} INFO - Sync 1 DAGs
[2022-11-16T14:35:58.003+0000] {logging_mixin.py:137} INFO - [2022-11-16T14:35:58.003+0000] {dag.py:3340} INFO - Setting next_dagrun for example_short_circuit_decorator to 2022-11-15T14:35:58.002930+00:00, run_after=2022-11-16T14:35:58.002930+00:00
[2022-11-16T14:35:58.046+0000] {processor.py:176} INFO - Processing /home/airflow/.local/lib/python3.7/site-packages/airflow/example_dags/example_short_circuit_decorator.py took 0.227 seconds
[2022-11-16T14:36:28.779+0000] {processor.py:154} INFO - Started process (PID=3408) to work on /home/airflow/.local/lib/python3.7/site-packages/airflow/example_dags/example_short_circuit_decorator.py
[2022-11-16T14:36:28.780+0000] {processor.py:756} INFO - Processing file /home/airflow/.local/lib/python3.7/site-packages/airflow/example_dags/example_short_circuit_decorator.py for tasks to queue
[2022-11-16T14:36:28.780+0000] {logging_mixin.py:137} INFO - [2022-11-16T14:36:28.780+0000] {dagbag.py:537} INFO - Filling up the DagBag from /home/airflow/.local/lib/python3.7/site-packages/airflow/example_dags/example_short_circuit_decorator.py
[2022-11-16T14:36:28.813+0000] {processor.py:766} INFO - DAG(s) dict_keys(['example_short_circuit_decorator']) retrieved from /home/airflow/.local/lib/python3.7/site-packages/airflow/example_dags/example_short_circuit_decorator.py
[2022-11-16T14:36:28.871+0000] {logging_mixin.py:137} INFO - [2022-11-16T14:36:28.871+0000] {dag.py:2585} INFO - Sync 1 DAGs
[2022-11-16T14:36:28.911+0000] {logging_mixin.py:137} INFO - [2022-11-16T14:36:28.910+0000] {dag.py:3340} INFO - Setting next_dagrun for example_short_circuit_decorator to 2022-11-15T14:36:28.910386+00:00, run_after=2022-11-16T14:36:28.910386+00:00
[2022-11-16T14:36:28.945+0000] {processor.py:176} INFO - Processing /home/airflow/.local/lib/python3.7/site-packages/airflow/example_dags/example_short_circuit_decorator.py took 0.171 seconds
[2022-11-16T14:36:59.213+0000] {processor.py:154} INFO - Started process (PID=3612) to work on /home/airflow/.local/lib/python3.7/site-packages/airflow/example_dags/example_short_circuit_decorator.py
[2022-11-16T14:36:59.214+0000] {processor.py:756} INFO - Processing file /home/airflow/.local/lib/python3.7/site-packages/airflow/example_dags/example_short_circuit_decorator.py for tasks to queue
[2022-11-16T14:36:59.215+0000] {logging_mixin.py:137} INFO - [2022-11-16T14:36:59.215+0000] {dagbag.py:537} INFO - Filling up the DagBag from /home/airflow/.local/lib/python3.7/site-packages/airflow/example_dags/example_short_circuit_decorator.py
[2022-11-16T14:36:59.296+0000] {processor.py:766} INFO - DAG(s) dict_keys(['example_short_circuit_decorator']) retrieved from /home/airflow/.local/lib/python3.7/site-packages/airflow/example_dags/example_short_circuit_decorator.py
[2022-11-16T14:36:59.408+0000] {logging_mixin.py:137} INFO - [2022-11-16T14:36:59.408+0000] {dag.py:2585} INFO - Sync 1 DAGs
[2022-11-16T14:36:59.490+0000] {logging_mixin.py:137} INFO - [2022-11-16T14:36:59.490+0000] {dag.py:3340} INFO - Setting next_dagrun for example_short_circuit_decorator to 2022-11-15T14:36:59.490029+00:00, run_after=2022-11-16T14:36:59.490029+00:00
[2022-11-16T14:36:59.552+0000] {processor.py:176} INFO - Processing /home/airflow/.local/lib/python3.7/site-packages/airflow/example_dags/example_short_circuit_decorator.py took 0.349 seconds
[2022-11-16T14:37:29.857+0000] {processor.py:154} INFO - Started process (PID=3812) to work on /home/airflow/.local/lib/python3.7/site-packages/airflow/example_dags/example_short_circuit_decorator.py
[2022-11-16T14:37:29.858+0000] {processor.py:756} INFO - Processing file /home/airflow/.local/lib/python3.7/site-packages/airflow/example_dags/example_short_circuit_decorator.py for tasks to queue
[2022-11-16T14:37:29.859+0000] {logging_mixin.py:137} INFO - [2022-11-16T14:37:29.859+0000] {dagbag.py:537} INFO - Filling up the DagBag from /home/airflow/.local/lib/python3.7/site-packages/airflow/example_dags/example_short_circuit_decorator.py
[2022-11-16T14:37:29.910+0000] {processor.py:766} INFO - DAG(s) dict_keys(['example_short_circuit_decorator']) retrieved from /home/airflow/.local/lib/python3.7/site-packages/airflow/example_dags/example_short_circuit_decorator.py
[2022-11-16T14:37:30.008+0000] {logging_mixin.py:137} INFO - [2022-11-16T14:37:30.008+0000] {dag.py:2585} INFO - Sync 1 DAGs
[2022-11-16T14:37:30.078+0000] {logging_mixin.py:137} INFO - [2022-11-16T14:37:30.078+0000] {dag.py:3340} INFO - Setting next_dagrun for example_short_circuit_decorator to 2022-11-15T14:37:30.078122+00:00, run_after=2022-11-16T14:37:30.078122+00:00
[2022-11-16T14:37:30.121+0000] {processor.py:176} INFO - Processing /home/airflow/.local/lib/python3.7/site-packages/airflow/example_dags/example_short_circuit_decorator.py took 0.271 seconds
[2022-11-16T14:38:00.971+0000] {processor.py:154} INFO - Started process (PID=4010) to work on /home/airflow/.local/lib/python3.7/site-packages/airflow/example_dags/example_short_circuit_decorator.py
[2022-11-16T14:38:00.973+0000] {processor.py:756} INFO - Processing file /home/airflow/.local/lib/python3.7/site-packages/airflow/example_dags/example_short_circuit_decorator.py for tasks to queue
[2022-11-16T14:38:00.975+0000] {logging_mixin.py:137} INFO - [2022-11-16T14:38:00.975+0000] {dagbag.py:537} INFO - Filling up the DagBag from /home/airflow/.local/lib/python3.7/site-packages/airflow/example_dags/example_short_circuit_decorator.py
[2022-11-16T14:38:01.026+0000] {processor.py:766} INFO - DAG(s) dict_keys(['example_short_circuit_decorator']) retrieved from /home/airflow/.local/lib/python3.7/site-packages/airflow/example_dags/example_short_circuit_decorator.py
[2022-11-16T14:38:01.098+0000] {logging_mixin.py:137} INFO - [2022-11-16T14:38:01.098+0000] {dag.py:2585} INFO - Sync 1 DAGs
[2022-11-16T14:38:01.146+0000] {logging_mixin.py:137} INFO - [2022-11-16T14:38:01.145+0000] {dag.py:3340} INFO - Setting next_dagrun for example_short_circuit_decorator to 2022-11-15T14:38:01.145501+00:00, run_after=2022-11-16T14:38:01.145501+00:00
[2022-11-16T14:38:01.187+0000] {processor.py:176} INFO - Processing /home/airflow/.local/lib/python3.7/site-packages/airflow/example_dags/example_short_circuit_decorator.py took 0.220 seconds
[2022-11-16T14:38:31.498+0000] {processor.py:154} INFO - Started process (PID=4217) to work on /home/airflow/.local/lib/python3.7/site-packages/airflow/example_dags/example_short_circuit_decorator.py
[2022-11-16T14:38:31.499+0000] {processor.py:756} INFO - Processing file /home/airflow/.local/lib/python3.7/site-packages/airflow/example_dags/example_short_circuit_decorator.py for tasks to queue
[2022-11-16T14:38:31.500+0000] {logging_mixin.py:137} INFO - [2022-11-16T14:38:31.500+0000] {dagbag.py:537} INFO - Filling up the DagBag from /home/airflow/.local/lib/python3.7/site-packages/airflow/example_dags/example_short_circuit_decorator.py
[2022-11-16T14:38:31.542+0000] {processor.py:766} INFO - DAG(s) dict_keys(['example_short_circuit_decorator']) retrieved from /home/airflow/.local/lib/python3.7/site-packages/airflow/example_dags/example_short_circuit_decorator.py
[2022-11-16T14:38:31.612+0000] {logging_mixin.py:137} INFO - [2022-11-16T14:38:31.612+0000] {dag.py:2585} INFO - Sync 1 DAGs
[2022-11-16T14:38:31.660+0000] {logging_mixin.py:137} INFO - [2022-11-16T14:38:31.660+0000] {dag.py:3340} INFO - Setting next_dagrun for example_short_circuit_decorator to 2022-11-15T14:38:31.660037+00:00, run_after=2022-11-16T14:38:31.660037+00:00
[2022-11-16T14:38:31.695+0000] {processor.py:176} INFO - Processing /home/airflow/.local/lib/python3.7/site-packages/airflow/example_dags/example_short_circuit_decorator.py took 0.203 seconds
[2022-11-16T14:39:02.286+0000] {processor.py:154} INFO - Started process (PID=4415) to work on /home/airflow/.local/lib/python3.7/site-packages/airflow/example_dags/example_short_circuit_decorator.py
[2022-11-16T14:39:02.287+0000] {processor.py:756} INFO - Processing file /home/airflow/.local/lib/python3.7/site-packages/airflow/example_dags/example_short_circuit_decorator.py for tasks to queue
[2022-11-16T14:39:02.289+0000] {logging_mixin.py:137} INFO - [2022-11-16T14:39:02.288+0000] {dagbag.py:537} INFO - Filling up the DagBag from /home/airflow/.local/lib/python3.7/site-packages/airflow/example_dags/example_short_circuit_decorator.py
[2022-11-16T14:39:02.346+0000] {processor.py:766} INFO - DAG(s) dict_keys(['example_short_circuit_decorator']) retrieved from /home/airflow/.local/lib/python3.7/site-packages/airflow/example_dags/example_short_circuit_decorator.py
[2022-11-16T14:39:02.427+0000] {logging_mixin.py:137} INFO - [2022-11-16T14:39:02.427+0000] {dag.py:2585} INFO - Sync 1 DAGs
[2022-11-16T14:39:02.479+0000] {logging_mixin.py:137} INFO - [2022-11-16T14:39:02.479+0000] {dag.py:3340} INFO - Setting next_dagrun for example_short_circuit_decorator to 2022-11-15T14:39:02.479006+00:00, run_after=2022-11-16T14:39:02.479006+00:00
[2022-11-16T14:39:02.513+0000] {processor.py:176} INFO - Processing /home/airflow/.local/lib/python3.7/site-packages/airflow/example_dags/example_short_circuit_decorator.py took 0.232 seconds
[2022-11-16T14:39:33.302+0000] {processor.py:154} INFO - Started process (PID=4623) to work on /home/airflow/.local/lib/python3.7/site-packages/airflow/example_dags/example_short_circuit_decorator.py
[2022-11-16T14:39:33.303+0000] {processor.py:756} INFO - Processing file /home/airflow/.local/lib/python3.7/site-packages/airflow/example_dags/example_short_circuit_decorator.py for tasks to queue
[2022-11-16T14:39:33.304+0000] {logging_mixin.py:137} INFO - [2022-11-16T14:39:33.304+0000] {dagbag.py:537} INFO - Filling up the DagBag from /home/airflow/.local/lib/python3.7/site-packages/airflow/example_dags/example_short_circuit_decorator.py
[2022-11-16T14:39:33.380+0000] {processor.py:766} INFO - DAG(s) dict_keys(['example_short_circuit_decorator']) retrieved from /home/airflow/.local/lib/python3.7/site-packages/airflow/example_dags/example_short_circuit_decorator.py
[2022-11-16T14:39:33.479+0000] {logging_mixin.py:137} INFO - [2022-11-16T14:39:33.479+0000] {dag.py:2585} INFO - Sync 1 DAGs
[2022-11-16T14:39:33.539+0000] {logging_mixin.py:137} INFO - [2022-11-16T14:39:33.539+0000] {dag.py:3340} INFO - Setting next_dagrun for example_short_circuit_decorator to 2022-11-15T14:39:33.539044+00:00, run_after=2022-11-16T14:39:33.539044+00:00
[2022-11-16T14:39:33.593+0000] {processor.py:176} INFO - Processing /home/airflow/.local/lib/python3.7/site-packages/airflow/example_dags/example_short_circuit_decorator.py took 0.301 seconds
[2022-11-16T14:40:03.915+0000] {processor.py:154} INFO - Started process (PID=4821) to work on /home/airflow/.local/lib/python3.7/site-packages/airflow/example_dags/example_short_circuit_decorator.py
[2022-11-16T14:40:03.916+0000] {processor.py:756} INFO - Processing file /home/airflow/.local/lib/python3.7/site-packages/airflow/example_dags/example_short_circuit_decorator.py for tasks to queue
[2022-11-16T14:40:03.917+0000] {logging_mixin.py:137} INFO - [2022-11-16T14:40:03.917+0000] {dagbag.py:537} INFO - Filling up the DagBag from /home/airflow/.local/lib/python3.7/site-packages/airflow/example_dags/example_short_circuit_decorator.py
[2022-11-16T14:40:03.959+0000] {processor.py:766} INFO - DAG(s) dict_keys(['example_short_circuit_decorator']) retrieved from /home/airflow/.local/lib/python3.7/site-packages/airflow/example_dags/example_short_circuit_decorator.py
[2022-11-16T14:40:04.025+0000] {logging_mixin.py:137} INFO - [2022-11-16T14:40:04.025+0000] {dag.py:2585} INFO - Sync 1 DAGs
[2022-11-16T14:40:04.075+0000] {logging_mixin.py:137} INFO - [2022-11-16T14:40:04.074+0000] {dag.py:3340} INFO - Setting next_dagrun for example_short_circuit_decorator to 2022-11-15T14:40:04.074529+00:00, run_after=2022-11-16T14:40:04.074529+00:00
[2022-11-16T14:40:04.109+0000] {processor.py:176} INFO - Processing /home/airflow/.local/lib/python3.7/site-packages/airflow/example_dags/example_short_circuit_decorator.py took 0.201 seconds
[2022-11-16T14:40:34.554+0000] {processor.py:154} INFO - Started process (PID=5019) to work on /home/airflow/.local/lib/python3.7/site-packages/airflow/example_dags/example_short_circuit_decorator.py
[2022-11-16T14:40:34.555+0000] {processor.py:756} INFO - Processing file /home/airflow/.local/lib/python3.7/site-packages/airflow/example_dags/example_short_circuit_decorator.py for tasks to queue
[2022-11-16T14:40:34.556+0000] {logging_mixin.py:137} INFO - [2022-11-16T14:40:34.555+0000] {dagbag.py:537} INFO - Filling up the DagBag from /home/airflow/.local/lib/python3.7/site-packages/airflow/example_dags/example_short_circuit_decorator.py
[2022-11-16T14:40:34.611+0000] {processor.py:766} INFO - DAG(s) dict_keys(['example_short_circuit_decorator']) retrieved from /home/airflow/.local/lib/python3.7/site-packages/airflow/example_dags/example_short_circuit_decorator.py
[2022-11-16T14:40:34.714+0000] {logging_mixin.py:137} INFO - [2022-11-16T14:40:34.714+0000] {dag.py:2585} INFO - Sync 1 DAGs
[2022-11-16T14:40:34.776+0000] {logging_mixin.py:137} INFO - [2022-11-16T14:40:34.776+0000] {dag.py:3340} INFO - Setting next_dagrun for example_short_circuit_decorator to 2022-11-15T14:40:34.776109+00:00, run_after=2022-11-16T14:40:34.776109+00:00
[2022-11-16T14:40:34.818+0000] {processor.py:176} INFO - Processing /home/airflow/.local/lib/python3.7/site-packages/airflow/example_dags/example_short_circuit_decorator.py took 0.267 seconds
[2022-11-16T14:41:05.246+0000] {processor.py:154} INFO - Started process (PID=5225) to work on /home/airflow/.local/lib/python3.7/site-packages/airflow/example_dags/example_short_circuit_decorator.py
[2022-11-16T14:41:05.247+0000] {processor.py:756} INFO - Processing file /home/airflow/.local/lib/python3.7/site-packages/airflow/example_dags/example_short_circuit_decorator.py for tasks to queue
[2022-11-16T14:41:05.247+0000] {logging_mixin.py:137} INFO - [2022-11-16T14:41:05.247+0000] {dagbag.py:537} INFO - Filling up the DagBag from /home/airflow/.local/lib/python3.7/site-packages/airflow/example_dags/example_short_circuit_decorator.py
[2022-11-16T14:41:05.294+0000] {processor.py:766} INFO - DAG(s) dict_keys(['example_short_circuit_decorator']) retrieved from /home/airflow/.local/lib/python3.7/site-packages/airflow/example_dags/example_short_circuit_decorator.py
[2022-11-16T14:41:05.365+0000] {logging_mixin.py:137} INFO - [2022-11-16T14:41:05.365+0000] {dag.py:2585} INFO - Sync 1 DAGs
[2022-11-16T14:41:05.412+0000] {logging_mixin.py:137} INFO - [2022-11-16T14:41:05.412+0000] {dag.py:3340} INFO - Setting next_dagrun for example_short_circuit_decorator to 2022-11-15T14:41:05.411670+00:00, run_after=2022-11-16T14:41:05.411670+00:00
[2022-11-16T14:41:05.450+0000] {processor.py:176} INFO - Processing /home/airflow/.local/lib/python3.7/site-packages/airflow/example_dags/example_short_circuit_decorator.py took 0.208 seconds
[2022-11-16T14:41:35.506+0000] {processor.py:154} INFO - Started process (PID=5422) to work on /home/airflow/.local/lib/python3.7/site-packages/airflow/example_dags/example_short_circuit_decorator.py
[2022-11-16T14:41:35.507+0000] {processor.py:756} INFO - Processing file /home/airflow/.local/lib/python3.7/site-packages/airflow/example_dags/example_short_circuit_decorator.py for tasks to queue
[2022-11-16T14:41:35.507+0000] {logging_mixin.py:137} INFO - [2022-11-16T14:41:35.507+0000] {dagbag.py:537} INFO - Filling up the DagBag from /home/airflow/.local/lib/python3.7/site-packages/airflow/example_dags/example_short_circuit_decorator.py
[2022-11-16T14:41:35.546+0000] {processor.py:766} INFO - DAG(s) dict_keys(['example_short_circuit_decorator']) retrieved from /home/airflow/.local/lib/python3.7/site-packages/airflow/example_dags/example_short_circuit_decorator.py
[2022-11-16T14:41:35.612+0000] {logging_mixin.py:137} INFO - [2022-11-16T14:41:35.611+0000] {dag.py:2585} INFO - Sync 1 DAGs
[2022-11-16T14:41:35.662+0000] {logging_mixin.py:137} INFO - [2022-11-16T14:41:35.661+0000] {dag.py:3340} INFO - Setting next_dagrun for example_short_circuit_decorator to 2022-11-15T14:41:35.661296+00:00, run_after=2022-11-16T14:41:35.661296+00:00
[2022-11-16T14:41:35.701+0000] {processor.py:176} INFO - Processing /home/airflow/.local/lib/python3.7/site-packages/airflow/example_dags/example_short_circuit_decorator.py took 0.199 seconds
[2022-11-16T14:42:05.866+0000] {processor.py:154} INFO - Started process (PID=5629) to work on /home/airflow/.local/lib/python3.7/site-packages/airflow/example_dags/example_short_circuit_decorator.py
[2022-11-16T14:42:05.874+0000] {processor.py:756} INFO - Processing file /home/airflow/.local/lib/python3.7/site-packages/airflow/example_dags/example_short_circuit_decorator.py for tasks to queue
[2022-11-16T14:42:05.876+0000] {logging_mixin.py:137} INFO - [2022-11-16T14:42:05.875+0000] {dagbag.py:537} INFO - Filling up the DagBag from /home/airflow/.local/lib/python3.7/site-packages/airflow/example_dags/example_short_circuit_decorator.py
[2022-11-16T14:42:05.977+0000] {processor.py:766} INFO - DAG(s) dict_keys(['example_short_circuit_decorator']) retrieved from /home/airflow/.local/lib/python3.7/site-packages/airflow/example_dags/example_short_circuit_decorator.py
[2022-11-16T14:42:06.099+0000] {logging_mixin.py:137} INFO - [2022-11-16T14:42:06.099+0000] {dag.py:2585} INFO - Sync 1 DAGs
[2022-11-16T14:42:06.158+0000] {logging_mixin.py:137} INFO - [2022-11-16T14:42:06.158+0000] {dag.py:3340} INFO - Setting next_dagrun for example_short_circuit_decorator to 2022-11-15T14:42:06.157762+00:00, run_after=2022-11-16T14:42:06.157762+00:00
[2022-11-16T14:42:06.206+0000] {processor.py:176} INFO - Processing /home/airflow/.local/lib/python3.7/site-packages/airflow/example_dags/example_short_circuit_decorator.py took 0.346 seconds
[2022-11-16T14:42:36.327+0000] {processor.py:154} INFO - Started process (PID=5827) to work on /home/airflow/.local/lib/python3.7/site-packages/airflow/example_dags/example_short_circuit_decorator.py
[2022-11-16T14:42:36.329+0000] {processor.py:756} INFO - Processing file /home/airflow/.local/lib/python3.7/site-packages/airflow/example_dags/example_short_circuit_decorator.py for tasks to queue
[2022-11-16T14:42:36.330+0000] {logging_mixin.py:137} INFO - [2022-11-16T14:42:36.330+0000] {dagbag.py:537} INFO - Filling up the DagBag from /home/airflow/.local/lib/python3.7/site-packages/airflow/example_dags/example_short_circuit_decorator.py
[2022-11-16T14:42:36.382+0000] {processor.py:766} INFO - DAG(s) dict_keys(['example_short_circuit_decorator']) retrieved from /home/airflow/.local/lib/python3.7/site-packages/airflow/example_dags/example_short_circuit_decorator.py
[2022-11-16T14:42:36.464+0000] {logging_mixin.py:137} INFO - [2022-11-16T14:42:36.463+0000] {dag.py:2585} INFO - Sync 1 DAGs
[2022-11-16T14:42:36.521+0000] {logging_mixin.py:137} INFO - [2022-11-16T14:42:36.521+0000] {dag.py:3340} INFO - Setting next_dagrun for example_short_circuit_decorator to 2022-11-15T14:42:36.520962+00:00, run_after=2022-11-16T14:42:36.520962+00:00
[2022-11-16T14:42:36.557+0000] {processor.py:176} INFO - Processing /home/airflow/.local/lib/python3.7/site-packages/airflow/example_dags/example_short_circuit_decorator.py took 0.247 seconds
[2022-11-16T14:43:06.767+0000] {processor.py:154} INFO - Started process (PID=6032) to work on /home/airflow/.local/lib/python3.7/site-packages/airflow/example_dags/example_short_circuit_decorator.py
[2022-11-16T14:43:06.768+0000] {processor.py:756} INFO - Processing file /home/airflow/.local/lib/python3.7/site-packages/airflow/example_dags/example_short_circuit_decorator.py for tasks to queue
[2022-11-16T14:43:06.771+0000] {logging_mixin.py:137} INFO - [2022-11-16T14:43:06.771+0000] {dagbag.py:537} INFO - Filling up the DagBag from /home/airflow/.local/lib/python3.7/site-packages/airflow/example_dags/example_short_circuit_decorator.py
[2022-11-16T14:43:06.820+0000] {processor.py:766} INFO - DAG(s) dict_keys(['example_short_circuit_decorator']) retrieved from /home/airflow/.local/lib/python3.7/site-packages/airflow/example_dags/example_short_circuit_decorator.py
[2022-11-16T14:43:06.920+0000] {logging_mixin.py:137} INFO - [2022-11-16T14:43:06.919+0000] {dag.py:2585} INFO - Sync 1 DAGs
[2022-11-16T14:43:06.990+0000] {logging_mixin.py:137} INFO - [2022-11-16T14:43:06.990+0000] {dag.py:3340} INFO - Setting next_dagrun for example_short_circuit_decorator to 2022-11-15T14:43:06.990265+00:00, run_after=2022-11-16T14:43:06.990265+00:00
[2022-11-16T14:43:07.040+0000] {processor.py:176} INFO - Processing /home/airflow/.local/lib/python3.7/site-packages/airflow/example_dags/example_short_circuit_decorator.py took 0.276 seconds
[2022-11-16T14:43:37.342+0000] {processor.py:154} INFO - Started process (PID=6232) to work on /home/airflow/.local/lib/python3.7/site-packages/airflow/example_dags/example_short_circuit_decorator.py
[2022-11-16T14:43:37.344+0000] {processor.py:756} INFO - Processing file /home/airflow/.local/lib/python3.7/site-packages/airflow/example_dags/example_short_circuit_decorator.py for tasks to queue
[2022-11-16T14:43:37.345+0000] {logging_mixin.py:137} INFO - [2022-11-16T14:43:37.345+0000] {dagbag.py:537} INFO - Filling up the DagBag from /home/airflow/.local/lib/python3.7/site-packages/airflow/example_dags/example_short_circuit_decorator.py
[2022-11-16T14:43:37.387+0000] {processor.py:766} INFO - DAG(s) dict_keys(['example_short_circuit_decorator']) retrieved from /home/airflow/.local/lib/python3.7/site-packages/airflow/example_dags/example_short_circuit_decorator.py
[2022-11-16T14:43:37.452+0000] {logging_mixin.py:137} INFO - [2022-11-16T14:43:37.452+0000] {dag.py:2585} INFO - Sync 1 DAGs
[2022-11-16T14:43:37.497+0000] {logging_mixin.py:137} INFO - [2022-11-16T14:43:37.497+0000] {dag.py:3340} INFO - Setting next_dagrun for example_short_circuit_decorator to 2022-11-15T14:43:37.496681+00:00, run_after=2022-11-16T14:43:37.496681+00:00
[2022-11-16T14:43:37.535+0000] {processor.py:176} INFO - Processing /home/airflow/.local/lib/python3.7/site-packages/airflow/example_dags/example_short_circuit_decorator.py took 0.199 seconds
[2022-11-16T14:44:07.676+0000] {processor.py:154} INFO - Started process (PID=6430) to work on /home/airflow/.local/lib/python3.7/site-packages/airflow/example_dags/example_short_circuit_decorator.py
[2022-11-16T14:44:07.677+0000] {processor.py:756} INFO - Processing file /home/airflow/.local/lib/python3.7/site-packages/airflow/example_dags/example_short_circuit_decorator.py for tasks to queue
[2022-11-16T14:44:07.679+0000] {logging_mixin.py:137} INFO - [2022-11-16T14:44:07.678+0000] {dagbag.py:537} INFO - Filling up the DagBag from /home/airflow/.local/lib/python3.7/site-packages/airflow/example_dags/example_short_circuit_decorator.py
[2022-11-16T14:44:07.728+0000] {processor.py:766} INFO - DAG(s) dict_keys(['example_short_circuit_decorator']) retrieved from /home/airflow/.local/lib/python3.7/site-packages/airflow/example_dags/example_short_circuit_decorator.py
[2022-11-16T14:44:07.804+0000] {logging_mixin.py:137} INFO - [2022-11-16T14:44:07.803+0000] {dag.py:2585} INFO - Sync 1 DAGs
[2022-11-16T14:44:07.860+0000] {logging_mixin.py:137} INFO - [2022-11-16T14:44:07.860+0000] {dag.py:3340} INFO - Setting next_dagrun for example_short_circuit_decorator to 2022-11-15T14:44:07.860490+00:00, run_after=2022-11-16T14:44:07.860490+00:00
[2022-11-16T14:44:07.902+0000] {processor.py:176} INFO - Processing /home/airflow/.local/lib/python3.7/site-packages/airflow/example_dags/example_short_circuit_decorator.py took 0.233 seconds
[2022-11-16T14:44:38.228+0000] {processor.py:154} INFO - Started process (PID=6637) to work on /home/airflow/.local/lib/python3.7/site-packages/airflow/example_dags/example_short_circuit_decorator.py
[2022-11-16T14:44:38.229+0000] {processor.py:756} INFO - Processing file /home/airflow/.local/lib/python3.7/site-packages/airflow/example_dags/example_short_circuit_decorator.py for tasks to queue
[2022-11-16T14:44:38.230+0000] {logging_mixin.py:137} INFO - [2022-11-16T14:44:38.230+0000] {dagbag.py:537} INFO - Filling up the DagBag from /home/airflow/.local/lib/python3.7/site-packages/airflow/example_dags/example_short_circuit_decorator.py
[2022-11-16T14:44:38.282+0000] {processor.py:766} INFO - DAG(s) dict_keys(['example_short_circuit_decorator']) retrieved from /home/airflow/.local/lib/python3.7/site-packages/airflow/example_dags/example_short_circuit_decorator.py
[2022-11-16T14:44:38.353+0000] {logging_mixin.py:137} INFO - [2022-11-16T14:44:38.352+0000] {dag.py:2585} INFO - Sync 1 DAGs
[2022-11-16T14:44:38.397+0000] {logging_mixin.py:137} INFO - [2022-11-16T14:44:38.397+0000] {dag.py:3340} INFO - Setting next_dagrun for example_short_circuit_decorator to 2022-11-15T14:44:38.397176+00:00, run_after=2022-11-16T14:44:38.397176+00:00
[2022-11-16T14:44:38.431+0000] {processor.py:176} INFO - Processing /home/airflow/.local/lib/python3.7/site-packages/airflow/example_dags/example_short_circuit_decorator.py took 0.211 seconds
[2022-11-16T14:45:08.651+0000] {processor.py:154} INFO - Started process (PID=6835) to work on /home/airflow/.local/lib/python3.7/site-packages/airflow/example_dags/example_short_circuit_decorator.py
[2022-11-16T14:45:08.652+0000] {processor.py:756} INFO - Processing file /home/airflow/.local/lib/python3.7/site-packages/airflow/example_dags/example_short_circuit_decorator.py for tasks to queue
[2022-11-16T14:45:08.655+0000] {logging_mixin.py:137} INFO - [2022-11-16T14:45:08.655+0000] {dagbag.py:537} INFO - Filling up the DagBag from /home/airflow/.local/lib/python3.7/site-packages/airflow/example_dags/example_short_circuit_decorator.py
[2022-11-16T14:45:08.716+0000] {processor.py:766} INFO - DAG(s) dict_keys(['example_short_circuit_decorator']) retrieved from /home/airflow/.local/lib/python3.7/site-packages/airflow/example_dags/example_short_circuit_decorator.py
[2022-11-16T14:45:08.835+0000] {logging_mixin.py:137} INFO - [2022-11-16T14:45:08.835+0000] {dag.py:2585} INFO - Sync 1 DAGs
[2022-11-16T14:45:08.908+0000] {logging_mixin.py:137} INFO - [2022-11-16T14:45:08.908+0000] {dag.py:3340} INFO - Setting next_dagrun for example_short_circuit_decorator to 2022-11-15T14:45:08.908276+00:00, run_after=2022-11-16T14:45:08.908276+00:00
[2022-11-16T14:45:08.974+0000] {processor.py:176} INFO - Processing /home/airflow/.local/lib/python3.7/site-packages/airflow/example_dags/example_short_circuit_decorator.py took 0.334 seconds
