[2022-11-16T14:28:19.875+0000] {processor.py:154} INFO - Started process (PID=273) to work on /home/airflow/.local/lib/python3.7/site-packages/airflow/example_dags/example_short_circuit_operator.py
[2022-11-16T14:28:19.876+0000] {processor.py:756} INFO - Processing file /home/airflow/.local/lib/python3.7/site-packages/airflow/example_dags/example_short_circuit_operator.py for tasks to queue
[2022-11-16T14:28:19.877+0000] {logging_mixin.py:137} INFO - [2022-11-16T14:28:19.877+0000] {dagbag.py:537} INFO - Filling up the DagBag from /home/airflow/.local/lib/python3.7/site-packages/airflow/example_dags/example_short_circuit_operator.py
[2022-11-16T14:28:19.907+0000] {processor.py:766} INFO - DAG(s) dict_keys(['example_short_circuit_operator']) retrieved from /home/airflow/.local/lib/python3.7/site-packages/airflow/example_dags/example_short_circuit_operator.py
[2022-11-16T14:28:19.988+0000] {logging_mixin.py:137} INFO - [2022-11-16T14:28:19.988+0000] {dag.py:2585} INFO - Sync 1 DAGs
[2022-11-16T14:28:20.046+0000] {logging_mixin.py:137} INFO - [2022-11-16T14:28:20.045+0000] {dag.py:3340} INFO - Setting next_dagrun for example_short_circuit_operator to 2022-11-15T14:28:20.044429+00:00, run_after=2022-11-16T14:28:20.044429+00:00
[2022-11-16T14:28:20.093+0000] {processor.py:176} INFO - Processing /home/airflow/.local/lib/python3.7/site-packages/airflow/example_dags/example_short_circuit_operator.py took 0.223 seconds
[2022-11-16T14:28:52.143+0000] {processor.py:154} INFO - Started process (PID=480) to work on /home/airflow/.local/lib/python3.7/site-packages/airflow/example_dags/example_short_circuit_operator.py
[2022-11-16T14:28:52.144+0000] {processor.py:756} INFO - Processing file /home/airflow/.local/lib/python3.7/site-packages/airflow/example_dags/example_short_circuit_operator.py for tasks to queue
[2022-11-16T14:28:52.146+0000] {logging_mixin.py:137} INFO - [2022-11-16T14:28:52.146+0000] {dagbag.py:537} INFO - Filling up the DagBag from /home/airflow/.local/lib/python3.7/site-packages/airflow/example_dags/example_short_circuit_operator.py
[2022-11-16T14:28:52.195+0000] {processor.py:766} INFO - DAG(s) dict_keys(['example_short_circuit_operator']) retrieved from /home/airflow/.local/lib/python3.7/site-packages/airflow/example_dags/example_short_circuit_operator.py
[2022-11-16T14:28:52.319+0000] {logging_mixin.py:137} INFO - [2022-11-16T14:28:52.319+0000] {dag.py:2585} INFO - Sync 1 DAGs
[2022-11-16T14:28:52.445+0000] {logging_mixin.py:137} INFO - [2022-11-16T14:28:52.445+0000] {dag.py:3340} INFO - Setting next_dagrun for example_short_circuit_operator to 2022-11-15T14:28:52.445284+00:00, run_after=2022-11-16T14:28:52.445284+00:00
[2022-11-16T14:28:52.495+0000] {processor.py:176} INFO - Processing /home/airflow/.local/lib/python3.7/site-packages/airflow/example_dags/example_short_circuit_operator.py took 0.379 seconds
[2022-11-16T14:29:22.685+0000] {processor.py:154} INFO - Started process (PID=676) to work on /home/airflow/.local/lib/python3.7/site-packages/airflow/example_dags/example_short_circuit_operator.py
[2022-11-16T14:29:22.686+0000] {processor.py:756} INFO - Processing file /home/airflow/.local/lib/python3.7/site-packages/airflow/example_dags/example_short_circuit_operator.py for tasks to queue
[2022-11-16T14:29:22.687+0000] {logging_mixin.py:137} INFO - [2022-11-16T14:29:22.687+0000] {dagbag.py:537} INFO - Filling up the DagBag from /home/airflow/.local/lib/python3.7/site-packages/airflow/example_dags/example_short_circuit_operator.py
[2022-11-16T14:29:22.719+0000] {processor.py:766} INFO - DAG(s) dict_keys(['example_short_circuit_operator']) retrieved from /home/airflow/.local/lib/python3.7/site-packages/airflow/example_dags/example_short_circuit_operator.py
[2022-11-16T14:29:22.789+0000] {logging_mixin.py:137} INFO - [2022-11-16T14:29:22.789+0000] {dag.py:2585} INFO - Sync 1 DAGs
[2022-11-16T14:29:22.836+0000] {logging_mixin.py:137} INFO - [2022-11-16T14:29:22.836+0000] {dag.py:3340} INFO - Setting next_dagrun for example_short_circuit_operator to 2022-11-15T14:29:22.836382+00:00, run_after=2022-11-16T14:29:22.836382+00:00
[2022-11-16T14:29:22.864+0000] {processor.py:176} INFO - Processing /home/airflow/.local/lib/python3.7/site-packages/airflow/example_dags/example_short_circuit_operator.py took 0.184 seconds
[2022-11-16T14:29:53.112+0000] {processor.py:154} INFO - Started process (PID=874) to work on /home/airflow/.local/lib/python3.7/site-packages/airflow/example_dags/example_short_circuit_operator.py
[2022-11-16T14:29:53.113+0000] {processor.py:756} INFO - Processing file /home/airflow/.local/lib/python3.7/site-packages/airflow/example_dags/example_short_circuit_operator.py for tasks to queue
[2022-11-16T14:29:53.114+0000] {logging_mixin.py:137} INFO - [2022-11-16T14:29:53.114+0000] {dagbag.py:537} INFO - Filling up the DagBag from /home/airflow/.local/lib/python3.7/site-packages/airflow/example_dags/example_short_circuit_operator.py
[2022-11-16T14:29:53.137+0000] {processor.py:766} INFO - DAG(s) dict_keys(['example_short_circuit_operator']) retrieved from /home/airflow/.local/lib/python3.7/site-packages/airflow/example_dags/example_short_circuit_operator.py
[2022-11-16T14:29:53.190+0000] {logging_mixin.py:137} INFO - [2022-11-16T14:29:53.190+0000] {dag.py:2585} INFO - Sync 1 DAGs
[2022-11-16T14:29:53.222+0000] {logging_mixin.py:137} INFO - [2022-11-16T14:29:53.221+0000] {dag.py:3340} INFO - Setting next_dagrun for example_short_circuit_operator to 2022-11-15T14:29:53.221647+00:00, run_after=2022-11-16T14:29:53.221647+00:00
[2022-11-16T14:29:53.246+0000] {processor.py:176} INFO - Processing /home/airflow/.local/lib/python3.7/site-packages/airflow/example_dags/example_short_circuit_operator.py took 0.137 seconds
[2022-11-16T14:30:24.978+0000] {processor.py:154} INFO - Started process (PID=1078) to work on /home/airflow/.local/lib/python3.7/site-packages/airflow/example_dags/example_short_circuit_operator.py
[2022-11-16T14:30:24.981+0000] {processor.py:756} INFO - Processing file /home/airflow/.local/lib/python3.7/site-packages/airflow/example_dags/example_short_circuit_operator.py for tasks to queue
[2022-11-16T14:30:24.982+0000] {logging_mixin.py:137} INFO - [2022-11-16T14:30:24.982+0000] {dagbag.py:537} INFO - Filling up the DagBag from /home/airflow/.local/lib/python3.7/site-packages/airflow/example_dags/example_short_circuit_operator.py
[2022-11-16T14:30:25.025+0000] {processor.py:766} INFO - DAG(s) dict_keys(['example_short_circuit_operator']) retrieved from /home/airflow/.local/lib/python3.7/site-packages/airflow/example_dags/example_short_circuit_operator.py
[2022-11-16T14:30:25.131+0000] {logging_mixin.py:137} INFO - [2022-11-16T14:30:25.131+0000] {dag.py:2585} INFO - Sync 1 DAGs
[2022-11-16T14:30:25.201+0000] {logging_mixin.py:137} INFO - [2022-11-16T14:30:25.201+0000] {dag.py:3340} INFO - Setting next_dagrun for example_short_circuit_operator to 2022-11-15T14:30:25.201154+00:00, run_after=2022-11-16T14:30:25.201154+00:00
[2022-11-16T14:30:25.239+0000] {processor.py:176} INFO - Processing /home/airflow/.local/lib/python3.7/site-packages/airflow/example_dags/example_short_circuit_operator.py took 0.266 seconds
[2022-11-16T14:30:56.417+0000] {processor.py:154} INFO - Started process (PID=1280) to work on /home/airflow/.local/lib/python3.7/site-packages/airflow/example_dags/example_short_circuit_operator.py
[2022-11-16T14:30:56.418+0000] {processor.py:756} INFO - Processing file /home/airflow/.local/lib/python3.7/site-packages/airflow/example_dags/example_short_circuit_operator.py for tasks to queue
[2022-11-16T14:30:56.419+0000] {logging_mixin.py:137} INFO - [2022-11-16T14:30:56.419+0000] {dagbag.py:537} INFO - Filling up the DagBag from /home/airflow/.local/lib/python3.7/site-packages/airflow/example_dags/example_short_circuit_operator.py
[2022-11-16T14:30:56.441+0000] {processor.py:766} INFO - DAG(s) dict_keys(['example_short_circuit_operator']) retrieved from /home/airflow/.local/lib/python3.7/site-packages/airflow/example_dags/example_short_circuit_operator.py
[2022-11-16T14:30:56.508+0000] {logging_mixin.py:137} INFO - [2022-11-16T14:30:56.508+0000] {dag.py:2585} INFO - Sync 1 DAGs
[2022-11-16T14:30:56.559+0000] {logging_mixin.py:137} INFO - [2022-11-16T14:30:56.559+0000] {dag.py:3340} INFO - Setting next_dagrun for example_short_circuit_operator to 2022-11-15T14:30:56.558771+00:00, run_after=2022-11-16T14:30:56.558771+00:00
[2022-11-16T14:30:56.593+0000] {processor.py:176} INFO - Processing /home/airflow/.local/lib/python3.7/site-packages/airflow/example_dags/example_short_circuit_operator.py took 0.180 seconds
[2022-11-16T14:31:26.742+0000] {processor.py:154} INFO - Started process (PID=1481) to work on /home/airflow/.local/lib/python3.7/site-packages/airflow/example_dags/example_short_circuit_operator.py
[2022-11-16T14:31:26.743+0000] {processor.py:756} INFO - Processing file /home/airflow/.local/lib/python3.7/site-packages/airflow/example_dags/example_short_circuit_operator.py for tasks to queue
[2022-11-16T14:31:26.744+0000] {logging_mixin.py:137} INFO - [2022-11-16T14:31:26.744+0000] {dagbag.py:537} INFO - Filling up the DagBag from /home/airflow/.local/lib/python3.7/site-packages/airflow/example_dags/example_short_circuit_operator.py
[2022-11-16T14:31:26.765+0000] {processor.py:766} INFO - DAG(s) dict_keys(['example_short_circuit_operator']) retrieved from /home/airflow/.local/lib/python3.7/site-packages/airflow/example_dags/example_short_circuit_operator.py
[2022-11-16T14:31:26.828+0000] {logging_mixin.py:137} INFO - [2022-11-16T14:31:26.828+0000] {dag.py:2585} INFO - Sync 1 DAGs
[2022-11-16T14:31:26.876+0000] {logging_mixin.py:137} INFO - [2022-11-16T14:31:26.875+0000] {dag.py:3340} INFO - Setting next_dagrun for example_short_circuit_operator to 2022-11-15T14:31:26.875598+00:00, run_after=2022-11-16T14:31:26.875598+00:00
[2022-11-16T14:31:26.903+0000] {processor.py:176} INFO - Processing /home/airflow/.local/lib/python3.7/site-packages/airflow/example_dags/example_short_circuit_operator.py took 0.165 seconds
[2022-11-16T14:31:58.972+0000] {processor.py:154} INFO - Started process (PID=1684) to work on /home/airflow/.local/lib/python3.7/site-packages/airflow/example_dags/example_short_circuit_operator.py
[2022-11-16T14:31:58.974+0000] {processor.py:756} INFO - Processing file /home/airflow/.local/lib/python3.7/site-packages/airflow/example_dags/example_short_circuit_operator.py for tasks to queue
[2022-11-16T14:31:58.975+0000] {logging_mixin.py:137} INFO - [2022-11-16T14:31:58.975+0000] {dagbag.py:537} INFO - Filling up the DagBag from /home/airflow/.local/lib/python3.7/site-packages/airflow/example_dags/example_short_circuit_operator.py
[2022-11-16T14:31:59.074+0000] {processor.py:766} INFO - DAG(s) dict_keys(['example_short_circuit_operator']) retrieved from /home/airflow/.local/lib/python3.7/site-packages/airflow/example_dags/example_short_circuit_operator.py
[2022-11-16T14:31:59.253+0000] {logging_mixin.py:137} INFO - [2022-11-16T14:31:59.252+0000] {dag.py:2585} INFO - Sync 1 DAGs
[2022-11-16T14:31:59.365+0000] {logging_mixin.py:137} INFO - [2022-11-16T14:31:59.364+0000] {dag.py:3340} INFO - Setting next_dagrun for example_short_circuit_operator to 2022-11-15T14:31:59.364449+00:00, run_after=2022-11-16T14:31:59.364449+00:00
[2022-11-16T14:31:59.487+0000] {processor.py:176} INFO - Processing /home/airflow/.local/lib/python3.7/site-packages/airflow/example_dags/example_short_circuit_operator.py took 0.520 seconds
[2022-11-16T14:32:29.764+0000] {processor.py:154} INFO - Started process (PID=1885) to work on /home/airflow/.local/lib/python3.7/site-packages/airflow/example_dags/example_short_circuit_operator.py
[2022-11-16T14:32:29.766+0000] {processor.py:756} INFO - Processing file /home/airflow/.local/lib/python3.7/site-packages/airflow/example_dags/example_short_circuit_operator.py for tasks to queue
[2022-11-16T14:32:29.767+0000] {logging_mixin.py:137} INFO - [2022-11-16T14:32:29.767+0000] {dagbag.py:537} INFO - Filling up the DagBag from /home/airflow/.local/lib/python3.7/site-packages/airflow/example_dags/example_short_circuit_operator.py
[2022-11-16T14:32:29.805+0000] {processor.py:766} INFO - DAG(s) dict_keys(['example_short_circuit_operator']) retrieved from /home/airflow/.local/lib/python3.7/site-packages/airflow/example_dags/example_short_circuit_operator.py
[2022-11-16T14:32:29.883+0000] {logging_mixin.py:137} INFO - [2022-11-16T14:32:29.883+0000] {dag.py:2585} INFO - Sync 1 DAGs
[2022-11-16T14:32:29.936+0000] {logging_mixin.py:137} INFO - [2022-11-16T14:32:29.936+0000] {dag.py:3340} INFO - Setting next_dagrun for example_short_circuit_operator to 2022-11-15T14:32:29.936074+00:00, run_after=2022-11-16T14:32:29.936074+00:00
[2022-11-16T14:32:29.977+0000] {processor.py:176} INFO - Processing /home/airflow/.local/lib/python3.7/site-packages/airflow/example_dags/example_short_circuit_operator.py took 0.219 seconds
[2022-11-16T14:33:00.037+0000] {processor.py:154} INFO - Started process (PID=2082) to work on /home/airflow/.local/lib/python3.7/site-packages/airflow/example_dags/example_short_circuit_operator.py
[2022-11-16T14:33:00.038+0000] {processor.py:756} INFO - Processing file /home/airflow/.local/lib/python3.7/site-packages/airflow/example_dags/example_short_circuit_operator.py for tasks to queue
[2022-11-16T14:33:00.039+0000] {logging_mixin.py:137} INFO - [2022-11-16T14:33:00.039+0000] {dagbag.py:537} INFO - Filling up the DagBag from /home/airflow/.local/lib/python3.7/site-packages/airflow/example_dags/example_short_circuit_operator.py
[2022-11-16T14:33:00.072+0000] {processor.py:766} INFO - DAG(s) dict_keys(['example_short_circuit_operator']) retrieved from /home/airflow/.local/lib/python3.7/site-packages/airflow/example_dags/example_short_circuit_operator.py
[2022-11-16T14:33:00.136+0000] {logging_mixin.py:137} INFO - [2022-11-16T14:33:00.136+0000] {dag.py:2585} INFO - Sync 1 DAGs
[2022-11-16T14:33:00.190+0000] {logging_mixin.py:137} INFO - [2022-11-16T14:33:00.186+0000] {dag.py:3340} INFO - Setting next_dagrun for example_short_circuit_operator to 2022-11-15T14:33:00.186333+00:00, run_after=2022-11-16T14:33:00.186333+00:00
[2022-11-16T14:33:00.253+0000] {processor.py:176} INFO - Processing /home/airflow/.local/lib/python3.7/site-packages/airflow/example_dags/example_short_circuit_operator.py took 0.223 seconds
[2022-11-16T14:33:30.703+0000] {processor.py:154} INFO - Started process (PID=2288) to work on /home/airflow/.local/lib/python3.7/site-packages/airflow/example_dags/example_short_circuit_operator.py
[2022-11-16T14:33:30.705+0000] {processor.py:756} INFO - Processing file /home/airflow/.local/lib/python3.7/site-packages/airflow/example_dags/example_short_circuit_operator.py for tasks to queue
[2022-11-16T14:33:30.706+0000] {logging_mixin.py:137} INFO - [2022-11-16T14:33:30.706+0000] {dagbag.py:537} INFO - Filling up the DagBag from /home/airflow/.local/lib/python3.7/site-packages/airflow/example_dags/example_short_circuit_operator.py
[2022-11-16T14:33:30.746+0000] {processor.py:766} INFO - DAG(s) dict_keys(['example_short_circuit_operator']) retrieved from /home/airflow/.local/lib/python3.7/site-packages/airflow/example_dags/example_short_circuit_operator.py
[2022-11-16T14:33:30.833+0000] {logging_mixin.py:137} INFO - [2022-11-16T14:33:30.833+0000] {dag.py:2585} INFO - Sync 1 DAGs
[2022-11-16T14:33:30.893+0000] {logging_mixin.py:137} INFO - [2022-11-16T14:33:30.893+0000] {dag.py:3340} INFO - Setting next_dagrun for example_short_circuit_operator to 2022-11-15T14:33:30.893139+00:00, run_after=2022-11-16T14:33:30.893139+00:00
[2022-11-16T14:33:30.986+0000] {processor.py:176} INFO - Processing /home/airflow/.local/lib/python3.7/site-packages/airflow/example_dags/example_short_circuit_operator.py took 0.288 seconds
[2022-11-16T14:34:01.886+0000] {processor.py:154} INFO - Started process (PID=2486) to work on /home/airflow/.local/lib/python3.7/site-packages/airflow/example_dags/example_short_circuit_operator.py
[2022-11-16T14:34:01.887+0000] {processor.py:756} INFO - Processing file /home/airflow/.local/lib/python3.7/site-packages/airflow/example_dags/example_short_circuit_operator.py for tasks to queue
[2022-11-16T14:34:01.887+0000] {logging_mixin.py:137} INFO - [2022-11-16T14:34:01.887+0000] {dagbag.py:537} INFO - Filling up the DagBag from /home/airflow/.local/lib/python3.7/site-packages/airflow/example_dags/example_short_circuit_operator.py
[2022-11-16T14:34:01.920+0000] {processor.py:766} INFO - DAG(s) dict_keys(['example_short_circuit_operator']) retrieved from /home/airflow/.local/lib/python3.7/site-packages/airflow/example_dags/example_short_circuit_operator.py
[2022-11-16T14:34:01.985+0000] {logging_mixin.py:137} INFO - [2022-11-16T14:34:01.985+0000] {dag.py:2585} INFO - Sync 1 DAGs
[2022-11-16T14:34:02.023+0000] {logging_mixin.py:137} INFO - [2022-11-16T14:34:02.023+0000] {dag.py:3340} INFO - Setting next_dagrun for example_short_circuit_operator to 2022-11-15T14:34:02.022951+00:00, run_after=2022-11-16T14:34:02.022951+00:00
[2022-11-16T14:34:02.055+0000] {processor.py:176} INFO - Processing /home/airflow/.local/lib/python3.7/site-packages/airflow/example_dags/example_short_circuit_operator.py took 0.173 seconds
[2022-11-16T14:34:32.802+0000] {processor.py:154} INFO - Started process (PID=2702) to work on /home/airflow/.local/lib/python3.7/site-packages/airflow/example_dags/example_short_circuit_operator.py
[2022-11-16T14:34:32.807+0000] {processor.py:756} INFO - Processing file /home/airflow/.local/lib/python3.7/site-packages/airflow/example_dags/example_short_circuit_operator.py for tasks to queue
[2022-11-16T14:34:32.808+0000] {logging_mixin.py:137} INFO - [2022-11-16T14:34:32.807+0000] {dagbag.py:537} INFO - Filling up the DagBag from /home/airflow/.local/lib/python3.7/site-packages/airflow/example_dags/example_short_circuit_operator.py
[2022-11-16T14:34:32.835+0000] {processor.py:766} INFO - DAG(s) dict_keys(['example_short_circuit_operator']) retrieved from /home/airflow/.local/lib/python3.7/site-packages/airflow/example_dags/example_short_circuit_operator.py
[2022-11-16T14:34:32.924+0000] {logging_mixin.py:137} INFO - [2022-11-16T14:34:32.924+0000] {dag.py:2585} INFO - Sync 1 DAGs
[2022-11-16T14:34:32.991+0000] {logging_mixin.py:137} INFO - [2022-11-16T14:34:32.991+0000] {dag.py:3340} INFO - Setting next_dagrun for example_short_circuit_operator to 2022-11-15T14:34:32.990742+00:00, run_after=2022-11-16T14:34:32.990742+00:00
[2022-11-16T14:34:33.026+0000] {processor.py:176} INFO - Processing /home/airflow/.local/lib/python3.7/site-packages/airflow/example_dags/example_short_circuit_operator.py took 0.231 seconds
[2022-11-16T14:35:04.055+0000] {processor.py:154} INFO - Started process (PID=2908) to work on /home/airflow/.local/lib/python3.7/site-packages/airflow/example_dags/example_short_circuit_operator.py
[2022-11-16T14:35:04.059+0000] {processor.py:756} INFO - Processing file /home/airflow/.local/lib/python3.7/site-packages/airflow/example_dags/example_short_circuit_operator.py for tasks to queue
[2022-11-16T14:35:04.061+0000] {logging_mixin.py:137} INFO - [2022-11-16T14:35:04.061+0000] {dagbag.py:537} INFO - Filling up the DagBag from /home/airflow/.local/lib/python3.7/site-packages/airflow/example_dags/example_short_circuit_operator.py
[2022-11-16T14:35:04.127+0000] {processor.py:766} INFO - DAG(s) dict_keys(['example_short_circuit_operator']) retrieved from /home/airflow/.local/lib/python3.7/site-packages/airflow/example_dags/example_short_circuit_operator.py
[2022-11-16T14:35:04.238+0000] {logging_mixin.py:137} INFO - [2022-11-16T14:35:04.237+0000] {dag.py:2585} INFO - Sync 1 DAGs
[2022-11-16T14:35:04.312+0000] {logging_mixin.py:137} INFO - [2022-11-16T14:35:04.312+0000] {dag.py:3340} INFO - Setting next_dagrun for example_short_circuit_operator to 2022-11-15T14:35:04.311656+00:00, run_after=2022-11-16T14:35:04.311656+00:00
[2022-11-16T14:35:04.364+0000] {processor.py:176} INFO - Processing /home/airflow/.local/lib/python3.7/site-packages/airflow/example_dags/example_short_circuit_operator.py took 0.315 seconds
[2022-11-16T14:35:34.412+0000] {processor.py:154} INFO - Started process (PID=3106) to work on /home/airflow/.local/lib/python3.7/site-packages/airflow/example_dags/example_short_circuit_operator.py
[2022-11-16T14:35:34.413+0000] {processor.py:756} INFO - Processing file /home/airflow/.local/lib/python3.7/site-packages/airflow/example_dags/example_short_circuit_operator.py for tasks to queue
[2022-11-16T14:35:34.414+0000] {logging_mixin.py:137} INFO - [2022-11-16T14:35:34.413+0000] {dagbag.py:537} INFO - Filling up the DagBag from /home/airflow/.local/lib/python3.7/site-packages/airflow/example_dags/example_short_circuit_operator.py
[2022-11-16T14:35:34.441+0000] {processor.py:766} INFO - DAG(s) dict_keys(['example_short_circuit_operator']) retrieved from /home/airflow/.local/lib/python3.7/site-packages/airflow/example_dags/example_short_circuit_operator.py
[2022-11-16T14:35:34.502+0000] {logging_mixin.py:137} INFO - [2022-11-16T14:35:34.501+0000] {dag.py:2585} INFO - Sync 1 DAGs
[2022-11-16T14:35:34.540+0000] {logging_mixin.py:137} INFO - [2022-11-16T14:35:34.540+0000] {dag.py:3340} INFO - Setting next_dagrun for example_short_circuit_operator to 2022-11-15T14:35:34.540369+00:00, run_after=2022-11-16T14:35:34.540369+00:00
[2022-11-16T14:35:34.572+0000] {processor.py:176} INFO - Processing /home/airflow/.local/lib/python3.7/site-packages/airflow/example_dags/example_short_circuit_operator.py took 0.163 seconds
[2022-11-16T14:36:05.643+0000] {processor.py:154} INFO - Started process (PID=3301) to work on /home/airflow/.local/lib/python3.7/site-packages/airflow/example_dags/example_short_circuit_operator.py
[2022-11-16T14:36:05.644+0000] {processor.py:756} INFO - Processing file /home/airflow/.local/lib/python3.7/site-packages/airflow/example_dags/example_short_circuit_operator.py for tasks to queue
[2022-11-16T14:36:05.645+0000] {logging_mixin.py:137} INFO - [2022-11-16T14:36:05.645+0000] {dagbag.py:537} INFO - Filling up the DagBag from /home/airflow/.local/lib/python3.7/site-packages/airflow/example_dags/example_short_circuit_operator.py
[2022-11-16T14:36:05.680+0000] {processor.py:766} INFO - DAG(s) dict_keys(['example_short_circuit_operator']) retrieved from /home/airflow/.local/lib/python3.7/site-packages/airflow/example_dags/example_short_circuit_operator.py
[2022-11-16T14:36:05.758+0000] {logging_mixin.py:137} INFO - [2022-11-16T14:36:05.757+0000] {dag.py:2585} INFO - Sync 1 DAGs
[2022-11-16T14:36:05.801+0000] {logging_mixin.py:137} INFO - [2022-11-16T14:36:05.801+0000] {dag.py:3340} INFO - Setting next_dagrun for example_short_circuit_operator to 2022-11-15T14:36:05.801168+00:00, run_after=2022-11-16T14:36:05.801168+00:00
[2022-11-16T14:36:05.842+0000] {processor.py:176} INFO - Processing /home/airflow/.local/lib/python3.7/site-packages/airflow/example_dags/example_short_circuit_operator.py took 0.205 seconds
[2022-11-16T14:36:36.320+0000] {processor.py:154} INFO - Started process (PID=3507) to work on /home/airflow/.local/lib/python3.7/site-packages/airflow/example_dags/example_short_circuit_operator.py
[2022-11-16T14:36:36.321+0000] {processor.py:756} INFO - Processing file /home/airflow/.local/lib/python3.7/site-packages/airflow/example_dags/example_short_circuit_operator.py for tasks to queue
[2022-11-16T14:36:36.322+0000] {logging_mixin.py:137} INFO - [2022-11-16T14:36:36.322+0000] {dagbag.py:537} INFO - Filling up the DagBag from /home/airflow/.local/lib/python3.7/site-packages/airflow/example_dags/example_short_circuit_operator.py
[2022-11-16T14:36:36.344+0000] {processor.py:766} INFO - DAG(s) dict_keys(['example_short_circuit_operator']) retrieved from /home/airflow/.local/lib/python3.7/site-packages/airflow/example_dags/example_short_circuit_operator.py
[2022-11-16T14:36:36.402+0000] {logging_mixin.py:137} INFO - [2022-11-16T14:36:36.402+0000] {dag.py:2585} INFO - Sync 1 DAGs
[2022-11-16T14:36:36.443+0000] {logging_mixin.py:137} INFO - [2022-11-16T14:36:36.443+0000] {dag.py:3340} INFO - Setting next_dagrun for example_short_circuit_operator to 2022-11-15T14:36:36.442823+00:00, run_after=2022-11-16T14:36:36.442823+00:00
[2022-11-16T14:36:36.478+0000] {processor.py:176} INFO - Processing /home/airflow/.local/lib/python3.7/site-packages/airflow/example_dags/example_short_circuit_operator.py took 0.163 seconds
[2022-11-16T14:37:07.332+0000] {processor.py:154} INFO - Started process (PID=3704) to work on /home/airflow/.local/lib/python3.7/site-packages/airflow/example_dags/example_short_circuit_operator.py
[2022-11-16T14:37:07.333+0000] {processor.py:756} INFO - Processing file /home/airflow/.local/lib/python3.7/site-packages/airflow/example_dags/example_short_circuit_operator.py for tasks to queue
[2022-11-16T14:37:07.335+0000] {logging_mixin.py:137} INFO - [2022-11-16T14:37:07.334+0000] {dagbag.py:537} INFO - Filling up the DagBag from /home/airflow/.local/lib/python3.7/site-packages/airflow/example_dags/example_short_circuit_operator.py
[2022-11-16T14:37:07.366+0000] {processor.py:766} INFO - DAG(s) dict_keys(['example_short_circuit_operator']) retrieved from /home/airflow/.local/lib/python3.7/site-packages/airflow/example_dags/example_short_circuit_operator.py
[2022-11-16T14:37:07.446+0000] {logging_mixin.py:137} INFO - [2022-11-16T14:37:07.445+0000] {dag.py:2585} INFO - Sync 1 DAGs
[2022-11-16T14:37:07.503+0000] {logging_mixin.py:137} INFO - [2022-11-16T14:37:07.502+0000] {dag.py:3340} INFO - Setting next_dagrun for example_short_circuit_operator to 2022-11-15T14:37:07.502045+00:00, run_after=2022-11-16T14:37:07.502045+00:00
[2022-11-16T14:37:07.540+0000] {processor.py:176} INFO - Processing /home/airflow/.local/lib/python3.7/site-packages/airflow/example_dags/example_short_circuit_operator.py took 0.214 seconds
[2022-11-16T14:37:39.122+0000] {processor.py:154} INFO - Started process (PID=3911) to work on /home/airflow/.local/lib/python3.7/site-packages/airflow/example_dags/example_short_circuit_operator.py
[2022-11-16T14:37:39.123+0000] {processor.py:756} INFO - Processing file /home/airflow/.local/lib/python3.7/site-packages/airflow/example_dags/example_short_circuit_operator.py for tasks to queue
[2022-11-16T14:37:39.127+0000] {logging_mixin.py:137} INFO - [2022-11-16T14:37:39.127+0000] {dagbag.py:537} INFO - Filling up the DagBag from /home/airflow/.local/lib/python3.7/site-packages/airflow/example_dags/example_short_circuit_operator.py
[2022-11-16T14:37:39.187+0000] {processor.py:766} INFO - DAG(s) dict_keys(['example_short_circuit_operator']) retrieved from /home/airflow/.local/lib/python3.7/site-packages/airflow/example_dags/example_short_circuit_operator.py
[2022-11-16T14:37:39.307+0000] {logging_mixin.py:137} INFO - [2022-11-16T14:37:39.307+0000] {dag.py:2585} INFO - Sync 1 DAGs
[2022-11-16T14:37:39.371+0000] {logging_mixin.py:137} INFO - [2022-11-16T14:37:39.371+0000] {dag.py:3340} INFO - Setting next_dagrun for example_short_circuit_operator to 2022-11-15T14:37:39.370816+00:00, run_after=2022-11-16T14:37:39.370816+00:00
[2022-11-16T14:37:39.420+0000] {processor.py:176} INFO - Processing /home/airflow/.local/lib/python3.7/site-packages/airflow/example_dags/example_short_circuit_operator.py took 0.312 seconds
[2022-11-16T14:38:09.646+0000] {processor.py:154} INFO - Started process (PID=4112) to work on /home/airflow/.local/lib/python3.7/site-packages/airflow/example_dags/example_short_circuit_operator.py
[2022-11-16T14:38:09.647+0000] {processor.py:756} INFO - Processing file /home/airflow/.local/lib/python3.7/site-packages/airflow/example_dags/example_short_circuit_operator.py for tasks to queue
[2022-11-16T14:38:09.648+0000] {logging_mixin.py:137} INFO - [2022-11-16T14:38:09.648+0000] {dagbag.py:537} INFO - Filling up the DagBag from /home/airflow/.local/lib/python3.7/site-packages/airflow/example_dags/example_short_circuit_operator.py
[2022-11-16T14:38:09.674+0000] {processor.py:766} INFO - DAG(s) dict_keys(['example_short_circuit_operator']) retrieved from /home/airflow/.local/lib/python3.7/site-packages/airflow/example_dags/example_short_circuit_operator.py
[2022-11-16T14:38:09.735+0000] {logging_mixin.py:137} INFO - [2022-11-16T14:38:09.735+0000] {dag.py:2585} INFO - Sync 1 DAGs
[2022-11-16T14:38:09.774+0000] {logging_mixin.py:137} INFO - [2022-11-16T14:38:09.774+0000] {dag.py:3340} INFO - Setting next_dagrun for example_short_circuit_operator to 2022-11-15T14:38:09.774018+00:00, run_after=2022-11-16T14:38:09.774018+00:00
[2022-11-16T14:38:09.808+0000] {processor.py:176} INFO - Processing /home/airflow/.local/lib/python3.7/site-packages/airflow/example_dags/example_short_circuit_operator.py took 0.165 seconds
[2022-11-16T14:38:40.454+0000] {processor.py:154} INFO - Started process (PID=4307) to work on /home/airflow/.local/lib/python3.7/site-packages/airflow/example_dags/example_short_circuit_operator.py
[2022-11-16T14:38:40.455+0000] {processor.py:756} INFO - Processing file /home/airflow/.local/lib/python3.7/site-packages/airflow/example_dags/example_short_circuit_operator.py for tasks to queue
[2022-11-16T14:38:40.456+0000] {logging_mixin.py:137} INFO - [2022-11-16T14:38:40.456+0000] {dagbag.py:537} INFO - Filling up the DagBag from /home/airflow/.local/lib/python3.7/site-packages/airflow/example_dags/example_short_circuit_operator.py
[2022-11-16T14:38:40.522+0000] {processor.py:766} INFO - DAG(s) dict_keys(['example_short_circuit_operator']) retrieved from /home/airflow/.local/lib/python3.7/site-packages/airflow/example_dags/example_short_circuit_operator.py
[2022-11-16T14:38:40.649+0000] {logging_mixin.py:137} INFO - [2022-11-16T14:38:40.649+0000] {dag.py:2585} INFO - Sync 1 DAGs
[2022-11-16T14:38:40.724+0000] {logging_mixin.py:137} INFO - [2022-11-16T14:38:40.724+0000] {dag.py:3340} INFO - Setting next_dagrun for example_short_circuit_operator to 2022-11-15T14:38:40.723972+00:00, run_after=2022-11-16T14:38:40.723972+00:00
[2022-11-16T14:38:40.774+0000] {processor.py:176} INFO - Processing /home/airflow/.local/lib/python3.7/site-packages/airflow/example_dags/example_short_circuit_operator.py took 0.325 seconds
[2022-11-16T14:39:11.046+0000] {processor.py:154} INFO - Started process (PID=4514) to work on /home/airflow/.local/lib/python3.7/site-packages/airflow/example_dags/example_short_circuit_operator.py
[2022-11-16T14:39:11.047+0000] {processor.py:756} INFO - Processing file /home/airflow/.local/lib/python3.7/site-packages/airflow/example_dags/example_short_circuit_operator.py for tasks to queue
[2022-11-16T14:39:11.048+0000] {logging_mixin.py:137} INFO - [2022-11-16T14:39:11.048+0000] {dagbag.py:537} INFO - Filling up the DagBag from /home/airflow/.local/lib/python3.7/site-packages/airflow/example_dags/example_short_circuit_operator.py
[2022-11-16T14:39:11.077+0000] {processor.py:766} INFO - DAG(s) dict_keys(['example_short_circuit_operator']) retrieved from /home/airflow/.local/lib/python3.7/site-packages/airflow/example_dags/example_short_circuit_operator.py
[2022-11-16T14:39:11.152+0000] {logging_mixin.py:137} INFO - [2022-11-16T14:39:11.151+0000] {dag.py:2585} INFO - Sync 1 DAGs
[2022-11-16T14:39:11.201+0000] {logging_mixin.py:137} INFO - [2022-11-16T14:39:11.201+0000] {dag.py:3340} INFO - Setting next_dagrun for example_short_circuit_operator to 2022-11-15T14:39:11.200338+00:00, run_after=2022-11-16T14:39:11.200338+00:00
[2022-11-16T14:39:11.242+0000] {processor.py:176} INFO - Processing /home/airflow/.local/lib/python3.7/site-packages/airflow/example_dags/example_short_circuit_operator.py took 0.202 seconds
[2022-11-16T14:39:41.544+0000] {processor.py:154} INFO - Started process (PID=4713) to work on /home/airflow/.local/lib/python3.7/site-packages/airflow/example_dags/example_short_circuit_operator.py
[2022-11-16T14:39:41.545+0000] {processor.py:756} INFO - Processing file /home/airflow/.local/lib/python3.7/site-packages/airflow/example_dags/example_short_circuit_operator.py for tasks to queue
[2022-11-16T14:39:41.545+0000] {logging_mixin.py:137} INFO - [2022-11-16T14:39:41.545+0000] {dagbag.py:537} INFO - Filling up the DagBag from /home/airflow/.local/lib/python3.7/site-packages/airflow/example_dags/example_short_circuit_operator.py
[2022-11-16T14:39:41.575+0000] {processor.py:766} INFO - DAG(s) dict_keys(['example_short_circuit_operator']) retrieved from /home/airflow/.local/lib/python3.7/site-packages/airflow/example_dags/example_short_circuit_operator.py
[2022-11-16T14:39:41.644+0000] {logging_mixin.py:137} INFO - [2022-11-16T14:39:41.644+0000] {dag.py:2585} INFO - Sync 1 DAGs
[2022-11-16T14:39:41.686+0000] {logging_mixin.py:137} INFO - [2022-11-16T14:39:41.686+0000] {dag.py:3340} INFO - Setting next_dagrun for example_short_circuit_operator to 2022-11-15T14:39:41.686149+00:00, run_after=2022-11-16T14:39:41.686149+00:00
[2022-11-16T14:39:41.726+0000] {processor.py:176} INFO - Processing /home/airflow/.local/lib/python3.7/site-packages/airflow/example_dags/example_short_circuit_operator.py took 0.189 seconds
[2022-11-16T14:40:12.896+0000] {processor.py:154} INFO - Started process (PID=4920) to work on /home/airflow/.local/lib/python3.7/site-packages/airflow/example_dags/example_short_circuit_operator.py
[2022-11-16T14:40:12.897+0000] {processor.py:756} INFO - Processing file /home/airflow/.local/lib/python3.7/site-packages/airflow/example_dags/example_short_circuit_operator.py for tasks to queue
[2022-11-16T14:40:12.898+0000] {logging_mixin.py:137} INFO - [2022-11-16T14:40:12.898+0000] {dagbag.py:537} INFO - Filling up the DagBag from /home/airflow/.local/lib/python3.7/site-packages/airflow/example_dags/example_short_circuit_operator.py
[2022-11-16T14:40:12.936+0000] {processor.py:766} INFO - DAG(s) dict_keys(['example_short_circuit_operator']) retrieved from /home/airflow/.local/lib/python3.7/site-packages/airflow/example_dags/example_short_circuit_operator.py
[2022-11-16T14:40:13.032+0000] {logging_mixin.py:137} INFO - [2022-11-16T14:40:13.032+0000] {dag.py:2585} INFO - Sync 1 DAGs
[2022-11-16T14:40:13.097+0000] {logging_mixin.py:137} INFO - [2022-11-16T14:40:13.097+0000] {dag.py:3340} INFO - Setting next_dagrun for example_short_circuit_operator to 2022-11-15T14:40:13.097328+00:00, run_after=2022-11-16T14:40:13.097328+00:00
[2022-11-16T14:40:13.136+0000] {processor.py:176} INFO - Processing /home/airflow/.local/lib/python3.7/site-packages/airflow/example_dags/example_short_circuit_operator.py took 0.246 seconds
[2022-11-16T14:40:43.805+0000] {processor.py:154} INFO - Started process (PID=5118) to work on /home/airflow/.local/lib/python3.7/site-packages/airflow/example_dags/example_short_circuit_operator.py
[2022-11-16T14:40:43.806+0000] {processor.py:756} INFO - Processing file /home/airflow/.local/lib/python3.7/site-packages/airflow/example_dags/example_short_circuit_operator.py for tasks to queue
[2022-11-16T14:40:43.807+0000] {logging_mixin.py:137} INFO - [2022-11-16T14:40:43.807+0000] {dagbag.py:537} INFO - Filling up the DagBag from /home/airflow/.local/lib/python3.7/site-packages/airflow/example_dags/example_short_circuit_operator.py
[2022-11-16T14:40:43.842+0000] {processor.py:766} INFO - DAG(s) dict_keys(['example_short_circuit_operator']) retrieved from /home/airflow/.local/lib/python3.7/site-packages/airflow/example_dags/example_short_circuit_operator.py
[2022-11-16T14:40:43.919+0000] {logging_mixin.py:137} INFO - [2022-11-16T14:40:43.919+0000] {dag.py:2585} INFO - Sync 1 DAGs
[2022-11-16T14:40:43.971+0000] {logging_mixin.py:137} INFO - [2022-11-16T14:40:43.971+0000] {dag.py:3340} INFO - Setting next_dagrun for example_short_circuit_operator to 2022-11-15T14:40:43.971355+00:00, run_after=2022-11-16T14:40:43.971355+00:00
[2022-11-16T14:40:44.014+0000] {processor.py:176} INFO - Processing /home/airflow/.local/lib/python3.7/site-packages/airflow/example_dags/example_short_circuit_operator.py took 0.213 seconds
[2022-11-16T14:41:16.047+0000] {processor.py:154} INFO - Started process (PID=5325) to work on /home/airflow/.local/lib/python3.7/site-packages/airflow/example_dags/example_short_circuit_operator.py
[2022-11-16T14:41:16.048+0000] {processor.py:756} INFO - Processing file /home/airflow/.local/lib/python3.7/site-packages/airflow/example_dags/example_short_circuit_operator.py for tasks to queue
[2022-11-16T14:41:16.049+0000] {logging_mixin.py:137} INFO - [2022-11-16T14:41:16.049+0000] {dagbag.py:537} INFO - Filling up the DagBag from /home/airflow/.local/lib/python3.7/site-packages/airflow/example_dags/example_short_circuit_operator.py
[2022-11-16T14:41:16.082+0000] {processor.py:766} INFO - DAG(s) dict_keys(['example_short_circuit_operator']) retrieved from /home/airflow/.local/lib/python3.7/site-packages/airflow/example_dags/example_short_circuit_operator.py
[2022-11-16T14:41:16.157+0000] {logging_mixin.py:137} INFO - [2022-11-16T14:41:16.156+0000] {dag.py:2585} INFO - Sync 1 DAGs
[2022-11-16T14:41:16.196+0000] {logging_mixin.py:137} INFO - [2022-11-16T14:41:16.195+0000] {dag.py:3340} INFO - Setting next_dagrun for example_short_circuit_operator to 2022-11-15T14:41:16.195608+00:00, run_after=2022-11-16T14:41:16.195608+00:00
[2022-11-16T14:41:16.228+0000] {processor.py:176} INFO - Processing /home/airflow/.local/lib/python3.7/site-packages/airflow/example_dags/example_short_circuit_operator.py took 0.186 seconds
[2022-11-16T14:41:46.998+0000] {processor.py:154} INFO - Started process (PID=5521) to work on /home/airflow/.local/lib/python3.7/site-packages/airflow/example_dags/example_short_circuit_operator.py
[2022-11-16T14:41:47.001+0000] {processor.py:756} INFO - Processing file /home/airflow/.local/lib/python3.7/site-packages/airflow/example_dags/example_short_circuit_operator.py for tasks to queue
[2022-11-16T14:41:47.001+0000] {logging_mixin.py:137} INFO - [2022-11-16T14:41:47.001+0000] {dagbag.py:537} INFO - Filling up the DagBag from /home/airflow/.local/lib/python3.7/site-packages/airflow/example_dags/example_short_circuit_operator.py
[2022-11-16T14:41:47.030+0000] {processor.py:766} INFO - DAG(s) dict_keys(['example_short_circuit_operator']) retrieved from /home/airflow/.local/lib/python3.7/site-packages/airflow/example_dags/example_short_circuit_operator.py
[2022-11-16T14:41:47.102+0000] {logging_mixin.py:137} INFO - [2022-11-16T14:41:47.101+0000] {dag.py:2585} INFO - Sync 1 DAGs
[2022-11-16T14:41:47.154+0000] {logging_mixin.py:137} INFO - [2022-11-16T14:41:47.154+0000] {dag.py:3340} INFO - Setting next_dagrun for example_short_circuit_operator to 2022-11-15T14:41:47.154163+00:00, run_after=2022-11-16T14:41:47.154163+00:00
[2022-11-16T14:41:47.192+0000] {processor.py:176} INFO - Processing /home/airflow/.local/lib/python3.7/site-packages/airflow/example_dags/example_short_circuit_operator.py took 0.200 seconds
[2022-11-16T14:42:17.529+0000] {processor.py:154} INFO - Started process (PID=5726) to work on /home/airflow/.local/lib/python3.7/site-packages/airflow/example_dags/example_short_circuit_operator.py
[2022-11-16T14:42:17.530+0000] {processor.py:756} INFO - Processing file /home/airflow/.local/lib/python3.7/site-packages/airflow/example_dags/example_short_circuit_operator.py for tasks to queue
[2022-11-16T14:42:17.531+0000] {logging_mixin.py:137} INFO - [2022-11-16T14:42:17.531+0000] {dagbag.py:537} INFO - Filling up the DagBag from /home/airflow/.local/lib/python3.7/site-packages/airflow/example_dags/example_short_circuit_operator.py
[2022-11-16T14:42:17.561+0000] {processor.py:766} INFO - DAG(s) dict_keys(['example_short_circuit_operator']) retrieved from /home/airflow/.local/lib/python3.7/site-packages/airflow/example_dags/example_short_circuit_operator.py
[2022-11-16T14:42:17.636+0000] {logging_mixin.py:137} INFO - [2022-11-16T14:42:17.635+0000] {dag.py:2585} INFO - Sync 1 DAGs
[2022-11-16T14:42:17.687+0000] {logging_mixin.py:137} INFO - [2022-11-16T14:42:17.686+0000] {dag.py:3340} INFO - Setting next_dagrun for example_short_circuit_operator to 2022-11-15T14:42:17.686548+00:00, run_after=2022-11-16T14:42:17.686548+00:00
[2022-11-16T14:42:17.737+0000] {processor.py:176} INFO - Processing /home/airflow/.local/lib/python3.7/site-packages/airflow/example_dags/example_short_circuit_operator.py took 0.213 seconds
[2022-11-16T14:42:48.513+0000] {processor.py:154} INFO - Started process (PID=5926) to work on /home/airflow/.local/lib/python3.7/site-packages/airflow/example_dags/example_short_circuit_operator.py
[2022-11-16T14:42:48.514+0000] {processor.py:756} INFO - Processing file /home/airflow/.local/lib/python3.7/site-packages/airflow/example_dags/example_short_circuit_operator.py for tasks to queue
[2022-11-16T14:42:48.515+0000] {logging_mixin.py:137} INFO - [2022-11-16T14:42:48.515+0000] {dagbag.py:537} INFO - Filling up the DagBag from /home/airflow/.local/lib/python3.7/site-packages/airflow/example_dags/example_short_circuit_operator.py
[2022-11-16T14:42:48.550+0000] {processor.py:766} INFO - DAG(s) dict_keys(['example_short_circuit_operator']) retrieved from /home/airflow/.local/lib/python3.7/site-packages/airflow/example_dags/example_short_circuit_operator.py
[2022-11-16T14:42:48.632+0000] {logging_mixin.py:137} INFO - [2022-11-16T14:42:48.632+0000] {dag.py:2585} INFO - Sync 1 DAGs
[2022-11-16T14:42:48.687+0000] {logging_mixin.py:137} INFO - [2022-11-16T14:42:48.687+0000] {dag.py:3340} INFO - Setting next_dagrun for example_short_circuit_operator to 2022-11-15T14:42:48.687330+00:00, run_after=2022-11-16T14:42:48.687330+00:00
[2022-11-16T14:42:48.727+0000] {processor.py:176} INFO - Processing /home/airflow/.local/lib/python3.7/site-packages/airflow/example_dags/example_short_circuit_operator.py took 0.221 seconds
[2022-11-16T14:43:18.815+0000] {processor.py:154} INFO - Started process (PID=6119) to work on /home/airflow/.local/lib/python3.7/site-packages/airflow/example_dags/example_short_circuit_operator.py
[2022-11-16T14:43:18.816+0000] {processor.py:756} INFO - Processing file /home/airflow/.local/lib/python3.7/site-packages/airflow/example_dags/example_short_circuit_operator.py for tasks to queue
[2022-11-16T14:43:18.817+0000] {logging_mixin.py:137} INFO - [2022-11-16T14:43:18.817+0000] {dagbag.py:537} INFO - Filling up the DagBag from /home/airflow/.local/lib/python3.7/site-packages/airflow/example_dags/example_short_circuit_operator.py
[2022-11-16T14:43:18.859+0000] {processor.py:766} INFO - DAG(s) dict_keys(['example_short_circuit_operator']) retrieved from /home/airflow/.local/lib/python3.7/site-packages/airflow/example_dags/example_short_circuit_operator.py
[2022-11-16T14:43:18.989+0000] {logging_mixin.py:137} INFO - [2022-11-16T14:43:18.988+0000] {dag.py:2585} INFO - Sync 1 DAGs
[2022-11-16T14:43:19.047+0000] {logging_mixin.py:137} INFO - [2022-11-16T14:43:19.047+0000] {dag.py:3340} INFO - Setting next_dagrun for example_short_circuit_operator to 2022-11-15T14:43:19.047402+00:00, run_after=2022-11-16T14:43:19.047402+00:00
[2022-11-16T14:43:19.091+0000] {processor.py:176} INFO - Processing /home/airflow/.local/lib/python3.7/site-packages/airflow/example_dags/example_short_circuit_operator.py took 0.280 seconds
[2022-11-16T14:43:49.532+0000] {processor.py:154} INFO - Started process (PID=6326) to work on /home/airflow/.local/lib/python3.7/site-packages/airflow/example_dags/example_short_circuit_operator.py
[2022-11-16T14:43:49.534+0000] {processor.py:756} INFO - Processing file /home/airflow/.local/lib/python3.7/site-packages/airflow/example_dags/example_short_circuit_operator.py for tasks to queue
[2022-11-16T14:43:49.535+0000] {logging_mixin.py:137} INFO - [2022-11-16T14:43:49.535+0000] {dagbag.py:537} INFO - Filling up the DagBag from /home/airflow/.local/lib/python3.7/site-packages/airflow/example_dags/example_short_circuit_operator.py
[2022-11-16T14:43:49.559+0000] {processor.py:766} INFO - DAG(s) dict_keys(['example_short_circuit_operator']) retrieved from /home/airflow/.local/lib/python3.7/site-packages/airflow/example_dags/example_short_circuit_operator.py
[2022-11-16T14:43:49.635+0000] {logging_mixin.py:137} INFO - [2022-11-16T14:43:49.635+0000] {dag.py:2585} INFO - Sync 1 DAGs
[2022-11-16T14:43:49.685+0000] {logging_mixin.py:137} INFO - [2022-11-16T14:43:49.685+0000] {dag.py:3340} INFO - Setting next_dagrun for example_short_circuit_operator to 2022-11-15T14:43:49.685133+00:00, run_after=2022-11-16T14:43:49.685133+00:00
[2022-11-16T14:43:49.726+0000] {processor.py:176} INFO - Processing /home/airflow/.local/lib/python3.7/site-packages/airflow/example_dags/example_short_circuit_operator.py took 0.200 seconds
[2022-11-16T14:44:20.119+0000] {processor.py:154} INFO - Started process (PID=6524) to work on /home/airflow/.local/lib/python3.7/site-packages/airflow/example_dags/example_short_circuit_operator.py
[2022-11-16T14:44:20.120+0000] {processor.py:756} INFO - Processing file /home/airflow/.local/lib/python3.7/site-packages/airflow/example_dags/example_short_circuit_operator.py for tasks to queue
[2022-11-16T14:44:20.121+0000] {logging_mixin.py:137} INFO - [2022-11-16T14:44:20.121+0000] {dagbag.py:537} INFO - Filling up the DagBag from /home/airflow/.local/lib/python3.7/site-packages/airflow/example_dags/example_short_circuit_operator.py
[2022-11-16T14:44:20.146+0000] {processor.py:766} INFO - DAG(s) dict_keys(['example_short_circuit_operator']) retrieved from /home/airflow/.local/lib/python3.7/site-packages/airflow/example_dags/example_short_circuit_operator.py
[2022-11-16T14:44:20.216+0000] {logging_mixin.py:137} INFO - [2022-11-16T14:44:20.216+0000] {dag.py:2585} INFO - Sync 1 DAGs
[2022-11-16T14:44:20.301+0000] {logging_mixin.py:137} INFO - [2022-11-16T14:44:20.300+0000] {dag.py:3340} INFO - Setting next_dagrun for example_short_circuit_operator to 2022-11-15T14:44:20.300464+00:00, run_after=2022-11-16T14:44:20.300464+00:00
[2022-11-16T14:44:20.429+0000] {processor.py:176} INFO - Processing /home/airflow/.local/lib/python3.7/site-packages/airflow/example_dags/example_short_circuit_operator.py took 0.314 seconds
[2022-11-16T14:44:50.507+0000] {processor.py:154} INFO - Started process (PID=6731) to work on /home/airflow/.local/lib/python3.7/site-packages/airflow/example_dags/example_short_circuit_operator.py
[2022-11-16T14:44:50.509+0000] {processor.py:756} INFO - Processing file /home/airflow/.local/lib/python3.7/site-packages/airflow/example_dags/example_short_circuit_operator.py for tasks to queue
[2022-11-16T14:44:50.511+0000] {logging_mixin.py:137} INFO - [2022-11-16T14:44:50.511+0000] {dagbag.py:537} INFO - Filling up the DagBag from /home/airflow/.local/lib/python3.7/site-packages/airflow/example_dags/example_short_circuit_operator.py
[2022-11-16T14:44:50.537+0000] {processor.py:766} INFO - DAG(s) dict_keys(['example_short_circuit_operator']) retrieved from /home/airflow/.local/lib/python3.7/site-packages/airflow/example_dags/example_short_circuit_operator.py
[2022-11-16T14:44:50.606+0000] {logging_mixin.py:137} INFO - [2022-11-16T14:44:50.606+0000] {dag.py:2585} INFO - Sync 1 DAGs
[2022-11-16T14:44:50.652+0000] {logging_mixin.py:137} INFO - [2022-11-16T14:44:50.652+0000] {dag.py:3340} INFO - Setting next_dagrun for example_short_circuit_operator to 2022-11-15T14:44:50.651833+00:00, run_after=2022-11-16T14:44:50.651833+00:00
[2022-11-16T14:44:50.685+0000] {processor.py:176} INFO - Processing /home/airflow/.local/lib/python3.7/site-packages/airflow/example_dags/example_short_circuit_operator.py took 0.182 seconds
[2022-11-16T14:45:20.857+0000] {processor.py:154} INFO - Started process (PID=6928) to work on /home/airflow/.local/lib/python3.7/site-packages/airflow/example_dags/example_short_circuit_operator.py
[2022-11-16T14:45:20.858+0000] {processor.py:756} INFO - Processing file /home/airflow/.local/lib/python3.7/site-packages/airflow/example_dags/example_short_circuit_operator.py for tasks to queue
[2022-11-16T14:45:20.859+0000] {logging_mixin.py:137} INFO - [2022-11-16T14:45:20.859+0000] {dagbag.py:537} INFO - Filling up the DagBag from /home/airflow/.local/lib/python3.7/site-packages/airflow/example_dags/example_short_circuit_operator.py
[2022-11-16T14:45:20.892+0000] {processor.py:766} INFO - DAG(s) dict_keys(['example_short_circuit_operator']) retrieved from /home/airflow/.local/lib/python3.7/site-packages/airflow/example_dags/example_short_circuit_operator.py
[2022-11-16T14:45:20.960+0000] {logging_mixin.py:137} INFO - [2022-11-16T14:45:20.959+0000] {dag.py:2585} INFO - Sync 1 DAGs
[2022-11-16T14:45:20.997+0000] {logging_mixin.py:137} INFO - [2022-11-16T14:45:20.997+0000] {dag.py:3340} INFO - Setting next_dagrun for example_short_circuit_operator to 2022-11-15T14:45:20.996754+00:00, run_after=2022-11-16T14:45:20.996754+00:00
[2022-11-16T14:45:21.030+0000] {processor.py:176} INFO - Processing /home/airflow/.local/lib/python3.7/site-packages/airflow/example_dags/example_short_circuit_operator.py took 0.178 seconds
