[2022-11-16T14:28:17.572+0000] {processor.py:154} INFO - Started process (PID=203) to work on /home/airflow/.local/lib/python3.7/site-packages/airflow/example_dags/example_task_group_decorator.py
[2022-11-16T14:28:17.573+0000] {processor.py:756} INFO - Processing file /home/airflow/.local/lib/python3.7/site-packages/airflow/example_dags/example_task_group_decorator.py for tasks to queue
[2022-11-16T14:28:17.574+0000] {logging_mixin.py:137} INFO - [2022-11-16T14:28:17.574+0000] {dagbag.py:537} INFO - Filling up the DagBag from /home/airflow/.local/lib/python3.7/site-packages/airflow/example_dags/example_task_group_decorator.py
[2022-11-16T14:28:17.621+0000] {processor.py:766} INFO - DAG(s) dict_keys(['example_task_group_decorator']) retrieved from /home/airflow/.local/lib/python3.7/site-packages/airflow/example_dags/example_task_group_decorator.py
[2022-11-16T14:28:17.694+0000] {logging_mixin.py:137} INFO - [2022-11-16T14:28:17.694+0000] {dag.py:2585} INFO - Sync 1 DAGs
[2022-11-16T14:28:17.739+0000] {logging_mixin.py:137} INFO - [2022-11-16T14:28:17.739+0000] {dag.py:3340} INFO - Setting next_dagrun for example_task_group_decorator to 2022-11-15T14:28:17.739104+00:00, run_after=2022-11-16T14:28:17.739104+00:00
[2022-11-16T14:28:17.777+0000] {processor.py:176} INFO - Processing /home/airflow/.local/lib/python3.7/site-packages/airflow/example_dags/example_task_group_decorator.py took 0.209 seconds
[2022-11-16T14:28:47.966+0000] {processor.py:154} INFO - Started process (PID=396) to work on /home/airflow/.local/lib/python3.7/site-packages/airflow/example_dags/example_task_group_decorator.py
[2022-11-16T14:28:47.967+0000] {processor.py:756} INFO - Processing file /home/airflow/.local/lib/python3.7/site-packages/airflow/example_dags/example_task_group_decorator.py for tasks to queue
[2022-11-16T14:28:47.967+0000] {logging_mixin.py:137} INFO - [2022-11-16T14:28:47.967+0000] {dagbag.py:537} INFO - Filling up the DagBag from /home/airflow/.local/lib/python3.7/site-packages/airflow/example_dags/example_task_group_decorator.py
[2022-11-16T14:28:48.032+0000] {processor.py:766} INFO - DAG(s) dict_keys(['example_task_group_decorator']) retrieved from /home/airflow/.local/lib/python3.7/site-packages/airflow/example_dags/example_task_group_decorator.py
[2022-11-16T14:28:48.114+0000] {logging_mixin.py:137} INFO - [2022-11-16T14:28:48.113+0000] {dag.py:2585} INFO - Sync 1 DAGs
[2022-11-16T14:28:48.171+0000] {logging_mixin.py:137} INFO - [2022-11-16T14:28:48.170+0000] {dag.py:3340} INFO - Setting next_dagrun for example_task_group_decorator to 2022-11-15T14:28:48.170493+00:00, run_after=2022-11-16T14:28:48.170493+00:00
[2022-11-16T14:28:48.210+0000] {processor.py:176} INFO - Processing /home/airflow/.local/lib/python3.7/site-packages/airflow/example_dags/example_task_group_decorator.py took 0.247 seconds
[2022-11-16T14:29:20.217+0000] {processor.py:154} INFO - Started process (PID=605) to work on /home/airflow/.local/lib/python3.7/site-packages/airflow/example_dags/example_task_group_decorator.py
[2022-11-16T14:29:20.218+0000] {processor.py:756} INFO - Processing file /home/airflow/.local/lib/python3.7/site-packages/airflow/example_dags/example_task_group_decorator.py for tasks to queue
[2022-11-16T14:29:20.219+0000] {logging_mixin.py:137} INFO - [2022-11-16T14:29:20.219+0000] {dagbag.py:537} INFO - Filling up the DagBag from /home/airflow/.local/lib/python3.7/site-packages/airflow/example_dags/example_task_group_decorator.py
[2022-11-16T14:29:20.293+0000] {processor.py:766} INFO - DAG(s) dict_keys(['example_task_group_decorator']) retrieved from /home/airflow/.local/lib/python3.7/site-packages/airflow/example_dags/example_task_group_decorator.py
[2022-11-16T14:29:20.384+0000] {logging_mixin.py:137} INFO - [2022-11-16T14:29:20.382+0000] {dag.py:2585} INFO - Sync 1 DAGs
[2022-11-16T14:29:20.430+0000] {logging_mixin.py:137} INFO - [2022-11-16T14:29:20.429+0000] {dag.py:3340} INFO - Setting next_dagrun for example_task_group_decorator to 2022-11-15T14:29:20.429429+00:00, run_after=2022-11-16T14:29:20.429429+00:00
[2022-11-16T14:29:20.463+0000] {processor.py:176} INFO - Processing /home/airflow/.local/lib/python3.7/site-packages/airflow/example_dags/example_task_group_decorator.py took 0.258 seconds
[2022-11-16T14:29:51.168+0000] {processor.py:154} INFO - Started process (PID=804) to work on /home/airflow/.local/lib/python3.7/site-packages/airflow/example_dags/example_task_group_decorator.py
[2022-11-16T14:29:51.169+0000] {processor.py:756} INFO - Processing file /home/airflow/.local/lib/python3.7/site-packages/airflow/example_dags/example_task_group_decorator.py for tasks to queue
[2022-11-16T14:29:51.170+0000] {logging_mixin.py:137} INFO - [2022-11-16T14:29:51.170+0000] {dagbag.py:537} INFO - Filling up the DagBag from /home/airflow/.local/lib/python3.7/site-packages/airflow/example_dags/example_task_group_decorator.py
[2022-11-16T14:29:51.212+0000] {processor.py:766} INFO - DAG(s) dict_keys(['example_task_group_decorator']) retrieved from /home/airflow/.local/lib/python3.7/site-packages/airflow/example_dags/example_task_group_decorator.py
[2022-11-16T14:29:51.269+0000] {logging_mixin.py:137} INFO - [2022-11-16T14:29:51.269+0000] {dag.py:2585} INFO - Sync 1 DAGs
[2022-11-16T14:29:51.304+0000] {logging_mixin.py:137} INFO - [2022-11-16T14:29:51.304+0000] {dag.py:3340} INFO - Setting next_dagrun for example_task_group_decorator to 2022-11-15T14:29:51.304473+00:00, run_after=2022-11-16T14:29:51.304473+00:00
[2022-11-16T14:29:51.340+0000] {processor.py:176} INFO - Processing /home/airflow/.local/lib/python3.7/site-packages/airflow/example_dags/example_task_group_decorator.py took 0.176 seconds
[2022-11-16T14:30:21.804+0000] {processor.py:154} INFO - Started process (PID=1006) to work on /home/airflow/.local/lib/python3.7/site-packages/airflow/example_dags/example_task_group_decorator.py
[2022-11-16T14:30:21.805+0000] {processor.py:756} INFO - Processing file /home/airflow/.local/lib/python3.7/site-packages/airflow/example_dags/example_task_group_decorator.py for tasks to queue
[2022-11-16T14:30:21.806+0000] {logging_mixin.py:137} INFO - [2022-11-16T14:30:21.806+0000] {dagbag.py:537} INFO - Filling up the DagBag from /home/airflow/.local/lib/python3.7/site-packages/airflow/example_dags/example_task_group_decorator.py
[2022-11-16T14:30:21.884+0000] {processor.py:766} INFO - DAG(s) dict_keys(['example_task_group_decorator']) retrieved from /home/airflow/.local/lib/python3.7/site-packages/airflow/example_dags/example_task_group_decorator.py
[2022-11-16T14:30:22.005+0000] {logging_mixin.py:137} INFO - [2022-11-16T14:30:22.004+0000] {dag.py:2585} INFO - Sync 1 DAGs
[2022-11-16T14:30:22.077+0000] {logging_mixin.py:137} INFO - [2022-11-16T14:30:22.076+0000] {dag.py:3340} INFO - Setting next_dagrun for example_task_group_decorator to 2022-11-15T14:30:22.076555+00:00, run_after=2022-11-16T14:30:22.076555+00:00
[2022-11-16T14:30:22.139+0000] {processor.py:176} INFO - Processing /home/airflow/.local/lib/python3.7/site-packages/airflow/example_dags/example_task_group_decorator.py took 0.340 seconds
[2022-11-16T14:30:52.233+0000] {processor.py:154} INFO - Started process (PID=1205) to work on /home/airflow/.local/lib/python3.7/site-packages/airflow/example_dags/example_task_group_decorator.py
[2022-11-16T14:30:52.234+0000] {processor.py:756} INFO - Processing file /home/airflow/.local/lib/python3.7/site-packages/airflow/example_dags/example_task_group_decorator.py for tasks to queue
[2022-11-16T14:30:52.235+0000] {logging_mixin.py:137} INFO - [2022-11-16T14:30:52.235+0000] {dagbag.py:537} INFO - Filling up the DagBag from /home/airflow/.local/lib/python3.7/site-packages/airflow/example_dags/example_task_group_decorator.py
[2022-11-16T14:30:52.298+0000] {processor.py:766} INFO - DAG(s) dict_keys(['example_task_group_decorator']) retrieved from /home/airflow/.local/lib/python3.7/site-packages/airflow/example_dags/example_task_group_decorator.py
[2022-11-16T14:30:52.369+0000] {logging_mixin.py:137} INFO - [2022-11-16T14:30:52.369+0000] {dag.py:2585} INFO - Sync 1 DAGs
[2022-11-16T14:30:52.407+0000] {logging_mixin.py:137} INFO - [2022-11-16T14:30:52.406+0000] {dag.py:3340} INFO - Setting next_dagrun for example_task_group_decorator to 2022-11-15T14:30:52.406705+00:00, run_after=2022-11-16T14:30:52.406705+00:00
[2022-11-16T14:30:52.433+0000] {processor.py:176} INFO - Processing /home/airflow/.local/lib/python3.7/site-packages/airflow/example_dags/example_task_group_decorator.py took 0.206 seconds
[2022-11-16T14:31:22.720+0000] {processor.py:154} INFO - Started process (PID=1404) to work on /home/airflow/.local/lib/python3.7/site-packages/airflow/example_dags/example_task_group_decorator.py
[2022-11-16T14:31:22.721+0000] {processor.py:756} INFO - Processing file /home/airflow/.local/lib/python3.7/site-packages/airflow/example_dags/example_task_group_decorator.py for tasks to queue
[2022-11-16T14:31:22.722+0000] {logging_mixin.py:137} INFO - [2022-11-16T14:31:22.721+0000] {dagbag.py:537} INFO - Filling up the DagBag from /home/airflow/.local/lib/python3.7/site-packages/airflow/example_dags/example_task_group_decorator.py
[2022-11-16T14:31:22.773+0000] {processor.py:766} INFO - DAG(s) dict_keys(['example_task_group_decorator']) retrieved from /home/airflow/.local/lib/python3.7/site-packages/airflow/example_dags/example_task_group_decorator.py
[2022-11-16T14:31:22.842+0000] {logging_mixin.py:137} INFO - [2022-11-16T14:31:22.841+0000] {dag.py:2585} INFO - Sync 1 DAGs
[2022-11-16T14:31:22.877+0000] {logging_mixin.py:137} INFO - [2022-11-16T14:31:22.877+0000] {dag.py:3340} INFO - Setting next_dagrun for example_task_group_decorator to 2022-11-15T14:31:22.877439+00:00, run_after=2022-11-16T14:31:22.877439+00:00
[2022-11-16T14:31:22.903+0000] {processor.py:176} INFO - Processing /home/airflow/.local/lib/python3.7/site-packages/airflow/example_dags/example_task_group_decorator.py took 0.188 seconds
[2022-11-16T14:31:53.590+0000] {processor.py:154} INFO - Started process (PID=1609) to work on /home/airflow/.local/lib/python3.7/site-packages/airflow/example_dags/example_task_group_decorator.py
[2022-11-16T14:31:53.592+0000] {processor.py:756} INFO - Processing file /home/airflow/.local/lib/python3.7/site-packages/airflow/example_dags/example_task_group_decorator.py for tasks to queue
[2022-11-16T14:31:53.594+0000] {logging_mixin.py:137} INFO - [2022-11-16T14:31:53.593+0000] {dagbag.py:537} INFO - Filling up the DagBag from /home/airflow/.local/lib/python3.7/site-packages/airflow/example_dags/example_task_group_decorator.py
[2022-11-16T14:31:53.648+0000] {processor.py:766} INFO - DAG(s) dict_keys(['example_task_group_decorator']) retrieved from /home/airflow/.local/lib/python3.7/site-packages/airflow/example_dags/example_task_group_decorator.py
[2022-11-16T14:31:53.718+0000] {logging_mixin.py:137} INFO - [2022-11-16T14:31:53.718+0000] {dag.py:2585} INFO - Sync 1 DAGs
[2022-11-16T14:31:53.760+0000] {logging_mixin.py:137} INFO - [2022-11-16T14:31:53.760+0000] {dag.py:3340} INFO - Setting next_dagrun for example_task_group_decorator to 2022-11-15T14:31:53.760183+00:00, run_after=2022-11-16T14:31:53.760183+00:00
[2022-11-16T14:31:53.793+0000] {processor.py:176} INFO - Processing /home/airflow/.local/lib/python3.7/site-packages/airflow/example_dags/example_task_group_decorator.py took 0.209 seconds
[2022-11-16T14:32:23.946+0000] {processor.py:154} INFO - Started process (PID=1809) to work on /home/airflow/.local/lib/python3.7/site-packages/airflow/example_dags/example_task_group_decorator.py
[2022-11-16T14:32:23.948+0000] {processor.py:756} INFO - Processing file /home/airflow/.local/lib/python3.7/site-packages/airflow/example_dags/example_task_group_decorator.py for tasks to queue
[2022-11-16T14:32:23.949+0000] {logging_mixin.py:137} INFO - [2022-11-16T14:32:23.949+0000] {dagbag.py:537} INFO - Filling up the DagBag from /home/airflow/.local/lib/python3.7/site-packages/airflow/example_dags/example_task_group_decorator.py
[2022-11-16T14:32:23.994+0000] {processor.py:766} INFO - DAG(s) dict_keys(['example_task_group_decorator']) retrieved from /home/airflow/.local/lib/python3.7/site-packages/airflow/example_dags/example_task_group_decorator.py
[2022-11-16T14:32:24.056+0000] {logging_mixin.py:137} INFO - [2022-11-16T14:32:24.056+0000] {dag.py:2585} INFO - Sync 1 DAGs
[2022-11-16T14:32:24.099+0000] {logging_mixin.py:137} INFO - [2022-11-16T14:32:24.099+0000] {dag.py:3340} INFO - Setting next_dagrun for example_task_group_decorator to 2022-11-15T14:32:24.098535+00:00, run_after=2022-11-16T14:32:24.098535+00:00
[2022-11-16T14:32:24.129+0000] {processor.py:176} INFO - Processing /home/airflow/.local/lib/python3.7/site-packages/airflow/example_dags/example_task_group_decorator.py took 0.189 seconds
[2022-11-16T14:32:54.523+0000] {processor.py:154} INFO - Started process (PID=2012) to work on /home/airflow/.local/lib/python3.7/site-packages/airflow/example_dags/example_task_group_decorator.py
[2022-11-16T14:32:54.524+0000] {processor.py:756} INFO - Processing file /home/airflow/.local/lib/python3.7/site-packages/airflow/example_dags/example_task_group_decorator.py for tasks to queue
[2022-11-16T14:32:54.526+0000] {logging_mixin.py:137} INFO - [2022-11-16T14:32:54.525+0000] {dagbag.py:537} INFO - Filling up the DagBag from /home/airflow/.local/lib/python3.7/site-packages/airflow/example_dags/example_task_group_decorator.py
[2022-11-16T14:32:54.628+0000] {processor.py:766} INFO - DAG(s) dict_keys(['example_task_group_decorator']) retrieved from /home/airflow/.local/lib/python3.7/site-packages/airflow/example_dags/example_task_group_decorator.py
[2022-11-16T14:32:54.744+0000] {logging_mixin.py:137} INFO - [2022-11-16T14:32:54.744+0000] {dag.py:2585} INFO - Sync 1 DAGs
[2022-11-16T14:32:54.794+0000] {logging_mixin.py:137} INFO - [2022-11-16T14:32:54.794+0000] {dag.py:3340} INFO - Setting next_dagrun for example_task_group_decorator to 2022-11-15T14:32:54.794351+00:00, run_after=2022-11-16T14:32:54.794351+00:00
[2022-11-16T14:32:54.835+0000] {processor.py:176} INFO - Processing /home/airflow/.local/lib/python3.7/site-packages/airflow/example_dags/example_task_group_decorator.py took 0.317 seconds
[2022-11-16T14:33:25.091+0000] {processor.py:154} INFO - Started process (PID=2212) to work on /home/airflow/.local/lib/python3.7/site-packages/airflow/example_dags/example_task_group_decorator.py
[2022-11-16T14:33:25.093+0000] {processor.py:756} INFO - Processing file /home/airflow/.local/lib/python3.7/site-packages/airflow/example_dags/example_task_group_decorator.py for tasks to queue
[2022-11-16T14:33:25.095+0000] {logging_mixin.py:137} INFO - [2022-11-16T14:33:25.095+0000] {dagbag.py:537} INFO - Filling up the DagBag from /home/airflow/.local/lib/python3.7/site-packages/airflow/example_dags/example_task_group_decorator.py
[2022-11-16T14:33:25.138+0000] {processor.py:766} INFO - DAG(s) dict_keys(['example_task_group_decorator']) retrieved from /home/airflow/.local/lib/python3.7/site-packages/airflow/example_dags/example_task_group_decorator.py
[2022-11-16T14:33:25.215+0000] {logging_mixin.py:137} INFO - [2022-11-16T14:33:25.215+0000] {dag.py:2585} INFO - Sync 1 DAGs
[2022-11-16T14:33:25.262+0000] {logging_mixin.py:137} INFO - [2022-11-16T14:33:25.262+0000] {dag.py:3340} INFO - Setting next_dagrun for example_task_group_decorator to 2022-11-15T14:33:25.262007+00:00, run_after=2022-11-16T14:33:25.262007+00:00
[2022-11-16T14:33:25.297+0000] {processor.py:176} INFO - Processing /home/airflow/.local/lib/python3.7/site-packages/airflow/example_dags/example_task_group_decorator.py took 0.210 seconds
[2022-11-16T14:33:56.267+0000] {processor.py:154} INFO - Started process (PID=2414) to work on /home/airflow/.local/lib/python3.7/site-packages/airflow/example_dags/example_task_group_decorator.py
[2022-11-16T14:33:56.270+0000] {processor.py:756} INFO - Processing file /home/airflow/.local/lib/python3.7/site-packages/airflow/example_dags/example_task_group_decorator.py for tasks to queue
[2022-11-16T14:33:56.272+0000] {logging_mixin.py:137} INFO - [2022-11-16T14:33:56.271+0000] {dagbag.py:537} INFO - Filling up the DagBag from /home/airflow/.local/lib/python3.7/site-packages/airflow/example_dags/example_task_group_decorator.py
[2022-11-16T14:33:56.351+0000] {processor.py:766} INFO - DAG(s) dict_keys(['example_task_group_decorator']) retrieved from /home/airflow/.local/lib/python3.7/site-packages/airflow/example_dags/example_task_group_decorator.py
[2022-11-16T14:33:56.499+0000] {logging_mixin.py:137} INFO - [2022-11-16T14:33:56.498+0000] {dag.py:2585} INFO - Sync 1 DAGs
[2022-11-16T14:33:56.612+0000] {logging_mixin.py:137} INFO - [2022-11-16T14:33:56.612+0000] {dag.py:3340} INFO - Setting next_dagrun for example_task_group_decorator to 2022-11-15T14:33:56.611464+00:00, run_after=2022-11-16T14:33:56.611464+00:00
[2022-11-16T14:33:56.763+0000] {processor.py:176} INFO - Processing /home/airflow/.local/lib/python3.7/site-packages/airflow/example_dags/example_task_group_decorator.py took 0.506 seconds
[2022-11-16T14:34:26.849+0000] {processor.py:154} INFO - Started process (PID=2632) to work on /home/airflow/.local/lib/python3.7/site-packages/airflow/example_dags/example_task_group_decorator.py
[2022-11-16T14:34:26.850+0000] {processor.py:756} INFO - Processing file /home/airflow/.local/lib/python3.7/site-packages/airflow/example_dags/example_task_group_decorator.py for tasks to queue
[2022-11-16T14:34:26.851+0000] {logging_mixin.py:137} INFO - [2022-11-16T14:34:26.851+0000] {dagbag.py:537} INFO - Filling up the DagBag from /home/airflow/.local/lib/python3.7/site-packages/airflow/example_dags/example_task_group_decorator.py
[2022-11-16T14:34:26.894+0000] {processor.py:766} INFO - DAG(s) dict_keys(['example_task_group_decorator']) retrieved from /home/airflow/.local/lib/python3.7/site-packages/airflow/example_dags/example_task_group_decorator.py
[2022-11-16T14:34:26.969+0000] {logging_mixin.py:137} INFO - [2022-11-16T14:34:26.969+0000] {dag.py:2585} INFO - Sync 1 DAGs
[2022-11-16T14:34:27.008+0000] {logging_mixin.py:137} INFO - [2022-11-16T14:34:27.008+0000] {dag.py:3340} INFO - Setting next_dagrun for example_task_group_decorator to 2022-11-15T14:34:27.007806+00:00, run_after=2022-11-16T14:34:27.007806+00:00
[2022-11-16T14:34:27.041+0000] {processor.py:176} INFO - Processing /home/airflow/.local/lib/python3.7/site-packages/airflow/example_dags/example_task_group_decorator.py took 0.197 seconds
[2022-11-16T14:34:58.060+0000] {processor.py:154} INFO - Started process (PID=2832) to work on /home/airflow/.local/lib/python3.7/site-packages/airflow/example_dags/example_task_group_decorator.py
[2022-11-16T14:34:58.061+0000] {processor.py:756} INFO - Processing file /home/airflow/.local/lib/python3.7/site-packages/airflow/example_dags/example_task_group_decorator.py for tasks to queue
[2022-11-16T14:34:58.063+0000] {logging_mixin.py:137} INFO - [2022-11-16T14:34:58.063+0000] {dagbag.py:537} INFO - Filling up the DagBag from /home/airflow/.local/lib/python3.7/site-packages/airflow/example_dags/example_task_group_decorator.py
[2022-11-16T14:34:58.108+0000] {processor.py:766} INFO - DAG(s) dict_keys(['example_task_group_decorator']) retrieved from /home/airflow/.local/lib/python3.7/site-packages/airflow/example_dags/example_task_group_decorator.py
[2022-11-16T14:34:58.173+0000] {logging_mixin.py:137} INFO - [2022-11-16T14:34:58.172+0000] {dag.py:2585} INFO - Sync 1 DAGs
[2022-11-16T14:34:58.216+0000] {logging_mixin.py:137} INFO - [2022-11-16T14:34:58.216+0000] {dag.py:3340} INFO - Setting next_dagrun for example_task_group_decorator to 2022-11-15T14:34:58.216346+00:00, run_after=2022-11-16T14:34:58.216346+00:00
[2022-11-16T14:34:58.250+0000] {processor.py:176} INFO - Processing /home/airflow/.local/lib/python3.7/site-packages/airflow/example_dags/example_task_group_decorator.py took 0.194 seconds
[2022-11-16T14:35:28.548+0000] {processor.py:154} INFO - Started process (PID=3026) to work on /home/airflow/.local/lib/python3.7/site-packages/airflow/example_dags/example_task_group_decorator.py
[2022-11-16T14:35:28.553+0000] {processor.py:756} INFO - Processing file /home/airflow/.local/lib/python3.7/site-packages/airflow/example_dags/example_task_group_decorator.py for tasks to queue
[2022-11-16T14:35:28.555+0000] {logging_mixin.py:137} INFO - [2022-11-16T14:35:28.555+0000] {dagbag.py:537} INFO - Filling up the DagBag from /home/airflow/.local/lib/python3.7/site-packages/airflow/example_dags/example_task_group_decorator.py
[2022-11-16T14:35:28.656+0000] {processor.py:766} INFO - DAG(s) dict_keys(['example_task_group_decorator']) retrieved from /home/airflow/.local/lib/python3.7/site-packages/airflow/example_dags/example_task_group_decorator.py
[2022-11-16T14:35:28.932+0000] {logging_mixin.py:137} INFO - [2022-11-16T14:35:28.932+0000] {dag.py:2585} INFO - Sync 1 DAGs
[2022-11-16T14:35:29.084+0000] {logging_mixin.py:137} INFO - [2022-11-16T14:35:29.083+0000] {dag.py:3340} INFO - Setting next_dagrun for example_task_group_decorator to 2022-11-15T14:35:29.082713+00:00, run_after=2022-11-16T14:35:29.082713+00:00
[2022-11-16T14:35:29.146+0000] {processor.py:176} INFO - Processing /home/airflow/.local/lib/python3.7/site-packages/airflow/example_dags/example_task_group_decorator.py took 0.626 seconds
[2022-11-16T14:35:59.535+0000] {processor.py:154} INFO - Started process (PID=3233) to work on /home/airflow/.local/lib/python3.7/site-packages/airflow/example_dags/example_task_group_decorator.py
[2022-11-16T14:35:59.536+0000] {processor.py:756} INFO - Processing file /home/airflow/.local/lib/python3.7/site-packages/airflow/example_dags/example_task_group_decorator.py for tasks to queue
[2022-11-16T14:35:59.536+0000] {logging_mixin.py:137} INFO - [2022-11-16T14:35:59.536+0000] {dagbag.py:537} INFO - Filling up the DagBag from /home/airflow/.local/lib/python3.7/site-packages/airflow/example_dags/example_task_group_decorator.py
[2022-11-16T14:35:59.578+0000] {processor.py:766} INFO - DAG(s) dict_keys(['example_task_group_decorator']) retrieved from /home/airflow/.local/lib/python3.7/site-packages/airflow/example_dags/example_task_group_decorator.py
[2022-11-16T14:35:59.646+0000] {logging_mixin.py:137} INFO - [2022-11-16T14:35:59.646+0000] {dag.py:2585} INFO - Sync 1 DAGs
[2022-11-16T14:35:59.685+0000] {logging_mixin.py:137} INFO - [2022-11-16T14:35:59.685+0000] {dag.py:3340} INFO - Setting next_dagrun for example_task_group_decorator to 2022-11-15T14:35:59.684878+00:00, run_after=2022-11-16T14:35:59.684878+00:00
[2022-11-16T14:35:59.715+0000] {processor.py:176} INFO - Processing /home/airflow/.local/lib/python3.7/site-packages/airflow/example_dags/example_task_group_decorator.py took 0.184 seconds
[2022-11-16T14:36:30.342+0000] {processor.py:154} INFO - Started process (PID=3430) to work on /home/airflow/.local/lib/python3.7/site-packages/airflow/example_dags/example_task_group_decorator.py
[2022-11-16T14:36:30.343+0000] {processor.py:756} INFO - Processing file /home/airflow/.local/lib/python3.7/site-packages/airflow/example_dags/example_task_group_decorator.py for tasks to queue
[2022-11-16T14:36:30.344+0000] {logging_mixin.py:137} INFO - [2022-11-16T14:36:30.344+0000] {dagbag.py:537} INFO - Filling up the DagBag from /home/airflow/.local/lib/python3.7/site-packages/airflow/example_dags/example_task_group_decorator.py
[2022-11-16T14:36:30.380+0000] {processor.py:766} INFO - DAG(s) dict_keys(['example_task_group_decorator']) retrieved from /home/airflow/.local/lib/python3.7/site-packages/airflow/example_dags/example_task_group_decorator.py
[2022-11-16T14:36:30.433+0000] {logging_mixin.py:137} INFO - [2022-11-16T14:36:30.433+0000] {dag.py:2585} INFO - Sync 1 DAGs
[2022-11-16T14:36:30.466+0000] {logging_mixin.py:137} INFO - [2022-11-16T14:36:30.466+0000] {dag.py:3340} INFO - Setting next_dagrun for example_task_group_decorator to 2022-11-15T14:36:30.465813+00:00, run_after=2022-11-16T14:36:30.465813+00:00
[2022-11-16T14:36:30.493+0000] {processor.py:176} INFO - Processing /home/airflow/.local/lib/python3.7/site-packages/airflow/example_dags/example_task_group_decorator.py took 0.155 seconds
[2022-11-16T14:37:00.932+0000] {processor.py:154} INFO - Started process (PID=3634) to work on /home/airflow/.local/lib/python3.7/site-packages/airflow/example_dags/example_task_group_decorator.py
[2022-11-16T14:37:00.933+0000] {processor.py:756} INFO - Processing file /home/airflow/.local/lib/python3.7/site-packages/airflow/example_dags/example_task_group_decorator.py for tasks to queue
[2022-11-16T14:37:00.933+0000] {logging_mixin.py:137} INFO - [2022-11-16T14:37:00.933+0000] {dagbag.py:537} INFO - Filling up the DagBag from /home/airflow/.local/lib/python3.7/site-packages/airflow/example_dags/example_task_group_decorator.py
[2022-11-16T14:37:00.990+0000] {processor.py:766} INFO - DAG(s) dict_keys(['example_task_group_decorator']) retrieved from /home/airflow/.local/lib/python3.7/site-packages/airflow/example_dags/example_task_group_decorator.py
[2022-11-16T14:37:01.065+0000] {logging_mixin.py:137} INFO - [2022-11-16T14:37:01.065+0000] {dag.py:2585} INFO - Sync 1 DAGs
[2022-11-16T14:37:01.116+0000] {logging_mixin.py:137} INFO - [2022-11-16T14:37:01.115+0000] {dag.py:3340} INFO - Setting next_dagrun for example_task_group_decorator to 2022-11-15T14:37:01.115521+00:00, run_after=2022-11-16T14:37:01.115521+00:00
[2022-11-16T14:37:01.147+0000] {processor.py:176} INFO - Processing /home/airflow/.local/lib/python3.7/site-packages/airflow/example_dags/example_task_group_decorator.py took 0.219 seconds
[2022-11-16T14:37:31.626+0000] {processor.py:154} INFO - Started process (PID=3834) to work on /home/airflow/.local/lib/python3.7/site-packages/airflow/example_dags/example_task_group_decorator.py
[2022-11-16T14:37:31.627+0000] {processor.py:756} INFO - Processing file /home/airflow/.local/lib/python3.7/site-packages/airflow/example_dags/example_task_group_decorator.py for tasks to queue
[2022-11-16T14:37:31.627+0000] {logging_mixin.py:137} INFO - [2022-11-16T14:37:31.627+0000] {dagbag.py:537} INFO - Filling up the DagBag from /home/airflow/.local/lib/python3.7/site-packages/airflow/example_dags/example_task_group_decorator.py
[2022-11-16T14:37:31.670+0000] {processor.py:766} INFO - DAG(s) dict_keys(['example_task_group_decorator']) retrieved from /home/airflow/.local/lib/python3.7/site-packages/airflow/example_dags/example_task_group_decorator.py
[2022-11-16T14:37:31.731+0000] {logging_mixin.py:137} INFO - [2022-11-16T14:37:31.731+0000] {dag.py:2585} INFO - Sync 1 DAGs
[2022-11-16T14:37:31.773+0000] {logging_mixin.py:137} INFO - [2022-11-16T14:37:31.773+0000] {dag.py:3340} INFO - Setting next_dagrun for example_task_group_decorator to 2022-11-15T14:37:31.773000+00:00, run_after=2022-11-16T14:37:31.773000+00:00
[2022-11-16T14:37:31.804+0000] {processor.py:176} INFO - Processing /home/airflow/.local/lib/python3.7/site-packages/airflow/example_dags/example_task_group_decorator.py took 0.181 seconds
[2022-11-16T14:38:02.325+0000] {processor.py:154} INFO - Started process (PID=4030) to work on /home/airflow/.local/lib/python3.7/site-packages/airflow/example_dags/example_task_group_decorator.py
[2022-11-16T14:38:02.327+0000] {processor.py:756} INFO - Processing file /home/airflow/.local/lib/python3.7/site-packages/airflow/example_dags/example_task_group_decorator.py for tasks to queue
[2022-11-16T14:38:02.329+0000] {logging_mixin.py:137} INFO - [2022-11-16T14:38:02.329+0000] {dagbag.py:537} INFO - Filling up the DagBag from /home/airflow/.local/lib/python3.7/site-packages/airflow/example_dags/example_task_group_decorator.py
[2022-11-16T14:38:02.397+0000] {processor.py:766} INFO - DAG(s) dict_keys(['example_task_group_decorator']) retrieved from /home/airflow/.local/lib/python3.7/site-packages/airflow/example_dags/example_task_group_decorator.py
[2022-11-16T14:38:02.493+0000] {logging_mixin.py:137} INFO - [2022-11-16T14:38:02.492+0000] {dag.py:2585} INFO - Sync 1 DAGs
[2022-11-16T14:38:02.568+0000] {logging_mixin.py:137} INFO - [2022-11-16T14:38:02.568+0000] {dag.py:3340} INFO - Setting next_dagrun for example_task_group_decorator to 2022-11-15T14:38:02.567817+00:00, run_after=2022-11-16T14:38:02.567817+00:00
[2022-11-16T14:38:02.639+0000] {processor.py:176} INFO - Processing /home/airflow/.local/lib/python3.7/site-packages/airflow/example_dags/example_task_group_decorator.py took 0.321 seconds
[2022-11-16T14:38:33.161+0000] {processor.py:154} INFO - Started process (PID=4239) to work on /home/airflow/.local/lib/python3.7/site-packages/airflow/example_dags/example_task_group_decorator.py
[2022-11-16T14:38:33.162+0000] {processor.py:756} INFO - Processing file /home/airflow/.local/lib/python3.7/site-packages/airflow/example_dags/example_task_group_decorator.py for tasks to queue
[2022-11-16T14:38:33.163+0000] {logging_mixin.py:137} INFO - [2022-11-16T14:38:33.163+0000] {dagbag.py:537} INFO - Filling up the DagBag from /home/airflow/.local/lib/python3.7/site-packages/airflow/example_dags/example_task_group_decorator.py
[2022-11-16T14:38:33.206+0000] {processor.py:766} INFO - DAG(s) dict_keys(['example_task_group_decorator']) retrieved from /home/airflow/.local/lib/python3.7/site-packages/airflow/example_dags/example_task_group_decorator.py
[2022-11-16T14:38:33.269+0000] {logging_mixin.py:137} INFO - [2022-11-16T14:38:33.268+0000] {dag.py:2585} INFO - Sync 1 DAGs
[2022-11-16T14:38:33.305+0000] {logging_mixin.py:137} INFO - [2022-11-16T14:38:33.305+0000] {dag.py:3340} INFO - Setting next_dagrun for example_task_group_decorator to 2022-11-15T14:38:33.305501+00:00, run_after=2022-11-16T14:38:33.305501+00:00
[2022-11-16T14:38:33.336+0000] {processor.py:176} INFO - Processing /home/airflow/.local/lib/python3.7/site-packages/airflow/example_dags/example_task_group_decorator.py took 0.179 seconds
[2022-11-16T14:39:04.096+0000] {processor.py:154} INFO - Started process (PID=4437) to work on /home/airflow/.local/lib/python3.7/site-packages/airflow/example_dags/example_task_group_decorator.py
[2022-11-16T14:39:04.098+0000] {processor.py:756} INFO - Processing file /home/airflow/.local/lib/python3.7/site-packages/airflow/example_dags/example_task_group_decorator.py for tasks to queue
[2022-11-16T14:39:04.099+0000] {logging_mixin.py:137} INFO - [2022-11-16T14:39:04.098+0000] {dagbag.py:537} INFO - Filling up the DagBag from /home/airflow/.local/lib/python3.7/site-packages/airflow/example_dags/example_task_group_decorator.py
[2022-11-16T14:39:04.145+0000] {processor.py:766} INFO - DAG(s) dict_keys(['example_task_group_decorator']) retrieved from /home/airflow/.local/lib/python3.7/site-packages/airflow/example_dags/example_task_group_decorator.py
[2022-11-16T14:39:04.207+0000] {logging_mixin.py:137} INFO - [2022-11-16T14:39:04.207+0000] {dag.py:2585} INFO - Sync 1 DAGs
[2022-11-16T14:39:04.244+0000] {logging_mixin.py:137} INFO - [2022-11-16T14:39:04.243+0000] {dag.py:3340} INFO - Setting next_dagrun for example_task_group_decorator to 2022-11-15T14:39:04.243648+00:00, run_after=2022-11-16T14:39:04.243648+00:00
[2022-11-16T14:39:04.277+0000] {processor.py:176} INFO - Processing /home/airflow/.local/lib/python3.7/site-packages/airflow/example_dags/example_task_group_decorator.py took 0.185 seconds
[2022-11-16T14:39:35.207+0000] {processor.py:154} INFO - Started process (PID=4645) to work on /home/airflow/.local/lib/python3.7/site-packages/airflow/example_dags/example_task_group_decorator.py
[2022-11-16T14:39:35.208+0000] {processor.py:756} INFO - Processing file /home/airflow/.local/lib/python3.7/site-packages/airflow/example_dags/example_task_group_decorator.py for tasks to queue
[2022-11-16T14:39:35.209+0000] {logging_mixin.py:137} INFO - [2022-11-16T14:39:35.208+0000] {dagbag.py:537} INFO - Filling up the DagBag from /home/airflow/.local/lib/python3.7/site-packages/airflow/example_dags/example_task_group_decorator.py
[2022-11-16T14:39:35.251+0000] {processor.py:766} INFO - DAG(s) dict_keys(['example_task_group_decorator']) retrieved from /home/airflow/.local/lib/python3.7/site-packages/airflow/example_dags/example_task_group_decorator.py
[2022-11-16T14:39:35.312+0000] {logging_mixin.py:137} INFO - [2022-11-16T14:39:35.312+0000] {dag.py:2585} INFO - Sync 1 DAGs
[2022-11-16T14:39:35.353+0000] {logging_mixin.py:137} INFO - [2022-11-16T14:39:35.353+0000] {dag.py:3340} INFO - Setting next_dagrun for example_task_group_decorator to 2022-11-15T14:39:35.353256+00:00, run_after=2022-11-16T14:39:35.353256+00:00
[2022-11-16T14:39:35.384+0000] {processor.py:176} INFO - Processing /home/airflow/.local/lib/python3.7/site-packages/airflow/example_dags/example_task_group_decorator.py took 0.182 seconds
[2022-11-16T14:40:05.576+0000] {processor.py:154} INFO - Started process (PID=4843) to work on /home/airflow/.local/lib/python3.7/site-packages/airflow/example_dags/example_task_group_decorator.py
[2022-11-16T14:40:05.577+0000] {processor.py:756} INFO - Processing file /home/airflow/.local/lib/python3.7/site-packages/airflow/example_dags/example_task_group_decorator.py for tasks to queue
[2022-11-16T14:40:05.577+0000] {logging_mixin.py:137} INFO - [2022-11-16T14:40:05.577+0000] {dagbag.py:537} INFO - Filling up the DagBag from /home/airflow/.local/lib/python3.7/site-packages/airflow/example_dags/example_task_group_decorator.py
[2022-11-16T14:40:05.622+0000] {processor.py:766} INFO - DAG(s) dict_keys(['example_task_group_decorator']) retrieved from /home/airflow/.local/lib/python3.7/site-packages/airflow/example_dags/example_task_group_decorator.py
[2022-11-16T14:40:05.684+0000] {logging_mixin.py:137} INFO - [2022-11-16T14:40:05.684+0000] {dag.py:2585} INFO - Sync 1 DAGs
[2022-11-16T14:40:05.722+0000] {logging_mixin.py:137} INFO - [2022-11-16T14:40:05.722+0000] {dag.py:3340} INFO - Setting next_dagrun for example_task_group_decorator to 2022-11-15T14:40:05.721944+00:00, run_after=2022-11-16T14:40:05.721944+00:00
[2022-11-16T14:40:05.758+0000] {processor.py:176} INFO - Processing /home/airflow/.local/lib/python3.7/site-packages/airflow/example_dags/example_task_group_decorator.py took 0.185 seconds
[2022-11-16T14:40:36.171+0000] {processor.py:154} INFO - Started process (PID=5039) to work on /home/airflow/.local/lib/python3.7/site-packages/airflow/example_dags/example_task_group_decorator.py
[2022-11-16T14:40:36.172+0000] {processor.py:756} INFO - Processing file /home/airflow/.local/lib/python3.7/site-packages/airflow/example_dags/example_task_group_decorator.py for tasks to queue
[2022-11-16T14:40:36.173+0000] {logging_mixin.py:137} INFO - [2022-11-16T14:40:36.172+0000] {dagbag.py:537} INFO - Filling up the DagBag from /home/airflow/.local/lib/python3.7/site-packages/airflow/example_dags/example_task_group_decorator.py
[2022-11-16T14:40:36.250+0000] {processor.py:766} INFO - DAG(s) dict_keys(['example_task_group_decorator']) retrieved from /home/airflow/.local/lib/python3.7/site-packages/airflow/example_dags/example_task_group_decorator.py
[2022-11-16T14:40:36.419+0000] {logging_mixin.py:137} INFO - [2022-11-16T14:40:36.418+0000] {dag.py:2585} INFO - Sync 1 DAGs
[2022-11-16T14:40:36.481+0000] {logging_mixin.py:137} INFO - [2022-11-16T14:40:36.480+0000] {dag.py:3340} INFO - Setting next_dagrun for example_task_group_decorator to 2022-11-15T14:40:36.480411+00:00, run_after=2022-11-16T14:40:36.480411+00:00
[2022-11-16T14:40:36.533+0000] {processor.py:176} INFO - Processing /home/airflow/.local/lib/python3.7/site-packages/airflow/example_dags/example_task_group_decorator.py took 0.367 seconds
[2022-11-16T14:41:06.934+0000] {processor.py:154} INFO - Started process (PID=5247) to work on /home/airflow/.local/lib/python3.7/site-packages/airflow/example_dags/example_task_group_decorator.py
[2022-11-16T14:41:06.936+0000] {processor.py:756} INFO - Processing file /home/airflow/.local/lib/python3.7/site-packages/airflow/example_dags/example_task_group_decorator.py for tasks to queue
[2022-11-16T14:41:06.937+0000] {logging_mixin.py:137} INFO - [2022-11-16T14:41:06.937+0000] {dagbag.py:537} INFO - Filling up the DagBag from /home/airflow/.local/lib/python3.7/site-packages/airflow/example_dags/example_task_group_decorator.py
[2022-11-16T14:41:06.978+0000] {processor.py:766} INFO - DAG(s) dict_keys(['example_task_group_decorator']) retrieved from /home/airflow/.local/lib/python3.7/site-packages/airflow/example_dags/example_task_group_decorator.py
[2022-11-16T14:41:07.040+0000] {logging_mixin.py:137} INFO - [2022-11-16T14:41:07.040+0000] {dag.py:2585} INFO - Sync 1 DAGs
[2022-11-16T14:41:07.080+0000] {logging_mixin.py:137} INFO - [2022-11-16T14:41:07.080+0000] {dag.py:3340} INFO - Setting next_dagrun for example_task_group_decorator to 2022-11-15T14:41:07.079338+00:00, run_after=2022-11-16T14:41:07.079338+00:00
[2022-11-16T14:41:07.111+0000] {processor.py:176} INFO - Processing /home/airflow/.local/lib/python3.7/site-packages/airflow/example_dags/example_task_group_decorator.py took 0.181 seconds
[2022-11-16T14:41:37.196+0000] {processor.py:154} INFO - Started process (PID=5444) to work on /home/airflow/.local/lib/python3.7/site-packages/airflow/example_dags/example_task_group_decorator.py
[2022-11-16T14:41:37.197+0000] {processor.py:756} INFO - Processing file /home/airflow/.local/lib/python3.7/site-packages/airflow/example_dags/example_task_group_decorator.py for tasks to queue
[2022-11-16T14:41:37.197+0000] {logging_mixin.py:137} INFO - [2022-11-16T14:41:37.197+0000] {dagbag.py:537} INFO - Filling up the DagBag from /home/airflow/.local/lib/python3.7/site-packages/airflow/example_dags/example_task_group_decorator.py
[2022-11-16T14:41:37.240+0000] {processor.py:766} INFO - DAG(s) dict_keys(['example_task_group_decorator']) retrieved from /home/airflow/.local/lib/python3.7/site-packages/airflow/example_dags/example_task_group_decorator.py
[2022-11-16T14:41:37.314+0000] {logging_mixin.py:137} INFO - [2022-11-16T14:41:37.313+0000] {dag.py:2585} INFO - Sync 1 DAGs
[2022-11-16T14:41:37.354+0000] {logging_mixin.py:137} INFO - [2022-11-16T14:41:37.354+0000] {dag.py:3340} INFO - Setting next_dagrun for example_task_group_decorator to 2022-11-15T14:41:37.354318+00:00, run_after=2022-11-16T14:41:37.354318+00:00
[2022-11-16T14:41:37.386+0000] {processor.py:176} INFO - Processing /home/airflow/.local/lib/python3.7/site-packages/airflow/example_dags/example_task_group_decorator.py took 0.195 seconds
[2022-11-16T14:42:07.822+0000] {processor.py:154} INFO - Started process (PID=5651) to work on /home/airflow/.local/lib/python3.7/site-packages/airflow/example_dags/example_task_group_decorator.py
[2022-11-16T14:42:07.823+0000] {processor.py:756} INFO - Processing file /home/airflow/.local/lib/python3.7/site-packages/airflow/example_dags/example_task_group_decorator.py for tasks to queue
[2022-11-16T14:42:07.824+0000] {logging_mixin.py:137} INFO - [2022-11-16T14:42:07.824+0000] {dagbag.py:537} INFO - Filling up the DagBag from /home/airflow/.local/lib/python3.7/site-packages/airflow/example_dags/example_task_group_decorator.py
[2022-11-16T14:42:07.869+0000] {processor.py:766} INFO - DAG(s) dict_keys(['example_task_group_decorator']) retrieved from /home/airflow/.local/lib/python3.7/site-packages/airflow/example_dags/example_task_group_decorator.py
[2022-11-16T14:42:07.927+0000] {logging_mixin.py:137} INFO - [2022-11-16T14:42:07.927+0000] {dag.py:2585} INFO - Sync 1 DAGs
[2022-11-16T14:42:07.975+0000] {logging_mixin.py:137} INFO - [2022-11-16T14:42:07.975+0000] {dag.py:3340} INFO - Setting next_dagrun for example_task_group_decorator to 2022-11-15T14:42:07.975296+00:00, run_after=2022-11-16T14:42:07.975296+00:00
[2022-11-16T14:42:08.008+0000] {processor.py:176} INFO - Processing /home/airflow/.local/lib/python3.7/site-packages/airflow/example_dags/example_task_group_decorator.py took 0.189 seconds
[2022-11-16T14:42:38.855+0000] {processor.py:154} INFO - Started process (PID=5849) to work on /home/airflow/.local/lib/python3.7/site-packages/airflow/example_dags/example_task_group_decorator.py
[2022-11-16T14:42:38.856+0000] {processor.py:756} INFO - Processing file /home/airflow/.local/lib/python3.7/site-packages/airflow/example_dags/example_task_group_decorator.py for tasks to queue
[2022-11-16T14:42:38.857+0000] {logging_mixin.py:137} INFO - [2022-11-16T14:42:38.857+0000] {dagbag.py:537} INFO - Filling up the DagBag from /home/airflow/.local/lib/python3.7/site-packages/airflow/example_dags/example_task_group_decorator.py
[2022-11-16T14:42:38.900+0000] {processor.py:766} INFO - DAG(s) dict_keys(['example_task_group_decorator']) retrieved from /home/airflow/.local/lib/python3.7/site-packages/airflow/example_dags/example_task_group_decorator.py
[2022-11-16T14:42:38.964+0000] {logging_mixin.py:137} INFO - [2022-11-16T14:42:38.964+0000] {dag.py:2585} INFO - Sync 1 DAGs
[2022-11-16T14:42:39.004+0000] {logging_mixin.py:137} INFO - [2022-11-16T14:42:39.004+0000] {dag.py:3340} INFO - Setting next_dagrun for example_task_group_decorator to 2022-11-15T14:42:39.003650+00:00, run_after=2022-11-16T14:42:39.003650+00:00
[2022-11-16T14:42:39.038+0000] {processor.py:176} INFO - Processing /home/airflow/.local/lib/python3.7/site-packages/airflow/example_dags/example_task_group_decorator.py took 0.187 seconds
[2022-11-16T14:43:09.384+0000] {processor.py:154} INFO - Started process (PID=6056) to work on /home/airflow/.local/lib/python3.7/site-packages/airflow/example_dags/example_task_group_decorator.py
[2022-11-16T14:43:09.385+0000] {processor.py:756} INFO - Processing file /home/airflow/.local/lib/python3.7/site-packages/airflow/example_dags/example_task_group_decorator.py for tasks to queue
[2022-11-16T14:43:09.385+0000] {logging_mixin.py:137} INFO - [2022-11-16T14:43:09.385+0000] {dagbag.py:537} INFO - Filling up the DagBag from /home/airflow/.local/lib/python3.7/site-packages/airflow/example_dags/example_task_group_decorator.py
[2022-11-16T14:43:09.428+0000] {processor.py:766} INFO - DAG(s) dict_keys(['example_task_group_decorator']) retrieved from /home/airflow/.local/lib/python3.7/site-packages/airflow/example_dags/example_task_group_decorator.py
[2022-11-16T14:43:09.491+0000] {logging_mixin.py:137} INFO - [2022-11-16T14:43:09.490+0000] {dag.py:2585} INFO - Sync 1 DAGs
[2022-11-16T14:43:09.528+0000] {logging_mixin.py:137} INFO - [2022-11-16T14:43:09.528+0000] {dag.py:3340} INFO - Setting next_dagrun for example_task_group_decorator to 2022-11-15T14:43:09.528249+00:00, run_after=2022-11-16T14:43:09.528249+00:00
[2022-11-16T14:43:09.561+0000] {processor.py:176} INFO - Processing /home/airflow/.local/lib/python3.7/site-packages/airflow/example_dags/example_task_group_decorator.py took 0.182 seconds
[2022-11-16T14:43:39.829+0000] {processor.py:154} INFO - Started process (PID=6254) to work on /home/airflow/.local/lib/python3.7/site-packages/airflow/example_dags/example_task_group_decorator.py
[2022-11-16T14:43:39.830+0000] {processor.py:756} INFO - Processing file /home/airflow/.local/lib/python3.7/site-packages/airflow/example_dags/example_task_group_decorator.py for tasks to queue
[2022-11-16T14:43:39.831+0000] {logging_mixin.py:137} INFO - [2022-11-16T14:43:39.831+0000] {dagbag.py:537} INFO - Filling up the DagBag from /home/airflow/.local/lib/python3.7/site-packages/airflow/example_dags/example_task_group_decorator.py
[2022-11-16T14:43:39.879+0000] {processor.py:766} INFO - DAG(s) dict_keys(['example_task_group_decorator']) retrieved from /home/airflow/.local/lib/python3.7/site-packages/airflow/example_dags/example_task_group_decorator.py
[2022-11-16T14:43:39.945+0000] {logging_mixin.py:137} INFO - [2022-11-16T14:43:39.945+0000] {dag.py:2585} INFO - Sync 1 DAGs
[2022-11-16T14:43:39.987+0000] {logging_mixin.py:137} INFO - [2022-11-16T14:43:39.987+0000] {dag.py:3340} INFO - Setting next_dagrun for example_task_group_decorator to 2022-11-15T14:43:39.986733+00:00, run_after=2022-11-16T14:43:39.986733+00:00
[2022-11-16T14:43:40.022+0000] {processor.py:176} INFO - Processing /home/airflow/.local/lib/python3.7/site-packages/airflow/example_dags/example_task_group_decorator.py took 0.199 seconds
[2022-11-16T14:44:10.249+0000] {processor.py:154} INFO - Started process (PID=6461) to work on /home/airflow/.local/lib/python3.7/site-packages/airflow/example_dags/example_task_group_decorator.py
[2022-11-16T14:44:10.252+0000] {processor.py:756} INFO - Processing file /home/airflow/.local/lib/python3.7/site-packages/airflow/example_dags/example_task_group_decorator.py for tasks to queue
[2022-11-16T14:44:10.252+0000] {logging_mixin.py:137} INFO - [2022-11-16T14:44:10.252+0000] {dagbag.py:537} INFO - Filling up the DagBag from /home/airflow/.local/lib/python3.7/site-packages/airflow/example_dags/example_task_group_decorator.py
[2022-11-16T14:44:10.299+0000] {processor.py:766} INFO - DAG(s) dict_keys(['example_task_group_decorator']) retrieved from /home/airflow/.local/lib/python3.7/site-packages/airflow/example_dags/example_task_group_decorator.py
[2022-11-16T14:44:10.369+0000] {logging_mixin.py:137} INFO - [2022-11-16T14:44:10.369+0000] {dag.py:2585} INFO - Sync 1 DAGs
[2022-11-16T14:44:10.416+0000] {logging_mixin.py:137} INFO - [2022-11-16T14:44:10.416+0000] {dag.py:3340} INFO - Setting next_dagrun for example_task_group_decorator to 2022-11-15T14:44:10.415908+00:00, run_after=2022-11-16T14:44:10.415908+00:00
[2022-11-16T14:44:10.454+0000] {processor.py:176} INFO - Processing /home/airflow/.local/lib/python3.7/site-packages/airflow/example_dags/example_task_group_decorator.py took 0.211 seconds
[2022-11-16T14:44:40.723+0000] {processor.py:154} INFO - Started process (PID=6659) to work on /home/airflow/.local/lib/python3.7/site-packages/airflow/example_dags/example_task_group_decorator.py
[2022-11-16T14:44:40.724+0000] {processor.py:756} INFO - Processing file /home/airflow/.local/lib/python3.7/site-packages/airflow/example_dags/example_task_group_decorator.py for tasks to queue
[2022-11-16T14:44:40.725+0000] {logging_mixin.py:137} INFO - [2022-11-16T14:44:40.725+0000] {dagbag.py:537} INFO - Filling up the DagBag from /home/airflow/.local/lib/python3.7/site-packages/airflow/example_dags/example_task_group_decorator.py
[2022-11-16T14:44:40.772+0000] {processor.py:766} INFO - DAG(s) dict_keys(['example_task_group_decorator']) retrieved from /home/airflow/.local/lib/python3.7/site-packages/airflow/example_dags/example_task_group_decorator.py
[2022-11-16T14:44:40.833+0000] {logging_mixin.py:137} INFO - [2022-11-16T14:44:40.833+0000] {dag.py:2585} INFO - Sync 1 DAGs
[2022-11-16T14:44:40.871+0000] {logging_mixin.py:137} INFO - [2022-11-16T14:44:40.871+0000] {dag.py:3340} INFO - Setting next_dagrun for example_task_group_decorator to 2022-11-15T14:44:40.870997+00:00, run_after=2022-11-16T14:44:40.870997+00:00
[2022-11-16T14:44:40.905+0000] {processor.py:176} INFO - Processing /home/airflow/.local/lib/python3.7/site-packages/airflow/example_dags/example_task_group_decorator.py took 0.185 seconds
[2022-11-16T14:45:11.252+0000] {processor.py:154} INFO - Started process (PID=6857) to work on /home/airflow/.local/lib/python3.7/site-packages/airflow/example_dags/example_task_group_decorator.py
[2022-11-16T14:45:11.253+0000] {processor.py:756} INFO - Processing file /home/airflow/.local/lib/python3.7/site-packages/airflow/example_dags/example_task_group_decorator.py for tasks to queue
[2022-11-16T14:45:11.254+0000] {logging_mixin.py:137} INFO - [2022-11-16T14:45:11.254+0000] {dagbag.py:537} INFO - Filling up the DagBag from /home/airflow/.local/lib/python3.7/site-packages/airflow/example_dags/example_task_group_decorator.py
[2022-11-16T14:45:11.328+0000] {processor.py:766} INFO - DAG(s) dict_keys(['example_task_group_decorator']) retrieved from /home/airflow/.local/lib/python3.7/site-packages/airflow/example_dags/example_task_group_decorator.py
[2022-11-16T14:45:11.397+0000] {logging_mixin.py:137} INFO - [2022-11-16T14:45:11.397+0000] {dag.py:2585} INFO - Sync 1 DAGs
[2022-11-16T14:45:11.438+0000] {logging_mixin.py:137} INFO - [2022-11-16T14:45:11.438+0000] {dag.py:3340} INFO - Setting next_dagrun for example_task_group_decorator to 2022-11-15T14:45:11.438144+00:00, run_after=2022-11-16T14:45:11.438144+00:00
[2022-11-16T14:45:11.466+0000] {processor.py:176} INFO - Processing /home/airflow/.local/lib/python3.7/site-packages/airflow/example_dags/example_task_group_decorator.py took 0.219 seconds
