[2022-11-16T14:28:21.937+0000] {processor.py:154} INFO - Started process (PID=338) to work on /home/airflow/.local/lib/python3.7/site-packages/airflow/example_dags/example_latest_only_with_trigger.py
[2022-11-16T14:28:21.938+0000] {processor.py:756} INFO - Processing file /home/airflow/.local/lib/python3.7/site-packages/airflow/example_dags/example_latest_only_with_trigger.py for tasks to queue
[2022-11-16T14:28:21.939+0000] {logging_mixin.py:137} INFO - [2022-11-16T14:28:21.939+0000] {dagbag.py:537} INFO - Filling up the DagBag from /home/airflow/.local/lib/python3.7/site-packages/airflow/example_dags/example_latest_only_with_trigger.py
[2022-11-16T14:28:21.969+0000] {processor.py:766} INFO - DAG(s) dict_keys(['latest_only_with_trigger']) retrieved from /home/airflow/.local/lib/python3.7/site-packages/airflow/example_dags/example_latest_only_with_trigger.py
[2022-11-16T14:28:22.045+0000] {logging_mixin.py:137} INFO - [2022-11-16T14:28:22.045+0000] {dag.py:2585} INFO - Sync 1 DAGs
[2022-11-16T14:28:22.092+0000] {logging_mixin.py:137} INFO - [2022-11-16T14:28:22.092+0000] {dag.py:3340} INFO - Setting next_dagrun for latest_only_with_trigger to 2022-11-16T10:28:22.092028+00:00, run_after=2022-11-16T14:28:22.092028+00:00
[2022-11-16T14:28:22.129+0000] {processor.py:176} INFO - Processing /home/airflow/.local/lib/python3.7/site-packages/airflow/example_dags/example_latest_only_with_trigger.py took 0.195 seconds
[2022-11-16T14:28:54.891+0000] {processor.py:154} INFO - Started process (PID=545) to work on /home/airflow/.local/lib/python3.7/site-packages/airflow/example_dags/example_latest_only_with_trigger.py
[2022-11-16T14:28:54.892+0000] {processor.py:756} INFO - Processing file /home/airflow/.local/lib/python3.7/site-packages/airflow/example_dags/example_latest_only_with_trigger.py for tasks to queue
[2022-11-16T14:28:54.893+0000] {logging_mixin.py:137} INFO - [2022-11-16T14:28:54.893+0000] {dagbag.py:537} INFO - Filling up the DagBag from /home/airflow/.local/lib/python3.7/site-packages/airflow/example_dags/example_latest_only_with_trigger.py
[2022-11-16T14:28:54.935+0000] {processor.py:766} INFO - DAG(s) dict_keys(['latest_only_with_trigger']) retrieved from /home/airflow/.local/lib/python3.7/site-packages/airflow/example_dags/example_latest_only_with_trigger.py
[2022-11-16T14:28:55.005+0000] {logging_mixin.py:137} INFO - [2022-11-16T14:28:55.005+0000] {dag.py:2585} INFO - Sync 1 DAGs
[2022-11-16T14:28:55.054+0000] {logging_mixin.py:137} INFO - [2022-11-16T14:28:55.054+0000] {dag.py:3340} INFO - Setting next_dagrun for latest_only_with_trigger to 2022-11-16T10:28:55.053728+00:00, run_after=2022-11-16T14:28:55.053728+00:00
[2022-11-16T14:28:55.091+0000] {processor.py:176} INFO - Processing /home/airflow/.local/lib/python3.7/site-packages/airflow/example_dags/example_latest_only_with_trigger.py took 0.206 seconds
[2022-11-16T14:29:25.211+0000] {processor.py:154} INFO - Started process (PID=744) to work on /home/airflow/.local/lib/python3.7/site-packages/airflow/example_dags/example_latest_only_with_trigger.py
[2022-11-16T14:29:25.212+0000] {processor.py:756} INFO - Processing file /home/airflow/.local/lib/python3.7/site-packages/airflow/example_dags/example_latest_only_with_trigger.py for tasks to queue
[2022-11-16T14:29:25.213+0000] {logging_mixin.py:137} INFO - [2022-11-16T14:29:25.213+0000] {dagbag.py:537} INFO - Filling up the DagBag from /home/airflow/.local/lib/python3.7/site-packages/airflow/example_dags/example_latest_only_with_trigger.py
[2022-11-16T14:29:25.236+0000] {processor.py:766} INFO - DAG(s) dict_keys(['latest_only_with_trigger']) retrieved from /home/airflow/.local/lib/python3.7/site-packages/airflow/example_dags/example_latest_only_with_trigger.py
[2022-11-16T14:29:25.313+0000] {logging_mixin.py:137} INFO - [2022-11-16T14:29:25.312+0000] {dag.py:2585} INFO - Sync 1 DAGs
[2022-11-16T14:29:25.364+0000] {logging_mixin.py:137} INFO - [2022-11-16T14:29:25.363+0000] {dag.py:3340} INFO - Setting next_dagrun for latest_only_with_trigger to 2022-11-16T10:29:25.362202+00:00, run_after=2022-11-16T14:29:25.362202+00:00
[2022-11-16T14:29:25.400+0000] {processor.py:176} INFO - Processing /home/airflow/.local/lib/python3.7/site-packages/airflow/example_dags/example_latest_only_with_trigger.py took 0.194 seconds
[2022-11-16T14:29:58.367+0000] {processor.py:154} INFO - Started process (PID=950) to work on /home/airflow/.local/lib/python3.7/site-packages/airflow/example_dags/example_latest_only_with_trigger.py
[2022-11-16T14:29:58.368+0000] {processor.py:756} INFO - Processing file /home/airflow/.local/lib/python3.7/site-packages/airflow/example_dags/example_latest_only_with_trigger.py for tasks to queue
[2022-11-16T14:29:58.369+0000] {logging_mixin.py:137} INFO - [2022-11-16T14:29:58.369+0000] {dagbag.py:537} INFO - Filling up the DagBag from /home/airflow/.local/lib/python3.7/site-packages/airflow/example_dags/example_latest_only_with_trigger.py
[2022-11-16T14:29:58.395+0000] {processor.py:766} INFO - DAG(s) dict_keys(['latest_only_with_trigger']) retrieved from /home/airflow/.local/lib/python3.7/site-packages/airflow/example_dags/example_latest_only_with_trigger.py
[2022-11-16T14:29:58.467+0000] {logging_mixin.py:137} INFO - [2022-11-16T14:29:58.467+0000] {dag.py:2585} INFO - Sync 1 DAGs
[2022-11-16T14:29:58.522+0000] {logging_mixin.py:137} INFO - [2022-11-16T14:29:58.521+0000] {dag.py:3340} INFO - Setting next_dagrun for latest_only_with_trigger to 2022-11-16T10:29:58.521206+00:00, run_after=2022-11-16T14:29:58.521206+00:00
[2022-11-16T14:29:58.561+0000] {processor.py:176} INFO - Processing /home/airflow/.local/lib/python3.7/site-packages/airflow/example_dags/example_latest_only_with_trigger.py took 0.199 seconds
[2022-11-16T14:30:29.225+0000] {processor.py:154} INFO - Started process (PID=1148) to work on /home/airflow/.local/lib/python3.7/site-packages/airflow/example_dags/example_latest_only_with_trigger.py
[2022-11-16T14:30:29.226+0000] {processor.py:756} INFO - Processing file /home/airflow/.local/lib/python3.7/site-packages/airflow/example_dags/example_latest_only_with_trigger.py for tasks to queue
[2022-11-16T14:30:29.227+0000] {logging_mixin.py:137} INFO - [2022-11-16T14:30:29.226+0000] {dagbag.py:537} INFO - Filling up the DagBag from /home/airflow/.local/lib/python3.7/site-packages/airflow/example_dags/example_latest_only_with_trigger.py
[2022-11-16T14:30:29.254+0000] {processor.py:766} INFO - DAG(s) dict_keys(['latest_only_with_trigger']) retrieved from /home/airflow/.local/lib/python3.7/site-packages/airflow/example_dags/example_latest_only_with_trigger.py
[2022-11-16T14:30:29.333+0000] {logging_mixin.py:137} INFO - [2022-11-16T14:30:29.333+0000] {dag.py:2585} INFO - Sync 1 DAGs
[2022-11-16T14:30:29.388+0000] {logging_mixin.py:137} INFO - [2022-11-16T14:30:29.387+0000] {dag.py:3340} INFO - Setting next_dagrun for latest_only_with_trigger to 2022-11-16T10:30:29.387190+00:00, run_after=2022-11-16T14:30:29.387190+00:00
[2022-11-16T14:30:29.431+0000] {processor.py:176} INFO - Processing /home/airflow/.local/lib/python3.7/site-packages/airflow/example_dags/example_latest_only_with_trigger.py took 0.212 seconds
[2022-11-16T14:30:59.708+0000] {processor.py:154} INFO - Started process (PID=1350) to work on /home/airflow/.local/lib/python3.7/site-packages/airflow/example_dags/example_latest_only_with_trigger.py
[2022-11-16T14:30:59.709+0000] {processor.py:756} INFO - Processing file /home/airflow/.local/lib/python3.7/site-packages/airflow/example_dags/example_latest_only_with_trigger.py for tasks to queue
[2022-11-16T14:30:59.710+0000] {logging_mixin.py:137} INFO - [2022-11-16T14:30:59.710+0000] {dagbag.py:537} INFO - Filling up the DagBag from /home/airflow/.local/lib/python3.7/site-packages/airflow/example_dags/example_latest_only_with_trigger.py
[2022-11-16T14:30:59.735+0000] {processor.py:766} INFO - DAG(s) dict_keys(['latest_only_with_trigger']) retrieved from /home/airflow/.local/lib/python3.7/site-packages/airflow/example_dags/example_latest_only_with_trigger.py
[2022-11-16T14:30:59.800+0000] {logging_mixin.py:137} INFO - [2022-11-16T14:30:59.799+0000] {dag.py:2585} INFO - Sync 1 DAGs
[2022-11-16T14:30:59.837+0000] {logging_mixin.py:137} INFO - [2022-11-16T14:30:59.837+0000] {dag.py:3340} INFO - Setting next_dagrun for latest_only_with_trigger to 2022-11-16T10:30:59.836684+00:00, run_after=2022-11-16T14:30:59.836684+00:00
[2022-11-16T14:30:59.864+0000] {processor.py:176} INFO - Processing /home/airflow/.local/lib/python3.7/site-packages/airflow/example_dags/example_latest_only_with_trigger.py took 0.160 seconds
[2022-11-16T14:31:30.465+0000] {processor.py:154} INFO - Started process (PID=1551) to work on /home/airflow/.local/lib/python3.7/site-packages/airflow/example_dags/example_latest_only_with_trigger.py
[2022-11-16T14:31:30.466+0000] {processor.py:756} INFO - Processing file /home/airflow/.local/lib/python3.7/site-packages/airflow/example_dags/example_latest_only_with_trigger.py for tasks to queue
[2022-11-16T14:31:30.466+0000] {logging_mixin.py:137} INFO - [2022-11-16T14:31:30.466+0000] {dagbag.py:537} INFO - Filling up the DagBag from /home/airflow/.local/lib/python3.7/site-packages/airflow/example_dags/example_latest_only_with_trigger.py
[2022-11-16T14:31:30.485+0000] {processor.py:766} INFO - DAG(s) dict_keys(['latest_only_with_trigger']) retrieved from /home/airflow/.local/lib/python3.7/site-packages/airflow/example_dags/example_latest_only_with_trigger.py
[2022-11-16T14:31:30.538+0000] {logging_mixin.py:137} INFO - [2022-11-16T14:31:30.538+0000] {dag.py:2585} INFO - Sync 1 DAGs
[2022-11-16T14:31:30.585+0000] {logging_mixin.py:137} INFO - [2022-11-16T14:31:30.584+0000] {dag.py:3340} INFO - Setting next_dagrun for latest_only_with_trigger to 2022-11-16T10:31:30.584622+00:00, run_after=2022-11-16T14:31:30.584622+00:00
[2022-11-16T14:31:30.619+0000] {processor.py:176} INFO - Processing /home/airflow/.local/lib/python3.7/site-packages/airflow/example_dags/example_latest_only_with_trigger.py took 0.158 seconds
[2022-11-16T14:32:02.852+0000] {processor.py:154} INFO - Started process (PID=1760) to work on /home/airflow/.local/lib/python3.7/site-packages/airflow/example_dags/example_latest_only_with_trigger.py
[2022-11-16T14:32:02.854+0000] {processor.py:756} INFO - Processing file /home/airflow/.local/lib/python3.7/site-packages/airflow/example_dags/example_latest_only_with_trigger.py for tasks to queue
[2022-11-16T14:32:02.855+0000] {logging_mixin.py:137} INFO - [2022-11-16T14:32:02.855+0000] {dagbag.py:537} INFO - Filling up the DagBag from /home/airflow/.local/lib/python3.7/site-packages/airflow/example_dags/example_latest_only_with_trigger.py
[2022-11-16T14:32:02.896+0000] {processor.py:766} INFO - DAG(s) dict_keys(['latest_only_with_trigger']) retrieved from /home/airflow/.local/lib/python3.7/site-packages/airflow/example_dags/example_latest_only_with_trigger.py
[2022-11-16T14:32:02.991+0000] {logging_mixin.py:137} INFO - [2022-11-16T14:32:02.991+0000] {dag.py:2585} INFO - Sync 1 DAGs
[2022-11-16T14:32:03.063+0000] {logging_mixin.py:137} INFO - [2022-11-16T14:32:03.062+0000] {dag.py:3340} INFO - Setting next_dagrun for latest_only_with_trigger to 2022-11-16T10:32:03.062475+00:00, run_after=2022-11-16T14:32:03.062475+00:00
[2022-11-16T14:32:03.112+0000] {processor.py:176} INFO - Processing /home/airflow/.local/lib/python3.7/site-packages/airflow/example_dags/example_latest_only_with_trigger.py took 0.265 seconds
[2022-11-16T14:32:33.208+0000] {processor.py:154} INFO - Started process (PID=1965) to work on /home/airflow/.local/lib/python3.7/site-packages/airflow/example_dags/example_latest_only_with_trigger.py
[2022-11-16T14:32:33.209+0000] {processor.py:756} INFO - Processing file /home/airflow/.local/lib/python3.7/site-packages/airflow/example_dags/example_latest_only_with_trigger.py for tasks to queue
[2022-11-16T14:32:33.211+0000] {logging_mixin.py:137} INFO - [2022-11-16T14:32:33.210+0000] {dagbag.py:537} INFO - Filling up the DagBag from /home/airflow/.local/lib/python3.7/site-packages/airflow/example_dags/example_latest_only_with_trigger.py
[2022-11-16T14:32:33.239+0000] {processor.py:766} INFO - DAG(s) dict_keys(['latest_only_with_trigger']) retrieved from /home/airflow/.local/lib/python3.7/site-packages/airflow/example_dags/example_latest_only_with_trigger.py
[2022-11-16T14:32:33.318+0000] {logging_mixin.py:137} INFO - [2022-11-16T14:32:33.317+0000] {dag.py:2585} INFO - Sync 1 DAGs
[2022-11-16T14:32:33.361+0000] {logging_mixin.py:137} INFO - [2022-11-16T14:32:33.361+0000] {dag.py:3340} INFO - Setting next_dagrun for latest_only_with_trigger to 2022-11-16T10:32:33.360642+00:00, run_after=2022-11-16T14:32:33.360642+00:00
[2022-11-16T14:32:33.396+0000] {processor.py:176} INFO - Processing /home/airflow/.local/lib/python3.7/site-packages/airflow/example_dags/example_latest_only_with_trigger.py took 0.191 seconds
[2022-11-16T14:33:04.719+0000] {processor.py:154} INFO - Started process (PID=2162) to work on /home/airflow/.local/lib/python3.7/site-packages/airflow/example_dags/example_latest_only_with_trigger.py
[2022-11-16T14:33:04.720+0000] {processor.py:756} INFO - Processing file /home/airflow/.local/lib/python3.7/site-packages/airflow/example_dags/example_latest_only_with_trigger.py for tasks to queue
[2022-11-16T14:33:04.721+0000] {logging_mixin.py:137} INFO - [2022-11-16T14:33:04.721+0000] {dagbag.py:537} INFO - Filling up the DagBag from /home/airflow/.local/lib/python3.7/site-packages/airflow/example_dags/example_latest_only_with_trigger.py
[2022-11-16T14:33:04.765+0000] {processor.py:766} INFO - DAG(s) dict_keys(['latest_only_with_trigger']) retrieved from /home/airflow/.local/lib/python3.7/site-packages/airflow/example_dags/example_latest_only_with_trigger.py
[2022-11-16T14:33:04.875+0000] {logging_mixin.py:137} INFO - [2022-11-16T14:33:04.875+0000] {dag.py:2585} INFO - Sync 1 DAGs
[2022-11-16T14:33:05.018+0000] {logging_mixin.py:137} INFO - [2022-11-16T14:33:05.018+0000] {dag.py:3340} INFO - Setting next_dagrun for latest_only_with_trigger to 2022-11-16T10:33:05.017934+00:00, run_after=2022-11-16T14:33:05.017934+00:00
[2022-11-16T14:33:05.139+0000] {processor.py:176} INFO - Processing /home/airflow/.local/lib/python3.7/site-packages/airflow/example_dags/example_latest_only_with_trigger.py took 0.427 seconds
[2022-11-16T14:33:35.379+0000] {processor.py:154} INFO - Started process (PID=2365) to work on /home/airflow/.local/lib/python3.7/site-packages/airflow/example_dags/example_latest_only_with_trigger.py
[2022-11-16T14:33:35.380+0000] {processor.py:756} INFO - Processing file /home/airflow/.local/lib/python3.7/site-packages/airflow/example_dags/example_latest_only_with_trigger.py for tasks to queue
[2022-11-16T14:33:35.380+0000] {logging_mixin.py:137} INFO - [2022-11-16T14:33:35.380+0000] {dagbag.py:537} INFO - Filling up the DagBag from /home/airflow/.local/lib/python3.7/site-packages/airflow/example_dags/example_latest_only_with_trigger.py
[2022-11-16T14:33:35.399+0000] {processor.py:766} INFO - DAG(s) dict_keys(['latest_only_with_trigger']) retrieved from /home/airflow/.local/lib/python3.7/site-packages/airflow/example_dags/example_latest_only_with_trigger.py
[2022-11-16T14:33:35.450+0000] {logging_mixin.py:137} INFO - [2022-11-16T14:33:35.450+0000] {dag.py:2585} INFO - Sync 1 DAGs
[2022-11-16T14:33:35.485+0000] {logging_mixin.py:137} INFO - [2022-11-16T14:33:35.485+0000] {dag.py:3340} INFO - Setting next_dagrun for latest_only_with_trigger to 2022-11-16T10:33:35.485052+00:00, run_after=2022-11-16T14:33:35.485052+00:00
[2022-11-16T14:33:35.512+0000] {processor.py:176} INFO - Processing /home/airflow/.local/lib/python3.7/site-packages/airflow/example_dags/example_latest_only_with_trigger.py took 0.137 seconds
[2022-11-16T14:34:07.251+0000] {processor.py:154} INFO - Started process (PID=2571) to work on /home/airflow/.local/lib/python3.7/site-packages/airflow/example_dags/example_latest_only_with_trigger.py
[2022-11-16T14:34:07.253+0000] {processor.py:756} INFO - Processing file /home/airflow/.local/lib/python3.7/site-packages/airflow/example_dags/example_latest_only_with_trigger.py for tasks to queue
[2022-11-16T14:34:07.256+0000] {logging_mixin.py:137} INFO - [2022-11-16T14:34:07.256+0000] {dagbag.py:537} INFO - Filling up the DagBag from /home/airflow/.local/lib/python3.7/site-packages/airflow/example_dags/example_latest_only_with_trigger.py
[2022-11-16T14:34:07.275+0000] {processor.py:766} INFO - DAG(s) dict_keys(['latest_only_with_trigger']) retrieved from /home/airflow/.local/lib/python3.7/site-packages/airflow/example_dags/example_latest_only_with_trigger.py
[2022-11-16T14:34:07.361+0000] {logging_mixin.py:137} INFO - [2022-11-16T14:34:07.361+0000] {dag.py:2585} INFO - Sync 1 DAGs
[2022-11-16T14:34:07.401+0000] {logging_mixin.py:137} INFO - [2022-11-16T14:34:07.401+0000] {dag.py:3340} INFO - Setting next_dagrun for latest_only_with_trigger to 2022-11-16T10:34:07.400750+00:00, run_after=2022-11-16T14:34:07.400750+00:00
[2022-11-16T14:34:07.429+0000] {processor.py:176} INFO - Processing /home/airflow/.local/lib/python3.7/site-packages/airflow/example_dags/example_latest_only_with_trigger.py took 0.184 seconds
[2022-11-16T14:34:39.789+0000] {processor.py:154} INFO - Started process (PID=2781) to work on /home/airflow/.local/lib/python3.7/site-packages/airflow/example_dags/example_latest_only_with_trigger.py
[2022-11-16T14:34:39.790+0000] {processor.py:756} INFO - Processing file /home/airflow/.local/lib/python3.7/site-packages/airflow/example_dags/example_latest_only_with_trigger.py for tasks to queue
[2022-11-16T14:34:39.792+0000] {logging_mixin.py:137} INFO - [2022-11-16T14:34:39.791+0000] {dagbag.py:537} INFO - Filling up the DagBag from /home/airflow/.local/lib/python3.7/site-packages/airflow/example_dags/example_latest_only_with_trigger.py
[2022-11-16T14:34:39.830+0000] {processor.py:766} INFO - DAG(s) dict_keys(['latest_only_with_trigger']) retrieved from /home/airflow/.local/lib/python3.7/site-packages/airflow/example_dags/example_latest_only_with_trigger.py
[2022-11-16T14:34:39.928+0000] {logging_mixin.py:137} INFO - [2022-11-16T14:34:39.927+0000] {dag.py:2585} INFO - Sync 1 DAGs
[2022-11-16T14:34:39.996+0000] {logging_mixin.py:137} INFO - [2022-11-16T14:34:39.995+0000] {dag.py:3340} INFO - Setting next_dagrun for latest_only_with_trigger to 2022-11-16T10:34:39.995344+00:00, run_after=2022-11-16T14:34:39.995344+00:00
[2022-11-16T14:34:40.050+0000] {processor.py:176} INFO - Processing /home/airflow/.local/lib/python3.7/site-packages/airflow/example_dags/example_latest_only_with_trigger.py took 0.268 seconds
[2022-11-16T14:35:10.155+0000] {processor.py:154} INFO - Started process (PID=2978) to work on /home/airflow/.local/lib/python3.7/site-packages/airflow/example_dags/example_latest_only_with_trigger.py
[2022-11-16T14:35:10.156+0000] {processor.py:756} INFO - Processing file /home/airflow/.local/lib/python3.7/site-packages/airflow/example_dags/example_latest_only_with_trigger.py for tasks to queue
[2022-11-16T14:35:10.156+0000] {logging_mixin.py:137} INFO - [2022-11-16T14:35:10.156+0000] {dagbag.py:537} INFO - Filling up the DagBag from /home/airflow/.local/lib/python3.7/site-packages/airflow/example_dags/example_latest_only_with_trigger.py
[2022-11-16T14:35:10.185+0000] {processor.py:766} INFO - DAG(s) dict_keys(['latest_only_with_trigger']) retrieved from /home/airflow/.local/lib/python3.7/site-packages/airflow/example_dags/example_latest_only_with_trigger.py
[2022-11-16T14:35:10.260+0000] {logging_mixin.py:137} INFO - [2022-11-16T14:35:10.260+0000] {dag.py:2585} INFO - Sync 1 DAGs
[2022-11-16T14:35:10.306+0000] {logging_mixin.py:137} INFO - [2022-11-16T14:35:10.306+0000] {dag.py:3340} INFO - Setting next_dagrun for latest_only_with_trigger to 2022-11-16T10:35:10.305926+00:00, run_after=2022-11-16T14:35:10.305926+00:00
[2022-11-16T14:35:10.344+0000] {processor.py:176} INFO - Processing /home/airflow/.local/lib/python3.7/site-packages/airflow/example_dags/example_latest_only_with_trigger.py took 0.193 seconds
[2022-11-16T14:35:40.384+0000] {processor.py:154} INFO - Started process (PID=3171) to work on /home/airflow/.local/lib/python3.7/site-packages/airflow/example_dags/example_latest_only_with_trigger.py
[2022-11-16T14:35:40.385+0000] {processor.py:756} INFO - Processing file /home/airflow/.local/lib/python3.7/site-packages/airflow/example_dags/example_latest_only_with_trigger.py for tasks to queue
[2022-11-16T14:35:40.385+0000] {logging_mixin.py:137} INFO - [2022-11-16T14:35:40.385+0000] {dagbag.py:537} INFO - Filling up the DagBag from /home/airflow/.local/lib/python3.7/site-packages/airflow/example_dags/example_latest_only_with_trigger.py
[2022-11-16T14:35:40.404+0000] {processor.py:766} INFO - DAG(s) dict_keys(['latest_only_with_trigger']) retrieved from /home/airflow/.local/lib/python3.7/site-packages/airflow/example_dags/example_latest_only_with_trigger.py
[2022-11-16T14:35:40.463+0000] {logging_mixin.py:137} INFO - [2022-11-16T14:35:40.462+0000] {dag.py:2585} INFO - Sync 1 DAGs
[2022-11-16T14:35:40.502+0000] {logging_mixin.py:137} INFO - [2022-11-16T14:35:40.502+0000] {dag.py:3340} INFO - Setting next_dagrun for latest_only_with_trigger to 2022-11-16T10:35:40.501773+00:00, run_after=2022-11-16T14:35:40.501773+00:00
[2022-11-16T14:35:40.531+0000] {processor.py:176} INFO - Processing /home/airflow/.local/lib/python3.7/site-packages/airflow/example_dags/example_latest_only_with_trigger.py took 0.151 seconds
[2022-11-16T14:36:11.341+0000] {processor.py:154} INFO - Started process (PID=3380) to work on /home/airflow/.local/lib/python3.7/site-packages/airflow/example_dags/example_latest_only_with_trigger.py
[2022-11-16T14:36:11.343+0000] {processor.py:756} INFO - Processing file /home/airflow/.local/lib/python3.7/site-packages/airflow/example_dags/example_latest_only_with_trigger.py for tasks to queue
[2022-11-16T14:36:11.344+0000] {logging_mixin.py:137} INFO - [2022-11-16T14:36:11.344+0000] {dagbag.py:537} INFO - Filling up the DagBag from /home/airflow/.local/lib/python3.7/site-packages/airflow/example_dags/example_latest_only_with_trigger.py
[2022-11-16T14:36:11.364+0000] {processor.py:766} INFO - DAG(s) dict_keys(['latest_only_with_trigger']) retrieved from /home/airflow/.local/lib/python3.7/site-packages/airflow/example_dags/example_latest_only_with_trigger.py
[2022-11-16T14:36:11.434+0000] {logging_mixin.py:137} INFO - [2022-11-16T14:36:11.434+0000] {dag.py:2585} INFO - Sync 1 DAGs
[2022-11-16T14:36:11.492+0000] {logging_mixin.py:137} INFO - [2022-11-16T14:36:11.492+0000] {dag.py:3340} INFO - Setting next_dagrun for latest_only_with_trigger to 2022-11-16T10:36:11.491529+00:00, run_after=2022-11-16T14:36:11.491529+00:00
[2022-11-16T14:36:11.539+0000] {processor.py:176} INFO - Processing /home/airflow/.local/lib/python3.7/site-packages/airflow/example_dags/example_latest_only_with_trigger.py took 0.204 seconds
[2022-11-16T14:36:41.755+0000] {processor.py:154} INFO - Started process (PID=3577) to work on /home/airflow/.local/lib/python3.7/site-packages/airflow/example_dags/example_latest_only_with_trigger.py
[2022-11-16T14:36:41.756+0000] {processor.py:756} INFO - Processing file /home/airflow/.local/lib/python3.7/site-packages/airflow/example_dags/example_latest_only_with_trigger.py for tasks to queue
[2022-11-16T14:36:41.757+0000] {logging_mixin.py:137} INFO - [2022-11-16T14:36:41.757+0000] {dagbag.py:537} INFO - Filling up the DagBag from /home/airflow/.local/lib/python3.7/site-packages/airflow/example_dags/example_latest_only_with_trigger.py
[2022-11-16T14:36:41.774+0000] {processor.py:766} INFO - DAG(s) dict_keys(['latest_only_with_trigger']) retrieved from /home/airflow/.local/lib/python3.7/site-packages/airflow/example_dags/example_latest_only_with_trigger.py
[2022-11-16T14:36:41.830+0000] {logging_mixin.py:137} INFO - [2022-11-16T14:36:41.830+0000] {dag.py:2585} INFO - Sync 1 DAGs
[2022-11-16T14:36:41.870+0000] {logging_mixin.py:137} INFO - [2022-11-16T14:36:41.870+0000] {dag.py:3340} INFO - Setting next_dagrun for latest_only_with_trigger to 2022-11-16T10:36:41.869686+00:00, run_after=2022-11-16T14:36:41.869686+00:00
[2022-11-16T14:36:41.904+0000] {processor.py:176} INFO - Processing /home/airflow/.local/lib/python3.7/site-packages/airflow/example_dags/example_latest_only_with_trigger.py took 0.153 seconds
[2022-11-16T14:37:13.275+0000] {processor.py:154} INFO - Started process (PID=3783) to work on /home/airflow/.local/lib/python3.7/site-packages/airflow/example_dags/example_latest_only_with_trigger.py
[2022-11-16T14:37:13.276+0000] {processor.py:756} INFO - Processing file /home/airflow/.local/lib/python3.7/site-packages/airflow/example_dags/example_latest_only_with_trigger.py for tasks to queue
[2022-11-16T14:37:13.278+0000] {logging_mixin.py:137} INFO - [2022-11-16T14:37:13.278+0000] {dagbag.py:537} INFO - Filling up the DagBag from /home/airflow/.local/lib/python3.7/site-packages/airflow/example_dags/example_latest_only_with_trigger.py
[2022-11-16T14:37:13.314+0000] {processor.py:766} INFO - DAG(s) dict_keys(['latest_only_with_trigger']) retrieved from /home/airflow/.local/lib/python3.7/site-packages/airflow/example_dags/example_latest_only_with_trigger.py
[2022-11-16T14:37:13.396+0000] {logging_mixin.py:137} INFO - [2022-11-16T14:37:13.396+0000] {dag.py:2585} INFO - Sync 1 DAGs
[2022-11-16T14:37:13.454+0000] {logging_mixin.py:137} INFO - [2022-11-16T14:37:13.453+0000] {dag.py:3340} INFO - Setting next_dagrun for latest_only_with_trigger to 2022-11-16T10:37:13.453604+00:00, run_after=2022-11-16T14:37:13.453604+00:00
[2022-11-16T14:37:13.503+0000] {processor.py:176} INFO - Processing /home/airflow/.local/lib/python3.7/site-packages/airflow/example_dags/example_latest_only_with_trigger.py took 0.233 seconds
[2022-11-16T14:37:44.703+0000] {processor.py:154} INFO - Started process (PID=3983) to work on /home/airflow/.local/lib/python3.7/site-packages/airflow/example_dags/example_latest_only_with_trigger.py
[2022-11-16T14:37:44.704+0000] {processor.py:756} INFO - Processing file /home/airflow/.local/lib/python3.7/site-packages/airflow/example_dags/example_latest_only_with_trigger.py for tasks to queue
[2022-11-16T14:37:44.705+0000] {logging_mixin.py:137} INFO - [2022-11-16T14:37:44.705+0000] {dagbag.py:537} INFO - Filling up the DagBag from /home/airflow/.local/lib/python3.7/site-packages/airflow/example_dags/example_latest_only_with_trigger.py
[2022-11-16T14:37:44.735+0000] {processor.py:766} INFO - DAG(s) dict_keys(['latest_only_with_trigger']) retrieved from /home/airflow/.local/lib/python3.7/site-packages/airflow/example_dags/example_latest_only_with_trigger.py
[2022-11-16T14:37:44.804+0000] {logging_mixin.py:137} INFO - [2022-11-16T14:37:44.804+0000] {dag.py:2585} INFO - Sync 1 DAGs
[2022-11-16T14:37:44.848+0000] {logging_mixin.py:137} INFO - [2022-11-16T14:37:44.848+0000] {dag.py:3340} INFO - Setting next_dagrun for latest_only_with_trigger to 2022-11-16T10:37:44.848138+00:00, run_after=2022-11-16T14:37:44.848138+00:00
[2022-11-16T14:37:44.882+0000] {processor.py:176} INFO - Processing /home/airflow/.local/lib/python3.7/site-packages/airflow/example_dags/example_latest_only_with_trigger.py took 0.184 seconds
[2022-11-16T14:38:15.143+0000] {processor.py:154} INFO - Started process (PID=4182) to work on /home/airflow/.local/lib/python3.7/site-packages/airflow/example_dags/example_latest_only_with_trigger.py
[2022-11-16T14:38:15.144+0000] {processor.py:756} INFO - Processing file /home/airflow/.local/lib/python3.7/site-packages/airflow/example_dags/example_latest_only_with_trigger.py for tasks to queue
[2022-11-16T14:38:15.145+0000] {logging_mixin.py:137} INFO - [2022-11-16T14:38:15.144+0000] {dagbag.py:537} INFO - Filling up the DagBag from /home/airflow/.local/lib/python3.7/site-packages/airflow/example_dags/example_latest_only_with_trigger.py
[2022-11-16T14:38:15.181+0000] {processor.py:766} INFO - DAG(s) dict_keys(['latest_only_with_trigger']) retrieved from /home/airflow/.local/lib/python3.7/site-packages/airflow/example_dags/example_latest_only_with_trigger.py
[2022-11-16T14:38:15.267+0000] {logging_mixin.py:137} INFO - [2022-11-16T14:38:15.267+0000] {dag.py:2585} INFO - Sync 1 DAGs
[2022-11-16T14:38:15.330+0000] {logging_mixin.py:137} INFO - [2022-11-16T14:38:15.330+0000] {dag.py:3340} INFO - Setting next_dagrun for latest_only_with_trigger to 2022-11-16T10:38:15.329980+00:00, run_after=2022-11-16T14:38:15.329980+00:00
[2022-11-16T14:38:15.363+0000] {processor.py:176} INFO - Processing /home/airflow/.local/lib/python3.7/site-packages/airflow/example_dags/example_latest_only_with_trigger.py took 0.225 seconds
[2022-11-16T14:38:45.891+0000] {processor.py:154} INFO - Started process (PID=4386) to work on /home/airflow/.local/lib/python3.7/site-packages/airflow/example_dags/example_latest_only_with_trigger.py
[2022-11-16T14:38:45.892+0000] {processor.py:756} INFO - Processing file /home/airflow/.local/lib/python3.7/site-packages/airflow/example_dags/example_latest_only_with_trigger.py for tasks to queue
[2022-11-16T14:38:45.893+0000] {logging_mixin.py:137} INFO - [2022-11-16T14:38:45.893+0000] {dagbag.py:537} INFO - Filling up the DagBag from /home/airflow/.local/lib/python3.7/site-packages/airflow/example_dags/example_latest_only_with_trigger.py
[2022-11-16T14:38:45.916+0000] {processor.py:766} INFO - DAG(s) dict_keys(['latest_only_with_trigger']) retrieved from /home/airflow/.local/lib/python3.7/site-packages/airflow/example_dags/example_latest_only_with_trigger.py
[2022-11-16T14:38:45.983+0000] {logging_mixin.py:137} INFO - [2022-11-16T14:38:45.982+0000] {dag.py:2585} INFO - Sync 1 DAGs
[2022-11-16T14:38:46.027+0000] {logging_mixin.py:137} INFO - [2022-11-16T14:38:46.027+0000] {dag.py:3340} INFO - Setting next_dagrun for latest_only_with_trigger to 2022-11-16T10:38:46.027004+00:00, run_after=2022-11-16T14:38:46.027004+00:00
[2022-11-16T14:38:46.061+0000] {processor.py:176} INFO - Processing /home/airflow/.local/lib/python3.7/site-packages/airflow/example_dags/example_latest_only_with_trigger.py took 0.176 seconds
[2022-11-16T14:39:16.753+0000] {processor.py:154} INFO - Started process (PID=4584) to work on /home/airflow/.local/lib/python3.7/site-packages/airflow/example_dags/example_latest_only_with_trigger.py
[2022-11-16T14:39:16.755+0000] {processor.py:756} INFO - Processing file /home/airflow/.local/lib/python3.7/site-packages/airflow/example_dags/example_latest_only_with_trigger.py for tasks to queue
[2022-11-16T14:39:16.759+0000] {logging_mixin.py:137} INFO - [2022-11-16T14:39:16.758+0000] {dagbag.py:537} INFO - Filling up the DagBag from /home/airflow/.local/lib/python3.7/site-packages/airflow/example_dags/example_latest_only_with_trigger.py
[2022-11-16T14:39:16.797+0000] {processor.py:766} INFO - DAG(s) dict_keys(['latest_only_with_trigger']) retrieved from /home/airflow/.local/lib/python3.7/site-packages/airflow/example_dags/example_latest_only_with_trigger.py
[2022-11-16T14:39:16.894+0000] {logging_mixin.py:137} INFO - [2022-11-16T14:39:16.894+0000] {dag.py:2585} INFO - Sync 1 DAGs
[2022-11-16T14:39:16.965+0000] {logging_mixin.py:137} INFO - [2022-11-16T14:39:16.965+0000] {dag.py:3340} INFO - Setting next_dagrun for latest_only_with_trigger to 2022-11-16T10:39:16.965198+00:00, run_after=2022-11-16T14:39:16.965198+00:00
[2022-11-16T14:39:17.021+0000] {processor.py:176} INFO - Processing /home/airflow/.local/lib/python3.7/site-packages/airflow/example_dags/example_latest_only_with_trigger.py took 0.278 seconds
[2022-11-16T14:39:47.543+0000] {processor.py:154} INFO - Started process (PID=4792) to work on /home/airflow/.local/lib/python3.7/site-packages/airflow/example_dags/example_latest_only_with_trigger.py
[2022-11-16T14:39:47.544+0000] {processor.py:756} INFO - Processing file /home/airflow/.local/lib/python3.7/site-packages/airflow/example_dags/example_latest_only_with_trigger.py for tasks to queue
[2022-11-16T14:39:47.545+0000] {logging_mixin.py:137} INFO - [2022-11-16T14:39:47.545+0000] {dagbag.py:537} INFO - Filling up the DagBag from /home/airflow/.local/lib/python3.7/site-packages/airflow/example_dags/example_latest_only_with_trigger.py
[2022-11-16T14:39:47.579+0000] {processor.py:766} INFO - DAG(s) dict_keys(['latest_only_with_trigger']) retrieved from /home/airflow/.local/lib/python3.7/site-packages/airflow/example_dags/example_latest_only_with_trigger.py
[2022-11-16T14:39:47.675+0000] {logging_mixin.py:137} INFO - [2022-11-16T14:39:47.674+0000] {dag.py:2585} INFO - Sync 1 DAGs
[2022-11-16T14:39:47.742+0000] {logging_mixin.py:137} INFO - [2022-11-16T14:39:47.742+0000] {dag.py:3340} INFO - Setting next_dagrun for latest_only_with_trigger to 2022-11-16T10:39:47.740235+00:00, run_after=2022-11-16T14:39:47.740235+00:00
[2022-11-16T14:39:47.788+0000] {processor.py:176} INFO - Processing /home/airflow/.local/lib/python3.7/site-packages/airflow/example_dags/example_latest_only_with_trigger.py took 0.251 seconds
[2022-11-16T14:40:18.193+0000] {processor.py:154} INFO - Started process (PID=4995) to work on /home/airflow/.local/lib/python3.7/site-packages/airflow/example_dags/example_latest_only_with_trigger.py
[2022-11-16T14:40:18.194+0000] {processor.py:756} INFO - Processing file /home/airflow/.local/lib/python3.7/site-packages/airflow/example_dags/example_latest_only_with_trigger.py for tasks to queue
[2022-11-16T14:40:18.195+0000] {logging_mixin.py:137} INFO - [2022-11-16T14:40:18.194+0000] {dagbag.py:537} INFO - Filling up the DagBag from /home/airflow/.local/lib/python3.7/site-packages/airflow/example_dags/example_latest_only_with_trigger.py
[2022-11-16T14:40:18.217+0000] {processor.py:766} INFO - DAG(s) dict_keys(['latest_only_with_trigger']) retrieved from /home/airflow/.local/lib/python3.7/site-packages/airflow/example_dags/example_latest_only_with_trigger.py
[2022-11-16T14:40:18.280+0000] {logging_mixin.py:137} INFO - [2022-11-16T14:40:18.280+0000] {dag.py:2585} INFO - Sync 1 DAGs
[2022-11-16T14:40:18.329+0000] {logging_mixin.py:137} INFO - [2022-11-16T14:40:18.328+0000] {dag.py:3340} INFO - Setting next_dagrun for latest_only_with_trigger to 2022-11-16T10:40:18.328587+00:00, run_after=2022-11-16T14:40:18.328587+00:00
[2022-11-16T14:40:18.368+0000] {processor.py:176} INFO - Processing /home/airflow/.local/lib/python3.7/site-packages/airflow/example_dags/example_latest_only_with_trigger.py took 0.181 seconds
[2022-11-16T14:40:48.622+0000] {processor.py:154} INFO - Started process (PID=5193) to work on /home/airflow/.local/lib/python3.7/site-packages/airflow/example_dags/example_latest_only_with_trigger.py
[2022-11-16T14:40:48.623+0000] {processor.py:756} INFO - Processing file /home/airflow/.local/lib/python3.7/site-packages/airflow/example_dags/example_latest_only_with_trigger.py for tasks to queue
[2022-11-16T14:40:48.624+0000] {logging_mixin.py:137} INFO - [2022-11-16T14:40:48.624+0000] {dagbag.py:537} INFO - Filling up the DagBag from /home/airflow/.local/lib/python3.7/site-packages/airflow/example_dags/example_latest_only_with_trigger.py
[2022-11-16T14:40:48.656+0000] {processor.py:766} INFO - DAG(s) dict_keys(['latest_only_with_trigger']) retrieved from /home/airflow/.local/lib/python3.7/site-packages/airflow/example_dags/example_latest_only_with_trigger.py
[2022-11-16T14:40:48.853+0000] {logging_mixin.py:137} INFO - [2022-11-16T14:40:48.853+0000] {dag.py:2585} INFO - Sync 1 DAGs
[2022-11-16T14:40:48.930+0000] {logging_mixin.py:137} INFO - [2022-11-16T14:40:48.929+0000] {dag.py:3340} INFO - Setting next_dagrun for latest_only_with_trigger to 2022-11-16T10:40:48.929429+00:00, run_after=2022-11-16T14:40:48.929429+00:00
[2022-11-16T14:40:48.985+0000] {processor.py:176} INFO - Processing /home/airflow/.local/lib/python3.7/site-packages/airflow/example_dags/example_latest_only_with_trigger.py took 0.369 seconds
[2022-11-16T14:41:19.201+0000] {processor.py:154} INFO - Started process (PID=5395) to work on /home/airflow/.local/lib/python3.7/site-packages/airflow/example_dags/example_latest_only_with_trigger.py
[2022-11-16T14:41:19.203+0000] {processor.py:756} INFO - Processing file /home/airflow/.local/lib/python3.7/site-packages/airflow/example_dags/example_latest_only_with_trigger.py for tasks to queue
[2022-11-16T14:41:19.204+0000] {logging_mixin.py:137} INFO - [2022-11-16T14:41:19.204+0000] {dagbag.py:537} INFO - Filling up the DagBag from /home/airflow/.local/lib/python3.7/site-packages/airflow/example_dags/example_latest_only_with_trigger.py
[2022-11-16T14:41:19.229+0000] {processor.py:766} INFO - DAG(s) dict_keys(['latest_only_with_trigger']) retrieved from /home/airflow/.local/lib/python3.7/site-packages/airflow/example_dags/example_latest_only_with_trigger.py
[2022-11-16T14:41:19.292+0000] {logging_mixin.py:137} INFO - [2022-11-16T14:41:19.292+0000] {dag.py:2585} INFO - Sync 1 DAGs
[2022-11-16T14:41:19.329+0000] {logging_mixin.py:137} INFO - [2022-11-16T14:41:19.329+0000] {dag.py:3340} INFO - Setting next_dagrun for latest_only_with_trigger to 2022-11-16T10:41:19.329465+00:00, run_after=2022-11-16T14:41:19.329465+00:00
[2022-11-16T14:41:19.360+0000] {processor.py:176} INFO - Processing /home/airflow/.local/lib/python3.7/site-packages/airflow/example_dags/example_latest_only_with_trigger.py took 0.164 seconds
[2022-11-16T14:41:49.750+0000] {processor.py:154} INFO - Started process (PID=5591) to work on /home/airflow/.local/lib/python3.7/site-packages/airflow/example_dags/example_latest_only_with_trigger.py
[2022-11-16T14:41:49.751+0000] {processor.py:756} INFO - Processing file /home/airflow/.local/lib/python3.7/site-packages/airflow/example_dags/example_latest_only_with_trigger.py for tasks to queue
[2022-11-16T14:41:49.752+0000] {logging_mixin.py:137} INFO - [2022-11-16T14:41:49.752+0000] {dagbag.py:537} INFO - Filling up the DagBag from /home/airflow/.local/lib/python3.7/site-packages/airflow/example_dags/example_latest_only_with_trigger.py
[2022-11-16T14:41:49.777+0000] {processor.py:766} INFO - DAG(s) dict_keys(['latest_only_with_trigger']) retrieved from /home/airflow/.local/lib/python3.7/site-packages/airflow/example_dags/example_latest_only_with_trigger.py
[2022-11-16T14:41:49.851+0000] {logging_mixin.py:137} INFO - [2022-11-16T14:41:49.850+0000] {dag.py:2585} INFO - Sync 1 DAGs
[2022-11-16T14:41:49.900+0000] {logging_mixin.py:137} INFO - [2022-11-16T14:41:49.900+0000] {dag.py:3340} INFO - Setting next_dagrun for latest_only_with_trigger to 2022-11-16T10:41:49.900273+00:00, run_after=2022-11-16T14:41:49.900273+00:00
[2022-11-16T14:41:49.949+0000] {processor.py:176} INFO - Processing /home/airflow/.local/lib/python3.7/site-packages/airflow/example_dags/example_latest_only_with_trigger.py took 0.203 seconds
[2022-11-16T14:42:20.868+0000] {processor.py:154} INFO - Started process (PID=5793) to work on /home/airflow/.local/lib/python3.7/site-packages/airflow/example_dags/example_latest_only_with_trigger.py
[2022-11-16T14:42:20.869+0000] {processor.py:756} INFO - Processing file /home/airflow/.local/lib/python3.7/site-packages/airflow/example_dags/example_latest_only_with_trigger.py for tasks to queue
[2022-11-16T14:42:20.871+0000] {logging_mixin.py:137} INFO - [2022-11-16T14:42:20.870+0000] {dagbag.py:537} INFO - Filling up the DagBag from /home/airflow/.local/lib/python3.7/site-packages/airflow/example_dags/example_latest_only_with_trigger.py
[2022-11-16T14:42:20.901+0000] {processor.py:766} INFO - DAG(s) dict_keys(['latest_only_with_trigger']) retrieved from /home/airflow/.local/lib/python3.7/site-packages/airflow/example_dags/example_latest_only_with_trigger.py
[2022-11-16T14:42:21.003+0000] {logging_mixin.py:137} INFO - [2022-11-16T14:42:21.002+0000] {dag.py:2585} INFO - Sync 1 DAGs
[2022-11-16T14:42:21.064+0000] {logging_mixin.py:137} INFO - [2022-11-16T14:42:21.064+0000] {dag.py:3340} INFO - Setting next_dagrun for latest_only_with_trigger to 2022-11-16T10:42:21.063973+00:00, run_after=2022-11-16T14:42:21.063973+00:00
[2022-11-16T14:42:21.109+0000] {processor.py:176} INFO - Processing /home/airflow/.local/lib/python3.7/site-packages/airflow/example_dags/example_latest_only_with_trigger.py took 0.245 seconds
[2022-11-16T14:42:51.344+0000] {processor.py:154} INFO - Started process (PID=5991) to work on /home/airflow/.local/lib/python3.7/site-packages/airflow/example_dags/example_latest_only_with_trigger.py
[2022-11-16T14:42:51.345+0000] {processor.py:756} INFO - Processing file /home/airflow/.local/lib/python3.7/site-packages/airflow/example_dags/example_latest_only_with_trigger.py for tasks to queue
[2022-11-16T14:42:51.346+0000] {logging_mixin.py:137} INFO - [2022-11-16T14:42:51.346+0000] {dagbag.py:537} INFO - Filling up the DagBag from /home/airflow/.local/lib/python3.7/site-packages/airflow/example_dags/example_latest_only_with_trigger.py
[2022-11-16T14:42:51.378+0000] {processor.py:766} INFO - DAG(s) dict_keys(['latest_only_with_trigger']) retrieved from /home/airflow/.local/lib/python3.7/site-packages/airflow/example_dags/example_latest_only_with_trigger.py
[2022-11-16T14:42:51.455+0000] {logging_mixin.py:137} INFO - [2022-11-16T14:42:51.455+0000] {dag.py:2585} INFO - Sync 1 DAGs
[2022-11-16T14:42:51.509+0000] {logging_mixin.py:137} INFO - [2022-11-16T14:42:51.509+0000] {dag.py:3340} INFO - Setting next_dagrun for latest_only_with_trigger to 2022-11-16T10:42:51.509155+00:00, run_after=2022-11-16T14:42:51.509155+00:00
[2022-11-16T14:42:51.605+0000] {processor.py:176} INFO - Processing /home/airflow/.local/lib/python3.7/site-packages/airflow/example_dags/example_latest_only_with_trigger.py took 0.267 seconds
[2022-11-16T14:43:22.332+0000] {processor.py:154} INFO - Started process (PID=6198) to work on /home/airflow/.local/lib/python3.7/site-packages/airflow/example_dags/example_latest_only_with_trigger.py
[2022-11-16T14:43:22.333+0000] {processor.py:756} INFO - Processing file /home/airflow/.local/lib/python3.7/site-packages/airflow/example_dags/example_latest_only_with_trigger.py for tasks to queue
[2022-11-16T14:43:22.334+0000] {logging_mixin.py:137} INFO - [2022-11-16T14:43:22.334+0000] {dagbag.py:537} INFO - Filling up the DagBag from /home/airflow/.local/lib/python3.7/site-packages/airflow/example_dags/example_latest_only_with_trigger.py
[2022-11-16T14:43:22.363+0000] {processor.py:766} INFO - DAG(s) dict_keys(['latest_only_with_trigger']) retrieved from /home/airflow/.local/lib/python3.7/site-packages/airflow/example_dags/example_latest_only_with_trigger.py
[2022-11-16T14:43:22.438+0000] {logging_mixin.py:137} INFO - [2022-11-16T14:43:22.437+0000] {dag.py:2585} INFO - Sync 1 DAGs
[2022-11-16T14:43:22.478+0000] {logging_mixin.py:137} INFO - [2022-11-16T14:43:22.477+0000] {dag.py:3340} INFO - Setting next_dagrun for latest_only_with_trigger to 2022-11-16T10:43:22.477594+00:00, run_after=2022-11-16T14:43:22.477594+00:00
[2022-11-16T14:43:22.513+0000] {processor.py:176} INFO - Processing /home/airflow/.local/lib/python3.7/site-packages/airflow/example_dags/example_latest_only_with_trigger.py took 0.189 seconds
[2022-11-16T14:43:53.629+0000] {processor.py:154} INFO - Started process (PID=6396) to work on /home/airflow/.local/lib/python3.7/site-packages/airflow/example_dags/example_latest_only_with_trigger.py
[2022-11-16T14:43:53.630+0000] {processor.py:756} INFO - Processing file /home/airflow/.local/lib/python3.7/site-packages/airflow/example_dags/example_latest_only_with_trigger.py for tasks to queue
[2022-11-16T14:43:53.632+0000] {logging_mixin.py:137} INFO - [2022-11-16T14:43:53.631+0000] {dagbag.py:537} INFO - Filling up the DagBag from /home/airflow/.local/lib/python3.7/site-packages/airflow/example_dags/example_latest_only_with_trigger.py
[2022-11-16T14:43:53.660+0000] {processor.py:766} INFO - DAG(s) dict_keys(['latest_only_with_trigger']) retrieved from /home/airflow/.local/lib/python3.7/site-packages/airflow/example_dags/example_latest_only_with_trigger.py
[2022-11-16T14:43:53.747+0000] {logging_mixin.py:137} INFO - [2022-11-16T14:43:53.747+0000] {dag.py:2585} INFO - Sync 1 DAGs
[2022-11-16T14:43:53.798+0000] {logging_mixin.py:137} INFO - [2022-11-16T14:43:53.798+0000] {dag.py:3340} INFO - Setting next_dagrun for latest_only_with_trigger to 2022-11-16T10:43:53.797725+00:00, run_after=2022-11-16T14:43:53.797725+00:00
[2022-11-16T14:43:53.849+0000] {processor.py:176} INFO - Processing /home/airflow/.local/lib/python3.7/site-packages/airflow/example_dags/example_latest_only_with_trigger.py took 0.225 seconds
[2022-11-16T14:44:24.269+0000] {processor.py:154} INFO - Started process (PID=6603) to work on /home/airflow/.local/lib/python3.7/site-packages/airflow/example_dags/example_latest_only_with_trigger.py
[2022-11-16T14:44:24.270+0000] {processor.py:756} INFO - Processing file /home/airflow/.local/lib/python3.7/site-packages/airflow/example_dags/example_latest_only_with_trigger.py for tasks to queue
[2022-11-16T14:44:24.271+0000] {logging_mixin.py:137} INFO - [2022-11-16T14:44:24.271+0000] {dagbag.py:537} INFO - Filling up the DagBag from /home/airflow/.local/lib/python3.7/site-packages/airflow/example_dags/example_latest_only_with_trigger.py
[2022-11-16T14:44:24.312+0000] {processor.py:766} INFO - DAG(s) dict_keys(['latest_only_with_trigger']) retrieved from /home/airflow/.local/lib/python3.7/site-packages/airflow/example_dags/example_latest_only_with_trigger.py
[2022-11-16T14:44:24.408+0000] {logging_mixin.py:137} INFO - [2022-11-16T14:44:24.408+0000] {dag.py:2585} INFO - Sync 1 DAGs
[2022-11-16T14:44:24.468+0000] {logging_mixin.py:137} INFO - [2022-11-16T14:44:24.468+0000] {dag.py:3340} INFO - Setting next_dagrun for latest_only_with_trigger to 2022-11-16T10:44:24.467699+00:00, run_after=2022-11-16T14:44:24.467699+00:00
[2022-11-16T14:44:24.521+0000] {processor.py:176} INFO - Processing /home/airflow/.local/lib/python3.7/site-packages/airflow/example_dags/example_latest_only_with_trigger.py took 0.257 seconds
[2022-11-16T14:44:54.588+0000] {processor.py:154} INFO - Started process (PID=6801) to work on /home/airflow/.local/lib/python3.7/site-packages/airflow/example_dags/example_latest_only_with_trigger.py
[2022-11-16T14:44:54.589+0000] {processor.py:756} INFO - Processing file /home/airflow/.local/lib/python3.7/site-packages/airflow/example_dags/example_latest_only_with_trigger.py for tasks to queue
[2022-11-16T14:44:54.590+0000] {logging_mixin.py:137} INFO - [2022-11-16T14:44:54.590+0000] {dagbag.py:537} INFO - Filling up the DagBag from /home/airflow/.local/lib/python3.7/site-packages/airflow/example_dags/example_latest_only_with_trigger.py
[2022-11-16T14:44:54.617+0000] {processor.py:766} INFO - DAG(s) dict_keys(['latest_only_with_trigger']) retrieved from /home/airflow/.local/lib/python3.7/site-packages/airflow/example_dags/example_latest_only_with_trigger.py
[2022-11-16T14:44:54.710+0000] {logging_mixin.py:137} INFO - [2022-11-16T14:44:54.709+0000] {dag.py:2585} INFO - Sync 1 DAGs
[2022-11-16T14:44:54.778+0000] {logging_mixin.py:137} INFO - [2022-11-16T14:44:54.777+0000] {dag.py:3340} INFO - Setting next_dagrun for latest_only_with_trigger to 2022-11-16T10:44:54.777406+00:00, run_after=2022-11-16T14:44:54.777406+00:00
[2022-11-16T14:44:54.822+0000] {processor.py:176} INFO - Processing /home/airflow/.local/lib/python3.7/site-packages/airflow/example_dags/example_latest_only_with_trigger.py took 0.238 seconds
[2022-11-16T14:45:25.277+0000] {processor.py:154} INFO - Started process (PID=7007) to work on /home/airflow/.local/lib/python3.7/site-packages/airflow/example_dags/example_latest_only_with_trigger.py
[2022-11-16T14:45:25.278+0000] {processor.py:756} INFO - Processing file /home/airflow/.local/lib/python3.7/site-packages/airflow/example_dags/example_latest_only_with_trigger.py for tasks to queue
[2022-11-16T14:45:25.279+0000] {logging_mixin.py:137} INFO - [2022-11-16T14:45:25.279+0000] {dagbag.py:537} INFO - Filling up the DagBag from /home/airflow/.local/lib/python3.7/site-packages/airflow/example_dags/example_latest_only_with_trigger.py
[2022-11-16T14:45:25.298+0000] {processor.py:766} INFO - DAG(s) dict_keys(['latest_only_with_trigger']) retrieved from /home/airflow/.local/lib/python3.7/site-packages/airflow/example_dags/example_latest_only_with_trigger.py
[2022-11-16T14:45:25.355+0000] {logging_mixin.py:137} INFO - [2022-11-16T14:45:25.355+0000] {dag.py:2585} INFO - Sync 1 DAGs
[2022-11-16T14:45:25.408+0000] {logging_mixin.py:137} INFO - [2022-11-16T14:45:25.407+0000] {dag.py:3340} INFO - Setting next_dagrun for latest_only_with_trigger to 2022-11-16T10:45:25.407598+00:00, run_after=2022-11-16T14:45:25.407598+00:00
[2022-11-16T14:45:25.447+0000] {processor.py:176} INFO - Processing /home/airflow/.local/lib/python3.7/site-packages/airflow/example_dags/example_latest_only_with_trigger.py took 0.173 seconds
