[2022-11-16T14:28:20.137+0000] {processor.py:154} INFO - Started process (PID=278) to work on /home/airflow/.local/lib/python3.7/site-packages/airflow/example_dags/example_skip_dag.py
[2022-11-16T14:28:20.138+0000] {processor.py:756} INFO - Processing file /home/airflow/.local/lib/python3.7/site-packages/airflow/example_dags/example_skip_dag.py for tasks to queue
[2022-11-16T14:28:20.139+0000] {logging_mixin.py:137} INFO - [2022-11-16T14:28:20.139+0000] {dagbag.py:537} INFO - Filling up the DagBag from /home/airflow/.local/lib/python3.7/site-packages/airflow/example_dags/example_skip_dag.py
[2022-11-16T14:28:20.164+0000] {processor.py:766} INFO - DAG(s) dict_keys(['example_skip_dag']) retrieved from /home/airflow/.local/lib/python3.7/site-packages/airflow/example_dags/example_skip_dag.py
[2022-11-16T14:28:20.230+0000] {logging_mixin.py:137} INFO - [2022-11-16T14:28:20.229+0000] {dag.py:2585} INFO - Sync 1 DAGs
[2022-11-16T14:28:20.277+0000] {logging_mixin.py:137} INFO - [2022-11-16T14:28:20.277+0000] {dag.py:3340} INFO - Setting next_dagrun for example_skip_dag to 2022-11-15T14:28:20.276911+00:00, run_after=2022-11-16T14:28:20.276911+00:00
[2022-11-16T14:28:20.314+0000] {processor.py:176} INFO - Processing /home/airflow/.local/lib/python3.7/site-packages/airflow/example_dags/example_skip_dag.py took 0.182 seconds
[2022-11-16T14:28:52.596+0000] {processor.py:154} INFO - Started process (PID=485) to work on /home/airflow/.local/lib/python3.7/site-packages/airflow/example_dags/example_skip_dag.py
[2022-11-16T14:28:52.600+0000] {processor.py:756} INFO - Processing file /home/airflow/.local/lib/python3.7/site-packages/airflow/example_dags/example_skip_dag.py for tasks to queue
[2022-11-16T14:28:52.601+0000] {logging_mixin.py:137} INFO - [2022-11-16T14:28:52.601+0000] {dagbag.py:537} INFO - Filling up the DagBag from /home/airflow/.local/lib/python3.7/site-packages/airflow/example_dags/example_skip_dag.py
[2022-11-16T14:28:52.667+0000] {processor.py:766} INFO - DAG(s) dict_keys(['example_skip_dag']) retrieved from /home/airflow/.local/lib/python3.7/site-packages/airflow/example_dags/example_skip_dag.py
[2022-11-16T14:28:52.795+0000] {logging_mixin.py:137} INFO - [2022-11-16T14:28:52.795+0000] {dag.py:2585} INFO - Sync 1 DAGs
[2022-11-16T14:28:52.895+0000] {logging_mixin.py:137} INFO - [2022-11-16T14:28:52.895+0000] {dag.py:3340} INFO - Setting next_dagrun for example_skip_dag to 2022-11-15T14:28:52.894714+00:00, run_after=2022-11-16T14:28:52.894714+00:00
[2022-11-16T14:28:52.951+0000] {processor.py:176} INFO - Processing /home/airflow/.local/lib/python3.7/site-packages/airflow/example_dags/example_skip_dag.py took 0.362 seconds
[2022-11-16T14:29:23.426+0000] {processor.py:154} INFO - Started process (PID=686) to work on /home/airflow/.local/lib/python3.7/site-packages/airflow/example_dags/example_skip_dag.py
[2022-11-16T14:29:23.427+0000] {processor.py:756} INFO - Processing file /home/airflow/.local/lib/python3.7/site-packages/airflow/example_dags/example_skip_dag.py for tasks to queue
[2022-11-16T14:29:23.428+0000] {logging_mixin.py:137} INFO - [2022-11-16T14:29:23.428+0000] {dagbag.py:537} INFO - Filling up the DagBag from /home/airflow/.local/lib/python3.7/site-packages/airflow/example_dags/example_skip_dag.py
[2022-11-16T14:29:23.455+0000] {processor.py:766} INFO - DAG(s) dict_keys(['example_skip_dag']) retrieved from /home/airflow/.local/lib/python3.7/site-packages/airflow/example_dags/example_skip_dag.py
[2022-11-16T14:29:23.540+0000] {logging_mixin.py:137} INFO - [2022-11-16T14:29:23.540+0000] {dag.py:2585} INFO - Sync 1 DAGs
[2022-11-16T14:29:23.634+0000] {logging_mixin.py:137} INFO - [2022-11-16T14:29:23.634+0000] {dag.py:3340} INFO - Setting next_dagrun for example_skip_dag to 2022-11-15T14:29:23.633978+00:00, run_after=2022-11-16T14:29:23.633978+00:00
[2022-11-16T14:29:23.687+0000] {processor.py:176} INFO - Processing /home/airflow/.local/lib/python3.7/site-packages/airflow/example_dags/example_skip_dag.py took 0.266 seconds
[2022-11-16T14:29:54.145+0000] {processor.py:154} INFO - Started process (PID=882) to work on /home/airflow/.local/lib/python3.7/site-packages/airflow/example_dags/example_skip_dag.py
[2022-11-16T14:29:54.146+0000] {processor.py:756} INFO - Processing file /home/airflow/.local/lib/python3.7/site-packages/airflow/example_dags/example_skip_dag.py for tasks to queue
[2022-11-16T14:29:54.147+0000] {logging_mixin.py:137} INFO - [2022-11-16T14:29:54.147+0000] {dagbag.py:537} INFO - Filling up the DagBag from /home/airflow/.local/lib/python3.7/site-packages/airflow/example_dags/example_skip_dag.py
[2022-11-16T14:29:54.176+0000] {processor.py:766} INFO - DAG(s) dict_keys(['example_skip_dag']) retrieved from /home/airflow/.local/lib/python3.7/site-packages/airflow/example_dags/example_skip_dag.py
[2022-11-16T14:29:54.275+0000] {logging_mixin.py:137} INFO - [2022-11-16T14:29:54.274+0000] {dag.py:2585} INFO - Sync 1 DAGs
[2022-11-16T14:29:54.332+0000] {logging_mixin.py:137} INFO - [2022-11-16T14:29:54.331+0000] {dag.py:3340} INFO - Setting next_dagrun for example_skip_dag to 2022-11-15T14:29:54.331508+00:00, run_after=2022-11-16T14:29:54.331508+00:00
[2022-11-16T14:29:54.373+0000] {processor.py:176} INFO - Processing /home/airflow/.local/lib/python3.7/site-packages/airflow/example_dags/example_skip_dag.py took 0.233 seconds
[2022-11-16T14:30:25.282+0000] {processor.py:154} INFO - Started process (PID=1088) to work on /home/airflow/.local/lib/python3.7/site-packages/airflow/example_dags/example_skip_dag.py
[2022-11-16T14:30:25.282+0000] {processor.py:756} INFO - Processing file /home/airflow/.local/lib/python3.7/site-packages/airflow/example_dags/example_skip_dag.py for tasks to queue
[2022-11-16T14:30:25.283+0000] {logging_mixin.py:137} INFO - [2022-11-16T14:30:25.283+0000] {dagbag.py:537} INFO - Filling up the DagBag from /home/airflow/.local/lib/python3.7/site-packages/airflow/example_dags/example_skip_dag.py
[2022-11-16T14:30:25.305+0000] {processor.py:766} INFO - DAG(s) dict_keys(['example_skip_dag']) retrieved from /home/airflow/.local/lib/python3.7/site-packages/airflow/example_dags/example_skip_dag.py
[2022-11-16T14:30:25.370+0000] {logging_mixin.py:137} INFO - [2022-11-16T14:30:25.369+0000] {dag.py:2585} INFO - Sync 1 DAGs
[2022-11-16T14:30:25.415+0000] {logging_mixin.py:137} INFO - [2022-11-16T14:30:25.414+0000] {dag.py:3340} INFO - Setting next_dagrun for example_skip_dag to 2022-11-15T14:30:25.414678+00:00, run_after=2022-11-16T14:30:25.414678+00:00
[2022-11-16T14:30:25.446+0000] {processor.py:176} INFO - Processing /home/airflow/.local/lib/python3.7/site-packages/airflow/example_dags/example_skip_dag.py took 0.169 seconds
[2022-11-16T14:30:56.625+0000] {processor.py:154} INFO - Started process (PID=1285) to work on /home/airflow/.local/lib/python3.7/site-packages/airflow/example_dags/example_skip_dag.py
[2022-11-16T14:30:56.626+0000] {processor.py:756} INFO - Processing file /home/airflow/.local/lib/python3.7/site-packages/airflow/example_dags/example_skip_dag.py for tasks to queue
[2022-11-16T14:30:56.627+0000] {logging_mixin.py:137} INFO - [2022-11-16T14:30:56.627+0000] {dagbag.py:537} INFO - Filling up the DagBag from /home/airflow/.local/lib/python3.7/site-packages/airflow/example_dags/example_skip_dag.py
[2022-11-16T14:30:56.651+0000] {processor.py:766} INFO - DAG(s) dict_keys(['example_skip_dag']) retrieved from /home/airflow/.local/lib/python3.7/site-packages/airflow/example_dags/example_skip_dag.py
[2022-11-16T14:30:56.708+0000] {logging_mixin.py:137} INFO - [2022-11-16T14:30:56.708+0000] {dag.py:2585} INFO - Sync 1 DAGs
[2022-11-16T14:30:56.749+0000] {logging_mixin.py:137} INFO - [2022-11-16T14:30:56.749+0000] {dag.py:3340} INFO - Setting next_dagrun for example_skip_dag to 2022-11-15T14:30:56.749237+00:00, run_after=2022-11-16T14:30:56.749237+00:00
[2022-11-16T14:30:56.779+0000] {processor.py:176} INFO - Processing /home/airflow/.local/lib/python3.7/site-packages/airflow/example_dags/example_skip_dag.py took 0.159 seconds
[2022-11-16T14:31:26.941+0000] {processor.py:154} INFO - Started process (PID=1491) to work on /home/airflow/.local/lib/python3.7/site-packages/airflow/example_dags/example_skip_dag.py
[2022-11-16T14:31:26.941+0000] {processor.py:756} INFO - Processing file /home/airflow/.local/lib/python3.7/site-packages/airflow/example_dags/example_skip_dag.py for tasks to queue
[2022-11-16T14:31:26.942+0000] {logging_mixin.py:137} INFO - [2022-11-16T14:31:26.942+0000] {dagbag.py:537} INFO - Filling up the DagBag from /home/airflow/.local/lib/python3.7/site-packages/airflow/example_dags/example_skip_dag.py
[2022-11-16T14:31:26.962+0000] {processor.py:766} INFO - DAG(s) dict_keys(['example_skip_dag']) retrieved from /home/airflow/.local/lib/python3.7/site-packages/airflow/example_dags/example_skip_dag.py
[2022-11-16T14:31:27.022+0000] {logging_mixin.py:137} INFO - [2022-11-16T14:31:27.022+0000] {dag.py:2585} INFO - Sync 1 DAGs
[2022-11-16T14:31:27.072+0000] {logging_mixin.py:137} INFO - [2022-11-16T14:31:27.072+0000] {dag.py:3340} INFO - Setting next_dagrun for example_skip_dag to 2022-11-15T14:31:27.072370+00:00, run_after=2022-11-16T14:31:27.072370+00:00
[2022-11-16T14:31:27.110+0000] {processor.py:176} INFO - Processing /home/airflow/.local/lib/python3.7/site-packages/airflow/example_dags/example_skip_dag.py took 0.172 seconds
[2022-11-16T14:31:59.556+0000] {processor.py:154} INFO - Started process (PID=1689) to work on /home/airflow/.local/lib/python3.7/site-packages/airflow/example_dags/example_skip_dag.py
[2022-11-16T14:31:59.562+0000] {processor.py:756} INFO - Processing file /home/airflow/.local/lib/python3.7/site-packages/airflow/example_dags/example_skip_dag.py for tasks to queue
[2022-11-16T14:31:59.563+0000] {logging_mixin.py:137} INFO - [2022-11-16T14:31:59.563+0000] {dagbag.py:537} INFO - Filling up the DagBag from /home/airflow/.local/lib/python3.7/site-packages/airflow/example_dags/example_skip_dag.py
[2022-11-16T14:31:59.606+0000] {processor.py:766} INFO - DAG(s) dict_keys(['example_skip_dag']) retrieved from /home/airflow/.local/lib/python3.7/site-packages/airflow/example_dags/example_skip_dag.py
[2022-11-16T14:31:59.740+0000] {logging_mixin.py:137} INFO - [2022-11-16T14:31:59.739+0000] {dag.py:2585} INFO - Sync 1 DAGs
[2022-11-16T14:31:59.894+0000] {logging_mixin.py:137} INFO - [2022-11-16T14:31:59.893+0000] {dag.py:3340} INFO - Setting next_dagrun for example_skip_dag to 2022-11-15T14:31:59.892922+00:00, run_after=2022-11-16T14:31:59.892922+00:00
[2022-11-16T14:31:59.985+0000] {processor.py:176} INFO - Processing /home/airflow/.local/lib/python3.7/site-packages/airflow/example_dags/example_skip_dag.py took 0.451 seconds
[2022-11-16T14:32:30.615+0000] {processor.py:154} INFO - Started process (PID=1897) to work on /home/airflow/.local/lib/python3.7/site-packages/airflow/example_dags/example_skip_dag.py
[2022-11-16T14:32:30.617+0000] {processor.py:756} INFO - Processing file /home/airflow/.local/lib/python3.7/site-packages/airflow/example_dags/example_skip_dag.py for tasks to queue
[2022-11-16T14:32:30.619+0000] {logging_mixin.py:137} INFO - [2022-11-16T14:32:30.618+0000] {dagbag.py:537} INFO - Filling up the DagBag from /home/airflow/.local/lib/python3.7/site-packages/airflow/example_dags/example_skip_dag.py
[2022-11-16T14:32:30.645+0000] {processor.py:766} INFO - DAG(s) dict_keys(['example_skip_dag']) retrieved from /home/airflow/.local/lib/python3.7/site-packages/airflow/example_dags/example_skip_dag.py
[2022-11-16T14:32:30.713+0000] {logging_mixin.py:137} INFO - [2022-11-16T14:32:30.713+0000] {dag.py:2585} INFO - Sync 1 DAGs
[2022-11-16T14:32:30.764+0000] {logging_mixin.py:137} INFO - [2022-11-16T14:32:30.763+0000] {dag.py:3340} INFO - Setting next_dagrun for example_skip_dag to 2022-11-15T14:32:30.763608+00:00, run_after=2022-11-16T14:32:30.763608+00:00
[2022-11-16T14:32:30.809+0000] {processor.py:176} INFO - Processing /home/airflow/.local/lib/python3.7/site-packages/airflow/example_dags/example_skip_dag.py took 0.198 seconds
[2022-11-16T14:33:01.288+0000] {processor.py:154} INFO - Started process (PID=2092) to work on /home/airflow/.local/lib/python3.7/site-packages/airflow/example_dags/example_skip_dag.py
[2022-11-16T14:33:01.289+0000] {processor.py:756} INFO - Processing file /home/airflow/.local/lib/python3.7/site-packages/airflow/example_dags/example_skip_dag.py for tasks to queue
[2022-11-16T14:33:01.290+0000] {logging_mixin.py:137} INFO - [2022-11-16T14:33:01.289+0000] {dagbag.py:537} INFO - Filling up the DagBag from /home/airflow/.local/lib/python3.7/site-packages/airflow/example_dags/example_skip_dag.py
[2022-11-16T14:33:01.315+0000] {processor.py:766} INFO - DAG(s) dict_keys(['example_skip_dag']) retrieved from /home/airflow/.local/lib/python3.7/site-packages/airflow/example_dags/example_skip_dag.py
[2022-11-16T14:33:01.383+0000] {logging_mixin.py:137} INFO - [2022-11-16T14:33:01.383+0000] {dag.py:2585} INFO - Sync 1 DAGs
[2022-11-16T14:33:01.427+0000] {logging_mixin.py:137} INFO - [2022-11-16T14:33:01.427+0000] {dag.py:3340} INFO - Setting next_dagrun for example_skip_dag to 2022-11-15T14:33:01.427397+00:00, run_after=2022-11-16T14:33:01.427397+00:00
[2022-11-16T14:33:01.457+0000] {processor.py:176} INFO - Processing /home/airflow/.local/lib/python3.7/site-packages/airflow/example_dags/example_skip_dag.py took 0.177 seconds
[2022-11-16T14:33:32.017+0000] {processor.py:154} INFO - Started process (PID=2298) to work on /home/airflow/.local/lib/python3.7/site-packages/airflow/example_dags/example_skip_dag.py
[2022-11-16T14:33:32.019+0000] {processor.py:756} INFO - Processing file /home/airflow/.local/lib/python3.7/site-packages/airflow/example_dags/example_skip_dag.py for tasks to queue
[2022-11-16T14:33:32.020+0000] {logging_mixin.py:137} INFO - [2022-11-16T14:33:32.020+0000] {dagbag.py:537} INFO - Filling up the DagBag from /home/airflow/.local/lib/python3.7/site-packages/airflow/example_dags/example_skip_dag.py
[2022-11-16T14:33:32.044+0000] {processor.py:766} INFO - DAG(s) dict_keys(['example_skip_dag']) retrieved from /home/airflow/.local/lib/python3.7/site-packages/airflow/example_dags/example_skip_dag.py
[2022-11-16T14:33:32.132+0000] {logging_mixin.py:137} INFO - [2022-11-16T14:33:32.132+0000] {dag.py:2585} INFO - Sync 1 DAGs
[2022-11-16T14:33:32.176+0000] {logging_mixin.py:137} INFO - [2022-11-16T14:33:32.176+0000] {dag.py:3340} INFO - Setting next_dagrun for example_skip_dag to 2022-11-15T14:33:32.176181+00:00, run_after=2022-11-16T14:33:32.176181+00:00
[2022-11-16T14:33:32.204+0000] {processor.py:176} INFO - Processing /home/airflow/.local/lib/python3.7/site-packages/airflow/example_dags/example_skip_dag.py took 0.191 seconds
[2022-11-16T14:34:03.118+0000] {processor.py:154} INFO - Started process (PID=2499) to work on /home/airflow/.local/lib/python3.7/site-packages/airflow/example_dags/example_skip_dag.py
[2022-11-16T14:34:03.128+0000] {processor.py:756} INFO - Processing file /home/airflow/.local/lib/python3.7/site-packages/airflow/example_dags/example_skip_dag.py for tasks to queue
[2022-11-16T14:34:03.129+0000] {logging_mixin.py:137} INFO - [2022-11-16T14:34:03.129+0000] {dagbag.py:537} INFO - Filling up the DagBag from /home/airflow/.local/lib/python3.7/site-packages/airflow/example_dags/example_skip_dag.py
[2022-11-16T14:34:03.171+0000] {processor.py:766} INFO - DAG(s) dict_keys(['example_skip_dag']) retrieved from /home/airflow/.local/lib/python3.7/site-packages/airflow/example_dags/example_skip_dag.py
[2022-11-16T14:34:03.293+0000] {logging_mixin.py:137} INFO - [2022-11-16T14:34:03.293+0000] {dag.py:2585} INFO - Sync 1 DAGs
[2022-11-16T14:34:03.361+0000] {logging_mixin.py:137} INFO - [2022-11-16T14:34:03.361+0000] {dag.py:3340} INFO - Setting next_dagrun for example_skip_dag to 2022-11-15T14:34:03.360643+00:00, run_after=2022-11-16T14:34:03.360643+00:00
[2022-11-16T14:34:03.444+0000] {processor.py:176} INFO - Processing /home/airflow/.local/lib/python3.7/site-packages/airflow/example_dags/example_skip_dag.py took 0.331 seconds
[2022-11-16T14:34:34.112+0000] {processor.py:154} INFO - Started process (PID=2709) to work on /home/airflow/.local/lib/python3.7/site-packages/airflow/example_dags/example_skip_dag.py
[2022-11-16T14:34:34.115+0000] {processor.py:756} INFO - Processing file /home/airflow/.local/lib/python3.7/site-packages/airflow/example_dags/example_skip_dag.py for tasks to queue
[2022-11-16T14:34:34.116+0000] {logging_mixin.py:137} INFO - [2022-11-16T14:34:34.116+0000] {dagbag.py:537} INFO - Filling up the DagBag from /home/airflow/.local/lib/python3.7/site-packages/airflow/example_dags/example_skip_dag.py
[2022-11-16T14:34:34.181+0000] {processor.py:766} INFO - DAG(s) dict_keys(['example_skip_dag']) retrieved from /home/airflow/.local/lib/python3.7/site-packages/airflow/example_dags/example_skip_dag.py
[2022-11-16T14:34:34.340+0000] {logging_mixin.py:137} INFO - [2022-11-16T14:34:34.339+0000] {dag.py:2585} INFO - Sync 1 DAGs
[2022-11-16T14:34:34.462+0000] {logging_mixin.py:137} INFO - [2022-11-16T14:34:34.462+0000] {dag.py:3340} INFO - Setting next_dagrun for example_skip_dag to 2022-11-15T14:34:34.461967+00:00, run_after=2022-11-16T14:34:34.461967+00:00
[2022-11-16T14:34:34.615+0000] {processor.py:176} INFO - Processing /home/airflow/.local/lib/python3.7/site-packages/airflow/example_dags/example_skip_dag.py took 0.509 seconds
[2022-11-16T14:35:05.131+0000] {processor.py:154} INFO - Started process (PID=2915) to work on /home/airflow/.local/lib/python3.7/site-packages/airflow/example_dags/example_skip_dag.py
[2022-11-16T14:35:05.132+0000] {processor.py:756} INFO - Processing file /home/airflow/.local/lib/python3.7/site-packages/airflow/example_dags/example_skip_dag.py for tasks to queue
[2022-11-16T14:35:05.133+0000] {logging_mixin.py:137} INFO - [2022-11-16T14:35:05.133+0000] {dagbag.py:537} INFO - Filling up the DagBag from /home/airflow/.local/lib/python3.7/site-packages/airflow/example_dags/example_skip_dag.py
[2022-11-16T14:35:05.170+0000] {processor.py:766} INFO - DAG(s) dict_keys(['example_skip_dag']) retrieved from /home/airflow/.local/lib/python3.7/site-packages/airflow/example_dags/example_skip_dag.py
[2022-11-16T14:35:05.271+0000] {logging_mixin.py:137} INFO - [2022-11-16T14:35:05.271+0000] {dag.py:2585} INFO - Sync 1 DAGs
[2022-11-16T14:35:05.337+0000] {logging_mixin.py:137} INFO - [2022-11-16T14:35:05.337+0000] {dag.py:3340} INFO - Setting next_dagrun for example_skip_dag to 2022-11-15T14:35:05.337209+00:00, run_after=2022-11-16T14:35:05.337209+00:00
[2022-11-16T14:35:05.376+0000] {processor.py:176} INFO - Processing /home/airflow/.local/lib/python3.7/site-packages/airflow/example_dags/example_skip_dag.py took 0.252 seconds
[2022-11-16T14:35:35.426+0000] {processor.py:154} INFO - Started process (PID=3111) to work on /home/airflow/.local/lib/python3.7/site-packages/airflow/example_dags/example_skip_dag.py
[2022-11-16T14:35:35.428+0000] {processor.py:756} INFO - Processing file /home/airflow/.local/lib/python3.7/site-packages/airflow/example_dags/example_skip_dag.py for tasks to queue
[2022-11-16T14:35:35.430+0000] {logging_mixin.py:137} INFO - [2022-11-16T14:35:35.429+0000] {dagbag.py:537} INFO - Filling up the DagBag from /home/airflow/.local/lib/python3.7/site-packages/airflow/example_dags/example_skip_dag.py
[2022-11-16T14:35:35.451+0000] {processor.py:766} INFO - DAG(s) dict_keys(['example_skip_dag']) retrieved from /home/airflow/.local/lib/python3.7/site-packages/airflow/example_dags/example_skip_dag.py
[2022-11-16T14:35:35.506+0000] {logging_mixin.py:137} INFO - [2022-11-16T14:35:35.506+0000] {dag.py:2585} INFO - Sync 1 DAGs
[2022-11-16T14:35:35.546+0000] {logging_mixin.py:137} INFO - [2022-11-16T14:35:35.546+0000] {dag.py:3340} INFO - Setting next_dagrun for example_skip_dag to 2022-11-15T14:35:35.545670+00:00, run_after=2022-11-16T14:35:35.545670+00:00
[2022-11-16T14:35:35.578+0000] {processor.py:176} INFO - Processing /home/airflow/.local/lib/python3.7/site-packages/airflow/example_dags/example_skip_dag.py took 0.155 seconds
[2022-11-16T14:36:05.845+0000] {processor.py:154} INFO - Started process (PID=3306) to work on /home/airflow/.local/lib/python3.7/site-packages/airflow/example_dags/example_skip_dag.py
[2022-11-16T14:36:05.846+0000] {processor.py:756} INFO - Processing file /home/airflow/.local/lib/python3.7/site-packages/airflow/example_dags/example_skip_dag.py for tasks to queue
[2022-11-16T14:36:05.847+0000] {logging_mixin.py:137} INFO - [2022-11-16T14:36:05.847+0000] {dagbag.py:537} INFO - Filling up the DagBag from /home/airflow/.local/lib/python3.7/site-packages/airflow/example_dags/example_skip_dag.py
[2022-11-16T14:36:05.868+0000] {processor.py:766} INFO - DAG(s) dict_keys(['example_skip_dag']) retrieved from /home/airflow/.local/lib/python3.7/site-packages/airflow/example_dags/example_skip_dag.py
[2022-11-16T14:36:05.928+0000] {logging_mixin.py:137} INFO - [2022-11-16T14:36:05.928+0000] {dag.py:2585} INFO - Sync 1 DAGs
[2022-11-16T14:36:05.968+0000] {logging_mixin.py:137} INFO - [2022-11-16T14:36:05.968+0000] {dag.py:3340} INFO - Setting next_dagrun for example_skip_dag to 2022-11-15T14:36:05.967828+00:00, run_after=2022-11-16T14:36:05.967828+00:00
[2022-11-16T14:36:05.999+0000] {processor.py:176} INFO - Processing /home/airflow/.local/lib/python3.7/site-packages/airflow/example_dags/example_skip_dag.py took 0.161 seconds
[2022-11-16T14:36:36.447+0000] {processor.py:154} INFO - Started process (PID=3512) to work on /home/airflow/.local/lib/python3.7/site-packages/airflow/example_dags/example_skip_dag.py
[2022-11-16T14:36:36.448+0000] {processor.py:756} INFO - Processing file /home/airflow/.local/lib/python3.7/site-packages/airflow/example_dags/example_skip_dag.py for tasks to queue
[2022-11-16T14:36:36.449+0000] {logging_mixin.py:137} INFO - [2022-11-16T14:36:36.449+0000] {dagbag.py:537} INFO - Filling up the DagBag from /home/airflow/.local/lib/python3.7/site-packages/airflow/example_dags/example_skip_dag.py
[2022-11-16T14:36:36.472+0000] {processor.py:766} INFO - DAG(s) dict_keys(['example_skip_dag']) retrieved from /home/airflow/.local/lib/python3.7/site-packages/airflow/example_dags/example_skip_dag.py
[2022-11-16T14:36:36.529+0000] {logging_mixin.py:137} INFO - [2022-11-16T14:36:36.529+0000] {dag.py:2585} INFO - Sync 1 DAGs
[2022-11-16T14:36:36.562+0000] {logging_mixin.py:137} INFO - [2022-11-16T14:36:36.561+0000] {dag.py:3340} INFO - Setting next_dagrun for example_skip_dag to 2022-11-15T14:36:36.561697+00:00, run_after=2022-11-16T14:36:36.561697+00:00
[2022-11-16T14:36:36.589+0000] {processor.py:176} INFO - Processing /home/airflow/.local/lib/python3.7/site-packages/airflow/example_dags/example_skip_dag.py took 0.145 seconds
[2022-11-16T14:37:07.458+0000] {processor.py:154} INFO - Started process (PID=3709) to work on /home/airflow/.local/lib/python3.7/site-packages/airflow/example_dags/example_skip_dag.py
[2022-11-16T14:37:07.459+0000] {processor.py:756} INFO - Processing file /home/airflow/.local/lib/python3.7/site-packages/airflow/example_dags/example_skip_dag.py for tasks to queue
[2022-11-16T14:37:07.460+0000] {logging_mixin.py:137} INFO - [2022-11-16T14:37:07.460+0000] {dagbag.py:537} INFO - Filling up the DagBag from /home/airflow/.local/lib/python3.7/site-packages/airflow/example_dags/example_skip_dag.py
[2022-11-16T14:37:07.485+0000] {processor.py:766} INFO - DAG(s) dict_keys(['example_skip_dag']) retrieved from /home/airflow/.local/lib/python3.7/site-packages/airflow/example_dags/example_skip_dag.py
[2022-11-16T14:37:07.558+0000] {logging_mixin.py:137} INFO - [2022-11-16T14:37:07.557+0000] {dag.py:2585} INFO - Sync 1 DAGs
[2022-11-16T14:37:07.595+0000] {logging_mixin.py:137} INFO - [2022-11-16T14:37:07.595+0000] {dag.py:3340} INFO - Setting next_dagrun for example_skip_dag to 2022-11-15T14:37:07.595306+00:00, run_after=2022-11-16T14:37:07.595306+00:00
[2022-11-16T14:37:07.625+0000] {processor.py:176} INFO - Processing /home/airflow/.local/lib/python3.7/site-packages/airflow/example_dags/example_skip_dag.py took 0.173 seconds
[2022-11-16T14:37:39.386+0000] {processor.py:154} INFO - Started process (PID=3916) to work on /home/airflow/.local/lib/python3.7/site-packages/airflow/example_dags/example_skip_dag.py
[2022-11-16T14:37:39.387+0000] {processor.py:756} INFO - Processing file /home/airflow/.local/lib/python3.7/site-packages/airflow/example_dags/example_skip_dag.py for tasks to queue
[2022-11-16T14:37:39.388+0000] {logging_mixin.py:137} INFO - [2022-11-16T14:37:39.388+0000] {dagbag.py:537} INFO - Filling up the DagBag from /home/airflow/.local/lib/python3.7/site-packages/airflow/example_dags/example_skip_dag.py
[2022-11-16T14:37:39.417+0000] {processor.py:766} INFO - DAG(s) dict_keys(['example_skip_dag']) retrieved from /home/airflow/.local/lib/python3.7/site-packages/airflow/example_dags/example_skip_dag.py
[2022-11-16T14:37:39.504+0000] {logging_mixin.py:137} INFO - [2022-11-16T14:37:39.504+0000] {dag.py:2585} INFO - Sync 1 DAGs
[2022-11-16T14:37:39.568+0000] {logging_mixin.py:137} INFO - [2022-11-16T14:37:39.567+0000] {dag.py:3340} INFO - Setting next_dagrun for example_skip_dag to 2022-11-15T14:37:39.567532+00:00, run_after=2022-11-16T14:37:39.567532+00:00
[2022-11-16T14:37:39.620+0000] {processor.py:176} INFO - Processing /home/airflow/.local/lib/python3.7/site-packages/airflow/example_dags/example_skip_dag.py took 0.238 seconds
[2022-11-16T14:38:09.842+0000] {processor.py:154} INFO - Started process (PID=4117) to work on /home/airflow/.local/lib/python3.7/site-packages/airflow/example_dags/example_skip_dag.py
[2022-11-16T14:38:09.843+0000] {processor.py:756} INFO - Processing file /home/airflow/.local/lib/python3.7/site-packages/airflow/example_dags/example_skip_dag.py for tasks to queue
[2022-11-16T14:38:09.844+0000] {logging_mixin.py:137} INFO - [2022-11-16T14:38:09.844+0000] {dagbag.py:537} INFO - Filling up the DagBag from /home/airflow/.local/lib/python3.7/site-packages/airflow/example_dags/example_skip_dag.py
[2022-11-16T14:38:09.869+0000] {processor.py:766} INFO - DAG(s) dict_keys(['example_skip_dag']) retrieved from /home/airflow/.local/lib/python3.7/site-packages/airflow/example_dags/example_skip_dag.py
[2022-11-16T14:38:09.932+0000] {logging_mixin.py:137} INFO - [2022-11-16T14:38:09.931+0000] {dag.py:2585} INFO - Sync 1 DAGs
[2022-11-16T14:38:09.974+0000] {logging_mixin.py:137} INFO - [2022-11-16T14:38:09.973+0000] {dag.py:3340} INFO - Setting next_dagrun for example_skip_dag to 2022-11-15T14:38:09.973651+00:00, run_after=2022-11-16T14:38:09.973651+00:00
[2022-11-16T14:38:10.005+0000] {processor.py:176} INFO - Processing /home/airflow/.local/lib/python3.7/site-packages/airflow/example_dags/example_skip_dag.py took 0.167 seconds
[2022-11-16T14:38:40.681+0000] {processor.py:154} INFO - Started process (PID=4319) to work on /home/airflow/.local/lib/python3.7/site-packages/airflow/example_dags/example_skip_dag.py
[2022-11-16T14:38:40.682+0000] {processor.py:756} INFO - Processing file /home/airflow/.local/lib/python3.7/site-packages/airflow/example_dags/example_skip_dag.py for tasks to queue
[2022-11-16T14:38:40.683+0000] {logging_mixin.py:137} INFO - [2022-11-16T14:38:40.683+0000] {dagbag.py:537} INFO - Filling up the DagBag from /home/airflow/.local/lib/python3.7/site-packages/airflow/example_dags/example_skip_dag.py
[2022-11-16T14:38:40.721+0000] {processor.py:766} INFO - DAG(s) dict_keys(['example_skip_dag']) retrieved from /home/airflow/.local/lib/python3.7/site-packages/airflow/example_dags/example_skip_dag.py
[2022-11-16T14:38:40.829+0000] {logging_mixin.py:137} INFO - [2022-11-16T14:38:40.828+0000] {dag.py:2585} INFO - Sync 1 DAGs
[2022-11-16T14:38:40.892+0000] {logging_mixin.py:137} INFO - [2022-11-16T14:38:40.892+0000] {dag.py:3340} INFO - Setting next_dagrun for example_skip_dag to 2022-11-15T14:38:40.891989+00:00, run_after=2022-11-16T14:38:40.891989+00:00
[2022-11-16T14:38:40.939+0000] {processor.py:176} INFO - Processing /home/airflow/.local/lib/python3.7/site-packages/airflow/example_dags/example_skip_dag.py took 0.264 seconds
[2022-11-16T14:39:11.149+0000] {processor.py:154} INFO - Started process (PID=4519) to work on /home/airflow/.local/lib/python3.7/site-packages/airflow/example_dags/example_skip_dag.py
[2022-11-16T14:39:11.152+0000] {processor.py:756} INFO - Processing file /home/airflow/.local/lib/python3.7/site-packages/airflow/example_dags/example_skip_dag.py for tasks to queue
[2022-11-16T14:39:11.153+0000] {logging_mixin.py:137} INFO - [2022-11-16T14:39:11.152+0000] {dagbag.py:537} INFO - Filling up the DagBag from /home/airflow/.local/lib/python3.7/site-packages/airflow/example_dags/example_skip_dag.py
[2022-11-16T14:39:11.174+0000] {processor.py:766} INFO - DAG(s) dict_keys(['example_skip_dag']) retrieved from /home/airflow/.local/lib/python3.7/site-packages/airflow/example_dags/example_skip_dag.py
[2022-11-16T14:39:11.259+0000] {logging_mixin.py:137} INFO - [2022-11-16T14:39:11.259+0000] {dag.py:2585} INFO - Sync 1 DAGs
[2022-11-16T14:39:11.300+0000] {logging_mixin.py:137} INFO - [2022-11-16T14:39:11.299+0000] {dag.py:3340} INFO - Setting next_dagrun for example_skip_dag to 2022-11-15T14:39:11.299577+00:00, run_after=2022-11-16T14:39:11.299577+00:00
[2022-11-16T14:39:11.327+0000] {processor.py:176} INFO - Processing /home/airflow/.local/lib/python3.7/site-packages/airflow/example_dags/example_skip_dag.py took 0.182 seconds
[2022-11-16T14:39:41.634+0000] {processor.py:154} INFO - Started process (PID=4718) to work on /home/airflow/.local/lib/python3.7/site-packages/airflow/example_dags/example_skip_dag.py
[2022-11-16T14:39:41.635+0000] {processor.py:756} INFO - Processing file /home/airflow/.local/lib/python3.7/site-packages/airflow/example_dags/example_skip_dag.py for tasks to queue
[2022-11-16T14:39:41.636+0000] {logging_mixin.py:137} INFO - [2022-11-16T14:39:41.636+0000] {dagbag.py:537} INFO - Filling up the DagBag from /home/airflow/.local/lib/python3.7/site-packages/airflow/example_dags/example_skip_dag.py
[2022-11-16T14:39:41.662+0000] {processor.py:766} INFO - DAG(s) dict_keys(['example_skip_dag']) retrieved from /home/airflow/.local/lib/python3.7/site-packages/airflow/example_dags/example_skip_dag.py
[2022-11-16T14:39:41.728+0000] {logging_mixin.py:137} INFO - [2022-11-16T14:39:41.728+0000] {dag.py:2585} INFO - Sync 1 DAGs
[2022-11-16T14:39:41.778+0000] {logging_mixin.py:137} INFO - [2022-11-16T14:39:41.778+0000] {dag.py:3340} INFO - Setting next_dagrun for example_skip_dag to 2022-11-15T14:39:41.778120+00:00, run_after=2022-11-16T14:39:41.778120+00:00
[2022-11-16T14:39:41.822+0000] {processor.py:176} INFO - Processing /home/airflow/.local/lib/python3.7/site-packages/airflow/example_dags/example_skip_dag.py took 0.192 seconds
[2022-11-16T14:40:13.091+0000] {processor.py:154} INFO - Started process (PID=4925) to work on /home/airflow/.local/lib/python3.7/site-packages/airflow/example_dags/example_skip_dag.py
[2022-11-16T14:40:13.093+0000] {processor.py:756} INFO - Processing file /home/airflow/.local/lib/python3.7/site-packages/airflow/example_dags/example_skip_dag.py for tasks to queue
[2022-11-16T14:40:13.094+0000] {logging_mixin.py:137} INFO - [2022-11-16T14:40:13.094+0000] {dagbag.py:537} INFO - Filling up the DagBag from /home/airflow/.local/lib/python3.7/site-packages/airflow/example_dags/example_skip_dag.py
[2022-11-16T14:40:13.126+0000] {processor.py:766} INFO - DAG(s) dict_keys(['example_skip_dag']) retrieved from /home/airflow/.local/lib/python3.7/site-packages/airflow/example_dags/example_skip_dag.py
[2022-11-16T14:40:13.220+0000] {logging_mixin.py:137} INFO - [2022-11-16T14:40:13.220+0000] {dag.py:2585} INFO - Sync 1 DAGs
[2022-11-16T14:40:13.286+0000] {logging_mixin.py:137} INFO - [2022-11-16T14:40:13.286+0000] {dag.py:3340} INFO - Setting next_dagrun for example_skip_dag to 2022-11-15T14:40:13.285749+00:00, run_after=2022-11-16T14:40:13.285749+00:00
[2022-11-16T14:40:13.325+0000] {processor.py:176} INFO - Processing /home/airflow/.local/lib/python3.7/site-packages/airflow/example_dags/example_skip_dag.py took 0.239 seconds
[2022-11-16T14:40:43.954+0000] {processor.py:154} INFO - Started process (PID=5123) to work on /home/airflow/.local/lib/python3.7/site-packages/airflow/example_dags/example_skip_dag.py
[2022-11-16T14:40:43.955+0000] {processor.py:756} INFO - Processing file /home/airflow/.local/lib/python3.7/site-packages/airflow/example_dags/example_skip_dag.py for tasks to queue
[2022-11-16T14:40:43.956+0000] {logging_mixin.py:137} INFO - [2022-11-16T14:40:43.956+0000] {dagbag.py:537} INFO - Filling up the DagBag from /home/airflow/.local/lib/python3.7/site-packages/airflow/example_dags/example_skip_dag.py
[2022-11-16T14:40:43.983+0000] {processor.py:766} INFO - DAG(s) dict_keys(['example_skip_dag']) retrieved from /home/airflow/.local/lib/python3.7/site-packages/airflow/example_dags/example_skip_dag.py
[2022-11-16T14:40:44.065+0000] {logging_mixin.py:137} INFO - [2022-11-16T14:40:44.065+0000] {dag.py:2585} INFO - Sync 1 DAGs
[2022-11-16T14:40:44.121+0000] {logging_mixin.py:137} INFO - [2022-11-16T14:40:44.121+0000] {dag.py:3340} INFO - Setting next_dagrun for example_skip_dag to 2022-11-15T14:40:44.121362+00:00, run_after=2022-11-16T14:40:44.121362+00:00
[2022-11-16T14:40:44.156+0000] {processor.py:176} INFO - Processing /home/airflow/.local/lib/python3.7/site-packages/airflow/example_dags/example_skip_dag.py took 0.206 seconds
[2022-11-16T14:41:16.274+0000] {processor.py:154} INFO - Started process (PID=5330) to work on /home/airflow/.local/lib/python3.7/site-packages/airflow/example_dags/example_skip_dag.py
[2022-11-16T14:41:16.275+0000] {processor.py:756} INFO - Processing file /home/airflow/.local/lib/python3.7/site-packages/airflow/example_dags/example_skip_dag.py for tasks to queue
[2022-11-16T14:41:16.276+0000] {logging_mixin.py:137} INFO - [2022-11-16T14:41:16.276+0000] {dagbag.py:537} INFO - Filling up the DagBag from /home/airflow/.local/lib/python3.7/site-packages/airflow/example_dags/example_skip_dag.py
[2022-11-16T14:41:16.304+0000] {processor.py:766} INFO - DAG(s) dict_keys(['example_skip_dag']) retrieved from /home/airflow/.local/lib/python3.7/site-packages/airflow/example_dags/example_skip_dag.py
[2022-11-16T14:41:16.392+0000] {logging_mixin.py:137} INFO - [2022-11-16T14:41:16.392+0000] {dag.py:2585} INFO - Sync 1 DAGs
[2022-11-16T14:41:16.446+0000] {logging_mixin.py:137} INFO - [2022-11-16T14:41:16.445+0000] {dag.py:3340} INFO - Setting next_dagrun for example_skip_dag to 2022-11-15T14:41:16.445613+00:00, run_after=2022-11-16T14:41:16.445613+00:00
[2022-11-16T14:41:16.481+0000] {processor.py:176} INFO - Processing /home/airflow/.local/lib/python3.7/site-packages/airflow/example_dags/example_skip_dag.py took 0.215 seconds
[2022-11-16T14:41:47.125+0000] {processor.py:154} INFO - Started process (PID=5526) to work on /home/airflow/.local/lib/python3.7/site-packages/airflow/example_dags/example_skip_dag.py
[2022-11-16T14:41:47.127+0000] {processor.py:756} INFO - Processing file /home/airflow/.local/lib/python3.7/site-packages/airflow/example_dags/example_skip_dag.py for tasks to queue
[2022-11-16T14:41:47.128+0000] {logging_mixin.py:137} INFO - [2022-11-16T14:41:47.127+0000] {dagbag.py:537} INFO - Filling up the DagBag from /home/airflow/.local/lib/python3.7/site-packages/airflow/example_dags/example_skip_dag.py
[2022-11-16T14:41:47.158+0000] {processor.py:766} INFO - DAG(s) dict_keys(['example_skip_dag']) retrieved from /home/airflow/.local/lib/python3.7/site-packages/airflow/example_dags/example_skip_dag.py
[2022-11-16T14:41:47.237+0000] {logging_mixin.py:137} INFO - [2022-11-16T14:41:47.237+0000] {dag.py:2585} INFO - Sync 1 DAGs
[2022-11-16T14:41:47.295+0000] {logging_mixin.py:137} INFO - [2022-11-16T14:41:47.295+0000] {dag.py:3340} INFO - Setting next_dagrun for example_skip_dag to 2022-11-15T14:41:47.294672+00:00, run_after=2022-11-16T14:41:47.294672+00:00
[2022-11-16T14:41:47.336+0000] {processor.py:176} INFO - Processing /home/airflow/.local/lib/python3.7/site-packages/airflow/example_dags/example_skip_dag.py took 0.215 seconds
[2022-11-16T14:42:17.789+0000] {processor.py:154} INFO - Started process (PID=5733) to work on /home/airflow/.local/lib/python3.7/site-packages/airflow/example_dags/example_skip_dag.py
[2022-11-16T14:42:17.790+0000] {processor.py:756} INFO - Processing file /home/airflow/.local/lib/python3.7/site-packages/airflow/example_dags/example_skip_dag.py for tasks to queue
[2022-11-16T14:42:17.791+0000] {logging_mixin.py:137} INFO - [2022-11-16T14:42:17.791+0000] {dagbag.py:537} INFO - Filling up the DagBag from /home/airflow/.local/lib/python3.7/site-packages/airflow/example_dags/example_skip_dag.py
[2022-11-16T14:42:17.825+0000] {processor.py:766} INFO - DAG(s) dict_keys(['example_skip_dag']) retrieved from /home/airflow/.local/lib/python3.7/site-packages/airflow/example_dags/example_skip_dag.py
[2022-11-16T14:42:17.916+0000] {logging_mixin.py:137} INFO - [2022-11-16T14:42:17.916+0000] {dag.py:2585} INFO - Sync 1 DAGs
[2022-11-16T14:42:17.981+0000] {logging_mixin.py:137} INFO - [2022-11-16T14:42:17.981+0000] {dag.py:3340} INFO - Setting next_dagrun for example_skip_dag to 2022-11-15T14:42:17.981019+00:00, run_after=2022-11-16T14:42:17.981019+00:00
[2022-11-16T14:42:18.039+0000] {processor.py:176} INFO - Processing /home/airflow/.local/lib/python3.7/site-packages/airflow/example_dags/example_skip_dag.py took 0.256 seconds
[2022-11-16T14:42:48.769+0000] {processor.py:154} INFO - Started process (PID=5931) to work on /home/airflow/.local/lib/python3.7/site-packages/airflow/example_dags/example_skip_dag.py
[2022-11-16T14:42:48.770+0000] {processor.py:756} INFO - Processing file /home/airflow/.local/lib/python3.7/site-packages/airflow/example_dags/example_skip_dag.py for tasks to queue
[2022-11-16T14:42:48.771+0000] {logging_mixin.py:137} INFO - [2022-11-16T14:42:48.771+0000] {dagbag.py:537} INFO - Filling up the DagBag from /home/airflow/.local/lib/python3.7/site-packages/airflow/example_dags/example_skip_dag.py
[2022-11-16T14:42:48.796+0000] {processor.py:766} INFO - DAG(s) dict_keys(['example_skip_dag']) retrieved from /home/airflow/.local/lib/python3.7/site-packages/airflow/example_dags/example_skip_dag.py
[2022-11-16T14:42:48.867+0000] {logging_mixin.py:137} INFO - [2022-11-16T14:42:48.867+0000] {dag.py:2585} INFO - Sync 1 DAGs
[2022-11-16T14:42:48.965+0000] {logging_mixin.py:137} INFO - [2022-11-16T14:42:48.965+0000] {dag.py:3340} INFO - Setting next_dagrun for example_skip_dag to 2022-11-15T14:42:48.964544+00:00, run_after=2022-11-16T14:42:48.964544+00:00
[2022-11-16T14:42:49.018+0000] {processor.py:176} INFO - Processing /home/airflow/.local/lib/python3.7/site-packages/airflow/example_dags/example_skip_dag.py took 0.252 seconds
[2022-11-16T14:43:19.196+0000] {processor.py:154} INFO - Started process (PID=6135) to work on /home/airflow/.local/lib/python3.7/site-packages/airflow/example_dags/example_skip_dag.py
[2022-11-16T14:43:19.199+0000] {processor.py:756} INFO - Processing file /home/airflow/.local/lib/python3.7/site-packages/airflow/example_dags/example_skip_dag.py for tasks to queue
[2022-11-16T14:43:19.202+0000] {logging_mixin.py:137} INFO - [2022-11-16T14:43:19.202+0000] {dagbag.py:537} INFO - Filling up the DagBag from /home/airflow/.local/lib/python3.7/site-packages/airflow/example_dags/example_skip_dag.py
[2022-11-16T14:43:19.234+0000] {processor.py:766} INFO - DAG(s) dict_keys(['example_skip_dag']) retrieved from /home/airflow/.local/lib/python3.7/site-packages/airflow/example_dags/example_skip_dag.py
[2022-11-16T14:43:19.388+0000] {logging_mixin.py:137} INFO - [2022-11-16T14:43:19.388+0000] {dag.py:2585} INFO - Sync 1 DAGs
[2022-11-16T14:43:19.472+0000] {logging_mixin.py:137} INFO - [2022-11-16T14:43:19.471+0000] {dag.py:3340} INFO - Setting next_dagrun for example_skip_dag to 2022-11-15T14:43:19.471401+00:00, run_after=2022-11-16T14:43:19.471401+00:00
[2022-11-16T14:43:19.549+0000] {processor.py:176} INFO - Processing /home/airflow/.local/lib/python3.7/site-packages/airflow/example_dags/example_skip_dag.py took 0.355 seconds
[2022-11-16T14:43:49.751+0000] {processor.py:154} INFO - Started process (PID=6333) to work on /home/airflow/.local/lib/python3.7/site-packages/airflow/example_dags/example_skip_dag.py
[2022-11-16T14:43:49.752+0000] {processor.py:756} INFO - Processing file /home/airflow/.local/lib/python3.7/site-packages/airflow/example_dags/example_skip_dag.py for tasks to queue
[2022-11-16T14:43:49.753+0000] {logging_mixin.py:137} INFO - [2022-11-16T14:43:49.753+0000] {dagbag.py:537} INFO - Filling up the DagBag from /home/airflow/.local/lib/python3.7/site-packages/airflow/example_dags/example_skip_dag.py
[2022-11-16T14:43:49.772+0000] {processor.py:766} INFO - DAG(s) dict_keys(['example_skip_dag']) retrieved from /home/airflow/.local/lib/python3.7/site-packages/airflow/example_dags/example_skip_dag.py
[2022-11-16T14:43:49.853+0000] {logging_mixin.py:137} INFO - [2022-11-16T14:43:49.852+0000] {dag.py:2585} INFO - Sync 1 DAGs
[2022-11-16T14:43:49.905+0000] {logging_mixin.py:137} INFO - [2022-11-16T14:43:49.904+0000] {dag.py:3340} INFO - Setting next_dagrun for example_skip_dag to 2022-11-15T14:43:49.904563+00:00, run_after=2022-11-16T14:43:49.904563+00:00
[2022-11-16T14:43:49.946+0000] {processor.py:176} INFO - Processing /home/airflow/.local/lib/python3.7/site-packages/airflow/example_dags/example_skip_dag.py took 0.200 seconds
[2022-11-16T14:44:20.495+0000] {processor.py:154} INFO - Started process (PID=6529) to work on /home/airflow/.local/lib/python3.7/site-packages/airflow/example_dags/example_skip_dag.py
[2022-11-16T14:44:20.496+0000] {processor.py:756} INFO - Processing file /home/airflow/.local/lib/python3.7/site-packages/airflow/example_dags/example_skip_dag.py for tasks to queue
[2022-11-16T14:44:20.497+0000] {logging_mixin.py:137} INFO - [2022-11-16T14:44:20.497+0000] {dagbag.py:537} INFO - Filling up the DagBag from /home/airflow/.local/lib/python3.7/site-packages/airflow/example_dags/example_skip_dag.py
[2022-11-16T14:44:20.531+0000] {processor.py:766} INFO - DAG(s) dict_keys(['example_skip_dag']) retrieved from /home/airflow/.local/lib/python3.7/site-packages/airflow/example_dags/example_skip_dag.py
[2022-11-16T14:44:20.624+0000] {logging_mixin.py:137} INFO - [2022-11-16T14:44:20.624+0000] {dag.py:2585} INFO - Sync 1 DAGs
[2022-11-16T14:44:20.695+0000] {logging_mixin.py:137} INFO - [2022-11-16T14:44:20.694+0000] {dag.py:3340} INFO - Setting next_dagrun for example_skip_dag to 2022-11-15T14:44:20.694081+00:00, run_after=2022-11-16T14:44:20.694081+00:00
[2022-11-16T14:44:20.744+0000] {processor.py:176} INFO - Processing /home/airflow/.local/lib/python3.7/site-packages/airflow/example_dags/example_skip_dag.py took 0.255 seconds
[2022-11-16T14:44:51.698+0000] {processor.py:154} INFO - Started process (PID=6738) to work on /home/airflow/.local/lib/python3.7/site-packages/airflow/example_dags/example_skip_dag.py
[2022-11-16T14:44:51.699+0000] {processor.py:756} INFO - Processing file /home/airflow/.local/lib/python3.7/site-packages/airflow/example_dags/example_skip_dag.py for tasks to queue
[2022-11-16T14:44:51.700+0000] {logging_mixin.py:137} INFO - [2022-11-16T14:44:51.700+0000] {dagbag.py:537} INFO - Filling up the DagBag from /home/airflow/.local/lib/python3.7/site-packages/airflow/example_dags/example_skip_dag.py
[2022-11-16T14:44:51.721+0000] {processor.py:766} INFO - DAG(s) dict_keys(['example_skip_dag']) retrieved from /home/airflow/.local/lib/python3.7/site-packages/airflow/example_dags/example_skip_dag.py
[2022-11-16T14:44:51.778+0000] {logging_mixin.py:137} INFO - [2022-11-16T14:44:51.777+0000] {dag.py:2585} INFO - Sync 1 DAGs
[2022-11-16T14:44:51.818+0000] {logging_mixin.py:137} INFO - [2022-11-16T14:44:51.818+0000] {dag.py:3340} INFO - Setting next_dagrun for example_skip_dag to 2022-11-15T14:44:51.817764+00:00, run_after=2022-11-16T14:44:51.817764+00:00
[2022-11-16T14:44:51.851+0000] {processor.py:176} INFO - Processing /home/airflow/.local/lib/python3.7/site-packages/airflow/example_dags/example_skip_dag.py took 0.159 seconds
[2022-11-16T14:45:22.065+0000] {processor.py:154} INFO - Started process (PID=6935) to work on /home/airflow/.local/lib/python3.7/site-packages/airflow/example_dags/example_skip_dag.py
[2022-11-16T14:45:22.067+0000] {processor.py:756} INFO - Processing file /home/airflow/.local/lib/python3.7/site-packages/airflow/example_dags/example_skip_dag.py for tasks to queue
[2022-11-16T14:45:22.068+0000] {logging_mixin.py:137} INFO - [2022-11-16T14:45:22.067+0000] {dagbag.py:537} INFO - Filling up the DagBag from /home/airflow/.local/lib/python3.7/site-packages/airflow/example_dags/example_skip_dag.py
[2022-11-16T14:45:22.085+0000] {processor.py:766} INFO - DAG(s) dict_keys(['example_skip_dag']) retrieved from /home/airflow/.local/lib/python3.7/site-packages/airflow/example_dags/example_skip_dag.py
[2022-11-16T14:45:22.132+0000] {logging_mixin.py:137} INFO - [2022-11-16T14:45:22.132+0000] {dag.py:2585} INFO - Sync 1 DAGs
[2022-11-16T14:45:22.171+0000] {logging_mixin.py:137} INFO - [2022-11-16T14:45:22.170+0000] {dag.py:3340} INFO - Setting next_dagrun for example_skip_dag to 2022-11-15T14:45:22.170473+00:00, run_after=2022-11-16T14:45:22.170473+00:00
[2022-11-16T14:45:22.213+0000] {processor.py:176} INFO - Processing /home/airflow/.local/lib/python3.7/site-packages/airflow/example_dags/example_skip_dag.py took 0.152 seconds
