[2022-11-16T14:28:21.664+0000] {processor.py:154} INFO - Started process (PID=328) to work on /home/airflow/.local/lib/python3.7/site-packages/airflow/example_dags/example_trigger_target_dag.py
[2022-11-16T14:28:21.665+0000] {processor.py:756} INFO - Processing file /home/airflow/.local/lib/python3.7/site-packages/airflow/example_dags/example_trigger_target_dag.py for tasks to queue
[2022-11-16T14:28:21.667+0000] {logging_mixin.py:137} INFO - [2022-11-16T14:28:21.666+0000] {dagbag.py:537} INFO - Filling up the DagBag from /home/airflow/.local/lib/python3.7/site-packages/airflow/example_dags/example_trigger_target_dag.py
[2022-11-16T14:28:21.707+0000] {processor.py:766} INFO - DAG(s) dict_keys(['example_trigger_target_dag']) retrieved from /home/airflow/.local/lib/python3.7/site-packages/airflow/example_dags/example_trigger_target_dag.py
[2022-11-16T14:28:21.784+0000] {logging_mixin.py:137} INFO - [2022-11-16T14:28:21.783+0000] {dag.py:2585} INFO - Sync 1 DAGs
[2022-11-16T14:28:21.843+0000] {logging_mixin.py:137} INFO - [2022-11-16T14:28:21.842+0000] {dag.py:3340} INFO - Setting next_dagrun for example_trigger_target_dag to None, run_after=None
[2022-11-16T14:28:21.887+0000] {processor.py:176} INFO - Processing /home/airflow/.local/lib/python3.7/site-packages/airflow/example_dags/example_trigger_target_dag.py took 0.229 seconds
[2022-11-16T14:28:54.536+0000] {processor.py:154} INFO - Started process (PID=535) to work on /home/airflow/.local/lib/python3.7/site-packages/airflow/example_dags/example_trigger_target_dag.py
[2022-11-16T14:28:54.537+0000] {processor.py:756} INFO - Processing file /home/airflow/.local/lib/python3.7/site-packages/airflow/example_dags/example_trigger_target_dag.py for tasks to queue
[2022-11-16T14:28:54.539+0000] {logging_mixin.py:137} INFO - [2022-11-16T14:28:54.539+0000] {dagbag.py:537} INFO - Filling up the DagBag from /home/airflow/.local/lib/python3.7/site-packages/airflow/example_dags/example_trigger_target_dag.py
[2022-11-16T14:28:54.583+0000] {processor.py:766} INFO - DAG(s) dict_keys(['example_trigger_target_dag']) retrieved from /home/airflow/.local/lib/python3.7/site-packages/airflow/example_dags/example_trigger_target_dag.py
[2022-11-16T14:28:54.656+0000] {logging_mixin.py:137} INFO - [2022-11-16T14:28:54.655+0000] {dag.py:2585} INFO - Sync 1 DAGs
[2022-11-16T14:28:54.716+0000] {logging_mixin.py:137} INFO - [2022-11-16T14:28:54.715+0000] {dag.py:3340} INFO - Setting next_dagrun for example_trigger_target_dag to None, run_after=None
[2022-11-16T14:28:54.763+0000] {processor.py:176} INFO - Processing /home/airflow/.local/lib/python3.7/site-packages/airflow/example_dags/example_trigger_target_dag.py took 0.233 seconds
[2022-11-16T14:29:24.992+0000] {processor.py:154} INFO - Started process (PID=734) to work on /home/airflow/.local/lib/python3.7/site-packages/airflow/example_dags/example_trigger_target_dag.py
[2022-11-16T14:29:24.993+0000] {processor.py:756} INFO - Processing file /home/airflow/.local/lib/python3.7/site-packages/airflow/example_dags/example_trigger_target_dag.py for tasks to queue
[2022-11-16T14:29:24.994+0000] {logging_mixin.py:137} INFO - [2022-11-16T14:29:24.994+0000] {dagbag.py:537} INFO - Filling up the DagBag from /home/airflow/.local/lib/python3.7/site-packages/airflow/example_dags/example_trigger_target_dag.py
[2022-11-16T14:29:25.029+0000] {processor.py:766} INFO - DAG(s) dict_keys(['example_trigger_target_dag']) retrieved from /home/airflow/.local/lib/python3.7/site-packages/airflow/example_dags/example_trigger_target_dag.py
[2022-11-16T14:29:25.090+0000] {logging_mixin.py:137} INFO - [2022-11-16T14:29:25.089+0000] {dag.py:2585} INFO - Sync 1 DAGs
[2022-11-16T14:29:25.131+0000] {logging_mixin.py:137} INFO - [2022-11-16T14:29:25.131+0000] {dag.py:3340} INFO - Setting next_dagrun for example_trigger_target_dag to None, run_after=None
[2022-11-16T14:29:25.166+0000] {processor.py:176} INFO - Processing /home/airflow/.local/lib/python3.7/site-packages/airflow/example_dags/example_trigger_target_dag.py took 0.179 seconds
[2022-11-16T14:29:58.125+0000] {processor.py:154} INFO - Started process (PID=940) to work on /home/airflow/.local/lib/python3.7/site-packages/airflow/example_dags/example_trigger_target_dag.py
[2022-11-16T14:29:58.126+0000] {processor.py:756} INFO - Processing file /home/airflow/.local/lib/python3.7/site-packages/airflow/example_dags/example_trigger_target_dag.py for tasks to queue
[2022-11-16T14:29:58.127+0000] {logging_mixin.py:137} INFO - [2022-11-16T14:29:58.127+0000] {dagbag.py:537} INFO - Filling up the DagBag from /home/airflow/.local/lib/python3.7/site-packages/airflow/example_dags/example_trigger_target_dag.py
[2022-11-16T14:29:58.169+0000] {processor.py:766} INFO - DAG(s) dict_keys(['example_trigger_target_dag']) retrieved from /home/airflow/.local/lib/python3.7/site-packages/airflow/example_dags/example_trigger_target_dag.py
[2022-11-16T14:29:58.251+0000] {logging_mixin.py:137} INFO - [2022-11-16T14:29:58.251+0000] {dag.py:2585} INFO - Sync 1 DAGs
[2022-11-16T14:29:58.300+0000] {logging_mixin.py:137} INFO - [2022-11-16T14:29:58.300+0000] {dag.py:3340} INFO - Setting next_dagrun for example_trigger_target_dag to None, run_after=None
[2022-11-16T14:29:58.326+0000] {processor.py:176} INFO - Processing /home/airflow/.local/lib/python3.7/site-packages/airflow/example_dags/example_trigger_target_dag.py took 0.206 seconds
[2022-11-16T14:30:28.970+0000] {processor.py:154} INFO - Started process (PID=1140) to work on /home/airflow/.local/lib/python3.7/site-packages/airflow/example_dags/example_trigger_target_dag.py
[2022-11-16T14:30:28.971+0000] {processor.py:756} INFO - Processing file /home/airflow/.local/lib/python3.7/site-packages/airflow/example_dags/example_trigger_target_dag.py for tasks to queue
[2022-11-16T14:30:28.972+0000] {logging_mixin.py:137} INFO - [2022-11-16T14:30:28.972+0000] {dagbag.py:537} INFO - Filling up the DagBag from /home/airflow/.local/lib/python3.7/site-packages/airflow/example_dags/example_trigger_target_dag.py
[2022-11-16T14:30:29.028+0000] {processor.py:766} INFO - DAG(s) dict_keys(['example_trigger_target_dag']) retrieved from /home/airflow/.local/lib/python3.7/site-packages/airflow/example_dags/example_trigger_target_dag.py
[2022-11-16T14:30:29.102+0000] {logging_mixin.py:137} INFO - [2022-11-16T14:30:29.102+0000] {dag.py:2585} INFO - Sync 1 DAGs
[2022-11-16T14:30:29.150+0000] {logging_mixin.py:137} INFO - [2022-11-16T14:30:29.150+0000] {dag.py:3340} INFO - Setting next_dagrun for example_trigger_target_dag to None, run_after=None
[2022-11-16T14:30:29.184+0000] {processor.py:176} INFO - Processing /home/airflow/.local/lib/python3.7/site-packages/airflow/example_dags/example_trigger_target_dag.py took 0.218 seconds
[2022-11-16T14:30:59.424+0000] {processor.py:154} INFO - Started process (PID=1337) to work on /home/airflow/.local/lib/python3.7/site-packages/airflow/example_dags/example_trigger_target_dag.py
[2022-11-16T14:30:59.426+0000] {processor.py:756} INFO - Processing file /home/airflow/.local/lib/python3.7/site-packages/airflow/example_dags/example_trigger_target_dag.py for tasks to queue
[2022-11-16T14:30:59.427+0000] {logging_mixin.py:137} INFO - [2022-11-16T14:30:59.427+0000] {dagbag.py:537} INFO - Filling up the DagBag from /home/airflow/.local/lib/python3.7/site-packages/airflow/example_dags/example_trigger_target_dag.py
[2022-11-16T14:30:59.479+0000] {processor.py:766} INFO - DAG(s) dict_keys(['example_trigger_target_dag']) retrieved from /home/airflow/.local/lib/python3.7/site-packages/airflow/example_dags/example_trigger_target_dag.py
[2022-11-16T14:30:59.554+0000] {logging_mixin.py:137} INFO - [2022-11-16T14:30:59.554+0000] {dag.py:2585} INFO - Sync 1 DAGs
[2022-11-16T14:30:59.595+0000] {logging_mixin.py:137} INFO - [2022-11-16T14:30:59.595+0000] {dag.py:3340} INFO - Setting next_dagrun for example_trigger_target_dag to None, run_after=None
[2022-11-16T14:30:59.622+0000] {processor.py:176} INFO - Processing /home/airflow/.local/lib/python3.7/site-packages/airflow/example_dags/example_trigger_target_dag.py took 0.202 seconds
[2022-11-16T14:31:30.281+0000] {processor.py:154} INFO - Started process (PID=1543) to work on /home/airflow/.local/lib/python3.7/site-packages/airflow/example_dags/example_trigger_target_dag.py
[2022-11-16T14:31:30.282+0000] {processor.py:756} INFO - Processing file /home/airflow/.local/lib/python3.7/site-packages/airflow/example_dags/example_trigger_target_dag.py for tasks to queue
[2022-11-16T14:31:30.282+0000] {logging_mixin.py:137} INFO - [2022-11-16T14:31:30.282+0000] {dagbag.py:537} INFO - Filling up the DagBag from /home/airflow/.local/lib/python3.7/site-packages/airflow/example_dags/example_trigger_target_dag.py
[2022-11-16T14:31:30.313+0000] {processor.py:766} INFO - DAG(s) dict_keys(['example_trigger_target_dag']) retrieved from /home/airflow/.local/lib/python3.7/site-packages/airflow/example_dags/example_trigger_target_dag.py
[2022-11-16T14:31:30.365+0000] {logging_mixin.py:137} INFO - [2022-11-16T14:31:30.365+0000] {dag.py:2585} INFO - Sync 1 DAGs
[2022-11-16T14:31:30.402+0000] {logging_mixin.py:137} INFO - [2022-11-16T14:31:30.401+0000] {dag.py:3340} INFO - Setting next_dagrun for example_trigger_target_dag to None, run_after=None
[2022-11-16T14:31:30.429+0000] {processor.py:176} INFO - Processing /home/airflow/.local/lib/python3.7/site-packages/airflow/example_dags/example_trigger_target_dag.py took 0.153 seconds
[2022-11-16T14:32:01.962+0000] {processor.py:154} INFO - Started process (PID=1747) to work on /home/airflow/.local/lib/python3.7/site-packages/airflow/example_dags/example_trigger_target_dag.py
[2022-11-16T14:32:01.963+0000] {processor.py:756} INFO - Processing file /home/airflow/.local/lib/python3.7/site-packages/airflow/example_dags/example_trigger_target_dag.py for tasks to queue
[2022-11-16T14:32:01.965+0000] {logging_mixin.py:137} INFO - [2022-11-16T14:32:01.964+0000] {dagbag.py:537} INFO - Filling up the DagBag from /home/airflow/.local/lib/python3.7/site-packages/airflow/example_dags/example_trigger_target_dag.py
[2022-11-16T14:32:02.077+0000] {processor.py:766} INFO - DAG(s) dict_keys(['example_trigger_target_dag']) retrieved from /home/airflow/.local/lib/python3.7/site-packages/airflow/example_dags/example_trigger_target_dag.py
[2022-11-16T14:32:02.166+0000] {logging_mixin.py:137} INFO - [2022-11-16T14:32:02.165+0000] {dag.py:2585} INFO - Sync 1 DAGs
[2022-11-16T14:32:02.216+0000] {logging_mixin.py:137} INFO - [2022-11-16T14:32:02.216+0000] {dag.py:3340} INFO - Setting next_dagrun for example_trigger_target_dag to None, run_after=None
[2022-11-16T14:32:02.255+0000] {processor.py:176} INFO - Processing /home/airflow/.local/lib/python3.7/site-packages/airflow/example_dags/example_trigger_target_dag.py took 0.303 seconds
[2022-11-16T14:32:32.815+0000] {processor.py:154} INFO - Started process (PID=1945) to work on /home/airflow/.local/lib/python3.7/site-packages/airflow/example_dags/example_trigger_target_dag.py
[2022-11-16T14:32:32.816+0000] {processor.py:756} INFO - Processing file /home/airflow/.local/lib/python3.7/site-packages/airflow/example_dags/example_trigger_target_dag.py for tasks to queue
[2022-11-16T14:32:32.818+0000] {logging_mixin.py:137} INFO - [2022-11-16T14:32:32.817+0000] {dagbag.py:537} INFO - Filling up the DagBag from /home/airflow/.local/lib/python3.7/site-packages/airflow/example_dags/example_trigger_target_dag.py
[2022-11-16T14:32:32.861+0000] {processor.py:766} INFO - DAG(s) dict_keys(['example_trigger_target_dag']) retrieved from /home/airflow/.local/lib/python3.7/site-packages/airflow/example_dags/example_trigger_target_dag.py
[2022-11-16T14:32:32.945+0000] {logging_mixin.py:137} INFO - [2022-11-16T14:32:32.945+0000] {dag.py:2585} INFO - Sync 1 DAGs
[2022-11-16T14:32:32.992+0000] {logging_mixin.py:137} INFO - [2022-11-16T14:32:32.992+0000] {dag.py:3340} INFO - Setting next_dagrun for example_trigger_target_dag to None, run_after=None
[2022-11-16T14:32:33.027+0000] {processor.py:176} INFO - Processing /home/airflow/.local/lib/python3.7/site-packages/airflow/example_dags/example_trigger_target_dag.py took 0.216 seconds
[2022-11-16T14:33:04.167+0000] {processor.py:154} INFO - Started process (PID=2142) to work on /home/airflow/.local/lib/python3.7/site-packages/airflow/example_dags/example_trigger_target_dag.py
[2022-11-16T14:33:04.169+0000] {processor.py:756} INFO - Processing file /home/airflow/.local/lib/python3.7/site-packages/airflow/example_dags/example_trigger_target_dag.py for tasks to queue
[2022-11-16T14:33:04.171+0000] {logging_mixin.py:137} INFO - [2022-11-16T14:33:04.171+0000] {dagbag.py:537} INFO - Filling up the DagBag from /home/airflow/.local/lib/python3.7/site-packages/airflow/example_dags/example_trigger_target_dag.py
[2022-11-16T14:33:04.232+0000] {processor.py:766} INFO - DAG(s) dict_keys(['example_trigger_target_dag']) retrieved from /home/airflow/.local/lib/python3.7/site-packages/airflow/example_dags/example_trigger_target_dag.py
[2022-11-16T14:33:04.383+0000] {logging_mixin.py:137} INFO - [2022-11-16T14:33:04.383+0000] {dag.py:2585} INFO - Sync 1 DAGs
[2022-11-16T14:33:04.465+0000] {logging_mixin.py:137} INFO - [2022-11-16T14:33:04.464+0000] {dag.py:3340} INFO - Setting next_dagrun for example_trigger_target_dag to None, run_after=None
[2022-11-16T14:33:04.523+0000] {processor.py:176} INFO - Processing /home/airflow/.local/lib/python3.7/site-packages/airflow/example_dags/example_trigger_target_dag.py took 0.363 seconds
[2022-11-16T14:33:35.138+0000] {processor.py:154} INFO - Started process (PID=2350) to work on /home/airflow/.local/lib/python3.7/site-packages/airflow/example_dags/example_trigger_target_dag.py
[2022-11-16T14:33:35.139+0000] {processor.py:756} INFO - Processing file /home/airflow/.local/lib/python3.7/site-packages/airflow/example_dags/example_trigger_target_dag.py for tasks to queue
[2022-11-16T14:33:35.139+0000] {logging_mixin.py:137} INFO - [2022-11-16T14:33:35.139+0000] {dagbag.py:537} INFO - Filling up the DagBag from /home/airflow/.local/lib/python3.7/site-packages/airflow/example_dags/example_trigger_target_dag.py
[2022-11-16T14:33:35.165+0000] {processor.py:766} INFO - DAG(s) dict_keys(['example_trigger_target_dag']) retrieved from /home/airflow/.local/lib/python3.7/site-packages/airflow/example_dags/example_trigger_target_dag.py
[2022-11-16T14:33:35.213+0000] {logging_mixin.py:137} INFO - [2022-11-16T14:33:35.213+0000] {dag.py:2585} INFO - Sync 1 DAGs
[2022-11-16T14:33:35.246+0000] {logging_mixin.py:137} INFO - [2022-11-16T14:33:35.245+0000] {dag.py:3340} INFO - Setting next_dagrun for example_trigger_target_dag to None, run_after=None
[2022-11-16T14:33:35.272+0000] {processor.py:176} INFO - Processing /home/airflow/.local/lib/python3.7/site-packages/airflow/example_dags/example_trigger_target_dag.py took 0.138 seconds
[2022-11-16T14:34:07.064+0000] {processor.py:154} INFO - Started process (PID=2561) to work on /home/airflow/.local/lib/python3.7/site-packages/airflow/example_dags/example_trigger_target_dag.py
[2022-11-16T14:34:07.065+0000] {processor.py:756} INFO - Processing file /home/airflow/.local/lib/python3.7/site-packages/airflow/example_dags/example_trigger_target_dag.py for tasks to queue
[2022-11-16T14:34:07.066+0000] {logging_mixin.py:137} INFO - [2022-11-16T14:34:07.066+0000] {dagbag.py:537} INFO - Filling up the DagBag from /home/airflow/.local/lib/python3.7/site-packages/airflow/example_dags/example_trigger_target_dag.py
[2022-11-16T14:34:07.094+0000] {processor.py:766} INFO - DAG(s) dict_keys(['example_trigger_target_dag']) retrieved from /home/airflow/.local/lib/python3.7/site-packages/airflow/example_dags/example_trigger_target_dag.py
[2022-11-16T14:34:07.150+0000] {logging_mixin.py:137} INFO - [2022-11-16T14:34:07.150+0000] {dag.py:2585} INFO - Sync 1 DAGs
[2022-11-16T14:34:07.185+0000] {logging_mixin.py:137} INFO - [2022-11-16T14:34:07.185+0000] {dag.py:3340} INFO - Setting next_dagrun for example_trigger_target_dag to None, run_after=None
[2022-11-16T14:34:07.217+0000] {processor.py:176} INFO - Processing /home/airflow/.local/lib/python3.7/site-packages/airflow/example_dags/example_trigger_target_dag.py took 0.157 seconds
[2022-11-16T14:34:39.300+0000] {processor.py:154} INFO - Started process (PID=2771) to work on /home/airflow/.local/lib/python3.7/site-packages/airflow/example_dags/example_trigger_target_dag.py
[2022-11-16T14:34:39.301+0000] {processor.py:756} INFO - Processing file /home/airflow/.local/lib/python3.7/site-packages/airflow/example_dags/example_trigger_target_dag.py for tasks to queue
[2022-11-16T14:34:39.302+0000] {logging_mixin.py:137} INFO - [2022-11-16T14:34:39.302+0000] {dagbag.py:537} INFO - Filling up the DagBag from /home/airflow/.local/lib/python3.7/site-packages/airflow/example_dags/example_trigger_target_dag.py
[2022-11-16T14:34:39.353+0000] {processor.py:766} INFO - DAG(s) dict_keys(['example_trigger_target_dag']) retrieved from /home/airflow/.local/lib/python3.7/site-packages/airflow/example_dags/example_trigger_target_dag.py
[2022-11-16T14:34:39.505+0000] {logging_mixin.py:137} INFO - [2022-11-16T14:34:39.505+0000] {dag.py:2585} INFO - Sync 1 DAGs
[2022-11-16T14:34:39.606+0000] {logging_mixin.py:137} INFO - [2022-11-16T14:34:39.605+0000] {dag.py:3340} INFO - Setting next_dagrun for example_trigger_target_dag to None, run_after=None
[2022-11-16T14:34:39.699+0000] {processor.py:176} INFO - Processing /home/airflow/.local/lib/python3.7/site-packages/airflow/example_dags/example_trigger_target_dag.py took 0.405 seconds
[2022-11-16T14:35:09.873+0000] {processor.py:154} INFO - Started process (PID=2970) to work on /home/airflow/.local/lib/python3.7/site-packages/airflow/example_dags/example_trigger_target_dag.py
[2022-11-16T14:35:09.874+0000] {processor.py:756} INFO - Processing file /home/airflow/.local/lib/python3.7/site-packages/airflow/example_dags/example_trigger_target_dag.py for tasks to queue
[2022-11-16T14:35:09.874+0000] {logging_mixin.py:137} INFO - [2022-11-16T14:35:09.874+0000] {dagbag.py:537} INFO - Filling up the DagBag from /home/airflow/.local/lib/python3.7/site-packages/airflow/example_dags/example_trigger_target_dag.py
[2022-11-16T14:35:09.910+0000] {processor.py:766} INFO - DAG(s) dict_keys(['example_trigger_target_dag']) retrieved from /home/airflow/.local/lib/python3.7/site-packages/airflow/example_dags/example_trigger_target_dag.py
[2022-11-16T14:35:10.010+0000] {logging_mixin.py:137} INFO - [2022-11-16T14:35:10.009+0000] {dag.py:2585} INFO - Sync 1 DAGs
[2022-11-16T14:35:10.074+0000] {logging_mixin.py:137} INFO - [2022-11-16T14:35:10.073+0000] {dag.py:3340} INFO - Setting next_dagrun for example_trigger_target_dag to None, run_after=None
[2022-11-16T14:35:10.108+0000] {processor.py:176} INFO - Processing /home/airflow/.local/lib/python3.7/site-packages/airflow/example_dags/example_trigger_target_dag.py took 0.242 seconds
[2022-11-16T14:35:40.144+0000] {processor.py:154} INFO - Started process (PID=3164) to work on /home/airflow/.local/lib/python3.7/site-packages/airflow/example_dags/example_trigger_target_dag.py
[2022-11-16T14:35:40.147+0000] {processor.py:756} INFO - Processing file /home/airflow/.local/lib/python3.7/site-packages/airflow/example_dags/example_trigger_target_dag.py for tasks to queue
[2022-11-16T14:35:40.148+0000] {logging_mixin.py:137} INFO - [2022-11-16T14:35:40.147+0000] {dagbag.py:537} INFO - Filling up the DagBag from /home/airflow/.local/lib/python3.7/site-packages/airflow/example_dags/example_trigger_target_dag.py
[2022-11-16T14:35:40.197+0000] {processor.py:766} INFO - DAG(s) dict_keys(['example_trigger_target_dag']) retrieved from /home/airflow/.local/lib/python3.7/site-packages/airflow/example_dags/example_trigger_target_dag.py
[2022-11-16T14:35:40.272+0000] {logging_mixin.py:137} INFO - [2022-11-16T14:35:40.272+0000] {dag.py:2585} INFO - Sync 1 DAGs
[2022-11-16T14:35:40.322+0000] {logging_mixin.py:137} INFO - [2022-11-16T14:35:40.321+0000] {dag.py:3340} INFO - Setting next_dagrun for example_trigger_target_dag to None, run_after=None
[2022-11-16T14:35:40.352+0000] {processor.py:176} INFO - Processing /home/airflow/.local/lib/python3.7/site-packages/airflow/example_dags/example_trigger_target_dag.py took 0.212 seconds
[2022-11-16T14:36:11.021+0000] {processor.py:154} INFO - Started process (PID=3370) to work on /home/airflow/.local/lib/python3.7/site-packages/airflow/example_dags/example_trigger_target_dag.py
[2022-11-16T14:36:11.022+0000] {processor.py:756} INFO - Processing file /home/airflow/.local/lib/python3.7/site-packages/airflow/example_dags/example_trigger_target_dag.py for tasks to queue
[2022-11-16T14:36:11.024+0000] {logging_mixin.py:137} INFO - [2022-11-16T14:36:11.023+0000] {dagbag.py:537} INFO - Filling up the DagBag from /home/airflow/.local/lib/python3.7/site-packages/airflow/example_dags/example_trigger_target_dag.py
[2022-11-16T14:36:11.070+0000] {processor.py:766} INFO - DAG(s) dict_keys(['example_trigger_target_dag']) retrieved from /home/airflow/.local/lib/python3.7/site-packages/airflow/example_dags/example_trigger_target_dag.py
[2022-11-16T14:36:11.141+0000] {logging_mixin.py:137} INFO - [2022-11-16T14:36:11.140+0000] {dag.py:2585} INFO - Sync 1 DAGs
[2022-11-16T14:36:11.196+0000] {logging_mixin.py:137} INFO - [2022-11-16T14:36:11.196+0000] {dag.py:3340} INFO - Setting next_dagrun for example_trigger_target_dag to None, run_after=None
[2022-11-16T14:36:11.271+0000] {processor.py:176} INFO - Processing /home/airflow/.local/lib/python3.7/site-packages/airflow/example_dags/example_trigger_target_dag.py took 0.257 seconds
[2022-11-16T14:36:41.560+0000] {processor.py:154} INFO - Started process (PID=3567) to work on /home/airflow/.local/lib/python3.7/site-packages/airflow/example_dags/example_trigger_target_dag.py
[2022-11-16T14:36:41.561+0000] {processor.py:756} INFO - Processing file /home/airflow/.local/lib/python3.7/site-packages/airflow/example_dags/example_trigger_target_dag.py for tasks to queue
[2022-11-16T14:36:41.561+0000] {logging_mixin.py:137} INFO - [2022-11-16T14:36:41.561+0000] {dagbag.py:537} INFO - Filling up the DagBag from /home/airflow/.local/lib/python3.7/site-packages/airflow/example_dags/example_trigger_target_dag.py
[2022-11-16T14:36:41.592+0000] {processor.py:766} INFO - DAG(s) dict_keys(['example_trigger_target_dag']) retrieved from /home/airflow/.local/lib/python3.7/site-packages/airflow/example_dags/example_trigger_target_dag.py
[2022-11-16T14:36:41.648+0000] {logging_mixin.py:137} INFO - [2022-11-16T14:36:41.648+0000] {dag.py:2585} INFO - Sync 1 DAGs
[2022-11-16T14:36:41.688+0000] {logging_mixin.py:137} INFO - [2022-11-16T14:36:41.687+0000] {dag.py:3340} INFO - Setting next_dagrun for example_trigger_target_dag to None, run_after=None
[2022-11-16T14:36:41.721+0000] {processor.py:176} INFO - Processing /home/airflow/.local/lib/python3.7/site-packages/airflow/example_dags/example_trigger_target_dag.py took 0.166 seconds
[2022-11-16T14:37:12.844+0000] {processor.py:154} INFO - Started process (PID=3773) to work on /home/airflow/.local/lib/python3.7/site-packages/airflow/example_dags/example_trigger_target_dag.py
[2022-11-16T14:37:12.845+0000] {processor.py:756} INFO - Processing file /home/airflow/.local/lib/python3.7/site-packages/airflow/example_dags/example_trigger_target_dag.py for tasks to queue
[2022-11-16T14:37:12.846+0000] {logging_mixin.py:137} INFO - [2022-11-16T14:37:12.846+0000] {dagbag.py:537} INFO - Filling up the DagBag from /home/airflow/.local/lib/python3.7/site-packages/airflow/example_dags/example_trigger_target_dag.py
[2022-11-16T14:37:12.937+0000] {processor.py:766} INFO - DAG(s) dict_keys(['example_trigger_target_dag']) retrieved from /home/airflow/.local/lib/python3.7/site-packages/airflow/example_dags/example_trigger_target_dag.py
[2022-11-16T14:37:13.047+0000] {logging_mixin.py:137} INFO - [2022-11-16T14:37:13.047+0000] {dag.py:2585} INFO - Sync 1 DAGs
[2022-11-16T14:37:13.135+0000] {logging_mixin.py:137} INFO - [2022-11-16T14:37:13.135+0000] {dag.py:3340} INFO - Setting next_dagrun for example_trigger_target_dag to None, run_after=None
[2022-11-16T14:37:13.192+0000] {processor.py:176} INFO - Processing /home/airflow/.local/lib/python3.7/site-packages/airflow/example_dags/example_trigger_target_dag.py took 0.353 seconds
[2022-11-16T14:37:44.110+0000] {processor.py:154} INFO - Started process (PID=3971) to work on /home/airflow/.local/lib/python3.7/site-packages/airflow/example_dags/example_trigger_target_dag.py
[2022-11-16T14:37:44.112+0000] {processor.py:756} INFO - Processing file /home/airflow/.local/lib/python3.7/site-packages/airflow/example_dags/example_trigger_target_dag.py for tasks to queue
[2022-11-16T14:37:44.113+0000] {logging_mixin.py:137} INFO - [2022-11-16T14:37:44.112+0000] {dagbag.py:537} INFO - Filling up the DagBag from /home/airflow/.local/lib/python3.7/site-packages/airflow/example_dags/example_trigger_target_dag.py
[2022-11-16T14:37:44.165+0000] {processor.py:766} INFO - DAG(s) dict_keys(['example_trigger_target_dag']) retrieved from /home/airflow/.local/lib/python3.7/site-packages/airflow/example_dags/example_trigger_target_dag.py
[2022-11-16T14:37:44.288+0000] {logging_mixin.py:137} INFO - [2022-11-16T14:37:44.287+0000] {dag.py:2585} INFO - Sync 1 DAGs
[2022-11-16T14:37:44.355+0000] {logging_mixin.py:137} INFO - [2022-11-16T14:37:44.355+0000] {dag.py:3340} INFO - Setting next_dagrun for example_trigger_target_dag to None, run_after=None
[2022-11-16T14:37:44.392+0000] {processor.py:176} INFO - Processing /home/airflow/.local/lib/python3.7/site-packages/airflow/example_dags/example_trigger_target_dag.py took 0.288 seconds
[2022-11-16T14:38:14.480+0000] {processor.py:154} INFO - Started process (PID=4170) to work on /home/airflow/.local/lib/python3.7/site-packages/airflow/example_dags/example_trigger_target_dag.py
[2022-11-16T14:38:14.482+0000] {processor.py:756} INFO - Processing file /home/airflow/.local/lib/python3.7/site-packages/airflow/example_dags/example_trigger_target_dag.py for tasks to queue
[2022-11-16T14:38:14.484+0000] {logging_mixin.py:137} INFO - [2022-11-16T14:38:14.483+0000] {dagbag.py:537} INFO - Filling up the DagBag from /home/airflow/.local/lib/python3.7/site-packages/airflow/example_dags/example_trigger_target_dag.py
[2022-11-16T14:38:14.517+0000] {processor.py:766} INFO - DAG(s) dict_keys(['example_trigger_target_dag']) retrieved from /home/airflow/.local/lib/python3.7/site-packages/airflow/example_dags/example_trigger_target_dag.py
[2022-11-16T14:38:14.586+0000] {logging_mixin.py:137} INFO - [2022-11-16T14:38:14.586+0000] {dag.py:2585} INFO - Sync 1 DAGs
[2022-11-16T14:38:14.643+0000] {logging_mixin.py:137} INFO - [2022-11-16T14:38:14.642+0000] {dag.py:3340} INFO - Setting next_dagrun for example_trigger_target_dag to None, run_after=None
[2022-11-16T14:38:14.703+0000] {processor.py:176} INFO - Processing /home/airflow/.local/lib/python3.7/site-packages/airflow/example_dags/example_trigger_target_dag.py took 0.228 seconds
[2022-11-16T14:38:45.627+0000] {processor.py:154} INFO - Started process (PID=4376) to work on /home/airflow/.local/lib/python3.7/site-packages/airflow/example_dags/example_trigger_target_dag.py
[2022-11-16T14:38:45.629+0000] {processor.py:756} INFO - Processing file /home/airflow/.local/lib/python3.7/site-packages/airflow/example_dags/example_trigger_target_dag.py for tasks to queue
[2022-11-16T14:38:45.630+0000] {logging_mixin.py:137} INFO - [2022-11-16T14:38:45.629+0000] {dagbag.py:537} INFO - Filling up the DagBag from /home/airflow/.local/lib/python3.7/site-packages/airflow/example_dags/example_trigger_target_dag.py
[2022-11-16T14:38:45.672+0000] {processor.py:766} INFO - DAG(s) dict_keys(['example_trigger_target_dag']) retrieved from /home/airflow/.local/lib/python3.7/site-packages/airflow/example_dags/example_trigger_target_dag.py
[2022-11-16T14:38:45.752+0000] {logging_mixin.py:137} INFO - [2022-11-16T14:38:45.751+0000] {dag.py:2585} INFO - Sync 1 DAGs
[2022-11-16T14:38:45.806+0000] {logging_mixin.py:137} INFO - [2022-11-16T14:38:45.806+0000] {dag.py:3340} INFO - Setting next_dagrun for example_trigger_target_dag to None, run_after=None
[2022-11-16T14:38:45.851+0000] {processor.py:176} INFO - Processing /home/airflow/.local/lib/python3.7/site-packages/airflow/example_dags/example_trigger_target_dag.py took 0.229 seconds
[2022-11-16T14:39:16.431+0000] {processor.py:154} INFO - Started process (PID=4574) to work on /home/airflow/.local/lib/python3.7/site-packages/airflow/example_dags/example_trigger_target_dag.py
[2022-11-16T14:39:16.432+0000] {processor.py:756} INFO - Processing file /home/airflow/.local/lib/python3.7/site-packages/airflow/example_dags/example_trigger_target_dag.py for tasks to queue
[2022-11-16T14:39:16.433+0000] {logging_mixin.py:137} INFO - [2022-11-16T14:39:16.433+0000] {dagbag.py:537} INFO - Filling up the DagBag from /home/airflow/.local/lib/python3.7/site-packages/airflow/example_dags/example_trigger_target_dag.py
[2022-11-16T14:39:16.482+0000] {processor.py:766} INFO - DAG(s) dict_keys(['example_trigger_target_dag']) retrieved from /home/airflow/.local/lib/python3.7/site-packages/airflow/example_dags/example_trigger_target_dag.py
[2022-11-16T14:39:16.576+0000] {logging_mixin.py:137} INFO - [2022-11-16T14:39:16.576+0000] {dag.py:2585} INFO - Sync 1 DAGs
[2022-11-16T14:39:16.638+0000] {logging_mixin.py:137} INFO - [2022-11-16T14:39:16.637+0000] {dag.py:3340} INFO - Setting next_dagrun for example_trigger_target_dag to None, run_after=None
[2022-11-16T14:39:16.685+0000] {processor.py:176} INFO - Processing /home/airflow/.local/lib/python3.7/site-packages/airflow/example_dags/example_trigger_target_dag.py took 0.259 seconds
[2022-11-16T14:39:46.997+0000] {processor.py:154} INFO - Started process (PID=4782) to work on /home/airflow/.local/lib/python3.7/site-packages/airflow/example_dags/example_trigger_target_dag.py
[2022-11-16T14:39:46.999+0000] {processor.py:756} INFO - Processing file /home/airflow/.local/lib/python3.7/site-packages/airflow/example_dags/example_trigger_target_dag.py for tasks to queue
[2022-11-16T14:39:47.007+0000] {logging_mixin.py:137} INFO - [2022-11-16T14:39:47.006+0000] {dagbag.py:537} INFO - Filling up the DagBag from /home/airflow/.local/lib/python3.7/site-packages/airflow/example_dags/example_trigger_target_dag.py
[2022-11-16T14:39:47.051+0000] {processor.py:766} INFO - DAG(s) dict_keys(['example_trigger_target_dag']) retrieved from /home/airflow/.local/lib/python3.7/site-packages/airflow/example_dags/example_trigger_target_dag.py
[2022-11-16T14:39:47.122+0000] {logging_mixin.py:137} INFO - [2022-11-16T14:39:47.122+0000] {dag.py:2585} INFO - Sync 1 DAGs
[2022-11-16T14:39:47.167+0000] {logging_mixin.py:137} INFO - [2022-11-16T14:39:47.167+0000] {dag.py:3340} INFO - Setting next_dagrun for example_trigger_target_dag to None, run_after=None
[2022-11-16T14:39:47.204+0000] {processor.py:176} INFO - Processing /home/airflow/.local/lib/python3.7/site-packages/airflow/example_dags/example_trigger_target_dag.py took 0.212 seconds
[2022-11-16T14:40:17.573+0000] {processor.py:154} INFO - Started process (PID=4977) to work on /home/airflow/.local/lib/python3.7/site-packages/airflow/example_dags/example_trigger_target_dag.py
[2022-11-16T14:40:17.574+0000] {processor.py:756} INFO - Processing file /home/airflow/.local/lib/python3.7/site-packages/airflow/example_dags/example_trigger_target_dag.py for tasks to queue
[2022-11-16T14:40:17.575+0000] {logging_mixin.py:137} INFO - [2022-11-16T14:40:17.575+0000] {dagbag.py:537} INFO - Filling up the DagBag from /home/airflow/.local/lib/python3.7/site-packages/airflow/example_dags/example_trigger_target_dag.py
[2022-11-16T14:40:17.608+0000] {processor.py:766} INFO - DAG(s) dict_keys(['example_trigger_target_dag']) retrieved from /home/airflow/.local/lib/python3.7/site-packages/airflow/example_dags/example_trigger_target_dag.py
[2022-11-16T14:40:17.664+0000] {logging_mixin.py:137} INFO - [2022-11-16T14:40:17.664+0000] {dag.py:2585} INFO - Sync 1 DAGs
[2022-11-16T14:40:17.702+0000] {logging_mixin.py:137} INFO - [2022-11-16T14:40:17.701+0000] {dag.py:3340} INFO - Setting next_dagrun for example_trigger_target_dag to None, run_after=None
[2022-11-16T14:40:17.735+0000] {processor.py:176} INFO - Processing /home/airflow/.local/lib/python3.7/site-packages/airflow/example_dags/example_trigger_target_dag.py took 0.165 seconds
[2022-11-16T14:40:48.168+0000] {processor.py:154} INFO - Started process (PID=5175) to work on /home/airflow/.local/lib/python3.7/site-packages/airflow/example_dags/example_trigger_target_dag.py
[2022-11-16T14:40:48.171+0000] {processor.py:756} INFO - Processing file /home/airflow/.local/lib/python3.7/site-packages/airflow/example_dags/example_trigger_target_dag.py for tasks to queue
[2022-11-16T14:40:48.173+0000] {logging_mixin.py:137} INFO - [2022-11-16T14:40:48.172+0000] {dagbag.py:537} INFO - Filling up the DagBag from /home/airflow/.local/lib/python3.7/site-packages/airflow/example_dags/example_trigger_target_dag.py
[2022-11-16T14:40:48.210+0000] {processor.py:766} INFO - DAG(s) dict_keys(['example_trigger_target_dag']) retrieved from /home/airflow/.local/lib/python3.7/site-packages/airflow/example_dags/example_trigger_target_dag.py
[2022-11-16T14:40:48.277+0000] {logging_mixin.py:137} INFO - [2022-11-16T14:40:48.277+0000] {dag.py:2585} INFO - Sync 1 DAGs
[2022-11-16T14:40:48.336+0000] {logging_mixin.py:137} INFO - [2022-11-16T14:40:48.335+0000] {dag.py:3340} INFO - Setting next_dagrun for example_trigger_target_dag to None, run_after=None
[2022-11-16T14:40:48.377+0000] {processor.py:176} INFO - Processing /home/airflow/.local/lib/python3.7/site-packages/airflow/example_dags/example_trigger_target_dag.py took 0.216 seconds
[2022-11-16T14:41:18.668+0000] {processor.py:154} INFO - Started process (PID=5380) to work on /home/airflow/.local/lib/python3.7/site-packages/airflow/example_dags/example_trigger_target_dag.py
[2022-11-16T14:41:18.669+0000] {processor.py:756} INFO - Processing file /home/airflow/.local/lib/python3.7/site-packages/airflow/example_dags/example_trigger_target_dag.py for tasks to queue
[2022-11-16T14:41:18.671+0000] {logging_mixin.py:137} INFO - [2022-11-16T14:41:18.671+0000] {dagbag.py:537} INFO - Filling up the DagBag from /home/airflow/.local/lib/python3.7/site-packages/airflow/example_dags/example_trigger_target_dag.py
[2022-11-16T14:41:18.701+0000] {processor.py:766} INFO - DAG(s) dict_keys(['example_trigger_target_dag']) retrieved from /home/airflow/.local/lib/python3.7/site-packages/airflow/example_dags/example_trigger_target_dag.py
[2022-11-16T14:41:18.759+0000] {logging_mixin.py:137} INFO - [2022-11-16T14:41:18.759+0000] {dag.py:2585} INFO - Sync 1 DAGs
[2022-11-16T14:41:18.796+0000] {logging_mixin.py:137} INFO - [2022-11-16T14:41:18.796+0000] {dag.py:3340} INFO - Setting next_dagrun for example_trigger_target_dag to None, run_after=None
[2022-11-16T14:41:18.826+0000] {processor.py:176} INFO - Processing /home/airflow/.local/lib/python3.7/site-packages/airflow/example_dags/example_trigger_target_dag.py took 0.162 seconds
[2022-11-16T14:41:49.465+0000] {processor.py:154} INFO - Started process (PID=5578) to work on /home/airflow/.local/lib/python3.7/site-packages/airflow/example_dags/example_trigger_target_dag.py
[2022-11-16T14:41:49.466+0000] {processor.py:756} INFO - Processing file /home/airflow/.local/lib/python3.7/site-packages/airflow/example_dags/example_trigger_target_dag.py for tasks to queue
[2022-11-16T14:41:49.467+0000] {logging_mixin.py:137} INFO - [2022-11-16T14:41:49.466+0000] {dagbag.py:537} INFO - Filling up the DagBag from /home/airflow/.local/lib/python3.7/site-packages/airflow/example_dags/example_trigger_target_dag.py
[2022-11-16T14:41:49.497+0000] {processor.py:766} INFO - DAG(s) dict_keys(['example_trigger_target_dag']) retrieved from /home/airflow/.local/lib/python3.7/site-packages/airflow/example_dags/example_trigger_target_dag.py
[2022-11-16T14:41:49.559+0000] {logging_mixin.py:137} INFO - [2022-11-16T14:41:49.557+0000] {dag.py:2585} INFO - Sync 1 DAGs
[2022-11-16T14:41:49.608+0000] {logging_mixin.py:137} INFO - [2022-11-16T14:41:49.607+0000] {dag.py:3340} INFO - Setting next_dagrun for example_trigger_target_dag to None, run_after=None
[2022-11-16T14:41:49.637+0000] {processor.py:176} INFO - Processing /home/airflow/.local/lib/python3.7/site-packages/airflow/example_dags/example_trigger_target_dag.py took 0.175 seconds
[2022-11-16T14:42:20.551+0000] {processor.py:154} INFO - Started process (PID=5785) to work on /home/airflow/.local/lib/python3.7/site-packages/airflow/example_dags/example_trigger_target_dag.py
[2022-11-16T14:42:20.552+0000] {processor.py:756} INFO - Processing file /home/airflow/.local/lib/python3.7/site-packages/airflow/example_dags/example_trigger_target_dag.py for tasks to queue
[2022-11-16T14:42:20.553+0000] {logging_mixin.py:137} INFO - [2022-11-16T14:42:20.553+0000] {dagbag.py:537} INFO - Filling up the DagBag from /home/airflow/.local/lib/python3.7/site-packages/airflow/example_dags/example_trigger_target_dag.py
[2022-11-16T14:42:20.609+0000] {processor.py:766} INFO - DAG(s) dict_keys(['example_trigger_target_dag']) retrieved from /home/airflow/.local/lib/python3.7/site-packages/airflow/example_dags/example_trigger_target_dag.py
[2022-11-16T14:42:20.702+0000] {logging_mixin.py:137} INFO - [2022-11-16T14:42:20.702+0000] {dag.py:2585} INFO - Sync 1 DAGs
[2022-11-16T14:42:20.768+0000] {logging_mixin.py:137} INFO - [2022-11-16T14:42:20.767+0000] {dag.py:3340} INFO - Setting next_dagrun for example_trigger_target_dag to None, run_after=None
[2022-11-16T14:42:20.823+0000] {processor.py:176} INFO - Processing /home/airflow/.local/lib/python3.7/site-packages/airflow/example_dags/example_trigger_target_dag.py took 0.277 seconds
[2022-11-16T14:42:51.088+0000] {processor.py:154} INFO - Started process (PID=5983) to work on /home/airflow/.local/lib/python3.7/site-packages/airflow/example_dags/example_trigger_target_dag.py
[2022-11-16T14:42:51.090+0000] {processor.py:756} INFO - Processing file /home/airflow/.local/lib/python3.7/site-packages/airflow/example_dags/example_trigger_target_dag.py for tasks to queue
[2022-11-16T14:42:51.091+0000] {logging_mixin.py:137} INFO - [2022-11-16T14:42:51.091+0000] {dagbag.py:537} INFO - Filling up the DagBag from /home/airflow/.local/lib/python3.7/site-packages/airflow/example_dags/example_trigger_target_dag.py
[2022-11-16T14:42:51.148+0000] {processor.py:766} INFO - DAG(s) dict_keys(['example_trigger_target_dag']) retrieved from /home/airflow/.local/lib/python3.7/site-packages/airflow/example_dags/example_trigger_target_dag.py
[2022-11-16T14:42:51.226+0000] {logging_mixin.py:137} INFO - [2022-11-16T14:42:51.226+0000] {dag.py:2585} INFO - Sync 1 DAGs
[2022-11-16T14:42:51.274+0000] {logging_mixin.py:137} INFO - [2022-11-16T14:42:51.273+0000] {dag.py:3340} INFO - Setting next_dagrun for example_trigger_target_dag to None, run_after=None
[2022-11-16T14:42:51.302+0000] {processor.py:176} INFO - Processing /home/airflow/.local/lib/python3.7/site-packages/airflow/example_dags/example_trigger_target_dag.py took 0.217 seconds
[2022-11-16T14:43:22.128+0000] {processor.py:154} INFO - Started process (PID=6190) to work on /home/airflow/.local/lib/python3.7/site-packages/airflow/example_dags/example_trigger_target_dag.py
[2022-11-16T14:43:22.128+0000] {processor.py:756} INFO - Processing file /home/airflow/.local/lib/python3.7/site-packages/airflow/example_dags/example_trigger_target_dag.py for tasks to queue
[2022-11-16T14:43:22.129+0000] {logging_mixin.py:137} INFO - [2022-11-16T14:43:22.129+0000] {dagbag.py:537} INFO - Filling up the DagBag from /home/airflow/.local/lib/python3.7/site-packages/airflow/example_dags/example_trigger_target_dag.py
[2022-11-16T14:43:22.160+0000] {processor.py:766} INFO - DAG(s) dict_keys(['example_trigger_target_dag']) retrieved from /home/airflow/.local/lib/python3.7/site-packages/airflow/example_dags/example_trigger_target_dag.py
[2022-11-16T14:43:22.219+0000] {logging_mixin.py:137} INFO - [2022-11-16T14:43:22.219+0000] {dag.py:2585} INFO - Sync 1 DAGs
[2022-11-16T14:43:22.256+0000] {logging_mixin.py:137} INFO - [2022-11-16T14:43:22.256+0000] {dag.py:3340} INFO - Setting next_dagrun for example_trigger_target_dag to None, run_after=None
[2022-11-16T14:43:22.288+0000] {processor.py:176} INFO - Processing /home/airflow/.local/lib/python3.7/site-packages/airflow/example_dags/example_trigger_target_dag.py took 0.164 seconds
[2022-11-16T14:43:53.289+0000] {processor.py:154} INFO - Started process (PID=6386) to work on /home/airflow/.local/lib/python3.7/site-packages/airflow/example_dags/example_trigger_target_dag.py
[2022-11-16T14:43:53.291+0000] {processor.py:756} INFO - Processing file /home/airflow/.local/lib/python3.7/site-packages/airflow/example_dags/example_trigger_target_dag.py for tasks to queue
[2022-11-16T14:43:53.292+0000] {logging_mixin.py:137} INFO - [2022-11-16T14:43:53.292+0000] {dagbag.py:537} INFO - Filling up the DagBag from /home/airflow/.local/lib/python3.7/site-packages/airflow/example_dags/example_trigger_target_dag.py
[2022-11-16T14:43:53.393+0000] {processor.py:766} INFO - DAG(s) dict_keys(['example_trigger_target_dag']) retrieved from /home/airflow/.local/lib/python3.7/site-packages/airflow/example_dags/example_trigger_target_dag.py
[2022-11-16T14:43:53.480+0000] {logging_mixin.py:137} INFO - [2022-11-16T14:43:53.479+0000] {dag.py:2585} INFO - Sync 1 DAGs
[2022-11-16T14:43:53.532+0000] {logging_mixin.py:137} INFO - [2022-11-16T14:43:53.532+0000] {dag.py:3340} INFO - Setting next_dagrun for example_trigger_target_dag to None, run_after=None
[2022-11-16T14:43:53.579+0000] {processor.py:176} INFO - Processing /home/airflow/.local/lib/python3.7/site-packages/airflow/example_dags/example_trigger_target_dag.py took 0.310 seconds
[2022-11-16T14:44:23.961+0000] {processor.py:154} INFO - Started process (PID=6593) to work on /home/airflow/.local/lib/python3.7/site-packages/airflow/example_dags/example_trigger_target_dag.py
[2022-11-16T14:44:23.962+0000] {processor.py:756} INFO - Processing file /home/airflow/.local/lib/python3.7/site-packages/airflow/example_dags/example_trigger_target_dag.py for tasks to queue
[2022-11-16T14:44:23.962+0000] {logging_mixin.py:137} INFO - [2022-11-16T14:44:23.962+0000] {dagbag.py:537} INFO - Filling up the DagBag from /home/airflow/.local/lib/python3.7/site-packages/airflow/example_dags/example_trigger_target_dag.py
[2022-11-16T14:44:24.017+0000] {processor.py:766} INFO - DAG(s) dict_keys(['example_trigger_target_dag']) retrieved from /home/airflow/.local/lib/python3.7/site-packages/airflow/example_dags/example_trigger_target_dag.py
[2022-11-16T14:44:24.092+0000] {logging_mixin.py:137} INFO - [2022-11-16T14:44:24.092+0000] {dag.py:2585} INFO - Sync 1 DAGs
[2022-11-16T14:44:24.155+0000] {logging_mixin.py:137} INFO - [2022-11-16T14:44:24.155+0000] {dag.py:3340} INFO - Setting next_dagrun for example_trigger_target_dag to None, run_after=None
[2022-11-16T14:44:24.218+0000] {processor.py:176} INFO - Processing /home/airflow/.local/lib/python3.7/site-packages/airflow/example_dags/example_trigger_target_dag.py took 0.261 seconds
[2022-11-16T14:44:54.386+0000] {processor.py:154} INFO - Started process (PID=6793) to work on /home/airflow/.local/lib/python3.7/site-packages/airflow/example_dags/example_trigger_target_dag.py
[2022-11-16T14:44:54.388+0000] {processor.py:756} INFO - Processing file /home/airflow/.local/lib/python3.7/site-packages/airflow/example_dags/example_trigger_target_dag.py for tasks to queue
[2022-11-16T14:44:54.388+0000] {logging_mixin.py:137} INFO - [2022-11-16T14:44:54.388+0000] {dagbag.py:537} INFO - Filling up the DagBag from /home/airflow/.local/lib/python3.7/site-packages/airflow/example_dags/example_trigger_target_dag.py
[2022-11-16T14:44:54.418+0000] {processor.py:766} INFO - DAG(s) dict_keys(['example_trigger_target_dag']) retrieved from /home/airflow/.local/lib/python3.7/site-packages/airflow/example_dags/example_trigger_target_dag.py
[2022-11-16T14:44:54.478+0000] {logging_mixin.py:137} INFO - [2022-11-16T14:44:54.478+0000] {dag.py:2585} INFO - Sync 1 DAGs
[2022-11-16T14:44:54.516+0000] {logging_mixin.py:137} INFO - [2022-11-16T14:44:54.515+0000] {dag.py:3340} INFO - Setting next_dagrun for example_trigger_target_dag to None, run_after=None
[2022-11-16T14:44:54.548+0000] {processor.py:176} INFO - Processing /home/airflow/.local/lib/python3.7/site-packages/airflow/example_dags/example_trigger_target_dag.py took 0.165 seconds
[2022-11-16T14:45:25.010+0000] {processor.py:154} INFO - Started process (PID=6997) to work on /home/airflow/.local/lib/python3.7/site-packages/airflow/example_dags/example_trigger_target_dag.py
[2022-11-16T14:45:25.011+0000] {processor.py:756} INFO - Processing file /home/airflow/.local/lib/python3.7/site-packages/airflow/example_dags/example_trigger_target_dag.py for tasks to queue
[2022-11-16T14:45:25.012+0000] {logging_mixin.py:137} INFO - [2022-11-16T14:45:25.012+0000] {dagbag.py:537} INFO - Filling up the DagBag from /home/airflow/.local/lib/python3.7/site-packages/airflow/example_dags/example_trigger_target_dag.py
[2022-11-16T14:45:25.054+0000] {processor.py:766} INFO - DAG(s) dict_keys(['example_trigger_target_dag']) retrieved from /home/airflow/.local/lib/python3.7/site-packages/airflow/example_dags/example_trigger_target_dag.py
[2022-11-16T14:45:25.126+0000] {logging_mixin.py:137} INFO - [2022-11-16T14:45:25.126+0000] {dag.py:2585} INFO - Sync 1 DAGs
[2022-11-16T14:45:25.186+0000] {logging_mixin.py:137} INFO - [2022-11-16T14:45:25.186+0000] {dag.py:3340} INFO - Setting next_dagrun for example_trigger_target_dag to None, run_after=None
[2022-11-16T14:45:25.216+0000] {processor.py:176} INFO - Processing /home/airflow/.local/lib/python3.7/site-packages/airflow/example_dags/example_trigger_target_dag.py took 0.211 seconds
