[2022-11-17T14:11:16.562+0000] {taskinstance.py:1165} INFO - Dependencies all met for <TaskInstance: dag_taskflow_api_v2.greet manual__2022-11-17T14:11:12.527032+00:00 [queued]>
[2022-11-17T14:11:16.584+0000] {taskinstance.py:1165} INFO - Dependencies all met for <TaskInstance: dag_taskflow_api_v2.greet manual__2022-11-17T14:11:12.527032+00:00 [queued]>
[2022-11-17T14:11:16.584+0000] {taskinstance.py:1362} INFO - 
--------------------------------------------------------------------------------
[2022-11-17T14:11:16.584+0000] {taskinstance.py:1363} INFO - Starting attempt 1 of 6
[2022-11-17T14:11:16.584+0000] {taskinstance.py:1364} INFO - 
--------------------------------------------------------------------------------
[2022-11-17T14:11:16.616+0000] {taskinstance.py:1383} INFO - Executing <Task(_PythonDecoratedOperator): greet> on 2022-11-17 14:11:12.527032+00:00
[2022-11-17T14:11:16.621+0000] {standard_task_runner.py:55} INFO - Started process 247 to run task
[2022-11-17T14:11:16.625+0000] {standard_task_runner.py:82} INFO - Running: ['***', 'tasks', 'run', 'dag_taskflow_api_v2', 'greet', 'manual__2022-11-17T14:11:12.527032+00:00', '--job-id', '5', '--raw', '--subdir', 'DAGS_FOLDER/dag_taskflow_api.py', '--cfg-path', '/tmp/tmpj2io6sx8']
[2022-11-17T14:11:16.626+0000] {standard_task_runner.py:83} INFO - Job 5: Subtask greet
[2022-11-17T14:11:16.709+0000] {task_command.py:376} INFO - Running <TaskInstance: dag_taskflow_api_v2.greet manual__2022-11-17T14:11:12.527032+00:00 [running]> on host e3cce3a63158
[2022-11-17T14:11:16.832+0000] {taskinstance.py:1592} INFO - Exporting the following env vars:
AIRFLOW_CTX_DAG_OWNER=coder2j
AIRFLOW_CTX_DAG_ID=dag_taskflow_api_v2
AIRFLOW_CTX_TASK_ID=greet
AIRFLOW_CTX_EXECUTION_DATE=2022-11-17T14:11:12.527032+00:00
AIRFLOW_CTX_TRY_NUMBER=1
AIRFLOW_CTX_DAG_RUN_ID=manual__2022-11-17T14:11:12.527032+00:00
[2022-11-17T14:11:16.833+0000] {logging_mixin.py:137} INFO - Hello World! My name is Jonny Griffiths and I  am 28 years old!
[2022-11-17T14:11:16.834+0000] {python.py:177} INFO - Done. Returned value was: None
[2022-11-17T14:11:16.845+0000] {taskinstance.py:1406} INFO - Marking task as SUCCESS. dag_id=dag_taskflow_api_v2, task_id=greet, execution_date=20221117T141112, start_date=20221117T141116, end_date=20221117T141116
[2022-11-17T14:11:16.876+0000] {local_task_job.py:159} INFO - Task exited with return code 0
[2022-11-17T14:11:16.899+0000] {taskinstance.py:2623} INFO - 0 downstream tasks scheduled from follow-on schedule check
