[2022-11-17T11:30:55.222+0000] {taskinstance.py:1165} INFO - Dependencies all met for <TaskInstance: first_python_dag_v4.get_name manual__2022-11-17T11:30:53.794881+00:00 [queued]>
[2022-11-17T11:30:55.240+0000] {taskinstance.py:1165} INFO - Dependencies all met for <TaskInstance: first_python_dag_v4.get_name manual__2022-11-17T11:30:53.794881+00:00 [queued]>
[2022-11-17T11:30:55.240+0000] {taskinstance.py:1362} INFO - 
--------------------------------------------------------------------------------
[2022-11-17T11:30:55.241+0000] {taskinstance.py:1363} INFO - Starting attempt 1 of 6
[2022-11-17T11:30:55.241+0000] {taskinstance.py:1364} INFO - 
--------------------------------------------------------------------------------
[2022-11-17T11:30:55.264+0000] {taskinstance.py:1383} INFO - Executing <Task(PythonOperator): get_name> on 2022-11-17 11:30:53.794881+00:00
[2022-11-17T11:30:55.273+0000] {standard_task_runner.py:55} INFO - Started process 9982 to run task
[2022-11-17T11:30:55.276+0000] {standard_task_runner.py:82} INFO - Running: ['***', 'tasks', 'run', 'first_python_dag_v4', 'get_name', 'manual__2022-11-17T11:30:53.794881+00:00', '--job-id', '13', '--raw', '--subdir', 'DAGS_FOLDER/python_dag.py', '--cfg-path', '/tmp/tmpeiwehg8k']
[2022-11-17T11:30:55.278+0000] {standard_task_runner.py:83} INFO - Job 13: Subtask get_name
[2022-11-17T11:30:55.379+0000] {task_command.py:376} INFO - Running <TaskInstance: first_python_dag_v4.get_name manual__2022-11-17T11:30:53.794881+00:00 [running]> on host 40055b85ab48
[2022-11-17T11:30:55.512+0000] {taskinstance.py:1592} INFO - Exporting the following env vars:
AIRFLOW_CTX_DAG_OWNER=coder2j
AIRFLOW_CTX_DAG_ID=first_python_dag_v4
AIRFLOW_CTX_TASK_ID=get_name
AIRFLOW_CTX_EXECUTION_DATE=2022-11-17T11:30:53.794881+00:00
AIRFLOW_CTX_TRY_NUMBER=1
AIRFLOW_CTX_DAG_RUN_ID=manual__2022-11-17T11:30:53.794881+00:00
[2022-11-17T11:30:55.513+0000] {python.py:177} INFO - Done. Returned value was: Jonny
[2022-11-17T11:30:55.558+0000] {taskinstance.py:1406} INFO - Marking task as SUCCESS. dag_id=first_python_dag_v4, task_id=get_name, execution_date=20221117T113053, start_date=20221117T113055, end_date=20221117T113055
[2022-11-17T11:30:55.609+0000] {local_task_job.py:159} INFO - Task exited with return code 0
[2022-11-17T11:30:55.643+0000] {taskinstance.py:2623} INFO - 1 downstream tasks scheduled from follow-on schedule check
