[2022-11-23T10:45:00.937+0000] {taskinstance.py:1165} INFO - Dependencies all met for <TaskInstance: dag_python_module_v2.get_sklearn manual__2022-11-23T10:44:59.432098+00:00 [queued]>
[2022-11-23T10:45:00.960+0000] {taskinstance.py:1165} INFO - Dependencies all met for <TaskInstance: dag_python_module_v2.get_sklearn manual__2022-11-23T10:44:59.432098+00:00 [queued]>
[2022-11-23T10:45:00.961+0000] {taskinstance.py:1362} INFO - 
--------------------------------------------------------------------------------
[2022-11-23T10:45:00.961+0000] {taskinstance.py:1363} INFO - Starting attempt 1 of 6
[2022-11-23T10:45:00.961+0000] {taskinstance.py:1364} INFO - 
--------------------------------------------------------------------------------
[2022-11-23T10:45:01.018+0000] {taskinstance.py:1383} INFO - Executing <Task(PythonOperator): get_sklearn> on 2022-11-23 10:44:59.432098+00:00
[2022-11-23T10:45:01.024+0000] {standard_task_runner.py:55} INFO - Started process 268 to run task
[2022-11-23T10:45:01.031+0000] {standard_task_runner.py:82} INFO - Running: ['***', 'tasks', 'run', 'dag_python_module_v2', 'get_sklearn', 'manual__2022-11-23T10:44:59.432098+00:00', '--job-id', '5', '--raw', '--subdir', 'DAGS_FOLDER/python_module_dag.py', '--cfg-path', '/tmp/tmpt1tih2w8']
[2022-11-23T10:45:01.038+0000] {standard_task_runner.py:83} INFO - Job 5: Subtask get_sklearn
[2022-11-23T10:45:01.236+0000] {task_command.py:376} INFO - Running <TaskInstance: dag_python_module_v2.get_sklearn manual__2022-11-23T10:44:59.432098+00:00 [running]> on host 5e9a7c8d3407
[2022-11-23T10:45:01.352+0000] {taskinstance.py:1592} INFO - Exporting the following env vars:
AIRFLOW_CTX_DAG_OWNER=JG13
AIRFLOW_CTX_DAG_ID=dag_python_module_v2
AIRFLOW_CTX_TASK_ID=get_sklearn
AIRFLOW_CTX_EXECUTION_DATE=2022-11-23T10:44:59.432098+00:00
AIRFLOW_CTX_TRY_NUMBER=1
AIRFLOW_CTX_DAG_RUN_ID=manual__2022-11-23T10:44:59.432098+00:00
[2022-11-23T10:45:01.892+0000] {logging_mixin.py:137} INFO - Get scikit-learn version: 1.0.2
[2022-11-23T10:45:01.892+0000] {python.py:177} INFO - Done. Returned value was: None
[2022-11-23T10:45:01.905+0000] {taskinstance.py:1406} INFO - Marking task as SUCCESS. dag_id=dag_python_module_v2, task_id=get_sklearn, execution_date=20221123T104459, start_date=20221123T104500, end_date=20221123T104501
[2022-11-23T10:45:01.940+0000] {local_task_job.py:159} INFO - Task exited with return code 0
[2022-11-23T10:45:01.973+0000] {taskinstance.py:2623} INFO - 1 downstream tasks scheduled from follow-on schedule check
