[2022-11-17T12:03:50.130+0000] {taskinstance.py:1165} INFO - Dependencies all met for <TaskInstance: first_python_dag_v6.get_age manual__2022-11-17T12:03:48.451773+00:00 [queued]>
[2022-11-17T12:03:50.159+0000] {taskinstance.py:1165} INFO - Dependencies all met for <TaskInstance: first_python_dag_v6.get_age manual__2022-11-17T12:03:48.451773+00:00 [queued]>
[2022-11-17T12:03:50.159+0000] {taskinstance.py:1362} INFO - 
--------------------------------------------------------------------------------
[2022-11-17T12:03:50.159+0000] {taskinstance.py:1363} INFO - Starting attempt 1 of 6
[2022-11-17T12:03:50.159+0000] {taskinstance.py:1364} INFO - 
--------------------------------------------------------------------------------
[2022-11-17T12:03:50.188+0000] {taskinstance.py:1383} INFO - Executing <Task(PythonOperator): get_age> on 2022-11-17 12:03:48.451773+00:00
[2022-11-17T12:03:50.197+0000] {standard_task_runner.py:55} INFO - Started process 12095 to run task
[2022-11-17T12:03:50.200+0000] {standard_task_runner.py:82} INFO - Running: ['***', 'tasks', 'run', 'first_python_dag_v6', 'get_age', 'manual__2022-11-17T12:03:48.451773+00:00', '--job-id', '18', '--raw', '--subdir', 'DAGS_FOLDER/python_dag.py', '--cfg-path', '/tmp/tmpmf407dkm']
[2022-11-17T12:03:50.205+0000] {standard_task_runner.py:83} INFO - Job 18: Subtask get_age
[2022-11-17T12:03:50.337+0000] {task_command.py:376} INFO - Running <TaskInstance: first_python_dag_v6.get_age manual__2022-11-17T12:03:48.451773+00:00 [running]> on host 40055b85ab48
[2022-11-17T12:03:50.532+0000] {taskinstance.py:1592} INFO - Exporting the following env vars:
AIRFLOW_CTX_DAG_OWNER=coder2j
AIRFLOW_CTX_DAG_ID=first_python_dag_v6
AIRFLOW_CTX_TASK_ID=get_age
AIRFLOW_CTX_EXECUTION_DATE=2022-11-17T12:03:48.451773+00:00
AIRFLOW_CTX_TRY_NUMBER=1
AIRFLOW_CTX_DAG_RUN_ID=manual__2022-11-17T12:03:48.451773+00:00
[2022-11-17T12:03:50.571+0000] {python.py:177} INFO - Done. Returned value was: None
[2022-11-17T12:03:50.593+0000] {taskinstance.py:1406} INFO - Marking task as SUCCESS. dag_id=first_python_dag_v6, task_id=get_age, execution_date=20221117T120348, start_date=20221117T120350, end_date=20221117T120350
[2022-11-17T12:03:50.655+0000] {local_task_job.py:159} INFO - Task exited with return code 0
[2022-11-17T12:03:50.695+0000] {taskinstance.py:2623} INFO - 0 downstream tasks scheduled from follow-on schedule check
