[2022-11-17T11:20:11.810+0000] {taskinstance.py:1165} INFO - Dependencies all met for <TaskInstance: my_first_dag_v3.first_task manual__2022-11-17T11:20:10.196694+00:00 [queued]>
[2022-11-17T11:20:11.838+0000] {taskinstance.py:1165} INFO - Dependencies all met for <TaskInstance: my_first_dag_v3.first_task manual__2022-11-17T11:20:10.196694+00:00 [queued]>
[2022-11-17T11:20:11.839+0000] {taskinstance.py:1362} INFO - 
--------------------------------------------------------------------------------
[2022-11-17T11:20:11.839+0000] {taskinstance.py:1363} INFO - Starting attempt 1 of 6
[2022-11-17T11:20:11.839+0000] {taskinstance.py:1364} INFO - 
--------------------------------------------------------------------------------
[2022-11-17T11:20:11.885+0000] {taskinstance.py:1383} INFO - Executing <Task(BashOperator): first_task> on 2022-11-17 11:20:10.196694+00:00
[2022-11-17T11:20:11.891+0000] {standard_task_runner.py:55} INFO - Started process 9290 to run task
[2022-11-17T11:20:11.895+0000] {standard_task_runner.py:82} INFO - Running: ['***', 'tasks', 'run', 'my_first_dag_v3', 'first_task', 'manual__2022-11-17T11:20:10.196694+00:00', '--job-id', '4', '--raw', '--subdir', 'DAGS_FOLDER/first_dag.py', '--cfg-path', '/tmp/tmpdqu00zob']
[2022-11-17T11:20:11.900+0000] {standard_task_runner.py:83} INFO - Job 4: Subtask first_task
[2022-11-17T11:20:12.028+0000] {task_command.py:376} INFO - Running <TaskInstance: my_first_dag_v3.first_task manual__2022-11-17T11:20:10.196694+00:00 [running]> on host 40055b85ab48
[2022-11-17T11:20:12.173+0000] {taskinstance.py:1592} INFO - Exporting the following env vars:
AIRFLOW_CTX_DAG_OWNER=coder2j
AIRFLOW_CTX_DAG_ID=my_first_dag_v3
AIRFLOW_CTX_TASK_ID=first_task
AIRFLOW_CTX_EXECUTION_DATE=2022-11-17T11:20:10.196694+00:00
AIRFLOW_CTX_TRY_NUMBER=1
AIRFLOW_CTX_DAG_RUN_ID=manual__2022-11-17T11:20:10.196694+00:00
[2022-11-17T11:20:12.177+0000] {subprocess.py:63} INFO - Tmp dir root location: 
 /tmp
[2022-11-17T11:20:12.178+0000] {subprocess.py:75} INFO - Running command: ['/bin/bash', '-c', 'echo hello world, this is the first task']
[2022-11-17T11:20:12.197+0000] {subprocess.py:86} INFO - Output:
[2022-11-17T11:20:12.205+0000] {subprocess.py:93} INFO - hello world, this is the first task
[2022-11-17T11:20:12.205+0000] {subprocess.py:97} INFO - Command exited with return code 0
[2022-11-17T11:20:12.249+0000] {taskinstance.py:1406} INFO - Marking task as SUCCESS. dag_id=my_first_dag_v3, task_id=first_task, execution_date=20221117T112010, start_date=20221117T112011, end_date=20221117T112012
[2022-11-17T11:20:12.308+0000] {local_task_job.py:159} INFO - Task exited with return code 0
[2022-11-17T11:20:12.346+0000] {taskinstance.py:2623} INFO - 2 downstream tasks scheduled from follow-on schedule check
