[2022-11-17T11:27:55.324+0000] {taskinstance.py:1165} INFO - Dependencies all met for <TaskInstance: first_python_dag_v4.get_name manual__2022-11-17T11:25:39.590997+00:00 [queued]>
[2022-11-17T11:27:55.339+0000] {taskinstance.py:1165} INFO - Dependencies all met for <TaskInstance: first_python_dag_v4.get_name manual__2022-11-17T11:25:39.590997+00:00 [queued]>
[2022-11-17T11:27:55.340+0000] {taskinstance.py:1362} INFO - 
--------------------------------------------------------------------------------
[2022-11-17T11:27:55.340+0000] {taskinstance.py:1363} INFO - Starting attempt 1 of 6
[2022-11-17T11:27:55.340+0000] {taskinstance.py:1364} INFO - 
--------------------------------------------------------------------------------
[2022-11-17T11:27:55.364+0000] {taskinstance.py:1383} INFO - Executing <Task(PythonOperator): get_name> on 2022-11-17 11:25:39.590997+00:00
[2022-11-17T11:27:55.370+0000] {standard_task_runner.py:55} INFO - Started process 9798 to run task
[2022-11-17T11:27:55.377+0000] {standard_task_runner.py:82} INFO - Running: ['***', 'tasks', 'run', 'first_python_dag_v4', 'get_name', 'manual__2022-11-17T11:25:39.590997+00:00', '--job-id', '10', '--raw', '--subdir', 'DAGS_FOLDER/python_dag.py', '--cfg-path', '/tmp/tmp584rumlc']
[2022-11-17T11:27:55.379+0000] {standard_task_runner.py:83} INFO - Job 10: Subtask get_name
[2022-11-17T11:27:55.471+0000] {task_command.py:376} INFO - Running <TaskInstance: first_python_dag_v4.get_name manual__2022-11-17T11:25:39.590997+00:00 [running]> on host 40055b85ab48
[2022-11-17T11:27:55.579+0000] {taskinstance.py:1592} INFO - Exporting the following env vars:
AIRFLOW_CTX_DAG_OWNER=coder2j
AIRFLOW_CTX_DAG_ID=first_python_dag_v4
AIRFLOW_CTX_TASK_ID=get_name
AIRFLOW_CTX_EXECUTION_DATE=2022-11-17T11:25:39.590997+00:00
AIRFLOW_CTX_TRY_NUMBER=1
AIRFLOW_CTX_DAG_RUN_ID=manual__2022-11-17T11:25:39.590997+00:00
[2022-11-17T11:27:55.580+0000] {python.py:177} INFO - Done. Returned value was: Jonny
[2022-11-17T11:27:55.610+0000] {taskinstance.py:1406} INFO - Marking task as SUCCESS. dag_id=first_python_dag_v4, task_id=get_name, execution_date=20221117T112539, start_date=20221117T112755, end_date=20221117T112755
[2022-11-17T11:27:55.668+0000] {local_task_job.py:159} INFO - Task exited with return code 0
[2022-11-17T11:27:55.702+0000] {taskinstance.py:2623} INFO - 0 downstream tasks scheduled from follow-on schedule check
